***************************** BEGIN LOG HEADER ************************************
File created at : 20210801 22:13:18
***************************** END LOG HEADER **************************************

20210801 - 22:13:18 >>  [INFO] Data base open successfully

# Called from : 
VSQLITE:OPEN(134)  
FQUERYTODBF(99)  
HBM_CGI(15)  
HB_HRBRUN(0)  
VEXECUTE:EXECFROMCGI(443)  
EXECCGI(86)  
MAIN(77)  
###################

20210801 - 22:13:18 >>  [INFO] Data base open successfully

# Called from : 
FQUERYTODBF(103)  
HBM_CGI(15)  
HB_HRBRUN(0)  
VEXECUTE:EXECFROMCGI(443)  
EXECCGI(86)  
MAIN(77)  
###################

20210801 - 22:13:18 >>  [INFO] Mounted query : SELECT * FROM FAIXA / Original : SELECT * FROM FAIXA, nPage : 1, nLimit : 0

# Called from : 
VSQLITE:MOUNTQUERY(730)  
VSQLITE:EXECUTEQUERY(263)  
VSQLITE:EXECUTEQUERYTODBF(1250)  
FQUERYTODBF(118)  
HBM_CGI(15)  
HB_HRBRUN(0)  
VEXECUTE:EXECFROMCGI(443)  
EXECCGI(86)  
MAIN(77)  
###################

20210801 - 22:13:18 >>  [INFO] Mounted query : SELECT * FROM FAIXA / Original : SELECT * FROM FAIXA, nPage : 1, nLimit : 0

# Called from : 
FQUERYTODBF(121)  
HBM_CGI(15)  
HB_HRBRUN(0)  
VEXECUTE:EXECFROMCGI(443)  
EXECCGI(86)  
MAIN(77)  
###################

20210801 - 22:14:54 >>  [INFO] Data base open successfully

# Called from : 
VSQLITE:OPEN(134)  
FQUERYTODBF(99)  
HBM_CGI(15)  
HB_HRBRUN(0)  
VEXECUTE:EXECFROMCGI(443)  
EXECCGI(86)  
MAIN(77)  
###################

20210801 - 22:14:54 >>  [INFO] Data base open successfully

# Called from : 
FQUERYTODBF(103)  
HBM_CGI(15)  
HB_HRBRUN(0)  
VEXECUTE:EXECFROMCGI(443)  
EXECCGI(86)  
MAIN(77)  
###################

20210801 - 22:14:54 >>  [INFO] Mounted query : SELECT * FROM CFG_IP / Original : SELECT * FROM CFG_IP, nPage : 1, nLimit : 0

# Called from : 
VSQLITE:MOUNTQUERY(730)  
VSQLITE:EXECUTEQUERY(263)  
VSQLITE:EXECUTEQUERYTODBF(1250)  
FQUERYTODBF(118)  
HBM_CGI(15)  
HB_HRBRUN(0)  
VEXECUTE:EXECFROMCGI(443)  
EXECCGI(86)  
MAIN(77)  
###################

20210801 - 22:14:54 >>  [INFO] Mounted query : SELECT * FROM CFG_IP / Original : SELECT * FROM CFG_IP, nPage : 1, nLimit : 0

# Called from : 
FQUERYTODBF(121)  
HBM_CGI(15)  
HB_HRBRUN(0)  
VEXECUTE:EXECFROMCGI(443)  
EXECCGI(86)  
MAIN(77)  
###################

20210801 - 22:15:23 >>  [INFO] Data base open successfully

# Called from : 
VSQLITE:OPEN(134)  
FQUERYTODBF(99)  
HBM_CGI(15)  
HB_HRBRUN(0)  
VEXECUTE:EXECFROMCGI(443)  
EXECCGI(86)  
MAIN(77)  
###################

20210801 - 22:15:23 >>  [INFO] Data base open successfully

# Called from : 
FQUERYTODBF(103)  
HBM_CGI(15)  
HB_HRBRUN(0)  
VEXECUTE:EXECFROMCGI(443)  
EXECCGI(86)  
MAIN(77)  
###################

20210801 - 22:15:23 >>  [INFO] Mounted query : SELECT * FROM CFG_IP / Original : SELECT * FROM CFG_IP, nPage : 1, nLimit : 0

# Called from : 
VSQLITE:MOUNTQUERY(730)  
VSQLITE:EXECUTEQUERY(263)  
VSQLITE:EXECUTEQUERYTODBF(1250)  
FQUERYTODBF(118)  
HBM_CGI(15)  
HB_HRBRUN(0)  
VEXECUTE:EXECFROMCGI(443)  
EXECCGI(86)  
MAIN(77)  
###################

20210801 - 22:15:23 >>  [INFO] Mounted query : SELECT * FROM CFG_IP / Original : SELECT * FROM CFG_IP, nPage : 1, nLimit : 0

# Called from : 
FQUERYTODBF(121)  
HBM_CGI(15)  
HB_HRBRUN(0)  
VEXECUTE:EXECFROMCGI(443)  
EXECCGI(86)  
MAIN(77)  
###################

20210801 - 22:15:39 >>  [INFO] Data base open successfully

# Called from : 
VSQLITE:OPEN(134)  
FQUERYTODBF(99)  
HBM_CGI(15)  
HB_HRBRUN(0)  
VEXECUTE:EXECFROMCGI(443)  
EXECCGI(86)  
MAIN(77)  
###################

20210801 - 22:15:39 >>  [INFO] Data base open successfully

# Called from : 
FQUERYTODBF(103)  
HBM_CGI(15)  
HB_HRBRUN(0)  
VEXECUTE:EXECFROMCGI(443)  
EXECCGI(86)  
MAIN(77)  
###################

20210801 - 22:15:39 >>  [INFO] Mounted query : SELECT * FROM CFG_IP / Original : SELECT * FROM CFG_IP, nPage : 1, nLimit : 0

# Called from : 
VSQLITE:MOUNTQUERY(730)  
VSQLITE:EXECUTEQUERY(263)  
VSQLITE:EXECUTEQUERYTODBF(1250)  
FQUERYTODBF(118)  
HBM_CGI(15)  
HB_HRBRUN(0)  
VEXECUTE:EXECFROMCGI(443)  
EXECCGI(86)  
MAIN(77)  
###################

20210801 - 22:15:39 >>  [INFO] Mounted query : SELECT * FROM CFG_IP / Original : SELECT * FROM CFG_IP, nPage : 1, nLimit : 0

# Called from : 
FQUERYTODBF(121)  
HBM_CGI(15)  
HB_HRBRUN(0)  
VEXECUTE:EXECFROMCGI(443)  
EXECCGI(86)  
MAIN(77)  
###################

20210801 - 22:15:57 >>  [INFO] Data base open successfully

# Called from : 
VSQLITE:OPEN(134)  
FQUERYTODBF(99)  
HBM_CGI(15)  
HB_HRBRUN(0)  
VEXECUTE:EXECFROMCGI(443)  
EXECCGI(86)  
MAIN(77)  
###################

20210801 - 22:15:57 >>  [INFO] Data base open successfully

# Called from : 
FQUERYTODBF(103)  
HBM_CGI(15)  
HB_HRBRUN(0)  
VEXECUTE:EXECFROMCGI(443)  
EXECCGI(86)  
MAIN(77)  
###################

20210801 - 22:15:57 >>  [INFO] Mounted query : SELECT * FROM CFG_IP / Original : SELECT * FROM CFG_IP, nPage : 1, nLimit : 0

# Called from : 
VSQLITE:MOUNTQUERY(730)  
VSQLITE:EXECUTEQUERY(263)  
VSQLITE:EXECUTEQUERYTODBF(1250)  
FQUERYTODBF(118)  
HBM_CGI(15)  
HB_HRBRUN(0)  
VEXECUTE:EXECFROMCGI(443)  
EXECCGI(86)  
MAIN(77)  
###################

20210801 - 22:15:57 >>  [INFO] Mounted query : SELECT * FROM CFG_IP / Original : SELECT * FROM CFG_IP, nPage : 1, nLimit : 0

# Called from : 
FQUERYTODBF(121)  
HBM_CGI(15)  
HB_HRBRUN(0)  
VEXECUTE:EXECFROMCGI(443)  
EXECCGI(86)  
MAIN(77)  
###################

20210801 - 22:16:35 >>  [INFO] Data base open successfully

# Called from : 
VSQLITE:OPEN(134)  
FQUERYTODBF(99)  
HBM_CGI(15)  
HB_HRBRUN(0)  
VEXECUTE:EXECFROMCGI(443)  
EXECCGI(86)  
MAIN(77)  
###################

20210801 - 22:16:35 >>  [INFO] Data base open successfully

# Called from : 
FQUERYTODBF(103)  
HBM_CGI(15)  
HB_HRBRUN(0)  
VEXECUTE:EXECFROMCGI(443)  
EXECCGI(86)  
MAIN(77)  
###################

20210801 - 22:16:35 >>  [INFO] Mounted query : SELECT * FROM CFG_IP / Original : SELECT * FROM CFG_IP, nPage : 1, nLimit : 0

# Called from : 
VSQLITE:MOUNTQUERY(730)  
VSQLITE:EXECUTEQUERY(263)  
VSQLITE:EXECUTEQUERYTODBF(1250)  
FQUERYTODBF(118)  
HBM_CGI(15)  
HB_HRBRUN(0)  
VEXECUTE:EXECFROMCGI(443)  
EXECCGI(86)  
MAIN(77)  
###################

20210801 - 22:16:35 >>  [INFO] Mounted query : SELECT * FROM CFG_IP / Original : SELECT * FROM CFG_IP, nPage : 1, nLimit : 0

# Called from : 
FQUERYTODBF(121)  
HBM_CGI(15)  
HB_HRBRUN(0)  
VEXECUTE:EXECFROMCGI(443)  
EXECCGI(86)  
MAIN(77)  
###################

20210801 - 22:16:52 >>  [INFO] Data base open successfully

# Called from : 
VSQLITE:OPEN(134)  
FQUERYTODBF(99)  
HBM_CGI(15)  
HB_HRBRUN(0)  
VEXECUTE:EXECFROMCGI(443)  
EXECCGI(86)  
MAIN(77)  
###################

20210801 - 22:16:52 >>  [INFO] Data base open successfully

# Called from : 
FQUERYTODBF(103)  
HBM_CGI(15)  
HB_HRBRUN(0)  
VEXECUTE:EXECFROMCGI(443)  
EXECCGI(86)  
MAIN(77)  
###################

20210801 - 22:16:52 >>  [INFO] Mounted query : SELECT * FROM CFG_IP / Original : SELECT * FROM CFG_IP, nPage : 1, nLimit : 0

# Called from : 
VSQLITE:MOUNTQUERY(730)  
VSQLITE:EXECUTEQUERY(263)  
VSQLITE:EXECUTEQUERYTODBF(1250)  
FQUERYTODBF(118)  
HBM_CGI(15)  
HB_HRBRUN(0)  
VEXECUTE:EXECFROMCGI(443)  
EXECCGI(86)  
MAIN(77)  
###################

20210801 - 22:16:52 >>  [INFO] Mounted query : SELECT * FROM CFG_IP / Original : SELECT * FROM CFG_IP, nPage : 1, nLimit : 0

# Called from : 
FQUERYTODBF(121)  
HBM_CGI(15)  
HB_HRBRUN(0)  
VEXECUTE:EXECFROMCGI(443)  
EXECCGI(86)  
MAIN(77)  
###################

20210801 - 22:17:38 >>  [INFO] Data base open successfully

# Called from : 
VSQLITE:OPEN(134)  
FQUERYTODBF(99)  
HBM_CGI(15)  
HB_HRBRUN(0)  
VEXECUTE:EXECFROMCGI(443)  
EXECCGI(86)  
MAIN(77)  
###################

20210801 - 22:17:38 >>  [INFO] Data base open successfully

# Called from : 
FQUERYTODBF(103)  
HBM_CGI(15)  
HB_HRBRUN(0)  
VEXECUTE:EXECFROMCGI(443)  
EXECCGI(86)  
MAIN(77)  
###################

20210801 - 22:17:38 >>  [INFO] Mounted query : SELECT * FROM CFG_IP / Original : SELECT * FROM CFG_IP, nPage : 1, nLimit : 0

# Called from : 
VSQLITE:MOUNTQUERY(730)  
VSQLITE:EXECUTEQUERY(263)  
VSQLITE:EXECUTEQUERYTODBF(1250)  
FQUERYTODBF(118)  
HBM_CGI(15)  
HB_HRBRUN(0)  
VEXECUTE:EXECFROMCGI(443)  
EXECCGI(86)  
MAIN(77)  
###################

20210801 - 22:17:38 >>  [INFO] Mounted query : SELECT * FROM CFG_IP / Original : SELECT * FROM CFG_IP, nPage : 1, nLimit : 0

# Called from : 
FQUERYTODBF(121)  
HBM_CGI(15)  
HB_HRBRUN(0)  
VEXECUTE:EXECFROMCGI(443)  
EXECCGI(86)  
MAIN(77)  
###################

20210801 - 22:18:06 >>  [INFO] Data base open successfully

# Called from : 
VSQLITE:OPEN(134)  
FQUERYTODBF(99)  
HBM_CGI(15)  
HB_HRBRUN(0)  
VEXECUTE:EXECFROMCGI(443)  
EXECCGI(86)  
MAIN(77)  
###################

20210801 - 22:18:06 >>  [INFO] Data base open successfully

# Called from : 
FQUERYTODBF(103)  
HBM_CGI(15)  
HB_HRBRUN(0)  
VEXECUTE:EXECFROMCGI(443)  
EXECCGI(86)  
MAIN(77)  
###################

20210801 - 22:18:06 >>  [INFO] Mounted query : SELECT * FROM FAIXA / Original : SELECT * FROM FAIXA, nPage : 1, nLimit : 0

# Called from : 
VSQLITE:MOUNTQUERY(730)  
VSQLITE:EXECUTEQUERY(263)  
VSQLITE:EXECUTEQUERYTODBF(1250)  
FQUERYTODBF(118)  
HBM_CGI(15)  
HB_HRBRUN(0)  
VEXECUTE:EXECFROMCGI(443)  
EXECCGI(86)  
MAIN(77)  
###################

20210801 - 22:18:06 >>  [INFO] Mounted query : SELECT * FROM FAIXA / Original : SELECT * FROM FAIXA, nPage : 1, nLimit : 0

# Called from : 
FQUERYTODBF(121)  
HBM_CGI(15)  
HB_HRBRUN(0)  
VEXECUTE:EXECFROMCGI(443)  
EXECCGI(86)  
MAIN(77)  
###################

