--------------------------------------------------------------------------------
20210730 - 04:13:03 >>  [FATAL] 
Error on 2021-07-30 04:13:03
Computer Name: 
User Name: 
Logon Server: 
Client Name: 
User Domain: 
OS: Linux 4.4.0-19041-Microsoft x86_64
Harbour: Harbour 3.2.0dev (r2104281802)
Compiler: GNU C 9.3 (64-bit)
Current workarea: 
Driver: DBFNTX


Error BASE/1132  Erro de limite: acesso de array
Called from ISQL:NEW(183)  
Called from FQUERYTODBF(95)  
Called from HBM_CGI(15)  
Called from HB_HRBRUN(0)  
Called from VEXECUTE:EXECFROMCGI(440)  
Called from EXECCGI(83)  
Called from MAIN(74)  
--------------------------------------------------------------------------------
--------------------------------------------------------------------------------
20210730 - 04:13:40 >>  [FATAL] 
Error on 2021-07-30 04:13:40
Computer Name: 
User Name: 
Logon Server: 
Client Name: 
User Domain: 
OS: Linux 4.4.0-19041-Microsoft x86_64
Harbour: Harbour 3.2.0dev (r2104281802)
Compiler: GNU C 9.3 (64-bit)
Current workarea: 
Driver: DBFNTX


Error BASE/1132  Erro de limite: acesso de array
Called from ISQL:NEW(183)  
Called from FQUERYTODBF(95)  
Called from HBM_CGI(15)  
Called from HB_HRBRUN(0)  
Called from VEXECUTE:EXECFROMCGI(440)  
Called from EXECCGI(83)  
Called from MAIN(74)  
--------------------------------------------------------------------------------
--------------------------------------------------------------------------------
20210730 - 04:14:16 >>  [FATAL] 
Error on 2021-07-30 04:14:16
Computer Name: 
User Name: 
Logon Server: 
Client Name: 
User Domain: 
OS: Linux 4.4.0-19041-Microsoft x86_64
Harbour: Harbour 3.2.0dev (r2104281802)
Compiler: GNU C 9.3 (64-bit)
Current workarea: 
Driver: DBFNTX


Error BASE/1132  Erro de limite: acesso de array
Called from ISQL:NEW(183)  
Called from FQUERYTODBF(95)  
Called from HBM_CGI(15)  
Called from HB_HRBRUN(0)  
Called from VEXECUTE:EXECFROMCGI(440)  
Called from EXECCGI(83)  
Called from MAIN(74)  
--------------------------------------------------------------------------------
--------------------------------------------------------------------------------
20210730 - 04:16:25 >>  [FATAL] 
Error on 2021-07-30 04:16:25
Computer Name: 
User Name: 
Logon Server: 
Client Name: 
User Domain: 
OS: Linux 4.4.0-19041-Microsoft x86_64
Harbour: Harbour 3.2.0dev (r2104281802)
Compiler: GNU C 9.3 (64-bit)
Current workarea: 
Driver: DBFNTX


Error BASE/1132  Erro de limite: acesso de array
Called from ISQL:NEW(183)  
Called from FQUERYTODBF(95)  
Called from HBM_CGI(15)  
Called from HB_HRBRUN(0)  
Called from VEXECUTE:EXECFROMCGI(440)  
Called from EXECCGI(83)  
Called from MAIN(74)  
--------------------------------------------------------------------------------
