***************************** BEGIN LOG HEADER ************************************
File created at : 20210726 14:43:55
***************************** END LOG HEADER **************************************

20210726 - 14:43:55 >>  [ERROR] (CODE:20200625113952) Compilation errors when compilation code/bootstrap.prg : Compilation error : Can't open #include file 'button.ch'

# Called from : 
VCOMPILE:COMPILE(185)  
VEXECUTE:EXECFROMPRG(206)  
HBMLOAD(28)  
HBMBOOTSTRAP(12)  
HBMSTART(6)  
MAIN(26)  
###################

20210726 - 14:43:55 >>  [ERROR] (CODE:20200717110513) Probable compile error / GetResultCompiler return .f. after compile file code/bootstrap.prg

# Called from : 
VEXECUTE:EXECFROMPRG(214)  
HBMLOAD(28)  
HBMBOOTSTRAP(12)  
HBMSTART(6)  
MAIN(26)  
###################

20210726 - 14:44:08 >>  [ERROR] (CODE:20200625113952) Compilation errors when compilation code/bootstrap.prg : Compilation error : Can't open #include file 'button.ch'

# Called from : 
VCOMPILE:COMPILE(185)  
VEXECUTE:EXECFROMPRG(206)  
HBMLOAD(28)  
HBMBOOTSTRAP(12)  
HBMSTART(6)  
MAIN(26)  
###################

20210726 - 14:44:08 >>  [ERROR] (CODE:20200717110513) Probable compile error / GetResultCompiler return .f. after compile file code/bootstrap.prg

# Called from : 
VEXECUTE:EXECFROMPRG(214)  
HBMLOAD(28)  
HBMBOOTSTRAP(12)  
HBMSTART(6)  
MAIN(26)  
###################

20210726 - 14:44:10 >>  [ERROR] (CODE:20200625113952) Compilation errors when compilation code/bootstrap.prg : Compilation error : Can't open #include file 'button.ch'

# Called from : 
VCOMPILE:COMPILE(185)  
VEXECUTE:EXECFROMPRG(206)  
HBMLOAD(28)  
HBMBOOTSTRAP(12)  
HBMSTART(6)  
MAIN(26)  
###################

20210726 - 14:44:10 >>  [ERROR] (CODE:20200717110513) Probable compile error / GetResultCompiler return .f. after compile file code/bootstrap.prg

# Called from : 
VEXECUTE:EXECFROMPRG(214)  
HBMLOAD(28)  
HBMBOOTSTRAP(12)  
HBMSTART(6)  
MAIN(26)  
###################

20210726 - 14:47:34 >>  [INFO] After execute with return : 13

# Called from : 
VEXECUTE:EXECFROMBUFF(517)  
VEXECUTE:EXECFROMPRG(209)  
HBMLOAD(28)  
HBMBOOTSTRAP(12)  
HBMSTART(6)  
MAIN(26)  
###################

20210726 - 14:47:34 >>  [INFO] After send buffer to execute

# Called from : 
VEXECUTE:EXECFROMPRG(210)  
HBMLOAD(28)  
HBMBOOTSTRAP(12)  
HBMSTART(6)  
MAIN(26)  
###################

20210726 - 14:47:40 >>  [INFO] After execute with return : 5

# Called from : 
VEXECUTE:EXECFROMBUFF(517)  
VEXECUTE:EXECFROMPRG(209)  
HBMLOAD(28)  
HBMBOOTSTRAP(12)  
HBMSTART(6)  
MAIN(26)  
###################

20210726 - 14:47:40 >>  [INFO] After send buffer to execute

# Called from : 
VEXECUTE:EXECFROMPRG(210)  
HBMLOAD(28)  
HBMBOOTSTRAP(12)  
HBMSTART(6)  
MAIN(26)  
###################

20210726 - 14:47:56 >>  [INFO] After execute with return : 13

# Called from : 
VEXECUTE:EXECFROMBUFF(517)  
VEXECUTE:EXECFROMHRB(137)  
HBMLOAD(26)  
HBMBOOTSTRAP(12)  
HBMSTART(6)  
MAIN(22)  
###################

