***************************** BEGIN LOG HEADER ************************************
File created at : 20210718 16:40:37
***************************** END LOG HEADER **************************************

20210718 - 16:40:37 >>  [INFO] After compile file code/menu.prg. Ok.

# Called from : 
VCOMPILE:COMPILE(187)  
VEXECUTE:EXECFROMPRG(205)  
HBMLOAD(24)  
HBM_BOOTSTRAP(9)  
VEXECUTE:EXECFROMBUFF(450)  
VEXECUTE:EXECFROMPRG(208)  
HBMLOAD(24)  
HBMBOOTSTRAP(10)  
HBMSTART(4)  
MAIN(25)  
###################

20210718 - 16:40:37 >>  [INFO] Before send buffer to execute

# Called from : 
VEXECUTE:EXECFROMPRG(207)  
HBMLOAD(24)  
HBM_BOOTSTRAP(9)  
VEXECUTE:EXECFROMBUFF(450)  
VEXECUTE:EXECFROMPRG(208)  
HBMLOAD(24)  
HBMBOOTSTRAP(10)  
HBMSTART(4)  
MAIN(25)  
###################

20210718 - 16:40:37 >>  [INFO] Before load buffer. Function : hbm_menu

# Called from : 
VEXECUTE:EXECFROMBUFF(427)  
VEXECUTE:EXECFROMPRG(208)  
HBMLOAD(24)  
HBM_BOOTSTRAP(9)  
VEXECUTE:EXECFROMBUFF(450)  
VEXECUTE:EXECFROMPRG(208)  
HBMLOAD(24)  
HBMBOOTSTRAP(10)  
HBMSTART(4)  
MAIN(25)  
###################

20210718 - 16:40:37 >>  [INFO] Before execute function hbm_menu

# Called from : 
VEXECUTE:EXECFROMBUFF(449)  
VEXECUTE:EXECFROMPRG(208)  
HBMLOAD(24)  
HBM_BOOTSTRAP(9)  
VEXECUTE:EXECFROMBUFF(450)  
VEXECUTE:EXECFROMPRG(208)  
HBMLOAD(24)  
HBMBOOTSTRAP(10)  
HBMSTART(4)  
MAIN(25)  
###################

20210718 - 16:40:37 >>  [ERROR] (CODE:20200625105833) Execution error: "hbm_menu"
 Description :  "Erro nos parƒmetros"
 Operation   :  "DATA"
INSIDE ROUTINE : hbm_menu(  )
 ARGS : {"n/g,g/n,gr+/n,n/gr,n+/w,w+/g"}
 GENCODE : 1
 FILENAME : ""
 OPERATION : "DATA"
                               ((((c,               ,7))))
                               (((((((              ))))))))
                              (((((((            ))))))))
                               ((((((@@@@@@@@@@@))))))))
                               @@@@@@@@@@@@@@@@)))))))
                              @@@@@@@@@@@@@@@@@@))))))@@@@
                             @@/,:::,\/,:::,\@@@@@@@@@@@@@@
                             @@|:::::||:::::|@@@@@@@@@@@@@@@
                             @@\':::'/\':::'/@@@@@@@@@@@@@@
                              @@@@@@@@@@@@@@@@@@@@@@@@@@@
                               @@@@@@@@@@@@@@@@@@@@@@\
                                  /    \        (     \
                                 (      )        \     \
                                  \    /          \
Runtime error                  bug


# Called from : 
VEXECUTE:EXECFROMBUFF(484)  
VEXECUTE:EXECFROMPRG(208)  
HBMLOAD(24)  
HBM_BOOTSTRAP(9)  
VEXECUTE:EXECFROMBUFF(450)  
VEXECUTE:EXECFROMPRG(208)  
HBMLOAD(24)  
HBMBOOTSTRAP(10)  
HBMSTART(4)  
MAIN(25)  
###################

20210718 - 16:40:37 >>  [INFO] After send buffer to execute

# Called from : 
VEXECUTE:EXECFROMPRG(209)  
HBMLOAD(24)  
HBM_BOOTSTRAP(9)  
VEXECUTE:EXECFROMBUFF(450)  
VEXECUTE:EXECFROMPRG(208)  
HBMLOAD(24)  
HBMBOOTSTRAP(10)  
HBMSTART(4)  
MAIN(25)  
###################

20210718 - 16:40:37 >>  [INFO] After execute with return : NIL

# Called from : 
VEXECUTE:EXECFROMBUFF(451)  
VEXECUTE:EXECFROMPRG(208)  
HBMLOAD(24)  
HBMBOOTSTRAP(10)  
HBMSTART(4)  
MAIN(25)  
###################

20210718 - 16:40:37 >>  [INFO] After send buffer to execute

# Called from : 
VEXECUTE:EXECFROMPRG(209)  
HBMLOAD(24)  
HBMBOOTSTRAP(10)  
HBMSTART(4)  
MAIN(25)  
###################

20210718 - 16:42:23 >>  [INFO] After compile file code/menu.prg. Ok.

# Called from : 
VCOMPILE:COMPILE(187)  
VEXECUTE:EXECFROMPRG(205)  
HBMLOAD(24)  
HBM_BOOTSTRAP(9)  
VEXECUTE:EXECFROMBUFF(450)  
VEXECUTE:EXECFROMPRG(208)  
HBMLOAD(24)  
HBMBOOTSTRAP(10)  
HBMSTART(4)  
MAIN(25)  
###################

20210718 - 16:42:23 >>  [INFO] Before send buffer to execute

# Called from : 
VEXECUTE:EXECFROMPRG(207)  
HBMLOAD(24)  
HBM_BOOTSTRAP(9)  
VEXECUTE:EXECFROMBUFF(450)  
VEXECUTE:EXECFROMPRG(208)  
HBMLOAD(24)  
HBMBOOTSTRAP(10)  
HBMSTART(4)  
MAIN(25)  
###################

20210718 - 16:42:23 >>  [INFO] Before load buffer. Function : hbm_menu

# Called from : 
VEXECUTE:EXECFROMBUFF(427)  
VEXECUTE:EXECFROMPRG(208)  
HBMLOAD(24)  
HBM_BOOTSTRAP(9)  
VEXECUTE:EXECFROMBUFF(450)  
VEXECUTE:EXECFROMPRG(208)  
HBMLOAD(24)  
HBMBOOTSTRAP(10)  
HBMSTART(4)  
MAIN(25)  
###################

20210718 - 16:42:23 >>  [INFO] Before execute function hbm_menu

# Called from : 
VEXECUTE:EXECFROMBUFF(449)  
VEXECUTE:EXECFROMPRG(208)  
HBMLOAD(24)  
HBM_BOOTSTRAP(9)  
VEXECUTE:EXECFROMBUFF(450)  
VEXECUTE:EXECFROMPRG(208)  
HBMLOAD(24)  
HBMBOOTSTRAP(10)  
HBMSTART(4)  
MAIN(25)  
###################

20210718 - 16:42:23 >>  [ERROR] (CODE:20200625105833) Execution error: "hbm_menu"
 Description :  "Erro nos parƒmetros"
 Operation   :  "DATA"
INSIDE ROUTINE : hbm_menu(  )
 ARGS : {"n/g,g/n,gr+/n,n/gr,n+/w,w+/g"}
 GENCODE : 1
 FILENAME : ""
 OPERATION : "DATA"
                               ((((c,               ,7))))
                               (((((((              ))))))))
                              (((((((            ))))))))
                               ((((((@@@@@@@@@@@))))))))
                               @@@@@@@@@@@@@@@@)))))))
                              @@@@@@@@@@@@@@@@@@))))))@@@@
                             @@/,:::,\/,:::,\@@@@@@@@@@@@@@
                             @@|:::::||:::::|@@@@@@@@@@@@@@@
                             @@\':::'/\':::'/@@@@@@@@@@@@@@
                              @@@@@@@@@@@@@@@@@@@@@@@@@@@
                               @@@@@@@@@@@@@@@@@@@@@@\
                                  /    \        (     \
                                 (      )        \     \
                                  \    /          \
Runtime error                  bug


# Called from : 
VEXECUTE:EXECFROMBUFF(484)  
VEXECUTE:EXECFROMPRG(208)  
HBMLOAD(24)  
HBM_BOOTSTRAP(9)  
VEXECUTE:EXECFROMBUFF(450)  
VEXECUTE:EXECFROMPRG(208)  
HBMLOAD(24)  
HBMBOOTSTRAP(10)  
HBMSTART(4)  
MAIN(25)  
###################

20210718 - 16:42:23 >>  [INFO] After send buffer to execute

# Called from : 
VEXECUTE:EXECFROMPRG(209)  
HBMLOAD(24)  
HBM_BOOTSTRAP(9)  
VEXECUTE:EXECFROMBUFF(450)  
VEXECUTE:EXECFROMPRG(208)  
HBMLOAD(24)  
HBMBOOTSTRAP(10)  
HBMSTART(4)  
MAIN(25)  
###################

20210718 - 16:42:23 >>  [INFO] After execute with return : NIL

# Called from : 
VEXECUTE:EXECFROMBUFF(451)  
VEXECUTE:EXECFROMPRG(208)  
HBMLOAD(24)  
HBMBOOTSTRAP(10)  
HBMSTART(4)  
MAIN(25)  
###################

20210718 - 16:42:23 >>  [INFO] After send buffer to execute

# Called from : 
VEXECUTE:EXECFROMPRG(209)  
HBMLOAD(24)  
HBMBOOTSTRAP(10)  
HBMSTART(4)  
MAIN(25)  
###################

20210718 - 16:49:36 >>  [INFO] After compile file code/menu.prg. Ok.

# Called from : 
VCOMPILE:COMPILE(187)  
VEXECUTE:EXECFROMPRG(205)  
HBMLOAD(24)  
HBM_BOOTSTRAP(9)  
VEXECUTE:EXECFROMBUFF(450)  
VEXECUTE:EXECFROMPRG(208)  
HBMLOAD(24)  
HBMBOOTSTRAP(10)  
HBMSTART(4)  
MAIN(25)  
###################

20210718 - 16:49:36 >>  [INFO] Before send buffer to execute

# Called from : 
VEXECUTE:EXECFROMPRG(207)  
HBMLOAD(24)  
HBM_BOOTSTRAP(9)  
VEXECUTE:EXECFROMBUFF(450)  
VEXECUTE:EXECFROMPRG(208)  
HBMLOAD(24)  
HBMBOOTSTRAP(10)  
HBMSTART(4)  
MAIN(25)  
###################

20210718 - 16:49:36 >>  [INFO] Before load buffer. Function : hbm_menu

# Called from : 
VEXECUTE:EXECFROMBUFF(427)  
VEXECUTE:EXECFROMPRG(208)  
HBMLOAD(24)  
HBM_BOOTSTRAP(9)  
VEXECUTE:EXECFROMBUFF(450)  
VEXECUTE:EXECFROMPRG(208)  
HBMLOAD(24)  
HBMBOOTSTRAP(10)  
HBMSTART(4)  
MAIN(25)  
###################

20210718 - 16:49:36 >>  [INFO] Before execute function hbm_menu

# Called from : 
VEXECUTE:EXECFROMBUFF(449)  
VEXECUTE:EXECFROMPRG(208)  
HBMLOAD(24)  
HBM_BOOTSTRAP(9)  
VEXECUTE:EXECFROMBUFF(450)  
VEXECUTE:EXECFROMPRG(208)  
HBMLOAD(24)  
HBMBOOTSTRAP(10)  
HBMSTART(4)  
MAIN(25)  
###################

20210718 - 16:49:37 >>  [ERROR] (CODE:20200625105833) Execution error: "hbm_menu"
 Description :  "M‚todo nÆo exportado"
 Operation   :  "EVAL"
INSIDE ROUTINE : hbm_menu(  )
 ARGS : __itemSetObj( {NIL, {{"__COL", 0}, {"__ROW", 0}, {"CCAPTION", "&File"}, {"NID", 0}, {"CMESSAGE", ""}, {"NSHORTCUT", 0}}}, {{"MENUITEM",{2}}} )
 GENCODE : 13
 FILENAME : ""
 OPERATION : "EVAL"
                               ((((c,               ,7))))
                               (((((((              ))))))))
                              (((((((            ))))))))
                               ((((((@@@@@@@@@@@))))))))
                               @@@@@@@@@@@@@@@@)))))))
                              @@@@@@@@@@@@@@@@@@))))))@@@@
                             @@/,:::,\/,:::,\@@@@@@@@@@@@@@
                             @@|:::::||:::::|@@@@@@@@@@@@@@@
                             @@\':::'/\':::'/@@@@@@@@@@@@@@
                              @@@@@@@@@@@@@@@@@@@@@@@@@@@
                               @@@@@@@@@@@@@@@@@@@@@@\
                                  /    \        (     \
                                 (      )        \     \
                                  \    /          \
Runtime error                  bug


# Called from : 
VEXECUTE:EXECFROMBUFF(484)  
VEXECUTE:EXECFROMPRG(208)  
HBMLOAD(24)  
HBM_BOOTSTRAP(9)  
VEXECUTE:EXECFROMBUFF(450)  
VEXECUTE:EXECFROMPRG(208)  
HBMLOAD(24)  
HBMBOOTSTRAP(10)  
HBMSTART(4)  
MAIN(25)  
###################

20210718 - 16:49:37 >>  [INFO] After send buffer to execute

# Called from : 
VEXECUTE:EXECFROMPRG(209)  
HBMLOAD(24)  
HBM_BOOTSTRAP(9)  
VEXECUTE:EXECFROMBUFF(450)  
VEXECUTE:EXECFROMPRG(208)  
HBMLOAD(24)  
HBMBOOTSTRAP(10)  
HBMSTART(4)  
MAIN(25)  
###################

20210718 - 16:49:37 >>  [INFO] After execute with return : NIL

# Called from : 
VEXECUTE:EXECFROMBUFF(451)  
VEXECUTE:EXECFROMPRG(208)  
HBMLOAD(24)  
HBMBOOTSTRAP(10)  
HBMSTART(4)  
MAIN(25)  
###################

20210718 - 16:49:37 >>  [INFO] After send buffer to execute

# Called from : 
VEXECUTE:EXECFROMPRG(209)  
HBMLOAD(24)  
HBMBOOTSTRAP(10)  
HBMSTART(4)  
MAIN(25)  
###################

20210718 - 16:55:26 >>  [INFO] After compile file code/menu.prg. Ok.

# Called from : 
VCOMPILE:COMPILE(187)  
VEXECUTE:EXECFROMPRG(205)  
HBMLOAD(24)  
HBM_BOOTSTRAP(9)  
VEXECUTE:EXECFROMBUFF(450)  
VEXECUTE:EXECFROMPRG(208)  
HBMLOAD(24)  
HBMBOOTSTRAP(10)  
HBMSTART(4)  
MAIN(25)  
###################

20210718 - 16:55:26 >>  [INFO] Before send buffer to execute

# Called from : 
VEXECUTE:EXECFROMPRG(207)  
HBMLOAD(24)  
HBM_BOOTSTRAP(9)  
VEXECUTE:EXECFROMBUFF(450)  
VEXECUTE:EXECFROMPRG(208)  
HBMLOAD(24)  
HBMBOOTSTRAP(10)  
HBMSTART(4)  
MAIN(25)  
###################

20210718 - 16:55:26 >>  [INFO] Before load buffer. Function : hbm_menu

# Called from : 
VEXECUTE:EXECFROMBUFF(427)  
VEXECUTE:EXECFROMPRG(208)  
HBMLOAD(24)  
HBM_BOOTSTRAP(9)  
VEXECUTE:EXECFROMBUFF(450)  
VEXECUTE:EXECFROMPRG(208)  
HBMLOAD(24)  
HBMBOOTSTRAP(10)  
HBMSTART(4)  
MAIN(25)  
###################

20210718 - 16:55:26 >>  [INFO] Before execute function hbm_menu

# Called from : 
VEXECUTE:EXECFROMBUFF(449)  
VEXECUTE:EXECFROMPRG(208)  
HBMLOAD(24)  
HBM_BOOTSTRAP(9)  
VEXECUTE:EXECFROMBUFF(450)  
VEXECUTE:EXECFROMPRG(208)  
HBMLOAD(24)  
HBMBOOTSTRAP(10)  
HBMSTART(4)  
MAIN(25)  
###################

20210718 - 16:55:29 >>  [ERROR] (CODE:20200625105833) Execution error: "hbm_menu"
 Description :  "M‚todo nÆo exportado"
 Operation   :  "EVAL"
INSIDE ROUTINE : hbm_menu(  )
 ARGS : __itemSetObj( {NIL, {{"__COL", 0}, {"__ROW", 0}, {"CCAPTION", "&File"}, {"NID", 0}, {"CMESSAGE", ""}, {"NSHORTCUT", 0}}}, {{"MENUITEM",{2}}} )
 GENCODE : 13
 FILENAME : ""
 OPERATION : "EVAL"
                               ((((c,               ,7))))
                               (((((((              ))))))))
                              (((((((            ))))))))
                               ((((((@@@@@@@@@@@))))))))
                               @@@@@@@@@@@@@@@@)))))))
                              @@@@@@@@@@@@@@@@@@))))))@@@@
                             @@/,:::,\/,:::,\@@@@@@@@@@@@@@
                             @@|:::::||:::::|@@@@@@@@@@@@@@@
                             @@\':::'/\':::'/@@@@@@@@@@@@@@
                              @@@@@@@@@@@@@@@@@@@@@@@@@@@
                               @@@@@@@@@@@@@@@@@@@@@@\
                                  /    \        (     \
                                 (      )        \     \
                                  \    /          \
Runtime error                  bug


# Called from : 
VEXECUTE:EXECFROMBUFF(484)  
VEXECUTE:EXECFROMPRG(208)  
HBMLOAD(24)  
HBM_BOOTSTRAP(9)  
VEXECUTE:EXECFROMBUFF(450)  
VEXECUTE:EXECFROMPRG(208)  
HBMLOAD(24)  
HBMBOOTSTRAP(10)  
HBMSTART(4)  
MAIN(25)  
###################

20210718 - 16:55:29 >>  [INFO] After send buffer to execute

# Called from : 
VEXECUTE:EXECFROMPRG(209)  
HBMLOAD(24)  
HBM_BOOTSTRAP(9)  
VEXECUTE:EXECFROMBUFF(450)  
VEXECUTE:EXECFROMPRG(208)  
HBMLOAD(24)  
HBMBOOTSTRAP(10)  
HBMSTART(4)  
MAIN(25)  
###################

20210718 - 16:55:29 >>  [INFO] After execute with return : NIL

# Called from : 
VEXECUTE:EXECFROMBUFF(451)  
VEXECUTE:EXECFROMPRG(208)  
HBMLOAD(24)  
HBMBOOTSTRAP(10)  
HBMSTART(4)  
MAIN(25)  
###################

20210718 - 16:55:29 >>  [INFO] After send buffer to execute

# Called from : 
VEXECUTE:EXECFROMPRG(209)  
HBMLOAD(24)  
HBMBOOTSTRAP(10)  
HBMSTART(4)  
MAIN(25)  
###################

20210718 - 16:57:28 >>  [INFO] After compile file code/menu.prg. Ok.

# Called from : 
VCOMPILE:COMPILE(187)  
VEXECUTE:EXECFROMPRG(205)  
HBMLOAD(24)  
HBM_BOOTSTRAP(9)  
VEXECUTE:EXECFROMBUFF(450)  
VEXECUTE:EXECFROMPRG(208)  
HBMLOAD(24)  
HBMBOOTSTRAP(10)  
HBMSTART(4)  
MAIN(25)  
###################

20210718 - 16:57:28 >>  [INFO] Before send buffer to execute

# Called from : 
VEXECUTE:EXECFROMPRG(207)  
HBMLOAD(24)  
HBM_BOOTSTRAP(9)  
VEXECUTE:EXECFROMBUFF(450)  
VEXECUTE:EXECFROMPRG(208)  
HBMLOAD(24)  
HBMBOOTSTRAP(10)  
HBMSTART(4)  
MAIN(25)  
###################

20210718 - 16:57:28 >>  [INFO] Before load buffer. Function : hbm_menu

# Called from : 
VEXECUTE:EXECFROMBUFF(427)  
VEXECUTE:EXECFROMPRG(208)  
HBMLOAD(24)  
HBM_BOOTSTRAP(9)  
VEXECUTE:EXECFROMBUFF(450)  
VEXECUTE:EXECFROMPRG(208)  
HBMLOAD(24)  
HBMBOOTSTRAP(10)  
HBMSTART(4)  
MAIN(25)  
###################

20210718 - 16:57:28 >>  [INFO] Before execute function hbm_menu

# Called from : 
VEXECUTE:EXECFROMBUFF(449)  
VEXECUTE:EXECFROMPRG(208)  
HBMLOAD(24)  
HBM_BOOTSTRAP(9)  
VEXECUTE:EXECFROMBUFF(450)  
VEXECUTE:EXECFROMPRG(208)  
HBMLOAD(24)  
HBMBOOTSTRAP(10)  
HBMSTART(4)  
MAIN(25)  
###################

20210718 - 16:57:28 >>  [ERROR] (CODE:20200625105833) Execution error: "hbm_menu"
 Description :  "M‚todo nÆo exportado"
 Operation   :  "EVAL"
INSIDE ROUTINE : hbm_menu(  )
 ARGS : __itemSetObj( {NIL, {{"__COL", 0}, {"__ROW", 0}, {"CCAPTION", "&File"}, {"NID", 0}, {"CMESSAGE", ""}, {"NSHORTCUT", 0}}}, {{"MENUITEM",{2}}} )
 GENCODE : 13
 FILENAME : ""
 OPERATION : "EVAL"
                               ((((c,               ,7))))
                               (((((((              ))))))))
                              (((((((            ))))))))
                               ((((((@@@@@@@@@@@))))))))
                               @@@@@@@@@@@@@@@@)))))))
                              @@@@@@@@@@@@@@@@@@))))))@@@@
                             @@/,:::,\/,:::,\@@@@@@@@@@@@@@
                             @@|:::::||:::::|@@@@@@@@@@@@@@@
                             @@\':::'/\':::'/@@@@@@@@@@@@@@
                              @@@@@@@@@@@@@@@@@@@@@@@@@@@
                               @@@@@@@@@@@@@@@@@@@@@@\
                                  /    \        (     \
                                 (      )        \     \
                                  \    /          \
Runtime error                  bug


# Called from : 
VEXECUTE:EXECFROMBUFF(484)  
VEXECUTE:EXECFROMPRG(208)  
HBMLOAD(24)  
HBM_BOOTSTRAP(9)  
VEXECUTE:EXECFROMBUFF(450)  
VEXECUTE:EXECFROMPRG(208)  
HBMLOAD(24)  
HBMBOOTSTRAP(10)  
HBMSTART(4)  
MAIN(25)  
###################

20210718 - 16:57:28 >>  [INFO] After send buffer to execute

# Called from : 
VEXECUTE:EXECFROMPRG(209)  
HBMLOAD(24)  
HBM_BOOTSTRAP(9)  
VEXECUTE:EXECFROMBUFF(450)  
VEXECUTE:EXECFROMPRG(208)  
HBMLOAD(24)  
HBMBOOTSTRAP(10)  
HBMSTART(4)  
MAIN(25)  
###################

20210718 - 16:57:28 >>  [INFO] After execute with return : NIL

# Called from : 
VEXECUTE:EXECFROMBUFF(451)  
VEXECUTE:EXECFROMPRG(208)  
HBMLOAD(24)  
HBMBOOTSTRAP(10)  
HBMSTART(4)  
MAIN(25)  
###################

20210718 - 16:57:28 >>  [INFO] After send buffer to execute

# Called from : 
VEXECUTE:EXECFROMPRG(209)  
HBMLOAD(24)  
HBMBOOTSTRAP(10)  
HBMSTART(4)  
MAIN(25)  
###################

20210718 - 19:30:03 >>  [INFO] After compile file code/menu.prg. Ok.

# Called from : 
VCOMPILE:COMPILE(187)  
VEXECUTE:EXECFROMPRG(205)  
HBMLOAD(24)  
HBM_BOOTSTRAP(9)  
VEXECUTE:EXECFROMBUFF(450)  
VEXECUTE:EXECFROMPRG(208)  
HBMLOAD(24)  
HBMBOOTSTRAP(10)  
HBMSTART(4)  
MAIN(25)  
###################

20210718 - 19:30:03 >>  [INFO] Before send buffer to execute

# Called from : 
VEXECUTE:EXECFROMPRG(207)  
HBMLOAD(24)  
HBM_BOOTSTRAP(9)  
VEXECUTE:EXECFROMBUFF(450)  
VEXECUTE:EXECFROMPRG(208)  
HBMLOAD(24)  
HBMBOOTSTRAP(10)  
HBMSTART(4)  
MAIN(25)  
###################

20210718 - 19:30:03 >>  [INFO] Before load buffer. Function : hbm_menu

# Called from : 
VEXECUTE:EXECFROMBUFF(427)  
VEXECUTE:EXECFROMPRG(208)  
HBMLOAD(24)  
HBM_BOOTSTRAP(9)  
VEXECUTE:EXECFROMBUFF(450)  
VEXECUTE:EXECFROMPRG(208)  
HBMLOAD(24)  
HBMBOOTSTRAP(10)  
HBMSTART(4)  
MAIN(25)  
###################

20210718 - 19:30:03 >>  [INFO] Before execute function hbm_menu

# Called from : 
VEXECUTE:EXECFROMBUFF(449)  
VEXECUTE:EXECFROMPRG(208)  
HBMLOAD(24)  
HBM_BOOTSTRAP(9)  
VEXECUTE:EXECFROMBUFF(450)  
VEXECUTE:EXECFROMPRG(208)  
HBMLOAD(24)  
HBMBOOTSTRAP(10)  
HBMSTART(4)  
MAIN(25)  
###################

20210718 - 19:34:55 >>  [INFO] After compile file code/menu.prg. Ok.

# Called from : 
VCOMPILE:COMPILE(187)  
VEXECUTE:EXECFROMPRG(205)  
HBMLOAD(24)  
HBM_BOOTSTRAP(9)  
VEXECUTE:EXECFROMBUFF(450)  
VEXECUTE:EXECFROMPRG(208)  
HBMLOAD(24)  
HBMBOOTSTRAP(10)  
HBMSTART(4)  
MAIN(25)  
###################

20210718 - 19:34:55 >>  [INFO] Before send buffer to execute

# Called from : 
VEXECUTE:EXECFROMPRG(207)  
HBMLOAD(24)  
HBM_BOOTSTRAP(9)  
VEXECUTE:EXECFROMBUFF(450)  
VEXECUTE:EXECFROMPRG(208)  
HBMLOAD(24)  
HBMBOOTSTRAP(10)  
HBMSTART(4)  
MAIN(25)  
###################

20210718 - 19:34:55 >>  [INFO] Before load buffer. Function : hbm_menu

# Called from : 
VEXECUTE:EXECFROMBUFF(427)  
VEXECUTE:EXECFROMPRG(208)  
HBMLOAD(24)  
HBM_BOOTSTRAP(9)  
VEXECUTE:EXECFROMBUFF(450)  
VEXECUTE:EXECFROMPRG(208)  
HBMLOAD(24)  
HBMBOOTSTRAP(10)  
HBMSTART(4)  
MAIN(25)  
###################

20210718 - 19:34:55 >>  [INFO] Before execute function hbm_menu

# Called from : 
VEXECUTE:EXECFROMBUFF(449)  
VEXECUTE:EXECFROMPRG(208)  
HBMLOAD(24)  
HBM_BOOTSTRAP(9)  
VEXECUTE:EXECFROMBUFF(450)  
VEXECUTE:EXECFROMPRG(208)  
HBMLOAD(24)  
HBMBOOTSTRAP(10)  
HBMSTART(4)  
MAIN(25)  
###################

20210718 - 19:35:00 >>  [ERROR] (CODE:20200625105833) Execution error: "hbm_menu"
 Description :  "M‚todo nÆo exportado"
 Operation   :  "EVAL"
INSIDE ROUTINE : hbm_menu(  )
 ARGS : __itemSetObj( {NIL, {{"__COL", 7}, {"__ROW", 3}, {"CCAPTION", "Exit"}, {"NID", 999}, {"CMESSAGE", ""}, {"NSHORTCUT", 0}}}, {{"MENUITEM",{2}}} )
 GENCODE : 13
 FILENAME : ""
 OPERATION : "EVAL"
                               ((((c,               ,7))))
                               (((((((              ))))))))
                              (((((((            ))))))))
                               ((((((@@@@@@@@@@@))))))))
                               @@@@@@@@@@@@@@@@)))))))
                              @@@@@@@@@@@@@@@@@@))))))@@@@
                             @@/,:::,\/,:::,\@@@@@@@@@@@@@@
                             @@|:::::||:::::|@@@@@@@@@@@@@@@
                             @@\':::'/\':::'/@@@@@@@@@@@@@@
                              @@@@@@@@@@@@@@@@@@@@@@@@@@@
                               @@@@@@@@@@@@@@@@@@@@@@\
                                  /    \        (     \
                                 (      )        \     \
                                  \    /          \
Runtime error                  bug


# Called from : 
VEXECUTE:EXECFROMBUFF(484)  
VEXECUTE:EXECFROMPRG(208)  
HBMLOAD(24)  
HBM_BOOTSTRAP(9)  
VEXECUTE:EXECFROMBUFF(450)  
VEXECUTE:EXECFROMPRG(208)  
HBMLOAD(24)  
HBMBOOTSTRAP(10)  
HBMSTART(4)  
MAIN(25)  
###################

20210718 - 19:35:00 >>  [INFO] After send buffer to execute

# Called from : 
VEXECUTE:EXECFROMPRG(209)  
HBMLOAD(24)  
HBM_BOOTSTRAP(9)  
VEXECUTE:EXECFROMBUFF(450)  
VEXECUTE:EXECFROMPRG(208)  
HBMLOAD(24)  
HBMBOOTSTRAP(10)  
HBMSTART(4)  
MAIN(25)  
###################

20210718 - 19:35:00 >>  [INFO] After execute with return : NIL

# Called from : 
VEXECUTE:EXECFROMBUFF(451)  
VEXECUTE:EXECFROMPRG(208)  
HBMLOAD(24)  
HBMBOOTSTRAP(10)  
HBMSTART(4)  
MAIN(25)  
###################

20210718 - 19:35:00 >>  [INFO] After send buffer to execute

# Called from : 
VEXECUTE:EXECFROMPRG(209)  
HBMLOAD(24)  
HBMBOOTSTRAP(10)  
HBMSTART(4)  
MAIN(25)  
###################

20210718 - 19:36:39 >>  [INFO] After compile file code/menu.prg. Ok.

# Called from : 
VCOMPILE:COMPILE(187)  
VEXECUTE:EXECFROMPRG(205)  
HBMLOAD(24)  
HBM_BOOTSTRAP(9)  
VEXECUTE:EXECFROMBUFF(450)  
VEXECUTE:EXECFROMPRG(208)  
HBMLOAD(24)  
HBMBOOTSTRAP(10)  
HBMSTART(4)  
MAIN(25)  
###################

20210718 - 19:36:39 >>  [INFO] Before send buffer to execute

# Called from : 
VEXECUTE:EXECFROMPRG(207)  
HBMLOAD(24)  
HBM_BOOTSTRAP(9)  
VEXECUTE:EXECFROMBUFF(450)  
VEXECUTE:EXECFROMPRG(208)  
HBMLOAD(24)  
HBMBOOTSTRAP(10)  
HBMSTART(4)  
MAIN(25)  
###################

20210718 - 19:36:39 >>  [INFO] Before load buffer. Function : hbm_menu

# Called from : 
VEXECUTE:EXECFROMBUFF(427)  
VEXECUTE:EXECFROMPRG(208)  
HBMLOAD(24)  
HBM_BOOTSTRAP(9)  
VEXECUTE:EXECFROMBUFF(450)  
VEXECUTE:EXECFROMPRG(208)  
HBMLOAD(24)  
HBMBOOTSTRAP(10)  
HBMSTART(4)  
MAIN(25)  
###################

20210718 - 19:36:39 >>  [INFO] Before execute function hbm_menu

# Called from : 
VEXECUTE:EXECFROMBUFF(449)  
VEXECUTE:EXECFROMPRG(208)  
HBMLOAD(24)  
HBM_BOOTSTRAP(9)  
VEXECUTE:EXECFROMBUFF(450)  
VEXECUTE:EXECFROMPRG(208)  
HBMLOAD(24)  
HBMBOOTSTRAP(10)  
HBMSTART(4)  
MAIN(25)  
###################

20210718 - 19:36:41 >>  [ERROR] (CODE:20200625105833) Execution error: "hbm_menu"
 Description :  "M‚todo nÆo exportado"
 Operation   :  "EVAL"
INSIDE ROUTINE : hbm_menu(  )
 ARGS : __itemSetObj( {NIL, {{"__COL", 7}, {"__ROW", 3}, {"CCAPTION", "Exit"}, {"NID", 999}, {"CMESSAGE", ""}, {"NSHORTCUT", 0}}}, {{"MENUITEM",{2}}} )
 GENCODE : 13
 FILENAME : ""
 OPERATION : "EVAL"
                               ((((c,               ,7))))
                               (((((((              ))))))))
                              (((((((            ))))))))
                               ((((((@@@@@@@@@@@))))))))
                               @@@@@@@@@@@@@@@@)))))))
                              @@@@@@@@@@@@@@@@@@))))))@@@@
                             @@/,:::,\/,:::,\@@@@@@@@@@@@@@
                             @@|:::::||:::::|@@@@@@@@@@@@@@@
                             @@\':::'/\':::'/@@@@@@@@@@@@@@
                              @@@@@@@@@@@@@@@@@@@@@@@@@@@
                               @@@@@@@@@@@@@@@@@@@@@@\
                                  /    \        (     \
                                 (      )        \     \
                                  \    /          \
Runtime error                  bug


# Called from : 
VEXECUTE:EXECFROMBUFF(484)  
VEXECUTE:EXECFROMPRG(208)  
HBMLOAD(24)  
HBM_BOOTSTRAP(9)  
VEXECUTE:EXECFROMBUFF(450)  
VEXECUTE:EXECFROMPRG(208)  
HBMLOAD(24)  
HBMBOOTSTRAP(10)  
HBMSTART(4)  
MAIN(25)  
###################

20210718 - 19:36:41 >>  [INFO] After send buffer to execute

# Called from : 
VEXECUTE:EXECFROMPRG(209)  
HBMLOAD(24)  
HBM_BOOTSTRAP(9)  
VEXECUTE:EXECFROMBUFF(450)  
VEXECUTE:EXECFROMPRG(208)  
HBMLOAD(24)  
HBMBOOTSTRAP(10)  
HBMSTART(4)  
MAIN(25)  
###################

20210718 - 19:36:41 >>  [INFO] After execute with return : NIL

# Called from : 
VEXECUTE:EXECFROMBUFF(451)  
VEXECUTE:EXECFROMPRG(208)  
HBMLOAD(24)  
HBMBOOTSTRAP(10)  
HBMSTART(4)  
MAIN(25)  
###################

20210718 - 19:36:41 >>  [INFO] After send buffer to execute

# Called from : 
VEXECUTE:EXECFROMPRG(209)  
HBMLOAD(24)  
HBMBOOTSTRAP(10)  
HBMSTART(4)  
MAIN(25)  
###################

20210718 - 19:37:05 >>  [INFO] After compile file code/menu.prg. Ok.

# Called from : 
VCOMPILE:COMPILE(187)  
VEXECUTE:EXECFROMPRG(205)  
HBMLOAD(24)  
HBM_BOOTSTRAP(9)  
VEXECUTE:EXECFROMBUFF(450)  
VEXECUTE:EXECFROMPRG(208)  
HBMLOAD(24)  
HBMBOOTSTRAP(10)  
HBMSTART(4)  
MAIN(25)  
###################

20210718 - 19:37:05 >>  [INFO] Before send buffer to execute

# Called from : 
VEXECUTE:EXECFROMPRG(207)  
HBMLOAD(24)  
HBM_BOOTSTRAP(9)  
VEXECUTE:EXECFROMBUFF(450)  
VEXECUTE:EXECFROMPRG(208)  
HBMLOAD(24)  
HBMBOOTSTRAP(10)  
HBMSTART(4)  
MAIN(25)  
###################

20210718 - 19:37:05 >>  [INFO] Before load buffer. Function : hbm_menu

# Called from : 
VEXECUTE:EXECFROMBUFF(427)  
VEXECUTE:EXECFROMPRG(208)  
HBMLOAD(24)  
HBM_BOOTSTRAP(9)  
VEXECUTE:EXECFROMBUFF(450)  
VEXECUTE:EXECFROMPRG(208)  
HBMLOAD(24)  
HBMBOOTSTRAP(10)  
HBMSTART(4)  
MAIN(25)  
###################

20210718 - 19:37:05 >>  [INFO] Before execute function hbm_menu

# Called from : 
VEXECUTE:EXECFROMBUFF(449)  
VEXECUTE:EXECFROMPRG(208)  
HBMLOAD(24)  
HBM_BOOTSTRAP(9)  
VEXECUTE:EXECFROMBUFF(450)  
VEXECUTE:EXECFROMPRG(208)  
HBMLOAD(24)  
HBMBOOTSTRAP(10)  
HBMSTART(4)  
MAIN(25)  
###################

20210718 - 19:37:13 >>  [ERROR] (CODE:20200625105833) Execution error: "hbm_menu"
 Description :  "M‚todo nÆo exportado"
 Operation   :  "EVAL"
INSIDE ROUTINE : hbm_menu(  )
 ARGS : __itemSetObj( {NIL, {{"__COL", 7}, {"__ROW", 3}, {"CCAPTION", "Exit"}, {"NID", 999}, {"CMESSAGE", ""}, {"NSHORTCUT", 0}}}, {{"MENUITEM",{2}}} )
 GENCODE : 13
 FILENAME : ""
 OPERATION : "EVAL"
                               ((((c,               ,7))))
                               (((((((              ))))))))
                              (((((((            ))))))))
                               ((((((@@@@@@@@@@@))))))))
                               @@@@@@@@@@@@@@@@)))))))
                              @@@@@@@@@@@@@@@@@@))))))@@@@
                             @@/,:::,\/,:::,\@@@@@@@@@@@@@@
                             @@|:::::||:::::|@@@@@@@@@@@@@@@
                             @@\':::'/\':::'/@@@@@@@@@@@@@@
                              @@@@@@@@@@@@@@@@@@@@@@@@@@@
                               @@@@@@@@@@@@@@@@@@@@@@\
                                  /    \        (     \
                                 (      )        \     \
                                  \    /          \
Runtime error                  bug


# Called from : 
VEXECUTE:EXECFROMBUFF(484)  
VEXECUTE:EXECFROMPRG(208)  
HBMLOAD(24)  
HBM_BOOTSTRAP(9)  
VEXECUTE:EXECFROMBUFF(450)  
VEXECUTE:EXECFROMPRG(208)  
HBMLOAD(24)  
HBMBOOTSTRAP(10)  
HBMSTART(4)  
MAIN(25)  
###################

20210718 - 19:37:13 >>  [INFO] After send buffer to execute

# Called from : 
VEXECUTE:EXECFROMPRG(209)  
HBMLOAD(24)  
HBM_BOOTSTRAP(9)  
VEXECUTE:EXECFROMBUFF(450)  
VEXECUTE:EXECFROMPRG(208)  
HBMLOAD(24)  
HBMBOOTSTRAP(10)  
HBMSTART(4)  
MAIN(25)  
###################

20210718 - 19:37:13 >>  [INFO] After execute with return : NIL

# Called from : 
VEXECUTE:EXECFROMBUFF(451)  
VEXECUTE:EXECFROMPRG(208)  
HBMLOAD(24)  
HBMBOOTSTRAP(10)  
HBMSTART(4)  
MAIN(25)  
###################

20210718 - 19:37:13 >>  [INFO] After send buffer to execute

# Called from : 
VEXECUTE:EXECFROMPRG(209)  
HBMLOAD(24)  
HBMBOOTSTRAP(10)  
HBMSTART(4)  
MAIN(25)  
###################

20210718 - 21:29:12 >>  [INFO] After compile file code/menu.prg. Ok.

# Called from : 
VCOMPILE:COMPILE(187)  
VEXECUTE:EXECFROMPRG(205)  
HBMLOAD(24)  
HBM_BOOTSTRAP(9)  
VEXECUTE:EXECFROMBUFF(450)  
VEXECUTE:EXECFROMPRG(208)  
HBMLOAD(24)  
HBMBOOTSTRAP(10)  
HBMSTART(4)  
MAIN(25)  
###################

20210718 - 21:29:12 >>  [INFO] Before send buffer to execute

# Called from : 
VEXECUTE:EXECFROMPRG(207)  
HBMLOAD(24)  
HBM_BOOTSTRAP(9)  
VEXECUTE:EXECFROMBUFF(450)  
VEXECUTE:EXECFROMPRG(208)  
HBMLOAD(24)  
HBMBOOTSTRAP(10)  
HBMSTART(4)  
MAIN(25)  
###################

20210718 - 21:29:12 >>  [INFO] Before load buffer. Function : hbm_menu

# Called from : 
VEXECUTE:EXECFROMBUFF(427)  
VEXECUTE:EXECFROMPRG(208)  
HBMLOAD(24)  
HBM_BOOTSTRAP(9)  
VEXECUTE:EXECFROMBUFF(450)  
VEXECUTE:EXECFROMPRG(208)  
HBMLOAD(24)  
HBMBOOTSTRAP(10)  
HBMSTART(4)  
MAIN(25)  
###################

20210718 - 21:29:12 >>  [INFO] Before execute function hbm_menu

# Called from : 
VEXECUTE:EXECFROMBUFF(449)  
VEXECUTE:EXECFROMPRG(208)  
HBMLOAD(24)  
HBM_BOOTSTRAP(9)  
VEXECUTE:EXECFROMBUFF(450)  
VEXECUTE:EXECFROMPRG(208)  
HBMLOAD(24)  
HBMBOOTSTRAP(10)  
HBMSTART(4)  
MAIN(25)  
###################

20210718 - 21:29:18 >>  [INFO] After execute with return : NIL

# Called from : 
VEXECUTE:EXECFROMBUFF(451)  
VEXECUTE:EXECFROMPRG(208)  
HBMLOAD(24)  
HBM_BOOTSTRAP(9)  
VEXECUTE:EXECFROMBUFF(450)  
VEXECUTE:EXECFROMPRG(208)  
HBMLOAD(24)  
HBMBOOTSTRAP(10)  
HBMSTART(4)  
MAIN(25)  
###################

20210718 - 21:29:18 >>  [INFO] After send buffer to execute

# Called from : 
VEXECUTE:EXECFROMPRG(209)  
HBMLOAD(24)  
HBM_BOOTSTRAP(9)  
VEXECUTE:EXECFROMBUFF(450)  
VEXECUTE:EXECFROMPRG(208)  
HBMLOAD(24)  
HBMBOOTSTRAP(10)  
HBMSTART(4)  
MAIN(25)  
###################

20210718 - 21:29:18 >>  [INFO] After execute with return : NIL

# Called from : 
VEXECUTE:EXECFROMBUFF(451)  
VEXECUTE:EXECFROMPRG(208)  
HBMLOAD(24)  
HBMBOOTSTRAP(10)  
HBMSTART(4)  
MAIN(25)  
###################

20210718 - 21:29:18 >>  [INFO] After send buffer to execute

# Called from : 
VEXECUTE:EXECFROMPRG(209)  
HBMLOAD(24)  
HBMBOOTSTRAP(10)  
HBMSTART(4)  
MAIN(25)  
###################

20210718 - 21:32:00 >>  [INFO] After compile file code/menu.prg. Ok.

# Called from : 
VCOMPILE:COMPILE(187)  
VEXECUTE:EXECFROMPRG(205)  
HBMLOAD(24)  
HBM_BOOTSTRAP(9)  
VEXECUTE:EXECFROMBUFF(450)  
VEXECUTE:EXECFROMPRG(208)  
HBMLOAD(24)  
HBMBOOTSTRAP(10)  
HBMSTART(4)  
MAIN(25)  
###################

20210718 - 21:32:00 >>  [INFO] Before send buffer to execute

# Called from : 
VEXECUTE:EXECFROMPRG(207)  
HBMLOAD(24)  
HBM_BOOTSTRAP(9)  
VEXECUTE:EXECFROMBUFF(450)  
VEXECUTE:EXECFROMPRG(208)  
HBMLOAD(24)  
HBMBOOTSTRAP(10)  
HBMSTART(4)  
MAIN(25)  
###################

20210718 - 21:32:00 >>  [INFO] Before load buffer. Function : hbm_menu

# Called from : 
VEXECUTE:EXECFROMBUFF(427)  
VEXECUTE:EXECFROMPRG(208)  
HBMLOAD(24)  
HBM_BOOTSTRAP(9)  
VEXECUTE:EXECFROMBUFF(450)  
VEXECUTE:EXECFROMPRG(208)  
HBMLOAD(24)  
HBMBOOTSTRAP(10)  
HBMSTART(4)  
MAIN(25)  
###################

20210718 - 21:32:00 >>  [INFO] Before execute function hbm_menu

# Called from : 
VEXECUTE:EXECFROMBUFF(449)  
VEXECUTE:EXECFROMPRG(208)  
HBMLOAD(24)  
HBM_BOOTSTRAP(9)  
VEXECUTE:EXECFROMBUFF(450)  
VEXECUTE:EXECFROMPRG(208)  
HBMLOAD(24)  
HBMBOOTSTRAP(10)  
HBMSTART(4)  
MAIN(25)  
###################

20210718 - 21:32:08 >>  [INFO] After execute with return : NIL

# Called from : 
VEXECUTE:EXECFROMBUFF(451)  
VEXECUTE:EXECFROMPRG(208)  
HBMLOAD(24)  
HBM_BOOTSTRAP(9)  
VEXECUTE:EXECFROMBUFF(450)  
VEXECUTE:EXECFROMPRG(208)  
HBMLOAD(24)  
HBMBOOTSTRAP(10)  
HBMSTART(4)  
MAIN(25)  
###################

20210718 - 21:32:08 >>  [INFO] After send buffer to execute

# Called from : 
VEXECUTE:EXECFROMPRG(209)  
HBMLOAD(24)  
HBM_BOOTSTRAP(9)  
VEXECUTE:EXECFROMBUFF(450)  
VEXECUTE:EXECFROMPRG(208)  
HBMLOAD(24)  
HBMBOOTSTRAP(10)  
HBMSTART(4)  
MAIN(25)  
###################

20210718 - 21:32:08 >>  [INFO] After execute with return : NIL

# Called from : 
VEXECUTE:EXECFROMBUFF(451)  
VEXECUTE:EXECFROMPRG(208)  
HBMLOAD(24)  
HBMBOOTSTRAP(10)  
HBMSTART(4)  
MAIN(25)  
###################

20210718 - 21:32:08 >>  [INFO] After send buffer to execute

# Called from : 
VEXECUTE:EXECFROMPRG(209)  
HBMLOAD(24)  
HBMBOOTSTRAP(10)  
HBMSTART(4)  
MAIN(25)  
###################

20210718 - 23:53:53 >>  [INFO] After compile file code/menu.prg. Ok.

# Called from : 
VCOMPILE:COMPILE(187)  
VEXECUTE:EXECFROMPRG(205)  
HBMLOAD(24)  
HBM_BOOTSTRAP(9)  
VEXECUTE:EXECFROMBUFF(450)  
VEXECUTE:EXECFROMPRG(208)  
HBMLOAD(24)  
HBMBOOTSTRAP(10)  
HBMSTART(4)  
MAIN(25)  
###################

20210718 - 23:53:53 >>  [INFO] Before send buffer to execute

# Called from : 
VEXECUTE:EXECFROMPRG(207)  
HBMLOAD(24)  
HBM_BOOTSTRAP(9)  
VEXECUTE:EXECFROMBUFF(450)  
VEXECUTE:EXECFROMPRG(208)  
HBMLOAD(24)  
HBMBOOTSTRAP(10)  
HBMSTART(4)  
MAIN(25)  
###################

20210718 - 23:53:53 >>  [INFO] Before load buffer. Function : hbm_menu

# Called from : 
VEXECUTE:EXECFROMBUFF(427)  
VEXECUTE:EXECFROMPRG(208)  
HBMLOAD(24)  
HBM_BOOTSTRAP(9)  
VEXECUTE:EXECFROMBUFF(450)  
VEXECUTE:EXECFROMPRG(208)  
HBMLOAD(24)  
HBMBOOTSTRAP(10)  
HBMSTART(4)  
MAIN(25)  
###################

20210718 - 23:53:53 >>  [INFO] Before execute function hbm_menu

# Called from : 
VEXECUTE:EXECFROMBUFF(449)  
VEXECUTE:EXECFROMPRG(208)  
HBMLOAD(24)  
HBM_BOOTSTRAP(9)  
VEXECUTE:EXECFROMBUFF(450)  
VEXECUTE:EXECFROMPRG(208)  
HBMLOAD(24)  
HBMBOOTSTRAP(10)  
HBMSTART(4)  
MAIN(25)  
###################

20210718 - 23:54:02 >>  [INFO] After execute with return : NIL

# Called from : 
VEXECUTE:EXECFROMBUFF(451)  
VEXECUTE:EXECFROMPRG(208)  
HBMLOAD(24)  
HBM_BOOTSTRAP(9)  
VEXECUTE:EXECFROMBUFF(450)  
VEXECUTE:EXECFROMPRG(208)  
HBMLOAD(24)  
HBMBOOTSTRAP(10)  
HBMSTART(4)  
MAIN(25)  
###################

20210718 - 23:54:03 >>  [INFO] After send buffer to execute

# Called from : 
VEXECUTE:EXECFROMPRG(209)  
HBMLOAD(24)  
HBM_BOOTSTRAP(9)  
VEXECUTE:EXECFROMBUFF(450)  
VEXECUTE:EXECFROMPRG(208)  
HBMLOAD(24)  
HBMBOOTSTRAP(10)  
HBMSTART(4)  
MAIN(25)  
###################

20210718 - 23:54:03 >>  [INFO] After execute with return : NIL

# Called from : 
VEXECUTE:EXECFROMBUFF(451)  
VEXECUTE:EXECFROMPRG(208)  
HBMLOAD(24)  
HBMBOOTSTRAP(10)  
HBMSTART(4)  
MAIN(25)  
###################

20210718 - 23:54:03 >>  [INFO] After send buffer to execute

# Called from : 
VEXECUTE:EXECFROMPRG(209)  
HBMLOAD(24)  
HBMBOOTSTRAP(10)  
HBMSTART(4)  
MAIN(25)  
###################

