***************************** BEGIN LOG HEADER ************************************
File created at : 20210628 11:48:58
***************************** END LOG HEADER **************************************

20210628 - 11:48:58 >>  [ERROR] (CODE:20200625105833) Execution error: "hbm_bancoconta" => "Message not found"("VGETCMD:EVAL")  ARGS : __itemSetObj( {{{"HPICTURE", {"Text_Nome"=>"@!", "Text_TipoConta"=>"@!"}}, {"HEDITFIELD", {"Text_Nome"=>.T., "Text_TipoConta"=>.T.}}, {"ASCREENDEF", {}}, {"HGET", {=>}}, {"HMAP", {"A"=>"Text_Nome", "B"=>"Text_TipoConta"}}, {"HROW", {=>}}, {"HCOL", {=>}}, {"HVALINI", {"Text_Nome"=>"", "Text_TipoConta"=>""}}, {"HLEN", {"Text_Nome"=>40, "Text_TipoConta"=>40}}, {"HDATATYPE", {"Text_Nome"=>"C", "Text_TipoConta"=>"C"}}, {"HFIELD", {"Text_Nome"=>"NOME", "Text_TipoConta"=>"tipoconta"}}, {"HLOOKUP", {=>}}, {"HMESSAGE", {"Text_Nome"=>"", "Text_TipoConta"=>""}}}}, {{"VGETCMD",{1}}} ) /  GENCODE : 13 /  FILENAME : "" /  OPERATION : "VGETCMD:EVAL"

# Called from : 
VEXECUTE:EXECFROMBUFF(462)  
VEXECUTE:EXECFROMHRB(136)  
HBMLOAD(22)  
HBM_BOOTSTRAP(42)  
VEXECUTE:EXECFROMBUFF(449)  
VEXECUTE:EXECFROMHRB(136)  
HBMLOAD(22)  
HBMBOOTSTRAP(10)  
HBMSTART(4)  
MAIN(19)  
###################

20210628 - 11:49:00 >>  [ERROR] (CODE:20200625105833) Execution error: "hbm_bancoconta" => "Message not found"("VGETCMD:EVAL")  ARGS : __itemSetObj( {{{"HPICTURE", {"Text_Nome"=>"@!", "Text_TipoConta"=>"@!"}}, {"HEDITFIELD", {"Text_Nome"=>.T., "Text_TipoConta"=>.T.}}, {"ASCREENDEF", {}}, {"HGET", {=>}}, {"HMAP", {"A"=>"Text_Nome", "B"=>"Text_TipoConta"}}, {"HROW", {=>}}, {"HCOL", {=>}}, {"HVALINI", {"Text_Nome"=>"", "Text_TipoConta"=>""}}, {"HLEN", {"Text_Nome"=>40, "Text_TipoConta"=>40}}, {"HDATATYPE", {"Text_Nome"=>"C", "Text_TipoConta"=>"C"}}, {"HFIELD", {"Text_Nome"=>"NOME", "Text_TipoConta"=>"tipoconta"}}, {"HLOOKUP", {=>}}, {"HMESSAGE", {"Text_Nome"=>"", "Text_TipoConta"=>""}}}}, {{"VGETCMD",{1}}} ) /  GENCODE : 13 /  FILENAME : "" /  OPERATION : "VGETCMD:EVAL"

# Called from : 
VEXECUTE:EXECFROMBUFF(462)  
VEXECUTE:EXECFROMHRB(136)  
HBMLOAD(22)  
HBM_BOOTSTRAP(42)  
VEXECUTE:EXECFROMBUFF(449)  
VEXECUTE:EXECFROMHRB(136)  
HBMLOAD(22)  
HBMBOOTSTRAP(10)  
HBMSTART(4)  
MAIN(19)  
###################

20210628 - 11:49:01 >>  [ERROR] (CODE:20200625105833) Execution error: "hbm_bancoconta" => "Message not found"("VGETCMD:EVAL")  ARGS : __itemSetObj( {{{"HPICTURE", {"Text_Nome"=>"@!", "Text_TipoConta"=>"@!"}}, {"HEDITFIELD", {"Text_Nome"=>.T., "Text_TipoConta"=>.T.}}, {"ASCREENDEF", {}}, {"HGET", {=>}}, {"HMAP", {"A"=>"Text_Nome", "B"=>"Text_TipoConta"}}, {"HROW", {=>}}, {"HCOL", {=>}}, {"HVALINI", {"Text_Nome"=>"", "Text_TipoConta"=>""}}, {"HLEN", {"Text_Nome"=>40, "Text_TipoConta"=>40}}, {"HDATATYPE", {"Text_Nome"=>"C", "Text_TipoConta"=>"C"}}, {"HFIELD", {"Text_Nome"=>"NOME", "Text_TipoConta"=>"tipoconta"}}, {"HLOOKUP", {=>}}, {"HMESSAGE", {"Text_Nome"=>"", "Text_TipoConta"=>""}}}}, {{"VGETCMD",{1}}} ) /  GENCODE : 13 /  FILENAME : "" /  OPERATION : "VGETCMD:EVAL"

# Called from : 
VEXECUTE:EXECFROMBUFF(462)  
VEXECUTE:EXECFROMHRB(136)  
HBMLOAD(22)  
HBM_BOOTSTRAP(42)  
VEXECUTE:EXECFROMBUFF(449)  
VEXECUTE:EXECFROMHRB(136)  
HBMLOAD(22)  
HBMBOOTSTRAP(10)  
HBMSTART(4)  
MAIN(19)  
###################

20210628 - 11:49:02 >>  [ERROR] (CODE:20200625105833) Execution error: "hbm_bancoconta" => "Message not found"("VGETCMD:EVAL")  ARGS : __itemSetObj( {{{"HPICTURE", {"Text_Nome"=>"@!", "Text_TipoConta"=>"@!"}}, {"HEDITFIELD", {"Text_Nome"=>.T., "Text_TipoConta"=>.T.}}, {"ASCREENDEF", {}}, {"HGET", {=>}}, {"HMAP", {"A"=>"Text_Nome", "B"=>"Text_TipoConta"}}, {"HROW", {=>}}, {"HCOL", {=>}}, {"HVALINI", {"Text_Nome"=>"", "Text_TipoConta"=>""}}, {"HLEN", {"Text_Nome"=>40, "Text_TipoConta"=>40}}, {"HDATATYPE", {"Text_Nome"=>"C", "Text_TipoConta"=>"C"}}, {"HFIELD", {"Text_Nome"=>"NOME", "Text_TipoConta"=>"tipoconta"}}, {"HLOOKUP", {=>}}, {"HMESSAGE", {"Text_Nome"=>"", "Text_TipoConta"=>""}}}}, {{"VGETCMD",{1}}} ) /  GENCODE : 13 /  FILENAME : "" /  OPERATION : "VGETCMD:EVAL"

# Called from : 
VEXECUTE:EXECFROMBUFF(462)  
VEXECUTE:EXECFROMHRB(136)  
HBMLOAD(22)  
HBM_BOOTSTRAP(42)  
VEXECUTE:EXECFROMBUFF(449)  
VEXECUTE:EXECFROMHRB(136)  
HBMLOAD(22)  
HBMBOOTSTRAP(10)  
HBMSTART(4)  
MAIN(19)  
###################

20210628 - 11:49:02 >>  [ERROR] (CODE:20200625105833) Execution error: "hbm_bancoconta" => "Message not found"("VGETCMD:EVAL")  ARGS : __itemSetObj( {{{"HPICTURE", {"Text_Nome"=>"@!", "Text_TipoConta"=>"@!"}}, {"HEDITFIELD", {"Text_Nome"=>.T., "Text_TipoConta"=>.T.}}, {"ASCREENDEF", {}}, {"HGET", {=>}}, {"HMAP", {"A"=>"Text_Nome", "B"=>"Text_TipoConta"}}, {"HROW", {=>}}, {"HCOL", {=>}}, {"HVALINI", {"Text_Nome"=>"", "Text_TipoConta"=>""}}, {"HLEN", {"Text_Nome"=>40, "Text_TipoConta"=>40}}, {"HDATATYPE", {"Text_Nome"=>"C", "Text_TipoConta"=>"C"}}, {"HFIELD", {"Text_Nome"=>"NOME", "Text_TipoConta"=>"tipoconta"}}, {"HLOOKUP", {=>}}, {"HMESSAGE", {"Text_Nome"=>"", "Text_TipoConta"=>""}}}}, {{"VGETCMD",{1}}} ) /  GENCODE : 13 /  FILENAME : "" /  OPERATION : "VGETCMD:EVAL"

# Called from : 
VEXECUTE:EXECFROMBUFF(462)  
VEXECUTE:EXECFROMHRB(136)  
HBMLOAD(22)  
HBM_BOOTSTRAP(42)  
VEXECUTE:EXECFROMBUFF(449)  
VEXECUTE:EXECFROMHRB(136)  
HBMLOAD(22)  
HBMBOOTSTRAP(10)  
HBMSTART(4)  
MAIN(19)  
###################

20210628 - 11:49:03 >>  [ERROR] (CODE:20200625105833) Execution error: "hbm_bancoconta" => "Message not found"("VGETCMD:EVAL")  ARGS : __itemSetObj( {{{"HPICTURE", {"Text_Nome"=>"@!", "Text_TipoConta"=>"@!"}}, {"HEDITFIELD", {"Text_Nome"=>.T., "Text_TipoConta"=>.T.}}, {"ASCREENDEF", {}}, {"HGET", {=>}}, {"HMAP", {"A"=>"Text_Nome", "B"=>"Text_TipoConta"}}, {"HROW", {=>}}, {"HCOL", {=>}}, {"HVALINI", {"Text_Nome"=>"", "Text_TipoConta"=>""}}, {"HLEN", {"Text_Nome"=>40, "Text_TipoConta"=>40}}, {"HDATATYPE", {"Text_Nome"=>"C", "Text_TipoConta"=>"C"}}, {"HFIELD", {"Text_Nome"=>"NOME", "Text_TipoConta"=>"tipoconta"}}, {"HLOOKUP", {=>}}, {"HMESSAGE", {"Text_Nome"=>"", "Text_TipoConta"=>""}}}}, {{"VGETCMD",{1}}} ) /  GENCODE : 13 /  FILENAME : "" /  OPERATION : "VGETCMD:EVAL"

# Called from : 
VEXECUTE:EXECFROMBUFF(462)  
VEXECUTE:EXECFROMHRB(136)  
HBMLOAD(22)  
HBM_BOOTSTRAP(42)  
VEXECUTE:EXECFROMBUFF(449)  
VEXECUTE:EXECFROMHRB(136)  
HBMLOAD(22)  
HBMBOOTSTRAP(10)  
HBMSTART(4)  
MAIN(19)  
###################

20210628 - 11:51:05 >>  [ERROR] (CODE:20200625113952) Compilation errors when compilation code/bancoconta.prg : Compilation error : Can't open #include file 'vbase.ch'

# Called from : 
VCOMPILE:COMPILE(185)  
VCOMPILE:COMPILEANDSAVEBINARY(242)  
HBMCOMPILE(16)  
MAIN(30)  
###################

20210628 - 11:51:05 >>  [ERROR] (CODE:20200625113952) Compilation errors when compilation code/bootstrap.prg : Compilation error : Can't open #include file 'vbase.ch'

# Called from : 
VCOMPILE:COMPILE(185)  
VCOMPILE:COMPILEANDSAVEBINARY(242)  
HBMCOMPILE(16)  
MAIN(30)  
###################

20210628 - 18:53:19 >>  [ERROR] (CODE:20200625113952) Compilation errors when compilation code/bootstrap.prg : Compilation error : Can't open #include file 'vbase.ch'

# Called from : 
VCOMPILE:COMPILE(185)  
VEXECUTE:EXECFROMPRG(205)  
HBMLOAD(24)  
HBMBOOTSTRAP(10)  
HBMSTART(4)  
MAIN(23)  
###################

20210628 - 18:53:19 >>  [ERROR] (CODE:20200717110513) Probable compile error / GetResultCompiler return .f. after compile file code/bootstrap.prg

# Called from : 
VEXECUTE:EXECFROMPRG(213)  
HBMLOAD(24)  
HBMBOOTSTRAP(10)  
HBMSTART(4)  
MAIN(23)  
###################

20210628 - 18:58:38 >>  [ERROR] (CODE:20200625113952) Compilation errors when compilation code/bancoconta.prg : Compilation error : Syntax error "syntax error at 'CMD'"

# Called from : 
VCOMPILE:COMPILE(185)  
VEXECUTE:EXECFROMPRG(205)  
HBMLOAD(24)  
HBM_BOOTSTRAP(42)  
VEXECUTE:EXECFROMBUFF(449)  
VEXECUTE:EXECFROMPRG(208)  
HBMLOAD(24)  
HBMBOOTSTRAP(10)  
HBMSTART(4)  
MAIN(23)  
###################

20210628 - 18:58:38 >>  [ERROR] (CODE:20200717110513) Probable compile error / GetResultCompiler return .f. after compile file code/bancoconta.prg

# Called from : 
VEXECUTE:EXECFROMPRG(213)  
HBMLOAD(24)  
HBM_BOOTSTRAP(42)  
VEXECUTE:EXECFROMBUFF(449)  
VEXECUTE:EXECFROMPRG(208)  
HBMLOAD(24)  
HBMBOOTSTRAP(10)  
HBMSTART(4)  
MAIN(23)  
###################

20210628 - 19:03:35 >>  [ERROR] (CODE:20200625113952) Compilation errors when compilation code/bancoconta.prg : Compilation error : Can't open #include file 'bancoconta.txt'

# Called from : 
VCOMPILE:COMPILE(185)  
VEXECUTE:EXECFROMPRG(205)  
HBMLOAD(24)  
HBM_BOOTSTRAP(42)  
VEXECUTE:EXECFROMBUFF(449)  
VEXECUTE:EXECFROMPRG(208)  
HBMLOAD(24)  
HBMBOOTSTRAP(10)  
HBMSTART(4)  
MAIN(23)  
###################

20210628 - 19:03:35 >>  [ERROR] (CODE:20200717110513) Probable compile error / GetResultCompiler return .f. after compile file code/bancoconta.prg

# Called from : 
VEXECUTE:EXECFROMPRG(213)  
HBMLOAD(24)  
HBM_BOOTSTRAP(42)  
VEXECUTE:EXECFROMBUFF(449)  
VEXECUTE:EXECFROMPRG(208)  
HBMLOAD(24)  
HBMBOOTSTRAP(10)  
HBMSTART(4)  
MAIN(23)  
###################

20210628 - 19:04:05 >>  [ERROR] (CODE:20200625113952) Compilation errors when compilation code/bancoconta.prg : Compilation error : Can't open #include file 'bancoconta.txt'

# Called from : 
VCOMPILE:COMPILE(185)  
VEXECUTE:EXECFROMPRG(205)  
HBMLOAD(24)  
HBM_BOOTSTRAP(42)  
VEXECUTE:EXECFROMBUFF(449)  
VEXECUTE:EXECFROMPRG(208)  
HBMLOAD(24)  
HBMBOOTSTRAP(10)  
HBMSTART(4)  
MAIN(23)  
###################

20210628 - 19:04:05 >>  [ERROR] (CODE:20200717110513) Probable compile error / GetResultCompiler return .f. after compile file code/bancoconta.prg

# Called from : 
VEXECUTE:EXECFROMPRG(213)  
HBMLOAD(24)  
HBM_BOOTSTRAP(42)  
VEXECUTE:EXECFROMBUFF(449)  
VEXECUTE:EXECFROMPRG(208)  
HBMLOAD(24)  
HBMBOOTSTRAP(10)  
HBMSTART(4)  
MAIN(23)  
###################

