***************************** BEGIN LOG HEADER ************************************
File created at : 20210630 01:42:21
***************************** END LOG HEADER **************************************

20210630 - 01:42:21 >>  [ERROR] Invalid page

# Called from : 
VSQLITE:MOUNTQUERY(728)  
VSQLITE:EXECUTEQUERY(263)  
VSQLITE:EXECUTEQUERYTODBF(1250)  
FQUERYTODBF(113)  
VBROWSECMD:OPEN(204)  
VBROWSECMD:REFRESH(1090)  
VBROWSECMD:NEXTPAGE(1392)  
VBROWSECMD:SHOW(632)  
HBM_BANCOCONTA(22)  
VEXECUTE:EXECFROMBUFF(449)  
VEXECUTE:EXECFROMPRG(208)  
HBMLOAD(24)  
HBM_BOOTSTRAP(42)  
VEXECUTE:EXECFROMBUFF(449)  
VEXECUTE:EXECFROMPRG(208)  
HBMLOAD(24)  
HBMBOOTSTRAP(10)  
HBMSTART(4)  
MAIN(23)  
###################

20210630 - 01:42:21 >>  [ERROR] (CODE:20200622053657) not an error

# Called from : 
VSQLITE:EXECUTEQUERY(271)  
VSQLITE:EXECUTEQUERYTODBF(1250)  
FQUERYTODBF(113)  
VBROWSECMD:OPEN(204)  
VBROWSECMD:REFRESH(1090)  
VBROWSECMD:NEXTPAGE(1392)  
VBROWSECMD:SHOW(632)  
HBM_BANCOCONTA(22)  
VEXECUTE:EXECFROMBUFF(449)  
VEXECUTE:EXECFROMPRG(208)  
HBMLOAD(24)  
HBM_BOOTSTRAP(42)  
VEXECUTE:EXECFROMBUFF(449)  
VEXECUTE:EXECFROMPRG(208)  
HBMLOAD(24)  
HBMBOOTSTRAP(10)  
HBMSTART(4)  
MAIN(23)  
###################

20210630 - 01:42:21 >>  [ERROR] (CODE:20200625105833) Execution error: "hbm_bancoconta" => "Alias n∆o existe"("VBROWSECMD510")  ARGS : NIL /  GENCODE : 15 /  FILENAME : "" /  OPERATION : "VBROWSECMD510"

# Called from : 
VEXECUTE:EXECFROMBUFF(462)  
VEXECUTE:EXECFROMPRG(208)  
HBMLOAD(24)  
HBM_BOOTSTRAP(42)  
VEXECUTE:EXECFROMBUFF(449)  
VEXECUTE:EXECFROMPRG(208)  
HBMLOAD(24)  
HBMBOOTSTRAP(10)  
HBMSTART(4)  
MAIN(23)  
###################

