***************************** BEGIN LOG HEADER ************************************
File created at : 20210802 21:04:33
***************************** END LOG HEADER **************************************

20210802 - 21:04:33 >>  [INFO] After execute with return : 13

# Called from : 
VEXECUTE:EXECFROMBUFF(527)  
VEXECUTE:EXECFROMPRG(209)  
HBMLOAD(28)  
HBMBOOTSTRAP(12)  
HBMSTART(6)  
MAIN(29)  
###################

20210802 - 21:04:33 >>  [INFO] After send buffer to execute

# Called from : 
VEXECUTE:EXECFROMPRG(210)  
HBMLOAD(28)  
HBMBOOTSTRAP(12)  
HBMSTART(6)  
MAIN(29)  
###################

