***************************** BEGIN LOG HEADER ************************************
File created at : 20210705 12:16:35
***************************** END LOG HEADER **************************************

20210705 - 12:16:35 >>  [INFO] Data base open successfully

# Called from : 
VSQLITE:OPEN(134)  
FQUERYTODBF(94)  
BOXSEARCH(164)  
TUIBROWSERSEARCH(66)  
TUISEARCH(26)  
__ACTIVEF3INGET(36)  
(b)VGETCMD_SHOW(494)  
HBGETLIST:GETDOSETKEY(661)  
HBGETLIST:GETAPPLYKEY(344)  
HBGETLIST:READER(285)  
HBGETLIST:READMODAL(208)  
READMODAL(0)  
VGETCMD:SHOW(495)  
HBM_BOOTSTRAP(39)  
VEXECUTE:EXECFROMBUFF(449)  
VEXECUTE:EXECFROMPRG(208)  
HBMLOAD(24)  
HBMBOOTSTRAP(10)  
HBMSTART(4)  
MAIN(23)  
###################

20210705 - 12:16:35 >>  [INFO] Data base open successfully

# Called from : 
FQUERYTODBF(98)  
BOXSEARCH(164)  
TUIBROWSERSEARCH(66)  
TUISEARCH(26)  
__ACTIVEF3INGET(36)  
(b)VGETCMD_SHOW(494)  
HBGETLIST:GETDOSETKEY(661)  
HBGETLIST:GETAPPLYKEY(344)  
HBGETLIST:READER(285)  
HBGETLIST:READMODAL(208)  
READMODAL(0)  
VGETCMD:SHOW(495)  
HBM_BOOTSTRAP(39)  
VEXECUTE:EXECFROMBUFF(449)  
VEXECUTE:EXECFROMPRG(208)  
HBMLOAD(24)  
HBMBOOTSTRAP(10)  
HBMSTART(4)  
MAIN(23)  
###################

20210705 - 12:16:35 >>  [INFO] Mounted query : SELECT * FROM EMP / Original : SELECT * FROM EMP, nPage : 1, nLimit : 0

# Called from : 
VSQLITE:MOUNTQUERY(730)  
VSQLITE:EXECUTEQUERY(263)  
VSQLITE:EXECUTEQUERYTODBF(1250)  
FQUERYTODBF(113)  
BOXSEARCH(164)  
TUIBROWSERSEARCH(66)  
TUISEARCH(26)  
__ACTIVEF3INGET(36)  
(b)VGETCMD_SHOW(494)  
HBGETLIST:GETDOSETKEY(661)  
HBGETLIST:GETAPPLYKEY(344)  
HBGETLIST:READER(285)  
HBGETLIST:READMODAL(208)  
READMODAL(0)  
VGETCMD:SHOW(495)  
HBM_BOOTSTRAP(39)  
VEXECUTE:EXECFROMBUFF(449)  
VEXECUTE:EXECFROMPRG(208)  
HBMLOAD(24)  
HBMBOOTSTRAP(10)  
HBMSTART(4)  
MAIN(23)  
###################

20210705 - 12:16:35 >>  [INFO] Mounted query : SELECT * FROM EMP / Original : SELECT * FROM EMP, nPage : 1, nLimit : 0

# Called from : 
FQUERYTODBF(116)  
BOXSEARCH(164)  
TUIBROWSERSEARCH(66)  
TUISEARCH(26)  
__ACTIVEF3INGET(36)  
(b)VGETCMD_SHOW(494)  
HBGETLIST:GETDOSETKEY(661)  
HBGETLIST:GETAPPLYKEY(344)  
HBGETLIST:READER(285)  
HBGETLIST:READMODAL(208)  
READMODAL(0)  
VGETCMD:SHOW(495)  
HBM_BOOTSTRAP(39)  
VEXECUTE:EXECFROMBUFF(449)  
VEXECUTE:EXECFROMPRG(208)  
HBMLOAD(24)  
HBMBOOTSTRAP(10)  
HBMSTART(4)  
MAIN(23)  
###################

20210705 - 12:16:45 >>  [INFO] Data base open successfully

# Called from : 
VSQLITE:OPEN(134)  
FQUERYTODBF(94)  
BOXSEARCH(164)  
TUIBROWSERSEARCH(108)  
TUISEARCH(26)  
__ACTIVEF3INGET(36)  
(b)VGETCMD_SHOW(494)  
HBGETLIST:GETDOSETKEY(661)  
HBGETLIST:GETAPPLYKEY(344)  
HBGETLIST:READER(285)  
HBGETLIST:READMODAL(208)  
READMODAL(0)  
VGETCMD:SHOW(495)  
HBM_BOOTSTRAP(39)  
VEXECUTE:EXECFROMBUFF(449)  
VEXECUTE:EXECFROMPRG(208)  
HBMLOAD(24)  
HBMBOOTSTRAP(10)  
HBMSTART(4)  
MAIN(23)  
###################

20210705 - 12:16:45 >>  [INFO] Data base open successfully

# Called from : 
FQUERYTODBF(98)  
BOXSEARCH(164)  
TUIBROWSERSEARCH(108)  
TUISEARCH(26)  
__ACTIVEF3INGET(36)  
(b)VGETCMD_SHOW(494)  
HBGETLIST:GETDOSETKEY(661)  
HBGETLIST:GETAPPLYKEY(344)  
HBGETLIST:READER(285)  
HBGETLIST:READMODAL(208)  
READMODAL(0)  
VGETCMD:SHOW(495)  
HBM_BOOTSTRAP(39)  
VEXECUTE:EXECFROMBUFF(449)  
VEXECUTE:EXECFROMPRG(208)  
HBMLOAD(24)  
HBMBOOTSTRAP(10)  
HBMSTART(4)  
MAIN(23)  
###################

20210705 - 12:16:45 >>  [INFO] Mounted query : SELECT * FROM EMP WHERE ename LIKE '%SMIT%' / Original : SELECT * FROM EMP WHERE ename LIKE '%SMIT%', nPage : 1, nLimit : 0

# Called from : 
VSQLITE:MOUNTQUERY(730)  
VSQLITE:EXECUTEQUERY(263)  
VSQLITE:EXECUTEQUERYTODBF(1250)  
FQUERYTODBF(113)  
BOXSEARCH(164)  
TUIBROWSERSEARCH(108)  
TUISEARCH(26)  
__ACTIVEF3INGET(36)  
(b)VGETCMD_SHOW(494)  
HBGETLIST:GETDOSETKEY(661)  
HBGETLIST:GETAPPLYKEY(344)  
HBGETLIST:READER(285)  
HBGETLIST:READMODAL(208)  
READMODAL(0)  
VGETCMD:SHOW(495)  
HBM_BOOTSTRAP(39)  
VEXECUTE:EXECFROMBUFF(449)  
VEXECUTE:EXECFROMPRG(208)  
HBMLOAD(24)  
HBMBOOTSTRAP(10)  
HBMSTART(4)  
MAIN(23)  
###################

20210705 - 12:16:45 >>  [INFO] Mounted query : SELECT * FROM EMP WHERE ename LIKE '%SMIT%' / Original : SELECT * FROM EMP WHERE ename LIKE '%SMIT%', nPage : 1, nLimit : 0

# Called from : 
FQUERYTODBF(116)  
BOXSEARCH(164)  
TUIBROWSERSEARCH(108)  
TUISEARCH(26)  
__ACTIVEF3INGET(36)  
(b)VGETCMD_SHOW(494)  
HBGETLIST:GETDOSETKEY(661)  
HBGETLIST:GETAPPLYKEY(344)  
HBGETLIST:READER(285)  
HBGETLIST:READMODAL(208)  
READMODAL(0)  
VGETCMD:SHOW(495)  
HBM_BOOTSTRAP(39)  
VEXECUTE:EXECFROMBUFF(449)  
VEXECUTE:EXECFROMPRG(208)  
HBMLOAD(24)  
HBMBOOTSTRAP(10)  
HBMSTART(4)  
MAIN(23)  
###################

20210705 - 12:16:46 >>  [INFO] Data base open successfully

# Called from : 
VSQLITE:OPEN(134)  
FQUERYTODBF(94)  
VLJ_DLOOKUPTODEFCONTROL(301)  
TUILOOKUP(55)  
VGETCMD:EXECLOOKUP(565)  
(b)VGETCMD_SHOW(480)  
HBGETLIST:GETPOSTVALIDATE(625)  
HBGETLIST:READER(305)  
HBGETLIST:READMODAL(208)  
READMODAL(0)  
VGETCMD:SHOW(495)  
HBM_BOOTSTRAP(39)  
VEXECUTE:EXECFROMBUFF(449)  
VEXECUTE:EXECFROMPRG(208)  
HBMLOAD(24)  
HBMBOOTSTRAP(10)  
HBMSTART(4)  
MAIN(23)  
###################

20210705 - 12:16:46 >>  [INFO] Data base open successfully

# Called from : 
FQUERYTODBF(98)  
VLJ_DLOOKUPTODEFCONTROL(301)  
TUILOOKUP(55)  
VGETCMD:EXECLOOKUP(565)  
(b)VGETCMD_SHOW(480)  
HBGETLIST:GETPOSTVALIDATE(625)  
HBGETLIST:READER(305)  
HBGETLIST:READMODAL(208)  
READMODAL(0)  
VGETCMD:SHOW(495)  
HBM_BOOTSTRAP(39)  
VEXECUTE:EXECFROMBUFF(449)  
VEXECUTE:EXECFROMPRG(208)  
HBMLOAD(24)  
HBMBOOTSTRAP(10)  
HBMSTART(4)  
MAIN(23)  
###################

20210705 - 12:16:46 >>  [INFO] Mounted query : SELECT * FROM EMP WHERE EMPNO=7369 / Original : SELECT * FROM EMP WHERE EMPNO=7369, nPage : 1, nLimit : 0

# Called from : 
VSQLITE:MOUNTQUERY(730)  
VSQLITE:EXECUTEQUERY(263)  
VSQLITE:EXECUTEQUERYTODBF(1250)  
FQUERYTODBF(113)  
VLJ_DLOOKUPTODEFCONTROL(301)  
TUILOOKUP(55)  
VGETCMD:EXECLOOKUP(565)  
(b)VGETCMD_SHOW(480)  
HBGETLIST:GETPOSTVALIDATE(625)  
HBGETLIST:READER(305)  
HBGETLIST:READMODAL(208)  
READMODAL(0)  
VGETCMD:SHOW(495)  
HBM_BOOTSTRAP(39)  
VEXECUTE:EXECFROMBUFF(449)  
VEXECUTE:EXECFROMPRG(208)  
HBMLOAD(24)  
HBMBOOTSTRAP(10)  
HBMSTART(4)  
MAIN(23)  
###################

20210705 - 12:16:46 >>  [INFO] Mounted query : SELECT * FROM EMP WHERE EMPNO=7369 / Original : SELECT * FROM EMP WHERE EMPNO=7369, nPage : 1, nLimit : 0

# Called from : 
FQUERYTODBF(116)  
VLJ_DLOOKUPTODEFCONTROL(301)  
TUILOOKUP(55)  
VGETCMD:EXECLOOKUP(565)  
(b)VGETCMD_SHOW(480)  
HBGETLIST:GETPOSTVALIDATE(625)  
HBGETLIST:READER(305)  
HBGETLIST:READMODAL(208)  
READMODAL(0)  
VGETCMD:SHOW(495)  
HBM_BOOTSTRAP(39)  
VEXECUTE:EXECFROMBUFF(449)  
VEXECUTE:EXECFROMPRG(208)  
HBMLOAD(24)  
HBMBOOTSTRAP(10)  
HBMSTART(4)  
MAIN(23)  
###################

20210705 - 12:17:02 >>  [INFO] Data base open successfully

# Called from : 
VSQLITE:OPEN(134)  
FQUERYTODBF(94)  
BOXSEARCH(164)  
TUIBROWSERSEARCH(66)  
TUISEARCH(26)  
__ACTIVEF3INGET(36)  
(b)VGETCMD_SHOW(494)  
HBGETLIST:GETDOSETKEY(661)  
HBGETLIST:GETAPPLYKEY(344)  
HBGETLIST:READER(285)  
HBGETLIST:READMODAL(208)  
READMODAL(0)  
VGETCMD:SHOW(495)  
HBM_BOOTSTRAP(39)  
VEXECUTE:EXECFROMBUFF(449)  
VEXECUTE:EXECFROMPRG(208)  
HBMLOAD(24)  
HBMBOOTSTRAP(10)  
HBMSTART(4)  
MAIN(23)  
###################

20210705 - 12:17:02 >>  [INFO] Data base open successfully

# Called from : 
FQUERYTODBF(98)  
BOXSEARCH(164)  
TUIBROWSERSEARCH(66)  
TUISEARCH(26)  
__ACTIVEF3INGET(36)  
(b)VGETCMD_SHOW(494)  
HBGETLIST:GETDOSETKEY(661)  
HBGETLIST:GETAPPLYKEY(344)  
HBGETLIST:READER(285)  
HBGETLIST:READMODAL(208)  
READMODAL(0)  
VGETCMD:SHOW(495)  
HBM_BOOTSTRAP(39)  
VEXECUTE:EXECFROMBUFF(449)  
VEXECUTE:EXECFROMPRG(208)  
HBMLOAD(24)  
HBMBOOTSTRAP(10)  
HBMSTART(4)  
MAIN(23)  
###################

20210705 - 12:17:02 >>  [INFO] Mounted query : SELECT * FROM EMP / Original : SELECT * FROM EMP, nPage : 1, nLimit : 0

# Called from : 
VSQLITE:MOUNTQUERY(730)  
VSQLITE:EXECUTEQUERY(263)  
VSQLITE:EXECUTEQUERYTODBF(1250)  
FQUERYTODBF(113)  
BOXSEARCH(164)  
TUIBROWSERSEARCH(66)  
TUISEARCH(26)  
__ACTIVEF3INGET(36)  
(b)VGETCMD_SHOW(494)  
HBGETLIST:GETDOSETKEY(661)  
HBGETLIST:GETAPPLYKEY(344)  
HBGETLIST:READER(285)  
HBGETLIST:READMODAL(208)  
READMODAL(0)  
VGETCMD:SHOW(495)  
HBM_BOOTSTRAP(39)  
VEXECUTE:EXECFROMBUFF(449)  
VEXECUTE:EXECFROMPRG(208)  
HBMLOAD(24)  
HBMBOOTSTRAP(10)  
HBMSTART(4)  
MAIN(23)  
###################

20210705 - 12:17:02 >>  [INFO] Mounted query : SELECT * FROM EMP / Original : SELECT * FROM EMP, nPage : 1, nLimit : 0

# Called from : 
FQUERYTODBF(116)  
BOXSEARCH(164)  
TUIBROWSERSEARCH(66)  
TUISEARCH(26)  
__ACTIVEF3INGET(36)  
(b)VGETCMD_SHOW(494)  
HBGETLIST:GETDOSETKEY(661)  
HBGETLIST:GETAPPLYKEY(344)  
HBGETLIST:READER(285)  
HBGETLIST:READMODAL(208)  
READMODAL(0)  
VGETCMD:SHOW(495)  
HBM_BOOTSTRAP(39)  
VEXECUTE:EXECFROMBUFF(449)  
VEXECUTE:EXECFROMPRG(208)  
HBMLOAD(24)  
HBMBOOTSTRAP(10)  
HBMSTART(4)  
MAIN(23)  
###################

20210705 - 12:17:15 >>  [INFO] Data base open successfully

# Called from : 
VSQLITE:OPEN(134)  
FQUERYTODBF(94)  
VLJ_DLOOKUPTODEFCONTROL(301)  
TUILOOKUP(55)  
VGETCMD:EXECLOOKUP(565)  
(b)VGETCMD_SHOW(480)  
HBGETLIST:GETPOSTVALIDATE(625)  
HBGETLIST:READER(305)  
HBGETLIST:READMODAL(208)  
READMODAL(0)  
VGETCMD:SHOW(495)  
HBM_BOOTSTRAP(39)  
VEXECUTE:EXECFROMBUFF(449)  
VEXECUTE:EXECFROMPRG(208)  
HBMLOAD(24)  
HBMBOOTSTRAP(10)  
HBMSTART(4)  
MAIN(23)  
###################

20210705 - 12:17:15 >>  [INFO] Data base open successfully

# Called from : 
FQUERYTODBF(98)  
VLJ_DLOOKUPTODEFCONTROL(301)  
TUILOOKUP(55)  
VGETCMD:EXECLOOKUP(565)  
(b)VGETCMD_SHOW(480)  
HBGETLIST:GETPOSTVALIDATE(625)  
HBGETLIST:READER(305)  
HBGETLIST:READMODAL(208)  
READMODAL(0)  
VGETCMD:SHOW(495)  
HBM_BOOTSTRAP(39)  
VEXECUTE:EXECFROMBUFF(449)  
VEXECUTE:EXECFROMPRG(208)  
HBMLOAD(24)  
HBMBOOTSTRAP(10)  
HBMSTART(4)  
MAIN(23)  
###################

20210705 - 12:17:16 >>  [INFO] Mounted query : SELECT * FROM EMP WHERE EMPNO=7782 / Original : SELECT * FROM EMP WHERE EMPNO=7782, nPage : 1, nLimit : 0

# Called from : 
VSQLITE:MOUNTQUERY(730)  
VSQLITE:EXECUTEQUERY(263)  
VSQLITE:EXECUTEQUERYTODBF(1250)  
FQUERYTODBF(113)  
VLJ_DLOOKUPTODEFCONTROL(301)  
TUILOOKUP(55)  
VGETCMD:EXECLOOKUP(565)  
(b)VGETCMD_SHOW(480)  
HBGETLIST:GETPOSTVALIDATE(625)  
HBGETLIST:READER(305)  
HBGETLIST:READMODAL(208)  
READMODAL(0)  
VGETCMD:SHOW(495)  
HBM_BOOTSTRAP(39)  
VEXECUTE:EXECFROMBUFF(449)  
VEXECUTE:EXECFROMPRG(208)  
HBMLOAD(24)  
HBMBOOTSTRAP(10)  
HBMSTART(4)  
MAIN(23)  
###################

20210705 - 12:17:16 >>  [INFO] Mounted query : SELECT * FROM EMP WHERE EMPNO=7782 / Original : SELECT * FROM EMP WHERE EMPNO=7782, nPage : 1, nLimit : 0

# Called from : 
FQUERYTODBF(116)  
VLJ_DLOOKUPTODEFCONTROL(301)  
TUILOOKUP(55)  
VGETCMD:EXECLOOKUP(565)  
(b)VGETCMD_SHOW(480)  
HBGETLIST:GETPOSTVALIDATE(625)  
HBGETLIST:READER(305)  
HBGETLIST:READMODAL(208)  
READMODAL(0)  
VGETCMD:SHOW(495)  
HBM_BOOTSTRAP(39)  
VEXECUTE:EXECFROMBUFF(449)  
VEXECUTE:EXECFROMPRG(208)  
HBMLOAD(24)  
HBMBOOTSTRAP(10)  
HBMSTART(4)  
MAIN(23)  
###################

20210705 - 12:19:09 >>  [INFO] After execute with return : 13

# Called from : 
VEXECUTE:EXECFROMBUFF(450)  
VEXECUTE:EXECFROMPRG(208)  
HBMLOAD(24)  
HBMBOOTSTRAP(10)  
HBMSTART(4)  
MAIN(23)  
###################

20210705 - 12:19:09 >>  [INFO] After send buffer to execute

# Called from : 
VEXECUTE:EXECFROMPRG(209)  
HBMLOAD(24)  
HBMBOOTSTRAP(10)  
HBMSTART(4)  
MAIN(23)  
###################

20210705 - 12:19:16 >>  [INFO] Data base open successfully

# Called from : 
VSQLITE:OPEN(134)  
FQUERYTODBF(94)  
VLJ_DLOOKUPTODEFCONTROL(301)  
TUILOOKUP(55)  
VGETCMD:EXECLOOKUP(565)  
(b)VGETCMD_SHOW(480)  
HBGETLIST:GETPOSTVALIDATE(625)  
HBGETLIST:READER(305)  
HBGETLIST:READMODAL(208)  
READMODAL(0)  
VGETCMD:SHOW(495)  
HBM_BOOTSTRAP(39)  
VEXECUTE:EXECFROMBUFF(449)  
VEXECUTE:EXECFROMPRG(208)  
HBMLOAD(24)  
HBMBOOTSTRAP(10)  
HBMSTART(4)  
MAIN(23)  
###################

20210705 - 12:19:16 >>  [INFO] Data base open successfully

# Called from : 
FQUERYTODBF(98)  
VLJ_DLOOKUPTODEFCONTROL(301)  
TUILOOKUP(55)  
VGETCMD:EXECLOOKUP(565)  
(b)VGETCMD_SHOW(480)  
HBGETLIST:GETPOSTVALIDATE(625)  
HBGETLIST:READER(305)  
HBGETLIST:READMODAL(208)  
READMODAL(0)  
VGETCMD:SHOW(495)  
HBM_BOOTSTRAP(39)  
VEXECUTE:EXECFROMBUFF(449)  
VEXECUTE:EXECFROMPRG(208)  
HBMLOAD(24)  
HBMBOOTSTRAP(10)  
HBMSTART(4)  
MAIN(23)  
###################

20210705 - 12:19:16 >>  [INFO] Mounted query : SELECT * FROM EMP WHERE EMPNO=765 / Original : SELECT * FROM EMP WHERE EMPNO=765, nPage : 1, nLimit : 0

# Called from : 
VSQLITE:MOUNTQUERY(730)  
VSQLITE:EXECUTEQUERY(263)  
VSQLITE:EXECUTEQUERYTODBF(1250)  
FQUERYTODBF(113)  
VLJ_DLOOKUPTODEFCONTROL(301)  
TUILOOKUP(55)  
VGETCMD:EXECLOOKUP(565)  
(b)VGETCMD_SHOW(480)  
HBGETLIST:GETPOSTVALIDATE(625)  
HBGETLIST:READER(305)  
HBGETLIST:READMODAL(208)  
READMODAL(0)  
VGETCMD:SHOW(495)  
HBM_BOOTSTRAP(39)  
VEXECUTE:EXECFROMBUFF(449)  
VEXECUTE:EXECFROMPRG(208)  
HBMLOAD(24)  
HBMBOOTSTRAP(10)  
HBMSTART(4)  
MAIN(23)  
###################

20210705 - 12:19:16 >>  [WARNING] (CODE:20200703153458) No data

# Called from : 
VSQLITE:EXECUTEQUERYTODBF(1355)  
FQUERYTODBF(113)  
VLJ_DLOOKUPTODEFCONTROL(301)  
TUILOOKUP(55)  
VGETCMD:EXECLOOKUP(565)  
(b)VGETCMD_SHOW(480)  
HBGETLIST:GETPOSTVALIDATE(625)  
HBGETLIST:READER(305)  
HBGETLIST:READMODAL(208)  
READMODAL(0)  
VGETCMD:SHOW(495)  
HBM_BOOTSTRAP(39)  
VEXECUTE:EXECFROMBUFF(449)  
VEXECUTE:EXECFROMPRG(208)  
HBMLOAD(24)  
HBMBOOTSTRAP(10)  
HBMSTART(4)  
MAIN(23)  
###################

20210705 - 12:19:16 >>  [INFO] No data

# Called from : 
FQUERYTODBF(116)  
VLJ_DLOOKUPTODEFCONTROL(301)  
TUILOOKUP(55)  
VGETCMD:EXECLOOKUP(565)  
(b)VGETCMD_SHOW(480)  
HBGETLIST:GETPOSTVALIDATE(625)  
HBGETLIST:READER(305)  
HBGETLIST:READMODAL(208)  
READMODAL(0)  
VGETCMD:SHOW(495)  
HBM_BOOTSTRAP(39)  
VEXECUTE:EXECFROMBUFF(449)  
VEXECUTE:EXECFROMPRG(208)  
HBMLOAD(24)  
HBMBOOTSTRAP(10)  
HBMSTART(4)  
MAIN(23)  
###################

20210705 - 12:19:23 >>  [INFO] Data base open successfully

# Called from : 
VSQLITE:OPEN(134)  
FQUERYTODBF(94)  
BOXSEARCH(164)  
TUIBROWSERSEARCH(66)  
TUISEARCH(26)  
__ACTIVEF3INGET(36)  
(b)VGETCMD_SHOW(494)  
HBGETLIST:GETDOSETKEY(661)  
HBGETLIST:GETAPPLYKEY(344)  
HBGETLIST:READER(285)  
HBGETLIST:READMODAL(208)  
READMODAL(0)  
VGETCMD:SHOW(495)  
HBM_BOOTSTRAP(39)  
VEXECUTE:EXECFROMBUFF(449)  
VEXECUTE:EXECFROMPRG(208)  
HBMLOAD(24)  
HBMBOOTSTRAP(10)  
HBMSTART(4)  
MAIN(23)  
###################

20210705 - 12:19:23 >>  [INFO] Data base open successfully

# Called from : 
FQUERYTODBF(98)  
BOXSEARCH(164)  
TUIBROWSERSEARCH(66)  
TUISEARCH(26)  
__ACTIVEF3INGET(36)  
(b)VGETCMD_SHOW(494)  
HBGETLIST:GETDOSETKEY(661)  
HBGETLIST:GETAPPLYKEY(344)  
HBGETLIST:READER(285)  
HBGETLIST:READMODAL(208)  
READMODAL(0)  
VGETCMD:SHOW(495)  
HBM_BOOTSTRAP(39)  
VEXECUTE:EXECFROMBUFF(449)  
VEXECUTE:EXECFROMPRG(208)  
HBMLOAD(24)  
HBMBOOTSTRAP(10)  
HBMSTART(4)  
MAIN(23)  
###################

20210705 - 12:19:24 >>  [INFO] Mounted query : SELECT * FROM EMP / Original : SELECT * FROM EMP, nPage : 1, nLimit : 0

# Called from : 
VSQLITE:MOUNTQUERY(730)  
VSQLITE:EXECUTEQUERY(263)  
VSQLITE:EXECUTEQUERYTODBF(1250)  
FQUERYTODBF(113)  
BOXSEARCH(164)  
TUIBROWSERSEARCH(66)  
TUISEARCH(26)  
__ACTIVEF3INGET(36)  
(b)VGETCMD_SHOW(494)  
HBGETLIST:GETDOSETKEY(661)  
HBGETLIST:GETAPPLYKEY(344)  
HBGETLIST:READER(285)  
HBGETLIST:READMODAL(208)  
READMODAL(0)  
VGETCMD:SHOW(495)  
HBM_BOOTSTRAP(39)  
VEXECUTE:EXECFROMBUFF(449)  
VEXECUTE:EXECFROMPRG(208)  
HBMLOAD(24)  
HBMBOOTSTRAP(10)  
HBMSTART(4)  
MAIN(23)  
###################

20210705 - 12:19:24 >>  [INFO] Mounted query : SELECT * FROM EMP / Original : SELECT * FROM EMP, nPage : 1, nLimit : 0

# Called from : 
FQUERYTODBF(116)  
BOXSEARCH(164)  
TUIBROWSERSEARCH(66)  
TUISEARCH(26)  
__ACTIVEF3INGET(36)  
(b)VGETCMD_SHOW(494)  
HBGETLIST:GETDOSETKEY(661)  
HBGETLIST:GETAPPLYKEY(344)  
HBGETLIST:READER(285)  
HBGETLIST:READMODAL(208)  
READMODAL(0)  
VGETCMD:SHOW(495)  
HBM_BOOTSTRAP(39)  
VEXECUTE:EXECFROMBUFF(449)  
VEXECUTE:EXECFROMPRG(208)  
HBMLOAD(24)  
HBMBOOTSTRAP(10)  
HBMSTART(4)  
MAIN(23)  
###################

20210705 - 12:19:25 >>  [INFO] Data base open successfully

# Called from : 
VSQLITE:OPEN(134)  
FQUERYTODBF(94)  
VLJ_DLOOKUPTODEFCONTROL(301)  
TUILOOKUP(55)  
VGETCMD:EXECLOOKUP(565)  
(b)VGETCMD_SHOW(480)  
HBGETLIST:GETPOSTVALIDATE(625)  
HBGETLIST:READER(305)  
HBGETLIST:READMODAL(208)  
READMODAL(0)  
VGETCMD:SHOW(495)  
HBM_BOOTSTRAP(39)  
VEXECUTE:EXECFROMBUFF(449)  
VEXECUTE:EXECFROMPRG(208)  
HBMLOAD(24)  
HBMBOOTSTRAP(10)  
HBMSTART(4)  
MAIN(23)  
###################

20210705 - 12:19:25 >>  [INFO] Data base open successfully

# Called from : 
FQUERYTODBF(98)  
VLJ_DLOOKUPTODEFCONTROL(301)  
TUILOOKUP(55)  
VGETCMD:EXECLOOKUP(565)  
(b)VGETCMD_SHOW(480)  
HBGETLIST:GETPOSTVALIDATE(625)  
HBGETLIST:READER(305)  
HBGETLIST:READMODAL(208)  
READMODAL(0)  
VGETCMD:SHOW(495)  
HBM_BOOTSTRAP(39)  
VEXECUTE:EXECFROMBUFF(449)  
VEXECUTE:EXECFROMPRG(208)  
HBMLOAD(24)  
HBMBOOTSTRAP(10)  
HBMSTART(4)  
MAIN(23)  
###################

20210705 - 12:19:25 >>  [INFO] Mounted query : SELECT * FROM EMP WHERE EMPNO=7369 / Original : SELECT * FROM EMP WHERE EMPNO=7369, nPage : 1, nLimit : 0

# Called from : 
VSQLITE:MOUNTQUERY(730)  
VSQLITE:EXECUTEQUERY(263)  
VSQLITE:EXECUTEQUERYTODBF(1250)  
FQUERYTODBF(113)  
VLJ_DLOOKUPTODEFCONTROL(301)  
TUILOOKUP(55)  
VGETCMD:EXECLOOKUP(565)  
(b)VGETCMD_SHOW(480)  
HBGETLIST:GETPOSTVALIDATE(625)  
HBGETLIST:READER(305)  
HBGETLIST:READMODAL(208)  
READMODAL(0)  
VGETCMD:SHOW(495)  
HBM_BOOTSTRAP(39)  
VEXECUTE:EXECFROMBUFF(449)  
VEXECUTE:EXECFROMPRG(208)  
HBMLOAD(24)  
HBMBOOTSTRAP(10)  
HBMSTART(4)  
MAIN(23)  
###################

20210705 - 12:19:25 >>  [INFO] Mounted query : SELECT * FROM EMP WHERE EMPNO=7369 / Original : SELECT * FROM EMP WHERE EMPNO=7369, nPage : 1, nLimit : 0

# Called from : 
FQUERYTODBF(116)  
VLJ_DLOOKUPTODEFCONTROL(301)  
TUILOOKUP(55)  
VGETCMD:EXECLOOKUP(565)  
(b)VGETCMD_SHOW(480)  
HBGETLIST:GETPOSTVALIDATE(625)  
HBGETLIST:READER(305)  
HBGETLIST:READMODAL(208)  
READMODAL(0)  
VGETCMD:SHOW(495)  
HBM_BOOTSTRAP(39)  
VEXECUTE:EXECFROMBUFF(449)  
VEXECUTE:EXECFROMPRG(208)  
HBMLOAD(24)  
HBMBOOTSTRAP(10)  
HBMSTART(4)  
MAIN(23)  
###################

20210705 - 12:19:30 >>  [INFO] Data base open successfully

# Called from : 
VSQLITE:OPEN(134)  
FQUERYTODBF(94)  
VLJ_DLOOKUPTODEFCONTROL(301)  
TUILOOKUP(55)  
VGETCMD:EXECLOOKUP(565)  
(b)VGETCMD_SHOW(480)  
HBGETLIST:GETPOSTVALIDATE(625)  
HBGETLIST:READER(305)  
HBGETLIST:READMODAL(208)  
READMODAL(0)  
VGETCMD:SHOW(495)  
HBM_BOOTSTRAP(39)  
VEXECUTE:EXECFROMBUFF(449)  
VEXECUTE:EXECFROMPRG(208)  
HBMLOAD(24)  
HBMBOOTSTRAP(10)  
HBMSTART(4)  
MAIN(23)  
###################

20210705 - 12:19:30 >>  [INFO] Data base open successfully

# Called from : 
FQUERYTODBF(98)  
VLJ_DLOOKUPTODEFCONTROL(301)  
TUILOOKUP(55)  
VGETCMD:EXECLOOKUP(565)  
(b)VGETCMD_SHOW(480)  
HBGETLIST:GETPOSTVALIDATE(625)  
HBGETLIST:READER(305)  
HBGETLIST:READMODAL(208)  
READMODAL(0)  
VGETCMD:SHOW(495)  
HBM_BOOTSTRAP(39)  
VEXECUTE:EXECFROMBUFF(449)  
VEXECUTE:EXECFROMPRG(208)  
HBMLOAD(24)  
HBMBOOTSTRAP(10)  
HBMSTART(4)  
MAIN(23)  
###################

20210705 - 12:19:30 >>  [INFO] Mounted query : SELECT * FROM EMP WHERE EMPNO=11 / Original : SELECT * FROM EMP WHERE EMPNO=11, nPage : 1, nLimit : 0

# Called from : 
VSQLITE:MOUNTQUERY(730)  
VSQLITE:EXECUTEQUERY(263)  
VSQLITE:EXECUTEQUERYTODBF(1250)  
FQUERYTODBF(113)  
VLJ_DLOOKUPTODEFCONTROL(301)  
TUILOOKUP(55)  
VGETCMD:EXECLOOKUP(565)  
(b)VGETCMD_SHOW(480)  
HBGETLIST:GETPOSTVALIDATE(625)  
HBGETLIST:READER(305)  
HBGETLIST:READMODAL(208)  
READMODAL(0)  
VGETCMD:SHOW(495)  
HBM_BOOTSTRAP(39)  
VEXECUTE:EXECFROMBUFF(449)  
VEXECUTE:EXECFROMPRG(208)  
HBMLOAD(24)  
HBMBOOTSTRAP(10)  
HBMSTART(4)  
MAIN(23)  
###################

20210705 - 12:19:30 >>  [WARNING] (CODE:20200703153458) No data

# Called from : 
VSQLITE:EXECUTEQUERYTODBF(1355)  
FQUERYTODBF(113)  
VLJ_DLOOKUPTODEFCONTROL(301)  
TUILOOKUP(55)  
VGETCMD:EXECLOOKUP(565)  
(b)VGETCMD_SHOW(480)  
HBGETLIST:GETPOSTVALIDATE(625)  
HBGETLIST:READER(305)  
HBGETLIST:READMODAL(208)  
READMODAL(0)  
VGETCMD:SHOW(495)  
HBM_BOOTSTRAP(39)  
VEXECUTE:EXECFROMBUFF(449)  
VEXECUTE:EXECFROMPRG(208)  
HBMLOAD(24)  
HBMBOOTSTRAP(10)  
HBMSTART(4)  
MAIN(23)  
###################

20210705 - 12:19:30 >>  [INFO] No data

# Called from : 
FQUERYTODBF(116)  
VLJ_DLOOKUPTODEFCONTROL(301)  
TUILOOKUP(55)  
VGETCMD:EXECLOOKUP(565)  
(b)VGETCMD_SHOW(480)  
HBGETLIST:GETPOSTVALIDATE(625)  
HBGETLIST:READER(305)  
HBGETLIST:READMODAL(208)  
READMODAL(0)  
VGETCMD:SHOW(495)  
HBM_BOOTSTRAP(39)  
VEXECUTE:EXECFROMBUFF(449)  
VEXECUTE:EXECFROMPRG(208)  
HBMLOAD(24)  
HBMBOOTSTRAP(10)  
HBMSTART(4)  
MAIN(23)  
###################

20210705 - 12:19:35 >>  [INFO] Data base open successfully

# Called from : 
VSQLITE:OPEN(134)  
FQUERYTODBF(94)  
VLJ_DLOOKUPTODEFCONTROL(301)  
TUILOOKUP(55)  
VGETCMD:EXECLOOKUP(565)  
(b)VGETCMD_SHOW(480)  
HBGETLIST:GETPOSTVALIDATE(625)  
HBGETLIST:READER(305)  
HBGETLIST:READMODAL(208)  
READMODAL(0)  
VGETCMD:SHOW(495)  
HBM_BOOTSTRAP(39)  
VEXECUTE:EXECFROMBUFF(449)  
VEXECUTE:EXECFROMPRG(208)  
HBMLOAD(24)  
HBMBOOTSTRAP(10)  
HBMSTART(4)  
MAIN(23)  
###################

20210705 - 12:19:35 >>  [INFO] Data base open successfully

# Called from : 
FQUERYTODBF(98)  
VLJ_DLOOKUPTODEFCONTROL(301)  
TUILOOKUP(55)  
VGETCMD:EXECLOOKUP(565)  
(b)VGETCMD_SHOW(480)  
HBGETLIST:GETPOSTVALIDATE(625)  
HBGETLIST:READER(305)  
HBGETLIST:READMODAL(208)  
READMODAL(0)  
VGETCMD:SHOW(495)  
HBM_BOOTSTRAP(39)  
VEXECUTE:EXECFROMBUFF(449)  
VEXECUTE:EXECFROMPRG(208)  
HBMLOAD(24)  
HBMBOOTSTRAP(10)  
HBMSTART(4)  
MAIN(23)  
###################

20210705 - 12:19:35 >>  [INFO] Mounted query : SELECT * FROM EMP WHERE EMPNO=7359 / Original : SELECT * FROM EMP WHERE EMPNO=7359, nPage : 1, nLimit : 0

# Called from : 
VSQLITE:MOUNTQUERY(730)  
VSQLITE:EXECUTEQUERY(263)  
VSQLITE:EXECUTEQUERYTODBF(1250)  
FQUERYTODBF(113)  
VLJ_DLOOKUPTODEFCONTROL(301)  
TUILOOKUP(55)  
VGETCMD:EXECLOOKUP(565)  
(b)VGETCMD_SHOW(480)  
HBGETLIST:GETPOSTVALIDATE(625)  
HBGETLIST:READER(305)  
HBGETLIST:READMODAL(208)  
READMODAL(0)  
VGETCMD:SHOW(495)  
HBM_BOOTSTRAP(39)  
VEXECUTE:EXECFROMBUFF(449)  
VEXECUTE:EXECFROMPRG(208)  
HBMLOAD(24)  
HBMBOOTSTRAP(10)  
HBMSTART(4)  
MAIN(23)  
###################

20210705 - 12:19:35 >>  [WARNING] (CODE:20200703153458) No data

# Called from : 
VSQLITE:EXECUTEQUERYTODBF(1355)  
FQUERYTODBF(113)  
VLJ_DLOOKUPTODEFCONTROL(301)  
TUILOOKUP(55)  
VGETCMD:EXECLOOKUP(565)  
(b)VGETCMD_SHOW(480)  
HBGETLIST:GETPOSTVALIDATE(625)  
HBGETLIST:READER(305)  
HBGETLIST:READMODAL(208)  
READMODAL(0)  
VGETCMD:SHOW(495)  
HBM_BOOTSTRAP(39)  
VEXECUTE:EXECFROMBUFF(449)  
VEXECUTE:EXECFROMPRG(208)  
HBMLOAD(24)  
HBMBOOTSTRAP(10)  
HBMSTART(4)  
MAIN(23)  
###################

20210705 - 12:19:36 >>  [INFO] No data

# Called from : 
FQUERYTODBF(116)  
VLJ_DLOOKUPTODEFCONTROL(301)  
TUILOOKUP(55)  
VGETCMD:EXECLOOKUP(565)  
(b)VGETCMD_SHOW(480)  
HBGETLIST:GETPOSTVALIDATE(625)  
HBGETLIST:READER(305)  
HBGETLIST:READMODAL(208)  
READMODAL(0)  
VGETCMD:SHOW(495)  
HBM_BOOTSTRAP(39)  
VEXECUTE:EXECFROMBUFF(449)  
VEXECUTE:EXECFROMPRG(208)  
HBMLOAD(24)  
HBMBOOTSTRAP(10)  
HBMSTART(4)  
MAIN(23)  
###################

20210705 - 12:19:39 >>  [INFO] Data base open successfully

# Called from : 
VSQLITE:OPEN(134)  
FQUERYTODBF(94)  
VLJ_DLOOKUPTODEFCONTROL(301)  
TUILOOKUP(55)  
VGETCMD:EXECLOOKUP(565)  
(b)VGETCMD_SHOW(480)  
HBGETLIST:GETPOSTVALIDATE(625)  
HBGETLIST:READER(305)  
HBGETLIST:READMODAL(208)  
READMODAL(0)  
VGETCMD:SHOW(495)  
HBM_BOOTSTRAP(39)  
VEXECUTE:EXECFROMBUFF(449)  
VEXECUTE:EXECFROMPRG(208)  
HBMLOAD(24)  
HBMBOOTSTRAP(10)  
HBMSTART(4)  
MAIN(23)  
###################

20210705 - 12:19:39 >>  [INFO] Data base open successfully

# Called from : 
FQUERYTODBF(98)  
VLJ_DLOOKUPTODEFCONTROL(301)  
TUILOOKUP(55)  
VGETCMD:EXECLOOKUP(565)  
(b)VGETCMD_SHOW(480)  
HBGETLIST:GETPOSTVALIDATE(625)  
HBGETLIST:READER(305)  
HBGETLIST:READMODAL(208)  
READMODAL(0)  
VGETCMD:SHOW(495)  
HBM_BOOTSTRAP(39)  
VEXECUTE:EXECFROMBUFF(449)  
VEXECUTE:EXECFROMPRG(208)  
HBMLOAD(24)  
HBMBOOTSTRAP(10)  
HBMSTART(4)  
MAIN(23)  
###################

20210705 - 12:19:39 >>  [INFO] Mounted query : SELECT * FROM EMP WHERE EMPNO=7369 / Original : SELECT * FROM EMP WHERE EMPNO=7369, nPage : 1, nLimit : 0

# Called from : 
VSQLITE:MOUNTQUERY(730)  
VSQLITE:EXECUTEQUERY(263)  
VSQLITE:EXECUTEQUERYTODBF(1250)  
FQUERYTODBF(113)  
VLJ_DLOOKUPTODEFCONTROL(301)  
TUILOOKUP(55)  
VGETCMD:EXECLOOKUP(565)  
(b)VGETCMD_SHOW(480)  
HBGETLIST:GETPOSTVALIDATE(625)  
HBGETLIST:READER(305)  
HBGETLIST:READMODAL(208)  
READMODAL(0)  
VGETCMD:SHOW(495)  
HBM_BOOTSTRAP(39)  
VEXECUTE:EXECFROMBUFF(449)  
VEXECUTE:EXECFROMPRG(208)  
HBMLOAD(24)  
HBMBOOTSTRAP(10)  
HBMSTART(4)  
MAIN(23)  
###################

20210705 - 12:19:39 >>  [INFO] Mounted query : SELECT * FROM EMP WHERE EMPNO=7369 / Original : SELECT * FROM EMP WHERE EMPNO=7369, nPage : 1, nLimit : 0

# Called from : 
FQUERYTODBF(116)  
VLJ_DLOOKUPTODEFCONTROL(301)  
TUILOOKUP(55)  
VGETCMD:EXECLOOKUP(565)  
(b)VGETCMD_SHOW(480)  
HBGETLIST:GETPOSTVALIDATE(625)  
HBGETLIST:READER(305)  
HBGETLIST:READMODAL(208)  
READMODAL(0)  
VGETCMD:SHOW(495)  
HBM_BOOTSTRAP(39)  
VEXECUTE:EXECFROMBUFF(449)  
VEXECUTE:EXECFROMPRG(208)  
HBMLOAD(24)  
HBMBOOTSTRAP(10)  
HBMSTART(4)  
MAIN(23)  
###################

20210705 - 12:19:42 >>  [INFO] Data base open successfully

# Called from : 
VSQLITE:OPEN(134)  
FQUERYTODBF(94)  
BOXSEARCH(164)  
TUIBROWSERSEARCH(66)  
TUISEARCH(26)  
__ACTIVEF3INGET(36)  
(b)VGETCMD_SHOW(494)  
HBGETLIST:GETDOSETKEY(661)  
HBGETLIST:GETAPPLYKEY(344)  
HBGETLIST:READER(285)  
HBGETLIST:READMODAL(208)  
READMODAL(0)  
VGETCMD:SHOW(495)  
HBM_BOOTSTRAP(39)  
VEXECUTE:EXECFROMBUFF(449)  
VEXECUTE:EXECFROMPRG(208)  
HBMLOAD(24)  
HBMBOOTSTRAP(10)  
HBMSTART(4)  
MAIN(23)  
###################

20210705 - 12:19:42 >>  [INFO] Data base open successfully

# Called from : 
FQUERYTODBF(98)  
BOXSEARCH(164)  
TUIBROWSERSEARCH(66)  
TUISEARCH(26)  
__ACTIVEF3INGET(36)  
(b)VGETCMD_SHOW(494)  
HBGETLIST:GETDOSETKEY(661)  
HBGETLIST:GETAPPLYKEY(344)  
HBGETLIST:READER(285)  
HBGETLIST:READMODAL(208)  
READMODAL(0)  
VGETCMD:SHOW(495)  
HBM_BOOTSTRAP(39)  
VEXECUTE:EXECFROMBUFF(449)  
VEXECUTE:EXECFROMPRG(208)  
HBMLOAD(24)  
HBMBOOTSTRAP(10)  
HBMSTART(4)  
MAIN(23)  
###################

20210705 - 12:19:42 >>  [INFO] Mounted query : SELECT * FROM EMP / Original : SELECT * FROM EMP, nPage : 1, nLimit : 0

# Called from : 
VSQLITE:MOUNTQUERY(730)  
VSQLITE:EXECUTEQUERY(263)  
VSQLITE:EXECUTEQUERYTODBF(1250)  
FQUERYTODBF(113)  
BOXSEARCH(164)  
TUIBROWSERSEARCH(66)  
TUISEARCH(26)  
__ACTIVEF3INGET(36)  
(b)VGETCMD_SHOW(494)  
HBGETLIST:GETDOSETKEY(661)  
HBGETLIST:GETAPPLYKEY(344)  
HBGETLIST:READER(285)  
HBGETLIST:READMODAL(208)  
READMODAL(0)  
VGETCMD:SHOW(495)  
HBM_BOOTSTRAP(39)  
VEXECUTE:EXECFROMBUFF(449)  
VEXECUTE:EXECFROMPRG(208)  
HBMLOAD(24)  
HBMBOOTSTRAP(10)  
HBMSTART(4)  
MAIN(23)  
###################

20210705 - 12:19:42 >>  [INFO] Mounted query : SELECT * FROM EMP / Original : SELECT * FROM EMP, nPage : 1, nLimit : 0

# Called from : 
FQUERYTODBF(116)  
BOXSEARCH(164)  
TUIBROWSERSEARCH(66)  
TUISEARCH(26)  
__ACTIVEF3INGET(36)  
(b)VGETCMD_SHOW(494)  
HBGETLIST:GETDOSETKEY(661)  
HBGETLIST:GETAPPLYKEY(344)  
HBGETLIST:READER(285)  
HBGETLIST:READMODAL(208)  
READMODAL(0)  
VGETCMD:SHOW(495)  
HBM_BOOTSTRAP(39)  
VEXECUTE:EXECFROMBUFF(449)  
VEXECUTE:EXECFROMPRG(208)  
HBMLOAD(24)  
HBMBOOTSTRAP(10)  
HBMSTART(4)  
MAIN(23)  
###################

20210705 - 12:19:44 >>  [INFO] Data base open successfully

# Called from : 
VSQLITE:OPEN(134)  
FQUERYTODBF(94)  
VLJ_DLOOKUPTODEFCONTROL(301)  
TUILOOKUP(55)  
VGETCMD:EXECLOOKUP(565)  
(b)VGETCMD_SHOW(480)  
HBGETLIST:GETPOSTVALIDATE(625)  
HBGETLIST:READER(305)  
HBGETLIST:READMODAL(208)  
READMODAL(0)  
VGETCMD:SHOW(495)  
HBM_BOOTSTRAP(39)  
VEXECUTE:EXECFROMBUFF(449)  
VEXECUTE:EXECFROMPRG(208)  
HBMLOAD(24)  
HBMBOOTSTRAP(10)  
HBMSTART(4)  
MAIN(23)  
###################

20210705 - 12:19:44 >>  [INFO] Data base open successfully

# Called from : 
FQUERYTODBF(98)  
VLJ_DLOOKUPTODEFCONTROL(301)  
TUILOOKUP(55)  
VGETCMD:EXECLOOKUP(565)  
(b)VGETCMD_SHOW(480)  
HBGETLIST:GETPOSTVALIDATE(625)  
HBGETLIST:READER(305)  
HBGETLIST:READMODAL(208)  
READMODAL(0)  
VGETCMD:SHOW(495)  
HBM_BOOTSTRAP(39)  
VEXECUTE:EXECFROMBUFF(449)  
VEXECUTE:EXECFROMPRG(208)  
HBMLOAD(24)  
HBMBOOTSTRAP(10)  
HBMSTART(4)  
MAIN(23)  
###################

20210705 - 12:19:44 >>  [INFO] Mounted query : SELECT * FROM EMP WHERE EMPNO=7782 / Original : SELECT * FROM EMP WHERE EMPNO=7782, nPage : 1, nLimit : 0

# Called from : 
VSQLITE:MOUNTQUERY(730)  
VSQLITE:EXECUTEQUERY(263)  
VSQLITE:EXECUTEQUERYTODBF(1250)  
FQUERYTODBF(113)  
VLJ_DLOOKUPTODEFCONTROL(301)  
TUILOOKUP(55)  
VGETCMD:EXECLOOKUP(565)  
(b)VGETCMD_SHOW(480)  
HBGETLIST:GETPOSTVALIDATE(625)  
HBGETLIST:READER(305)  
HBGETLIST:READMODAL(208)  
READMODAL(0)  
VGETCMD:SHOW(495)  
HBM_BOOTSTRAP(39)  
VEXECUTE:EXECFROMBUFF(449)  
VEXECUTE:EXECFROMPRG(208)  
HBMLOAD(24)  
HBMBOOTSTRAP(10)  
HBMSTART(4)  
MAIN(23)  
###################

20210705 - 12:19:44 >>  [INFO] Mounted query : SELECT * FROM EMP WHERE EMPNO=7782 / Original : SELECT * FROM EMP WHERE EMPNO=7782, nPage : 1, nLimit : 0

# Called from : 
FQUERYTODBF(116)  
VLJ_DLOOKUPTODEFCONTROL(301)  
TUILOOKUP(55)  
VGETCMD:EXECLOOKUP(565)  
(b)VGETCMD_SHOW(480)  
HBGETLIST:GETPOSTVALIDATE(625)  
HBGETLIST:READER(305)  
HBGETLIST:READMODAL(208)  
READMODAL(0)  
VGETCMD:SHOW(495)  
HBM_BOOTSTRAP(39)  
VEXECUTE:EXECFROMBUFF(449)  
VEXECUTE:EXECFROMPRG(208)  
HBMLOAD(24)  
HBMBOOTSTRAP(10)  
HBMSTART(4)  
MAIN(23)  
###################

20210705 - 12:19:48 >>  [INFO] Data base open successfully

# Called from : 
VSQLITE:OPEN(134)  
FQUERYTODBF(94)  
VLJ_DLOOKUPTODEFCONTROL(301)  
TUILOOKUP(55)  
VGETCMD:EXECLOOKUP(565)  
(b)VGETCMD_SHOW(480)  
HBGETLIST:GETPOSTVALIDATE(625)  
HBGETLIST:READER(305)  
HBGETLIST:READMODAL(208)  
READMODAL(0)  
VGETCMD:SHOW(495)  
HBM_BOOTSTRAP(39)  
VEXECUTE:EXECFROMBUFF(449)  
VEXECUTE:EXECFROMPRG(208)  
HBMLOAD(24)  
HBMBOOTSTRAP(10)  
HBMSTART(4)  
MAIN(23)  
###################

20210705 - 12:19:49 >>  [INFO] Data base open successfully

# Called from : 
FQUERYTODBF(98)  
VLJ_DLOOKUPTODEFCONTROL(301)  
TUILOOKUP(55)  
VGETCMD:EXECLOOKUP(565)  
(b)VGETCMD_SHOW(480)  
HBGETLIST:GETPOSTVALIDATE(625)  
HBGETLIST:READER(305)  
HBGETLIST:READMODAL(208)  
READMODAL(0)  
VGETCMD:SHOW(495)  
HBM_BOOTSTRAP(39)  
VEXECUTE:EXECFROMBUFF(449)  
VEXECUTE:EXECFROMPRG(208)  
HBMLOAD(24)  
HBMBOOTSTRAP(10)  
HBMSTART(4)  
MAIN(23)  
###################

20210705 - 12:19:49 >>  [INFO] Mounted query : SELECT * FROM EMP WHERE EMPNO=7369 / Original : SELECT * FROM EMP WHERE EMPNO=7369, nPage : 1, nLimit : 0

# Called from : 
VSQLITE:MOUNTQUERY(730)  
VSQLITE:EXECUTEQUERY(263)  
VSQLITE:EXECUTEQUERYTODBF(1250)  
FQUERYTODBF(113)  
VLJ_DLOOKUPTODEFCONTROL(301)  
TUILOOKUP(55)  
VGETCMD:EXECLOOKUP(565)  
(b)VGETCMD_SHOW(480)  
HBGETLIST:GETPOSTVALIDATE(625)  
HBGETLIST:READER(305)  
HBGETLIST:READMODAL(208)  
READMODAL(0)  
VGETCMD:SHOW(495)  
HBM_BOOTSTRAP(39)  
VEXECUTE:EXECFROMBUFF(449)  
VEXECUTE:EXECFROMPRG(208)  
HBMLOAD(24)  
HBMBOOTSTRAP(10)  
HBMSTART(4)  
MAIN(23)  
###################

20210705 - 12:19:49 >>  [INFO] Mounted query : SELECT * FROM EMP WHERE EMPNO=7369 / Original : SELECT * FROM EMP WHERE EMPNO=7369, nPage : 1, nLimit : 0

# Called from : 
FQUERYTODBF(116)  
VLJ_DLOOKUPTODEFCONTROL(301)  
TUILOOKUP(55)  
VGETCMD:EXECLOOKUP(565)  
(b)VGETCMD_SHOW(480)  
HBGETLIST:GETPOSTVALIDATE(625)  
HBGETLIST:READER(305)  
HBGETLIST:READMODAL(208)  
READMODAL(0)  
VGETCMD:SHOW(495)  
HBM_BOOTSTRAP(39)  
VEXECUTE:EXECFROMBUFF(449)  
VEXECUTE:EXECFROMPRG(208)  
HBMLOAD(24)  
HBMBOOTSTRAP(10)  
HBMSTART(4)  
MAIN(23)  
###################

20210705 - 12:20:02 >>  [INFO] Data base open successfully

# Called from : 
VSQLITE:OPEN(134)  
FQUERYTODBF(94)  
VLJ_DLOOKUPTODEFCONTROL(301)  
TUILOOKUP(55)  
VGETCMD:EXECLOOKUP(565)  
(b)VGETCMD_SHOW(480)  
HBGETLIST:GETPOSTVALIDATE(625)  
HBGETLIST:READER(305)  
HBGETLIST:READMODAL(208)  
READMODAL(0)  
VGETCMD:SHOW(495)  
HBM_BOOTSTRAP(39)  
VEXECUTE:EXECFROMBUFF(449)  
VEXECUTE:EXECFROMPRG(208)  
HBMLOAD(24)  
HBMBOOTSTRAP(10)  
HBMSTART(4)  
MAIN(23)  
###################

20210705 - 12:20:03 >>  [INFO] Data base open successfully

# Called from : 
FQUERYTODBF(98)  
VLJ_DLOOKUPTODEFCONTROL(301)  
TUILOOKUP(55)  
VGETCMD:EXECLOOKUP(565)  
(b)VGETCMD_SHOW(480)  
HBGETLIST:GETPOSTVALIDATE(625)  
HBGETLIST:READER(305)  
HBGETLIST:READMODAL(208)  
READMODAL(0)  
VGETCMD:SHOW(495)  
HBM_BOOTSTRAP(39)  
VEXECUTE:EXECFROMBUFF(449)  
VEXECUTE:EXECFROMPRG(208)  
HBMLOAD(24)  
HBMBOOTSTRAP(10)  
HBMSTART(4)  
MAIN(23)  
###################

20210705 - 12:20:03 >>  [INFO] Mounted query : SELECT * FROM EMP WHERE EMPNO=7369 / Original : SELECT * FROM EMP WHERE EMPNO=7369, nPage : 1, nLimit : 0

# Called from : 
VSQLITE:MOUNTQUERY(730)  
VSQLITE:EXECUTEQUERY(263)  
VSQLITE:EXECUTEQUERYTODBF(1250)  
FQUERYTODBF(113)  
VLJ_DLOOKUPTODEFCONTROL(301)  
TUILOOKUP(55)  
VGETCMD:EXECLOOKUP(565)  
(b)VGETCMD_SHOW(480)  
HBGETLIST:GETPOSTVALIDATE(625)  
HBGETLIST:READER(305)  
HBGETLIST:READMODAL(208)  
READMODAL(0)  
VGETCMD:SHOW(495)  
HBM_BOOTSTRAP(39)  
VEXECUTE:EXECFROMBUFF(449)  
VEXECUTE:EXECFROMPRG(208)  
HBMLOAD(24)  
HBMBOOTSTRAP(10)  
HBMSTART(4)  
MAIN(23)  
###################

20210705 - 12:20:03 >>  [INFO] Mounted query : SELECT * FROM EMP WHERE EMPNO=7369 / Original : SELECT * FROM EMP WHERE EMPNO=7369, nPage : 1, nLimit : 0

# Called from : 
FQUERYTODBF(116)  
VLJ_DLOOKUPTODEFCONTROL(301)  
TUILOOKUP(55)  
VGETCMD:EXECLOOKUP(565)  
(b)VGETCMD_SHOW(480)  
HBGETLIST:GETPOSTVALIDATE(625)  
HBGETLIST:READER(305)  
HBGETLIST:READMODAL(208)  
READMODAL(0)  
VGETCMD:SHOW(495)  
HBM_BOOTSTRAP(39)  
VEXECUTE:EXECFROMBUFF(449)  
VEXECUTE:EXECFROMPRG(208)  
HBMLOAD(24)  
HBMBOOTSTRAP(10)  
HBMSTART(4)  
MAIN(23)  
###################

20210705 - 12:20:04 >>  [INFO] Data base open successfully

# Called from : 
VSQLITE:OPEN(134)  
FQUERYTODBF(94)  
VLJ_DLOOKUPTODEFCONTROL(301)  
TUILOOKUP(55)  
VGETCMD:EXECLOOKUP(565)  
(b)VGETCMD_SHOW(480)  
HBGETLIST:GETPOSTVALIDATE(625)  
HBGETLIST:READER(305)  
HBGETLIST:READMODAL(208)  
READMODAL(0)  
VGETCMD:SHOW(495)  
HBM_BOOTSTRAP(39)  
VEXECUTE:EXECFROMBUFF(449)  
VEXECUTE:EXECFROMPRG(208)  
HBMLOAD(24)  
HBMBOOTSTRAP(10)  
HBMSTART(4)  
MAIN(23)  
###################

20210705 - 12:20:04 >>  [INFO] Data base open successfully

# Called from : 
FQUERYTODBF(98)  
VLJ_DLOOKUPTODEFCONTROL(301)  
TUILOOKUP(55)  
VGETCMD:EXECLOOKUP(565)  
(b)VGETCMD_SHOW(480)  
HBGETLIST:GETPOSTVALIDATE(625)  
HBGETLIST:READER(305)  
HBGETLIST:READMODAL(208)  
READMODAL(0)  
VGETCMD:SHOW(495)  
HBM_BOOTSTRAP(39)  
VEXECUTE:EXECFROMBUFF(449)  
VEXECUTE:EXECFROMPRG(208)  
HBMLOAD(24)  
HBMBOOTSTRAP(10)  
HBMSTART(4)  
MAIN(23)  
###################

20210705 - 12:20:04 >>  [INFO] Mounted query : SELECT * FROM EMP WHERE EMPNO=7369 / Original : SELECT * FROM EMP WHERE EMPNO=7369, nPage : 1, nLimit : 0

# Called from : 
VSQLITE:MOUNTQUERY(730)  
VSQLITE:EXECUTEQUERY(263)  
VSQLITE:EXECUTEQUERYTODBF(1250)  
FQUERYTODBF(113)  
VLJ_DLOOKUPTODEFCONTROL(301)  
TUILOOKUP(55)  
VGETCMD:EXECLOOKUP(565)  
(b)VGETCMD_SHOW(480)  
HBGETLIST:GETPOSTVALIDATE(625)  
HBGETLIST:READER(305)  
HBGETLIST:READMODAL(208)  
READMODAL(0)  
VGETCMD:SHOW(495)  
HBM_BOOTSTRAP(39)  
VEXECUTE:EXECFROMBUFF(449)  
VEXECUTE:EXECFROMPRG(208)  
HBMLOAD(24)  
HBMBOOTSTRAP(10)  
HBMSTART(4)  
MAIN(23)  
###################

20210705 - 12:20:04 >>  [INFO] Mounted query : SELECT * FROM EMP WHERE EMPNO=7369 / Original : SELECT * FROM EMP WHERE EMPNO=7369, nPage : 1, nLimit : 0

# Called from : 
FQUERYTODBF(116)  
VLJ_DLOOKUPTODEFCONTROL(301)  
TUILOOKUP(55)  
VGETCMD:EXECLOOKUP(565)  
(b)VGETCMD_SHOW(480)  
HBGETLIST:GETPOSTVALIDATE(625)  
HBGETLIST:READER(305)  
HBGETLIST:READMODAL(208)  
READMODAL(0)  
VGETCMD:SHOW(495)  
HBM_BOOTSTRAP(39)  
VEXECUTE:EXECFROMBUFF(449)  
VEXECUTE:EXECFROMPRG(208)  
HBMLOAD(24)  
HBMBOOTSTRAP(10)  
HBMSTART(4)  
MAIN(23)  
###################

20210705 - 12:20:05 >>  [INFO] Data base open successfully

# Called from : 
VSQLITE:OPEN(134)  
FQUERYTODBF(94)  
VLJ_DLOOKUPTODEFCONTROL(301)  
TUILOOKUP(55)  
VGETCMD:EXECLOOKUP(565)  
(b)VGETCMD_SHOW(480)  
HBGETLIST:GETPOSTVALIDATE(625)  
HBGETLIST:READER(305)  
HBGETLIST:READMODAL(208)  
READMODAL(0)  
VGETCMD:SHOW(495)  
HBM_BOOTSTRAP(39)  
VEXECUTE:EXECFROMBUFF(449)  
VEXECUTE:EXECFROMPRG(208)  
HBMLOAD(24)  
HBMBOOTSTRAP(10)  
HBMSTART(4)  
MAIN(23)  
###################

20210705 - 12:20:05 >>  [INFO] Data base open successfully

# Called from : 
FQUERYTODBF(98)  
VLJ_DLOOKUPTODEFCONTROL(301)  
TUILOOKUP(55)  
VGETCMD:EXECLOOKUP(565)  
(b)VGETCMD_SHOW(480)  
HBGETLIST:GETPOSTVALIDATE(625)  
HBGETLIST:READER(305)  
HBGETLIST:READMODAL(208)  
READMODAL(0)  
VGETCMD:SHOW(495)  
HBM_BOOTSTRAP(39)  
VEXECUTE:EXECFROMBUFF(449)  
VEXECUTE:EXECFROMPRG(208)  
HBMLOAD(24)  
HBMBOOTSTRAP(10)  
HBMSTART(4)  
MAIN(23)  
###################

20210705 - 12:20:05 >>  [INFO] Mounted query : SELECT * FROM EMP WHERE EMPNO=7369 / Original : SELECT * FROM EMP WHERE EMPNO=7369, nPage : 1, nLimit : 0

# Called from : 
VSQLITE:MOUNTQUERY(730)  
VSQLITE:EXECUTEQUERY(263)  
VSQLITE:EXECUTEQUERYTODBF(1250)  
FQUERYTODBF(113)  
VLJ_DLOOKUPTODEFCONTROL(301)  
TUILOOKUP(55)  
VGETCMD:EXECLOOKUP(565)  
(b)VGETCMD_SHOW(480)  
HBGETLIST:GETPOSTVALIDATE(625)  
HBGETLIST:READER(305)  
HBGETLIST:READMODAL(208)  
READMODAL(0)  
VGETCMD:SHOW(495)  
HBM_BOOTSTRAP(39)  
VEXECUTE:EXECFROMBUFF(449)  
VEXECUTE:EXECFROMPRG(208)  
HBMLOAD(24)  
HBMBOOTSTRAP(10)  
HBMSTART(4)  
MAIN(23)  
###################

20210705 - 12:20:05 >>  [INFO] Mounted query : SELECT * FROM EMP WHERE EMPNO=7369 / Original : SELECT * FROM EMP WHERE EMPNO=7369, nPage : 1, nLimit : 0

# Called from : 
FQUERYTODBF(116)  
VLJ_DLOOKUPTODEFCONTROL(301)  
TUILOOKUP(55)  
VGETCMD:EXECLOOKUP(565)  
(b)VGETCMD_SHOW(480)  
HBGETLIST:GETPOSTVALIDATE(625)  
HBGETLIST:READER(305)  
HBGETLIST:READMODAL(208)  
READMODAL(0)  
VGETCMD:SHOW(495)  
HBM_BOOTSTRAP(39)  
VEXECUTE:EXECFROMBUFF(449)  
VEXECUTE:EXECFROMPRG(208)  
HBMLOAD(24)  
HBMBOOTSTRAP(10)  
HBMSTART(4)  
MAIN(23)  
###################

20210705 - 12:20:05 >>  [INFO] Data base open successfully

# Called from : 
VSQLITE:OPEN(134)  
FQUERYTODBF(94)  
VLJ_DLOOKUPTODEFCONTROL(301)  
TUILOOKUP(55)  
VGETCMD:EXECLOOKUP(565)  
(b)VGETCMD_SHOW(480)  
HBGETLIST:GETPOSTVALIDATE(625)  
HBGETLIST:READER(305)  
HBGETLIST:READMODAL(208)  
READMODAL(0)  
VGETCMD:SHOW(495)  
HBM_BOOTSTRAP(39)  
VEXECUTE:EXECFROMBUFF(449)  
VEXECUTE:EXECFROMPRG(208)  
HBMLOAD(24)  
HBMBOOTSTRAP(10)  
HBMSTART(4)  
MAIN(23)  
###################

20210705 - 12:20:05 >>  [INFO] Data base open successfully

# Called from : 
FQUERYTODBF(98)  
VLJ_DLOOKUPTODEFCONTROL(301)  
TUILOOKUP(55)  
VGETCMD:EXECLOOKUP(565)  
(b)VGETCMD_SHOW(480)  
HBGETLIST:GETPOSTVALIDATE(625)  
HBGETLIST:READER(305)  
HBGETLIST:READMODAL(208)  
READMODAL(0)  
VGETCMD:SHOW(495)  
HBM_BOOTSTRAP(39)  
VEXECUTE:EXECFROMBUFF(449)  
VEXECUTE:EXECFROMPRG(208)  
HBMLOAD(24)  
HBMBOOTSTRAP(10)  
HBMSTART(4)  
MAIN(23)  
###################

20210705 - 12:20:05 >>  [INFO] Mounted query : SELECT * FROM EMP WHERE EMPNO=7369 / Original : SELECT * FROM EMP WHERE EMPNO=7369, nPage : 1, nLimit : 0

# Called from : 
VSQLITE:MOUNTQUERY(730)  
VSQLITE:EXECUTEQUERY(263)  
VSQLITE:EXECUTEQUERYTODBF(1250)  
FQUERYTODBF(113)  
VLJ_DLOOKUPTODEFCONTROL(301)  
TUILOOKUP(55)  
VGETCMD:EXECLOOKUP(565)  
(b)VGETCMD_SHOW(480)  
HBGETLIST:GETPOSTVALIDATE(625)  
HBGETLIST:READER(305)  
HBGETLIST:READMODAL(208)  
READMODAL(0)  
VGETCMD:SHOW(495)  
HBM_BOOTSTRAP(39)  
VEXECUTE:EXECFROMBUFF(449)  
VEXECUTE:EXECFROMPRG(208)  
HBMLOAD(24)  
HBMBOOTSTRAP(10)  
HBMSTART(4)  
MAIN(23)  
###################

20210705 - 12:20:05 >>  [INFO] Mounted query : SELECT * FROM EMP WHERE EMPNO=7369 / Original : SELECT * FROM EMP WHERE EMPNO=7369, nPage : 1, nLimit : 0

# Called from : 
FQUERYTODBF(116)  
VLJ_DLOOKUPTODEFCONTROL(301)  
TUILOOKUP(55)  
VGETCMD:EXECLOOKUP(565)  
(b)VGETCMD_SHOW(480)  
HBGETLIST:GETPOSTVALIDATE(625)  
HBGETLIST:READER(305)  
HBGETLIST:READMODAL(208)  
READMODAL(0)  
VGETCMD:SHOW(495)  
HBM_BOOTSTRAP(39)  
VEXECUTE:EXECFROMBUFF(449)  
VEXECUTE:EXECFROMPRG(208)  
HBMLOAD(24)  
HBMBOOTSTRAP(10)  
HBMSTART(4)  
MAIN(23)  
###################

20210705 - 12:20:05 >>  [INFO] Data base open successfully

# Called from : 
VSQLITE:OPEN(134)  
FQUERYTODBF(94)  
VLJ_DLOOKUPTODEFCONTROL(301)  
TUILOOKUP(55)  
VGETCMD:EXECLOOKUP(565)  
(b)VGETCMD_SHOW(480)  
HBGETLIST:GETPOSTVALIDATE(625)  
HBGETLIST:READER(305)  
HBGETLIST:READMODAL(208)  
READMODAL(0)  
VGETCMD:SHOW(495)  
HBM_BOOTSTRAP(39)  
VEXECUTE:EXECFROMBUFF(449)  
VEXECUTE:EXECFROMPRG(208)  
HBMLOAD(24)  
HBMBOOTSTRAP(10)  
HBMSTART(4)  
MAIN(23)  
###################

20210705 - 12:20:05 >>  [INFO] Data base open successfully

# Called from : 
FQUERYTODBF(98)  
VLJ_DLOOKUPTODEFCONTROL(301)  
TUILOOKUP(55)  
VGETCMD:EXECLOOKUP(565)  
(b)VGETCMD_SHOW(480)  
HBGETLIST:GETPOSTVALIDATE(625)  
HBGETLIST:READER(305)  
HBGETLIST:READMODAL(208)  
READMODAL(0)  
VGETCMD:SHOW(495)  
HBM_BOOTSTRAP(39)  
VEXECUTE:EXECFROMBUFF(449)  
VEXECUTE:EXECFROMPRG(208)  
HBMLOAD(24)  
HBMBOOTSTRAP(10)  
HBMSTART(4)  
MAIN(23)  
###################

20210705 - 12:20:05 >>  [INFO] Mounted query : SELECT * FROM EMP WHERE EMPNO=7369 / Original : SELECT * FROM EMP WHERE EMPNO=7369, nPage : 1, nLimit : 0

# Called from : 
VSQLITE:MOUNTQUERY(730)  
VSQLITE:EXECUTEQUERY(263)  
VSQLITE:EXECUTEQUERYTODBF(1250)  
FQUERYTODBF(113)  
VLJ_DLOOKUPTODEFCONTROL(301)  
TUILOOKUP(55)  
VGETCMD:EXECLOOKUP(565)  
(b)VGETCMD_SHOW(480)  
HBGETLIST:GETPOSTVALIDATE(625)  
HBGETLIST:READER(305)  
HBGETLIST:READMODAL(208)  
READMODAL(0)  
VGETCMD:SHOW(495)  
HBM_BOOTSTRAP(39)  
VEXECUTE:EXECFROMBUFF(449)  
VEXECUTE:EXECFROMPRG(208)  
HBMLOAD(24)  
HBMBOOTSTRAP(10)  
HBMSTART(4)  
MAIN(23)  
###################

20210705 - 12:20:05 >>  [INFO] Mounted query : SELECT * FROM EMP WHERE EMPNO=7369 / Original : SELECT * FROM EMP WHERE EMPNO=7369, nPage : 1, nLimit : 0

# Called from : 
FQUERYTODBF(116)  
VLJ_DLOOKUPTODEFCONTROL(301)  
TUILOOKUP(55)  
VGETCMD:EXECLOOKUP(565)  
(b)VGETCMD_SHOW(480)  
HBGETLIST:GETPOSTVALIDATE(625)  
HBGETLIST:READER(305)  
HBGETLIST:READMODAL(208)  
READMODAL(0)  
VGETCMD:SHOW(495)  
HBM_BOOTSTRAP(39)  
VEXECUTE:EXECFROMBUFF(449)  
VEXECUTE:EXECFROMPRG(208)  
HBMLOAD(24)  
HBMBOOTSTRAP(10)  
HBMSTART(4)  
MAIN(23)  
###################

20210705 - 12:20:51 >>  [INFO] Data base open successfully

# Called from : 
VSQLITE:OPEN(134)  
FQUERYTODBF(94)  
VLJ_DLOOKUPTODEFCONTROL(301)  
TUILOOKUP(55)  
VGETCMD:EXECLOOKUP(565)  
(b)VGETCMD_SHOW(480)  
HBGETLIST:GETPOSTVALIDATE(625)  
HBGETLIST:READER(305)  
HBGETLIST:READMODAL(208)  
READMODAL(0)  
VGETCMD:SHOW(495)  
HBM_BOOTSTRAP(39)  
VEXECUTE:EXECFROMBUFF(449)  
VEXECUTE:EXECFROMPRG(208)  
HBMLOAD(24)  
HBMBOOTSTRAP(10)  
HBMSTART(4)  
MAIN(23)  
###################

20210705 - 12:20:51 >>  [INFO] Data base open successfully

# Called from : 
FQUERYTODBF(98)  
VLJ_DLOOKUPTODEFCONTROL(301)  
TUILOOKUP(55)  
VGETCMD:EXECLOOKUP(565)  
(b)VGETCMD_SHOW(480)  
HBGETLIST:GETPOSTVALIDATE(625)  
HBGETLIST:READER(305)  
HBGETLIST:READMODAL(208)  
READMODAL(0)  
VGETCMD:SHOW(495)  
HBM_BOOTSTRAP(39)  
VEXECUTE:EXECFROMBUFF(449)  
VEXECUTE:EXECFROMPRG(208)  
HBMLOAD(24)  
HBMBOOTSTRAP(10)  
HBMSTART(4)  
MAIN(23)  
###################

20210705 - 12:20:51 >>  [INFO] Mounted query : SELECT * FROM EMP WHERE EMPNO=7369 / Original : SELECT * FROM EMP WHERE EMPNO=7369, nPage : 1, nLimit : 0

# Called from : 
VSQLITE:MOUNTQUERY(730)  
VSQLITE:EXECUTEQUERY(263)  
VSQLITE:EXECUTEQUERYTODBF(1250)  
FQUERYTODBF(113)  
VLJ_DLOOKUPTODEFCONTROL(301)  
TUILOOKUP(55)  
VGETCMD:EXECLOOKUP(565)  
(b)VGETCMD_SHOW(480)  
HBGETLIST:GETPOSTVALIDATE(625)  
HBGETLIST:READER(305)  
HBGETLIST:READMODAL(208)  
READMODAL(0)  
VGETCMD:SHOW(495)  
HBM_BOOTSTRAP(39)  
VEXECUTE:EXECFROMBUFF(449)  
VEXECUTE:EXECFROMPRG(208)  
HBMLOAD(24)  
HBMBOOTSTRAP(10)  
HBMSTART(4)  
MAIN(23)  
###################

20210705 - 12:20:51 >>  [INFO] Mounted query : SELECT * FROM EMP WHERE EMPNO=7369 / Original : SELECT * FROM EMP WHERE EMPNO=7369, nPage : 1, nLimit : 0

# Called from : 
FQUERYTODBF(116)  
VLJ_DLOOKUPTODEFCONTROL(301)  
TUILOOKUP(55)  
VGETCMD:EXECLOOKUP(565)  
(b)VGETCMD_SHOW(480)  
HBGETLIST:GETPOSTVALIDATE(625)  
HBGETLIST:READER(305)  
HBGETLIST:READMODAL(208)  
READMODAL(0)  
VGETCMD:SHOW(495)  
HBM_BOOTSTRAP(39)  
VEXECUTE:EXECFROMBUFF(449)  
VEXECUTE:EXECFROMPRG(208)  
HBMLOAD(24)  
HBMBOOTSTRAP(10)  
HBMSTART(4)  
MAIN(23)  
###################

20210705 - 12:20:57 >>  [INFO] After execute with return : 13

# Called from : 
VEXECUTE:EXECFROMBUFF(450)  
VEXECUTE:EXECFROMPRG(208)  
HBMLOAD(24)  
HBMBOOTSTRAP(10)  
HBMSTART(4)  
MAIN(23)  
###################

20210705 - 12:20:57 >>  [INFO] After send buffer to execute

# Called from : 
VEXECUTE:EXECFROMPRG(209)  
HBMLOAD(24)  
HBMBOOTSTRAP(10)  
HBMSTART(4)  
MAIN(23)  
###################

20210705 - 16:09:39 >>  [INFO] Data base open successfully

# Called from : 
VSQLITE:OPEN(134)  
FQUERYTODBF(94)  
BOXSEARCH(164)  
TUIBROWSERSEARCH(66)  
TUISEARCH(26)  
__ACTIVEF3INGET(36)  
(b)VGETCMD_SHOW(494)  
HBGETLIST:GETDOSETKEY(661)  
HBGETLIST:GETAPPLYKEY(344)  
HBGETLIST:READER(285)  
HBGETLIST:READMODAL(208)  
READMODAL(0)  
VGETCMD:SHOW(495)  
HBM_BOOTSTRAP(39)  
VEXECUTE:EXECFROMBUFF(449)  
VEXECUTE:EXECFROMPRG(208)  
HBMLOAD(24)  
HBMBOOTSTRAP(10)  
HBMSTART(4)  
MAIN(23)  
###################

20210705 - 16:09:40 >>  [INFO] Data base open successfully

# Called from : 
FQUERYTODBF(98)  
BOXSEARCH(164)  
TUIBROWSERSEARCH(66)  
TUISEARCH(26)  
__ACTIVEF3INGET(36)  
(b)VGETCMD_SHOW(494)  
HBGETLIST:GETDOSETKEY(661)  
HBGETLIST:GETAPPLYKEY(344)  
HBGETLIST:READER(285)  
HBGETLIST:READMODAL(208)  
READMODAL(0)  
VGETCMD:SHOW(495)  
HBM_BOOTSTRAP(39)  
VEXECUTE:EXECFROMBUFF(449)  
VEXECUTE:EXECFROMPRG(208)  
HBMLOAD(24)  
HBMBOOTSTRAP(10)  
HBMSTART(4)  
MAIN(23)  
###################

20210705 - 16:09:40 >>  [INFO] Mounted query : SELECT * FROM EMP / Original : SELECT * FROM EMP, nPage : 1, nLimit : 0

# Called from : 
VSQLITE:MOUNTQUERY(730)  
VSQLITE:EXECUTEQUERY(263)  
VSQLITE:EXECUTEQUERYTODBF(1250)  
FQUERYTODBF(113)  
BOXSEARCH(164)  
TUIBROWSERSEARCH(66)  
TUISEARCH(26)  
__ACTIVEF3INGET(36)  
(b)VGETCMD_SHOW(494)  
HBGETLIST:GETDOSETKEY(661)  
HBGETLIST:GETAPPLYKEY(344)  
HBGETLIST:READER(285)  
HBGETLIST:READMODAL(208)  
READMODAL(0)  
VGETCMD:SHOW(495)  
HBM_BOOTSTRAP(39)  
VEXECUTE:EXECFROMBUFF(449)  
VEXECUTE:EXECFROMPRG(208)  
HBMLOAD(24)  
HBMBOOTSTRAP(10)  
HBMSTART(4)  
MAIN(23)  
###################

20210705 - 16:09:40 >>  [INFO] Mounted query : SELECT * FROM EMP / Original : SELECT * FROM EMP, nPage : 1, nLimit : 0

# Called from : 
FQUERYTODBF(116)  
BOXSEARCH(164)  
TUIBROWSERSEARCH(66)  
TUISEARCH(26)  
__ACTIVEF3INGET(36)  
(b)VGETCMD_SHOW(494)  
HBGETLIST:GETDOSETKEY(661)  
HBGETLIST:GETAPPLYKEY(344)  
HBGETLIST:READER(285)  
HBGETLIST:READMODAL(208)  
READMODAL(0)  
VGETCMD:SHOW(495)  
HBM_BOOTSTRAP(39)  
VEXECUTE:EXECFROMBUFF(449)  
VEXECUTE:EXECFROMPRG(208)  
HBMLOAD(24)  
HBMBOOTSTRAP(10)  
HBMSTART(4)  
MAIN(23)  
###################

20210705 - 16:10:06 >>  [INFO] After execute with return : 27

# Called from : 
VEXECUTE:EXECFROMBUFF(450)  
VEXECUTE:EXECFROMPRG(208)  
HBMLOAD(24)  
HBMBOOTSTRAP(10)  
HBMSTART(4)  
MAIN(23)  
###################

20210705 - 16:10:06 >>  [INFO] After send buffer to execute

# Called from : 
VEXECUTE:EXECFROMPRG(209)  
HBMLOAD(24)  
HBMBOOTSTRAP(10)  
HBMSTART(4)  
MAIN(23)  
###################

20210705 - 16:15:21 >>  [ERROR] (CODE:20200625113952) Compilation errors when compilation code/bootstrap.prg : Compilation error : Can't open #include file 'config.json'

# Called from : 
VCOMPILE:COMPILE(185)  
VEXECUTE:EXECFROMPRG(205)  
HBMLOAD(24)  
HBMBOOTSTRAP(10)  
HBMSTART(4)  
MAIN(23)  
###################

20210705 - 16:15:21 >>  [ERROR] (CODE:20200717110513) Probable compile error / GetResultCompiler return .f. after compile file code/bootstrap.prg

# Called from : 
VEXECUTE:EXECFROMPRG(213)  
HBMLOAD(24)  
HBMBOOTSTRAP(10)  
HBMSTART(4)  
MAIN(23)  
###################

20210705 - 16:16:13 >>  [INFO] Data base open successfully

# Called from : 
VSQLITE:OPEN(134)  
FQUERYTODBF(94)  
BOXSEARCH(164)  
TUIBROWSERSEARCH(66)  
TUISEARCH(26)  
__ACTIVEF3INGET(36)  
(b)VGETCMD_SHOW(494)  
HBGETLIST:GETDOSETKEY(661)  
HBGETLIST:GETAPPLYKEY(344)  
HBGETLIST:READER(285)  
HBGETLIST:READMODAL(208)  
READMODAL(0)  
VGETCMD:SHOW(495)  
HBM_BOOTSTRAP(39)  
VEXECUTE:EXECFROMBUFF(449)  
VEXECUTE:EXECFROMPRG(208)  
HBMLOAD(24)  
HBMBOOTSTRAP(10)  
HBMSTART(4)  
MAIN(23)  
###################

20210705 - 16:16:13 >>  [INFO] Data base open successfully

# Called from : 
FQUERYTODBF(98)  
BOXSEARCH(164)  
TUIBROWSERSEARCH(66)  
TUISEARCH(26)  
__ACTIVEF3INGET(36)  
(b)VGETCMD_SHOW(494)  
HBGETLIST:GETDOSETKEY(661)  
HBGETLIST:GETAPPLYKEY(344)  
HBGETLIST:READER(285)  
HBGETLIST:READMODAL(208)  
READMODAL(0)  
VGETCMD:SHOW(495)  
HBM_BOOTSTRAP(39)  
VEXECUTE:EXECFROMBUFF(449)  
VEXECUTE:EXECFROMPRG(208)  
HBMLOAD(24)  
HBMBOOTSTRAP(10)  
HBMSTART(4)  
MAIN(23)  
###################

20210705 - 16:16:13 >>  [INFO] Mounted query : SELECT * FROM EMP / Original : SELECT * FROM EMP, nPage : 1, nLimit : 0

# Called from : 
VSQLITE:MOUNTQUERY(730)  
VSQLITE:EXECUTEQUERY(263)  
VSQLITE:EXECUTEQUERYTODBF(1250)  
FQUERYTODBF(113)  
BOXSEARCH(164)  
TUIBROWSERSEARCH(66)  
TUISEARCH(26)  
__ACTIVEF3INGET(36)  
(b)VGETCMD_SHOW(494)  
HBGETLIST:GETDOSETKEY(661)  
HBGETLIST:GETAPPLYKEY(344)  
HBGETLIST:READER(285)  
HBGETLIST:READMODAL(208)  
READMODAL(0)  
VGETCMD:SHOW(495)  
HBM_BOOTSTRAP(39)  
VEXECUTE:EXECFROMBUFF(449)  
VEXECUTE:EXECFROMPRG(208)  
HBMLOAD(24)  
HBMBOOTSTRAP(10)  
HBMSTART(4)  
MAIN(23)  
###################

20210705 - 16:16:13 >>  [INFO] Mounted query : SELECT * FROM EMP / Original : SELECT * FROM EMP, nPage : 1, nLimit : 0

# Called from : 
FQUERYTODBF(116)  
BOXSEARCH(164)  
TUIBROWSERSEARCH(66)  
TUISEARCH(26)  
__ACTIVEF3INGET(36)  
(b)VGETCMD_SHOW(494)  
HBGETLIST:GETDOSETKEY(661)  
HBGETLIST:GETAPPLYKEY(344)  
HBGETLIST:READER(285)  
HBGETLIST:READMODAL(208)  
READMODAL(0)  
VGETCMD:SHOW(495)  
HBM_BOOTSTRAP(39)  
VEXECUTE:EXECFROMBUFF(449)  
VEXECUTE:EXECFROMPRG(208)  
HBMLOAD(24)  
HBMBOOTSTRAP(10)  
HBMSTART(4)  
MAIN(23)  
###################

20210705 - 16:16:14 >>  [INFO] Data base open successfully

# Called from : 
VSQLITE:OPEN(134)  
FQUERYTODBF(94)  
VLJ_DLOOKUPTODEFCONTROL(301)  
TUILOOKUP(55)  
VGETCMD:EXECLOOKUP(565)  
(b)VGETCMD_SHOW(480)  
HBGETLIST:GETPOSTVALIDATE(625)  
HBGETLIST:READER(305)  
HBGETLIST:READMODAL(208)  
READMODAL(0)  
VGETCMD:SHOW(495)  
HBM_BOOTSTRAP(39)  
VEXECUTE:EXECFROMBUFF(449)  
VEXECUTE:EXECFROMPRG(208)  
HBMLOAD(24)  
HBMBOOTSTRAP(10)  
HBMSTART(4)  
MAIN(23)  
###################

20210705 - 16:16:15 >>  [INFO] Data base open successfully

# Called from : 
FQUERYTODBF(98)  
VLJ_DLOOKUPTODEFCONTROL(301)  
TUILOOKUP(55)  
VGETCMD:EXECLOOKUP(565)  
(b)VGETCMD_SHOW(480)  
HBGETLIST:GETPOSTVALIDATE(625)  
HBGETLIST:READER(305)  
HBGETLIST:READMODAL(208)  
READMODAL(0)  
VGETCMD:SHOW(495)  
HBM_BOOTSTRAP(39)  
VEXECUTE:EXECFROMBUFF(449)  
VEXECUTE:EXECFROMPRG(208)  
HBMLOAD(24)  
HBMBOOTSTRAP(10)  
HBMSTART(4)  
MAIN(23)  
###################

20210705 - 16:16:15 >>  [INFO] Mounted query : SELECT * FROM EMP WHERE EMPNO=7521 / Original : SELECT * FROM EMP WHERE EMPNO=7521, nPage : 1, nLimit : 0

# Called from : 
VSQLITE:MOUNTQUERY(730)  
VSQLITE:EXECUTEQUERY(263)  
VSQLITE:EXECUTEQUERYTODBF(1250)  
FQUERYTODBF(113)  
VLJ_DLOOKUPTODEFCONTROL(301)  
TUILOOKUP(55)  
VGETCMD:EXECLOOKUP(565)  
(b)VGETCMD_SHOW(480)  
HBGETLIST:GETPOSTVALIDATE(625)  
HBGETLIST:READER(305)  
HBGETLIST:READMODAL(208)  
READMODAL(0)  
VGETCMD:SHOW(495)  
HBM_BOOTSTRAP(39)  
VEXECUTE:EXECFROMBUFF(449)  
VEXECUTE:EXECFROMPRG(208)  
HBMLOAD(24)  
HBMBOOTSTRAP(10)  
HBMSTART(4)  
MAIN(23)  
###################

20210705 - 16:16:15 >>  [INFO] Mounted query : SELECT * FROM EMP WHERE EMPNO=7521 / Original : SELECT * FROM EMP WHERE EMPNO=7521, nPage : 1, nLimit : 0

# Called from : 
FQUERYTODBF(116)  
VLJ_DLOOKUPTODEFCONTROL(301)  
TUILOOKUP(55)  
VGETCMD:EXECLOOKUP(565)  
(b)VGETCMD_SHOW(480)  
HBGETLIST:GETPOSTVALIDATE(625)  
HBGETLIST:READER(305)  
HBGETLIST:READMODAL(208)  
READMODAL(0)  
VGETCMD:SHOW(495)  
HBM_BOOTSTRAP(39)  
VEXECUTE:EXECFROMBUFF(449)  
VEXECUTE:EXECFROMPRG(208)  
HBMLOAD(24)  
HBMBOOTSTRAP(10)  
HBMSTART(4)  
MAIN(23)  
###################

20210705 - 16:16:19 >>  [INFO] After execute with return : 13

# Called from : 
VEXECUTE:EXECFROMBUFF(450)  
VEXECUTE:EXECFROMPRG(208)  
HBMLOAD(24)  
HBMBOOTSTRAP(10)  
HBMSTART(4)  
MAIN(23)  
###################

20210705 - 16:16:19 >>  [INFO] After send buffer to execute

# Called from : 
VEXECUTE:EXECFROMPRG(209)  
HBMLOAD(24)  
HBMBOOTSTRAP(10)  
HBMSTART(4)  
MAIN(23)  
###################

20210705 - 16:28:03 >>  [INFO] Data base open successfully

# Called from : 
VSQLITE:OPEN(134)  
FQUERYTODBF(94)  
BOXSEARCH(164)  
TUIBROWSERSEARCH(66)  
TUISEARCH(26)  
__ACTIVEF3INGET(36)  
(b)VGETCMD_SHOW(494)  
HBGETLIST:GETDOSETKEY(661)  
HBGETLIST:GETAPPLYKEY(344)  
HBGETLIST:READER(285)  
HBGETLIST:READMODAL(208)  
READMODAL(0)  
VGETCMD:SHOW(495)  
HBM_BOOTSTRAP(39)  
VEXECUTE:EXECFROMBUFF(449)  
VEXECUTE:EXECFROMPRG(208)  
HBMLOAD(24)  
HBMBOOTSTRAP(10)  
HBMSTART(4)  
MAIN(23)  
###################

20210705 - 16:28:03 >>  [INFO] Data base open successfully

# Called from : 
FQUERYTODBF(98)  
BOXSEARCH(164)  
TUIBROWSERSEARCH(66)  
TUISEARCH(26)  
__ACTIVEF3INGET(36)  
(b)VGETCMD_SHOW(494)  
HBGETLIST:GETDOSETKEY(661)  
HBGETLIST:GETAPPLYKEY(344)  
HBGETLIST:READER(285)  
HBGETLIST:READMODAL(208)  
READMODAL(0)  
VGETCMD:SHOW(495)  
HBM_BOOTSTRAP(39)  
VEXECUTE:EXECFROMBUFF(449)  
VEXECUTE:EXECFROMPRG(208)  
HBMLOAD(24)  
HBMBOOTSTRAP(10)  
HBMSTART(4)  
MAIN(23)  
###################

20210705 - 16:28:03 >>  [INFO] Mounted query : SELECT * FROM EMP / Original : SELECT * FROM EMP, nPage : 1, nLimit : 0

# Called from : 
VSQLITE:MOUNTQUERY(730)  
VSQLITE:EXECUTEQUERY(263)  
VSQLITE:EXECUTEQUERYTODBF(1250)  
FQUERYTODBF(113)  
BOXSEARCH(164)  
TUIBROWSERSEARCH(66)  
TUISEARCH(26)  
__ACTIVEF3INGET(36)  
(b)VGETCMD_SHOW(494)  
HBGETLIST:GETDOSETKEY(661)  
HBGETLIST:GETAPPLYKEY(344)  
HBGETLIST:READER(285)  
HBGETLIST:READMODAL(208)  
READMODAL(0)  
VGETCMD:SHOW(495)  
HBM_BOOTSTRAP(39)  
VEXECUTE:EXECFROMBUFF(449)  
VEXECUTE:EXECFROMPRG(208)  
HBMLOAD(24)  
HBMBOOTSTRAP(10)  
HBMSTART(4)  
MAIN(23)  
###################

20210705 - 16:28:03 >>  [INFO] Mounted query : SELECT * FROM EMP / Original : SELECT * FROM EMP, nPage : 1, nLimit : 0

# Called from : 
FQUERYTODBF(116)  
BOXSEARCH(164)  
TUIBROWSERSEARCH(66)  
TUISEARCH(26)  
__ACTIVEF3INGET(36)  
(b)VGETCMD_SHOW(494)  
HBGETLIST:GETDOSETKEY(661)  
HBGETLIST:GETAPPLYKEY(344)  
HBGETLIST:READER(285)  
HBGETLIST:READMODAL(208)  
READMODAL(0)  
VGETCMD:SHOW(495)  
HBM_BOOTSTRAP(39)  
VEXECUTE:EXECFROMBUFF(449)  
VEXECUTE:EXECFROMPRG(208)  
HBMLOAD(24)  
HBMBOOTSTRAP(10)  
HBMSTART(4)  
MAIN(23)  
###################

20210705 - 16:28:04 >>  [INFO] Data base open successfully

# Called from : 
VSQLITE:OPEN(134)  
FQUERYTODBF(94)  
VLJ_DLOOKUPTODEFCONTROL(301)  
TUILOOKUP(55)  
VGETCMD:EXECLOOKUP(565)  
(b)VGETCMD_SHOW(480)  
HBGETLIST:GETPOSTVALIDATE(625)  
HBGETLIST:READER(305)  
HBGETLIST:READMODAL(208)  
READMODAL(0)  
VGETCMD:SHOW(495)  
HBM_BOOTSTRAP(39)  
VEXECUTE:EXECFROMBUFF(449)  
VEXECUTE:EXECFROMPRG(208)  
HBMLOAD(24)  
HBMBOOTSTRAP(10)  
HBMSTART(4)  
MAIN(23)  
###################

20210705 - 16:28:04 >>  [INFO] Data base open successfully

# Called from : 
FQUERYTODBF(98)  
VLJ_DLOOKUPTODEFCONTROL(301)  
TUILOOKUP(55)  
VGETCMD:EXECLOOKUP(565)  
(b)VGETCMD_SHOW(480)  
HBGETLIST:GETPOSTVALIDATE(625)  
HBGETLIST:READER(305)  
HBGETLIST:READMODAL(208)  
READMODAL(0)  
VGETCMD:SHOW(495)  
HBM_BOOTSTRAP(39)  
VEXECUTE:EXECFROMBUFF(449)  
VEXECUTE:EXECFROMPRG(208)  
HBMLOAD(24)  
HBMBOOTSTRAP(10)  
HBMSTART(4)  
MAIN(23)  
###################

20210705 - 16:28:04 >>  [INFO] Mounted query : SELECT * FROM EMP WHERE EMPNO=7369 / Original : SELECT * FROM EMP WHERE EMPNO=7369, nPage : 1, nLimit : 0

# Called from : 
VSQLITE:MOUNTQUERY(730)  
VSQLITE:EXECUTEQUERY(263)  
VSQLITE:EXECUTEQUERYTODBF(1250)  
FQUERYTODBF(113)  
VLJ_DLOOKUPTODEFCONTROL(301)  
TUILOOKUP(55)  
VGETCMD:EXECLOOKUP(565)  
(b)VGETCMD_SHOW(480)  
HBGETLIST:GETPOSTVALIDATE(625)  
HBGETLIST:READER(305)  
HBGETLIST:READMODAL(208)  
READMODAL(0)  
VGETCMD:SHOW(495)  
HBM_BOOTSTRAP(39)  
VEXECUTE:EXECFROMBUFF(449)  
VEXECUTE:EXECFROMPRG(208)  
HBMLOAD(24)  
HBMBOOTSTRAP(10)  
HBMSTART(4)  
MAIN(23)  
###################

20210705 - 16:28:04 >>  [INFO] Mounted query : SELECT * FROM EMP WHERE EMPNO=7369 / Original : SELECT * FROM EMP WHERE EMPNO=7369, nPage : 1, nLimit : 0

# Called from : 
FQUERYTODBF(116)  
VLJ_DLOOKUPTODEFCONTROL(301)  
TUILOOKUP(55)  
VGETCMD:EXECLOOKUP(565)  
(b)VGETCMD_SHOW(480)  
HBGETLIST:GETPOSTVALIDATE(625)  
HBGETLIST:READER(305)  
HBGETLIST:READMODAL(208)  
READMODAL(0)  
VGETCMD:SHOW(495)  
HBM_BOOTSTRAP(39)  
VEXECUTE:EXECFROMBUFF(449)  
VEXECUTE:EXECFROMPRG(208)  
HBMLOAD(24)  
HBMBOOTSTRAP(10)  
HBMSTART(4)  
MAIN(23)  
###################

20210705 - 16:28:09 >>  [INFO] After execute with return : 13

# Called from : 
VEXECUTE:EXECFROMBUFF(450)  
VEXECUTE:EXECFROMPRG(208)  
HBMLOAD(24)  
HBMBOOTSTRAP(10)  
HBMSTART(4)  
MAIN(23)  
###################

20210705 - 16:28:09 >>  [INFO] After send buffer to execute

# Called from : 
VEXECUTE:EXECFROMPRG(209)  
HBMLOAD(24)  
HBMBOOTSTRAP(10)  
HBMSTART(4)  
MAIN(23)  
###################

20210705 - 16:30:06 >>  [INFO] Data base open successfully

# Called from : 
VSQLITE:OPEN(134)  
FQUERYTODBF(94)  
BOXSEARCH(164)  
TUIBROWSERSEARCH(66)  
TUISEARCH(26)  
__ACTIVEF3INGET(36)  
(b)VGETCMD_SHOW(494)  
HBGETLIST:GETDOSETKEY(661)  
HBGETLIST:GETAPPLYKEY(344)  
HBGETLIST:READER(285)  
HBGETLIST:READMODAL(208)  
READMODAL(0)  
VGETCMD:SHOW(495)  
HBM_BOOTSTRAP(39)  
VEXECUTE:EXECFROMBUFF(449)  
VEXECUTE:EXECFROMPRG(208)  
HBMLOAD(24)  
HBMBOOTSTRAP(10)  
HBMSTART(4)  
MAIN(23)  
###################

20210705 - 16:30:07 >>  [INFO] Data base open successfully

# Called from : 
FQUERYTODBF(98)  
BOXSEARCH(164)  
TUIBROWSERSEARCH(66)  
TUISEARCH(26)  
__ACTIVEF3INGET(36)  
(b)VGETCMD_SHOW(494)  
HBGETLIST:GETDOSETKEY(661)  
HBGETLIST:GETAPPLYKEY(344)  
HBGETLIST:READER(285)  
HBGETLIST:READMODAL(208)  
READMODAL(0)  
VGETCMD:SHOW(495)  
HBM_BOOTSTRAP(39)  
VEXECUTE:EXECFROMBUFF(449)  
VEXECUTE:EXECFROMPRG(208)  
HBMLOAD(24)  
HBMBOOTSTRAP(10)  
HBMSTART(4)  
MAIN(23)  
###################

20210705 - 16:30:07 >>  [INFO] Mounted query : SELECT * FROM EMP / Original : SELECT * FROM EMP, nPage : 1, nLimit : 0

# Called from : 
VSQLITE:MOUNTQUERY(730)  
VSQLITE:EXECUTEQUERY(263)  
VSQLITE:EXECUTEQUERYTODBF(1250)  
FQUERYTODBF(113)  
BOXSEARCH(164)  
TUIBROWSERSEARCH(66)  
TUISEARCH(26)  
__ACTIVEF3INGET(36)  
(b)VGETCMD_SHOW(494)  
HBGETLIST:GETDOSETKEY(661)  
HBGETLIST:GETAPPLYKEY(344)  
HBGETLIST:READER(285)  
HBGETLIST:READMODAL(208)  
READMODAL(0)  
VGETCMD:SHOW(495)  
HBM_BOOTSTRAP(39)  
VEXECUTE:EXECFROMBUFF(449)  
VEXECUTE:EXECFROMPRG(208)  
HBMLOAD(24)  
HBMBOOTSTRAP(10)  
HBMSTART(4)  
MAIN(23)  
###################

20210705 - 16:30:07 >>  [INFO] Mounted query : SELECT * FROM EMP / Original : SELECT * FROM EMP, nPage : 1, nLimit : 0

# Called from : 
FQUERYTODBF(116)  
BOXSEARCH(164)  
TUIBROWSERSEARCH(66)  
TUISEARCH(26)  
__ACTIVEF3INGET(36)  
(b)VGETCMD_SHOW(494)  
HBGETLIST:GETDOSETKEY(661)  
HBGETLIST:GETAPPLYKEY(344)  
HBGETLIST:READER(285)  
HBGETLIST:READMODAL(208)  
READMODAL(0)  
VGETCMD:SHOW(495)  
HBM_BOOTSTRAP(39)  
VEXECUTE:EXECFROMBUFF(449)  
VEXECUTE:EXECFROMPRG(208)  
HBMLOAD(24)  
HBMBOOTSTRAP(10)  
HBMSTART(4)  
MAIN(23)  
###################

20210705 - 16:30:09 >>  [INFO] Data base open successfully

# Called from : 
VSQLITE:OPEN(134)  
FQUERYTODBF(94)  
VLJ_DLOOKUPTODEFCONTROL(301)  
TUILOOKUP(55)  
VGETCMD:EXECLOOKUP(565)  
(b)VGETCMD_SHOW(480)  
HBGETLIST:GETPOSTVALIDATE(625)  
HBGETLIST:READER(305)  
HBGETLIST:READMODAL(208)  
READMODAL(0)  
VGETCMD:SHOW(495)  
HBM_BOOTSTRAP(39)  
VEXECUTE:EXECFROMBUFF(449)  
VEXECUTE:EXECFROMPRG(208)  
HBMLOAD(24)  
HBMBOOTSTRAP(10)  
HBMSTART(4)  
MAIN(23)  
###################

20210705 - 16:30:09 >>  [INFO] Data base open successfully

# Called from : 
FQUERYTODBF(98)  
VLJ_DLOOKUPTODEFCONTROL(301)  
TUILOOKUP(55)  
VGETCMD:EXECLOOKUP(565)  
(b)VGETCMD_SHOW(480)  
HBGETLIST:GETPOSTVALIDATE(625)  
HBGETLIST:READER(305)  
HBGETLIST:READMODAL(208)  
READMODAL(0)  
VGETCMD:SHOW(495)  
HBM_BOOTSTRAP(39)  
VEXECUTE:EXECFROMBUFF(449)  
VEXECUTE:EXECFROMPRG(208)  
HBMLOAD(24)  
HBMBOOTSTRAP(10)  
HBMSTART(4)  
MAIN(23)  
###################

20210705 - 16:30:09 >>  [INFO] Mounted query : SELECT * FROM EMP WHERE EMPNO=7788 / Original : SELECT * FROM EMP WHERE EMPNO=7788, nPage : 1, nLimit : 0

# Called from : 
VSQLITE:MOUNTQUERY(730)  
VSQLITE:EXECUTEQUERY(263)  
VSQLITE:EXECUTEQUERYTODBF(1250)  
FQUERYTODBF(113)  
VLJ_DLOOKUPTODEFCONTROL(301)  
TUILOOKUP(55)  
VGETCMD:EXECLOOKUP(565)  
(b)VGETCMD_SHOW(480)  
HBGETLIST:GETPOSTVALIDATE(625)  
HBGETLIST:READER(305)  
HBGETLIST:READMODAL(208)  
READMODAL(0)  
VGETCMD:SHOW(495)  
HBM_BOOTSTRAP(39)  
VEXECUTE:EXECFROMBUFF(449)  
VEXECUTE:EXECFROMPRG(208)  
HBMLOAD(24)  
HBMBOOTSTRAP(10)  
HBMSTART(4)  
MAIN(23)  
###################

20210705 - 16:30:09 >>  [INFO] Mounted query : SELECT * FROM EMP WHERE EMPNO=7788 / Original : SELECT * FROM EMP WHERE EMPNO=7788, nPage : 1, nLimit : 0

# Called from : 
FQUERYTODBF(116)  
VLJ_DLOOKUPTODEFCONTROL(301)  
TUILOOKUP(55)  
VGETCMD:EXECLOOKUP(565)  
(b)VGETCMD_SHOW(480)  
HBGETLIST:GETPOSTVALIDATE(625)  
HBGETLIST:READER(305)  
HBGETLIST:READMODAL(208)  
READMODAL(0)  
VGETCMD:SHOW(495)  
HBM_BOOTSTRAP(39)  
VEXECUTE:EXECFROMBUFF(449)  
VEXECUTE:EXECFROMPRG(208)  
HBMLOAD(24)  
HBMBOOTSTRAP(10)  
HBMSTART(4)  
MAIN(23)  
###################

20210705 - 16:30:18 >>  [INFO] After execute with return : 27

# Called from : 
VEXECUTE:EXECFROMBUFF(450)  
VEXECUTE:EXECFROMPRG(208)  
HBMLOAD(24)  
HBMBOOTSTRAP(10)  
HBMSTART(4)  
MAIN(23)  
###################

20210705 - 16:30:18 >>  [INFO] After send buffer to execute

# Called from : 
VEXECUTE:EXECFROMPRG(209)  
HBMLOAD(24)  
HBMBOOTSTRAP(10)  
HBMSTART(4)  
MAIN(23)  
###################

20210705 - 16:33:55 >>  [INFO] Data base open successfully

# Called from : 
VSQLITE:OPEN(134)  
FQUERYTODBF(94)  
BOXSEARCH(164)  
TUIBROWSERSEARCH(66)  
TUISEARCH(26)  
__ACTIVEF3INGET(36)  
(b)VGETCMD_SHOW(494)  
HBGETLIST:GETDOSETKEY(661)  
HBGETLIST:GETAPPLYKEY(344)  
HBGETLIST:READER(285)  
HBGETLIST:READMODAL(208)  
READMODAL(0)  
VGETCMD:SHOW(495)  
HBM_BOOTSTRAP(41)  
VEXECUTE:EXECFROMBUFF(449)  
VEXECUTE:EXECFROMPRG(208)  
HBMLOAD(24)  
HBMBOOTSTRAP(10)  
HBMSTART(4)  
MAIN(23)  
###################

20210705 - 16:33:55 >>  [INFO] Data base open successfully

# Called from : 
FQUERYTODBF(98)  
BOXSEARCH(164)  
TUIBROWSERSEARCH(66)  
TUISEARCH(26)  
__ACTIVEF3INGET(36)  
(b)VGETCMD_SHOW(494)  
HBGETLIST:GETDOSETKEY(661)  
HBGETLIST:GETAPPLYKEY(344)  
HBGETLIST:READER(285)  
HBGETLIST:READMODAL(208)  
READMODAL(0)  
VGETCMD:SHOW(495)  
HBM_BOOTSTRAP(41)  
VEXECUTE:EXECFROMBUFF(449)  
VEXECUTE:EXECFROMPRG(208)  
HBMLOAD(24)  
HBMBOOTSTRAP(10)  
HBMSTART(4)  
MAIN(23)  
###################

20210705 - 16:33:55 >>  [INFO] Mounted query : SELECT * FROM EMP / Original : SELECT * FROM EMP, nPage : 1, nLimit : 0

# Called from : 
VSQLITE:MOUNTQUERY(730)  
VSQLITE:EXECUTEQUERY(263)  
VSQLITE:EXECUTEQUERYTODBF(1250)  
FQUERYTODBF(113)  
BOXSEARCH(164)  
TUIBROWSERSEARCH(66)  
TUISEARCH(26)  
__ACTIVEF3INGET(36)  
(b)VGETCMD_SHOW(494)  
HBGETLIST:GETDOSETKEY(661)  
HBGETLIST:GETAPPLYKEY(344)  
HBGETLIST:READER(285)  
HBGETLIST:READMODAL(208)  
READMODAL(0)  
VGETCMD:SHOW(495)  
HBM_BOOTSTRAP(41)  
VEXECUTE:EXECFROMBUFF(449)  
VEXECUTE:EXECFROMPRG(208)  
HBMLOAD(24)  
HBMBOOTSTRAP(10)  
HBMSTART(4)  
MAIN(23)  
###################

20210705 - 16:33:55 >>  [INFO] Mounted query : SELECT * FROM EMP / Original : SELECT * FROM EMP, nPage : 1, nLimit : 0

# Called from : 
FQUERYTODBF(116)  
BOXSEARCH(164)  
TUIBROWSERSEARCH(66)  
TUISEARCH(26)  
__ACTIVEF3INGET(36)  
(b)VGETCMD_SHOW(494)  
HBGETLIST:GETDOSETKEY(661)  
HBGETLIST:GETAPPLYKEY(344)  
HBGETLIST:READER(285)  
HBGETLIST:READMODAL(208)  
READMODAL(0)  
VGETCMD:SHOW(495)  
HBM_BOOTSTRAP(41)  
VEXECUTE:EXECFROMBUFF(449)  
VEXECUTE:EXECFROMPRG(208)  
HBMLOAD(24)  
HBMBOOTSTRAP(10)  
HBMSTART(4)  
MAIN(23)  
###################

20210705 - 16:33:56 >>  [INFO] Data base open successfully

# Called from : 
VSQLITE:OPEN(134)  
FQUERYTODBF(94)  
VLJ_DLOOKUPTODEFCONTROL(301)  
TUILOOKUP(55)  
VGETCMD:EXECLOOKUP(565)  
(b)VGETCMD_SHOW(480)  
HBGETLIST:GETPOSTVALIDATE(625)  
HBGETLIST:READER(305)  
HBGETLIST:READMODAL(208)  
READMODAL(0)  
VGETCMD:SHOW(495)  
HBM_BOOTSTRAP(41)  
VEXECUTE:EXECFROMBUFF(449)  
VEXECUTE:EXECFROMPRG(208)  
HBMLOAD(24)  
HBMBOOTSTRAP(10)  
HBMSTART(4)  
MAIN(23)  
###################

20210705 - 16:33:56 >>  [INFO] Data base open successfully

# Called from : 
FQUERYTODBF(98)  
VLJ_DLOOKUPTODEFCONTROL(301)  
TUILOOKUP(55)  
VGETCMD:EXECLOOKUP(565)  
(b)VGETCMD_SHOW(480)  
HBGETLIST:GETPOSTVALIDATE(625)  
HBGETLIST:READER(305)  
HBGETLIST:READMODAL(208)  
READMODAL(0)  
VGETCMD:SHOW(495)  
HBM_BOOTSTRAP(41)  
VEXECUTE:EXECFROMBUFF(449)  
VEXECUTE:EXECFROMPRG(208)  
HBMLOAD(24)  
HBMBOOTSTRAP(10)  
HBMSTART(4)  
MAIN(23)  
###################

20210705 - 16:33:56 >>  [INFO] Mounted query : SELECT * FROM EMP WHERE EMPNO=7521 / Original : SELECT * FROM EMP WHERE EMPNO=7521, nPage : 1, nLimit : 0

# Called from : 
VSQLITE:MOUNTQUERY(730)  
VSQLITE:EXECUTEQUERY(263)  
VSQLITE:EXECUTEQUERYTODBF(1250)  
FQUERYTODBF(113)  
VLJ_DLOOKUPTODEFCONTROL(301)  
TUILOOKUP(55)  
VGETCMD:EXECLOOKUP(565)  
(b)VGETCMD_SHOW(480)  
HBGETLIST:GETPOSTVALIDATE(625)  
HBGETLIST:READER(305)  
HBGETLIST:READMODAL(208)  
READMODAL(0)  
VGETCMD:SHOW(495)  
HBM_BOOTSTRAP(41)  
VEXECUTE:EXECFROMBUFF(449)  
VEXECUTE:EXECFROMPRG(208)  
HBMLOAD(24)  
HBMBOOTSTRAP(10)  
HBMSTART(4)  
MAIN(23)  
###################

20210705 - 16:33:56 >>  [INFO] Mounted query : SELECT * FROM EMP WHERE EMPNO=7521 / Original : SELECT * FROM EMP WHERE EMPNO=7521, nPage : 1, nLimit : 0

# Called from : 
FQUERYTODBF(116)  
VLJ_DLOOKUPTODEFCONTROL(301)  
TUILOOKUP(55)  
VGETCMD:EXECLOOKUP(565)  
(b)VGETCMD_SHOW(480)  
HBGETLIST:GETPOSTVALIDATE(625)  
HBGETLIST:READER(305)  
HBGETLIST:READMODAL(208)  
READMODAL(0)  
VGETCMD:SHOW(495)  
HBM_BOOTSTRAP(41)  
VEXECUTE:EXECFROMBUFF(449)  
VEXECUTE:EXECFROMPRG(208)  
HBMLOAD(24)  
HBMBOOTSTRAP(10)  
HBMSTART(4)  
MAIN(23)  
###################

20210705 - 16:34:29 >>  [INFO] After execute with return : 13

# Called from : 
VEXECUTE:EXECFROMBUFF(450)  
VEXECUTE:EXECFROMPRG(208)  
HBMLOAD(24)  
HBMBOOTSTRAP(10)  
HBMSTART(4)  
MAIN(23)  
###################

20210705 - 16:34:29 >>  [INFO] After send buffer to execute

# Called from : 
VEXECUTE:EXECFROMPRG(209)  
HBMLOAD(24)  
HBMBOOTSTRAP(10)  
HBMSTART(4)  
MAIN(23)  
###################

20210705 - 16:46:25 >>  [INFO] Data base open successfully

# Called from : 
VSQLITE:OPEN(134)  
FQUERYTODBF(94)  
BOXSEARCH(164)  
TUIBROWSERSEARCH(66)  
TUISEARCH(26)  
__ACTIVEF3INGET(36)  
(b)VGETCMD_SHOW(494)  
HBGETLIST:GETDOSETKEY(661)  
HBGETLIST:GETAPPLYKEY(344)  
HBGETLIST:READER(285)  
HBGETLIST:READMODAL(208)  
READMODAL(0)  
VGETCMD:SHOW(495)  
HBM_BOOTSTRAP(42)  
VEXECUTE:EXECFROMBUFF(449)  
VEXECUTE:EXECFROMPRG(208)  
HBMLOAD(24)  
HBMBOOTSTRAP(10)  
HBMSTART(4)  
MAIN(23)  
###################

20210705 - 16:46:25 >>  [INFO] Data base open successfully

# Called from : 
FQUERYTODBF(98)  
BOXSEARCH(164)  
TUIBROWSERSEARCH(66)  
TUISEARCH(26)  
__ACTIVEF3INGET(36)  
(b)VGETCMD_SHOW(494)  
HBGETLIST:GETDOSETKEY(661)  
HBGETLIST:GETAPPLYKEY(344)  
HBGETLIST:READER(285)  
HBGETLIST:READMODAL(208)  
READMODAL(0)  
VGETCMD:SHOW(495)  
HBM_BOOTSTRAP(42)  
VEXECUTE:EXECFROMBUFF(449)  
VEXECUTE:EXECFROMPRG(208)  
HBMLOAD(24)  
HBMBOOTSTRAP(10)  
HBMSTART(4)  
MAIN(23)  
###################

20210705 - 16:46:25 >>  [INFO] Mounted query : SELECT * FROM EMP / Original : SELECT * FROM EMP, nPage : 1, nLimit : 0

# Called from : 
VSQLITE:MOUNTQUERY(730)  
VSQLITE:EXECUTEQUERY(263)  
VSQLITE:EXECUTEQUERYTODBF(1250)  
FQUERYTODBF(113)  
BOXSEARCH(164)  
TUIBROWSERSEARCH(66)  
TUISEARCH(26)  
__ACTIVEF3INGET(36)  
(b)VGETCMD_SHOW(494)  
HBGETLIST:GETDOSETKEY(661)  
HBGETLIST:GETAPPLYKEY(344)  
HBGETLIST:READER(285)  
HBGETLIST:READMODAL(208)  
READMODAL(0)  
VGETCMD:SHOW(495)  
HBM_BOOTSTRAP(42)  
VEXECUTE:EXECFROMBUFF(449)  
VEXECUTE:EXECFROMPRG(208)  
HBMLOAD(24)  
HBMBOOTSTRAP(10)  
HBMSTART(4)  
MAIN(23)  
###################

20210705 - 16:46:25 >>  [INFO] Mounted query : SELECT * FROM EMP / Original : SELECT * FROM EMP, nPage : 1, nLimit : 0

# Called from : 
FQUERYTODBF(116)  
BOXSEARCH(164)  
TUIBROWSERSEARCH(66)  
TUISEARCH(26)  
__ACTIVEF3INGET(36)  
(b)VGETCMD_SHOW(494)  
HBGETLIST:GETDOSETKEY(661)  
HBGETLIST:GETAPPLYKEY(344)  
HBGETLIST:READER(285)  
HBGETLIST:READMODAL(208)  
READMODAL(0)  
VGETCMD:SHOW(495)  
HBM_BOOTSTRAP(42)  
VEXECUTE:EXECFROMBUFF(449)  
VEXECUTE:EXECFROMPRG(208)  
HBMLOAD(24)  
HBMBOOTSTRAP(10)  
HBMSTART(4)  
MAIN(23)  
###################

20210705 - 16:46:27 >>  [INFO] Data base open successfully

# Called from : 
VSQLITE:OPEN(134)  
FQUERYTODBF(94)  
VLJ_DLOOKUPTODEFCONTROL(301)  
TUILOOKUP(55)  
VGETCMD:EXECLOOKUP(565)  
(b)VGETCMD_SHOW(480)  
HBGETLIST:GETPOSTVALIDATE(625)  
HBGETLIST:READER(305)  
HBGETLIST:READMODAL(208)  
READMODAL(0)  
VGETCMD:SHOW(495)  
HBM_BOOTSTRAP(42)  
VEXECUTE:EXECFROMBUFF(449)  
VEXECUTE:EXECFROMPRG(208)  
HBMLOAD(24)  
HBMBOOTSTRAP(10)  
HBMSTART(4)  
MAIN(23)  
###################

20210705 - 16:46:27 >>  [INFO] Data base open successfully

# Called from : 
FQUERYTODBF(98)  
VLJ_DLOOKUPTODEFCONTROL(301)  
TUILOOKUP(55)  
VGETCMD:EXECLOOKUP(565)  
(b)VGETCMD_SHOW(480)  
HBGETLIST:GETPOSTVALIDATE(625)  
HBGETLIST:READER(305)  
HBGETLIST:READMODAL(208)  
READMODAL(0)  
VGETCMD:SHOW(495)  
HBM_BOOTSTRAP(42)  
VEXECUTE:EXECFROMBUFF(449)  
VEXECUTE:EXECFROMPRG(208)  
HBMLOAD(24)  
HBMBOOTSTRAP(10)  
HBMSTART(4)  
MAIN(23)  
###################

20210705 - 16:46:27 >>  [INFO] Mounted query : SELECT * FROM EMP WHERE EMPNO=7654 / Original : SELECT * FROM EMP WHERE EMPNO=7654, nPage : 1, nLimit : 0

# Called from : 
VSQLITE:MOUNTQUERY(730)  
VSQLITE:EXECUTEQUERY(263)  
VSQLITE:EXECUTEQUERYTODBF(1250)  
FQUERYTODBF(113)  
VLJ_DLOOKUPTODEFCONTROL(301)  
TUILOOKUP(55)  
VGETCMD:EXECLOOKUP(565)  
(b)VGETCMD_SHOW(480)  
HBGETLIST:GETPOSTVALIDATE(625)  
HBGETLIST:READER(305)  
HBGETLIST:READMODAL(208)  
READMODAL(0)  
VGETCMD:SHOW(495)  
HBM_BOOTSTRAP(42)  
VEXECUTE:EXECFROMBUFF(449)  
VEXECUTE:EXECFROMPRG(208)  
HBMLOAD(24)  
HBMBOOTSTRAP(10)  
HBMSTART(4)  
MAIN(23)  
###################

20210705 - 16:46:27 >>  [INFO] Mounted query : SELECT * FROM EMP WHERE EMPNO=7654 / Original : SELECT * FROM EMP WHERE EMPNO=7654, nPage : 1, nLimit : 0

# Called from : 
FQUERYTODBF(116)  
VLJ_DLOOKUPTODEFCONTROL(301)  
TUILOOKUP(55)  
VGETCMD:EXECLOOKUP(565)  
(b)VGETCMD_SHOW(480)  
HBGETLIST:GETPOSTVALIDATE(625)  
HBGETLIST:READER(305)  
HBGETLIST:READMODAL(208)  
READMODAL(0)  
VGETCMD:SHOW(495)  
HBM_BOOTSTRAP(42)  
VEXECUTE:EXECFROMBUFF(449)  
VEXECUTE:EXECFROMPRG(208)  
HBMLOAD(24)  
HBMBOOTSTRAP(10)  
HBMSTART(4)  
MAIN(23)  
###################

20210705 - 16:46:33 >>  [INFO] Data base open successfully

# Called from : 
VSQLITE:OPEN(134)  
FQUERYTODBF(94)  
BOXSEARCH(164)  
TUIBROWSERSEARCH(66)  
TUISEARCH(26)  
__ACTIVEF3INGET(36)  
(b)VGETCMD_SHOW(494)  
HBGETLIST:GETDOSETKEY(661)  
HBGETLIST:GETAPPLYKEY(344)  
HBGETLIST:READER(285)  
HBGETLIST:READMODAL(208)  
READMODAL(0)  
VGETCMD:SHOW(495)  
HBM_BOOTSTRAP(42)  
VEXECUTE:EXECFROMBUFF(449)  
VEXECUTE:EXECFROMPRG(208)  
HBMLOAD(24)  
HBMBOOTSTRAP(10)  
HBMSTART(4)  
MAIN(23)  
###################

20210705 - 16:46:33 >>  [INFO] Data base open successfully

# Called from : 
FQUERYTODBF(98)  
BOXSEARCH(164)  
TUIBROWSERSEARCH(66)  
TUISEARCH(26)  
__ACTIVEF3INGET(36)  
(b)VGETCMD_SHOW(494)  
HBGETLIST:GETDOSETKEY(661)  
HBGETLIST:GETAPPLYKEY(344)  
HBGETLIST:READER(285)  
HBGETLIST:READMODAL(208)  
READMODAL(0)  
VGETCMD:SHOW(495)  
HBM_BOOTSTRAP(42)  
VEXECUTE:EXECFROMBUFF(449)  
VEXECUTE:EXECFROMPRG(208)  
HBMLOAD(24)  
HBMBOOTSTRAP(10)  
HBMSTART(4)  
MAIN(23)  
###################

20210705 - 16:46:33 >>  [INFO] Mounted query : SELECT * FROM EMP / Original : SELECT * FROM EMP, nPage : 1, nLimit : 0

# Called from : 
VSQLITE:MOUNTQUERY(730)  
VSQLITE:EXECUTEQUERY(263)  
VSQLITE:EXECUTEQUERYTODBF(1250)  
FQUERYTODBF(113)  
BOXSEARCH(164)  
TUIBROWSERSEARCH(66)  
TUISEARCH(26)  
__ACTIVEF3INGET(36)  
(b)VGETCMD_SHOW(494)  
HBGETLIST:GETDOSETKEY(661)  
HBGETLIST:GETAPPLYKEY(344)  
HBGETLIST:READER(285)  
HBGETLIST:READMODAL(208)  
READMODAL(0)  
VGETCMD:SHOW(495)  
HBM_BOOTSTRAP(42)  
VEXECUTE:EXECFROMBUFF(449)  
VEXECUTE:EXECFROMPRG(208)  
HBMLOAD(24)  
HBMBOOTSTRAP(10)  
HBMSTART(4)  
MAIN(23)  
###################

20210705 - 16:46:33 >>  [INFO] Mounted query : SELECT * FROM EMP / Original : SELECT * FROM EMP, nPage : 1, nLimit : 0

# Called from : 
FQUERYTODBF(116)  
BOXSEARCH(164)  
TUIBROWSERSEARCH(66)  
TUISEARCH(26)  
__ACTIVEF3INGET(36)  
(b)VGETCMD_SHOW(494)  
HBGETLIST:GETDOSETKEY(661)  
HBGETLIST:GETAPPLYKEY(344)  
HBGETLIST:READER(285)  
HBGETLIST:READMODAL(208)  
READMODAL(0)  
VGETCMD:SHOW(495)  
HBM_BOOTSTRAP(42)  
VEXECUTE:EXECFROMBUFF(449)  
VEXECUTE:EXECFROMPRG(208)  
HBMLOAD(24)  
HBMBOOTSTRAP(10)  
HBMSTART(4)  
MAIN(23)  
###################

20210705 - 16:46:35 >>  [INFO] Data base open successfully

# Called from : 
VSQLITE:OPEN(134)  
FQUERYTODBF(94)  
VLJ_DLOOKUPTODEFCONTROL(301)  
TUILOOKUP(55)  
VGETCMD:EXECLOOKUP(565)  
(b)VGETCMD_SHOW(480)  
HBGETLIST:GETPOSTVALIDATE(625)  
HBGETLIST:READER(305)  
HBGETLIST:READMODAL(208)  
READMODAL(0)  
VGETCMD:SHOW(495)  
HBM_BOOTSTRAP(42)  
VEXECUTE:EXECFROMBUFF(449)  
VEXECUTE:EXECFROMPRG(208)  
HBMLOAD(24)  
HBMBOOTSTRAP(10)  
HBMSTART(4)  
MAIN(23)  
###################

20210705 - 16:46:35 >>  [INFO] Data base open successfully

# Called from : 
FQUERYTODBF(98)  
VLJ_DLOOKUPTODEFCONTROL(301)  
TUILOOKUP(55)  
VGETCMD:EXECLOOKUP(565)  
(b)VGETCMD_SHOW(480)  
HBGETLIST:GETPOSTVALIDATE(625)  
HBGETLIST:READER(305)  
HBGETLIST:READMODAL(208)  
READMODAL(0)  
VGETCMD:SHOW(495)  
HBM_BOOTSTRAP(42)  
VEXECUTE:EXECFROMBUFF(449)  
VEXECUTE:EXECFROMPRG(208)  
HBMLOAD(24)  
HBMBOOTSTRAP(10)  
HBMSTART(4)  
MAIN(23)  
###################

20210705 - 16:46:35 >>  [INFO] Mounted query : SELECT * FROM EMP WHERE EMPNO=7521 / Original : SELECT * FROM EMP WHERE EMPNO=7521, nPage : 1, nLimit : 0

# Called from : 
VSQLITE:MOUNTQUERY(730)  
VSQLITE:EXECUTEQUERY(263)  
VSQLITE:EXECUTEQUERYTODBF(1250)  
FQUERYTODBF(113)  
VLJ_DLOOKUPTODEFCONTROL(301)  
TUILOOKUP(55)  
VGETCMD:EXECLOOKUP(565)  
(b)VGETCMD_SHOW(480)  
HBGETLIST:GETPOSTVALIDATE(625)  
HBGETLIST:READER(305)  
HBGETLIST:READMODAL(208)  
READMODAL(0)  
VGETCMD:SHOW(495)  
HBM_BOOTSTRAP(42)  
VEXECUTE:EXECFROMBUFF(449)  
VEXECUTE:EXECFROMPRG(208)  
HBMLOAD(24)  
HBMBOOTSTRAP(10)  
HBMSTART(4)  
MAIN(23)  
###################

20210705 - 16:46:35 >>  [INFO] Mounted query : SELECT * FROM EMP WHERE EMPNO=7521 / Original : SELECT * FROM EMP WHERE EMPNO=7521, nPage : 1, nLimit : 0

# Called from : 
FQUERYTODBF(116)  
VLJ_DLOOKUPTODEFCONTROL(301)  
TUILOOKUP(55)  
VGETCMD:EXECLOOKUP(565)  
(b)VGETCMD_SHOW(480)  
HBGETLIST:GETPOSTVALIDATE(625)  
HBGETLIST:READER(305)  
HBGETLIST:READMODAL(208)  
READMODAL(0)  
VGETCMD:SHOW(495)  
HBM_BOOTSTRAP(42)  
VEXECUTE:EXECFROMBUFF(449)  
VEXECUTE:EXECFROMPRG(208)  
HBMLOAD(24)  
HBMBOOTSTRAP(10)  
HBMSTART(4)  
MAIN(23)  
###################

20210705 - 16:46:38 >>  [INFO] Data base open successfully

# Called from : 
VSQLITE:OPEN(134)  
FQUERYTODBF(94)  
BOXSEARCH(164)  
TUIBROWSERSEARCH(66)  
TUISEARCH(26)  
__ACTIVEF3INGET(36)  
(b)VGETCMD_SHOW(494)  
HBGETLIST:GETDOSETKEY(661)  
HBGETLIST:GETAPPLYKEY(344)  
HBGETLIST:READER(285)  
HBGETLIST:READMODAL(208)  
READMODAL(0)  
VGETCMD:SHOW(495)  
HBM_BOOTSTRAP(42)  
VEXECUTE:EXECFROMBUFF(449)  
VEXECUTE:EXECFROMPRG(208)  
HBMLOAD(24)  
HBMBOOTSTRAP(10)  
HBMSTART(4)  
MAIN(23)  
###################

20210705 - 16:46:38 >>  [INFO] Data base open successfully

# Called from : 
FQUERYTODBF(98)  
BOXSEARCH(164)  
TUIBROWSERSEARCH(66)  
TUISEARCH(26)  
__ACTIVEF3INGET(36)  
(b)VGETCMD_SHOW(494)  
HBGETLIST:GETDOSETKEY(661)  
HBGETLIST:GETAPPLYKEY(344)  
HBGETLIST:READER(285)  
HBGETLIST:READMODAL(208)  
READMODAL(0)  
VGETCMD:SHOW(495)  
HBM_BOOTSTRAP(42)  
VEXECUTE:EXECFROMBUFF(449)  
VEXECUTE:EXECFROMPRG(208)  
HBMLOAD(24)  
HBMBOOTSTRAP(10)  
HBMSTART(4)  
MAIN(23)  
###################

20210705 - 16:46:38 >>  [INFO] Mounted query : SELECT * FROM EMP / Original : SELECT * FROM EMP, nPage : 1, nLimit : 0

# Called from : 
VSQLITE:MOUNTQUERY(730)  
VSQLITE:EXECUTEQUERY(263)  
VSQLITE:EXECUTEQUERYTODBF(1250)  
FQUERYTODBF(113)  
BOXSEARCH(164)  
TUIBROWSERSEARCH(66)  
TUISEARCH(26)  
__ACTIVEF3INGET(36)  
(b)VGETCMD_SHOW(494)  
HBGETLIST:GETDOSETKEY(661)  
HBGETLIST:GETAPPLYKEY(344)  
HBGETLIST:READER(285)  
HBGETLIST:READMODAL(208)  
READMODAL(0)  
VGETCMD:SHOW(495)  
HBM_BOOTSTRAP(42)  
VEXECUTE:EXECFROMBUFF(449)  
VEXECUTE:EXECFROMPRG(208)  
HBMLOAD(24)  
HBMBOOTSTRAP(10)  
HBMSTART(4)  
MAIN(23)  
###################

20210705 - 16:46:38 >>  [INFO] Mounted query : SELECT * FROM EMP / Original : SELECT * FROM EMP, nPage : 1, nLimit : 0

# Called from : 
FQUERYTODBF(116)  
BOXSEARCH(164)  
TUIBROWSERSEARCH(66)  
TUISEARCH(26)  
__ACTIVEF3INGET(36)  
(b)VGETCMD_SHOW(494)  
HBGETLIST:GETDOSETKEY(661)  
HBGETLIST:GETAPPLYKEY(344)  
HBGETLIST:READER(285)  
HBGETLIST:READMODAL(208)  
READMODAL(0)  
VGETCMD:SHOW(495)  
HBM_BOOTSTRAP(42)  
VEXECUTE:EXECFROMBUFF(449)  
VEXECUTE:EXECFROMPRG(208)  
HBMLOAD(24)  
HBMBOOTSTRAP(10)  
HBMSTART(4)  
MAIN(23)  
###################

20210705 - 16:46:40 >>  [INFO] Data base open successfully

# Called from : 
VSQLITE:OPEN(134)  
FQUERYTODBF(94)  
VLJ_DLOOKUPTODEFCONTROL(301)  
TUILOOKUP(55)  
VGETCMD:EXECLOOKUP(565)  
(b)VGETCMD_SHOW(480)  
HBGETLIST:GETPOSTVALIDATE(625)  
HBGETLIST:READER(305)  
HBGETLIST:READMODAL(208)  
READMODAL(0)  
VGETCMD:SHOW(495)  
HBM_BOOTSTRAP(42)  
VEXECUTE:EXECFROMBUFF(449)  
VEXECUTE:EXECFROMPRG(208)  
HBMLOAD(24)  
HBMBOOTSTRAP(10)  
HBMSTART(4)  
MAIN(23)  
###################

20210705 - 16:46:40 >>  [INFO] Data base open successfully

# Called from : 
FQUERYTODBF(98)  
VLJ_DLOOKUPTODEFCONTROL(301)  
TUILOOKUP(55)  
VGETCMD:EXECLOOKUP(565)  
(b)VGETCMD_SHOW(480)  
HBGETLIST:GETPOSTVALIDATE(625)  
HBGETLIST:READER(305)  
HBGETLIST:READMODAL(208)  
READMODAL(0)  
VGETCMD:SHOW(495)  
HBM_BOOTSTRAP(42)  
VEXECUTE:EXECFROMBUFF(449)  
VEXECUTE:EXECFROMPRG(208)  
HBMLOAD(24)  
HBMBOOTSTRAP(10)  
HBMSTART(4)  
MAIN(23)  
###################

20210705 - 16:46:40 >>  [INFO] Mounted query : SELECT * FROM EMP WHERE EMPNO=7788 / Original : SELECT * FROM EMP WHERE EMPNO=7788, nPage : 1, nLimit : 0

# Called from : 
VSQLITE:MOUNTQUERY(730)  
VSQLITE:EXECUTEQUERY(263)  
VSQLITE:EXECUTEQUERYTODBF(1250)  
FQUERYTODBF(113)  
VLJ_DLOOKUPTODEFCONTROL(301)  
TUILOOKUP(55)  
VGETCMD:EXECLOOKUP(565)  
(b)VGETCMD_SHOW(480)  
HBGETLIST:GETPOSTVALIDATE(625)  
HBGETLIST:READER(305)  
HBGETLIST:READMODAL(208)  
READMODAL(0)  
VGETCMD:SHOW(495)  
HBM_BOOTSTRAP(42)  
VEXECUTE:EXECFROMBUFF(449)  
VEXECUTE:EXECFROMPRG(208)  
HBMLOAD(24)  
HBMBOOTSTRAP(10)  
HBMSTART(4)  
MAIN(23)  
###################

20210705 - 16:46:40 >>  [INFO] Mounted query : SELECT * FROM EMP WHERE EMPNO=7788 / Original : SELECT * FROM EMP WHERE EMPNO=7788, nPage : 1, nLimit : 0

# Called from : 
FQUERYTODBF(116)  
VLJ_DLOOKUPTODEFCONTROL(301)  
TUILOOKUP(55)  
VGETCMD:EXECLOOKUP(565)  
(b)VGETCMD_SHOW(480)  
HBGETLIST:GETPOSTVALIDATE(625)  
HBGETLIST:READER(305)  
HBGETLIST:READMODAL(208)  
READMODAL(0)  
VGETCMD:SHOW(495)  
HBM_BOOTSTRAP(42)  
VEXECUTE:EXECFROMBUFF(449)  
VEXECUTE:EXECFROMPRG(208)  
HBMLOAD(24)  
HBMBOOTSTRAP(10)  
HBMSTART(4)  
MAIN(23)  
###################

20210705 - 16:46:44 >>  [INFO] After execute with return : 13

# Called from : 
VEXECUTE:EXECFROMBUFF(450)  
VEXECUTE:EXECFROMPRG(208)  
HBMLOAD(24)  
HBMBOOTSTRAP(10)  
HBMSTART(4)  
MAIN(23)  
###################

20210705 - 16:46:44 >>  [INFO] After send buffer to execute

# Called from : 
VEXECUTE:EXECFROMPRG(209)  
HBMLOAD(24)  
HBMBOOTSTRAP(10)  
HBMSTART(4)  
MAIN(23)  
###################

20210705 - 16:47:55 >>  [INFO] Data base open successfully

# Called from : 
VSQLITE:OPEN(134)  
FQUERYTODBF(94)  
BOXSEARCH(164)  
TUIBROWSERSEARCH(66)  
TUISEARCH(26)  
__ACTIVEF3INGET(36)  
(b)VGETCMD_SHOW(494)  
HBGETLIST:GETDOSETKEY(661)  
HBGETLIST:GETAPPLYKEY(344)  
HBGETLIST:READER(285)  
HBGETLIST:READMODAL(208)  
READMODAL(0)  
VGETCMD:SHOW(495)  
HBM_BOOTSTRAP(42)  
VEXECUTE:EXECFROMBUFF(449)  
VEXECUTE:EXECFROMPRG(208)  
HBMLOAD(24)  
HBMBOOTSTRAP(10)  
HBMSTART(4)  
MAIN(23)  
###################

20210705 - 16:47:55 >>  [INFO] Data base open successfully

# Called from : 
FQUERYTODBF(98)  
BOXSEARCH(164)  
TUIBROWSERSEARCH(66)  
TUISEARCH(26)  
__ACTIVEF3INGET(36)  
(b)VGETCMD_SHOW(494)  
HBGETLIST:GETDOSETKEY(661)  
HBGETLIST:GETAPPLYKEY(344)  
HBGETLIST:READER(285)  
HBGETLIST:READMODAL(208)  
READMODAL(0)  
VGETCMD:SHOW(495)  
HBM_BOOTSTRAP(42)  
VEXECUTE:EXECFROMBUFF(449)  
VEXECUTE:EXECFROMPRG(208)  
HBMLOAD(24)  
HBMBOOTSTRAP(10)  
HBMSTART(4)  
MAIN(23)  
###################

20210705 - 16:47:55 >>  [INFO] Mounted query : SELECT * FROM EMP / Original : SELECT * FROM EMP, nPage : 1, nLimit : 0

# Called from : 
VSQLITE:MOUNTQUERY(730)  
VSQLITE:EXECUTEQUERY(263)  
VSQLITE:EXECUTEQUERYTODBF(1250)  
FQUERYTODBF(113)  
BOXSEARCH(164)  
TUIBROWSERSEARCH(66)  
TUISEARCH(26)  
__ACTIVEF3INGET(36)  
(b)VGETCMD_SHOW(494)  
HBGETLIST:GETDOSETKEY(661)  
HBGETLIST:GETAPPLYKEY(344)  
HBGETLIST:READER(285)  
HBGETLIST:READMODAL(208)  
READMODAL(0)  
VGETCMD:SHOW(495)  
HBM_BOOTSTRAP(42)  
VEXECUTE:EXECFROMBUFF(449)  
VEXECUTE:EXECFROMPRG(208)  
HBMLOAD(24)  
HBMBOOTSTRAP(10)  
HBMSTART(4)  
MAIN(23)  
###################

20210705 - 16:47:55 >>  [INFO] Mounted query : SELECT * FROM EMP / Original : SELECT * FROM EMP, nPage : 1, nLimit : 0

# Called from : 
FQUERYTODBF(116)  
BOXSEARCH(164)  
TUIBROWSERSEARCH(66)  
TUISEARCH(26)  
__ACTIVEF3INGET(36)  
(b)VGETCMD_SHOW(494)  
HBGETLIST:GETDOSETKEY(661)  
HBGETLIST:GETAPPLYKEY(344)  
HBGETLIST:READER(285)  
HBGETLIST:READMODAL(208)  
READMODAL(0)  
VGETCMD:SHOW(495)  
HBM_BOOTSTRAP(42)  
VEXECUTE:EXECFROMBUFF(449)  
VEXECUTE:EXECFROMPRG(208)  
HBMLOAD(24)  
HBMBOOTSTRAP(10)  
HBMSTART(4)  
MAIN(23)  
###################

20210705 - 16:48:15 >>  [INFO] Data base open successfully

# Called from : 
VSQLITE:OPEN(134)  
FQUERYTODBF(94)  
VLJ_DLOOKUPTODEFCONTROL(301)  
TUILOOKUP(55)  
VGETCMD:EXECLOOKUP(565)  
(b)VGETCMD_SHOW(480)  
HBGETLIST:GETPOSTVALIDATE(625)  
HBGETLIST:READER(305)  
HBGETLIST:READMODAL(208)  
READMODAL(0)  
VGETCMD:SHOW(495)  
HBM_BOOTSTRAP(42)  
VEXECUTE:EXECFROMBUFF(449)  
VEXECUTE:EXECFROMPRG(208)  
HBMLOAD(24)  
HBMBOOTSTRAP(10)  
HBMSTART(4)  
MAIN(23)  
###################

20210705 - 16:48:15 >>  [INFO] Data base open successfully

# Called from : 
FQUERYTODBF(98)  
VLJ_DLOOKUPTODEFCONTROL(301)  
TUILOOKUP(55)  
VGETCMD:EXECLOOKUP(565)  
(b)VGETCMD_SHOW(480)  
HBGETLIST:GETPOSTVALIDATE(625)  
HBGETLIST:READER(305)  
HBGETLIST:READMODAL(208)  
READMODAL(0)  
VGETCMD:SHOW(495)  
HBM_BOOTSTRAP(42)  
VEXECUTE:EXECFROMBUFF(449)  
VEXECUTE:EXECFROMPRG(208)  
HBMLOAD(24)  
HBMBOOTSTRAP(10)  
HBMSTART(4)  
MAIN(23)  
###################

20210705 - 16:48:15 >>  [INFO] Mounted query : SELECT * FROM EMP WHERE EMPNO=7902 / Original : SELECT * FROM EMP WHERE EMPNO=7902, nPage : 1, nLimit : 0

# Called from : 
VSQLITE:MOUNTQUERY(730)  
VSQLITE:EXECUTEQUERY(263)  
VSQLITE:EXECUTEQUERYTODBF(1250)  
FQUERYTODBF(113)  
VLJ_DLOOKUPTODEFCONTROL(301)  
TUILOOKUP(55)  
VGETCMD:EXECLOOKUP(565)  
(b)VGETCMD_SHOW(480)  
HBGETLIST:GETPOSTVALIDATE(625)  
HBGETLIST:READER(305)  
HBGETLIST:READMODAL(208)  
READMODAL(0)  
VGETCMD:SHOW(495)  
HBM_BOOTSTRAP(42)  
VEXECUTE:EXECFROMBUFF(449)  
VEXECUTE:EXECFROMPRG(208)  
HBMLOAD(24)  
HBMBOOTSTRAP(10)  
HBMSTART(4)  
MAIN(23)  
###################

20210705 - 16:48:15 >>  [INFO] Mounted query : SELECT * FROM EMP WHERE EMPNO=7902 / Original : SELECT * FROM EMP WHERE EMPNO=7902, nPage : 1, nLimit : 0

# Called from : 
FQUERYTODBF(116)  
VLJ_DLOOKUPTODEFCONTROL(301)  
TUILOOKUP(55)  
VGETCMD:EXECLOOKUP(565)  
(b)VGETCMD_SHOW(480)  
HBGETLIST:GETPOSTVALIDATE(625)  
HBGETLIST:READER(305)  
HBGETLIST:READMODAL(208)  
READMODAL(0)  
VGETCMD:SHOW(495)  
HBM_BOOTSTRAP(42)  
VEXECUTE:EXECFROMBUFF(449)  
VEXECUTE:EXECFROMPRG(208)  
HBMLOAD(24)  
HBMBOOTSTRAP(10)  
HBMSTART(4)  
MAIN(23)  
###################

20210705 - 16:50:11 >>  [INFO] After execute with return : 13

# Called from : 
VEXECUTE:EXECFROMBUFF(450)  
VEXECUTE:EXECFROMPRG(208)  
HBMLOAD(24)  
HBMBOOTSTRAP(10)  
HBMSTART(4)  
MAIN(23)  
###################

20210705 - 16:50:11 >>  [INFO] After send buffer to execute

# Called from : 
VEXECUTE:EXECFROMPRG(209)  
HBMLOAD(24)  
HBMBOOTSTRAP(10)  
HBMSTART(4)  
MAIN(23)  
###################

20210705 - 16:53:09 >>  [ERROR] (CODE:20200625113952) Compilation errors when compilation code/bootstrap.prg : Compilation error : Can't open #include file 'config.json'

# Called from : 
VCOMPILE:COMPILE(185)  
VEXECUTE:EXECFROMPRG(205)  
HBMLOAD(24)  
HBMBOOTSTRAP(10)  
HBMSTART(4)  
MAIN(23)  
###################

20210705 - 16:53:09 >>  [ERROR] (CODE:20200717110513) Probable compile error / GetResultCompiler return .f. after compile file code/bootstrap.prg

# Called from : 
VEXECUTE:EXECFROMPRG(213)  
HBMLOAD(24)  
HBMBOOTSTRAP(10)  
HBMSTART(4)  
MAIN(23)  
###################

20210705 - 16:53:58 >>  [INFO] Data base open successfully

# Called from : 
VSQLITE:OPEN(134)  
FQUERYTODBF(94)  
BOXSEARCH(164)  
TUIBROWSERSEARCH(66)  
TUISEARCH(26)  
__ACTIVEF3INGET(36)  
(b)VGETCMD_SHOW(494)  
HBGETLIST:GETDOSETKEY(661)  
HBGETLIST:GETAPPLYKEY(344)  
HBGETLIST:READER(285)  
HBGETLIST:READMODAL(208)  
READMODAL(0)  
VGETCMD:SHOW(495)  
HBM_BOOTSTRAP(30)  
VEXECUTE:EXECFROMBUFF(449)  
VEXECUTE:EXECFROMPRG(208)  
HBMLOAD(24)  
HBMBOOTSTRAP(10)  
HBMSTART(4)  
MAIN(23)  
###################

20210705 - 16:53:58 >>  [INFO] Data base open successfully

# Called from : 
FQUERYTODBF(98)  
BOXSEARCH(164)  
TUIBROWSERSEARCH(66)  
TUISEARCH(26)  
__ACTIVEF3INGET(36)  
(b)VGETCMD_SHOW(494)  
HBGETLIST:GETDOSETKEY(661)  
HBGETLIST:GETAPPLYKEY(344)  
HBGETLIST:READER(285)  
HBGETLIST:READMODAL(208)  
READMODAL(0)  
VGETCMD:SHOW(495)  
HBM_BOOTSTRAP(30)  
VEXECUTE:EXECFROMBUFF(449)  
VEXECUTE:EXECFROMPRG(208)  
HBMLOAD(24)  
HBMBOOTSTRAP(10)  
HBMSTART(4)  
MAIN(23)  
###################

20210705 - 16:53:58 >>  [INFO] Mounted query : SELECT * FROM EMP / Original : SELECT * FROM EMP, nPage : 1, nLimit : 0

# Called from : 
VSQLITE:MOUNTQUERY(730)  
VSQLITE:EXECUTEQUERY(263)  
VSQLITE:EXECUTEQUERYTODBF(1250)  
FQUERYTODBF(113)  
BOXSEARCH(164)  
TUIBROWSERSEARCH(66)  
TUISEARCH(26)  
__ACTIVEF3INGET(36)  
(b)VGETCMD_SHOW(494)  
HBGETLIST:GETDOSETKEY(661)  
HBGETLIST:GETAPPLYKEY(344)  
HBGETLIST:READER(285)  
HBGETLIST:READMODAL(208)  
READMODAL(0)  
VGETCMD:SHOW(495)  
HBM_BOOTSTRAP(30)  
VEXECUTE:EXECFROMBUFF(449)  
VEXECUTE:EXECFROMPRG(208)  
HBMLOAD(24)  
HBMBOOTSTRAP(10)  
HBMSTART(4)  
MAIN(23)  
###################

20210705 - 16:53:58 >>  [INFO] Mounted query : SELECT * FROM EMP / Original : SELECT * FROM EMP, nPage : 1, nLimit : 0

# Called from : 
FQUERYTODBF(116)  
BOXSEARCH(164)  
TUIBROWSERSEARCH(66)  
TUISEARCH(26)  
__ACTIVEF3INGET(36)  
(b)VGETCMD_SHOW(494)  
HBGETLIST:GETDOSETKEY(661)  
HBGETLIST:GETAPPLYKEY(344)  
HBGETLIST:READER(285)  
HBGETLIST:READMODAL(208)  
READMODAL(0)  
VGETCMD:SHOW(495)  
HBM_BOOTSTRAP(30)  
VEXECUTE:EXECFROMBUFF(449)  
VEXECUTE:EXECFROMPRG(208)  
HBMLOAD(24)  
HBMBOOTSTRAP(10)  
HBMSTART(4)  
MAIN(23)  
###################

20210705 - 16:54:13 >>  [INFO] Data base open successfully

# Called from : 
VSQLITE:OPEN(134)  
FQUERYTODBF(94)  
VLJ_DLOOKUPTODEFCONTROL(301)  
TUILOOKUP(55)  
VGETCMD:EXECLOOKUP(565)  
(b)VGETCMD_SHOW(480)  
HBGETLIST:GETPOSTVALIDATE(625)  
HBGETLIST:READER(305)  
HBGETLIST:READMODAL(208)  
READMODAL(0)  
VGETCMD:SHOW(495)  
HBM_BOOTSTRAP(30)  
VEXECUTE:EXECFROMBUFF(449)  
VEXECUTE:EXECFROMPRG(208)  
HBMLOAD(24)  
HBMBOOTSTRAP(10)  
HBMSTART(4)  
MAIN(23)  
###################

20210705 - 16:54:14 >>  [INFO] Data base open successfully

# Called from : 
FQUERYTODBF(98)  
VLJ_DLOOKUPTODEFCONTROL(301)  
TUILOOKUP(55)  
VGETCMD:EXECLOOKUP(565)  
(b)VGETCMD_SHOW(480)  
HBGETLIST:GETPOSTVALIDATE(625)  
HBGETLIST:READER(305)  
HBGETLIST:READMODAL(208)  
READMODAL(0)  
VGETCMD:SHOW(495)  
HBM_BOOTSTRAP(30)  
VEXECUTE:EXECFROMBUFF(449)  
VEXECUTE:EXECFROMPRG(208)  
HBMLOAD(24)  
HBMBOOTSTRAP(10)  
HBMSTART(4)  
MAIN(23)  
###################

20210705 - 16:54:14 >>  [INFO] Mounted query : SELECT * FROM EMP WHERE EMPNO=7839 / Original : SELECT * FROM EMP WHERE EMPNO=7839, nPage : 1, nLimit : 0

# Called from : 
VSQLITE:MOUNTQUERY(730)  
VSQLITE:EXECUTEQUERY(263)  
VSQLITE:EXECUTEQUERYTODBF(1250)  
FQUERYTODBF(113)  
VLJ_DLOOKUPTODEFCONTROL(301)  
TUILOOKUP(55)  
VGETCMD:EXECLOOKUP(565)  
(b)VGETCMD_SHOW(480)  
HBGETLIST:GETPOSTVALIDATE(625)  
HBGETLIST:READER(305)  
HBGETLIST:READMODAL(208)  
READMODAL(0)  
VGETCMD:SHOW(495)  
HBM_BOOTSTRAP(30)  
VEXECUTE:EXECFROMBUFF(449)  
VEXECUTE:EXECFROMPRG(208)  
HBMLOAD(24)  
HBMBOOTSTRAP(10)  
HBMSTART(4)  
MAIN(23)  
###################

20210705 - 16:54:14 >>  [INFO] Mounted query : SELECT * FROM EMP WHERE EMPNO=7839 / Original : SELECT * FROM EMP WHERE EMPNO=7839, nPage : 1, nLimit : 0

# Called from : 
FQUERYTODBF(116)  
VLJ_DLOOKUPTODEFCONTROL(301)  
TUILOOKUP(55)  
VGETCMD:EXECLOOKUP(565)  
(b)VGETCMD_SHOW(480)  
HBGETLIST:GETPOSTVALIDATE(625)  
HBGETLIST:READER(305)  
HBGETLIST:READMODAL(208)  
READMODAL(0)  
VGETCMD:SHOW(495)  
HBM_BOOTSTRAP(30)  
VEXECUTE:EXECFROMBUFF(449)  
VEXECUTE:EXECFROMPRG(208)  
HBMLOAD(24)  
HBMBOOTSTRAP(10)  
HBMSTART(4)  
MAIN(23)  
###################

20210705 - 16:55:44 >>  [INFO] After execute with return : 13

# Called from : 
VEXECUTE:EXECFROMBUFF(450)  
VEXECUTE:EXECFROMPRG(208)  
HBMLOAD(24)  
HBMBOOTSTRAP(10)  
HBMSTART(4)  
MAIN(23)  
###################

20210705 - 16:55:44 >>  [INFO] After send buffer to execute

# Called from : 
VEXECUTE:EXECFROMPRG(209)  
HBMLOAD(24)  
HBMBOOTSTRAP(10)  
HBMSTART(4)  
MAIN(23)  
###################

20210705 - 16:55:49 >>  [INFO] Data base open successfully

# Called from : 
VSQLITE:OPEN(134)  
FQUERYTODBF(94)  
BOXSEARCH(164)  
TUIBROWSERSEARCH(66)  
TUISEARCH(26)  
__ACTIVEF3INGET(36)  
(b)VGETCMD_SHOW(494)  
HBGETLIST:GETDOSETKEY(661)  
HBGETLIST:GETAPPLYKEY(344)  
HBGETLIST:READER(285)  
HBGETLIST:READMODAL(208)  
READMODAL(0)  
VGETCMD:SHOW(495)  
HBM_BOOTSTRAP(30)  
VEXECUTE:EXECFROMBUFF(449)  
VEXECUTE:EXECFROMPRG(208)  
HBMLOAD(24)  
HBMBOOTSTRAP(10)  
HBMSTART(4)  
MAIN(23)  
###################

20210705 - 16:55:49 >>  [INFO] Data base open successfully

# Called from : 
FQUERYTODBF(98)  
BOXSEARCH(164)  
TUIBROWSERSEARCH(66)  
TUISEARCH(26)  
__ACTIVEF3INGET(36)  
(b)VGETCMD_SHOW(494)  
HBGETLIST:GETDOSETKEY(661)  
HBGETLIST:GETAPPLYKEY(344)  
HBGETLIST:READER(285)  
HBGETLIST:READMODAL(208)  
READMODAL(0)  
VGETCMD:SHOW(495)  
HBM_BOOTSTRAP(30)  
VEXECUTE:EXECFROMBUFF(449)  
VEXECUTE:EXECFROMPRG(208)  
HBMLOAD(24)  
HBMBOOTSTRAP(10)  
HBMSTART(4)  
MAIN(23)  
###################

20210705 - 16:55:49 >>  [INFO] Mounted query : SELECT * FROM EMP / Original : SELECT * FROM EMP, nPage : 1, nLimit : 0

# Called from : 
VSQLITE:MOUNTQUERY(730)  
VSQLITE:EXECUTEQUERY(263)  
VSQLITE:EXECUTEQUERYTODBF(1250)  
FQUERYTODBF(113)  
BOXSEARCH(164)  
TUIBROWSERSEARCH(66)  
TUISEARCH(26)  
__ACTIVEF3INGET(36)  
(b)VGETCMD_SHOW(494)  
HBGETLIST:GETDOSETKEY(661)  
HBGETLIST:GETAPPLYKEY(344)  
HBGETLIST:READER(285)  
HBGETLIST:READMODAL(208)  
READMODAL(0)  
VGETCMD:SHOW(495)  
HBM_BOOTSTRAP(30)  
VEXECUTE:EXECFROMBUFF(449)  
VEXECUTE:EXECFROMPRG(208)  
HBMLOAD(24)  
HBMBOOTSTRAP(10)  
HBMSTART(4)  
MAIN(23)  
###################

20210705 - 16:55:49 >>  [INFO] Mounted query : SELECT * FROM EMP / Original : SELECT * FROM EMP, nPage : 1, nLimit : 0

# Called from : 
FQUERYTODBF(116)  
BOXSEARCH(164)  
TUIBROWSERSEARCH(66)  
TUISEARCH(26)  
__ACTIVEF3INGET(36)  
(b)VGETCMD_SHOW(494)  
HBGETLIST:GETDOSETKEY(661)  
HBGETLIST:GETAPPLYKEY(344)  
HBGETLIST:READER(285)  
HBGETLIST:READMODAL(208)  
READMODAL(0)  
VGETCMD:SHOW(495)  
HBM_BOOTSTRAP(30)  
VEXECUTE:EXECFROMBUFF(449)  
VEXECUTE:EXECFROMPRG(208)  
HBMLOAD(24)  
HBMBOOTSTRAP(10)  
HBMSTART(4)  
MAIN(23)  
###################

20210705 - 16:55:53 >>  [INFO] Data base open successfully

# Called from : 
VSQLITE:OPEN(134)  
FQUERYTODBF(94)  
VLJ_DLOOKUPTODEFCONTROL(301)  
TUILOOKUP(55)  
VGETCMD:EXECLOOKUP(565)  
(b)VGETCMD_SHOW(480)  
HBGETLIST:GETPOSTVALIDATE(625)  
HBGETLIST:READER(305)  
HBGETLIST:READMODAL(208)  
READMODAL(0)  
VGETCMD:SHOW(495)  
HBM_BOOTSTRAP(30)  
VEXECUTE:EXECFROMBUFF(449)  
VEXECUTE:EXECFROMPRG(208)  
HBMLOAD(24)  
HBMBOOTSTRAP(10)  
HBMSTART(4)  
MAIN(23)  
###################

20210705 - 16:55:53 >>  [INFO] Data base open successfully

# Called from : 
FQUERYTODBF(98)  
VLJ_DLOOKUPTODEFCONTROL(301)  
TUILOOKUP(55)  
VGETCMD:EXECLOOKUP(565)  
(b)VGETCMD_SHOW(480)  
HBGETLIST:GETPOSTVALIDATE(625)  
HBGETLIST:READER(305)  
HBGETLIST:READMODAL(208)  
READMODAL(0)  
VGETCMD:SHOW(495)  
HBM_BOOTSTRAP(30)  
VEXECUTE:EXECFROMBUFF(449)  
VEXECUTE:EXECFROMPRG(208)  
HBMLOAD(24)  
HBMBOOTSTRAP(10)  
HBMSTART(4)  
MAIN(23)  
###################

20210705 - 16:55:53 >>  [INFO] Mounted query : SELECT * FROM EMP WHERE EMPNO=7876 / Original : SELECT * FROM EMP WHERE EMPNO=7876, nPage : 1, nLimit : 0

# Called from : 
VSQLITE:MOUNTQUERY(730)  
VSQLITE:EXECUTEQUERY(263)  
VSQLITE:EXECUTEQUERYTODBF(1250)  
FQUERYTODBF(113)  
VLJ_DLOOKUPTODEFCONTROL(301)  
TUILOOKUP(55)  
VGETCMD:EXECLOOKUP(565)  
(b)VGETCMD_SHOW(480)  
HBGETLIST:GETPOSTVALIDATE(625)  
HBGETLIST:READER(305)  
HBGETLIST:READMODAL(208)  
READMODAL(0)  
VGETCMD:SHOW(495)  
HBM_BOOTSTRAP(30)  
VEXECUTE:EXECFROMBUFF(449)  
VEXECUTE:EXECFROMPRG(208)  
HBMLOAD(24)  
HBMBOOTSTRAP(10)  
HBMSTART(4)  
MAIN(23)  
###################

20210705 - 16:55:53 >>  [INFO] Mounted query : SELECT * FROM EMP WHERE EMPNO=7876 / Original : SELECT * FROM EMP WHERE EMPNO=7876, nPage : 1, nLimit : 0

# Called from : 
FQUERYTODBF(116)  
VLJ_DLOOKUPTODEFCONTROL(301)  
TUILOOKUP(55)  
VGETCMD:EXECLOOKUP(565)  
(b)VGETCMD_SHOW(480)  
HBGETLIST:GETPOSTVALIDATE(625)  
HBGETLIST:READER(305)  
HBGETLIST:READMODAL(208)  
READMODAL(0)  
VGETCMD:SHOW(495)  
HBM_BOOTSTRAP(30)  
VEXECUTE:EXECFROMBUFF(449)  
VEXECUTE:EXECFROMPRG(208)  
HBMLOAD(24)  
HBMBOOTSTRAP(10)  
HBMSTART(4)  
MAIN(23)  
###################

20210705 - 16:56:05 >>  [INFO] After execute with return : 13

# Called from : 
VEXECUTE:EXECFROMBUFF(450)  
VEXECUTE:EXECFROMPRG(208)  
HBMLOAD(24)  
HBMBOOTSTRAP(10)  
HBMSTART(4)  
MAIN(23)  
###################

20210705 - 16:56:05 >>  [INFO] After send buffer to execute

# Called from : 
VEXECUTE:EXECFROMPRG(209)  
HBMLOAD(24)  
HBMBOOTSTRAP(10)  
HBMSTART(4)  
MAIN(23)  
###################

20210705 - 17:03:52 >>  [INFO] After execute with return : 27

# Called from : 
VEXECUTE:EXECFROMBUFF(450)  
VEXECUTE:EXECFROMPRG(208)  
HBMLOAD(24)  
HBMBOOTSTRAP(10)  
HBMSTART(4)  
MAIN(23)  
###################

20210705 - 17:03:52 >>  [INFO] After send buffer to execute

# Called from : 
VEXECUTE:EXECFROMPRG(209)  
HBMLOAD(24)  
HBMBOOTSTRAP(10)  
HBMSTART(4)  
MAIN(23)  
###################

