***************************** BEGIN LOG HEADER ************************************
File created at : 20210714 23:05:51
***************************** END LOG HEADER **************************************

20210714 - 23:05:51 >>  [INFO] Data base open successfully

# Called from : 
VSQLITE:OPEN(134)  
FQUERYTODBF(94)  
VBROWSECMD:OPEN(216)  
VBROWSECMD:SHOW(431)  
HBM_BOOTSTRAP(28)  
VEXECUTE:EXECFROMBUFF(450)  
VEXECUTE:EXECFROMHRB(136)  
HBMLOAD(22)  
HBMBOOTSTRAP(10)  
HBMSTART(4)  
MAIN(22)  
###################

20210714 - 23:05:51 >>  [INFO] Data base open successfully

# Called from : 
FQUERYTODBF(98)  
VBROWSECMD:OPEN(216)  
VBROWSECMD:SHOW(431)  
HBM_BOOTSTRAP(28)  
VEXECUTE:EXECFROMBUFF(450)  
VEXECUTE:EXECFROMHRB(136)  
HBMLOAD(22)  
HBMBOOTSTRAP(10)  
HBMSTART(4)  
MAIN(22)  
###################

20210714 - 23:05:51 >>  [INFO] Mounted query : SELECT * FROM EMP WHERE 1=1  LIMIT 5 OFFSET 0 / Original : SELECT * FROM EMP WHERE 1=1 , nPage : 1, nLimit : 5

# Called from : 
VSQLITE:MOUNTQUERY(730)  
VSQLITE:EXECUTEQUERY(263)  
VSQLITE:EXECUTEQUERYTODBF(1250)  
FQUERYTODBF(113)  
VBROWSECMD:OPEN(216)  
VBROWSECMD:SHOW(431)  
HBM_BOOTSTRAP(28)  
VEXECUTE:EXECFROMBUFF(450)  
VEXECUTE:EXECFROMHRB(136)  
HBMLOAD(22)  
HBMBOOTSTRAP(10)  
HBMSTART(4)  
MAIN(22)  
###################

20210714 - 23:05:51 >>  [INFO] Mounted query : SELECT * FROM EMP WHERE 1=1  LIMIT 5 OFFSET 0 / Original : SELECT * FROM EMP WHERE 1=1 , nPage : 1, nLimit : 5

# Called from : 
FQUERYTODBF(116)  
VBROWSECMD:OPEN(216)  
VBROWSECMD:SHOW(431)  
HBM_BOOTSTRAP(28)  
VEXECUTE:EXECFROMBUFF(450)  
VEXECUTE:EXECFROMHRB(136)  
HBMLOAD(22)  
HBMBOOTSTRAP(10)  
HBMSTART(4)  
MAIN(22)  
###################

20210714 - 23:05:53 >>  [INFO] After execute with return : NIL

# Called from : 
VEXECUTE:EXECFROMBUFF(451)  
VEXECUTE:EXECFROMHRB(136)  
HBMLOAD(22)  
HBMBOOTSTRAP(10)  
HBMSTART(4)  
MAIN(22)  
###################

20210714 - 23:05:56 >>  [INFO] Data base open successfully

# Called from : 
VSQLITE:OPEN(134)  
FQUERYTODBF(94)  
VBROWSECMD:OPEN(216)  
VBROWSECMD:SHOW(431)  
HBM_BOOTSTRAP(33)  
VEXECUTE:EXECFROMBUFF(450)  
VEXECUTE:EXECFROMPRG(208)  
HBMLOAD(24)  
HBMBOOTSTRAP(10)  
HBMSTART(4)  
MAIN(26)  
###################

20210714 - 23:05:56 >>  [INFO] Data base open successfully

# Called from : 
FQUERYTODBF(98)  
VBROWSECMD:OPEN(216)  
VBROWSECMD:SHOW(431)  
HBM_BOOTSTRAP(33)  
VEXECUTE:EXECFROMBUFF(450)  
VEXECUTE:EXECFROMPRG(208)  
HBMLOAD(24)  
HBMBOOTSTRAP(10)  
HBMSTART(4)  
MAIN(26)  
###################

20210714 - 23:05:56 >>  [INFO] Mounted query : SELECT * FROM EMP WHERE 1=1  LIMIT 5 OFFSET 0 / Original : SELECT * FROM EMP WHERE 1=1 , nPage : 1, nLimit : 5

# Called from : 
VSQLITE:MOUNTQUERY(730)  
VSQLITE:EXECUTEQUERY(263)  
VSQLITE:EXECUTEQUERYTODBF(1250)  
FQUERYTODBF(113)  
VBROWSECMD:OPEN(216)  
VBROWSECMD:SHOW(431)  
HBM_BOOTSTRAP(33)  
VEXECUTE:EXECFROMBUFF(450)  
VEXECUTE:EXECFROMPRG(208)  
HBMLOAD(24)  
HBMBOOTSTRAP(10)  
HBMSTART(4)  
MAIN(26)  
###################

20210714 - 23:05:56 >>  [INFO] Mounted query : SELECT * FROM EMP WHERE 1=1  LIMIT 5 OFFSET 0 / Original : SELECT * FROM EMP WHERE 1=1 , nPage : 1, nLimit : 5

# Called from : 
FQUERYTODBF(116)  
VBROWSECMD:OPEN(216)  
VBROWSECMD:SHOW(431)  
HBM_BOOTSTRAP(33)  
VEXECUTE:EXECFROMBUFF(450)  
VEXECUTE:EXECFROMPRG(208)  
HBMLOAD(24)  
HBMBOOTSTRAP(10)  
HBMSTART(4)  
MAIN(26)  
###################

20210714 - 23:05:57 >>  [INFO] Data base open successfully

# Called from : 
VSQLITE:OPEN(134)  
FQUERYTODBF(94)  
VLJ_DLOOKUPREGISTER(132)  
VGETCMD:SHOW(400)  
VBROWSECMD:SHOW(700)  
HBM_BOOTSTRAP(33)  
VEXECUTE:EXECFROMBUFF(450)  
VEXECUTE:EXECFROMPRG(208)  
HBMLOAD(24)  
HBMBOOTSTRAP(10)  
HBMSTART(4)  
MAIN(26)  
###################

20210714 - 23:05:57 >>  [INFO] Data base open successfully

# Called from : 
FQUERYTODBF(98)  
VLJ_DLOOKUPREGISTER(132)  
VGETCMD:SHOW(400)  
VBROWSECMD:SHOW(700)  
HBM_BOOTSTRAP(33)  
VEXECUTE:EXECFROMBUFF(450)  
VEXECUTE:EXECFROMPRG(208)  
HBMLOAD(24)  
HBMBOOTSTRAP(10)  
HBMSTART(4)  
MAIN(26)  
###################

20210714 - 23:05:57 >>  [INFO] Mounted query : SELECT * FROM EMP WHERE EMPNO = 7499 / Original : SELECT * FROM EMP WHERE EMPNO = 7499, nPage : 1, nLimit : 0

# Called from : 
VSQLITE:MOUNTQUERY(730)  
VSQLITE:EXECUTEQUERY(263)  
VSQLITE:EXECUTEQUERYTODBF(1250)  
FQUERYTODBF(113)  
VLJ_DLOOKUPREGISTER(132)  
VGETCMD:SHOW(400)  
VBROWSECMD:SHOW(700)  
HBM_BOOTSTRAP(33)  
VEXECUTE:EXECFROMBUFF(450)  
VEXECUTE:EXECFROMPRG(208)  
HBMLOAD(24)  
HBMBOOTSTRAP(10)  
HBMSTART(4)  
MAIN(26)  
###################

20210714 - 23:05:58 >>  [INFO] Mounted query : SELECT * FROM EMP WHERE EMPNO = 7499 / Original : SELECT * FROM EMP WHERE EMPNO = 7499, nPage : 1, nLimit : 0

# Called from : 
FQUERYTODBF(116)  
VLJ_DLOOKUPREGISTER(132)  
VGETCMD:SHOW(400)  
VBROWSECMD:SHOW(700)  
HBM_BOOTSTRAP(33)  
VEXECUTE:EXECFROMBUFF(450)  
VEXECUTE:EXECFROMPRG(208)  
HBMLOAD(24)  
HBMBOOTSTRAP(10)  
HBMSTART(4)  
MAIN(26)  
###################

20210714 - 23:06:01 >>  [INFO] Data base open successfully

# Called from : 
VSQLITE:OPEN(134)  
FUPDATESQL(230)  
VGETCMD:EXECSUBMIT(1047)  
VBROWSECMD:SHOW(701)  
HBM_BOOTSTRAP(33)  
VEXECUTE:EXECFROMBUFF(450)  
VEXECUTE:EXECFROMPRG(208)  
HBMLOAD(24)  
HBMBOOTSTRAP(10)  
HBMSTART(4)  
MAIN(26)  
###################

20210714 - 23:06:01 >>  [INFO] UPDATE EMP SET EMPNO = 7499,ENAME = 'ALLEN' WHERE EMPNO = 7499;

# Called from : 
VSQLITE:UPDATESQL(1481)  
FUPDATESQL(240)  
VGETCMD:EXECSUBMIT(1047)  
VBROWSECMD:SHOW(701)  
HBM_BOOTSTRAP(33)  
VEXECUTE:EXECFROMBUFF(450)  
VEXECUTE:EXECFROMPRG(208)  
HBMLOAD(24)  
HBMBOOTSTRAP(10)  
HBMSTART(4)  
MAIN(26)  
###################

20210714 - 23:06:01 >>  [INFO] Data base open successfully

# Called from : 
FUPDATESQL(242)  
VGETCMD:EXECSUBMIT(1047)  
VBROWSECMD:SHOW(701)  
HBM_BOOTSTRAP(33)  
VEXECUTE:EXECFROMBUFF(450)  
VEXECUTE:EXECFROMPRG(208)  
HBMLOAD(24)  
HBMBOOTSTRAP(10)  
HBMSTART(4)  
MAIN(26)  
###################

20210714 - 23:06:01 >>  [INFO] Data base open successfully

# Called from : 
VSQLITE:OPEN(134)  
FQUERYTODBF(94)  
VBROWSECMD:OPEN(216)  
VBROWSECMD:REFRESH(1098)  
VBROWSECMD:SHOW(705)  
HBM_BOOTSTRAP(33)  
VEXECUTE:EXECFROMBUFF(450)  
VEXECUTE:EXECFROMPRG(208)  
HBMLOAD(24)  
HBMBOOTSTRAP(10)  
HBMSTART(4)  
MAIN(26)  
###################

20210714 - 23:06:01 >>  [INFO] Data base open successfully

# Called from : 
FQUERYTODBF(98)  
VBROWSECMD:OPEN(216)  
VBROWSECMD:REFRESH(1098)  
VBROWSECMD:SHOW(705)  
HBM_BOOTSTRAP(33)  
VEXECUTE:EXECFROMBUFF(450)  
VEXECUTE:EXECFROMPRG(208)  
HBMLOAD(24)  
HBMBOOTSTRAP(10)  
HBMSTART(4)  
MAIN(26)  
###################

20210714 - 23:06:01 >>  [INFO] Mounted query : SELECT * FROM EMP WHERE 1=1  LIMIT 5 OFFSET 0 / Original : SELECT * FROM EMP WHERE 1=1 , nPage : 1, nLimit : 5

# Called from : 
VSQLITE:MOUNTQUERY(730)  
VSQLITE:EXECUTEQUERY(263)  
VSQLITE:EXECUTEQUERYTODBF(1250)  
FQUERYTODBF(113)  
VBROWSECMD:OPEN(216)  
VBROWSECMD:REFRESH(1098)  
VBROWSECMD:SHOW(705)  
HBM_BOOTSTRAP(33)  
VEXECUTE:EXECFROMBUFF(450)  
VEXECUTE:EXECFROMPRG(208)  
HBMLOAD(24)  
HBMBOOTSTRAP(10)  
HBMSTART(4)  
MAIN(26)  
###################

20210714 - 23:06:01 >>  [INFO] Mounted query : SELECT * FROM EMP WHERE 1=1  LIMIT 5 OFFSET 0 / Original : SELECT * FROM EMP WHERE 1=1 , nPage : 1, nLimit : 5

# Called from : 
FQUERYTODBF(116)  
VBROWSECMD:OPEN(216)  
VBROWSECMD:REFRESH(1098)  
VBROWSECMD:SHOW(705)  
HBM_BOOTSTRAP(33)  
VEXECUTE:EXECFROMBUFF(450)  
VEXECUTE:EXECFROMPRG(208)  
HBMLOAD(24)  
HBMBOOTSTRAP(10)  
HBMSTART(4)  
MAIN(26)  
###################

20210714 - 23:06:03 >>  [INFO] After execute with return : NIL

# Called from : 
VEXECUTE:EXECFROMBUFF(451)  
VEXECUTE:EXECFROMPRG(208)  
HBMLOAD(24)  
HBMBOOTSTRAP(10)  
HBMSTART(4)  
MAIN(26)  
###################

20210714 - 23:06:03 >>  [INFO] After send buffer to execute

# Called from : 
VEXECUTE:EXECFROMPRG(209)  
HBMLOAD(24)  
HBMBOOTSTRAP(10)  
HBMSTART(4)  
MAIN(26)  
###################

