***************************** BEGIN LOG HEADER ************************************
File created at : 20210730 03:58:28
***************************** END LOG HEADER **************************************

20210730 - 03:58:28 >>  [INFO] Data base open successfully

# Called from : 
VSQLITE:OPEN(134)  
FQUERYTODBF(99)  
VBROWSECMD:OPEN(218)  
VBROWSECMD:SHOW(439)  
HBM_BOOTSTRAP(33)  
VEXECUTE:EXECFROMBUFF(519)  
VEXECUTE:EXECFROMPRG(209)  
HBMLOAD(28)  
HBMBOOTSTRAP(12)  
HBMSTART(6)  
MAIN(29)  
###################

20210730 - 03:58:28 >>  [INFO] Data base open successfully

# Called from : 
FQUERYTODBF(103)  
VBROWSECMD:OPEN(218)  
VBROWSECMD:SHOW(439)  
HBM_BOOTSTRAP(33)  
VEXECUTE:EXECFROMBUFF(519)  
VEXECUTE:EXECFROMPRG(209)  
HBMLOAD(28)  
HBMBOOTSTRAP(12)  
HBMSTART(6)  
MAIN(29)  
###################

20210730 - 03:58:28 >>  [INFO] Mounted query : SELECT * FROM EMP WHERE 1=1  LIMIT 5 OFFSET 0 / Original : SELECT * FROM EMP WHERE 1=1 , nPage : 1, nLimit : 5

# Called from : 
VSQLITE:MOUNTQUERY(730)  
VSQLITE:EXECUTEQUERY(263)  
VSQLITE:EXECUTEQUERYTODBF(1250)  
FQUERYTODBF(118)  
VBROWSECMD:OPEN(218)  
VBROWSECMD:SHOW(439)  
HBM_BOOTSTRAP(33)  
VEXECUTE:EXECFROMBUFF(519)  
VEXECUTE:EXECFROMPRG(209)  
HBMLOAD(28)  
HBMBOOTSTRAP(12)  
HBMSTART(6)  
MAIN(29)  
###################

20210730 - 03:58:28 >>  [INFO] Mounted query : SELECT * FROM EMP WHERE 1=1  LIMIT 5 OFFSET 0 / Original : SELECT * FROM EMP WHERE 1=1 , nPage : 1, nLimit : 5

# Called from : 
FQUERYTODBF(121)  
VBROWSECMD:OPEN(218)  
VBROWSECMD:SHOW(439)  
HBM_BOOTSTRAP(33)  
VEXECUTE:EXECFROMBUFF(519)  
VEXECUTE:EXECFROMPRG(209)  
HBMLOAD(28)  
HBMBOOTSTRAP(12)  
HBMSTART(6)  
MAIN(29)  
###################

20210730 - 03:58:32 >>  [INFO] Data base open successfully

# Called from : 
VSQLITE:OPEN(134)  
FQUERYTODBF(99)  
VLJ_DLOOKUPREGISTER(158)  
VGETCMD:SHOW(417)  
VBROWSECMD:SHOW(708)  
HBM_BOOTSTRAP(33)  
VEXECUTE:EXECFROMBUFF(519)  
VEXECUTE:EXECFROMPRG(209)  
HBMLOAD(28)  
HBMBOOTSTRAP(12)  
HBMSTART(6)  
MAIN(29)  
###################

20210730 - 03:58:32 >>  [INFO] Data base open successfully

# Called from : 
FQUERYTODBF(103)  
VLJ_DLOOKUPREGISTER(158)  
VGETCMD:SHOW(417)  
VBROWSECMD:SHOW(708)  
HBM_BOOTSTRAP(33)  
VEXECUTE:EXECFROMBUFF(519)  
VEXECUTE:EXECFROMPRG(209)  
HBMLOAD(28)  
HBMBOOTSTRAP(12)  
HBMSTART(6)  
MAIN(29)  
###################

20210730 - 03:58:32 >>  [INFO] Mounted query : SELECT * FROM EMP WHERE EMPNO = 7521 / Original : SELECT * FROM EMP WHERE EMPNO = 7521, nPage : 1, nLimit : 0

# Called from : 
VSQLITE:MOUNTQUERY(730)  
VSQLITE:EXECUTEQUERY(263)  
VSQLITE:EXECUTEQUERYTODBF(1250)  
FQUERYTODBF(118)  
VLJ_DLOOKUPREGISTER(158)  
VGETCMD:SHOW(417)  
VBROWSECMD:SHOW(708)  
HBM_BOOTSTRAP(33)  
VEXECUTE:EXECFROMBUFF(519)  
VEXECUTE:EXECFROMPRG(209)  
HBMLOAD(28)  
HBMBOOTSTRAP(12)  
HBMSTART(6)  
MAIN(29)  
###################

20210730 - 03:58:32 >>  [INFO] Mounted query : SELECT * FROM EMP WHERE EMPNO = 7521 / Original : SELECT * FROM EMP WHERE EMPNO = 7521, nPage : 1, nLimit : 0

# Called from : 
FQUERYTODBF(121)  
VLJ_DLOOKUPREGISTER(158)  
VGETCMD:SHOW(417)  
VBROWSECMD:SHOW(708)  
HBM_BOOTSTRAP(33)  
VEXECUTE:EXECFROMBUFF(519)  
VEXECUTE:EXECFROMPRG(209)  
HBMLOAD(28)  
HBMBOOTSTRAP(12)  
HBMSTART(6)  
MAIN(29)  
###################

20210730 - 03:58:35 >>  [INFO] Data base open successfully

# Called from : 
VSQLITE:OPEN(134)  
FQUERYTODBF(99)  
VBROWSECMD:OPEN(218)  
VBROWSECMD:REFRESH(1106)  
VBROWSECMD:SHOW(713)  
HBM_BOOTSTRAP(33)  
VEXECUTE:EXECFROMBUFF(519)  
VEXECUTE:EXECFROMPRG(209)  
HBMLOAD(28)  
HBMBOOTSTRAP(12)  
HBMSTART(6)  
MAIN(29)  
###################

20210730 - 03:58:35 >>  [INFO] Data base open successfully

# Called from : 
FQUERYTODBF(103)  
VBROWSECMD:OPEN(218)  
VBROWSECMD:REFRESH(1106)  
VBROWSECMD:SHOW(713)  
HBM_BOOTSTRAP(33)  
VEXECUTE:EXECFROMBUFF(519)  
VEXECUTE:EXECFROMPRG(209)  
HBMLOAD(28)  
HBMBOOTSTRAP(12)  
HBMSTART(6)  
MAIN(29)  
###################

20210730 - 03:58:35 >>  [INFO] Mounted query : SELECT * FROM EMP WHERE 1=1  LIMIT 5 OFFSET 0 / Original : SELECT * FROM EMP WHERE 1=1 , nPage : 1, nLimit : 5

# Called from : 
VSQLITE:MOUNTQUERY(730)  
VSQLITE:EXECUTEQUERY(263)  
VSQLITE:EXECUTEQUERYTODBF(1250)  
FQUERYTODBF(118)  
VBROWSECMD:OPEN(218)  
VBROWSECMD:REFRESH(1106)  
VBROWSECMD:SHOW(713)  
HBM_BOOTSTRAP(33)  
VEXECUTE:EXECFROMBUFF(519)  
VEXECUTE:EXECFROMPRG(209)  
HBMLOAD(28)  
HBMBOOTSTRAP(12)  
HBMSTART(6)  
MAIN(29)  
###################

20210730 - 03:58:35 >>  [INFO] Mounted query : SELECT * FROM EMP WHERE 1=1  LIMIT 5 OFFSET 0 / Original : SELECT * FROM EMP WHERE 1=1 , nPage : 1, nLimit : 5

# Called from : 
FQUERYTODBF(121)  
VBROWSECMD:OPEN(218)  
VBROWSECMD:REFRESH(1106)  
VBROWSECMD:SHOW(713)  
HBM_BOOTSTRAP(33)  
VEXECUTE:EXECFROMBUFF(519)  
VEXECUTE:EXECFROMPRG(209)  
HBMLOAD(28)  
HBMBOOTSTRAP(12)  
HBMSTART(6)  
MAIN(29)  
###################

20210730 - 03:58:37 >>  [INFO] Data base open successfully

# Called from : 
VSQLITE:OPEN(134)  
FQUERYTODBF(99)  
VLJ_DLOOKUPREGISTER(158)  
VGETCMD:SHOW(417)  
VBROWSECMD:SHOW(708)  
HBM_BOOTSTRAP(33)  
VEXECUTE:EXECFROMBUFF(519)  
VEXECUTE:EXECFROMPRG(209)  
HBMLOAD(28)  
HBMBOOTSTRAP(12)  
HBMSTART(6)  
MAIN(29)  
###################

20210730 - 03:58:37 >>  [INFO] Data base open successfully

# Called from : 
FQUERYTODBF(103)  
VLJ_DLOOKUPREGISTER(158)  
VGETCMD:SHOW(417)  
VBROWSECMD:SHOW(708)  
HBM_BOOTSTRAP(33)  
VEXECUTE:EXECFROMBUFF(519)  
VEXECUTE:EXECFROMPRG(209)  
HBMLOAD(28)  
HBMBOOTSTRAP(12)  
HBMSTART(6)  
MAIN(29)  
###################

20210730 - 03:58:37 >>  [INFO] Mounted query : SELECT * FROM EMP WHERE EMPNO = 7654 / Original : SELECT * FROM EMP WHERE EMPNO = 7654, nPage : 1, nLimit : 0

# Called from : 
VSQLITE:MOUNTQUERY(730)  
VSQLITE:EXECUTEQUERY(263)  
VSQLITE:EXECUTEQUERYTODBF(1250)  
FQUERYTODBF(118)  
VLJ_DLOOKUPREGISTER(158)  
VGETCMD:SHOW(417)  
VBROWSECMD:SHOW(708)  
HBM_BOOTSTRAP(33)  
VEXECUTE:EXECFROMBUFF(519)  
VEXECUTE:EXECFROMPRG(209)  
HBMLOAD(28)  
HBMBOOTSTRAP(12)  
HBMSTART(6)  
MAIN(29)  
###################

20210730 - 03:58:37 >>  [INFO] Mounted query : SELECT * FROM EMP WHERE EMPNO = 7654 / Original : SELECT * FROM EMP WHERE EMPNO = 7654, nPage : 1, nLimit : 0

# Called from : 
FQUERYTODBF(121)  
VLJ_DLOOKUPREGISTER(158)  
VGETCMD:SHOW(417)  
VBROWSECMD:SHOW(708)  
HBM_BOOTSTRAP(33)  
VEXECUTE:EXECFROMBUFF(519)  
VEXECUTE:EXECFROMPRG(209)  
HBMLOAD(28)  
HBMBOOTSTRAP(12)  
HBMSTART(6)  
MAIN(29)  
###################

20210730 - 03:58:39 >>  [INFO] Data base open successfully

# Called from : 
VSQLITE:OPEN(134)  
FQUERYTODBF(99)  
VBROWSECMD:OPEN(218)  
VBROWSECMD:REFRESH(1106)  
VBROWSECMD:SHOW(713)  
HBM_BOOTSTRAP(33)  
VEXECUTE:EXECFROMBUFF(519)  
VEXECUTE:EXECFROMPRG(209)  
HBMLOAD(28)  
HBMBOOTSTRAP(12)  
HBMSTART(6)  
MAIN(29)  
###################

20210730 - 03:58:39 >>  [INFO] Data base open successfully

# Called from : 
FQUERYTODBF(103)  
VBROWSECMD:OPEN(218)  
VBROWSECMD:REFRESH(1106)  
VBROWSECMD:SHOW(713)  
HBM_BOOTSTRAP(33)  
VEXECUTE:EXECFROMBUFF(519)  
VEXECUTE:EXECFROMPRG(209)  
HBMLOAD(28)  
HBMBOOTSTRAP(12)  
HBMSTART(6)  
MAIN(29)  
###################

20210730 - 03:58:39 >>  [INFO] Mounted query : SELECT * FROM EMP WHERE 1=1  LIMIT 5 OFFSET 0 / Original : SELECT * FROM EMP WHERE 1=1 , nPage : 1, nLimit : 5

# Called from : 
VSQLITE:MOUNTQUERY(730)  
VSQLITE:EXECUTEQUERY(263)  
VSQLITE:EXECUTEQUERYTODBF(1250)  
FQUERYTODBF(118)  
VBROWSECMD:OPEN(218)  
VBROWSECMD:REFRESH(1106)  
VBROWSECMD:SHOW(713)  
HBM_BOOTSTRAP(33)  
VEXECUTE:EXECFROMBUFF(519)  
VEXECUTE:EXECFROMPRG(209)  
HBMLOAD(28)  
HBMBOOTSTRAP(12)  
HBMSTART(6)  
MAIN(29)  
###################

20210730 - 03:58:39 >>  [INFO] Mounted query : SELECT * FROM EMP WHERE 1=1  LIMIT 5 OFFSET 0 / Original : SELECT * FROM EMP WHERE 1=1 , nPage : 1, nLimit : 5

# Called from : 
FQUERYTODBF(121)  
VBROWSECMD:OPEN(218)  
VBROWSECMD:REFRESH(1106)  
VBROWSECMD:SHOW(713)  
HBM_BOOTSTRAP(33)  
VEXECUTE:EXECFROMBUFF(519)  
VEXECUTE:EXECFROMPRG(209)  
HBMLOAD(28)  
HBMBOOTSTRAP(12)  
HBMSTART(6)  
MAIN(29)  
###################

20210730 - 03:58:41 >>  [INFO] Data base open successfully

# Called from : 
VSQLITE:OPEN(134)  
FQUERYTODBF(99)  
VLJ_DLOOKUPREGISTER(158)  
VGETCMD:SHOW(417)  
VBROWSECMD:SHOW(708)  
HBM_BOOTSTRAP(33)  
VEXECUTE:EXECFROMBUFF(519)  
VEXECUTE:EXECFROMPRG(209)  
HBMLOAD(28)  
HBMBOOTSTRAP(12)  
HBMSTART(6)  
MAIN(29)  
###################

20210730 - 03:58:42 >>  [INFO] Data base open successfully

# Called from : 
FQUERYTODBF(103)  
VLJ_DLOOKUPREGISTER(158)  
VGETCMD:SHOW(417)  
VBROWSECMD:SHOW(708)  
HBM_BOOTSTRAP(33)  
VEXECUTE:EXECFROMBUFF(519)  
VEXECUTE:EXECFROMPRG(209)  
HBMLOAD(28)  
HBMBOOTSTRAP(12)  
HBMSTART(6)  
MAIN(29)  
###################

20210730 - 03:58:42 >>  [INFO] Mounted query : SELECT * FROM EMP WHERE EMPNO = 7369 / Original : SELECT * FROM EMP WHERE EMPNO = 7369, nPage : 1, nLimit : 0

# Called from : 
VSQLITE:MOUNTQUERY(730)  
VSQLITE:EXECUTEQUERY(263)  
VSQLITE:EXECUTEQUERYTODBF(1250)  
FQUERYTODBF(118)  
VLJ_DLOOKUPREGISTER(158)  
VGETCMD:SHOW(417)  
VBROWSECMD:SHOW(708)  
HBM_BOOTSTRAP(33)  
VEXECUTE:EXECFROMBUFF(519)  
VEXECUTE:EXECFROMPRG(209)  
HBMLOAD(28)  
HBMBOOTSTRAP(12)  
HBMSTART(6)  
MAIN(29)  
###################

20210730 - 03:58:42 >>  [INFO] Mounted query : SELECT * FROM EMP WHERE EMPNO = 7369 / Original : SELECT * FROM EMP WHERE EMPNO = 7369, nPage : 1, nLimit : 0

# Called from : 
FQUERYTODBF(121)  
VLJ_DLOOKUPREGISTER(158)  
VGETCMD:SHOW(417)  
VBROWSECMD:SHOW(708)  
HBM_BOOTSTRAP(33)  
VEXECUTE:EXECFROMBUFF(519)  
VEXECUTE:EXECFROMPRG(209)  
HBMLOAD(28)  
HBMBOOTSTRAP(12)  
HBMSTART(6)  
MAIN(29)  
###################

20210730 - 03:58:43 >>  [INFO] Data base open successfully

# Called from : 
VSQLITE:OPEN(134)  
FQUERYTODBF(99)  
VBROWSECMD:OPEN(218)  
VBROWSECMD:REFRESH(1106)  
VBROWSECMD:SHOW(713)  
HBM_BOOTSTRAP(33)  
VEXECUTE:EXECFROMBUFF(519)  
VEXECUTE:EXECFROMPRG(209)  
HBMLOAD(28)  
HBMBOOTSTRAP(12)  
HBMSTART(6)  
MAIN(29)  
###################

20210730 - 03:58:43 >>  [INFO] Data base open successfully

# Called from : 
FQUERYTODBF(103)  
VBROWSECMD:OPEN(218)  
VBROWSECMD:REFRESH(1106)  
VBROWSECMD:SHOW(713)  
HBM_BOOTSTRAP(33)  
VEXECUTE:EXECFROMBUFF(519)  
VEXECUTE:EXECFROMPRG(209)  
HBMLOAD(28)  
HBMBOOTSTRAP(12)  
HBMSTART(6)  
MAIN(29)  
###################

20210730 - 03:58:43 >>  [INFO] Mounted query : SELECT * FROM EMP WHERE 1=1  LIMIT 5 OFFSET 0 / Original : SELECT * FROM EMP WHERE 1=1 , nPage : 1, nLimit : 5

# Called from : 
VSQLITE:MOUNTQUERY(730)  
VSQLITE:EXECUTEQUERY(263)  
VSQLITE:EXECUTEQUERYTODBF(1250)  
FQUERYTODBF(118)  
VBROWSECMD:OPEN(218)  
VBROWSECMD:REFRESH(1106)  
VBROWSECMD:SHOW(713)  
HBM_BOOTSTRAP(33)  
VEXECUTE:EXECFROMBUFF(519)  
VEXECUTE:EXECFROMPRG(209)  
HBMLOAD(28)  
HBMBOOTSTRAP(12)  
HBMSTART(6)  
MAIN(29)  
###################

20210730 - 03:58:43 >>  [INFO] Mounted query : SELECT * FROM EMP WHERE 1=1  LIMIT 5 OFFSET 0 / Original : SELECT * FROM EMP WHERE 1=1 , nPage : 1, nLimit : 5

# Called from : 
FQUERYTODBF(121)  
VBROWSECMD:OPEN(218)  
VBROWSECMD:REFRESH(1106)  
VBROWSECMD:SHOW(713)  
HBM_BOOTSTRAP(33)  
VEXECUTE:EXECFROMBUFF(519)  
VEXECUTE:EXECFROMPRG(209)  
HBMLOAD(28)  
HBMBOOTSTRAP(12)  
HBMSTART(6)  
MAIN(29)  
###################

20210730 - 03:58:45 >>  [INFO] Data base open successfully

# Called from : 
VSQLITE:OPEN(134)  
FQUERYTODBF(99)  
VLJ_DLOOKUPREGISTER(158)  
VGETCMD:SHOW(417)  
VBROWSECMD:SHOW(708)  
HBM_BOOTSTRAP(33)  
VEXECUTE:EXECFROMBUFF(519)  
VEXECUTE:EXECFROMPRG(209)  
HBMLOAD(28)  
HBMBOOTSTRAP(12)  
HBMSTART(6)  
MAIN(29)  
###################

20210730 - 03:58:45 >>  [INFO] Data base open successfully

# Called from : 
FQUERYTODBF(103)  
VLJ_DLOOKUPREGISTER(158)  
VGETCMD:SHOW(417)  
VBROWSECMD:SHOW(708)  
HBM_BOOTSTRAP(33)  
VEXECUTE:EXECFROMBUFF(519)  
VEXECUTE:EXECFROMPRG(209)  
HBMLOAD(28)  
HBMBOOTSTRAP(12)  
HBMSTART(6)  
MAIN(29)  
###################

20210730 - 03:58:45 >>  [INFO] Mounted query : SELECT * FROM EMP WHERE EMPNO = 7499 / Original : SELECT * FROM EMP WHERE EMPNO = 7499, nPage : 1, nLimit : 0

# Called from : 
VSQLITE:MOUNTQUERY(730)  
VSQLITE:EXECUTEQUERY(263)  
VSQLITE:EXECUTEQUERYTODBF(1250)  
FQUERYTODBF(118)  
VLJ_DLOOKUPREGISTER(158)  
VGETCMD:SHOW(417)  
VBROWSECMD:SHOW(708)  
HBM_BOOTSTRAP(33)  
VEXECUTE:EXECFROMBUFF(519)  
VEXECUTE:EXECFROMPRG(209)  
HBMLOAD(28)  
HBMBOOTSTRAP(12)  
HBMSTART(6)  
MAIN(29)  
###################

20210730 - 03:58:45 >>  [INFO] Mounted query : SELECT * FROM EMP WHERE EMPNO = 7499 / Original : SELECT * FROM EMP WHERE EMPNO = 7499, nPage : 1, nLimit : 0

# Called from : 
FQUERYTODBF(121)  
VLJ_DLOOKUPREGISTER(158)  
VGETCMD:SHOW(417)  
VBROWSECMD:SHOW(708)  
HBM_BOOTSTRAP(33)  
VEXECUTE:EXECFROMBUFF(519)  
VEXECUTE:EXECFROMPRG(209)  
HBMLOAD(28)  
HBMBOOTSTRAP(12)  
HBMSTART(6)  
MAIN(29)  
###################

20210730 - 03:58:46 >>  [INFO] Data base open successfully

# Called from : 
VSQLITE:OPEN(134)  
FQUERYTODBF(99)  
VBROWSECMD:OPEN(218)  
VBROWSECMD:REFRESH(1106)  
VBROWSECMD:SHOW(713)  
HBM_BOOTSTRAP(33)  
VEXECUTE:EXECFROMBUFF(519)  
VEXECUTE:EXECFROMPRG(209)  
HBMLOAD(28)  
HBMBOOTSTRAP(12)  
HBMSTART(6)  
MAIN(29)  
###################

20210730 - 03:58:46 >>  [INFO] Data base open successfully

# Called from : 
FQUERYTODBF(103)  
VBROWSECMD:OPEN(218)  
VBROWSECMD:REFRESH(1106)  
VBROWSECMD:SHOW(713)  
HBM_BOOTSTRAP(33)  
VEXECUTE:EXECFROMBUFF(519)  
VEXECUTE:EXECFROMPRG(209)  
HBMLOAD(28)  
HBMBOOTSTRAP(12)  
HBMSTART(6)  
MAIN(29)  
###################

20210730 - 03:58:46 >>  [INFO] Mounted query : SELECT * FROM EMP WHERE 1=1  LIMIT 5 OFFSET 0 / Original : SELECT * FROM EMP WHERE 1=1 , nPage : 1, nLimit : 5

# Called from : 
VSQLITE:MOUNTQUERY(730)  
VSQLITE:EXECUTEQUERY(263)  
VSQLITE:EXECUTEQUERYTODBF(1250)  
FQUERYTODBF(118)  
VBROWSECMD:OPEN(218)  
VBROWSECMD:REFRESH(1106)  
VBROWSECMD:SHOW(713)  
HBM_BOOTSTRAP(33)  
VEXECUTE:EXECFROMBUFF(519)  
VEXECUTE:EXECFROMPRG(209)  
HBMLOAD(28)  
HBMBOOTSTRAP(12)  
HBMSTART(6)  
MAIN(29)  
###################

20210730 - 03:58:46 >>  [INFO] Mounted query : SELECT * FROM EMP WHERE 1=1  LIMIT 5 OFFSET 0 / Original : SELECT * FROM EMP WHERE 1=1 , nPage : 1, nLimit : 5

# Called from : 
FQUERYTODBF(121)  
VBROWSECMD:OPEN(218)  
VBROWSECMD:REFRESH(1106)  
VBROWSECMD:SHOW(713)  
HBM_BOOTSTRAP(33)  
VEXECUTE:EXECFROMBUFF(519)  
VEXECUTE:EXECFROMPRG(209)  
HBMLOAD(28)  
HBMBOOTSTRAP(12)  
HBMSTART(6)  
MAIN(29)  
###################

20210730 - 03:58:47 >>  [INFO] After execute with return : NIL

# Called from : 
VEXECUTE:EXECFROMBUFF(520)  
VEXECUTE:EXECFROMPRG(209)  
HBMLOAD(28)  
HBMBOOTSTRAP(12)  
HBMSTART(6)  
MAIN(29)  
###################

20210730 - 03:58:47 >>  [INFO] After send buffer to execute

# Called from : 
VEXECUTE:EXECFROMPRG(210)  
HBMLOAD(28)  
HBMBOOTSTRAP(12)  
HBMSTART(6)  
MAIN(29)  
###################

