***************************** BEGIN LOG HEADER ************************************
File created at : 20210726 14:53:06
***************************** END LOG HEADER **************************************

20210726 - 14:53:06 >>  [INFO] Data base open successfully

# Called from : 
VSQLITE:OPEN(134)  
FQUERYTODBF(94)  
VBROWSECMD:OPEN(216)  
VBROWSECMD:SHOW(431)  
HBM_BOOTSTRAP(33)  
VEXECUTE:EXECFROMBUFF(516)  
VEXECUTE:EXECFROMPRG(209)  
HBMLOAD(28)  
HBMBOOTSTRAP(12)  
HBMSTART(6)  
MAIN(26)  
###################

20210726 - 14:53:06 >>  [INFO] Data base open successfully

# Called from : 
FQUERYTODBF(98)  
VBROWSECMD:OPEN(216)  
VBROWSECMD:SHOW(431)  
HBM_BOOTSTRAP(33)  
VEXECUTE:EXECFROMBUFF(516)  
VEXECUTE:EXECFROMPRG(209)  
HBMLOAD(28)  
HBMBOOTSTRAP(12)  
HBMSTART(6)  
MAIN(26)  
###################

20210726 - 14:53:06 >>  [INFO] Mounted query : SELECT * FROM EMP WHERE 1=1  LIMIT 5 OFFSET 0 / Original : SELECT * FROM EMP WHERE 1=1 , nPage : 1, nLimit : 5

# Called from : 
VSQLITE:MOUNTQUERY(730)  
VSQLITE:EXECUTEQUERY(263)  
VSQLITE:EXECUTEQUERYTODBF(1250)  
FQUERYTODBF(113)  
VBROWSECMD:OPEN(216)  
VBROWSECMD:SHOW(431)  
HBM_BOOTSTRAP(33)  
VEXECUTE:EXECFROMBUFF(516)  
VEXECUTE:EXECFROMPRG(209)  
HBMLOAD(28)  
HBMBOOTSTRAP(12)  
HBMSTART(6)  
MAIN(26)  
###################

20210726 - 14:53:06 >>  [INFO] Mounted query : SELECT * FROM EMP WHERE 1=1  LIMIT 5 OFFSET 0 / Original : SELECT * FROM EMP WHERE 1=1 , nPage : 1, nLimit : 5

# Called from : 
FQUERYTODBF(116)  
VBROWSECMD:OPEN(216)  
VBROWSECMD:SHOW(431)  
HBM_BOOTSTRAP(33)  
VEXECUTE:EXECFROMBUFF(516)  
VEXECUTE:EXECFROMPRG(209)  
HBMLOAD(28)  
HBMBOOTSTRAP(12)  
HBMSTART(6)  
MAIN(26)  
###################

20210726 - 14:53:10 >>  [INFO] Data base open successfully

# Called from : 
VSQLITE:OPEN(134)  
FQUERYTODBF(94)  
VLJ_DLOOKUPREGISTER(132)  
VGETCMD:SHOW(414)  
VBROWSECMD:SHOW(700)  
HBM_BOOTSTRAP(33)  
VEXECUTE:EXECFROMBUFF(516)  
VEXECUTE:EXECFROMPRG(209)  
HBMLOAD(28)  
HBMBOOTSTRAP(12)  
HBMSTART(6)  
MAIN(26)  
###################

20210726 - 14:53:10 >>  [INFO] Data base open successfully

# Called from : 
FQUERYTODBF(98)  
VLJ_DLOOKUPREGISTER(132)  
VGETCMD:SHOW(414)  
VBROWSECMD:SHOW(700)  
HBM_BOOTSTRAP(33)  
VEXECUTE:EXECFROMBUFF(516)  
VEXECUTE:EXECFROMPRG(209)  
HBMLOAD(28)  
HBMBOOTSTRAP(12)  
HBMSTART(6)  
MAIN(26)  
###################

20210726 - 14:53:10 >>  [INFO] Mounted query : SELECT * FROM EMP WHERE EMPNO = 7521 / Original : SELECT * FROM EMP WHERE EMPNO = 7521, nPage : 1, nLimit : 0

# Called from : 
VSQLITE:MOUNTQUERY(730)  
VSQLITE:EXECUTEQUERY(263)  
VSQLITE:EXECUTEQUERYTODBF(1250)  
FQUERYTODBF(113)  
VLJ_DLOOKUPREGISTER(132)  
VGETCMD:SHOW(414)  
VBROWSECMD:SHOW(700)  
HBM_BOOTSTRAP(33)  
VEXECUTE:EXECFROMBUFF(516)  
VEXECUTE:EXECFROMPRG(209)  
HBMLOAD(28)  
HBMBOOTSTRAP(12)  
HBMSTART(6)  
MAIN(26)  
###################

20210726 - 14:53:10 >>  [INFO] Mounted query : SELECT * FROM EMP WHERE EMPNO = 7521 / Original : SELECT * FROM EMP WHERE EMPNO = 7521, nPage : 1, nLimit : 0

# Called from : 
FQUERYTODBF(116)  
VLJ_DLOOKUPREGISTER(132)  
VGETCMD:SHOW(414)  
VBROWSECMD:SHOW(700)  
HBM_BOOTSTRAP(33)  
VEXECUTE:EXECFROMBUFF(516)  
VEXECUTE:EXECFROMPRG(209)  
HBMLOAD(28)  
HBMBOOTSTRAP(12)  
HBMSTART(6)  
MAIN(26)  
###################

20210726 - 14:53:12 >>  [INFO] Data base open successfully

# Called from : 
VSQLITE:OPEN(134)  
FQUERYTODBF(94)  
VBROWSECMD:OPEN(216)  
VBROWSECMD:REFRESH(1098)  
VBROWSECMD:SHOW(705)  
HBM_BOOTSTRAP(33)  
VEXECUTE:EXECFROMBUFF(516)  
VEXECUTE:EXECFROMPRG(209)  
HBMLOAD(28)  
HBMBOOTSTRAP(12)  
HBMSTART(6)  
MAIN(26)  
###################

20210726 - 14:53:12 >>  [INFO] Data base open successfully

# Called from : 
FQUERYTODBF(98)  
VBROWSECMD:OPEN(216)  
VBROWSECMD:REFRESH(1098)  
VBROWSECMD:SHOW(705)  
HBM_BOOTSTRAP(33)  
VEXECUTE:EXECFROMBUFF(516)  
VEXECUTE:EXECFROMPRG(209)  
HBMLOAD(28)  
HBMBOOTSTRAP(12)  
HBMSTART(6)  
MAIN(26)  
###################

20210726 - 14:53:12 >>  [INFO] Mounted query : SELECT * FROM EMP WHERE 1=1  LIMIT 5 OFFSET 0 / Original : SELECT * FROM EMP WHERE 1=1 , nPage : 1, nLimit : 5

# Called from : 
VSQLITE:MOUNTQUERY(730)  
VSQLITE:EXECUTEQUERY(263)  
VSQLITE:EXECUTEQUERYTODBF(1250)  
FQUERYTODBF(113)  
VBROWSECMD:OPEN(216)  
VBROWSECMD:REFRESH(1098)  
VBROWSECMD:SHOW(705)  
HBM_BOOTSTRAP(33)  
VEXECUTE:EXECFROMBUFF(516)  
VEXECUTE:EXECFROMPRG(209)  
HBMLOAD(28)  
HBMBOOTSTRAP(12)  
HBMSTART(6)  
MAIN(26)  
###################

20210726 - 14:53:12 >>  [INFO] Mounted query : SELECT * FROM EMP WHERE 1=1  LIMIT 5 OFFSET 0 / Original : SELECT * FROM EMP WHERE 1=1 , nPage : 1, nLimit : 5

# Called from : 
FQUERYTODBF(116)  
VBROWSECMD:OPEN(216)  
VBROWSECMD:REFRESH(1098)  
VBROWSECMD:SHOW(705)  
HBM_BOOTSTRAP(33)  
VEXECUTE:EXECFROMBUFF(516)  
VEXECUTE:EXECFROMPRG(209)  
HBMLOAD(28)  
HBMBOOTSTRAP(12)  
HBMSTART(6)  
MAIN(26)  
###################

20210726 - 14:53:12 >>  [INFO] After execute with return : NIL

# Called from : 
VEXECUTE:EXECFROMBUFF(517)  
VEXECUTE:EXECFROMPRG(209)  
HBMLOAD(28)  
HBMBOOTSTRAP(12)  
HBMSTART(6)  
MAIN(26)  
###################

20210726 - 14:53:13 >>  [INFO] After send buffer to execute

# Called from : 
VEXECUTE:EXECFROMPRG(210)  
HBMLOAD(28)  
HBMBOOTSTRAP(12)  
HBMSTART(6)  
MAIN(26)  
###################

20210726 - 14:53:30 >>  [INFO] Data base open successfully

# Called from : 
VSQLITE:OPEN(134)  
FQUERYTODBF(94)  
VBROWSECMD:OPEN(216)  
VBROWSECMD:SHOW(431)  
HBM_BOOTSTRAP(33)  
VEXECUTE:EXECFROMBUFF(516)  
VEXECUTE:EXECFROMPRG(209)  
HBMLOAD(28)  
HBMBOOTSTRAP(12)  
HBMSTART(6)  
MAIN(26)  
###################

20210726 - 14:53:30 >>  [INFO] Data base open successfully

# Called from : 
FQUERYTODBF(98)  
VBROWSECMD:OPEN(216)  
VBROWSECMD:SHOW(431)  
HBM_BOOTSTRAP(33)  
VEXECUTE:EXECFROMBUFF(516)  
VEXECUTE:EXECFROMPRG(209)  
HBMLOAD(28)  
HBMBOOTSTRAP(12)  
HBMSTART(6)  
MAIN(26)  
###################

20210726 - 14:53:30 >>  [INFO] Mounted query : SELECT * FROM EMP WHERE 1=1  LIMIT 5 OFFSET 0 / Original : SELECT * FROM EMP WHERE 1=1 , nPage : 1, nLimit : 5

# Called from : 
VSQLITE:MOUNTQUERY(730)  
VSQLITE:EXECUTEQUERY(263)  
VSQLITE:EXECUTEQUERYTODBF(1250)  
FQUERYTODBF(113)  
VBROWSECMD:OPEN(216)  
VBROWSECMD:SHOW(431)  
HBM_BOOTSTRAP(33)  
VEXECUTE:EXECFROMBUFF(516)  
VEXECUTE:EXECFROMPRG(209)  
HBMLOAD(28)  
HBMBOOTSTRAP(12)  
HBMSTART(6)  
MAIN(26)  
###################

20210726 - 14:53:30 >>  [INFO] Mounted query : SELECT * FROM EMP WHERE 1=1  LIMIT 5 OFFSET 0 / Original : SELECT * FROM EMP WHERE 1=1 , nPage : 1, nLimit : 5

# Called from : 
FQUERYTODBF(116)  
VBROWSECMD:OPEN(216)  
VBROWSECMD:SHOW(431)  
HBM_BOOTSTRAP(33)  
VEXECUTE:EXECFROMBUFF(516)  
VEXECUTE:EXECFROMPRG(209)  
HBMLOAD(28)  
HBMBOOTSTRAP(12)  
HBMSTART(6)  
MAIN(26)  
###################

20210726 - 14:53:39 >>  [INFO] Data base open successfully

# Called from : 
VSQLITE:OPEN(134)  
FQUERYTODBF(94)  
VBROWSECMD:OPEN(216)  
VBROWSECMD:REFRESH(1098)  
VBROWSECMD:SHOW(783)  
HBM_BOOTSTRAP(33)  
VEXECUTE:EXECFROMBUFF(516)  
VEXECUTE:EXECFROMPRG(209)  
HBMLOAD(28)  
HBMBOOTSTRAP(12)  
HBMSTART(6)  
MAIN(26)  
###################

20210726 - 14:53:39 >>  [INFO] Data base open successfully

# Called from : 
FQUERYTODBF(98)  
VBROWSECMD:OPEN(216)  
VBROWSECMD:REFRESH(1098)  
VBROWSECMD:SHOW(783)  
HBM_BOOTSTRAP(33)  
VEXECUTE:EXECFROMBUFF(516)  
VEXECUTE:EXECFROMPRG(209)  
HBMLOAD(28)  
HBMBOOTSTRAP(12)  
HBMSTART(6)  
MAIN(26)  
###################

20210726 - 14:53:39 >>  [INFO] Mounted query : SELECT * FROM EMP WHERE 1=1  LIMIT 5 OFFSET 0 / Original : SELECT * FROM EMP WHERE 1=1 , nPage : 1, nLimit : 5

# Called from : 
VSQLITE:MOUNTQUERY(730)  
VSQLITE:EXECUTEQUERY(263)  
VSQLITE:EXECUTEQUERYTODBF(1250)  
FQUERYTODBF(113)  
VBROWSECMD:OPEN(216)  
VBROWSECMD:REFRESH(1098)  
VBROWSECMD:SHOW(783)  
HBM_BOOTSTRAP(33)  
VEXECUTE:EXECFROMBUFF(516)  
VEXECUTE:EXECFROMPRG(209)  
HBMLOAD(28)  
HBMBOOTSTRAP(12)  
HBMSTART(6)  
MAIN(26)  
###################

20210726 - 14:53:39 >>  [INFO] Mounted query : SELECT * FROM EMP WHERE 1=1  LIMIT 5 OFFSET 0 / Original : SELECT * FROM EMP WHERE 1=1 , nPage : 1, nLimit : 5

# Called from : 
FQUERYTODBF(116)  
VBROWSECMD:OPEN(216)  
VBROWSECMD:REFRESH(1098)  
VBROWSECMD:SHOW(783)  
HBM_BOOTSTRAP(33)  
VEXECUTE:EXECFROMBUFF(516)  
VEXECUTE:EXECFROMPRG(209)  
HBMLOAD(28)  
HBMBOOTSTRAP(12)  
HBMSTART(6)  
MAIN(26)  
###################

20210726 - 14:53:41 >>  [INFO] Data base open successfully

# Called from : 
VSQLITE:OPEN(134)  
FQUERYTODBF(94)  
VLJ_DLOOKUPREGISTER(132)  
VGETCMD:SHOW(414)  
VBROWSECMD:SHOW(700)  
HBM_BOOTSTRAP(33)  
VEXECUTE:EXECFROMBUFF(516)  
VEXECUTE:EXECFROMPRG(209)  
HBMLOAD(28)  
HBMBOOTSTRAP(12)  
HBMSTART(6)  
MAIN(26)  
###################

20210726 - 14:53:41 >>  [INFO] Data base open successfully

# Called from : 
FQUERYTODBF(98)  
VLJ_DLOOKUPREGISTER(132)  
VGETCMD:SHOW(414)  
VBROWSECMD:SHOW(700)  
HBM_BOOTSTRAP(33)  
VEXECUTE:EXECFROMBUFF(516)  
VEXECUTE:EXECFROMPRG(209)  
HBMLOAD(28)  
HBMBOOTSTRAP(12)  
HBMSTART(6)  
MAIN(26)  
###################

20210726 - 14:53:41 >>  [INFO] Mounted query : SELECT * FROM EMP WHERE EMPNO = 7369 / Original : SELECT * FROM EMP WHERE EMPNO = 7369, nPage : 1, nLimit : 0

# Called from : 
VSQLITE:MOUNTQUERY(730)  
VSQLITE:EXECUTEQUERY(263)  
VSQLITE:EXECUTEQUERYTODBF(1250)  
FQUERYTODBF(113)  
VLJ_DLOOKUPREGISTER(132)  
VGETCMD:SHOW(414)  
VBROWSECMD:SHOW(700)  
HBM_BOOTSTRAP(33)  
VEXECUTE:EXECFROMBUFF(516)  
VEXECUTE:EXECFROMPRG(209)  
HBMLOAD(28)  
HBMBOOTSTRAP(12)  
HBMSTART(6)  
MAIN(26)  
###################

20210726 - 14:53:41 >>  [INFO] Mounted query : SELECT * FROM EMP WHERE EMPNO = 7369 / Original : SELECT * FROM EMP WHERE EMPNO = 7369, nPage : 1, nLimit : 0

# Called from : 
FQUERYTODBF(116)  
VLJ_DLOOKUPREGISTER(132)  
VGETCMD:SHOW(414)  
VBROWSECMD:SHOW(700)  
HBM_BOOTSTRAP(33)  
VEXECUTE:EXECFROMBUFF(516)  
VEXECUTE:EXECFROMPRG(209)  
HBMLOAD(28)  
HBMBOOTSTRAP(12)  
HBMSTART(6)  
MAIN(26)  
###################

20210726 - 14:53:43 >>  [INFO] Data base open successfully

# Called from : 
VSQLITE:OPEN(134)  
FQUERYTODBF(94)  
VBROWSECMD:OPEN(216)  
VBROWSECMD:REFRESH(1098)  
VBROWSECMD:SHOW(705)  
HBM_BOOTSTRAP(33)  
VEXECUTE:EXECFROMBUFF(516)  
VEXECUTE:EXECFROMPRG(209)  
HBMLOAD(28)  
HBMBOOTSTRAP(12)  
HBMSTART(6)  
MAIN(26)  
###################

20210726 - 14:53:43 >>  [INFO] Data base open successfully

# Called from : 
FQUERYTODBF(98)  
VBROWSECMD:OPEN(216)  
VBROWSECMD:REFRESH(1098)  
VBROWSECMD:SHOW(705)  
HBM_BOOTSTRAP(33)  
VEXECUTE:EXECFROMBUFF(516)  
VEXECUTE:EXECFROMPRG(209)  
HBMLOAD(28)  
HBMBOOTSTRAP(12)  
HBMSTART(6)  
MAIN(26)  
###################

20210726 - 14:53:43 >>  [INFO] Mounted query : SELECT * FROM EMP WHERE 1=1  LIMIT 5 OFFSET 0 / Original : SELECT * FROM EMP WHERE 1=1 , nPage : 1, nLimit : 5

# Called from : 
VSQLITE:MOUNTQUERY(730)  
VSQLITE:EXECUTEQUERY(263)  
VSQLITE:EXECUTEQUERYTODBF(1250)  
FQUERYTODBF(113)  
VBROWSECMD:OPEN(216)  
VBROWSECMD:REFRESH(1098)  
VBROWSECMD:SHOW(705)  
HBM_BOOTSTRAP(33)  
VEXECUTE:EXECFROMBUFF(516)  
VEXECUTE:EXECFROMPRG(209)  
HBMLOAD(28)  
HBMBOOTSTRAP(12)  
HBMSTART(6)  
MAIN(26)  
###################

20210726 - 14:53:43 >>  [INFO] Mounted query : SELECT * FROM EMP WHERE 1=1  LIMIT 5 OFFSET 0 / Original : SELECT * FROM EMP WHERE 1=1 , nPage : 1, nLimit : 5

# Called from : 
FQUERYTODBF(116)  
VBROWSECMD:OPEN(216)  
VBROWSECMD:REFRESH(1098)  
VBROWSECMD:SHOW(705)  
HBM_BOOTSTRAP(33)  
VEXECUTE:EXECFROMBUFF(516)  
VEXECUTE:EXECFROMPRG(209)  
HBMLOAD(28)  
HBMBOOTSTRAP(12)  
HBMSTART(6)  
MAIN(26)  
###################

20210726 - 14:53:52 >>  [INFO] Data base open successfully

# Called from : 
VSQLITE:OPEN(134)  
FQUERYTODBF(94)  
VBROWSECMD:OPEN(216)  
VBROWSECMD:REFRESH(1098)  
VBROWSECMD:SHOW(750)  
HBM_BOOTSTRAP(33)  
VEXECUTE:EXECFROMBUFF(516)  
VEXECUTE:EXECFROMPRG(209)  
HBMLOAD(28)  
HBMBOOTSTRAP(12)  
HBMSTART(6)  
MAIN(26)  
###################

20210726 - 14:53:52 >>  [INFO] Data base open successfully

# Called from : 
FQUERYTODBF(98)  
VBROWSECMD:OPEN(216)  
VBROWSECMD:REFRESH(1098)  
VBROWSECMD:SHOW(750)  
HBM_BOOTSTRAP(33)  
VEXECUTE:EXECFROMBUFF(516)  
VEXECUTE:EXECFROMPRG(209)  
HBMLOAD(28)  
HBMBOOTSTRAP(12)  
HBMSTART(6)  
MAIN(26)  
###################

20210726 - 14:53:52 >>  [INFO] Mounted query : SELECT * FROM EMP WHERE 1=1  LIMIT 5 OFFSET 0 / Original : SELECT * FROM EMP WHERE 1=1 , nPage : 1, nLimit : 5

# Called from : 
VSQLITE:MOUNTQUERY(730)  
VSQLITE:EXECUTEQUERY(263)  
VSQLITE:EXECUTEQUERYTODBF(1250)  
FQUERYTODBF(113)  
VBROWSECMD:OPEN(216)  
VBROWSECMD:REFRESH(1098)  
VBROWSECMD:SHOW(750)  
HBM_BOOTSTRAP(33)  
VEXECUTE:EXECFROMBUFF(516)  
VEXECUTE:EXECFROMPRG(209)  
HBMLOAD(28)  
HBMBOOTSTRAP(12)  
HBMSTART(6)  
MAIN(26)  
###################

20210726 - 14:53:52 >>  [INFO] Mounted query : SELECT * FROM EMP WHERE 1=1  LIMIT 5 OFFSET 0 / Original : SELECT * FROM EMP WHERE 1=1 , nPage : 1, nLimit : 5

# Called from : 
FQUERYTODBF(116)  
VBROWSECMD:OPEN(216)  
VBROWSECMD:REFRESH(1098)  
VBROWSECMD:SHOW(750)  
HBM_BOOTSTRAP(33)  
VEXECUTE:EXECFROMBUFF(516)  
VEXECUTE:EXECFROMPRG(209)  
HBMLOAD(28)  
HBMBOOTSTRAP(12)  
HBMSTART(6)  
MAIN(26)  
###################

20210726 - 14:53:54 >>  [INFO] Data base open successfully

# Called from : 
VSQLITE:OPEN(134)  
FQUERYTODBF(94)  
VLJ_DLOOKUPREGISTER(132)  
VGETCMD:SHOW(414)  
VBROWSECMD:SHOW(700)  
HBM_BOOTSTRAP(33)  
VEXECUTE:EXECFROMBUFF(516)  
VEXECUTE:EXECFROMPRG(209)  
HBMLOAD(28)  
HBMBOOTSTRAP(12)  
HBMSTART(6)  
MAIN(26)  
###################

20210726 - 14:53:54 >>  [INFO] Data base open successfully

# Called from : 
FQUERYTODBF(98)  
VLJ_DLOOKUPREGISTER(132)  
VGETCMD:SHOW(414)  
VBROWSECMD:SHOW(700)  
HBM_BOOTSTRAP(33)  
VEXECUTE:EXECFROMBUFF(516)  
VEXECUTE:EXECFROMPRG(209)  
HBMLOAD(28)  
HBMBOOTSTRAP(12)  
HBMSTART(6)  
MAIN(26)  
###################

20210726 - 14:53:54 >>  [INFO] Mounted query : SELECT * FROM EMP WHERE EMPNO = 7521 / Original : SELECT * FROM EMP WHERE EMPNO = 7521, nPage : 1, nLimit : 0

# Called from : 
VSQLITE:MOUNTQUERY(730)  
VSQLITE:EXECUTEQUERY(263)  
VSQLITE:EXECUTEQUERYTODBF(1250)  
FQUERYTODBF(113)  
VLJ_DLOOKUPREGISTER(132)  
VGETCMD:SHOW(414)  
VBROWSECMD:SHOW(700)  
HBM_BOOTSTRAP(33)  
VEXECUTE:EXECFROMBUFF(516)  
VEXECUTE:EXECFROMPRG(209)  
HBMLOAD(28)  
HBMBOOTSTRAP(12)  
HBMSTART(6)  
MAIN(26)  
###################

20210726 - 14:53:54 >>  [INFO] Mounted query : SELECT * FROM EMP WHERE EMPNO = 7521 / Original : SELECT * FROM EMP WHERE EMPNO = 7521, nPage : 1, nLimit : 0

# Called from : 
FQUERYTODBF(116)  
VLJ_DLOOKUPREGISTER(132)  
VGETCMD:SHOW(414)  
VBROWSECMD:SHOW(700)  
HBM_BOOTSTRAP(33)  
VEXECUTE:EXECFROMBUFF(516)  
VEXECUTE:EXECFROMPRG(209)  
HBMLOAD(28)  
HBMBOOTSTRAP(12)  
HBMSTART(6)  
MAIN(26)  
###################

20210726 - 14:53:59 >>  [INFO] Data base open successfully

# Called from : 
VSQLITE:OPEN(134)  
FQUERYTODBF(94)  
VBROWSECMD:OPEN(216)  
VBROWSECMD:REFRESH(1098)  
VBROWSECMD:SHOW(705)  
HBM_BOOTSTRAP(33)  
VEXECUTE:EXECFROMBUFF(516)  
VEXECUTE:EXECFROMPRG(209)  
HBMLOAD(28)  
HBMBOOTSTRAP(12)  
HBMSTART(6)  
MAIN(26)  
###################

20210726 - 14:53:59 >>  [INFO] Data base open successfully

# Called from : 
FQUERYTODBF(98)  
VBROWSECMD:OPEN(216)  
VBROWSECMD:REFRESH(1098)  
VBROWSECMD:SHOW(705)  
HBM_BOOTSTRAP(33)  
VEXECUTE:EXECFROMBUFF(516)  
VEXECUTE:EXECFROMPRG(209)  
HBMLOAD(28)  
HBMBOOTSTRAP(12)  
HBMSTART(6)  
MAIN(26)  
###################

20210726 - 14:53:59 >>  [INFO] Mounted query : SELECT * FROM EMP WHERE 1=1  LIMIT 5 OFFSET 0 / Original : SELECT * FROM EMP WHERE 1=1 , nPage : 1, nLimit : 5

# Called from : 
VSQLITE:MOUNTQUERY(730)  
VSQLITE:EXECUTEQUERY(263)  
VSQLITE:EXECUTEQUERYTODBF(1250)  
FQUERYTODBF(113)  
VBROWSECMD:OPEN(216)  
VBROWSECMD:REFRESH(1098)  
VBROWSECMD:SHOW(705)  
HBM_BOOTSTRAP(33)  
VEXECUTE:EXECFROMBUFF(516)  
VEXECUTE:EXECFROMPRG(209)  
HBMLOAD(28)  
HBMBOOTSTRAP(12)  
HBMSTART(6)  
MAIN(26)  
###################

20210726 - 14:53:59 >>  [INFO] Mounted query : SELECT * FROM EMP WHERE 1=1  LIMIT 5 OFFSET 0 / Original : SELECT * FROM EMP WHERE 1=1 , nPage : 1, nLimit : 5

# Called from : 
FQUERYTODBF(116)  
VBROWSECMD:OPEN(216)  
VBROWSECMD:REFRESH(1098)  
VBROWSECMD:SHOW(705)  
HBM_BOOTSTRAP(33)  
VEXECUTE:EXECFROMBUFF(516)  
VEXECUTE:EXECFROMPRG(209)  
HBMLOAD(28)  
HBMBOOTSTRAP(12)  
HBMSTART(6)  
MAIN(26)  
###################

20210726 - 14:54:02 >>  [INFO] After execute with return : NIL

# Called from : 
VEXECUTE:EXECFROMBUFF(517)  
VEXECUTE:EXECFROMPRG(209)  
HBMLOAD(28)  
HBMBOOTSTRAP(12)  
HBMSTART(6)  
MAIN(26)  
###################

20210726 - 14:54:02 >>  [INFO] After send buffer to execute

# Called from : 
VEXECUTE:EXECFROMPRG(210)  
HBMLOAD(28)  
HBMBOOTSTRAP(12)  
HBMSTART(6)  
MAIN(26)  
###################

