***************************** BEGIN LOG HEADER ************************************
File created at : 20210726 14:55:17
***************************** END LOG HEADER **************************************

20210726 - 14:55:17 >>  [INFO] After execute with return : 12

# Called from : 
VEXECUTE:EXECFROMBUFF(517)  
VEXECUTE:EXECFROMPRG(209)  
HBMLOAD(28)  
HBMBOOTSTRAP(12)  
HBMSTART(6)  
MAIN(26)  
###################

20210726 - 14:55:17 >>  [INFO] After send buffer to execute

# Called from : 
VEXECUTE:EXECFROMPRG(210)  
HBMLOAD(28)  
HBMBOOTSTRAP(12)  
HBMSTART(6)  
MAIN(26)  
###################

20210726 - 14:55:35 >>  [INFO] After execute with return : 12

# Called from : 
VEXECUTE:EXECFROMBUFF(517)  
VEXECUTE:EXECFROMPRG(209)  
HBMLOAD(28)  
HBMBOOTSTRAP(12)  
HBMSTART(6)  
MAIN(26)  
###################

20210726 - 14:55:35 >>  [INFO] After send buffer to execute

# Called from : 
VEXECUTE:EXECFROMPRG(210)  
HBMLOAD(28)  
HBMBOOTSTRAP(12)  
HBMSTART(6)  
MAIN(26)  
###################

20210726 - 14:56:38 >>  [INFO] After execute with return : 12

# Called from : 
VEXECUTE:EXECFROMBUFF(517)  
VEXECUTE:EXECFROMPRG(209)  
HBMLOAD(28)  
HBMBOOTSTRAP(12)  
HBMSTART(6)  
MAIN(26)  
###################

20210726 - 14:56:38 >>  [INFO] After send buffer to execute

# Called from : 
VEXECUTE:EXECFROMPRG(210)  
HBMLOAD(28)  
HBMBOOTSTRAP(12)  
HBMSTART(6)  
MAIN(26)  
###################

20210726 - 14:57:38 >>  [INFO] After execute with return : 12

# Called from : 
VEXECUTE:EXECFROMBUFF(517)  
VEXECUTE:EXECFROMPRG(209)  
HBMLOAD(28)  
HBMBOOTSTRAP(12)  
HBMSTART(6)  
MAIN(26)  
###################

20210726 - 14:57:38 >>  [INFO] After send buffer to execute

# Called from : 
VEXECUTE:EXECFROMPRG(210)  
HBMLOAD(28)  
HBMBOOTSTRAP(12)  
HBMSTART(6)  
MAIN(26)  
###################

20210726 - 15:03:24 >>  [INFO] After execute with return : 12

# Called from : 
VEXECUTE:EXECFROMBUFF(517)  
VEXECUTE:EXECFROMPRG(209)  
HBMLOAD(28)  
HBMBOOTSTRAP(12)  
HBMSTART(6)  
MAIN(26)  
###################

20210726 - 15:03:24 >>  [INFO] After send buffer to execute

# Called from : 
VEXECUTE:EXECFROMPRG(210)  
HBMLOAD(28)  
HBMBOOTSTRAP(12)  
HBMSTART(6)  
MAIN(26)  
###################

20210726 - 15:04:25 >>  [INFO] After execute with return : 12

# Called from : 
VEXECUTE:EXECFROMBUFF(517)  
VEXECUTE:EXECFROMPRG(209)  
HBMLOAD(28)  
HBMBOOTSTRAP(12)  
HBMSTART(6)  
MAIN(26)  
###################

20210726 - 15:04:25 >>  [INFO] After send buffer to execute

# Called from : 
VEXECUTE:EXECFROMPRG(210)  
HBMLOAD(28)  
HBMBOOTSTRAP(12)  
HBMSTART(6)  
MAIN(26)  
###################

20210726 - 15:04:38 >>  [INFO] After execute with return : 12

# Called from : 
VEXECUTE:EXECFROMBUFF(517)  
VEXECUTE:EXECFROMPRG(209)  
HBMLOAD(28)  
HBMBOOTSTRAP(12)  
HBMSTART(6)  
MAIN(26)  
###################

20210726 - 15:04:38 >>  [INFO] After send buffer to execute

# Called from : 
VEXECUTE:EXECFROMPRG(210)  
HBMLOAD(28)  
HBMBOOTSTRAP(12)  
HBMSTART(6)  
MAIN(26)  
###################

20210726 - 15:09:33 >>  [INFO] After execute with return : 13

# Called from : 
VEXECUTE:EXECFROMBUFF(517)  
VEXECUTE:EXECFROMPRG(209)  
HBMLOAD(28)  
HBMBOOTSTRAP(12)  
HBMSTART(6)  
MAIN(26)  
###################

20210726 - 15:09:33 >>  [INFO] After send buffer to execute

# Called from : 
VEXECUTE:EXECFROMPRG(210)  
HBMLOAD(28)  
HBMBOOTSTRAP(12)  
HBMSTART(6)  
MAIN(26)  
###################

