***************************** BEGIN LOG HEADER ************************************
File created at : 20210730 03:29:49
***************************** END LOG HEADER **************************************

20210730 - 03:29:49 >>  [INFO] Data base open successfully

# Called from : 
VSQLITE:OPEN(134)  
FQUERYTODBF(99)  
HBM_CGI(29)  
HB_HRBRUN(0)  
VEXECUTE:EXECFROMCGI(440)  
EXECCGI(83)  
MAIN(74)  
###################

20210730 - 03:29:49 >>  [INFO] Data base open successfully

# Called from : 
FQUERYTODBF(103)  
HBM_CGI(29)  
HB_HRBRUN(0)  
VEXECUTE:EXECFROMCGI(440)  
EXECCGI(83)  
MAIN(74)  
###################

20210730 - 03:29:49 >>  [INFO] Mounted query : SELECT * FROM EMP / Original : SELECT * FROM EMP, nPage : 1, nLimit : 0

# Called from : 
VSQLITE:MOUNTQUERY(730)  
VSQLITE:EXECUTEQUERY(263)  
VSQLITE:EXECUTEQUERYTODBF(1250)  
FQUERYTODBF(118)  
HBM_CGI(29)  
HB_HRBRUN(0)  
VEXECUTE:EXECFROMCGI(440)  
EXECCGI(83)  
MAIN(74)  
###################

20210730 - 03:29:49 >>  [INFO] Mounted query : SELECT * FROM EMP / Original : SELECT * FROM EMP, nPage : 1, nLimit : 0

# Called from : 
FQUERYTODBF(121)  
HBM_CGI(29)  
HB_HRBRUN(0)  
VEXECUTE:EXECFROMCGI(440)  
EXECCGI(83)  
MAIN(74)  
###################

20210730 - 03:34:37 >>  [ERROR] (CODE:20200710015211) Database identify (id: SQLITE_SISTEMAS33) not found. Datasource name: , Type: MEMORY

# Called from : 
ISQL:NEW(148)  
FQUERYTODBF(95)  
HBM_CGI(28)  
HB_HRBRUN(0)  
VEXECUTE:EXECFROMCGI(440)  
EXECCGI(83)  
MAIN(74)  
###################

20210730 - 03:38:27 >>  [ERROR] (CODE:20200710015211) Database identify (id: SQLITE_SISTEMAS33) not found. Datasource name: , Type: MEMORY

# Called from : 
ISQL:NEW(148)  
FQUERYTODBF(95)  
HBM_CGI(28)  
HB_HRBRUN(0)  
VEXECUTE:EXECFROMCGI(440)  
EXECCGI(83)  
MAIN(74)  
###################

20210730 - 03:41:33 >>  [INFO] Data base open successfully

# Called from : 
VSQLITE:OPEN(134)  
FQUERYTODBF(99)  
HBM_CGI(28)  
HB_HRBRUN(0)  
VEXECUTE:EXECFROMCGI(440)  
EXECCGI(83)  
MAIN(74)  
###################

20210730 - 03:41:33 >>  [INFO] Data base open successfully

# Called from : 
FQUERYTODBF(103)  
HBM_CGI(28)  
HB_HRBRUN(0)  
VEXECUTE:EXECFROMCGI(440)  
EXECCGI(83)  
MAIN(74)  
###################

20210730 - 03:41:33 >>  [INFO] Mounted query : SELECT * FROM EMP / Original : SELECT * FROM EMP, nPage : 1, nLimit : 0

# Called from : 
VSQLITE:MOUNTQUERY(730)  
VSQLITE:EXECUTEQUERY(263)  
VSQLITE:EXECUTEQUERYTODBF(1250)  
FQUERYTODBF(118)  
HBM_CGI(28)  
HB_HRBRUN(0)  
VEXECUTE:EXECFROMCGI(440)  
EXECCGI(83)  
MAIN(74)  
###################

20210730 - 03:41:33 >>  [INFO] Mounted query : SELECT * FROM EMP / Original : SELECT * FROM EMP, nPage : 1, nLimit : 0

# Called from : 
FQUERYTODBF(121)  
HBM_CGI(28)  
HB_HRBRUN(0)  
VEXECUTE:EXECFROMCGI(440)  
EXECCGI(83)  
MAIN(74)  
###################

20210730 - 03:42:54 >>  [INFO] Data base open successfully

# Called from : 
VSQLITE:OPEN(134)  
FQUERYTODBF(99)  
HBM_CGI(29)  
HB_HRBRUN(0)  
VEXECUTE:EXECFROMCGI(440)  
EXECCGI(83)  
MAIN(74)  
###################

20210730 - 03:42:54 >>  [INFO] Data base open successfully

# Called from : 
FQUERYTODBF(103)  
HBM_CGI(29)  
HB_HRBRUN(0)  
VEXECUTE:EXECFROMCGI(440)  
EXECCGI(83)  
MAIN(74)  
###################

20210730 - 03:42:54 >>  [INFO] Mounted query : SELECT * FROM EMP / Original : SELECT * FROM EMP, nPage : 1, nLimit : 0

# Called from : 
VSQLITE:MOUNTQUERY(730)  
VSQLITE:EXECUTEQUERY(263)  
VSQLITE:EXECUTEQUERYTODBF(1250)  
FQUERYTODBF(118)  
HBM_CGI(29)  
HB_HRBRUN(0)  
VEXECUTE:EXECFROMCGI(440)  
EXECCGI(83)  
MAIN(74)  
###################

20210730 - 03:42:54 >>  [INFO] Mounted query : SELECT * FROM EMP / Original : SELECT * FROM EMP, nPage : 1, nLimit : 0

# Called from : 
FQUERYTODBF(121)  
HBM_CGI(29)  
HB_HRBRUN(0)  
VEXECUTE:EXECFROMCGI(440)  
EXECCGI(83)  
MAIN(74)  
###################

20210730 - 03:43:19 >>  [INFO] Data base open successfully

# Called from : 
VSQLITE:OPEN(134)  
FQUERYTODBF(99)  
HBM_CGI(29)  
HB_HRBRUN(0)  
VEXECUTE:EXECFROMCGI(440)  
EXECCGI(83)  
MAIN(74)  
###################

20210730 - 03:43:19 >>  [INFO] Data base open successfully

# Called from : 
FQUERYTODBF(103)  
HBM_CGI(29)  
HB_HRBRUN(0)  
VEXECUTE:EXECFROMCGI(440)  
EXECCGI(83)  
MAIN(74)  
###################

20210730 - 03:43:19 >>  [INFO] Mounted query : SELECT * FROM EMP / Original : SELECT * FROM EMP, nPage : 1, nLimit : 0

# Called from : 
VSQLITE:MOUNTQUERY(730)  
VSQLITE:EXECUTEQUERY(263)  
VSQLITE:EXECUTEQUERYTODBF(1250)  
FQUERYTODBF(118)  
HBM_CGI(29)  
HB_HRBRUN(0)  
VEXECUTE:EXECFROMCGI(440)  
EXECCGI(83)  
MAIN(74)  
###################

20210730 - 03:43:19 >>  [INFO] Mounted query : SELECT * FROM EMP / Original : SELECT * FROM EMP, nPage : 1, nLimit : 0

# Called from : 
FQUERYTODBF(121)  
HBM_CGI(29)  
HB_HRBRUN(0)  
VEXECUTE:EXECFROMCGI(440)  
EXECCGI(83)  
MAIN(74)  
###################

20210730 - 03:43:27 >>  [INFO] Data base open successfully

# Called from : 
VSQLITE:OPEN(134)  
FQUERYTODBF(99)  
HBM_CGI(29)  
HB_HRBRUN(0)  
VEXECUTE:EXECFROMCGI(440)  
EXECCGI(83)  
MAIN(74)  
###################

20210730 - 03:43:27 >>  [INFO] Data base open successfully

# Called from : 
FQUERYTODBF(103)  
HBM_CGI(29)  
HB_HRBRUN(0)  
VEXECUTE:EXECFROMCGI(440)  
EXECCGI(83)  
MAIN(74)  
###################

20210730 - 03:43:27 >>  [INFO] Mounted query : SELECT * FROM EMP / Original : SELECT * FROM EMP, nPage : 1, nLimit : 0

# Called from : 
VSQLITE:MOUNTQUERY(730)  
VSQLITE:EXECUTEQUERY(263)  
VSQLITE:EXECUTEQUERYTODBF(1250)  
FQUERYTODBF(118)  
HBM_CGI(29)  
HB_HRBRUN(0)  
VEXECUTE:EXECFROMCGI(440)  
EXECCGI(83)  
MAIN(74)  
###################

20210730 - 03:43:27 >>  [INFO] Mounted query : SELECT * FROM EMP / Original : SELECT * FROM EMP, nPage : 1, nLimit : 0

# Called from : 
FQUERYTODBF(121)  
HBM_CGI(29)  
HB_HRBRUN(0)  
VEXECUTE:EXECFROMCGI(440)  
EXECCGI(83)  
MAIN(74)  
###################

20210730 - 03:48:19 >>  [INFO] Data base open successfully

# Called from : 
VSQLITE:OPEN(134)  
FQUERYTODBF(99)  
HBM_CGI(29)  
HB_HRBRUN(0)  
VEXECUTE:EXECFROMCGI(440)  
EXECCGI(83)  
MAIN(74)  
###################

20210730 - 03:48:19 >>  [INFO] Data base open successfully

# Called from : 
FQUERYTODBF(103)  
HBM_CGI(29)  
HB_HRBRUN(0)  
VEXECUTE:EXECFROMCGI(440)  
EXECCGI(83)  
MAIN(74)  
###################

20210730 - 03:48:19 >>  [INFO] Mounted query : SELECT * FROM EMP / Original : SELECT * FROM EMP, nPage : 1, nLimit : 0

# Called from : 
VSQLITE:MOUNTQUERY(730)  
VSQLITE:EXECUTEQUERY(263)  
VSQLITE:EXECUTEQUERYTODBF(1250)  
FQUERYTODBF(118)  
HBM_CGI(29)  
HB_HRBRUN(0)  
VEXECUTE:EXECFROMCGI(440)  
EXECCGI(83)  
MAIN(74)  
###################

20210730 - 03:48:19 >>  [INFO] Mounted query : SELECT * FROM EMP / Original : SELECT * FROM EMP, nPage : 1, nLimit : 0

# Called from : 
FQUERYTODBF(121)  
HBM_CGI(29)  
HB_HRBRUN(0)  
VEXECUTE:EXECFROMCGI(440)  
EXECCGI(83)  
MAIN(74)  
###################

20210730 - 04:16:49 >>  [ERROR] (CODE:20200710015211) Database identify (id: SQLITE_SISTEMAS33) not found. Datasource name: , Type: MEMORY

# Called from : 
ISQL:NEW(148)  
FQUERYTODBF(95)  
HBM_CGI(29)  
HB_HRBRUN(0)  
VEXECUTE:EXECFROMCGI(440)  
EXECCGI(83)  
MAIN(74)  
###################

20210730 - 04:17:04 >>  [ERROR] (CODE:20200710015211) Database identify (id: SQLITE_SISTEMAS33) not found. Datasource name: , Type: MEMORY

# Called from : 
ISQL:NEW(148)  
FQUERYTODBF(95)  
HBM_CGI(29)  
HB_HRBRUN(0)  
VEXECUTE:EXECFROMCGI(440)  
EXECCGI(83)  
MAIN(74)  
###################

20210730 - 08:04:47 >>  [INFO] Data base open successfully

# Called from : 
VSQLITE:OPEN(134)  
FQUERYTODBF(99)  
HBM_CGI(17)  
HB_HRBRUN(0)  
VEXECUTE:EXECFROMCGI(440)  
EXECCGI(83)  
MAIN(74)  
###################

20210730 - 08:04:47 >>  [INFO] Data base open successfully

# Called from : 
FQUERYTODBF(103)  
HBM_CGI(17)  
HB_HRBRUN(0)  
VEXECUTE:EXECFROMCGI(440)  
EXECCGI(83)  
MAIN(74)  
###################

20210730 - 08:04:47 >>  [INFO] Mounted query : SELECT * FROM EMP / Original : SELECT * FROM EMP, nPage : 1, nLimit : 0

# Called from : 
VSQLITE:MOUNTQUERY(730)  
VSQLITE:EXECUTEQUERY(263)  
VSQLITE:EXECUTEQUERYTODBF(1250)  
FQUERYTODBF(118)  
HBM_CGI(17)  
HB_HRBRUN(0)  
VEXECUTE:EXECFROMCGI(440)  
EXECCGI(83)  
MAIN(74)  
###################

20210730 - 08:04:47 >>  [INFO] Mounted query : SELECT * FROM EMP / Original : SELECT * FROM EMP, nPage : 1, nLimit : 0

# Called from : 
FQUERYTODBF(121)  
HBM_CGI(17)  
HB_HRBRUN(0)  
VEXECUTE:EXECFROMCGI(440)  
EXECCGI(83)  
MAIN(74)  
###################

20210730 - 08:05:18 >>  [INFO] Data base open successfully

# Called from : 
VSQLITE:OPEN(134)  
FQUERYTODBF(99)  
HBM_CGI(29)  
HB_HRBRUN(0)  
VEXECUTE:EXECFROMCGI(440)  
EXECCGI(83)  
MAIN(74)  
###################

20210730 - 08:05:18 >>  [INFO] Data base open successfully

# Called from : 
FQUERYTODBF(103)  
HBM_CGI(29)  
HB_HRBRUN(0)  
VEXECUTE:EXECFROMCGI(440)  
EXECCGI(83)  
MAIN(74)  
###################

20210730 - 08:05:18 >>  [INFO] Mounted query : SELECT * FROM EMP / Original : SELECT * FROM EMP, nPage : 1, nLimit : 0

# Called from : 
VSQLITE:MOUNTQUERY(730)  
VSQLITE:EXECUTEQUERY(263)  
VSQLITE:EXECUTEQUERYTODBF(1250)  
FQUERYTODBF(118)  
HBM_CGI(29)  
HB_HRBRUN(0)  
VEXECUTE:EXECFROMCGI(440)  
EXECCGI(83)  
MAIN(74)  
###################

20210730 - 08:05:18 >>  [INFO] Mounted query : SELECT * FROM EMP / Original : SELECT * FROM EMP, nPage : 1, nLimit : 0

# Called from : 
FQUERYTODBF(121)  
HBM_CGI(29)  
HB_HRBRUN(0)  
VEXECUTE:EXECFROMCGI(440)  
EXECCGI(83)  
MAIN(74)  
###################

20210730 - 08:05:46 >>  [INFO] Data base open successfully

# Called from : 
VSQLITE:OPEN(134)  
FQUERYTODBF(99)  
HBM_CGI(29)  
HB_HRBRUN(0)  
VEXECUTE:EXECFROMCGI(440)  
EXECCGI(83)  
MAIN(74)  
###################

20210730 - 08:05:46 >>  [INFO] Data base open successfully

# Called from : 
FQUERYTODBF(103)  
HBM_CGI(29)  
HB_HRBRUN(0)  
VEXECUTE:EXECFROMCGI(440)  
EXECCGI(83)  
MAIN(74)  
###################

20210730 - 08:05:46 >>  [INFO] Mounted query : SELECT * FROM EMP / Original : SELECT * FROM EMP, nPage : 1, nLimit : 0

# Called from : 
VSQLITE:MOUNTQUERY(730)  
VSQLITE:EXECUTEQUERY(263)  
VSQLITE:EXECUTEQUERYTODBF(1250)  
FQUERYTODBF(118)  
HBM_CGI(29)  
HB_HRBRUN(0)  
VEXECUTE:EXECFROMCGI(440)  
EXECCGI(83)  
MAIN(74)  
###################

20210730 - 08:05:46 >>  [INFO] Mounted query : SELECT * FROM EMP / Original : SELECT * FROM EMP, nPage : 1, nLimit : 0

# Called from : 
FQUERYTODBF(121)  
HBM_CGI(29)  
HB_HRBRUN(0)  
VEXECUTE:EXECFROMCGI(440)  
EXECCGI(83)  
MAIN(74)  
###################

20210730 - 08:06:01 >>  [INFO] Data base open successfully

# Called from : 
VSQLITE:OPEN(134)  
FQUERYTODBF(99)  
HBM_CGI(29)  
HB_HRBRUN(0)  
VEXECUTE:EXECFROMCGI(440)  
EXECCGI(83)  
MAIN(74)  
###################

20210730 - 08:06:01 >>  [INFO] Data base open successfully

# Called from : 
FQUERYTODBF(103)  
HBM_CGI(29)  
HB_HRBRUN(0)  
VEXECUTE:EXECFROMCGI(440)  
EXECCGI(83)  
MAIN(74)  
###################

20210730 - 08:06:01 >>  [INFO] Mounted query : SELECT * FROM EMP / Original : SELECT * FROM EMP, nPage : 1, nLimit : 0

# Called from : 
VSQLITE:MOUNTQUERY(730)  
VSQLITE:EXECUTEQUERY(263)  
VSQLITE:EXECUTEQUERYTODBF(1250)  
FQUERYTODBF(118)  
HBM_CGI(29)  
HB_HRBRUN(0)  
VEXECUTE:EXECFROMCGI(440)  
EXECCGI(83)  
MAIN(74)  
###################

20210730 - 08:06:01 >>  [INFO] Mounted query : SELECT * FROM EMP / Original : SELECT * FROM EMP, nPage : 1, nLimit : 0

# Called from : 
FQUERYTODBF(121)  
HBM_CGI(29)  
HB_HRBRUN(0)  
VEXECUTE:EXECFROMCGI(440)  
EXECCGI(83)  
MAIN(74)  
###################

