***************************** BEGIN LOG HEADER ************************************
File created at : 20210726 15:16:32
***************************** END LOG HEADER **************************************

20210726 - 15:16:32 >>  [ERROR] (CODE:20200625113952) Compilation errors when compilation code/bootstrap.prg : Compilation error : Can't open #include file 'config.json'

# Called from : 
VCOMPILE:COMPILE(185)  
VEXECUTE:EXECFROMPRG(206)  
HBMLOAD(28)  
HBMBOOTSTRAP(12)  
HBMSTART(6)  
MAIN(26)  
###################

20210726 - 15:16:32 >>  [ERROR] (CODE:20200717110513) Probable compile error / GetResultCompiler return .f. after compile file code/bootstrap.prg

# Called from : 
VEXECUTE:EXECFROMPRG(214)  
HBMLOAD(28)  
HBMBOOTSTRAP(12)  
HBMSTART(6)  
MAIN(26)  
###################

20210726 - 15:16:38 >>  [ERROR] (CODE:20200625113952) Compilation errors when compilation code/bootstrap.prg : Compilation error : Can't open #include file 'config.json'

# Called from : 
VCOMPILE:COMPILE(185)  
VEXECUTE:EXECFROMPRG(206)  
HBMLOAD(28)  
HBMBOOTSTRAP(12)  
HBMSTART(6)  
MAIN(26)  
###################

20210726 - 15:16:38 >>  [ERROR] (CODE:20200717110513) Probable compile error / GetResultCompiler return .f. after compile file code/bootstrap.prg

# Called from : 
VEXECUTE:EXECFROMPRG(214)  
HBMLOAD(28)  
HBMBOOTSTRAP(12)  
HBMSTART(6)  
MAIN(26)  
###################

20210726 - 15:18:51 >>  [ERROR] (CODE:20200625113952) Compilation errors when compilation code/bootstrap.prg : Compilation error : Can't open #include file 'config.json'

# Called from : 
VCOMPILE:COMPILE(185)  
VEXECUTE:EXECFROMPRG(206)  
HBMLOAD(28)  
HBMBOOTSTRAP(12)  
HBMSTART(6)  
MAIN(26)  
###################

20210726 - 15:18:51 >>  [ERROR] (CODE:20200717110513) Probable compile error / GetResultCompiler return .f. after compile file code/bootstrap.prg

# Called from : 
VEXECUTE:EXECFROMPRG(214)  
HBMLOAD(28)  
HBMBOOTSTRAP(12)  
HBMSTART(6)  
MAIN(26)  
###################

20210726 - 15:20:17 >>  [ERROR] (CODE:20200625113952) Compilation errors when compilation code/bootstrap.prg : Compilation error : Can't open #include file 'config.json'

# Called from : 
VCOMPILE:COMPILE(185)  
VEXECUTE:EXECFROMPRG(206)  
HBMLOAD(28)  
HBMBOOTSTRAP(12)  
HBMSTART(6)  
MAIN(26)  
###################

20210726 - 15:20:17 >>  [ERROR] (CODE:20200717110513) Probable compile error / GetResultCompiler return .f. after compile file code/bootstrap.prg

# Called from : 
VEXECUTE:EXECFROMPRG(214)  
HBMLOAD(28)  
HBMBOOTSTRAP(12)  
HBMSTART(6)  
MAIN(26)  
###################

20210726 - 15:20:51 >>  [ERROR] (CODE:20200625113952) Compilation errors when compilation code/bootstrap.prg : Compilation error : Can't open #include file 'config.json'

# Called from : 
VCOMPILE:COMPILE(185)  
VEXECUTE:EXECFROMPRG(206)  
HBMLOAD(28)  
HBMBOOTSTRAP(12)  
HBMSTART(6)  
MAIN(26)  
###################

20210726 - 15:20:51 >>  [ERROR] (CODE:20200717110513) Probable compile error / GetResultCompiler return .f. after compile file code/bootstrap.prg

# Called from : 
VEXECUTE:EXECFROMPRG(214)  
HBMLOAD(28)  
HBMBOOTSTRAP(12)  
HBMSTART(6)  
MAIN(26)  
###################

20210726 - 19:16:13 >>  [ERROR] (CODE:20200625113952) Compilation errors when compilation code/bootstrap.prg : Compilation error : Can't open #include file 'config.json'

# Called from : 
VCOMPILE:COMPILE(185)  
VEXECUTE:EXECFROMPRG(206)  
HBMLOAD(28)  
HBMBOOTSTRAP(12)  
HBMSTART(6)  
MAIN(26)  
###################

20210726 - 19:16:13 >>  [ERROR] (CODE:20200717110513) Probable compile error / GetResultCompiler return .f. after compile file code/bootstrap.prg

# Called from : 
VEXECUTE:EXECFROMPRG(214)  
HBMLOAD(28)  
HBMBOOTSTRAP(12)  
HBMSTART(6)  
MAIN(26)  
###################

20210726 - 19:16:26 >>  [ERROR] (CODE:20200625113952) Compilation errors when compilation code/bootstrap.prg : Compilation error : Can't open #include file 'config.json'

# Called from : 
VCOMPILE:COMPILE(185)  
VCOMPILE:COMPILEANDSAVEBINARY(242)  
HBMCOMPILE(16)  
MAIN(35)  
###################

20210726 - 19:17:31 >>  [ERROR] (CODE:20200625113952) Compilation errors when compilation code/bootstrap.prg : Compilation error : Can't open #include file 'config.json'

# Called from : 
VCOMPILE:COMPILE(185)  
VCOMPILE:COMPILEANDSAVEBINARY(242)  
HBMCOMPILE(16)  
MAIN(35)  
###################

20210726 - 19:18:33 >>  [INFO] After execute with return : 13

# Called from : 
VEXECUTE:EXECFROMBUFF(517)  
VEXECUTE:EXECFROMPRG(209)  
HBMLOAD(28)  
HBMBOOTSTRAP(12)  
HBMSTART(6)  
MAIN(26)  
###################

20210726 - 19:18:33 >>  [INFO] After send buffer to execute

# Called from : 
VEXECUTE:EXECFROMPRG(210)  
HBMLOAD(28)  
HBMBOOTSTRAP(12)  
HBMSTART(6)  
MAIN(26)  
###################

