***************************** BEGIN LOG HEADER ************************************
File created at : 20210726 19:28:43
***************************** END LOG HEADER **************************************

20210726 - 19:28:43 >>  [INFO] After compile file code/menu.prg. Ok.

# Called from : 
VCOMPILE:COMPILE(187)  
VEXECUTE:EXECFROMPRG(206)  
HBMLOAD(28)  
HBM_BOOTSTRAP(9)  
VEXECUTE:EXECFROMBUFF(516)  
VEXECUTE:EXECFROMPRG(209)  
HBMLOAD(28)  
HBMBOOTSTRAP(12)  
HBMSTART(6)  
MAIN(26)  
###################

20210726 - 19:28:43 >>  [INFO] Before send buffer to execute

# Called from : 
VEXECUTE:EXECFROMPRG(208)  
HBMLOAD(28)  
HBM_BOOTSTRAP(9)  
VEXECUTE:EXECFROMBUFF(516)  
VEXECUTE:EXECFROMPRG(209)  
HBMLOAD(28)  
HBMBOOTSTRAP(12)  
HBMSTART(6)  
MAIN(26)  
###################

20210726 - 19:28:43 >>  [INFO] Before load buffer. Function : hbm_menu

# Called from : 
VEXECUTE:EXECFROMBUFF(493)  
VEXECUTE:EXECFROMPRG(209)  
HBMLOAD(28)  
HBM_BOOTSTRAP(9)  
VEXECUTE:EXECFROMBUFF(516)  
VEXECUTE:EXECFROMPRG(209)  
HBMLOAD(28)  
HBMBOOTSTRAP(12)  
HBMSTART(6)  
MAIN(26)  
###################

20210726 - 19:28:43 >>  [INFO] Before execute function hbm_menu

# Called from : 
VEXECUTE:EXECFROMBUFF(515)  
VEXECUTE:EXECFROMPRG(209)  
HBMLOAD(28)  
HBM_BOOTSTRAP(9)  
VEXECUTE:EXECFROMBUFF(516)  
VEXECUTE:EXECFROMPRG(209)  
HBMLOAD(28)  
HBMBOOTSTRAP(12)  
HBMSTART(6)  
MAIN(26)  
###################

20210726 - 19:28:50 >>  [INFO] After execute with return : NIL

# Called from : 
VEXECUTE:EXECFROMBUFF(517)  
VEXECUTE:EXECFROMPRG(209)  
HBMLOAD(28)  
HBM_BOOTSTRAP(9)  
VEXECUTE:EXECFROMBUFF(516)  
VEXECUTE:EXECFROMPRG(209)  
HBMLOAD(28)  
HBMBOOTSTRAP(12)  
HBMSTART(6)  
MAIN(26)  
###################

20210726 - 19:28:50 >>  [INFO] After send buffer to execute

# Called from : 
VEXECUTE:EXECFROMPRG(210)  
HBMLOAD(28)  
HBM_BOOTSTRAP(9)  
VEXECUTE:EXECFROMBUFF(516)  
VEXECUTE:EXECFROMPRG(209)  
HBMLOAD(28)  
HBMBOOTSTRAP(12)  
HBMSTART(6)  
MAIN(26)  
###################

20210726 - 19:28:50 >>  [INFO] After execute with return : NIL

# Called from : 
VEXECUTE:EXECFROMBUFF(517)  
VEXECUTE:EXECFROMPRG(209)  
HBMLOAD(28)  
HBMBOOTSTRAP(12)  
HBMSTART(6)  
MAIN(26)  
###################

20210726 - 19:28:50 >>  [INFO] After send buffer to execute

# Called from : 
VEXECUTE:EXECFROMPRG(210)  
HBMLOAD(28)  
HBMBOOTSTRAP(12)  
HBMSTART(6)  
MAIN(26)  
###################

