***************************** BEGIN LOG HEADER ************************************
File created at : 20210801 01:04:35
***************************** END LOG HEADER **************************************

20210801 - 01:04:35 >>  [INFO] After compile file code/menu.prg. Ok.

# Called from : 
VCOMPILE:COMPILE(187)  
VEXECUTE:EXECFROMPRG(206)  
HBMLOAD(28)  
HBM_BOOTSTRAP(9)  
VEXECUTE:EXECFROMBUFF(526)  
VEXECUTE:EXECFROMPRG(209)  
HBMLOAD(28)  
HBMBOOTSTRAP(12)  
HBMSTART(6)  
MAIN(29)  
###################

20210801 - 01:04:35 >>  [INFO] Before send buffer to execute

# Called from : 
VEXECUTE:EXECFROMPRG(208)  
HBMLOAD(28)  
HBM_BOOTSTRAP(9)  
VEXECUTE:EXECFROMBUFF(526)  
VEXECUTE:EXECFROMPRG(209)  
HBMLOAD(28)  
HBMBOOTSTRAP(12)  
HBMSTART(6)  
MAIN(29)  
###################

20210801 - 01:04:35 >>  [INFO] Before load buffer. Function : hbm_menu

# Called from : 
VEXECUTE:EXECFROMBUFF(503)  
VEXECUTE:EXECFROMPRG(209)  
HBMLOAD(28)  
HBM_BOOTSTRAP(9)  
VEXECUTE:EXECFROMBUFF(526)  
VEXECUTE:EXECFROMPRG(209)  
HBMLOAD(28)  
HBMBOOTSTRAP(12)  
HBMSTART(6)  
MAIN(29)  
###################

20210801 - 01:04:35 >>  [INFO] Before execute function hbm_menu

# Called from : 
VEXECUTE:EXECFROMBUFF(525)  
VEXECUTE:EXECFROMPRG(209)  
HBMLOAD(28)  
HBM_BOOTSTRAP(9)  
VEXECUTE:EXECFROMBUFF(526)  
VEXECUTE:EXECFROMPRG(209)  
HBMLOAD(28)  
HBMBOOTSTRAP(12)  
HBMSTART(6)  
MAIN(29)  
###################

20210801 - 01:04:39 >>  [INFO] After execute with return : NIL

# Called from : 
VEXECUTE:EXECFROMBUFF(527)  
VEXECUTE:EXECFROMPRG(209)  
HBMLOAD(28)  
HBM_BOOTSTRAP(9)  
VEXECUTE:EXECFROMBUFF(526)  
VEXECUTE:EXECFROMPRG(209)  
HBMLOAD(28)  
HBMBOOTSTRAP(12)  
HBMSTART(6)  
MAIN(29)  
###################

20210801 - 01:04:39 >>  [INFO] After send buffer to execute

# Called from : 
VEXECUTE:EXECFROMPRG(210)  
HBMLOAD(28)  
HBM_BOOTSTRAP(9)  
VEXECUTE:EXECFROMBUFF(526)  
VEXECUTE:EXECFROMPRG(209)  
HBMLOAD(28)  
HBMBOOTSTRAP(12)  
HBMSTART(6)  
MAIN(29)  
###################

20210801 - 01:04:39 >>  [INFO] After execute with return : NIL

# Called from : 
VEXECUTE:EXECFROMBUFF(527)  
VEXECUTE:EXECFROMPRG(209)  
HBMLOAD(28)  
HBMBOOTSTRAP(12)  
HBMSTART(6)  
MAIN(29)  
###################

20210801 - 01:04:39 >>  [INFO] After send buffer to execute

# Called from : 
VEXECUTE:EXECFROMPRG(210)  
HBMLOAD(28)  
HBMBOOTSTRAP(12)  
HBMSTART(6)  
MAIN(29)  
###################

20210801 - 01:14:47 >>  [INFO] After compile file code/menu.prg. Ok.

# Called from : 
VCOMPILE:COMPILE(187)  
VEXECUTE:EXECFROMPRG(206)  
HBMLOAD(28)  
HBM_BOOTSTRAP(9)  
VEXECUTE:EXECFROMBUFF(526)  
VEXECUTE:EXECFROMPRG(209)  
HBMLOAD(28)  
HBMBOOTSTRAP(12)  
HBMSTART(6)  
MAIN(29)  
###################

20210801 - 01:14:47 >>  [INFO] Before send buffer to execute

# Called from : 
VEXECUTE:EXECFROMPRG(208)  
HBMLOAD(28)  
HBM_BOOTSTRAP(9)  
VEXECUTE:EXECFROMBUFF(526)  
VEXECUTE:EXECFROMPRG(209)  
HBMLOAD(28)  
HBMBOOTSTRAP(12)  
HBMSTART(6)  
MAIN(29)  
###################

20210801 - 01:14:47 >>  [INFO] Before load buffer. Function : hbm_menu

# Called from : 
VEXECUTE:EXECFROMBUFF(503)  
VEXECUTE:EXECFROMPRG(209)  
HBMLOAD(28)  
HBM_BOOTSTRAP(9)  
VEXECUTE:EXECFROMBUFF(526)  
VEXECUTE:EXECFROMPRG(209)  
HBMLOAD(28)  
HBMBOOTSTRAP(12)  
HBMSTART(6)  
MAIN(29)  
###################

20210801 - 01:14:47 >>  [INFO] Before execute function hbm_menu

# Called from : 
VEXECUTE:EXECFROMBUFF(525)  
VEXECUTE:EXECFROMPRG(209)  
HBMLOAD(28)  
HBM_BOOTSTRAP(9)  
VEXECUTE:EXECFROMBUFF(526)  
VEXECUTE:EXECFROMPRG(209)  
HBMLOAD(28)  
HBMBOOTSTRAP(12)  
HBMSTART(6)  
MAIN(29)  
###################

20210801 - 01:32:13 >>  [INFO] After execute with return : NIL

# Called from : 
VEXECUTE:EXECFROMBUFF(527)  
VEXECUTE:EXECFROMPRG(209)  
HBMLOAD(28)  
HBM_BOOTSTRAP(9)  
VEXECUTE:EXECFROMBUFF(526)  
VEXECUTE:EXECFROMPRG(209)  
HBMLOAD(28)  
HBMBOOTSTRAP(12)  
HBMSTART(6)  
MAIN(29)  
###################

20210801 - 01:32:13 >>  [INFO] After send buffer to execute

# Called from : 
VEXECUTE:EXECFROMPRG(210)  
HBMLOAD(28)  
HBM_BOOTSTRAP(9)  
VEXECUTE:EXECFROMBUFF(526)  
VEXECUTE:EXECFROMPRG(209)  
HBMLOAD(28)  
HBMBOOTSTRAP(12)  
HBMSTART(6)  
MAIN(29)  
###################

20210801 - 01:32:13 >>  [INFO] After execute with return : NIL

# Called from : 
VEXECUTE:EXECFROMBUFF(527)  
VEXECUTE:EXECFROMPRG(209)  
HBMLOAD(28)  
HBMBOOTSTRAP(12)  
HBMSTART(6)  
MAIN(29)  
###################

20210801 - 01:32:13 >>  [INFO] After send buffer to execute

# Called from : 
VEXECUTE:EXECFROMPRG(210)  
HBMLOAD(28)  
HBMBOOTSTRAP(12)  
HBMSTART(6)  
MAIN(29)  
###################

