***************************** BEGIN LOG HEADER ************************************
File created at : 20210712 08:18:09
***************************** END LOG HEADER **************************************

20210712 - 08:18:09 >>  [INFO] Data base open successfully

# Called from : 
VSQLITE:OPEN(134)  
FQUERYTODBF(94)  
BOXSEARCH(164)  
TUIBROWSERSEARCH(66)  
TUISEARCH(26)  
__ACTIVEF3INGET(39)  
(b)VGETCMD_SHOW(526)  
HBGETLIST:GETDOSETKEY(661)  
HBGETLIST:GETAPPLYKEY(344)  
HBGETLIST:READER(285)  
HBGETLIST:READMODAL(208)  
READMODAL(0)  
VGETCMD:SHOW(527)  
HBM_BOOTSTRAP(30)  
VEXECUTE:EXECFROMBUFF(450)  
VEXECUTE:EXECFROMPRG(208)  
HBMLOAD(24)  
HBMBOOTSTRAP(10)  
HBMSTART(4)  
MAIN(26)  
###################

20210712 - 08:18:09 >>  [INFO] Data base open successfully

# Called from : 
FQUERYTODBF(98)  
BOXSEARCH(164)  
TUIBROWSERSEARCH(66)  
TUISEARCH(26)  
__ACTIVEF3INGET(39)  
(b)VGETCMD_SHOW(526)  
HBGETLIST:GETDOSETKEY(661)  
HBGETLIST:GETAPPLYKEY(344)  
HBGETLIST:READER(285)  
HBGETLIST:READMODAL(208)  
READMODAL(0)  
VGETCMD:SHOW(527)  
HBM_BOOTSTRAP(30)  
VEXECUTE:EXECFROMBUFF(450)  
VEXECUTE:EXECFROMPRG(208)  
HBMLOAD(24)  
HBMBOOTSTRAP(10)  
HBMSTART(4)  
MAIN(26)  
###################

20210712 - 08:18:09 >>  [INFO] Mounted query : SELECT * FROM EMP / Original : SELECT * FROM EMP, nPage : 1, nLimit : 0

# Called from : 
VSQLITE:MOUNTQUERY(730)  
VSQLITE:EXECUTEQUERY(263)  
VSQLITE:EXECUTEQUERYTODBF(1250)  
FQUERYTODBF(113)  
BOXSEARCH(164)  
TUIBROWSERSEARCH(66)  
TUISEARCH(26)  
__ACTIVEF3INGET(39)  
(b)VGETCMD_SHOW(526)  
HBGETLIST:GETDOSETKEY(661)  
HBGETLIST:GETAPPLYKEY(344)  
HBGETLIST:READER(285)  
HBGETLIST:READMODAL(208)  
READMODAL(0)  
VGETCMD:SHOW(527)  
HBM_BOOTSTRAP(30)  
VEXECUTE:EXECFROMBUFF(450)  
VEXECUTE:EXECFROMPRG(208)  
HBMLOAD(24)  
HBMBOOTSTRAP(10)  
HBMSTART(4)  
MAIN(26)  
###################

20210712 - 08:18:09 >>  [INFO] Mounted query : SELECT * FROM EMP / Original : SELECT * FROM EMP, nPage : 1, nLimit : 0

# Called from : 
FQUERYTODBF(116)  
BOXSEARCH(164)  
TUIBROWSERSEARCH(66)  
TUISEARCH(26)  
__ACTIVEF3INGET(39)  
(b)VGETCMD_SHOW(526)  
HBGETLIST:GETDOSETKEY(661)  
HBGETLIST:GETAPPLYKEY(344)  
HBGETLIST:READER(285)  
HBGETLIST:READMODAL(208)  
READMODAL(0)  
VGETCMD:SHOW(527)  
HBM_BOOTSTRAP(30)  
VEXECUTE:EXECFROMBUFF(450)  
VEXECUTE:EXECFROMPRG(208)  
HBMLOAD(24)  
HBMBOOTSTRAP(10)  
HBMSTART(4)  
MAIN(26)  
###################

20210712 - 08:18:13 >>  [INFO] Data base open successfully

# Called from : 
VSQLITE:OPEN(134)  
FQUERYTODBF(94)  
VLJ_DLOOKUPTODEFCONTROL(301)  
TUILOOKUP(55)  
VGETCMD:EXECLOOKUP(598)  
(b)VGETCMD_SHOW(511)  
HBGETLIST:GETPOSTVALIDATE(625)  
HBGETLIST:READER(305)  
HBGETLIST:READMODAL(208)  
READMODAL(0)  
VGETCMD:SHOW(527)  
HBM_BOOTSTRAP(30)  
VEXECUTE:EXECFROMBUFF(450)  
VEXECUTE:EXECFROMPRG(208)  
HBMLOAD(24)  
HBMBOOTSTRAP(10)  
HBMSTART(4)  
MAIN(26)  
###################

20210712 - 08:18:13 >>  [INFO] Data base open successfully

# Called from : 
FQUERYTODBF(98)  
VLJ_DLOOKUPTODEFCONTROL(301)  
TUILOOKUP(55)  
VGETCMD:EXECLOOKUP(598)  
(b)VGETCMD_SHOW(511)  
HBGETLIST:GETPOSTVALIDATE(625)  
HBGETLIST:READER(305)  
HBGETLIST:READMODAL(208)  
READMODAL(0)  
VGETCMD:SHOW(527)  
HBM_BOOTSTRAP(30)  
VEXECUTE:EXECFROMBUFF(450)  
VEXECUTE:EXECFROMPRG(208)  
HBMLOAD(24)  
HBMBOOTSTRAP(10)  
HBMSTART(4)  
MAIN(26)  
###################

20210712 - 08:18:13 >>  [INFO] Mounted query : SELECT * FROM EMP WHERE EMPNO=7782 / Original : SELECT * FROM EMP WHERE EMPNO=7782, nPage : 1, nLimit : 0

# Called from : 
VSQLITE:MOUNTQUERY(730)  
VSQLITE:EXECUTEQUERY(263)  
VSQLITE:EXECUTEQUERYTODBF(1250)  
FQUERYTODBF(113)  
VLJ_DLOOKUPTODEFCONTROL(301)  
TUILOOKUP(55)  
VGETCMD:EXECLOOKUP(598)  
(b)VGETCMD_SHOW(511)  
HBGETLIST:GETPOSTVALIDATE(625)  
HBGETLIST:READER(305)  
HBGETLIST:READMODAL(208)  
READMODAL(0)  
VGETCMD:SHOW(527)  
HBM_BOOTSTRAP(30)  
VEXECUTE:EXECFROMBUFF(450)  
VEXECUTE:EXECFROMPRG(208)  
HBMLOAD(24)  
HBMBOOTSTRAP(10)  
HBMSTART(4)  
MAIN(26)  
###################

20210712 - 08:18:13 >>  [INFO] Mounted query : SELECT * FROM EMP WHERE EMPNO=7782 / Original : SELECT * FROM EMP WHERE EMPNO=7782, nPage : 1, nLimit : 0

# Called from : 
FQUERYTODBF(116)  
VLJ_DLOOKUPTODEFCONTROL(301)  
TUILOOKUP(55)  
VGETCMD:EXECLOOKUP(598)  
(b)VGETCMD_SHOW(511)  
HBGETLIST:GETPOSTVALIDATE(625)  
HBGETLIST:READER(305)  
HBGETLIST:READMODAL(208)  
READMODAL(0)  
VGETCMD:SHOW(527)  
HBM_BOOTSTRAP(30)  
VEXECUTE:EXECFROMBUFF(450)  
VEXECUTE:EXECFROMPRG(208)  
HBMLOAD(24)  
HBMBOOTSTRAP(10)  
HBMSTART(4)  
MAIN(26)  
###################

20210712 - 08:18:35 >>  [INFO] After execute with return : 13

# Called from : 
VEXECUTE:EXECFROMBUFF(451)  
VEXECUTE:EXECFROMPRG(208)  
HBMLOAD(24)  
HBMBOOTSTRAP(10)  
HBMSTART(4)  
MAIN(26)  
###################

20210712 - 08:18:35 >>  [INFO] After send buffer to execute

# Called from : 
VEXECUTE:EXECFROMPRG(209)  
HBMLOAD(24)  
HBMBOOTSTRAP(10)  
HBMSTART(4)  
MAIN(26)  
###################

