***************************** BEGIN LOG HEADER ************************************
File created at : 20210730 08:02:22
***************************** END LOG HEADER **************************************

20210730 - 08:02:22 >>  [INFO] Data base open successfully

# Called from : 
VSQLITE:OPEN(134)  
FQUERYTODBF(99)  
BOXSEARCH(180)  
TUIBROWSERSEARCH(68)  
TUISEARCH(26)  
__ACTIVEF3INGET(39)  
(b)VGETCMD_SHOW(545)  
HBGETLIST:GETDOSETKEY(661)  
HBGETLIST:GETAPPLYKEY(344)  
HBGETLIST:READER(285)  
HBGETLIST:READMODAL(208)  
READMODAL(0)  
VGETCMD:SHOW(546)  
HBM_BOOTSTRAP(30)  
VEXECUTE:EXECFROMBUFF(519)  
VEXECUTE:EXECFROMPRG(209)  
HBMLOAD(28)  
HBMBOOTSTRAP(12)  
HBMSTART(6)  
MAIN(29)  
###################

20210730 - 08:02:22 >>  [INFO] Data base open successfully

# Called from : 
FQUERYTODBF(103)  
BOXSEARCH(180)  
TUIBROWSERSEARCH(68)  
TUISEARCH(26)  
__ACTIVEF3INGET(39)  
(b)VGETCMD_SHOW(545)  
HBGETLIST:GETDOSETKEY(661)  
HBGETLIST:GETAPPLYKEY(344)  
HBGETLIST:READER(285)  
HBGETLIST:READMODAL(208)  
READMODAL(0)  
VGETCMD:SHOW(546)  
HBM_BOOTSTRAP(30)  
VEXECUTE:EXECFROMBUFF(519)  
VEXECUTE:EXECFROMPRG(209)  
HBMLOAD(28)  
HBMBOOTSTRAP(12)  
HBMSTART(6)  
MAIN(29)  
###################

20210730 - 08:02:22 >>  [INFO] Mounted query : SELECT * FROM EMP / Original : SELECT * FROM EMP, nPage : 1, nLimit : 0

# Called from : 
VSQLITE:MOUNTQUERY(730)  
VSQLITE:EXECUTEQUERY(263)  
VSQLITE:EXECUTEQUERYTODBF(1250)  
FQUERYTODBF(118)  
BOXSEARCH(180)  
TUIBROWSERSEARCH(68)  
TUISEARCH(26)  
__ACTIVEF3INGET(39)  
(b)VGETCMD_SHOW(545)  
HBGETLIST:GETDOSETKEY(661)  
HBGETLIST:GETAPPLYKEY(344)  
HBGETLIST:READER(285)  
HBGETLIST:READMODAL(208)  
READMODAL(0)  
VGETCMD:SHOW(546)  
HBM_BOOTSTRAP(30)  
VEXECUTE:EXECFROMBUFF(519)  
VEXECUTE:EXECFROMPRG(209)  
HBMLOAD(28)  
HBMBOOTSTRAP(12)  
HBMSTART(6)  
MAIN(29)  
###################

20210730 - 08:02:22 >>  [INFO] Mounted query : SELECT * FROM EMP / Original : SELECT * FROM EMP, nPage : 1, nLimit : 0

# Called from : 
FQUERYTODBF(121)  
BOXSEARCH(180)  
TUIBROWSERSEARCH(68)  
TUISEARCH(26)  
__ACTIVEF3INGET(39)  
(b)VGETCMD_SHOW(545)  
HBGETLIST:GETDOSETKEY(661)  
HBGETLIST:GETAPPLYKEY(344)  
HBGETLIST:READER(285)  
HBGETLIST:READMODAL(208)  
READMODAL(0)  
VGETCMD:SHOW(546)  
HBM_BOOTSTRAP(30)  
VEXECUTE:EXECFROMBUFF(519)  
VEXECUTE:EXECFROMPRG(209)  
HBMLOAD(28)  
HBMBOOTSTRAP(12)  
HBMSTART(6)  
MAIN(29)  
###################

20210730 - 08:02:24 >>  [INFO] Data base open successfully

# Called from : 
VSQLITE:OPEN(134)  
FQUERYTODBF(99)  
VLJ_DLOOKUPTODEFCONTROL(404)  
TUILOOKUP(55)  
VGETCMD:EXECLOOKUP(617)  
(b)VGETCMD_SHOW(530)  
HBGETLIST:GETPOSTVALIDATE(625)  
HBGETLIST:READER(305)  
HBGETLIST:READMODAL(208)  
READMODAL(0)  
VGETCMD:SHOW(546)  
HBM_BOOTSTRAP(30)  
VEXECUTE:EXECFROMBUFF(519)  
VEXECUTE:EXECFROMPRG(209)  
HBMLOAD(28)  
HBMBOOTSTRAP(12)  
HBMSTART(6)  
MAIN(29)  
###################

20210730 - 08:02:24 >>  [INFO] Data base open successfully

# Called from : 
FQUERYTODBF(103)  
VLJ_DLOOKUPTODEFCONTROL(404)  
TUILOOKUP(55)  
VGETCMD:EXECLOOKUP(617)  
(b)VGETCMD_SHOW(530)  
HBGETLIST:GETPOSTVALIDATE(625)  
HBGETLIST:READER(305)  
HBGETLIST:READMODAL(208)  
READMODAL(0)  
VGETCMD:SHOW(546)  
HBM_BOOTSTRAP(30)  
VEXECUTE:EXECFROMBUFF(519)  
VEXECUTE:EXECFROMPRG(209)  
HBMLOAD(28)  
HBMBOOTSTRAP(12)  
HBMSTART(6)  
MAIN(29)  
###################

20210730 - 08:02:24 >>  [INFO] Mounted query : SELECT * FROM EMP WHERE EMPNO=7369 / Original : SELECT * FROM EMP WHERE EMPNO=7369, nPage : 1, nLimit : 0

# Called from : 
VSQLITE:MOUNTQUERY(730)  
VSQLITE:EXECUTEQUERY(263)  
VSQLITE:EXECUTEQUERYTODBF(1250)  
FQUERYTODBF(118)  
VLJ_DLOOKUPTODEFCONTROL(404)  
TUILOOKUP(55)  
VGETCMD:EXECLOOKUP(617)  
(b)VGETCMD_SHOW(530)  
HBGETLIST:GETPOSTVALIDATE(625)  
HBGETLIST:READER(305)  
HBGETLIST:READMODAL(208)  
READMODAL(0)  
VGETCMD:SHOW(546)  
HBM_BOOTSTRAP(30)  
VEXECUTE:EXECFROMBUFF(519)  
VEXECUTE:EXECFROMPRG(209)  
HBMLOAD(28)  
HBMBOOTSTRAP(12)  
HBMSTART(6)  
MAIN(29)  
###################

20210730 - 08:02:24 >>  [INFO] Mounted query : SELECT * FROM EMP WHERE EMPNO=7369 / Original : SELECT * FROM EMP WHERE EMPNO=7369, nPage : 1, nLimit : 0

# Called from : 
FQUERYTODBF(121)  
VLJ_DLOOKUPTODEFCONTROL(404)  
TUILOOKUP(55)  
VGETCMD:EXECLOOKUP(617)  
(b)VGETCMD_SHOW(530)  
HBGETLIST:GETPOSTVALIDATE(625)  
HBGETLIST:READER(305)  
HBGETLIST:READMODAL(208)  
READMODAL(0)  
VGETCMD:SHOW(546)  
HBM_BOOTSTRAP(30)  
VEXECUTE:EXECFROMBUFF(519)  
VEXECUTE:EXECFROMPRG(209)  
HBMLOAD(28)  
HBMBOOTSTRAP(12)  
HBMSTART(6)  
MAIN(29)  
###################

20210730 - 08:02:28 >>  [INFO] Data base open successfully

# Called from : 
VSQLITE:OPEN(134)  
FQUERYTODBF(99)  
BOXSEARCH(180)  
TUIBROWSERSEARCH(68)  
TUISEARCH(26)  
__ACTIVEF3INGET(39)  
(b)VGETCMD_SHOW(545)  
HBGETLIST:GETDOSETKEY(661)  
HBGETLIST:GETAPPLYKEY(344)  
HBGETLIST:READER(285)  
HBGETLIST:READMODAL(208)  
READMODAL(0)  
VGETCMD:SHOW(546)  
HBM_BOOTSTRAP(30)  
VEXECUTE:EXECFROMBUFF(519)  
VEXECUTE:EXECFROMPRG(209)  
HBMLOAD(28)  
HBMBOOTSTRAP(12)  
HBMSTART(6)  
MAIN(29)  
###################

20210730 - 08:02:28 >>  [INFO] Data base open successfully

# Called from : 
FQUERYTODBF(103)  
BOXSEARCH(180)  
TUIBROWSERSEARCH(68)  
TUISEARCH(26)  
__ACTIVEF3INGET(39)  
(b)VGETCMD_SHOW(545)  
HBGETLIST:GETDOSETKEY(661)  
HBGETLIST:GETAPPLYKEY(344)  
HBGETLIST:READER(285)  
HBGETLIST:READMODAL(208)  
READMODAL(0)  
VGETCMD:SHOW(546)  
HBM_BOOTSTRAP(30)  
VEXECUTE:EXECFROMBUFF(519)  
VEXECUTE:EXECFROMPRG(209)  
HBMLOAD(28)  
HBMBOOTSTRAP(12)  
HBMSTART(6)  
MAIN(29)  
###################

20210730 - 08:02:28 >>  [INFO] Mounted query : SELECT * FROM EMP / Original : SELECT * FROM EMP, nPage : 1, nLimit : 0

# Called from : 
VSQLITE:MOUNTQUERY(730)  
VSQLITE:EXECUTEQUERY(263)  
VSQLITE:EXECUTEQUERYTODBF(1250)  
FQUERYTODBF(118)  
BOXSEARCH(180)  
TUIBROWSERSEARCH(68)  
TUISEARCH(26)  
__ACTIVEF3INGET(39)  
(b)VGETCMD_SHOW(545)  
HBGETLIST:GETDOSETKEY(661)  
HBGETLIST:GETAPPLYKEY(344)  
HBGETLIST:READER(285)  
HBGETLIST:READMODAL(208)  
READMODAL(0)  
VGETCMD:SHOW(546)  
HBM_BOOTSTRAP(30)  
VEXECUTE:EXECFROMBUFF(519)  
VEXECUTE:EXECFROMPRG(209)  
HBMLOAD(28)  
HBMBOOTSTRAP(12)  
HBMSTART(6)  
MAIN(29)  
###################

20210730 - 08:02:28 >>  [INFO] Mounted query : SELECT * FROM EMP / Original : SELECT * FROM EMP, nPage : 1, nLimit : 0

# Called from : 
FQUERYTODBF(121)  
BOXSEARCH(180)  
TUIBROWSERSEARCH(68)  
TUISEARCH(26)  
__ACTIVEF3INGET(39)  
(b)VGETCMD_SHOW(545)  
HBGETLIST:GETDOSETKEY(661)  
HBGETLIST:GETAPPLYKEY(344)  
HBGETLIST:READER(285)  
HBGETLIST:READMODAL(208)  
READMODAL(0)  
VGETCMD:SHOW(546)  
HBM_BOOTSTRAP(30)  
VEXECUTE:EXECFROMBUFF(519)  
VEXECUTE:EXECFROMPRG(209)  
HBMLOAD(28)  
HBMBOOTSTRAP(12)  
HBMSTART(6)  
MAIN(29)  
###################

20210730 - 08:02:32 >>  [INFO] Data base open successfully

# Called from : 
VSQLITE:OPEN(134)  
FQUERYTODBF(99)  
VLJ_DLOOKUPTODEFCONTROL(404)  
TUILOOKUP(55)  
VGETCMD:EXECLOOKUP(617)  
(b)VGETCMD_SHOW(530)  
HBGETLIST:GETPOSTVALIDATE(625)  
HBGETLIST:READER(305)  
HBGETLIST:READMODAL(208)  
READMODAL(0)  
VGETCMD:SHOW(546)  
HBM_BOOTSTRAP(30)  
VEXECUTE:EXECFROMBUFF(519)  
VEXECUTE:EXECFROMPRG(209)  
HBMLOAD(28)  
HBMBOOTSTRAP(12)  
HBMSTART(6)  
MAIN(29)  
###################

20210730 - 08:02:32 >>  [INFO] Data base open successfully

# Called from : 
FQUERYTODBF(103)  
VLJ_DLOOKUPTODEFCONTROL(404)  
TUILOOKUP(55)  
VGETCMD:EXECLOOKUP(617)  
(b)VGETCMD_SHOW(530)  
HBGETLIST:GETPOSTVALIDATE(625)  
HBGETLIST:READER(305)  
HBGETLIST:READMODAL(208)  
READMODAL(0)  
VGETCMD:SHOW(546)  
HBM_BOOTSTRAP(30)  
VEXECUTE:EXECFROMBUFF(519)  
VEXECUTE:EXECFROMPRG(209)  
HBMLOAD(28)  
HBMBOOTSTRAP(12)  
HBMSTART(6)  
MAIN(29)  
###################

20210730 - 08:02:32 >>  [INFO] Mounted query : SELECT * FROM EMP WHERE EMPNO=7782 / Original : SELECT * FROM EMP WHERE EMPNO=7782, nPage : 1, nLimit : 0

# Called from : 
VSQLITE:MOUNTQUERY(730)  
VSQLITE:EXECUTEQUERY(263)  
VSQLITE:EXECUTEQUERYTODBF(1250)  
FQUERYTODBF(118)  
VLJ_DLOOKUPTODEFCONTROL(404)  
TUILOOKUP(55)  
VGETCMD:EXECLOOKUP(617)  
(b)VGETCMD_SHOW(530)  
HBGETLIST:GETPOSTVALIDATE(625)  
HBGETLIST:READER(305)  
HBGETLIST:READMODAL(208)  
READMODAL(0)  
VGETCMD:SHOW(546)  
HBM_BOOTSTRAP(30)  
VEXECUTE:EXECFROMBUFF(519)  
VEXECUTE:EXECFROMPRG(209)  
HBMLOAD(28)  
HBMBOOTSTRAP(12)  
HBMSTART(6)  
MAIN(29)  
###################

20210730 - 08:02:32 >>  [INFO] Mounted query : SELECT * FROM EMP WHERE EMPNO=7782 / Original : SELECT * FROM EMP WHERE EMPNO=7782, nPage : 1, nLimit : 0

# Called from : 
FQUERYTODBF(121)  
VLJ_DLOOKUPTODEFCONTROL(404)  
TUILOOKUP(55)  
VGETCMD:EXECLOOKUP(617)  
(b)VGETCMD_SHOW(530)  
HBGETLIST:GETPOSTVALIDATE(625)  
HBGETLIST:READER(305)  
HBGETLIST:READMODAL(208)  
READMODAL(0)  
VGETCMD:SHOW(546)  
HBM_BOOTSTRAP(30)  
VEXECUTE:EXECFROMBUFF(519)  
VEXECUTE:EXECFROMPRG(209)  
HBMLOAD(28)  
HBMBOOTSTRAP(12)  
HBMSTART(6)  
MAIN(29)  
###################

20210730 - 08:02:37 >>  [INFO] Data base open successfully

# Called from : 
VSQLITE:OPEN(134)  
FQUERYTODBF(99)  
VLJ_DLOOKUPTODEFCONTROL(404)  
TUILOOKUP(55)  
VGETCMD:EXECLOOKUP(617)  
(b)VGETCMD_SHOW(530)  
HBGETLIST:GETPOSTVALIDATE(625)  
HBGETLIST:READER(305)  
HBGETLIST:READMODAL(208)  
READMODAL(0)  
VGETCMD:SHOW(546)  
HBM_BOOTSTRAP(30)  
VEXECUTE:EXECFROMBUFF(519)  
VEXECUTE:EXECFROMPRG(209)  
HBMLOAD(28)  
HBMBOOTSTRAP(12)  
HBMSTART(6)  
MAIN(29)  
###################

20210730 - 08:02:37 >>  [INFO] Data base open successfully

# Called from : 
FQUERYTODBF(103)  
VLJ_DLOOKUPTODEFCONTROL(404)  
TUILOOKUP(55)  
VGETCMD:EXECLOOKUP(617)  
(b)VGETCMD_SHOW(530)  
HBGETLIST:GETPOSTVALIDATE(625)  
HBGETLIST:READER(305)  
HBGETLIST:READMODAL(208)  
READMODAL(0)  
VGETCMD:SHOW(546)  
HBM_BOOTSTRAP(30)  
VEXECUTE:EXECFROMBUFF(519)  
VEXECUTE:EXECFROMPRG(209)  
HBMLOAD(28)  
HBMBOOTSTRAP(12)  
HBMSTART(6)  
MAIN(29)  
###################

20210730 - 08:02:37 >>  [INFO] Mounted query : SELECT * FROM EMP WHERE EMPNO=7369 / Original : SELECT * FROM EMP WHERE EMPNO=7369, nPage : 1, nLimit : 0

# Called from : 
VSQLITE:MOUNTQUERY(730)  
VSQLITE:EXECUTEQUERY(263)  
VSQLITE:EXECUTEQUERYTODBF(1250)  
FQUERYTODBF(118)  
VLJ_DLOOKUPTODEFCONTROL(404)  
TUILOOKUP(55)  
VGETCMD:EXECLOOKUP(617)  
(b)VGETCMD_SHOW(530)  
HBGETLIST:GETPOSTVALIDATE(625)  
HBGETLIST:READER(305)  
HBGETLIST:READMODAL(208)  
READMODAL(0)  
VGETCMD:SHOW(546)  
HBM_BOOTSTRAP(30)  
VEXECUTE:EXECFROMBUFF(519)  
VEXECUTE:EXECFROMPRG(209)  
HBMLOAD(28)  
HBMBOOTSTRAP(12)  
HBMSTART(6)  
MAIN(29)  
###################

20210730 - 08:02:37 >>  [INFO] Mounted query : SELECT * FROM EMP WHERE EMPNO=7369 / Original : SELECT * FROM EMP WHERE EMPNO=7369, nPage : 1, nLimit : 0

# Called from : 
FQUERYTODBF(121)  
VLJ_DLOOKUPTODEFCONTROL(404)  
TUILOOKUP(55)  
VGETCMD:EXECLOOKUP(617)  
(b)VGETCMD_SHOW(530)  
HBGETLIST:GETPOSTVALIDATE(625)  
HBGETLIST:READER(305)  
HBGETLIST:READMODAL(208)  
READMODAL(0)  
VGETCMD:SHOW(546)  
HBM_BOOTSTRAP(30)  
VEXECUTE:EXECFROMBUFF(519)  
VEXECUTE:EXECFROMPRG(209)  
HBMLOAD(28)  
HBMBOOTSTRAP(12)  
HBMSTART(6)  
MAIN(29)  
###################

20210730 - 08:02:44 >>  [INFO] After execute with return : 13

# Called from : 
VEXECUTE:EXECFROMBUFF(520)  
VEXECUTE:EXECFROMPRG(209)  
HBMLOAD(28)  
HBMBOOTSTRAP(12)  
HBMSTART(6)  
MAIN(29)  
###################

20210730 - 08:02:44 >>  [INFO] After send buffer to execute

# Called from : 
VEXECUTE:EXECFROMPRG(210)  
HBMLOAD(28)  
HBMBOOTSTRAP(12)  
HBMSTART(6)  
MAIN(29)  
###################

