***************************** BEGIN LOG HEADER ************************************
File created at : 20210707 20:05:35
***************************** END LOG HEADER **************************************

20210707 - 20:05:35 >>  [INFO] Data base open successfully

# Called from : 
VSQLITE:OPEN(134)  
FQUERYTODBF(94)  
BOXSEARCH(164)  
TUIBROWSERSEARCH(66)  
TUISEARCH(26)  
__ACTIVEF3INGET(36)  
(b)VGETCMD_SHOW(492)  
HBGETLIST:GETDOSETKEY(661)  
HBGETLIST:GETAPPLYKEY(344)  
HBGETLIST:READER(285)  
HBGETLIST:READMODAL(208)  
READMODAL(0)  
VGETCMD:SHOW(493)  
HBM_BOOTSTRAP(30)  
VEXECUTE:EXECFROMBUFF(449)  
VEXECUTE:EXECFROMPRG(208)  
HBMLOAD(24)  
HBMBOOTSTRAP(10)  
HBMSTART(4)  
MAIN(23)  
###################

20210707 - 20:05:35 >>  [INFO] Data base open successfully

# Called from : 
FQUERYTODBF(98)  
BOXSEARCH(164)  
TUIBROWSERSEARCH(66)  
TUISEARCH(26)  
__ACTIVEF3INGET(36)  
(b)VGETCMD_SHOW(492)  
HBGETLIST:GETDOSETKEY(661)  
HBGETLIST:GETAPPLYKEY(344)  
HBGETLIST:READER(285)  
HBGETLIST:READMODAL(208)  
READMODAL(0)  
VGETCMD:SHOW(493)  
HBM_BOOTSTRAP(30)  
VEXECUTE:EXECFROMBUFF(449)  
VEXECUTE:EXECFROMPRG(208)  
HBMLOAD(24)  
HBMBOOTSTRAP(10)  
HBMSTART(4)  
MAIN(23)  
###################

20210707 - 20:05:35 >>  [INFO] Mounted query : SELECT * FROM EMP / Original : SELECT * FROM EMP, nPage : 1, nLimit : 0

# Called from : 
VSQLITE:MOUNTQUERY(730)  
VSQLITE:EXECUTEQUERY(263)  
VSQLITE:EXECUTEQUERYTODBF(1250)  
FQUERYTODBF(113)  
BOXSEARCH(164)  
TUIBROWSERSEARCH(66)  
TUISEARCH(26)  
__ACTIVEF3INGET(36)  
(b)VGETCMD_SHOW(492)  
HBGETLIST:GETDOSETKEY(661)  
HBGETLIST:GETAPPLYKEY(344)  
HBGETLIST:READER(285)  
HBGETLIST:READMODAL(208)  
READMODAL(0)  
VGETCMD:SHOW(493)  
HBM_BOOTSTRAP(30)  
VEXECUTE:EXECFROMBUFF(449)  
VEXECUTE:EXECFROMPRG(208)  
HBMLOAD(24)  
HBMBOOTSTRAP(10)  
HBMSTART(4)  
MAIN(23)  
###################

20210707 - 20:05:35 >>  [INFO] Mounted query : SELECT * FROM EMP / Original : SELECT * FROM EMP, nPage : 1, nLimit : 0

# Called from : 
FQUERYTODBF(116)  
BOXSEARCH(164)  
TUIBROWSERSEARCH(66)  
TUISEARCH(26)  
__ACTIVEF3INGET(36)  
(b)VGETCMD_SHOW(492)  
HBGETLIST:GETDOSETKEY(661)  
HBGETLIST:GETAPPLYKEY(344)  
HBGETLIST:READER(285)  
HBGETLIST:READMODAL(208)  
READMODAL(0)  
VGETCMD:SHOW(493)  
HBM_BOOTSTRAP(30)  
VEXECUTE:EXECFROMBUFF(449)  
VEXECUTE:EXECFROMPRG(208)  
HBMLOAD(24)  
HBMBOOTSTRAP(10)  
HBMSTART(4)  
MAIN(23)  
###################

20210707 - 20:05:48 >>  [INFO] Data base open successfully

# Called from : 
VSQLITE:OPEN(134)  
FQUERYTODBF(94)  
VLJ_DLOOKUPTODEFCONTROL(301)  
TUILOOKUP(55)  
VGETCMD:EXECLOOKUP(562)  
(b)VGETCMD_SHOW(478)  
HBGETLIST:GETPOSTVALIDATE(625)  
HBGETLIST:READER(305)  
HBGETLIST:READMODAL(208)  
READMODAL(0)  
VGETCMD:SHOW(493)  
HBM_BOOTSTRAP(30)  
VEXECUTE:EXECFROMBUFF(449)  
VEXECUTE:EXECFROMPRG(208)  
HBMLOAD(24)  
HBMBOOTSTRAP(10)  
HBMSTART(4)  
MAIN(23)  
###################

20210707 - 20:05:49 >>  [INFO] Data base open successfully

# Called from : 
FQUERYTODBF(98)  
VLJ_DLOOKUPTODEFCONTROL(301)  
TUILOOKUP(55)  
VGETCMD:EXECLOOKUP(562)  
(b)VGETCMD_SHOW(478)  
HBGETLIST:GETPOSTVALIDATE(625)  
HBGETLIST:READER(305)  
HBGETLIST:READMODAL(208)  
READMODAL(0)  
VGETCMD:SHOW(493)  
HBM_BOOTSTRAP(30)  
VEXECUTE:EXECFROMBUFF(449)  
VEXECUTE:EXECFROMPRG(208)  
HBMLOAD(24)  
HBMBOOTSTRAP(10)  
HBMSTART(4)  
MAIN(23)  
###################

20210707 - 20:05:49 >>  [INFO] Mounted query : SELECT * FROM EMP WHERE EMPNO=7566 / Original : SELECT * FROM EMP WHERE EMPNO=7566, nPage : 1, nLimit : 0

# Called from : 
VSQLITE:MOUNTQUERY(730)  
VSQLITE:EXECUTEQUERY(263)  
VSQLITE:EXECUTEQUERYTODBF(1250)  
FQUERYTODBF(113)  
VLJ_DLOOKUPTODEFCONTROL(301)  
TUILOOKUP(55)  
VGETCMD:EXECLOOKUP(562)  
(b)VGETCMD_SHOW(478)  
HBGETLIST:GETPOSTVALIDATE(625)  
HBGETLIST:READER(305)  
HBGETLIST:READMODAL(208)  
READMODAL(0)  
VGETCMD:SHOW(493)  
HBM_BOOTSTRAP(30)  
VEXECUTE:EXECFROMBUFF(449)  
VEXECUTE:EXECFROMPRG(208)  
HBMLOAD(24)  
HBMBOOTSTRAP(10)  
HBMSTART(4)  
MAIN(23)  
###################

20210707 - 20:05:49 >>  [INFO] Mounted query : SELECT * FROM EMP WHERE EMPNO=7566 / Original : SELECT * FROM EMP WHERE EMPNO=7566, nPage : 1, nLimit : 0

# Called from : 
FQUERYTODBF(116)  
VLJ_DLOOKUPTODEFCONTROL(301)  
TUILOOKUP(55)  
VGETCMD:EXECLOOKUP(562)  
(b)VGETCMD_SHOW(478)  
HBGETLIST:GETPOSTVALIDATE(625)  
HBGETLIST:READER(305)  
HBGETLIST:READMODAL(208)  
READMODAL(0)  
VGETCMD:SHOW(493)  
HBM_BOOTSTRAP(30)  
VEXECUTE:EXECFROMBUFF(449)  
VEXECUTE:EXECFROMPRG(208)  
HBMLOAD(24)  
HBMBOOTSTRAP(10)  
HBMSTART(4)  
MAIN(23)  
###################

20210707 - 20:06:25 >>  [INFO] Data base open successfully

# Called from : 
VSQLITE:OPEN(134)  
FQUERYTODBF(94)  
VLJ_DLOOKUPTODEFCONTROL(301)  
TUILOOKUP(55)  
VGETCMD:EXECLOOKUP(562)  
(b)VGETCMD_SHOW(478)  
HBGETLIST:GETPOSTVALIDATE(625)  
HBGETLIST:READER(305)  
HBGETLIST:READMODAL(208)  
READMODAL(0)  
VGETCMD:SHOW(493)  
HBM_BOOTSTRAP(30)  
VEXECUTE:EXECFROMBUFF(449)  
VEXECUTE:EXECFROMPRG(208)  
HBMLOAD(24)  
HBMBOOTSTRAP(10)  
HBMSTART(4)  
MAIN(23)  
###################

20210707 - 20:06:25 >>  [INFO] Data base open successfully

# Called from : 
FQUERYTODBF(98)  
VLJ_DLOOKUPTODEFCONTROL(301)  
TUILOOKUP(55)  
VGETCMD:EXECLOOKUP(562)  
(b)VGETCMD_SHOW(478)  
HBGETLIST:GETPOSTVALIDATE(625)  
HBGETLIST:READER(305)  
HBGETLIST:READMODAL(208)  
READMODAL(0)  
VGETCMD:SHOW(493)  
HBM_BOOTSTRAP(30)  
VEXECUTE:EXECFROMBUFF(449)  
VEXECUTE:EXECFROMPRG(208)  
HBMLOAD(24)  
HBMBOOTSTRAP(10)  
HBMSTART(4)  
MAIN(23)  
###################

20210707 - 20:06:25 >>  [INFO] Mounted query : SELECT * FROM EMP WHERE EMPNO=7566 / Original : SELECT * FROM EMP WHERE EMPNO=7566, nPage : 1, nLimit : 0

# Called from : 
VSQLITE:MOUNTQUERY(730)  
VSQLITE:EXECUTEQUERY(263)  
VSQLITE:EXECUTEQUERYTODBF(1250)  
FQUERYTODBF(113)  
VLJ_DLOOKUPTODEFCONTROL(301)  
TUILOOKUP(55)  
VGETCMD:EXECLOOKUP(562)  
(b)VGETCMD_SHOW(478)  
HBGETLIST:GETPOSTVALIDATE(625)  
HBGETLIST:READER(305)  
HBGETLIST:READMODAL(208)  
READMODAL(0)  
VGETCMD:SHOW(493)  
HBM_BOOTSTRAP(30)  
VEXECUTE:EXECFROMBUFF(449)  
VEXECUTE:EXECFROMPRG(208)  
HBMLOAD(24)  
HBMBOOTSTRAP(10)  
HBMSTART(4)  
MAIN(23)  
###################

20210707 - 20:06:25 >>  [INFO] Mounted query : SELECT * FROM EMP WHERE EMPNO=7566 / Original : SELECT * FROM EMP WHERE EMPNO=7566, nPage : 1, nLimit : 0

# Called from : 
FQUERYTODBF(116)  
VLJ_DLOOKUPTODEFCONTROL(301)  
TUILOOKUP(55)  
VGETCMD:EXECLOOKUP(562)  
(b)VGETCMD_SHOW(478)  
HBGETLIST:GETPOSTVALIDATE(625)  
HBGETLIST:READER(305)  
HBGETLIST:READMODAL(208)  
READMODAL(0)  
VGETCMD:SHOW(493)  
HBM_BOOTSTRAP(30)  
VEXECUTE:EXECFROMBUFF(449)  
VEXECUTE:EXECFROMPRG(208)  
HBMLOAD(24)  
HBMBOOTSTRAP(10)  
HBMSTART(4)  
MAIN(23)  
###################

20210707 - 20:06:30 >>  [INFO] Data base open successfully

# Called from : 
VSQLITE:OPEN(134)  
FQUERYTODBF(94)  
VLJ_DLOOKUPTODEFCONTROL(301)  
TUILOOKUP(55)  
VGETCMD:EXECLOOKUP(562)  
(b)VGETCMD_SHOW(478)  
HBGETLIST:GETPOSTVALIDATE(625)  
HBGETLIST:READER(305)  
HBGETLIST:READMODAL(208)  
READMODAL(0)  
VGETCMD:SHOW(493)  
HBM_BOOTSTRAP(30)  
VEXECUTE:EXECFROMBUFF(449)  
VEXECUTE:EXECFROMPRG(208)  
HBMLOAD(24)  
HBMBOOTSTRAP(10)  
HBMSTART(4)  
MAIN(23)  
###################

20210707 - 20:06:30 >>  [INFO] Data base open successfully

# Called from : 
FQUERYTODBF(98)  
VLJ_DLOOKUPTODEFCONTROL(301)  
TUILOOKUP(55)  
VGETCMD:EXECLOOKUP(562)  
(b)VGETCMD_SHOW(478)  
HBGETLIST:GETPOSTVALIDATE(625)  
HBGETLIST:READER(305)  
HBGETLIST:READMODAL(208)  
READMODAL(0)  
VGETCMD:SHOW(493)  
HBM_BOOTSTRAP(30)  
VEXECUTE:EXECFROMBUFF(449)  
VEXECUTE:EXECFROMPRG(208)  
HBMLOAD(24)  
HBMBOOTSTRAP(10)  
HBMSTART(4)  
MAIN(23)  
###################

20210707 - 20:06:30 >>  [INFO] Mounted query : SELECT * FROM EMP WHERE EMPNO=7566 / Original : SELECT * FROM EMP WHERE EMPNO=7566, nPage : 1, nLimit : 0

# Called from : 
VSQLITE:MOUNTQUERY(730)  
VSQLITE:EXECUTEQUERY(263)  
VSQLITE:EXECUTEQUERYTODBF(1250)  
FQUERYTODBF(113)  
VLJ_DLOOKUPTODEFCONTROL(301)  
TUILOOKUP(55)  
VGETCMD:EXECLOOKUP(562)  
(b)VGETCMD_SHOW(478)  
HBGETLIST:GETPOSTVALIDATE(625)  
HBGETLIST:READER(305)  
HBGETLIST:READMODAL(208)  
READMODAL(0)  
VGETCMD:SHOW(493)  
HBM_BOOTSTRAP(30)  
VEXECUTE:EXECFROMBUFF(449)  
VEXECUTE:EXECFROMPRG(208)  
HBMLOAD(24)  
HBMBOOTSTRAP(10)  
HBMSTART(4)  
MAIN(23)  
###################

20210707 - 20:06:30 >>  [INFO] Mounted query : SELECT * FROM EMP WHERE EMPNO=7566 / Original : SELECT * FROM EMP WHERE EMPNO=7566, nPage : 1, nLimit : 0

# Called from : 
FQUERYTODBF(116)  
VLJ_DLOOKUPTODEFCONTROL(301)  
TUILOOKUP(55)  
VGETCMD:EXECLOOKUP(562)  
(b)VGETCMD_SHOW(478)  
HBGETLIST:GETPOSTVALIDATE(625)  
HBGETLIST:READER(305)  
HBGETLIST:READMODAL(208)  
READMODAL(0)  
VGETCMD:SHOW(493)  
HBM_BOOTSTRAP(30)  
VEXECUTE:EXECFROMBUFF(449)  
VEXECUTE:EXECFROMPRG(208)  
HBMLOAD(24)  
HBMBOOTSTRAP(10)  
HBMSTART(4)  
MAIN(23)  
###################

20210707 - 20:06:34 >>  [INFO] After execute with return : 13

# Called from : 
VEXECUTE:EXECFROMBUFF(450)  
VEXECUTE:EXECFROMPRG(208)  
HBMLOAD(24)  
HBMBOOTSTRAP(10)  
HBMSTART(4)  
MAIN(23)  
###################

20210707 - 20:06:34 >>  [INFO] After send buffer to execute

# Called from : 
VEXECUTE:EXECFROMPRG(209)  
HBMLOAD(24)  
HBMBOOTSTRAP(10)  
HBMSTART(4)  
MAIN(23)  
###################

20210707 - 20:06:38 >>  [INFO] Data base open successfully

# Called from : 
VSQLITE:OPEN(134)  
FQUERYTODBF(94)  
VLJ_DLOOKUPTODEFCONTROL(301)  
TUILOOKUP(55)  
VGETCMD:EXECLOOKUP(562)  
(b)VGETCMD_SHOW(478)  
HBGETLIST:GETPOSTVALIDATE(625)  
HBGETLIST:READER(305)  
HBGETLIST:READMODAL(208)  
READMODAL(0)  
VGETCMD:SHOW(493)  
HBM_BOOTSTRAP(30)  
VEXECUTE:EXECFROMBUFF(449)  
VEXECUTE:EXECFROMPRG(208)  
HBMLOAD(24)  
HBMBOOTSTRAP(10)  
HBMSTART(4)  
MAIN(23)  
###################

20210707 - 20:06:38 >>  [INFO] Data base open successfully

# Called from : 
FQUERYTODBF(98)  
VLJ_DLOOKUPTODEFCONTROL(301)  
TUILOOKUP(55)  
VGETCMD:EXECLOOKUP(562)  
(b)VGETCMD_SHOW(478)  
HBGETLIST:GETPOSTVALIDATE(625)  
HBGETLIST:READER(305)  
HBGETLIST:READMODAL(208)  
READMODAL(0)  
VGETCMD:SHOW(493)  
HBM_BOOTSTRAP(30)  
VEXECUTE:EXECFROMBUFF(449)  
VEXECUTE:EXECFROMPRG(208)  
HBMLOAD(24)  
HBMBOOTSTRAP(10)  
HBMSTART(4)  
MAIN(23)  
###################

20210707 - 20:06:38 >>  [INFO] Mounted query : SELECT * FROM EMP WHERE EMPNO=7566 / Original : SELECT * FROM EMP WHERE EMPNO=7566, nPage : 1, nLimit : 0

# Called from : 
VSQLITE:MOUNTQUERY(730)  
VSQLITE:EXECUTEQUERY(263)  
VSQLITE:EXECUTEQUERYTODBF(1250)  
FQUERYTODBF(113)  
VLJ_DLOOKUPTODEFCONTROL(301)  
TUILOOKUP(55)  
VGETCMD:EXECLOOKUP(562)  
(b)VGETCMD_SHOW(478)  
HBGETLIST:GETPOSTVALIDATE(625)  
HBGETLIST:READER(305)  
HBGETLIST:READMODAL(208)  
READMODAL(0)  
VGETCMD:SHOW(493)  
HBM_BOOTSTRAP(30)  
VEXECUTE:EXECFROMBUFF(449)  
VEXECUTE:EXECFROMPRG(208)  
HBMLOAD(24)  
HBMBOOTSTRAP(10)  
HBMSTART(4)  
MAIN(23)  
###################

20210707 - 20:06:38 >>  [INFO] Mounted query : SELECT * FROM EMP WHERE EMPNO=7566 / Original : SELECT * FROM EMP WHERE EMPNO=7566, nPage : 1, nLimit : 0

# Called from : 
FQUERYTODBF(116)  
VLJ_DLOOKUPTODEFCONTROL(301)  
TUILOOKUP(55)  
VGETCMD:EXECLOOKUP(562)  
(b)VGETCMD_SHOW(478)  
HBGETLIST:GETPOSTVALIDATE(625)  
HBGETLIST:READER(305)  
HBGETLIST:READMODAL(208)  
READMODAL(0)  
VGETCMD:SHOW(493)  
HBM_BOOTSTRAP(30)  
VEXECUTE:EXECFROMBUFF(449)  
VEXECUTE:EXECFROMPRG(208)  
HBMLOAD(24)  
HBMBOOTSTRAP(10)  
HBMSTART(4)  
MAIN(23)  
###################

20210707 - 20:06:56 >>  [INFO] After execute with return : 13

# Called from : 
VEXECUTE:EXECFROMBUFF(450)  
VEXECUTE:EXECFROMPRG(208)  
HBMLOAD(24)  
HBMBOOTSTRAP(10)  
HBMSTART(4)  
MAIN(23)  
###################

20210707 - 20:06:56 >>  [INFO] After send buffer to execute

# Called from : 
VEXECUTE:EXECFROMPRG(209)  
HBMLOAD(24)  
HBMBOOTSTRAP(10)  
HBMSTART(4)  
MAIN(23)  
###################

