***************************** BEGIN LOG HEADER ************************************
File created at : 20210726 15:30:16
***************************** END LOG HEADER **************************************

20210726 - 15:30:16 >>  [INFO] Data base open successfully

# Called from : 
VSQLITE:OPEN(134)  
FQUERYTODBF(94)  
BOXSEARCH(180)  
TUIBROWSERSEARCH(68)  
TUISEARCH(26)  
__ACTIVEF3INGET(39)  
(b)VGETCMD_SHOW(542)  
HBGETLIST:GETDOSETKEY(661)  
HBGETLIST:GETAPPLYKEY(344)  
HBGETLIST:READER(285)  
HBGETLIST:READMODAL(208)  
READMODAL(0)  
VGETCMD:SHOW(543)  
HBM_BOOTSTRAP(30)  
VEXECUTE:EXECFROMBUFF(516)  
VEXECUTE:EXECFROMPRG(209)  
HBMLOAD(28)  
HBMBOOTSTRAP(12)  
HBMSTART(6)  
MAIN(26)  
###################

20210726 - 15:30:16 >>  [INFO] Data base open successfully

# Called from : 
FQUERYTODBF(98)  
BOXSEARCH(180)  
TUIBROWSERSEARCH(68)  
TUISEARCH(26)  
__ACTIVEF3INGET(39)  
(b)VGETCMD_SHOW(542)  
HBGETLIST:GETDOSETKEY(661)  
HBGETLIST:GETAPPLYKEY(344)  
HBGETLIST:READER(285)  
HBGETLIST:READMODAL(208)  
READMODAL(0)  
VGETCMD:SHOW(543)  
HBM_BOOTSTRAP(30)  
VEXECUTE:EXECFROMBUFF(516)  
VEXECUTE:EXECFROMPRG(209)  
HBMLOAD(28)  
HBMBOOTSTRAP(12)  
HBMSTART(6)  
MAIN(26)  
###################

20210726 - 15:30:16 >>  [INFO] Mounted query : SELECT * FROM EMP / Original : SELECT * FROM EMP, nPage : 1, nLimit : 0

# Called from : 
VSQLITE:MOUNTQUERY(730)  
VSQLITE:EXECUTEQUERY(263)  
VSQLITE:EXECUTEQUERYTODBF(1250)  
FQUERYTODBF(113)  
BOXSEARCH(180)  
TUIBROWSERSEARCH(68)  
TUISEARCH(26)  
__ACTIVEF3INGET(39)  
(b)VGETCMD_SHOW(542)  
HBGETLIST:GETDOSETKEY(661)  
HBGETLIST:GETAPPLYKEY(344)  
HBGETLIST:READER(285)  
HBGETLIST:READMODAL(208)  
READMODAL(0)  
VGETCMD:SHOW(543)  
HBM_BOOTSTRAP(30)  
VEXECUTE:EXECFROMBUFF(516)  
VEXECUTE:EXECFROMPRG(209)  
HBMLOAD(28)  
HBMBOOTSTRAP(12)  
HBMSTART(6)  
MAIN(26)  
###################

20210726 - 15:30:16 >>  [INFO] Mounted query : SELECT * FROM EMP / Original : SELECT * FROM EMP, nPage : 1, nLimit : 0

# Called from : 
FQUERYTODBF(116)  
BOXSEARCH(180)  
TUIBROWSERSEARCH(68)  
TUISEARCH(26)  
__ACTIVEF3INGET(39)  
(b)VGETCMD_SHOW(542)  
HBGETLIST:GETDOSETKEY(661)  
HBGETLIST:GETAPPLYKEY(344)  
HBGETLIST:READER(285)  
HBGETLIST:READMODAL(208)  
READMODAL(0)  
VGETCMD:SHOW(543)  
HBM_BOOTSTRAP(30)  
VEXECUTE:EXECFROMBUFF(516)  
VEXECUTE:EXECFROMPRG(209)  
HBMLOAD(28)  
HBMBOOTSTRAP(12)  
HBMSTART(6)  
MAIN(26)  
###################

20210726 - 15:30:21 >>  [INFO] Data base open successfully

# Called from : 
VSQLITE:OPEN(134)  
FQUERYTODBF(94)  
BOXSEARCH(180)  
TUIBROWSERSEARCH(110)  
TUISEARCH(26)  
__ACTIVEF3INGET(39)  
(b)VGETCMD_SHOW(542)  
HBGETLIST:GETDOSETKEY(661)  
HBGETLIST:GETAPPLYKEY(344)  
HBGETLIST:READER(285)  
HBGETLIST:READMODAL(208)  
READMODAL(0)  
VGETCMD:SHOW(543)  
HBM_BOOTSTRAP(30)  
VEXECUTE:EXECFROMBUFF(516)  
VEXECUTE:EXECFROMPRG(209)  
HBMLOAD(28)  
HBMBOOTSTRAP(12)  
HBMSTART(6)  
MAIN(26)  
###################

20210726 - 15:30:21 >>  [INFO] Data base open successfully

# Called from : 
FQUERYTODBF(98)  
BOXSEARCH(180)  
TUIBROWSERSEARCH(110)  
TUISEARCH(26)  
__ACTIVEF3INGET(39)  
(b)VGETCMD_SHOW(542)  
HBGETLIST:GETDOSETKEY(661)  
HBGETLIST:GETAPPLYKEY(344)  
HBGETLIST:READER(285)  
HBGETLIST:READMODAL(208)  
READMODAL(0)  
VGETCMD:SHOW(543)  
HBM_BOOTSTRAP(30)  
VEXECUTE:EXECFROMBUFF(516)  
VEXECUTE:EXECFROMPRG(209)  
HBMLOAD(28)  
HBMBOOTSTRAP(12)  
HBMSTART(6)  
MAIN(26)  
###################

20210726 - 15:30:21 >>  [INFO] Mounted query : SELECT * FROM EMP Where ename LIKE '%SM%' / Original : SELECT * FROM EMP Where ename LIKE '%SM%', nPage : 1, nLimit : 0

# Called from : 
VSQLITE:MOUNTQUERY(730)  
VSQLITE:EXECUTEQUERY(263)  
VSQLITE:EXECUTEQUERYTODBF(1250)  
FQUERYTODBF(113)  
BOXSEARCH(180)  
TUIBROWSERSEARCH(110)  
TUISEARCH(26)  
__ACTIVEF3INGET(39)  
(b)VGETCMD_SHOW(542)  
HBGETLIST:GETDOSETKEY(661)  
HBGETLIST:GETAPPLYKEY(344)  
HBGETLIST:READER(285)  
HBGETLIST:READMODAL(208)  
READMODAL(0)  
VGETCMD:SHOW(543)  
HBM_BOOTSTRAP(30)  
VEXECUTE:EXECFROMBUFF(516)  
VEXECUTE:EXECFROMPRG(209)  
HBMLOAD(28)  
HBMBOOTSTRAP(12)  
HBMSTART(6)  
MAIN(26)  
###################

20210726 - 15:30:21 >>  [INFO] Mounted query : SELECT * FROM EMP Where ename LIKE '%SM%' / Original : SELECT * FROM EMP Where ename LIKE '%SM%', nPage : 1, nLimit : 0

# Called from : 
FQUERYTODBF(116)  
BOXSEARCH(180)  
TUIBROWSERSEARCH(110)  
TUISEARCH(26)  
__ACTIVEF3INGET(39)  
(b)VGETCMD_SHOW(542)  
HBGETLIST:GETDOSETKEY(661)  
HBGETLIST:GETAPPLYKEY(344)  
HBGETLIST:READER(285)  
HBGETLIST:READMODAL(208)  
READMODAL(0)  
VGETCMD:SHOW(543)  
HBM_BOOTSTRAP(30)  
VEXECUTE:EXECFROMBUFF(516)  
VEXECUTE:EXECFROMPRG(209)  
HBMLOAD(28)  
HBMBOOTSTRAP(12)  
HBMSTART(6)  
MAIN(26)  
###################

20210726 - 15:30:22 >>  [INFO] Data base open successfully

# Called from : 
VSQLITE:OPEN(134)  
FQUERYTODBF(94)  
VLJ_DLOOKUPTODEFCONTROL(335)  
TUILOOKUP(55)  
VGETCMD:EXECLOOKUP(614)  
(b)VGETCMD_SHOW(527)  
HBGETLIST:GETPOSTVALIDATE(625)  
HBGETLIST:READER(305)  
HBGETLIST:READMODAL(208)  
READMODAL(0)  
VGETCMD:SHOW(543)  
HBM_BOOTSTRAP(30)  
VEXECUTE:EXECFROMBUFF(516)  
VEXECUTE:EXECFROMPRG(209)  
HBMLOAD(28)  
HBMBOOTSTRAP(12)  
HBMSTART(6)  
MAIN(26)  
###################

20210726 - 15:30:22 >>  [INFO] Data base open successfully

# Called from : 
FQUERYTODBF(98)  
VLJ_DLOOKUPTODEFCONTROL(335)  
TUILOOKUP(55)  
VGETCMD:EXECLOOKUP(614)  
(b)VGETCMD_SHOW(527)  
HBGETLIST:GETPOSTVALIDATE(625)  
HBGETLIST:READER(305)  
HBGETLIST:READMODAL(208)  
READMODAL(0)  
VGETCMD:SHOW(543)  
HBM_BOOTSTRAP(30)  
VEXECUTE:EXECFROMBUFF(516)  
VEXECUTE:EXECFROMPRG(209)  
HBMLOAD(28)  
HBMBOOTSTRAP(12)  
HBMSTART(6)  
MAIN(26)  
###################

20210726 - 15:30:22 >>  [INFO] Mounted query : SELECT * FROM EMP WHERE EMPNO=7369 / Original : SELECT * FROM EMP WHERE EMPNO=7369, nPage : 1, nLimit : 0

# Called from : 
VSQLITE:MOUNTQUERY(730)  
VSQLITE:EXECUTEQUERY(263)  
VSQLITE:EXECUTEQUERYTODBF(1250)  
FQUERYTODBF(113)  
VLJ_DLOOKUPTODEFCONTROL(335)  
TUILOOKUP(55)  
VGETCMD:EXECLOOKUP(614)  
(b)VGETCMD_SHOW(527)  
HBGETLIST:GETPOSTVALIDATE(625)  
HBGETLIST:READER(305)  
HBGETLIST:READMODAL(208)  
READMODAL(0)  
VGETCMD:SHOW(543)  
HBM_BOOTSTRAP(30)  
VEXECUTE:EXECFROMBUFF(516)  
VEXECUTE:EXECFROMPRG(209)  
HBMLOAD(28)  
HBMBOOTSTRAP(12)  
HBMSTART(6)  
MAIN(26)  
###################

20210726 - 15:30:22 >>  [INFO] Mounted query : SELECT * FROM EMP WHERE EMPNO=7369 / Original : SELECT * FROM EMP WHERE EMPNO=7369, nPage : 1, nLimit : 0

# Called from : 
FQUERYTODBF(116)  
VLJ_DLOOKUPTODEFCONTROL(335)  
TUILOOKUP(55)  
VGETCMD:EXECLOOKUP(614)  
(b)VGETCMD_SHOW(527)  
HBGETLIST:GETPOSTVALIDATE(625)  
HBGETLIST:READER(305)  
HBGETLIST:READMODAL(208)  
READMODAL(0)  
VGETCMD:SHOW(543)  
HBM_BOOTSTRAP(30)  
VEXECUTE:EXECFROMBUFF(516)  
VEXECUTE:EXECFROMPRG(209)  
HBMLOAD(28)  
HBMBOOTSTRAP(12)  
HBMSTART(6)  
MAIN(26)  
###################

20210726 - 15:30:37 >>  [INFO] After execute with return : 13

# Called from : 
VEXECUTE:EXECFROMBUFF(517)  
VEXECUTE:EXECFROMPRG(209)  
HBMLOAD(28)  
HBMBOOTSTRAP(12)  
HBMSTART(6)  
MAIN(26)  
###################

20210726 - 15:30:37 >>  [INFO] After send buffer to execute

# Called from : 
VEXECUTE:EXECFROMPRG(210)  
HBMLOAD(28)  
HBMBOOTSTRAP(12)  
HBMSTART(6)  
MAIN(26)  
###################

20210726 - 19:14:28 >>  [INFO] After execute with return : 27

# Called from : 
VEXECUTE:EXECFROMBUFF(517)  
VEXECUTE:EXECFROMPRG(209)  
HBMLOAD(28)  
HBMBOOTSTRAP(12)  
HBMSTART(6)  
MAIN(26)  
###################

20210726 - 19:14:28 >>  [INFO] After send buffer to execute

# Called from : 
VEXECUTE:EXECFROMPRG(210)  
HBMLOAD(28)  
HBMBOOTSTRAP(12)  
HBMSTART(6)  
MAIN(26)  
###################

20210726 - 19:14:36 >>  [INFO] After execute with return : 27

# Called from : 
VEXECUTE:EXECFROMBUFF(517)  
VEXECUTE:EXECFROMPRG(209)  
HBMLOAD(28)  
HBMBOOTSTRAP(12)  
HBMSTART(6)  
MAIN(26)  
###################

20210726 - 19:14:36 >>  [INFO] After send buffer to execute

# Called from : 
VEXECUTE:EXECFROMPRG(210)  
HBMLOAD(28)  
HBMBOOTSTRAP(12)  
HBMSTART(6)  
MAIN(26)  
###################

20210726 - 19:15:04 >>  [INFO] After execute with return : 13

# Called from : 
VEXECUTE:EXECFROMBUFF(517)  
VEXECUTE:EXECFROMPRG(209)  
HBMLOAD(28)  
HBMBOOTSTRAP(12)  
HBMSTART(6)  
MAIN(26)  
###################

20210726 - 19:15:04 >>  [INFO] After send buffer to execute

# Called from : 
VEXECUTE:EXECFROMPRG(210)  
HBMLOAD(28)  
HBMBOOTSTRAP(12)  
HBMSTART(6)  
MAIN(26)  
###################

20210726 - 19:15:47 >>  [INFO] After execute with return : 27

# Called from : 
VEXECUTE:EXECFROMBUFF(517)  
VEXECUTE:EXECFROMPRG(209)  
HBMLOAD(28)  
HBMBOOTSTRAP(12)  
HBMSTART(6)  
MAIN(26)  
###################

20210726 - 19:15:47 >>  [INFO] After send buffer to execute

# Called from : 
VEXECUTE:EXECFROMPRG(210)  
HBMLOAD(28)  
HBMBOOTSTRAP(12)  
HBMSTART(6)  
MAIN(26)  
###################

20210726 - 19:19:02 >>  [INFO] Data base open successfully

# Called from : 
VSQLITE:OPEN(134)  
FQUERYTODBF(94)  
BOXSEARCH(180)  
TUIBROWSERSEARCH(68)  
TUISEARCH(26)  
__ACTIVEF3INGET(39)  
(b)VGETCMD_SHOW(542)  
HBGETLIST:GETDOSETKEY(661)  
HBGETLIST:GETAPPLYKEY(344)  
HBGETLIST:READER(285)  
HBGETLIST:READMODAL(208)  
READMODAL(0)  
VGETCMD:SHOW(543)  
HBM_BOOTSTRAP(30)  
VEXECUTE:EXECFROMBUFF(516)  
VEXECUTE:EXECFROMPRG(209)  
HBMLOAD(28)  
HBMBOOTSTRAP(12)  
HBMSTART(6)  
MAIN(26)  
###################

20210726 - 19:19:02 >>  [INFO] Data base open successfully

# Called from : 
FQUERYTODBF(98)  
BOXSEARCH(180)  
TUIBROWSERSEARCH(68)  
TUISEARCH(26)  
__ACTIVEF3INGET(39)  
(b)VGETCMD_SHOW(542)  
HBGETLIST:GETDOSETKEY(661)  
HBGETLIST:GETAPPLYKEY(344)  
HBGETLIST:READER(285)  
HBGETLIST:READMODAL(208)  
READMODAL(0)  
VGETCMD:SHOW(543)  
HBM_BOOTSTRAP(30)  
VEXECUTE:EXECFROMBUFF(516)  
VEXECUTE:EXECFROMPRG(209)  
HBMLOAD(28)  
HBMBOOTSTRAP(12)  
HBMSTART(6)  
MAIN(26)  
###################

20210726 - 19:19:02 >>  [INFO] Mounted query : SELECT * FROM EMP / Original : SELECT * FROM EMP, nPage : 1, nLimit : 0

# Called from : 
VSQLITE:MOUNTQUERY(730)  
VSQLITE:EXECUTEQUERY(263)  
VSQLITE:EXECUTEQUERYTODBF(1250)  
FQUERYTODBF(113)  
BOXSEARCH(180)  
TUIBROWSERSEARCH(68)  
TUISEARCH(26)  
__ACTIVEF3INGET(39)  
(b)VGETCMD_SHOW(542)  
HBGETLIST:GETDOSETKEY(661)  
HBGETLIST:GETAPPLYKEY(344)  
HBGETLIST:READER(285)  
HBGETLIST:READMODAL(208)  
READMODAL(0)  
VGETCMD:SHOW(543)  
HBM_BOOTSTRAP(30)  
VEXECUTE:EXECFROMBUFF(516)  
VEXECUTE:EXECFROMPRG(209)  
HBMLOAD(28)  
HBMBOOTSTRAP(12)  
HBMSTART(6)  
MAIN(26)  
###################

20210726 - 19:19:02 >>  [INFO] Mounted query : SELECT * FROM EMP / Original : SELECT * FROM EMP, nPage : 1, nLimit : 0

# Called from : 
FQUERYTODBF(116)  
BOXSEARCH(180)  
TUIBROWSERSEARCH(68)  
TUISEARCH(26)  
__ACTIVEF3INGET(39)  
(b)VGETCMD_SHOW(542)  
HBGETLIST:GETDOSETKEY(661)  
HBGETLIST:GETAPPLYKEY(344)  
HBGETLIST:READER(285)  
HBGETLIST:READMODAL(208)  
READMODAL(0)  
VGETCMD:SHOW(543)  
HBM_BOOTSTRAP(30)  
VEXECUTE:EXECFROMBUFF(516)  
VEXECUTE:EXECFROMPRG(209)  
HBMLOAD(28)  
HBMBOOTSTRAP(12)  
HBMSTART(6)  
MAIN(26)  
###################

20210726 - 19:19:03 >>  [INFO] Data base open successfully

# Called from : 
VSQLITE:OPEN(134)  
FQUERYTODBF(94)  
VLJ_DLOOKUPTODEFCONTROL(335)  
TUILOOKUP(55)  
VGETCMD:EXECLOOKUP(614)  
(b)VGETCMD_SHOW(527)  
HBGETLIST:GETPOSTVALIDATE(625)  
HBGETLIST:READER(305)  
HBGETLIST:READMODAL(208)  
READMODAL(0)  
VGETCMD:SHOW(543)  
HBM_BOOTSTRAP(30)  
VEXECUTE:EXECFROMBUFF(516)  
VEXECUTE:EXECFROMPRG(209)  
HBMLOAD(28)  
HBMBOOTSTRAP(12)  
HBMSTART(6)  
MAIN(26)  
###################

20210726 - 19:19:03 >>  [INFO] Data base open successfully

# Called from : 
FQUERYTODBF(98)  
VLJ_DLOOKUPTODEFCONTROL(335)  
TUILOOKUP(55)  
VGETCMD:EXECLOOKUP(614)  
(b)VGETCMD_SHOW(527)  
HBGETLIST:GETPOSTVALIDATE(625)  
HBGETLIST:READER(305)  
HBGETLIST:READMODAL(208)  
READMODAL(0)  
VGETCMD:SHOW(543)  
HBM_BOOTSTRAP(30)  
VEXECUTE:EXECFROMBUFF(516)  
VEXECUTE:EXECFROMPRG(209)  
HBMLOAD(28)  
HBMBOOTSTRAP(12)  
HBMSTART(6)  
MAIN(26)  
###################

20210726 - 19:19:03 >>  [INFO] Mounted query : SELECT * FROM EMP WHERE EMPNO=7369 / Original : SELECT * FROM EMP WHERE EMPNO=7369, nPage : 1, nLimit : 0

# Called from : 
VSQLITE:MOUNTQUERY(730)  
VSQLITE:EXECUTEQUERY(263)  
VSQLITE:EXECUTEQUERYTODBF(1250)  
FQUERYTODBF(113)  
VLJ_DLOOKUPTODEFCONTROL(335)  
TUILOOKUP(55)  
VGETCMD:EXECLOOKUP(614)  
(b)VGETCMD_SHOW(527)  
HBGETLIST:GETPOSTVALIDATE(625)  
HBGETLIST:READER(305)  
HBGETLIST:READMODAL(208)  
READMODAL(0)  
VGETCMD:SHOW(543)  
HBM_BOOTSTRAP(30)  
VEXECUTE:EXECFROMBUFF(516)  
VEXECUTE:EXECFROMPRG(209)  
HBMLOAD(28)  
HBMBOOTSTRAP(12)  
HBMSTART(6)  
MAIN(26)  
###################

20210726 - 19:19:03 >>  [INFO] Mounted query : SELECT * FROM EMP WHERE EMPNO=7369 / Original : SELECT * FROM EMP WHERE EMPNO=7369, nPage : 1, nLimit : 0

# Called from : 
FQUERYTODBF(116)  
VLJ_DLOOKUPTODEFCONTROL(335)  
TUILOOKUP(55)  
VGETCMD:EXECLOOKUP(614)  
(b)VGETCMD_SHOW(527)  
HBGETLIST:GETPOSTVALIDATE(625)  
HBGETLIST:READER(305)  
HBGETLIST:READMODAL(208)  
READMODAL(0)  
VGETCMD:SHOW(543)  
HBM_BOOTSTRAP(30)  
VEXECUTE:EXECFROMBUFF(516)  
VEXECUTE:EXECFROMPRG(209)  
HBMLOAD(28)  
HBMBOOTSTRAP(12)  
HBMSTART(6)  
MAIN(26)  
###################

20210726 - 19:19:07 >>  [INFO] After execute with return : 13

# Called from : 
VEXECUTE:EXECFROMBUFF(517)  
VEXECUTE:EXECFROMPRG(209)  
HBMLOAD(28)  
HBMBOOTSTRAP(12)  
HBMSTART(6)  
MAIN(26)  
###################

20210726 - 19:19:07 >>  [INFO] After send buffer to execute

# Called from : 
VEXECUTE:EXECFROMPRG(210)  
HBMLOAD(28)  
HBMBOOTSTRAP(12)  
HBMSTART(6)  
MAIN(26)  
###################

20210726 - 19:19:13 >>  [INFO] After execute with return : 27

# Called from : 
VEXECUTE:EXECFROMBUFF(517)  
VEXECUTE:EXECFROMPRG(209)  
HBMLOAD(28)  
HBMBOOTSTRAP(12)  
HBMSTART(6)  
MAIN(26)  
###################

20210726 - 19:19:13 >>  [INFO] After send buffer to execute

# Called from : 
VEXECUTE:EXECFROMPRG(210)  
HBMLOAD(28)  
HBMBOOTSTRAP(12)  
HBMSTART(6)  
MAIN(26)  
###################

