***************************** BEGIN LOG HEADER ************************************
File created at : 20210802 21:05:26
***************************** END LOG HEADER **************************************

20210802 - 21:05:26 >>  [INFO] After execute with return : 13

# Called from : 
VEXECUTE:EXECFROMBUFF(527)  
VEXECUTE:EXECFROMPRG(209)  
HBMLOAD(28)  
HBMBOOTSTRAP(12)  
HBMSTART(6)  
MAIN(29)  
###################

20210802 - 21:05:26 >>  [INFO] After send buffer to execute

# Called from : 
VEXECUTE:EXECFROMPRG(210)  
HBMLOAD(28)  
HBMBOOTSTRAP(12)  
HBMSTART(6)  
MAIN(29)  
###################

20210802 - 21:05:44 >>  [INFO] After execute with return : 13

# Called from : 
VEXECUTE:EXECFROMBUFF(527)  
VEXECUTE:EXECFROMPRG(209)  
HBMLOAD(28)  
HBMBOOTSTRAP(12)  
HBMSTART(6)  
MAIN(29)  
###################

20210802 - 21:05:44 >>  [INFO] After send buffer to execute

# Called from : 
VEXECUTE:EXECFROMPRG(210)  
HBMLOAD(28)  
HBMBOOTSTRAP(12)  
HBMSTART(6)  
MAIN(29)  
###################

20210802 - 21:05:50 >>  [INFO] After execute with return : NIL

# Called from : 
VEXECUTE:EXECFROMBUFF(527)  
VEXECUTE:EXECFROMPRG(209)  
HBMLOAD(28)  
HBMBOOTSTRAP(12)  
HBMSTART(6)  
MAIN(29)  
###################

20210802 - 21:05:50 >>  [INFO] After send buffer to execute

# Called from : 
VEXECUTE:EXECFROMPRG(210)  
HBMLOAD(28)  
HBMBOOTSTRAP(12)  
HBMSTART(6)  
MAIN(29)  
###################

20210802 - 21:06:32 >>  [INFO] After execute with return : 13

# Called from : 
VEXECUTE:EXECFROMBUFF(527)  
VEXECUTE:EXECFROMPRG(209)  
HBMLOAD(28)  
HBMBOOTSTRAP(12)  
HBMSTART(6)  
MAIN(29)  
###################

20210802 - 21:06:32 >>  [INFO] After send buffer to execute

# Called from : 
VEXECUTE:EXECFROMPRG(210)  
HBMLOAD(28)  
HBMBOOTSTRAP(12)  
HBMSTART(6)  
MAIN(29)  
###################

20210802 - 21:06:57 >>  [ERROR] (CODE:20200625105833) Execution error: "hbm_bootstrap"
 Description :  "Erro nos parƒmetros"
 Operation   :  "+"
INSIDE ROUTINE : hbm_bootstrap(  )
 ARGS : {"ERROR : ", NIL}
 GENCODE : 1
 FILENAME : ""
 OPERATION : "+"
                               ((((c,               ,7))))
                               (((((((              ))))))))
                              (((((((            ))))))))
                               ((((((@@@@@@@@@@@))))))))
                               @@@@@@@@@@@@@@@@)))))))
                              @@@@@@@@@@@@@@@@@@))))))@@@@
                             @@/,:::,\/,:::,\@@@@@@@@@@@@@@
                             @@|:::::||:::::|@@@@@@@@@@@@@@@
                             @@\':::'/\':::'/@@@@@@@@@@@@@@
                              @@@@@@@@@@@@@@@@@@@@@@@@@@@
                               @@@@@@@@@@@@@@@@@@@@@@\
                                  /    \        (     \
                                 (      )        \     \
                                  \    /          \
Runtime error                  bug


# Called from : 
VEXECUTE:EXECFROMBUFF(560)  
VEXECUTE:EXECFROMPRG(209)  
HBMLOAD(28)  
HBMBOOTSTRAP(12)  
HBMSTART(6)  
MAIN(29)  
###################

20210802 - 21:06:57 >>  [INFO] After send buffer to execute

# Called from : 
VEXECUTE:EXECFROMPRG(210)  
HBMLOAD(28)  
HBMBOOTSTRAP(12)  
HBMSTART(6)  
MAIN(29)  
###################

