***************************** BEGIN LOG HEADER ************************************
File created at : 20210630 01:02:33
***************************** END LOG HEADER **************************************

20210630 - 01:02:33 >>  [WARNING] Undefined operation in form TUI. ::cOper = 

# Called from : 
VGETCMD:SHOW(379)  
HBM_BOOTSTRAP(26)  
VEXECUTE:EXECFROMBUFF(449)  
VEXECUTE:EXECFROMPRG(208)  
HBMLOAD(24)  
HBMBOOTSTRAP(10)  
HBMSTART(4)  
MAIN(23)  
###################

20210630 - 01:02:33 >>  [WARNING] Undefined operation in form TUI. ::cOper = 

# Called from : 
VGETCMD:SHOW(379)  
HBM_BOOTSTRAP(26)  
VEXECUTE:EXECFROMBUFF(449)  
VEXECUTE:EXECFROMPRG(208)  
HBMLOAD(24)  
HBMBOOTSTRAP(10)  
HBMSTART(4)  
MAIN(23)  
###################

20210630 - 01:02:33 >>  [WARNING] Undefined operation in form TUI. ::cOper = 

# Called from : 
VGETCMD:SHOW(379)  
HBM_BOOTSTRAP(26)  
VEXECUTE:EXECFROMBUFF(449)  
VEXECUTE:EXECFROMPRG(208)  
HBMLOAD(24)  
HBMBOOTSTRAP(10)  
HBMSTART(4)  
MAIN(23)  
###################

20210630 - 01:02:33 >>  [WARNING] Undefined operation in form TUI. ::cOper = 

# Called from : 
VGETCMD:SHOW(379)  
HBM_BOOTSTRAP(26)  
VEXECUTE:EXECFROMBUFF(449)  
VEXECUTE:EXECFROMPRG(208)  
HBMLOAD(24)  
HBMBOOTSTRAP(10)  
HBMSTART(4)  
MAIN(23)  
###################

20210630 - 01:02:51 >>  [INFO] After execute with return : 27

# Called from : 
VEXECUTE:EXECFROMBUFF(450)  
VEXECUTE:EXECFROMPRG(208)  
HBMLOAD(24)  
HBMBOOTSTRAP(10)  
HBMSTART(4)  
MAIN(23)  
###################

20210630 - 01:02:51 >>  [INFO] After send buffer to execute

# Called from : 
VEXECUTE:EXECFROMPRG(209)  
HBMLOAD(24)  
HBMBOOTSTRAP(10)  
HBMSTART(4)  
MAIN(23)  
###################

20210630 - 01:09:17 >>  [INFO] After execute with return : 0

# Called from : 
VEXECUTE:EXECFROMBUFF(450)  
VEXECUTE:EXECFROMPRG(208)  
HBMLOAD(24)  
HBMBOOTSTRAP(10)  
HBMSTART(4)  
MAIN(23)  
###################

20210630 - 01:09:17 >>  [INFO] After send buffer to execute

# Called from : 
VEXECUTE:EXECFROMPRG(209)  
HBMLOAD(24)  
HBMBOOTSTRAP(10)  
HBMSTART(4)  
MAIN(23)  
###################

20210630 - 01:10:52 >>  [INFO] After execute with return : 1

# Called from : 
VEXECUTE:EXECFROMBUFF(450)  
VEXECUTE:EXECFROMPRG(208)  
HBMLOAD(24)  
HBMBOOTSTRAP(10)  
HBMSTART(4)  
MAIN(23)  
###################

20210630 - 01:10:52 >>  [INFO] After send buffer to execute

# Called from : 
VEXECUTE:EXECFROMPRG(209)  
HBMLOAD(24)  
HBMBOOTSTRAP(10)  
HBMSTART(4)  
MAIN(23)  
###################

