***************************** BEGIN LOG HEADER ************************************
File created at : 20210730 03:48:37
***************************** END LOG HEADER **************************************

20210730 - 03:48:37 >>  [INFO] After execute with return : 1

# Called from : 
VEXECUTE:EXECFROMBUFF(520)  
VEXECUTE:EXECFROMPRG(209)  
HBMLOAD(28)  
HBMBOOTSTRAP(12)  
HBMSTART(6)  
MAIN(29)  
###################

20210730 - 03:48:37 >>  [INFO] After send buffer to execute

# Called from : 
VEXECUTE:EXECFROMPRG(210)  
HBMLOAD(28)  
HBMBOOTSTRAP(12)  
HBMSTART(6)  
MAIN(29)  
###################

