***************************** BEGIN LOG HEADER ************************************
File created at : 20210710 15:00:50
***************************** END LOG HEADER **************************************

20210710 - 15:00:50 >>  [INFO] After execute with return : 1

# Called from : 
VEXECUTE:EXECFROMBUFF(451)  
VEXECUTE:EXECFROMPRG(208)  
HBMLOAD(24)  
HBMBOOTSTRAP(10)  
HBMSTART(4)  
MAIN(23)  
###################

20210710 - 15:00:50 >>  [INFO] After send buffer to execute

# Called from : 
VEXECUTE:EXECFROMPRG(209)  
HBMLOAD(24)  
HBMBOOTSTRAP(10)  
HBMSTART(4)  
MAIN(23)  
###################

