***************************** BEGIN LOG HEADER ************************************
File created at : 20210628 11:39:26
***************************** END LOG HEADER **************************************

20210628 - 11:39:26 >>  [INFO] Data base open successfully

# Called from : 
VSQLITE:OPEN(134)  
FQUERYTODBF(94)  
VBROWSECMD:OPEN(204)  
HBM_BOOTSTRAP(21)  
VEXECUTE:EXECFROMBUFF(449)  
VEXECUTE:EXECFROMHRB(136)  
HBMLOAD(22)  
HBMBOOTSTRAP(10)  
HBMSTART(4)  
MAIN(19)  
###################

20210628 - 11:39:26 >>  [INFO] Data base open successfully

# Called from : 
FQUERYTODBF(98)  
VBROWSECMD:OPEN(204)  
HBM_BOOTSTRAP(21)  
VEXECUTE:EXECFROMBUFF(449)  
VEXECUTE:EXECFROMHRB(136)  
HBMLOAD(22)  
HBMBOOTSTRAP(10)  
HBMSTART(4)  
MAIN(19)  
###################

20210628 - 11:39:26 >>  [INFO] Mounted query : SELECT * FROM EMP WHERE 1=1  / Original : SELECT * FROM EMP WHERE 1=1 , nPage : 1, nLimit : 0

# Called from : 
VSQLITE:MOUNTQUERY(730)  
VSQLITE:EXECUTEQUERY(263)  
VSQLITE:EXECUTEQUERYTODBF(1250)  
FQUERYTODBF(113)  
VBROWSECMD:OPEN(204)  
HBM_BOOTSTRAP(21)  
VEXECUTE:EXECFROMBUFF(449)  
VEXECUTE:EXECFROMHRB(136)  
HBMLOAD(22)  
HBMBOOTSTRAP(10)  
HBMSTART(4)  
MAIN(19)  
###################

20210628 - 11:39:26 >>  [INFO] Mounted query : SELECT * FROM EMP WHERE 1=1  / Original : SELECT * FROM EMP WHERE 1=1 , nPage : 1, nLimit : 0

# Called from : 
FQUERYTODBF(116)  
VBROWSECMD:OPEN(204)  
HBM_BOOTSTRAP(21)  
VEXECUTE:EXECFROMBUFF(449)  
VEXECUTE:EXECFROMHRB(136)  
HBMLOAD(22)  
HBMBOOTSTRAP(10)  
HBMSTART(4)  
MAIN(19)  
###################

20210628 - 11:39:57 >>  [INFO] After execute with return : NIL

# Called from : 
VEXECUTE:EXECFROMBUFF(450)  
VEXECUTE:EXECFROMHRB(136)  
HBMLOAD(22)  
HBMBOOTSTRAP(10)  
HBMSTART(4)  
MAIN(19)  
###################

20210628 - 11:40:00 >>  [INFO] Data base open successfully

# Called from : 
VSQLITE:OPEN(134)  
FQUERYTODBF(94)  
VBROWSECMD:OPEN(204)  
HBM_BOOTSTRAP(21)  
VEXECUTE:EXECFROMBUFF(449)  
VEXECUTE:EXECFROMHRB(136)  
HBMLOAD(22)  
HBMBOOTSTRAP(10)  
HBMSTART(4)  
MAIN(19)  
###################

20210628 - 11:40:00 >>  [INFO] Data base open successfully

# Called from : 
FQUERYTODBF(98)  
VBROWSECMD:OPEN(204)  
HBM_BOOTSTRAP(21)  
VEXECUTE:EXECFROMBUFF(449)  
VEXECUTE:EXECFROMHRB(136)  
HBMLOAD(22)  
HBMBOOTSTRAP(10)  
HBMSTART(4)  
MAIN(19)  
###################

20210628 - 11:40:00 >>  [INFO] Mounted query : SELECT * FROM EMP WHERE 1=1  / Original : SELECT * FROM EMP WHERE 1=1 , nPage : 1, nLimit : 0

# Called from : 
VSQLITE:MOUNTQUERY(730)  
VSQLITE:EXECUTEQUERY(263)  
VSQLITE:EXECUTEQUERYTODBF(1250)  
FQUERYTODBF(113)  
VBROWSECMD:OPEN(204)  
HBM_BOOTSTRAP(21)  
VEXECUTE:EXECFROMBUFF(449)  
VEXECUTE:EXECFROMHRB(136)  
HBMLOAD(22)  
HBMBOOTSTRAP(10)  
HBMSTART(4)  
MAIN(19)  
###################

20210628 - 11:40:00 >>  [INFO] Mounted query : SELECT * FROM EMP WHERE 1=1  / Original : SELECT * FROM EMP WHERE 1=1 , nPage : 1, nLimit : 0

# Called from : 
FQUERYTODBF(116)  
VBROWSECMD:OPEN(204)  
HBM_BOOTSTRAP(21)  
VEXECUTE:EXECFROMBUFF(449)  
VEXECUTE:EXECFROMHRB(136)  
HBMLOAD(22)  
HBMBOOTSTRAP(10)  
HBMSTART(4)  
MAIN(19)  
###################

20210628 - 11:40:04 >>  [INFO] After execute with return : NIL

# Called from : 
VEXECUTE:EXECFROMBUFF(450)  
VEXECUTE:EXECFROMHRB(136)  
HBMLOAD(22)  
HBMBOOTSTRAP(10)  
HBMSTART(4)  
MAIN(19)  
###################

20210628 - 11:54:30 >>  [INFO] Data base open successfully

# Called from : 
VSQLITE:OPEN(134)  
FQUERYTODBF(94)  
VBROWSECMD:OPEN(204)  
HBM_BOOTSTRAP(21)  
VEXECUTE:EXECFROMBUFF(449)  
VEXECUTE:EXECFROMHRB(136)  
HBMLOAD(22)  
HBMBOOTSTRAP(10)  
HBMSTART(4)  
MAIN(19)  
###################

20210628 - 11:54:30 >>  [INFO] Data base open successfully

# Called from : 
FQUERYTODBF(98)  
VBROWSECMD:OPEN(204)  
HBM_BOOTSTRAP(21)  
VEXECUTE:EXECFROMBUFF(449)  
VEXECUTE:EXECFROMHRB(136)  
HBMLOAD(22)  
HBMBOOTSTRAP(10)  
HBMSTART(4)  
MAIN(19)  
###################

20210628 - 11:54:30 >>  [INFO] Mounted query : SELECT * FROM EMP WHERE 1=1  / Original : SELECT * FROM EMP WHERE 1=1 , nPage : 1, nLimit : 0

# Called from : 
VSQLITE:MOUNTQUERY(730)  
VSQLITE:EXECUTEQUERY(263)  
VSQLITE:EXECUTEQUERYTODBF(1250)  
FQUERYTODBF(113)  
VBROWSECMD:OPEN(204)  
HBM_BOOTSTRAP(21)  
VEXECUTE:EXECFROMBUFF(449)  
VEXECUTE:EXECFROMHRB(136)  
HBMLOAD(22)  
HBMBOOTSTRAP(10)  
HBMSTART(4)  
MAIN(19)  
###################

20210628 - 11:54:30 >>  [INFO] Mounted query : SELECT * FROM EMP WHERE 1=1  / Original : SELECT * FROM EMP WHERE 1=1 , nPage : 1, nLimit : 0

# Called from : 
FQUERYTODBF(116)  
VBROWSECMD:OPEN(204)  
HBM_BOOTSTRAP(21)  
VEXECUTE:EXECFROMBUFF(449)  
VEXECUTE:EXECFROMHRB(136)  
HBMLOAD(22)  
HBMBOOTSTRAP(10)  
HBMSTART(4)  
MAIN(19)  
###################

20210628 - 11:57:34 >>  [INFO] After execute with return : NIL

# Called from : 
VEXECUTE:EXECFROMBUFF(450)  
VEXECUTE:EXECFROMHRB(136)  
HBMLOAD(22)  
HBMBOOTSTRAP(10)  
HBMSTART(4)  
MAIN(19)  
###################

20210628 - 14:05:09 >>  [ERROR] (CODE:20200625113952) Compilation errors when compilation code/bootstrap.prg : Compilation error : Can't open #include file 'vbase.ch'

# Called from : 
VCOMPILE:COMPILE(185)  
VCOMPILE:COMPILEANDSAVEBINARY(242)  
HBMCOMPILE(16)  
MAIN(30)  
###################

20210628 - 14:05:43 >>  [INFO] Data base open successfully

# Called from : 
VSQLITE:OPEN(134)  
FQUERYTODBF(94)  
VBROWSECMD:OPEN(204)  
HBM_BOOTSTRAP(21)  
VEXECUTE:EXECFROMBUFF(449)  
VEXECUTE:EXECFROMPRG(208)  
HBMLOAD(24)  
HBMBOOTSTRAP(10)  
HBMSTART(4)  
MAIN(23)  
###################

20210628 - 14:05:43 >>  [INFO] Data base open successfully

# Called from : 
FQUERYTODBF(98)  
VBROWSECMD:OPEN(204)  
HBM_BOOTSTRAP(21)  
VEXECUTE:EXECFROMBUFF(449)  
VEXECUTE:EXECFROMPRG(208)  
HBMLOAD(24)  
HBMBOOTSTRAP(10)  
HBMSTART(4)  
MAIN(23)  
###################

20210628 - 14:05:43 >>  [INFO] Mounted query : SELECT * FROM EMP WHERE 1=1  / Original : SELECT * FROM EMP WHERE 1=1 , nPage : 1, nLimit : 0

# Called from : 
VSQLITE:MOUNTQUERY(730)  
VSQLITE:EXECUTEQUERY(263)  
VSQLITE:EXECUTEQUERYTODBF(1250)  
FQUERYTODBF(113)  
VBROWSECMD:OPEN(204)  
HBM_BOOTSTRAP(21)  
VEXECUTE:EXECFROMBUFF(449)  
VEXECUTE:EXECFROMPRG(208)  
HBMLOAD(24)  
HBMBOOTSTRAP(10)  
HBMSTART(4)  
MAIN(23)  
###################

20210628 - 14:05:43 >>  [INFO] Mounted query : SELECT * FROM EMP WHERE 1=1  / Original : SELECT * FROM EMP WHERE 1=1 , nPage : 1, nLimit : 0

# Called from : 
FQUERYTODBF(116)  
VBROWSECMD:OPEN(204)  
HBM_BOOTSTRAP(21)  
VEXECUTE:EXECFROMBUFF(449)  
VEXECUTE:EXECFROMPRG(208)  
HBMLOAD(24)  
HBMBOOTSTRAP(10)  
HBMSTART(4)  
MAIN(23)  
###################

20210628 - 14:05:56 >>  [INFO] After execute with return : NIL

# Called from : 
VEXECUTE:EXECFROMBUFF(450)  
VEXECUTE:EXECFROMPRG(208)  
HBMLOAD(24)  
HBMBOOTSTRAP(10)  
HBMSTART(4)  
MAIN(23)  
###################

20210628 - 14:05:56 >>  [INFO] After send buffer to execute

# Called from : 
VEXECUTE:EXECFROMPRG(209)  
HBMLOAD(24)  
HBMBOOTSTRAP(10)  
HBMSTART(4)  
MAIN(23)  
###################

