***************************** BEGIN LOG HEADER ************************************
File created at : 20210726 14:48:30
***************************** END LOG HEADER **************************************

20210726 - 14:48:30 >>  [INFO] Data base open successfully

# Called from : 
VSQLITE:OPEN(134)  
FQUERYTODBF(94)  
VBROWSECMD:OPEN(216)  
VBROWSECMD:SHOW(431)  
HBM_BOOTSTRAP(21)  
VEXECUTE:EXECFROMBUFF(516)  
VEXECUTE:EXECFROMPRG(209)  
HBMLOAD(28)  
HBMBOOTSTRAP(12)  
HBMSTART(6)  
MAIN(26)  
###################

20210726 - 14:48:30 >>  [INFO] Data base open successfully

# Called from : 
FQUERYTODBF(98)  
VBROWSECMD:OPEN(216)  
VBROWSECMD:SHOW(431)  
HBM_BOOTSTRAP(21)  
VEXECUTE:EXECFROMBUFF(516)  
VEXECUTE:EXECFROMPRG(209)  
HBMLOAD(28)  
HBMBOOTSTRAP(12)  
HBMSTART(6)  
MAIN(26)  
###################

20210726 - 14:48:30 >>  [INFO] Mounted query : SELECT * FROM EMP WHERE 1=1  LIMIT 26 OFFSET 0 / Original : SELECT * FROM EMP WHERE 1=1 , nPage : 1, nLimit : 26

# Called from : 
VSQLITE:MOUNTQUERY(730)  
VSQLITE:EXECUTEQUERY(263)  
VSQLITE:EXECUTEQUERYTODBF(1250)  
FQUERYTODBF(113)  
VBROWSECMD:OPEN(216)  
VBROWSECMD:SHOW(431)  
HBM_BOOTSTRAP(21)  
VEXECUTE:EXECFROMBUFF(516)  
VEXECUTE:EXECFROMPRG(209)  
HBMLOAD(28)  
HBMBOOTSTRAP(12)  
HBMSTART(6)  
MAIN(26)  
###################

20210726 - 14:48:30 >>  [INFO] Mounted query : SELECT * FROM EMP WHERE 1=1  LIMIT 26 OFFSET 0 / Original : SELECT * FROM EMP WHERE 1=1 , nPage : 1, nLimit : 26

# Called from : 
FQUERYTODBF(116)  
VBROWSECMD:OPEN(216)  
VBROWSECMD:SHOW(431)  
HBM_BOOTSTRAP(21)  
VEXECUTE:EXECFROMBUFF(516)  
VEXECUTE:EXECFROMPRG(209)  
HBMLOAD(28)  
HBMBOOTSTRAP(12)  
HBMSTART(6)  
MAIN(26)  
###################

20210726 - 14:48:34 >>  [INFO] Data base open successfully

# Called from : 
VSQLITE:OPEN(134)  
FQUERYTODBF(94)  
VBROWSECMD:OPEN(216)  
VBROWSECMD:REFRESH(1098)  
VBROWSECMD:NEXTPAGE(1359)  
VBROWSECMD:SHOW(716)  
HBM_BOOTSTRAP(21)  
VEXECUTE:EXECFROMBUFF(516)  
VEXECUTE:EXECFROMPRG(209)  
HBMLOAD(28)  
HBMBOOTSTRAP(12)  
HBMSTART(6)  
MAIN(26)  
###################

20210726 - 14:48:34 >>  [INFO] Data base open successfully

# Called from : 
FQUERYTODBF(98)  
VBROWSECMD:OPEN(216)  
VBROWSECMD:REFRESH(1098)  
VBROWSECMD:NEXTPAGE(1359)  
VBROWSECMD:SHOW(716)  
HBM_BOOTSTRAP(21)  
VEXECUTE:EXECFROMBUFF(516)  
VEXECUTE:EXECFROMPRG(209)  
HBMLOAD(28)  
HBMBOOTSTRAP(12)  
HBMSTART(6)  
MAIN(26)  
###################

20210726 - 14:48:34 >>  [INFO] Mounted query : SELECT * FROM EMP WHERE 1=1  LIMIT 26 OFFSET 26 / Original : SELECT * FROM EMP WHERE 1=1 , nPage : 2, nLimit : 26

# Called from : 
VSQLITE:MOUNTQUERY(730)  
VSQLITE:EXECUTEQUERY(263)  
VSQLITE:EXECUTEQUERYTODBF(1250)  
FQUERYTODBF(113)  
VBROWSECMD:OPEN(216)  
VBROWSECMD:REFRESH(1098)  
VBROWSECMD:NEXTPAGE(1359)  
VBROWSECMD:SHOW(716)  
HBM_BOOTSTRAP(21)  
VEXECUTE:EXECFROMBUFF(516)  
VEXECUTE:EXECFROMPRG(209)  
HBMLOAD(28)  
HBMBOOTSTRAP(12)  
HBMSTART(6)  
MAIN(26)  
###################

20210726 - 14:48:34 >>  [WARNING] (CODE:20200703153458) No data

# Called from : 
VSQLITE:EXECUTEQUERYTODBF(1355)  
FQUERYTODBF(113)  
VBROWSECMD:OPEN(216)  
VBROWSECMD:REFRESH(1098)  
VBROWSECMD:NEXTPAGE(1359)  
VBROWSECMD:SHOW(716)  
HBM_BOOTSTRAP(21)  
VEXECUTE:EXECFROMBUFF(516)  
VEXECUTE:EXECFROMPRG(209)  
HBMLOAD(28)  
HBMBOOTSTRAP(12)  
HBMSTART(6)  
MAIN(26)  
###################

20210726 - 14:48:34 >>  [INFO] No data

# Called from : 
FQUERYTODBF(116)  
VBROWSECMD:OPEN(216)  
VBROWSECMD:REFRESH(1098)  
VBROWSECMD:NEXTPAGE(1359)  
VBROWSECMD:SHOW(716)  
HBM_BOOTSTRAP(21)  
VEXECUTE:EXECFROMBUFF(516)  
VEXECUTE:EXECFROMPRG(209)  
HBMLOAD(28)  
HBMBOOTSTRAP(12)  
HBMSTART(6)  
MAIN(26)  
###################

20210726 - 14:48:34 >>  [INFO] Data base open successfully

# Called from : 
VSQLITE:OPEN(134)  
FQUERYTODBF(94)  
VBROWSECMD:OPEN(216)  
VBROWSECMD:REFRESH(1098)  
VBROWSECMD:NEXTPAGE(1362)  
VBROWSECMD:SHOW(716)  
HBM_BOOTSTRAP(21)  
VEXECUTE:EXECFROMBUFF(516)  
VEXECUTE:EXECFROMPRG(209)  
HBMLOAD(28)  
HBMBOOTSTRAP(12)  
HBMSTART(6)  
MAIN(26)  
###################

20210726 - 14:48:34 >>  [INFO] Data base open successfully

# Called from : 
FQUERYTODBF(98)  
VBROWSECMD:OPEN(216)  
VBROWSECMD:REFRESH(1098)  
VBROWSECMD:NEXTPAGE(1362)  
VBROWSECMD:SHOW(716)  
HBM_BOOTSTRAP(21)  
VEXECUTE:EXECFROMBUFF(516)  
VEXECUTE:EXECFROMPRG(209)  
HBMLOAD(28)  
HBMBOOTSTRAP(12)  
HBMSTART(6)  
MAIN(26)  
###################

20210726 - 14:48:34 >>  [INFO] Mounted query : SELECT * FROM EMP WHERE 1=1  LIMIT 26 OFFSET 0 / Original : SELECT * FROM EMP WHERE 1=1 , nPage : 1, nLimit : 26

# Called from : 
VSQLITE:MOUNTQUERY(730)  
VSQLITE:EXECUTEQUERY(263)  
VSQLITE:EXECUTEQUERYTODBF(1250)  
FQUERYTODBF(113)  
VBROWSECMD:OPEN(216)  
VBROWSECMD:REFRESH(1098)  
VBROWSECMD:NEXTPAGE(1362)  
VBROWSECMD:SHOW(716)  
HBM_BOOTSTRAP(21)  
VEXECUTE:EXECFROMBUFF(516)  
VEXECUTE:EXECFROMPRG(209)  
HBMLOAD(28)  
HBMBOOTSTRAP(12)  
HBMSTART(6)  
MAIN(26)  
###################

20210726 - 14:48:34 >>  [INFO] Mounted query : SELECT * FROM EMP WHERE 1=1  LIMIT 26 OFFSET 0 / Original : SELECT * FROM EMP WHERE 1=1 , nPage : 1, nLimit : 26

# Called from : 
FQUERYTODBF(116)  
VBROWSECMD:OPEN(216)  
VBROWSECMD:REFRESH(1098)  
VBROWSECMD:NEXTPAGE(1362)  
VBROWSECMD:SHOW(716)  
HBM_BOOTSTRAP(21)  
VEXECUTE:EXECFROMBUFF(516)  
VEXECUTE:EXECFROMPRG(209)  
HBMLOAD(28)  
HBMBOOTSTRAP(12)  
HBMSTART(6)  
MAIN(26)  
###################

20210726 - 14:48:38 >>  [INFO] After execute with return : NIL

# Called from : 
VEXECUTE:EXECFROMBUFF(517)  
VEXECUTE:EXECFROMPRG(209)  
HBMLOAD(28)  
HBMBOOTSTRAP(12)  
HBMSTART(6)  
MAIN(26)  
###################

20210726 - 14:48:38 >>  [INFO] After send buffer to execute

# Called from : 
VEXECUTE:EXECFROMPRG(210)  
HBMLOAD(28)  
HBMBOOTSTRAP(12)  
HBMSTART(6)  
MAIN(26)  
###################

20210726 - 14:49:02 >>  [INFO] Data base open successfully

# Called from : 
VSQLITE:OPEN(134)  
FQUERYTODBF(94)  
VBROWSECMD:OPEN(216)  
VBROWSECMD:SHOW(431)  
HBM_BOOTSTRAP(21)  
VEXECUTE:EXECFROMBUFF(516)  
VEXECUTE:EXECFROMPRG(209)  
HBMLOAD(28)  
HBMBOOTSTRAP(12)  
HBMSTART(6)  
MAIN(26)  
###################

20210726 - 14:49:02 >>  [INFO] Data base open successfully

# Called from : 
FQUERYTODBF(98)  
VBROWSECMD:OPEN(216)  
VBROWSECMD:SHOW(431)  
HBM_BOOTSTRAP(21)  
VEXECUTE:EXECFROMBUFF(516)  
VEXECUTE:EXECFROMPRG(209)  
HBMLOAD(28)  
HBMBOOTSTRAP(12)  
HBMSTART(6)  
MAIN(26)  
###################

20210726 - 14:49:02 >>  [INFO] Mounted query : SELECT * FROM EMP WHERE 1=1  LIMIT 16 OFFSET 0 / Original : SELECT * FROM EMP WHERE 1=1 , nPage : 1, nLimit : 16

# Called from : 
VSQLITE:MOUNTQUERY(730)  
VSQLITE:EXECUTEQUERY(263)  
VSQLITE:EXECUTEQUERYTODBF(1250)  
FQUERYTODBF(113)  
VBROWSECMD:OPEN(216)  
VBROWSECMD:SHOW(431)  
HBM_BOOTSTRAP(21)  
VEXECUTE:EXECFROMBUFF(516)  
VEXECUTE:EXECFROMPRG(209)  
HBMLOAD(28)  
HBMBOOTSTRAP(12)  
HBMSTART(6)  
MAIN(26)  
###################

20210726 - 14:49:02 >>  [INFO] Mounted query : SELECT * FROM EMP WHERE 1=1  LIMIT 16 OFFSET 0 / Original : SELECT * FROM EMP WHERE 1=1 , nPage : 1, nLimit : 16

# Called from : 
FQUERYTODBF(116)  
VBROWSECMD:OPEN(216)  
VBROWSECMD:SHOW(431)  
HBM_BOOTSTRAP(21)  
VEXECUTE:EXECFROMBUFF(516)  
VEXECUTE:EXECFROMPRG(209)  
HBMLOAD(28)  
HBMBOOTSTRAP(12)  
HBMSTART(6)  
MAIN(26)  
###################

20210726 - 14:49:05 >>  [INFO] After execute with return : NIL

# Called from : 
VEXECUTE:EXECFROMBUFF(517)  
VEXECUTE:EXECFROMPRG(209)  
HBMLOAD(28)  
HBMBOOTSTRAP(12)  
HBMSTART(6)  
MAIN(26)  
###################

20210726 - 14:49:06 >>  [INFO] After send buffer to execute

# Called from : 
VEXECUTE:EXECFROMPRG(210)  
HBMLOAD(28)  
HBMBOOTSTRAP(12)  
HBMSTART(6)  
MAIN(26)  
###################

20210726 - 14:49:17 >>  [INFO] Data base open successfully

# Called from : 
VSQLITE:OPEN(134)  
FQUERYTODBF(94)  
VBROWSECMD:OPEN(216)  
VBROWSECMD:SHOW(431)  
HBM_BOOTSTRAP(21)  
VEXECUTE:EXECFROMBUFF(516)  
VEXECUTE:EXECFROMPRG(209)  
HBMLOAD(28)  
HBMBOOTSTRAP(12)  
HBMSTART(6)  
MAIN(26)  
###################

20210726 - 14:49:17 >>  [INFO] Data base open successfully

# Called from : 
FQUERYTODBF(98)  
VBROWSECMD:OPEN(216)  
VBROWSECMD:SHOW(431)  
HBM_BOOTSTRAP(21)  
VEXECUTE:EXECFROMBUFF(516)  
VEXECUTE:EXECFROMPRG(209)  
HBMLOAD(28)  
HBMBOOTSTRAP(12)  
HBMSTART(6)  
MAIN(26)  
###################

20210726 - 14:49:17 >>  [INFO] Mounted query : SELECT * FROM EMP WHERE 1=1  LIMIT 16 OFFSET 0 / Original : SELECT * FROM EMP WHERE 1=1 , nPage : 1, nLimit : 16

# Called from : 
VSQLITE:MOUNTQUERY(730)  
VSQLITE:EXECUTEQUERY(263)  
VSQLITE:EXECUTEQUERYTODBF(1250)  
FQUERYTODBF(113)  
VBROWSECMD:OPEN(216)  
VBROWSECMD:SHOW(431)  
HBM_BOOTSTRAP(21)  
VEXECUTE:EXECFROMBUFF(516)  
VEXECUTE:EXECFROMPRG(209)  
HBMLOAD(28)  
HBMBOOTSTRAP(12)  
HBMSTART(6)  
MAIN(26)  
###################

20210726 - 14:49:17 >>  [INFO] Mounted query : SELECT * FROM EMP WHERE 1=1  LIMIT 16 OFFSET 0 / Original : SELECT * FROM EMP WHERE 1=1 , nPage : 1, nLimit : 16

# Called from : 
FQUERYTODBF(116)  
VBROWSECMD:OPEN(216)  
VBROWSECMD:SHOW(431)  
HBM_BOOTSTRAP(21)  
VEXECUTE:EXECFROMBUFF(516)  
VEXECUTE:EXECFROMPRG(209)  
HBMLOAD(28)  
HBMBOOTSTRAP(12)  
HBMSTART(6)  
MAIN(26)  
###################

20210726 - 14:49:18 >>  [INFO] Data base open successfully

# Called from : 
VSQLITE:OPEN(134)  
FQUERYTODBF(94)  
VBROWSECMD:OPEN(216)  
VBROWSECMD:REFRESH(1098)  
VBROWSECMD:NEXTPAGE(1359)  
VBROWSECMD:SHOW(716)  
HBM_BOOTSTRAP(21)  
VEXECUTE:EXECFROMBUFF(516)  
VEXECUTE:EXECFROMPRG(209)  
HBMLOAD(28)  
HBMBOOTSTRAP(12)  
HBMSTART(6)  
MAIN(26)  
###################

20210726 - 14:49:18 >>  [INFO] Data base open successfully

# Called from : 
FQUERYTODBF(98)  
VBROWSECMD:OPEN(216)  
VBROWSECMD:REFRESH(1098)  
VBROWSECMD:NEXTPAGE(1359)  
VBROWSECMD:SHOW(716)  
HBM_BOOTSTRAP(21)  
VEXECUTE:EXECFROMBUFF(516)  
VEXECUTE:EXECFROMPRG(209)  
HBMLOAD(28)  
HBMBOOTSTRAP(12)  
HBMSTART(6)  
MAIN(26)  
###################

20210726 - 14:49:18 >>  [INFO] Mounted query : SELECT * FROM EMP WHERE 1=1  LIMIT 16 OFFSET 16 / Original : SELECT * FROM EMP WHERE 1=1 , nPage : 2, nLimit : 16

# Called from : 
VSQLITE:MOUNTQUERY(730)  
VSQLITE:EXECUTEQUERY(263)  
VSQLITE:EXECUTEQUERYTODBF(1250)  
FQUERYTODBF(113)  
VBROWSECMD:OPEN(216)  
VBROWSECMD:REFRESH(1098)  
VBROWSECMD:NEXTPAGE(1359)  
VBROWSECMD:SHOW(716)  
HBM_BOOTSTRAP(21)  
VEXECUTE:EXECFROMBUFF(516)  
VEXECUTE:EXECFROMPRG(209)  
HBMLOAD(28)  
HBMBOOTSTRAP(12)  
HBMSTART(6)  
MAIN(26)  
###################

20210726 - 14:49:18 >>  [WARNING] (CODE:20200703153458) No data

# Called from : 
VSQLITE:EXECUTEQUERYTODBF(1355)  
FQUERYTODBF(113)  
VBROWSECMD:OPEN(216)  
VBROWSECMD:REFRESH(1098)  
VBROWSECMD:NEXTPAGE(1359)  
VBROWSECMD:SHOW(716)  
HBM_BOOTSTRAP(21)  
VEXECUTE:EXECFROMBUFF(516)  
VEXECUTE:EXECFROMPRG(209)  
HBMLOAD(28)  
HBMBOOTSTRAP(12)  
HBMSTART(6)  
MAIN(26)  
###################

20210726 - 14:49:18 >>  [INFO] No data

# Called from : 
FQUERYTODBF(116)  
VBROWSECMD:OPEN(216)  
VBROWSECMD:REFRESH(1098)  
VBROWSECMD:NEXTPAGE(1359)  
VBROWSECMD:SHOW(716)  
HBM_BOOTSTRAP(21)  
VEXECUTE:EXECFROMBUFF(516)  
VEXECUTE:EXECFROMPRG(209)  
HBMLOAD(28)  
HBMBOOTSTRAP(12)  
HBMSTART(6)  
MAIN(26)  
###################

20210726 - 14:49:18 >>  [INFO] Data base open successfully

# Called from : 
VSQLITE:OPEN(134)  
FQUERYTODBF(94)  
VBROWSECMD:OPEN(216)  
VBROWSECMD:REFRESH(1098)  
VBROWSECMD:NEXTPAGE(1362)  
VBROWSECMD:SHOW(716)  
HBM_BOOTSTRAP(21)  
VEXECUTE:EXECFROMBUFF(516)  
VEXECUTE:EXECFROMPRG(209)  
HBMLOAD(28)  
HBMBOOTSTRAP(12)  
HBMSTART(6)  
MAIN(26)  
###################

20210726 - 14:49:18 >>  [INFO] Data base open successfully

# Called from : 
FQUERYTODBF(98)  
VBROWSECMD:OPEN(216)  
VBROWSECMD:REFRESH(1098)  
VBROWSECMD:NEXTPAGE(1362)  
VBROWSECMD:SHOW(716)  
HBM_BOOTSTRAP(21)  
VEXECUTE:EXECFROMBUFF(516)  
VEXECUTE:EXECFROMPRG(209)  
HBMLOAD(28)  
HBMBOOTSTRAP(12)  
HBMSTART(6)  
MAIN(26)  
###################

20210726 - 14:49:19 >>  [INFO] Mounted query : SELECT * FROM EMP WHERE 1=1  LIMIT 16 OFFSET 0 / Original : SELECT * FROM EMP WHERE 1=1 , nPage : 1, nLimit : 16

# Called from : 
VSQLITE:MOUNTQUERY(730)  
VSQLITE:EXECUTEQUERY(263)  
VSQLITE:EXECUTEQUERYTODBF(1250)  
FQUERYTODBF(113)  
VBROWSECMD:OPEN(216)  
VBROWSECMD:REFRESH(1098)  
VBROWSECMD:NEXTPAGE(1362)  
VBROWSECMD:SHOW(716)  
HBM_BOOTSTRAP(21)  
VEXECUTE:EXECFROMBUFF(516)  
VEXECUTE:EXECFROMPRG(209)  
HBMLOAD(28)  
HBMBOOTSTRAP(12)  
HBMSTART(6)  
MAIN(26)  
###################

20210726 - 14:49:19 >>  [INFO] Mounted query : SELECT * FROM EMP WHERE 1=1  LIMIT 16 OFFSET 0 / Original : SELECT * FROM EMP WHERE 1=1 , nPage : 1, nLimit : 16

# Called from : 
FQUERYTODBF(116)  
VBROWSECMD:OPEN(216)  
VBROWSECMD:REFRESH(1098)  
VBROWSECMD:NEXTPAGE(1362)  
VBROWSECMD:SHOW(716)  
HBM_BOOTSTRAP(21)  
VEXECUTE:EXECFROMBUFF(516)  
VEXECUTE:EXECFROMPRG(209)  
HBMLOAD(28)  
HBMBOOTSTRAP(12)  
HBMSTART(6)  
MAIN(26)  
###################

20210726 - 14:49:20 >>  [INFO] Data base open successfully

# Called from : 
VSQLITE:OPEN(134)  
FQUERYTODBF(94)  
VBROWSECMD:OPEN(216)  
VBROWSECMD:REFRESH(1098)  
VBROWSECMD:NEXTPAGE(1359)  
VBROWSECMD:SHOW(716)  
HBM_BOOTSTRAP(21)  
VEXECUTE:EXECFROMBUFF(516)  
VEXECUTE:EXECFROMPRG(209)  
HBMLOAD(28)  
HBMBOOTSTRAP(12)  
HBMSTART(6)  
MAIN(26)  
###################

20210726 - 14:49:20 >>  [INFO] Data base open successfully

# Called from : 
FQUERYTODBF(98)  
VBROWSECMD:OPEN(216)  
VBROWSECMD:REFRESH(1098)  
VBROWSECMD:NEXTPAGE(1359)  
VBROWSECMD:SHOW(716)  
HBM_BOOTSTRAP(21)  
VEXECUTE:EXECFROMBUFF(516)  
VEXECUTE:EXECFROMPRG(209)  
HBMLOAD(28)  
HBMBOOTSTRAP(12)  
HBMSTART(6)  
MAIN(26)  
###################

20210726 - 14:49:20 >>  [INFO] Mounted query : SELECT * FROM EMP WHERE 1=1  LIMIT 16 OFFSET 16 / Original : SELECT * FROM EMP WHERE 1=1 , nPage : 2, nLimit : 16

# Called from : 
VSQLITE:MOUNTQUERY(730)  
VSQLITE:EXECUTEQUERY(263)  
VSQLITE:EXECUTEQUERYTODBF(1250)  
FQUERYTODBF(113)  
VBROWSECMD:OPEN(216)  
VBROWSECMD:REFRESH(1098)  
VBROWSECMD:NEXTPAGE(1359)  
VBROWSECMD:SHOW(716)  
HBM_BOOTSTRAP(21)  
VEXECUTE:EXECFROMBUFF(516)  
VEXECUTE:EXECFROMPRG(209)  
HBMLOAD(28)  
HBMBOOTSTRAP(12)  
HBMSTART(6)  
MAIN(26)  
###################

20210726 - 14:49:20 >>  [WARNING] (CODE:20200703153458) No data

# Called from : 
VSQLITE:EXECUTEQUERYTODBF(1355)  
FQUERYTODBF(113)  
VBROWSECMD:OPEN(216)  
VBROWSECMD:REFRESH(1098)  
VBROWSECMD:NEXTPAGE(1359)  
VBROWSECMD:SHOW(716)  
HBM_BOOTSTRAP(21)  
VEXECUTE:EXECFROMBUFF(516)  
VEXECUTE:EXECFROMPRG(209)  
HBMLOAD(28)  
HBMBOOTSTRAP(12)  
HBMSTART(6)  
MAIN(26)  
###################

20210726 - 14:49:20 >>  [INFO] No data

# Called from : 
FQUERYTODBF(116)  
VBROWSECMD:OPEN(216)  
VBROWSECMD:REFRESH(1098)  
VBROWSECMD:NEXTPAGE(1359)  
VBROWSECMD:SHOW(716)  
HBM_BOOTSTRAP(21)  
VEXECUTE:EXECFROMBUFF(516)  
VEXECUTE:EXECFROMPRG(209)  
HBMLOAD(28)  
HBMBOOTSTRAP(12)  
HBMSTART(6)  
MAIN(26)  
###################

20210726 - 14:49:20 >>  [INFO] Data base open successfully

# Called from : 
VSQLITE:OPEN(134)  
FQUERYTODBF(94)  
VBROWSECMD:OPEN(216)  
VBROWSECMD:REFRESH(1098)  
VBROWSECMD:NEXTPAGE(1362)  
VBROWSECMD:SHOW(716)  
HBM_BOOTSTRAP(21)  
VEXECUTE:EXECFROMBUFF(516)  
VEXECUTE:EXECFROMPRG(209)  
HBMLOAD(28)  
HBMBOOTSTRAP(12)  
HBMSTART(6)  
MAIN(26)  
###################

20210726 - 14:49:20 >>  [INFO] Data base open successfully

# Called from : 
FQUERYTODBF(98)  
VBROWSECMD:OPEN(216)  
VBROWSECMD:REFRESH(1098)  
VBROWSECMD:NEXTPAGE(1362)  
VBROWSECMD:SHOW(716)  
HBM_BOOTSTRAP(21)  
VEXECUTE:EXECFROMBUFF(516)  
VEXECUTE:EXECFROMPRG(209)  
HBMLOAD(28)  
HBMBOOTSTRAP(12)  
HBMSTART(6)  
MAIN(26)  
###################

20210726 - 14:49:20 >>  [INFO] Mounted query : SELECT * FROM EMP WHERE 1=1  LIMIT 16 OFFSET 0 / Original : SELECT * FROM EMP WHERE 1=1 , nPage : 1, nLimit : 16

# Called from : 
VSQLITE:MOUNTQUERY(730)  
VSQLITE:EXECUTEQUERY(263)  
VSQLITE:EXECUTEQUERYTODBF(1250)  
FQUERYTODBF(113)  
VBROWSECMD:OPEN(216)  
VBROWSECMD:REFRESH(1098)  
VBROWSECMD:NEXTPAGE(1362)  
VBROWSECMD:SHOW(716)  
HBM_BOOTSTRAP(21)  
VEXECUTE:EXECFROMBUFF(516)  
VEXECUTE:EXECFROMPRG(209)  
HBMLOAD(28)  
HBMBOOTSTRAP(12)  
HBMSTART(6)  
MAIN(26)  
###################

20210726 - 14:49:20 >>  [INFO] Mounted query : SELECT * FROM EMP WHERE 1=1  LIMIT 16 OFFSET 0 / Original : SELECT * FROM EMP WHERE 1=1 , nPage : 1, nLimit : 16

# Called from : 
FQUERYTODBF(116)  
VBROWSECMD:OPEN(216)  
VBROWSECMD:REFRESH(1098)  
VBROWSECMD:NEXTPAGE(1362)  
VBROWSECMD:SHOW(716)  
HBM_BOOTSTRAP(21)  
VEXECUTE:EXECFROMBUFF(516)  
VEXECUTE:EXECFROMPRG(209)  
HBMLOAD(28)  
HBMBOOTSTRAP(12)  
HBMSTART(6)  
MAIN(26)  
###################

20210726 - 14:49:20 >>  [INFO] Data base open successfully

# Called from : 
VSQLITE:OPEN(134)  
FQUERYTODBF(94)  
VBROWSECMD:OPEN(216)  
VBROWSECMD:REFRESH(1098)  
VBROWSECMD:NEXTPAGE(1359)  
VBROWSECMD:SHOW(716)  
HBM_BOOTSTRAP(21)  
VEXECUTE:EXECFROMBUFF(516)  
VEXECUTE:EXECFROMPRG(209)  
HBMLOAD(28)  
HBMBOOTSTRAP(12)  
HBMSTART(6)  
MAIN(26)  
###################

20210726 - 14:49:20 >>  [INFO] Data base open successfully

# Called from : 
FQUERYTODBF(98)  
VBROWSECMD:OPEN(216)  
VBROWSECMD:REFRESH(1098)  
VBROWSECMD:NEXTPAGE(1359)  
VBROWSECMD:SHOW(716)  
HBM_BOOTSTRAP(21)  
VEXECUTE:EXECFROMBUFF(516)  
VEXECUTE:EXECFROMPRG(209)  
HBMLOAD(28)  
HBMBOOTSTRAP(12)  
HBMSTART(6)  
MAIN(26)  
###################

20210726 - 14:49:20 >>  [INFO] Mounted query : SELECT * FROM EMP WHERE 1=1  LIMIT 16 OFFSET 16 / Original : SELECT * FROM EMP WHERE 1=1 , nPage : 2, nLimit : 16

# Called from : 
VSQLITE:MOUNTQUERY(730)  
VSQLITE:EXECUTEQUERY(263)  
VSQLITE:EXECUTEQUERYTODBF(1250)  
FQUERYTODBF(113)  
VBROWSECMD:OPEN(216)  
VBROWSECMD:REFRESH(1098)  
VBROWSECMD:NEXTPAGE(1359)  
VBROWSECMD:SHOW(716)  
HBM_BOOTSTRAP(21)  
VEXECUTE:EXECFROMBUFF(516)  
VEXECUTE:EXECFROMPRG(209)  
HBMLOAD(28)  
HBMBOOTSTRAP(12)  
HBMSTART(6)  
MAIN(26)  
###################

20210726 - 14:49:20 >>  [WARNING] (CODE:20200703153458) No data

# Called from : 
VSQLITE:EXECUTEQUERYTODBF(1355)  
FQUERYTODBF(113)  
VBROWSECMD:OPEN(216)  
VBROWSECMD:REFRESH(1098)  
VBROWSECMD:NEXTPAGE(1359)  
VBROWSECMD:SHOW(716)  
HBM_BOOTSTRAP(21)  
VEXECUTE:EXECFROMBUFF(516)  
VEXECUTE:EXECFROMPRG(209)  
HBMLOAD(28)  
HBMBOOTSTRAP(12)  
HBMSTART(6)  
MAIN(26)  
###################

20210726 - 14:49:20 >>  [INFO] No data

# Called from : 
FQUERYTODBF(116)  
VBROWSECMD:OPEN(216)  
VBROWSECMD:REFRESH(1098)  
VBROWSECMD:NEXTPAGE(1359)  
VBROWSECMD:SHOW(716)  
HBM_BOOTSTRAP(21)  
VEXECUTE:EXECFROMBUFF(516)  
VEXECUTE:EXECFROMPRG(209)  
HBMLOAD(28)  
HBMBOOTSTRAP(12)  
HBMSTART(6)  
MAIN(26)  
###################

20210726 - 14:49:20 >>  [INFO] Data base open successfully

# Called from : 
VSQLITE:OPEN(134)  
FQUERYTODBF(94)  
VBROWSECMD:OPEN(216)  
VBROWSECMD:REFRESH(1098)  
VBROWSECMD:NEXTPAGE(1362)  
VBROWSECMD:SHOW(716)  
HBM_BOOTSTRAP(21)  
VEXECUTE:EXECFROMBUFF(516)  
VEXECUTE:EXECFROMPRG(209)  
HBMLOAD(28)  
HBMBOOTSTRAP(12)  
HBMSTART(6)  
MAIN(26)  
###################

20210726 - 14:49:20 >>  [INFO] Data base open successfully

# Called from : 
FQUERYTODBF(98)  
VBROWSECMD:OPEN(216)  
VBROWSECMD:REFRESH(1098)  
VBROWSECMD:NEXTPAGE(1362)  
VBROWSECMD:SHOW(716)  
HBM_BOOTSTRAP(21)  
VEXECUTE:EXECFROMBUFF(516)  
VEXECUTE:EXECFROMPRG(209)  
HBMLOAD(28)  
HBMBOOTSTRAP(12)  
HBMSTART(6)  
MAIN(26)  
###################

20210726 - 14:49:20 >>  [INFO] Mounted query : SELECT * FROM EMP WHERE 1=1  LIMIT 16 OFFSET 0 / Original : SELECT * FROM EMP WHERE 1=1 , nPage : 1, nLimit : 16

# Called from : 
VSQLITE:MOUNTQUERY(730)  
VSQLITE:EXECUTEQUERY(263)  
VSQLITE:EXECUTEQUERYTODBF(1250)  
FQUERYTODBF(113)  
VBROWSECMD:OPEN(216)  
VBROWSECMD:REFRESH(1098)  
VBROWSECMD:NEXTPAGE(1362)  
VBROWSECMD:SHOW(716)  
HBM_BOOTSTRAP(21)  
VEXECUTE:EXECFROMBUFF(516)  
VEXECUTE:EXECFROMPRG(209)  
HBMLOAD(28)  
HBMBOOTSTRAP(12)  
HBMSTART(6)  
MAIN(26)  
###################

20210726 - 14:49:20 >>  [INFO] Mounted query : SELECT * FROM EMP WHERE 1=1  LIMIT 16 OFFSET 0 / Original : SELECT * FROM EMP WHERE 1=1 , nPage : 1, nLimit : 16

# Called from : 
FQUERYTODBF(116)  
VBROWSECMD:OPEN(216)  
VBROWSECMD:REFRESH(1098)  
VBROWSECMD:NEXTPAGE(1362)  
VBROWSECMD:SHOW(716)  
HBM_BOOTSTRAP(21)  
VEXECUTE:EXECFROMBUFF(516)  
VEXECUTE:EXECFROMPRG(209)  
HBMLOAD(28)  
HBMBOOTSTRAP(12)  
HBMSTART(6)  
MAIN(26)  
###################

20210726 - 14:49:20 >>  [INFO] Data base open successfully

# Called from : 
VSQLITE:OPEN(134)  
FQUERYTODBF(94)  
VBROWSECMD:OPEN(216)  
VBROWSECMD:REFRESH(1098)  
VBROWSECMD:NEXTPAGE(1359)  
VBROWSECMD:SHOW(716)  
HBM_BOOTSTRAP(21)  
VEXECUTE:EXECFROMBUFF(516)  
VEXECUTE:EXECFROMPRG(209)  
HBMLOAD(28)  
HBMBOOTSTRAP(12)  
HBMSTART(6)  
MAIN(26)  
###################

20210726 - 14:49:20 >>  [INFO] Data base open successfully

# Called from : 
FQUERYTODBF(98)  
VBROWSECMD:OPEN(216)  
VBROWSECMD:REFRESH(1098)  
VBROWSECMD:NEXTPAGE(1359)  
VBROWSECMD:SHOW(716)  
HBM_BOOTSTRAP(21)  
VEXECUTE:EXECFROMBUFF(516)  
VEXECUTE:EXECFROMPRG(209)  
HBMLOAD(28)  
HBMBOOTSTRAP(12)  
HBMSTART(6)  
MAIN(26)  
###################

20210726 - 14:49:20 >>  [INFO] Mounted query : SELECT * FROM EMP WHERE 1=1  LIMIT 16 OFFSET 16 / Original : SELECT * FROM EMP WHERE 1=1 , nPage : 2, nLimit : 16

# Called from : 
VSQLITE:MOUNTQUERY(730)  
VSQLITE:EXECUTEQUERY(263)  
VSQLITE:EXECUTEQUERYTODBF(1250)  
FQUERYTODBF(113)  
VBROWSECMD:OPEN(216)  
VBROWSECMD:REFRESH(1098)  
VBROWSECMD:NEXTPAGE(1359)  
VBROWSECMD:SHOW(716)  
HBM_BOOTSTRAP(21)  
VEXECUTE:EXECFROMBUFF(516)  
VEXECUTE:EXECFROMPRG(209)  
HBMLOAD(28)  
HBMBOOTSTRAP(12)  
HBMSTART(6)  
MAIN(26)  
###################

20210726 - 14:49:20 >>  [WARNING] (CODE:20200703153458) No data

# Called from : 
VSQLITE:EXECUTEQUERYTODBF(1355)  
FQUERYTODBF(113)  
VBROWSECMD:OPEN(216)  
VBROWSECMD:REFRESH(1098)  
VBROWSECMD:NEXTPAGE(1359)  
VBROWSECMD:SHOW(716)  
HBM_BOOTSTRAP(21)  
VEXECUTE:EXECFROMBUFF(516)  
VEXECUTE:EXECFROMPRG(209)  
HBMLOAD(28)  
HBMBOOTSTRAP(12)  
HBMSTART(6)  
MAIN(26)  
###################

20210726 - 14:49:20 >>  [INFO] No data

# Called from : 
FQUERYTODBF(116)  
VBROWSECMD:OPEN(216)  
VBROWSECMD:REFRESH(1098)  
VBROWSECMD:NEXTPAGE(1359)  
VBROWSECMD:SHOW(716)  
HBM_BOOTSTRAP(21)  
VEXECUTE:EXECFROMBUFF(516)  
VEXECUTE:EXECFROMPRG(209)  
HBMLOAD(28)  
HBMBOOTSTRAP(12)  
HBMSTART(6)  
MAIN(26)  
###################

20210726 - 14:49:20 >>  [INFO] Data base open successfully

# Called from : 
VSQLITE:OPEN(134)  
FQUERYTODBF(94)  
VBROWSECMD:OPEN(216)  
VBROWSECMD:REFRESH(1098)  
VBROWSECMD:NEXTPAGE(1362)  
VBROWSECMD:SHOW(716)  
HBM_BOOTSTRAP(21)  
VEXECUTE:EXECFROMBUFF(516)  
VEXECUTE:EXECFROMPRG(209)  
HBMLOAD(28)  
HBMBOOTSTRAP(12)  
HBMSTART(6)  
MAIN(26)  
###################

20210726 - 14:49:20 >>  [INFO] Data base open successfully

# Called from : 
FQUERYTODBF(98)  
VBROWSECMD:OPEN(216)  
VBROWSECMD:REFRESH(1098)  
VBROWSECMD:NEXTPAGE(1362)  
VBROWSECMD:SHOW(716)  
HBM_BOOTSTRAP(21)  
VEXECUTE:EXECFROMBUFF(516)  
VEXECUTE:EXECFROMPRG(209)  
HBMLOAD(28)  
HBMBOOTSTRAP(12)  
HBMSTART(6)  
MAIN(26)  
###################

20210726 - 14:49:20 >>  [INFO] Mounted query : SELECT * FROM EMP WHERE 1=1  LIMIT 16 OFFSET 0 / Original : SELECT * FROM EMP WHERE 1=1 , nPage : 1, nLimit : 16

# Called from : 
VSQLITE:MOUNTQUERY(730)  
VSQLITE:EXECUTEQUERY(263)  
VSQLITE:EXECUTEQUERYTODBF(1250)  
FQUERYTODBF(113)  
VBROWSECMD:OPEN(216)  
VBROWSECMD:REFRESH(1098)  
VBROWSECMD:NEXTPAGE(1362)  
VBROWSECMD:SHOW(716)  
HBM_BOOTSTRAP(21)  
VEXECUTE:EXECFROMBUFF(516)  
VEXECUTE:EXECFROMPRG(209)  
HBMLOAD(28)  
HBMBOOTSTRAP(12)  
HBMSTART(6)  
MAIN(26)  
###################

20210726 - 14:49:20 >>  [INFO] Mounted query : SELECT * FROM EMP WHERE 1=1  LIMIT 16 OFFSET 0 / Original : SELECT * FROM EMP WHERE 1=1 , nPage : 1, nLimit : 16

# Called from : 
FQUERYTODBF(116)  
VBROWSECMD:OPEN(216)  
VBROWSECMD:REFRESH(1098)  
VBROWSECMD:NEXTPAGE(1362)  
VBROWSECMD:SHOW(716)  
HBM_BOOTSTRAP(21)  
VEXECUTE:EXECFROMBUFF(516)  
VEXECUTE:EXECFROMPRG(209)  
HBMLOAD(28)  
HBMBOOTSTRAP(12)  
HBMSTART(6)  
MAIN(26)  
###################

20210726 - 14:49:21 >>  [INFO] Data base open successfully

# Called from : 
VSQLITE:OPEN(134)  
FQUERYTODBF(94)  
VBROWSECMD:OPEN(216)  
VBROWSECMD:REFRESH(1098)  
VBROWSECMD:NEXTPAGE(1359)  
VBROWSECMD:SHOW(716)  
HBM_BOOTSTRAP(21)  
VEXECUTE:EXECFROMBUFF(516)  
VEXECUTE:EXECFROMPRG(209)  
HBMLOAD(28)  
HBMBOOTSTRAP(12)  
HBMSTART(6)  
MAIN(26)  
###################

20210726 - 14:49:21 >>  [INFO] Data base open successfully

# Called from : 
FQUERYTODBF(98)  
VBROWSECMD:OPEN(216)  
VBROWSECMD:REFRESH(1098)  
VBROWSECMD:NEXTPAGE(1359)  
VBROWSECMD:SHOW(716)  
HBM_BOOTSTRAP(21)  
VEXECUTE:EXECFROMBUFF(516)  
VEXECUTE:EXECFROMPRG(209)  
HBMLOAD(28)  
HBMBOOTSTRAP(12)  
HBMSTART(6)  
MAIN(26)  
###################

20210726 - 14:49:21 >>  [INFO] Mounted query : SELECT * FROM EMP WHERE 1=1  LIMIT 16 OFFSET 16 / Original : SELECT * FROM EMP WHERE 1=1 , nPage : 2, nLimit : 16

# Called from : 
VSQLITE:MOUNTQUERY(730)  
VSQLITE:EXECUTEQUERY(263)  
VSQLITE:EXECUTEQUERYTODBF(1250)  
FQUERYTODBF(113)  
VBROWSECMD:OPEN(216)  
VBROWSECMD:REFRESH(1098)  
VBROWSECMD:NEXTPAGE(1359)  
VBROWSECMD:SHOW(716)  
HBM_BOOTSTRAP(21)  
VEXECUTE:EXECFROMBUFF(516)  
VEXECUTE:EXECFROMPRG(209)  
HBMLOAD(28)  
HBMBOOTSTRAP(12)  
HBMSTART(6)  
MAIN(26)  
###################

20210726 - 14:49:21 >>  [WARNING] (CODE:20200703153458) No data

# Called from : 
VSQLITE:EXECUTEQUERYTODBF(1355)  
FQUERYTODBF(113)  
VBROWSECMD:OPEN(216)  
VBROWSECMD:REFRESH(1098)  
VBROWSECMD:NEXTPAGE(1359)  
VBROWSECMD:SHOW(716)  
HBM_BOOTSTRAP(21)  
VEXECUTE:EXECFROMBUFF(516)  
VEXECUTE:EXECFROMPRG(209)  
HBMLOAD(28)  
HBMBOOTSTRAP(12)  
HBMSTART(6)  
MAIN(26)  
###################

20210726 - 14:49:21 >>  [INFO] No data

# Called from : 
FQUERYTODBF(116)  
VBROWSECMD:OPEN(216)  
VBROWSECMD:REFRESH(1098)  
VBROWSECMD:NEXTPAGE(1359)  
VBROWSECMD:SHOW(716)  
HBM_BOOTSTRAP(21)  
VEXECUTE:EXECFROMBUFF(516)  
VEXECUTE:EXECFROMPRG(209)  
HBMLOAD(28)  
HBMBOOTSTRAP(12)  
HBMSTART(6)  
MAIN(26)  
###################

20210726 - 14:49:21 >>  [INFO] Data base open successfully

# Called from : 
VSQLITE:OPEN(134)  
FQUERYTODBF(94)  
VBROWSECMD:OPEN(216)  
VBROWSECMD:REFRESH(1098)  
VBROWSECMD:NEXTPAGE(1362)  
VBROWSECMD:SHOW(716)  
HBM_BOOTSTRAP(21)  
VEXECUTE:EXECFROMBUFF(516)  
VEXECUTE:EXECFROMPRG(209)  
HBMLOAD(28)  
HBMBOOTSTRAP(12)  
HBMSTART(6)  
MAIN(26)  
###################

20210726 - 14:49:21 >>  [INFO] Data base open successfully

# Called from : 
FQUERYTODBF(98)  
VBROWSECMD:OPEN(216)  
VBROWSECMD:REFRESH(1098)  
VBROWSECMD:NEXTPAGE(1362)  
VBROWSECMD:SHOW(716)  
HBM_BOOTSTRAP(21)  
VEXECUTE:EXECFROMBUFF(516)  
VEXECUTE:EXECFROMPRG(209)  
HBMLOAD(28)  
HBMBOOTSTRAP(12)  
HBMSTART(6)  
MAIN(26)  
###################

20210726 - 14:49:21 >>  [INFO] Mounted query : SELECT * FROM EMP WHERE 1=1  LIMIT 16 OFFSET 0 / Original : SELECT * FROM EMP WHERE 1=1 , nPage : 1, nLimit : 16

# Called from : 
VSQLITE:MOUNTQUERY(730)  
VSQLITE:EXECUTEQUERY(263)  
VSQLITE:EXECUTEQUERYTODBF(1250)  
FQUERYTODBF(113)  
VBROWSECMD:OPEN(216)  
VBROWSECMD:REFRESH(1098)  
VBROWSECMD:NEXTPAGE(1362)  
VBROWSECMD:SHOW(716)  
HBM_BOOTSTRAP(21)  
VEXECUTE:EXECFROMBUFF(516)  
VEXECUTE:EXECFROMPRG(209)  
HBMLOAD(28)  
HBMBOOTSTRAP(12)  
HBMSTART(6)  
MAIN(26)  
###################

20210726 - 14:49:21 >>  [INFO] Mounted query : SELECT * FROM EMP WHERE 1=1  LIMIT 16 OFFSET 0 / Original : SELECT * FROM EMP WHERE 1=1 , nPage : 1, nLimit : 16

# Called from : 
FQUERYTODBF(116)  
VBROWSECMD:OPEN(216)  
VBROWSECMD:REFRESH(1098)  
VBROWSECMD:NEXTPAGE(1362)  
VBROWSECMD:SHOW(716)  
HBM_BOOTSTRAP(21)  
VEXECUTE:EXECFROMBUFF(516)  
VEXECUTE:EXECFROMPRG(209)  
HBMLOAD(28)  
HBMBOOTSTRAP(12)  
HBMSTART(6)  
MAIN(26)  
###################

20210726 - 14:49:21 >>  [INFO] Data base open successfully

# Called from : 
VSQLITE:OPEN(134)  
FQUERYTODBF(94)  
VBROWSECMD:OPEN(216)  
VBROWSECMD:REFRESH(1098)  
VBROWSECMD:NEXTPAGE(1359)  
VBROWSECMD:SHOW(716)  
HBM_BOOTSTRAP(21)  
VEXECUTE:EXECFROMBUFF(516)  
VEXECUTE:EXECFROMPRG(209)  
HBMLOAD(28)  
HBMBOOTSTRAP(12)  
HBMSTART(6)  
MAIN(26)  
###################

20210726 - 14:49:21 >>  [INFO] Data base open successfully

# Called from : 
FQUERYTODBF(98)  
VBROWSECMD:OPEN(216)  
VBROWSECMD:REFRESH(1098)  
VBROWSECMD:NEXTPAGE(1359)  
VBROWSECMD:SHOW(716)  
HBM_BOOTSTRAP(21)  
VEXECUTE:EXECFROMBUFF(516)  
VEXECUTE:EXECFROMPRG(209)  
HBMLOAD(28)  
HBMBOOTSTRAP(12)  
HBMSTART(6)  
MAIN(26)  
###################

20210726 - 14:49:21 >>  [INFO] Mounted query : SELECT * FROM EMP WHERE 1=1  LIMIT 16 OFFSET 16 / Original : SELECT * FROM EMP WHERE 1=1 , nPage : 2, nLimit : 16

# Called from : 
VSQLITE:MOUNTQUERY(730)  
VSQLITE:EXECUTEQUERY(263)  
VSQLITE:EXECUTEQUERYTODBF(1250)  
FQUERYTODBF(113)  
VBROWSECMD:OPEN(216)  
VBROWSECMD:REFRESH(1098)  
VBROWSECMD:NEXTPAGE(1359)  
VBROWSECMD:SHOW(716)  
HBM_BOOTSTRAP(21)  
VEXECUTE:EXECFROMBUFF(516)  
VEXECUTE:EXECFROMPRG(209)  
HBMLOAD(28)  
HBMBOOTSTRAP(12)  
HBMSTART(6)  
MAIN(26)  
###################

20210726 - 14:49:21 >>  [WARNING] (CODE:20200703153458) No data

# Called from : 
VSQLITE:EXECUTEQUERYTODBF(1355)  
FQUERYTODBF(113)  
VBROWSECMD:OPEN(216)  
VBROWSECMD:REFRESH(1098)  
VBROWSECMD:NEXTPAGE(1359)  
VBROWSECMD:SHOW(716)  
HBM_BOOTSTRAP(21)  
VEXECUTE:EXECFROMBUFF(516)  
VEXECUTE:EXECFROMPRG(209)  
HBMLOAD(28)  
HBMBOOTSTRAP(12)  
HBMSTART(6)  
MAIN(26)  
###################

20210726 - 14:49:21 >>  [INFO] No data

# Called from : 
FQUERYTODBF(116)  
VBROWSECMD:OPEN(216)  
VBROWSECMD:REFRESH(1098)  
VBROWSECMD:NEXTPAGE(1359)  
VBROWSECMD:SHOW(716)  
HBM_BOOTSTRAP(21)  
VEXECUTE:EXECFROMBUFF(516)  
VEXECUTE:EXECFROMPRG(209)  
HBMLOAD(28)  
HBMBOOTSTRAP(12)  
HBMSTART(6)  
MAIN(26)  
###################

20210726 - 14:49:21 >>  [INFO] Data base open successfully

# Called from : 
VSQLITE:OPEN(134)  
FQUERYTODBF(94)  
VBROWSECMD:OPEN(216)  
VBROWSECMD:REFRESH(1098)  
VBROWSECMD:NEXTPAGE(1362)  
VBROWSECMD:SHOW(716)  
HBM_BOOTSTRAP(21)  
VEXECUTE:EXECFROMBUFF(516)  
VEXECUTE:EXECFROMPRG(209)  
HBMLOAD(28)  
HBMBOOTSTRAP(12)  
HBMSTART(6)  
MAIN(26)  
###################

20210726 - 14:49:21 >>  [INFO] Data base open successfully

# Called from : 
FQUERYTODBF(98)  
VBROWSECMD:OPEN(216)  
VBROWSECMD:REFRESH(1098)  
VBROWSECMD:NEXTPAGE(1362)  
VBROWSECMD:SHOW(716)  
HBM_BOOTSTRAP(21)  
VEXECUTE:EXECFROMBUFF(516)  
VEXECUTE:EXECFROMPRG(209)  
HBMLOAD(28)  
HBMBOOTSTRAP(12)  
HBMSTART(6)  
MAIN(26)  
###################

20210726 - 14:49:21 >>  [INFO] Mounted query : SELECT * FROM EMP WHERE 1=1  LIMIT 16 OFFSET 0 / Original : SELECT * FROM EMP WHERE 1=1 , nPage : 1, nLimit : 16

# Called from : 
VSQLITE:MOUNTQUERY(730)  
VSQLITE:EXECUTEQUERY(263)  
VSQLITE:EXECUTEQUERYTODBF(1250)  
FQUERYTODBF(113)  
VBROWSECMD:OPEN(216)  
VBROWSECMD:REFRESH(1098)  
VBROWSECMD:NEXTPAGE(1362)  
VBROWSECMD:SHOW(716)  
HBM_BOOTSTRAP(21)  
VEXECUTE:EXECFROMBUFF(516)  
VEXECUTE:EXECFROMPRG(209)  
HBMLOAD(28)  
HBMBOOTSTRAP(12)  
HBMSTART(6)  
MAIN(26)  
###################

20210726 - 14:49:21 >>  [INFO] Mounted query : SELECT * FROM EMP WHERE 1=1  LIMIT 16 OFFSET 0 / Original : SELECT * FROM EMP WHERE 1=1 , nPage : 1, nLimit : 16

# Called from : 
FQUERYTODBF(116)  
VBROWSECMD:OPEN(216)  
VBROWSECMD:REFRESH(1098)  
VBROWSECMD:NEXTPAGE(1362)  
VBROWSECMD:SHOW(716)  
HBM_BOOTSTRAP(21)  
VEXECUTE:EXECFROMBUFF(516)  
VEXECUTE:EXECFROMPRG(209)  
HBMLOAD(28)  
HBMBOOTSTRAP(12)  
HBMSTART(6)  
MAIN(26)  
###################

20210726 - 14:49:27 >>  [INFO] After execute with return : NIL

# Called from : 
VEXECUTE:EXECFROMBUFF(517)  
VEXECUTE:EXECFROMPRG(209)  
HBMLOAD(28)  
HBMBOOTSTRAP(12)  
HBMSTART(6)  
MAIN(26)  
###################

20210726 - 14:49:27 >>  [INFO] After send buffer to execute

# Called from : 
VEXECUTE:EXECFROMPRG(210)  
HBMLOAD(28)  
HBMBOOTSTRAP(12)  
HBMSTART(6)  
MAIN(26)  
###################

20210726 - 14:49:51 >>  [INFO] Data base open successfully

# Called from : 
VSQLITE:OPEN(134)  
FQUERYTODBF(94)  
VBROWSECMD:OPEN(216)  
VBROWSECMD:SHOW(431)  
HBM_BOOTSTRAP(22)  
VEXECUTE:EXECFROMBUFF(516)  
VEXECUTE:EXECFROMPRG(209)  
HBMLOAD(28)  
HBMBOOTSTRAP(12)  
HBMSTART(6)  
MAIN(26)  
###################

20210726 - 14:49:51 >>  [INFO] Data base open successfully

# Called from : 
FQUERYTODBF(98)  
VBROWSECMD:OPEN(216)  
VBROWSECMD:SHOW(431)  
HBM_BOOTSTRAP(22)  
VEXECUTE:EXECFROMBUFF(516)  
VEXECUTE:EXECFROMPRG(209)  
HBMLOAD(28)  
HBMBOOTSTRAP(12)  
HBMSTART(6)  
MAIN(26)  
###################

20210726 - 14:49:51 >>  [INFO] Mounted query : SELECT * FROM EMP WHERE 1=1  LIMIT 16 OFFSET 0 / Original : SELECT * FROM EMP WHERE 1=1 , nPage : 1, nLimit : 16

# Called from : 
VSQLITE:MOUNTQUERY(730)  
VSQLITE:EXECUTEQUERY(263)  
VSQLITE:EXECUTEQUERYTODBF(1250)  
FQUERYTODBF(113)  
VBROWSECMD:OPEN(216)  
VBROWSECMD:SHOW(431)  
HBM_BOOTSTRAP(22)  
VEXECUTE:EXECFROMBUFF(516)  
VEXECUTE:EXECFROMPRG(209)  
HBMLOAD(28)  
HBMBOOTSTRAP(12)  
HBMSTART(6)  
MAIN(26)  
###################

20210726 - 14:49:51 >>  [INFO] Mounted query : SELECT * FROM EMP WHERE 1=1  LIMIT 16 OFFSET 0 / Original : SELECT * FROM EMP WHERE 1=1 , nPage : 1, nLimit : 16

# Called from : 
FQUERYTODBF(116)  
VBROWSECMD:OPEN(216)  
VBROWSECMD:SHOW(431)  
HBM_BOOTSTRAP(22)  
VEXECUTE:EXECFROMBUFF(516)  
VEXECUTE:EXECFROMPRG(209)  
HBMLOAD(28)  
HBMBOOTSTRAP(12)  
HBMSTART(6)  
MAIN(26)  
###################

20210726 - 14:49:57 >>  [INFO] After execute with return : NIL

# Called from : 
VEXECUTE:EXECFROMBUFF(517)  
VEXECUTE:EXECFROMPRG(209)  
HBMLOAD(28)  
HBMBOOTSTRAP(12)  
HBMSTART(6)  
MAIN(26)  
###################

20210726 - 14:49:57 >>  [INFO] After send buffer to execute

# Called from : 
VEXECUTE:EXECFROMPRG(210)  
HBMLOAD(28)  
HBMBOOTSTRAP(12)  
HBMSTART(6)  
MAIN(26)  
###################

20210726 - 14:50:17 >>  [INFO] Data base open successfully

# Called from : 
VSQLITE:OPEN(134)  
FQUERYTODBF(94)  
VBROWSECMD:OPEN(216)  
VBROWSECMD:SHOW(431)  
HBM_BOOTSTRAP(22)  
VEXECUTE:EXECFROMBUFF(516)  
VEXECUTE:EXECFROMPRG(209)  
HBMLOAD(28)  
HBMBOOTSTRAP(12)  
HBMSTART(6)  
MAIN(26)  
###################

20210726 - 14:50:18 >>  [INFO] Data base open successfully

# Called from : 
FQUERYTODBF(98)  
VBROWSECMD:OPEN(216)  
VBROWSECMD:SHOW(431)  
HBM_BOOTSTRAP(22)  
VEXECUTE:EXECFROMBUFF(516)  
VEXECUTE:EXECFROMPRG(209)  
HBMLOAD(28)  
HBMBOOTSTRAP(12)  
HBMSTART(6)  
MAIN(26)  
###################

20210726 - 14:50:18 >>  [INFO] Mounted query : SELECT * FROM EMP WHERE 1=1  LIMIT 16 OFFSET 0 / Original : SELECT * FROM EMP WHERE 1=1 , nPage : 1, nLimit : 16

# Called from : 
VSQLITE:MOUNTQUERY(730)  
VSQLITE:EXECUTEQUERY(263)  
VSQLITE:EXECUTEQUERYTODBF(1250)  
FQUERYTODBF(113)  
VBROWSECMD:OPEN(216)  
VBROWSECMD:SHOW(431)  
HBM_BOOTSTRAP(22)  
VEXECUTE:EXECFROMBUFF(516)  
VEXECUTE:EXECFROMPRG(209)  
HBMLOAD(28)  
HBMBOOTSTRAP(12)  
HBMSTART(6)  
MAIN(26)  
###################

20210726 - 14:50:18 >>  [INFO] Mounted query : SELECT * FROM EMP WHERE 1=1  LIMIT 16 OFFSET 0 / Original : SELECT * FROM EMP WHERE 1=1 , nPage : 1, nLimit : 16

# Called from : 
FQUERYTODBF(116)  
VBROWSECMD:OPEN(216)  
VBROWSECMD:SHOW(431)  
HBM_BOOTSTRAP(22)  
VEXECUTE:EXECFROMBUFF(516)  
VEXECUTE:EXECFROMPRG(209)  
HBMLOAD(28)  
HBMBOOTSTRAP(12)  
HBMSTART(6)  
MAIN(26)  
###################

20210726 - 14:50:26 >>  [INFO] Data base open successfully

# Called from : 
VSQLITE:OPEN(134)  
FQUERYTODBF(94)  
VBROWSECMD:OPEN(216)  
VBROWSECMD:REFRESH(1098)  
VBROWSECMD:NEXTPAGE(1359)  
VBROWSECMD:SHOW(716)  
HBM_BOOTSTRAP(22)  
VEXECUTE:EXECFROMBUFF(516)  
VEXECUTE:EXECFROMPRG(209)  
HBMLOAD(28)  
HBMBOOTSTRAP(12)  
HBMSTART(6)  
MAIN(26)  
###################

20210726 - 14:50:26 >>  [INFO] Data base open successfully

# Called from : 
FQUERYTODBF(98)  
VBROWSECMD:OPEN(216)  
VBROWSECMD:REFRESH(1098)  
VBROWSECMD:NEXTPAGE(1359)  
VBROWSECMD:SHOW(716)  
HBM_BOOTSTRAP(22)  
VEXECUTE:EXECFROMBUFF(516)  
VEXECUTE:EXECFROMPRG(209)  
HBMLOAD(28)  
HBMBOOTSTRAP(12)  
HBMSTART(6)  
MAIN(26)  
###################

20210726 - 14:50:26 >>  [INFO] Mounted query : SELECT * FROM EMP WHERE 1=1  LIMIT 16 OFFSET 16 / Original : SELECT * FROM EMP WHERE 1=1 , nPage : 2, nLimit : 16

# Called from : 
VSQLITE:MOUNTQUERY(730)  
VSQLITE:EXECUTEQUERY(263)  
VSQLITE:EXECUTEQUERYTODBF(1250)  
FQUERYTODBF(113)  
VBROWSECMD:OPEN(216)  
VBROWSECMD:REFRESH(1098)  
VBROWSECMD:NEXTPAGE(1359)  
VBROWSECMD:SHOW(716)  
HBM_BOOTSTRAP(22)  
VEXECUTE:EXECFROMBUFF(516)  
VEXECUTE:EXECFROMPRG(209)  
HBMLOAD(28)  
HBMBOOTSTRAP(12)  
HBMSTART(6)  
MAIN(26)  
###################

20210726 - 14:50:26 >>  [WARNING] (CODE:20200703153458) No data

# Called from : 
VSQLITE:EXECUTEQUERYTODBF(1355)  
FQUERYTODBF(113)  
VBROWSECMD:OPEN(216)  
VBROWSECMD:REFRESH(1098)  
VBROWSECMD:NEXTPAGE(1359)  
VBROWSECMD:SHOW(716)  
HBM_BOOTSTRAP(22)  
VEXECUTE:EXECFROMBUFF(516)  
VEXECUTE:EXECFROMPRG(209)  
HBMLOAD(28)  
HBMBOOTSTRAP(12)  
HBMSTART(6)  
MAIN(26)  
###################

20210726 - 14:50:26 >>  [INFO] No data

# Called from : 
FQUERYTODBF(116)  
VBROWSECMD:OPEN(216)  
VBROWSECMD:REFRESH(1098)  
VBROWSECMD:NEXTPAGE(1359)  
VBROWSECMD:SHOW(716)  
HBM_BOOTSTRAP(22)  
VEXECUTE:EXECFROMBUFF(516)  
VEXECUTE:EXECFROMPRG(209)  
HBMLOAD(28)  
HBMBOOTSTRAP(12)  
HBMSTART(6)  
MAIN(26)  
###################

20210726 - 14:50:26 >>  [INFO] Data base open successfully

# Called from : 
VSQLITE:OPEN(134)  
FQUERYTODBF(94)  
VBROWSECMD:OPEN(216)  
VBROWSECMD:REFRESH(1098)  
VBROWSECMD:NEXTPAGE(1362)  
VBROWSECMD:SHOW(716)  
HBM_BOOTSTRAP(22)  
VEXECUTE:EXECFROMBUFF(516)  
VEXECUTE:EXECFROMPRG(209)  
HBMLOAD(28)  
HBMBOOTSTRAP(12)  
HBMSTART(6)  
MAIN(26)  
###################

20210726 - 14:50:26 >>  [INFO] Data base open successfully

# Called from : 
FQUERYTODBF(98)  
VBROWSECMD:OPEN(216)  
VBROWSECMD:REFRESH(1098)  
VBROWSECMD:NEXTPAGE(1362)  
VBROWSECMD:SHOW(716)  
HBM_BOOTSTRAP(22)  
VEXECUTE:EXECFROMBUFF(516)  
VEXECUTE:EXECFROMPRG(209)  
HBMLOAD(28)  
HBMBOOTSTRAP(12)  
HBMSTART(6)  
MAIN(26)  
###################

20210726 - 14:50:26 >>  [INFO] Mounted query : SELECT * FROM EMP WHERE 1=1  LIMIT 16 OFFSET 0 / Original : SELECT * FROM EMP WHERE 1=1 , nPage : 1, nLimit : 16

# Called from : 
VSQLITE:MOUNTQUERY(730)  
VSQLITE:EXECUTEQUERY(263)  
VSQLITE:EXECUTEQUERYTODBF(1250)  
FQUERYTODBF(113)  
VBROWSECMD:OPEN(216)  
VBROWSECMD:REFRESH(1098)  
VBROWSECMD:NEXTPAGE(1362)  
VBROWSECMD:SHOW(716)  
HBM_BOOTSTRAP(22)  
VEXECUTE:EXECFROMBUFF(516)  
VEXECUTE:EXECFROMPRG(209)  
HBMLOAD(28)  
HBMBOOTSTRAP(12)  
HBMSTART(6)  
MAIN(26)  
###################

20210726 - 14:50:26 >>  [INFO] Mounted query : SELECT * FROM EMP WHERE 1=1  LIMIT 16 OFFSET 0 / Original : SELECT * FROM EMP WHERE 1=1 , nPage : 1, nLimit : 16

# Called from : 
FQUERYTODBF(116)  
VBROWSECMD:OPEN(216)  
VBROWSECMD:REFRESH(1098)  
VBROWSECMD:NEXTPAGE(1362)  
VBROWSECMD:SHOW(716)  
HBM_BOOTSTRAP(22)  
VEXECUTE:EXECFROMBUFF(516)  
VEXECUTE:EXECFROMPRG(209)  
HBMLOAD(28)  
HBMBOOTSTRAP(12)  
HBMSTART(6)  
MAIN(26)  
###################

20210726 - 14:50:26 >>  [INFO] Data base open successfully

# Called from : 
VSQLITE:OPEN(134)  
FQUERYTODBF(94)  
VBROWSECMD:OPEN(216)  
VBROWSECMD:REFRESH(1098)  
VBROWSECMD:NEXTPAGE(1359)  
VBROWSECMD:SHOW(716)  
HBM_BOOTSTRAP(22)  
VEXECUTE:EXECFROMBUFF(516)  
VEXECUTE:EXECFROMPRG(209)  
HBMLOAD(28)  
HBMBOOTSTRAP(12)  
HBMSTART(6)  
MAIN(26)  
###################

20210726 - 14:50:26 >>  [INFO] Data base open successfully

# Called from : 
FQUERYTODBF(98)  
VBROWSECMD:OPEN(216)  
VBROWSECMD:REFRESH(1098)  
VBROWSECMD:NEXTPAGE(1359)  
VBROWSECMD:SHOW(716)  
HBM_BOOTSTRAP(22)  
VEXECUTE:EXECFROMBUFF(516)  
VEXECUTE:EXECFROMPRG(209)  
HBMLOAD(28)  
HBMBOOTSTRAP(12)  
HBMSTART(6)  
MAIN(26)  
###################

20210726 - 14:50:26 >>  [INFO] Mounted query : SELECT * FROM EMP WHERE 1=1  LIMIT 16 OFFSET 16 / Original : SELECT * FROM EMP WHERE 1=1 , nPage : 2, nLimit : 16

# Called from : 
VSQLITE:MOUNTQUERY(730)  
VSQLITE:EXECUTEQUERY(263)  
VSQLITE:EXECUTEQUERYTODBF(1250)  
FQUERYTODBF(113)  
VBROWSECMD:OPEN(216)  
VBROWSECMD:REFRESH(1098)  
VBROWSECMD:NEXTPAGE(1359)  
VBROWSECMD:SHOW(716)  
HBM_BOOTSTRAP(22)  
VEXECUTE:EXECFROMBUFF(516)  
VEXECUTE:EXECFROMPRG(209)  
HBMLOAD(28)  
HBMBOOTSTRAP(12)  
HBMSTART(6)  
MAIN(26)  
###################

20210726 - 14:50:26 >>  [WARNING] (CODE:20200703153458) No data

# Called from : 
VSQLITE:EXECUTEQUERYTODBF(1355)  
FQUERYTODBF(113)  
VBROWSECMD:OPEN(216)  
VBROWSECMD:REFRESH(1098)  
VBROWSECMD:NEXTPAGE(1359)  
VBROWSECMD:SHOW(716)  
HBM_BOOTSTRAP(22)  
VEXECUTE:EXECFROMBUFF(516)  
VEXECUTE:EXECFROMPRG(209)  
HBMLOAD(28)  
HBMBOOTSTRAP(12)  
HBMSTART(6)  
MAIN(26)  
###################

20210726 - 14:50:26 >>  [INFO] No data

# Called from : 
FQUERYTODBF(116)  
VBROWSECMD:OPEN(216)  
VBROWSECMD:REFRESH(1098)  
VBROWSECMD:NEXTPAGE(1359)  
VBROWSECMD:SHOW(716)  
HBM_BOOTSTRAP(22)  
VEXECUTE:EXECFROMBUFF(516)  
VEXECUTE:EXECFROMPRG(209)  
HBMLOAD(28)  
HBMBOOTSTRAP(12)  
HBMSTART(6)  
MAIN(26)  
###################

20210726 - 14:50:26 >>  [INFO] Data base open successfully

# Called from : 
VSQLITE:OPEN(134)  
FQUERYTODBF(94)  
VBROWSECMD:OPEN(216)  
VBROWSECMD:REFRESH(1098)  
VBROWSECMD:NEXTPAGE(1362)  
VBROWSECMD:SHOW(716)  
HBM_BOOTSTRAP(22)  
VEXECUTE:EXECFROMBUFF(516)  
VEXECUTE:EXECFROMPRG(209)  
HBMLOAD(28)  
HBMBOOTSTRAP(12)  
HBMSTART(6)  
MAIN(26)  
###################

20210726 - 14:50:26 >>  [INFO] Data base open successfully

# Called from : 
FQUERYTODBF(98)  
VBROWSECMD:OPEN(216)  
VBROWSECMD:REFRESH(1098)  
VBROWSECMD:NEXTPAGE(1362)  
VBROWSECMD:SHOW(716)  
HBM_BOOTSTRAP(22)  
VEXECUTE:EXECFROMBUFF(516)  
VEXECUTE:EXECFROMPRG(209)  
HBMLOAD(28)  
HBMBOOTSTRAP(12)  
HBMSTART(6)  
MAIN(26)  
###################

20210726 - 14:50:26 >>  [INFO] Mounted query : SELECT * FROM EMP WHERE 1=1  LIMIT 16 OFFSET 0 / Original : SELECT * FROM EMP WHERE 1=1 , nPage : 1, nLimit : 16

# Called from : 
VSQLITE:MOUNTQUERY(730)  
VSQLITE:EXECUTEQUERY(263)  
VSQLITE:EXECUTEQUERYTODBF(1250)  
FQUERYTODBF(113)  
VBROWSECMD:OPEN(216)  
VBROWSECMD:REFRESH(1098)  
VBROWSECMD:NEXTPAGE(1362)  
VBROWSECMD:SHOW(716)  
HBM_BOOTSTRAP(22)  
VEXECUTE:EXECFROMBUFF(516)  
VEXECUTE:EXECFROMPRG(209)  
HBMLOAD(28)  
HBMBOOTSTRAP(12)  
HBMSTART(6)  
MAIN(26)  
###################

20210726 - 14:50:26 >>  [INFO] Mounted query : SELECT * FROM EMP WHERE 1=1  LIMIT 16 OFFSET 0 / Original : SELECT * FROM EMP WHERE 1=1 , nPage : 1, nLimit : 16

# Called from : 
FQUERYTODBF(116)  
VBROWSECMD:OPEN(216)  
VBROWSECMD:REFRESH(1098)  
VBROWSECMD:NEXTPAGE(1362)  
VBROWSECMD:SHOW(716)  
HBM_BOOTSTRAP(22)  
VEXECUTE:EXECFROMBUFF(516)  
VEXECUTE:EXECFROMPRG(209)  
HBMLOAD(28)  
HBMBOOTSTRAP(12)  
HBMSTART(6)  
MAIN(26)  
###################

20210726 - 14:50:26 >>  [INFO] Data base open successfully

# Called from : 
VSQLITE:OPEN(134)  
FQUERYTODBF(94)  
VBROWSECMD:OPEN(216)  
VBROWSECMD:REFRESH(1098)  
VBROWSECMD:NEXTPAGE(1359)  
VBROWSECMD:SHOW(716)  
HBM_BOOTSTRAP(22)  
VEXECUTE:EXECFROMBUFF(516)  
VEXECUTE:EXECFROMPRG(209)  
HBMLOAD(28)  
HBMBOOTSTRAP(12)  
HBMSTART(6)  
MAIN(26)  
###################

20210726 - 14:50:26 >>  [INFO] Data base open successfully

# Called from : 
FQUERYTODBF(98)  
VBROWSECMD:OPEN(216)  
VBROWSECMD:REFRESH(1098)  
VBROWSECMD:NEXTPAGE(1359)  
VBROWSECMD:SHOW(716)  
HBM_BOOTSTRAP(22)  
VEXECUTE:EXECFROMBUFF(516)  
VEXECUTE:EXECFROMPRG(209)  
HBMLOAD(28)  
HBMBOOTSTRAP(12)  
HBMSTART(6)  
MAIN(26)  
###################

20210726 - 14:50:26 >>  [INFO] Mounted query : SELECT * FROM EMP WHERE 1=1  LIMIT 16 OFFSET 16 / Original : SELECT * FROM EMP WHERE 1=1 , nPage : 2, nLimit : 16

# Called from : 
VSQLITE:MOUNTQUERY(730)  
VSQLITE:EXECUTEQUERY(263)  
VSQLITE:EXECUTEQUERYTODBF(1250)  
FQUERYTODBF(113)  
VBROWSECMD:OPEN(216)  
VBROWSECMD:REFRESH(1098)  
VBROWSECMD:NEXTPAGE(1359)  
VBROWSECMD:SHOW(716)  
HBM_BOOTSTRAP(22)  
VEXECUTE:EXECFROMBUFF(516)  
VEXECUTE:EXECFROMPRG(209)  
HBMLOAD(28)  
HBMBOOTSTRAP(12)  
HBMSTART(6)  
MAIN(26)  
###################

20210726 - 14:50:26 >>  [WARNING] (CODE:20200703153458) No data

# Called from : 
VSQLITE:EXECUTEQUERYTODBF(1355)  
FQUERYTODBF(113)  
VBROWSECMD:OPEN(216)  
VBROWSECMD:REFRESH(1098)  
VBROWSECMD:NEXTPAGE(1359)  
VBROWSECMD:SHOW(716)  
HBM_BOOTSTRAP(22)  
VEXECUTE:EXECFROMBUFF(516)  
VEXECUTE:EXECFROMPRG(209)  
HBMLOAD(28)  
HBMBOOTSTRAP(12)  
HBMSTART(6)  
MAIN(26)  
###################

20210726 - 14:50:26 >>  [INFO] No data

# Called from : 
FQUERYTODBF(116)  
VBROWSECMD:OPEN(216)  
VBROWSECMD:REFRESH(1098)  
VBROWSECMD:NEXTPAGE(1359)  
VBROWSECMD:SHOW(716)  
HBM_BOOTSTRAP(22)  
VEXECUTE:EXECFROMBUFF(516)  
VEXECUTE:EXECFROMPRG(209)  
HBMLOAD(28)  
HBMBOOTSTRAP(12)  
HBMSTART(6)  
MAIN(26)  
###################

20210726 - 14:50:26 >>  [INFO] Data base open successfully

# Called from : 
VSQLITE:OPEN(134)  
FQUERYTODBF(94)  
VBROWSECMD:OPEN(216)  
VBROWSECMD:REFRESH(1098)  
VBROWSECMD:NEXTPAGE(1362)  
VBROWSECMD:SHOW(716)  
HBM_BOOTSTRAP(22)  
VEXECUTE:EXECFROMBUFF(516)  
VEXECUTE:EXECFROMPRG(209)  
HBMLOAD(28)  
HBMBOOTSTRAP(12)  
HBMSTART(6)  
MAIN(26)  
###################

20210726 - 14:50:26 >>  [INFO] Data base open successfully

# Called from : 
FQUERYTODBF(98)  
VBROWSECMD:OPEN(216)  
VBROWSECMD:REFRESH(1098)  
VBROWSECMD:NEXTPAGE(1362)  
VBROWSECMD:SHOW(716)  
HBM_BOOTSTRAP(22)  
VEXECUTE:EXECFROMBUFF(516)  
VEXECUTE:EXECFROMPRG(209)  
HBMLOAD(28)  
HBMBOOTSTRAP(12)  
HBMSTART(6)  
MAIN(26)  
###################

20210726 - 14:50:26 >>  [INFO] Mounted query : SELECT * FROM EMP WHERE 1=1  LIMIT 16 OFFSET 0 / Original : SELECT * FROM EMP WHERE 1=1 , nPage : 1, nLimit : 16

# Called from : 
VSQLITE:MOUNTQUERY(730)  
VSQLITE:EXECUTEQUERY(263)  
VSQLITE:EXECUTEQUERYTODBF(1250)  
FQUERYTODBF(113)  
VBROWSECMD:OPEN(216)  
VBROWSECMD:REFRESH(1098)  
VBROWSECMD:NEXTPAGE(1362)  
VBROWSECMD:SHOW(716)  
HBM_BOOTSTRAP(22)  
VEXECUTE:EXECFROMBUFF(516)  
VEXECUTE:EXECFROMPRG(209)  
HBMLOAD(28)  
HBMBOOTSTRAP(12)  
HBMSTART(6)  
MAIN(26)  
###################

20210726 - 14:50:26 >>  [INFO] Mounted query : SELECT * FROM EMP WHERE 1=1  LIMIT 16 OFFSET 0 / Original : SELECT * FROM EMP WHERE 1=1 , nPage : 1, nLimit : 16

# Called from : 
FQUERYTODBF(116)  
VBROWSECMD:OPEN(216)  
VBROWSECMD:REFRESH(1098)  
VBROWSECMD:NEXTPAGE(1362)  
VBROWSECMD:SHOW(716)  
HBM_BOOTSTRAP(22)  
VEXECUTE:EXECFROMBUFF(516)  
VEXECUTE:EXECFROMPRG(209)  
HBMLOAD(28)  
HBMBOOTSTRAP(12)  
HBMSTART(6)  
MAIN(26)  
###################

20210726 - 14:50:28 >>  [INFO] After execute with return : NIL

# Called from : 
VEXECUTE:EXECFROMBUFF(517)  
VEXECUTE:EXECFROMPRG(209)  
HBMLOAD(28)  
HBMBOOTSTRAP(12)  
HBMSTART(6)  
MAIN(26)  
###################

20210726 - 14:50:28 >>  [INFO] After send buffer to execute

# Called from : 
VEXECUTE:EXECFROMPRG(210)  
HBMLOAD(28)  
HBMBOOTSTRAP(12)  
HBMSTART(6)  
MAIN(26)  
###################

