***************************** BEGIN LOG HEADER ************************************
File created at : 20210630 00:51:26
***************************** END LOG HEADER **************************************

20210630 - 00:51:26 >>  [DEBUG] BEGIN BLOCK : Coordinators values <------------ (^_^) [o_o] (^.^)  ('.') ($.$) ~~~~~~~   oOoOoOoOoOo oO0OoO0OoO0Oo 
20210630 - 00:51:26 >>  [DEBUG]   Dump var nColLeft : 0 Datatype : N

# Called from : 
VCONFIGTUI:INICOORDINATORS(1082)  
VCONFIGTUI:NEW(164)  
CONFIGTUISINGLETON(18)  
HBM_BOOTSTRAP(16)  
VEXECUTE:EXECFROMBUFF(449)  
VEXECUTE:EXECFROMPRG(208)  
HBMLOAD(24)  
HBMBOOTSTRAP(10)  
HBMSTART(4)  
MAIN(23)  
###################

20210630 - 00:51:26 >>  [DEBUG]   Dump var nColRight : 128 Datatype : N

# Called from : 
VCONFIGTUI:INICOORDINATORS(1083)  
VCONFIGTUI:NEW(164)  
CONFIGTUISINGLETON(18)  
HBM_BOOTSTRAP(16)  
VEXECUTE:EXECFROMBUFF(449)  
VEXECUTE:EXECFROMPRG(208)  
HBMLOAD(24)  
HBMBOOTSTRAP(10)  
HBMSTART(4)  
MAIN(23)  
###################

20210630 - 00:51:26 >>  [DEBUG]   Dump var nRowTopHead : 0 Datatype : N

# Called from : 
VCONFIGTUI:INICOORDINATORS(1084)  
VCONFIGTUI:NEW(164)  
CONFIGTUISINGLETON(18)  
HBM_BOOTSTRAP(16)  
VEXECUTE:EXECFROMBUFF(449)  
VEXECUTE:EXECFROMPRG(208)  
HBMLOAD(24)  
HBMBOOTSTRAP(10)  
HBMSTART(4)  
MAIN(23)  
###################

20210630 - 00:51:26 >>  [DEBUG]   Dump var nRowBottomHead : 3 Datatype : N

# Called from : 
VCONFIGTUI:INICOORDINATORS(1085)  
VCONFIGTUI:NEW(164)  
CONFIGTUISINGLETON(18)  
HBM_BOOTSTRAP(16)  
VEXECUTE:EXECFROMBUFF(449)  
VEXECUTE:EXECFROMPRG(208)  
HBMLOAD(24)  
HBMBOOTSTRAP(10)  
HBMSTART(4)  
MAIN(23)  
###################

20210630 - 00:51:26 >>  [DEBUG]   Dump var nRowTopContent : 4 Datatype : N

# Called from : 
VCONFIGTUI:INICOORDINATORS(1086)  
VCONFIGTUI:NEW(164)  
CONFIGTUISINGLETON(18)  
HBM_BOOTSTRAP(16)  
VEXECUTE:EXECFROMBUFF(449)  
VEXECUTE:EXECFROMPRG(208)  
HBMLOAD(24)  
HBMBOOTSTRAP(10)  
HBMSTART(4)  
MAIN(23)  
###################

20210630 - 00:51:26 >>  [DEBUG]   Dump var nRowBottomContent : 27 Datatype : N

# Called from : 
VCONFIGTUI:INICOORDINATORS(1087)  
VCONFIGTUI:NEW(164)  
CONFIGTUISINGLETON(18)  
HBM_BOOTSTRAP(16)  
VEXECUTE:EXECFROMBUFF(449)  
VEXECUTE:EXECFROMPRG(208)  
HBMLOAD(24)  
HBMBOOTSTRAP(10)  
HBMSTART(4)  
MAIN(23)  
###################

20210630 - 00:51:26 >>  [DEBUG]   Dump var nRowTopFooter : 28 Datatype : N

# Called from : 
VCONFIGTUI:INICOORDINATORS(1088)  
VCONFIGTUI:NEW(164)  
CONFIGTUISINGLETON(18)  
HBM_BOOTSTRAP(16)  
VEXECUTE:EXECFROMBUFF(449)  
VEXECUTE:EXECFROMPRG(208)  
HBMLOAD(24)  
HBMBOOTSTRAP(10)  
HBMSTART(4)  
MAIN(23)  
###################

20210630 - 00:51:26 >>  [DEBUG]   Dump var nRowBottomFooter : 30 Datatype : N

# Called from : 
VCONFIGTUI:INICOORDINATORS(1089)  
VCONFIGTUI:NEW(164)  
CONFIGTUISINGLETON(18)  
HBM_BOOTSTRAP(16)  
VEXECUTE:EXECFROMBUFF(449)  
VEXECUTE:EXECFROMPRG(208)  
HBMLOAD(24)  
HBMBOOTSTRAP(10)  
HBMSTART(4)  
MAIN(23)  
###################

20210630 - 00:51:26 >>  [DEBUG]  END BLOCK : Coordinators values     <%%%%|==========> ( * ) ( * )
20210630 - 00:58:51 >>  [DEBUG] BEGIN BLOCK : Coordinators values <------------ (^_^) [o_o] (^.^)  ('.') ($.$) ~~~~~~~   oOoOoOoOoOo oO0OoO0OoO0Oo 
20210630 - 00:58:51 >>  [DEBUG]   Dump var nColLeft : 0 Datatype : N

# Called from : 
VCONFIGTUI:INICOORDINATORS(1082)  
VCONFIGTUI:NEW(164)  
CONFIGTUISINGLETON(18)  
HBM_BOOTSTRAP(16)  
VEXECUTE:EXECFROMBUFF(449)  
VEXECUTE:EXECFROMPRG(208)  
HBMLOAD(24)  
HBMBOOTSTRAP(10)  
HBMSTART(4)  
MAIN(23)  
###################

20210630 - 00:58:51 >>  [DEBUG]   Dump var nColRight : 128 Datatype : N

# Called from : 
VCONFIGTUI:INICOORDINATORS(1083)  
VCONFIGTUI:NEW(164)  
CONFIGTUISINGLETON(18)  
HBM_BOOTSTRAP(16)  
VEXECUTE:EXECFROMBUFF(449)  
VEXECUTE:EXECFROMPRG(208)  
HBMLOAD(24)  
HBMBOOTSTRAP(10)  
HBMSTART(4)  
MAIN(23)  
###################

20210630 - 00:58:51 >>  [DEBUG]   Dump var nRowTopHead : 0 Datatype : N

# Called from : 
VCONFIGTUI:INICOORDINATORS(1084)  
VCONFIGTUI:NEW(164)  
CONFIGTUISINGLETON(18)  
HBM_BOOTSTRAP(16)  
VEXECUTE:EXECFROMBUFF(449)  
VEXECUTE:EXECFROMPRG(208)  
HBMLOAD(24)  
HBMBOOTSTRAP(10)  
HBMSTART(4)  
MAIN(23)  
###################

20210630 - 00:58:51 >>  [DEBUG]   Dump var nRowBottomHead : 3 Datatype : N

# Called from : 
VCONFIGTUI:INICOORDINATORS(1085)  
VCONFIGTUI:NEW(164)  
CONFIGTUISINGLETON(18)  
HBM_BOOTSTRAP(16)  
VEXECUTE:EXECFROMBUFF(449)  
VEXECUTE:EXECFROMPRG(208)  
HBMLOAD(24)  
HBMBOOTSTRAP(10)  
HBMSTART(4)  
MAIN(23)  
###################

20210630 - 00:58:51 >>  [DEBUG]   Dump var nRowTopContent : 4 Datatype : N

# Called from : 
VCONFIGTUI:INICOORDINATORS(1086)  
VCONFIGTUI:NEW(164)  
CONFIGTUISINGLETON(18)  
HBM_BOOTSTRAP(16)  
VEXECUTE:EXECFROMBUFF(449)  
VEXECUTE:EXECFROMPRG(208)  
HBMLOAD(24)  
HBMBOOTSTRAP(10)  
HBMSTART(4)  
MAIN(23)  
###################

20210630 - 00:58:51 >>  [DEBUG]   Dump var nRowBottomContent : 27 Datatype : N

# Called from : 
VCONFIGTUI:INICOORDINATORS(1087)  
VCONFIGTUI:NEW(164)  
CONFIGTUISINGLETON(18)  
HBM_BOOTSTRAP(16)  
VEXECUTE:EXECFROMBUFF(449)  
VEXECUTE:EXECFROMPRG(208)  
HBMLOAD(24)  
HBMBOOTSTRAP(10)  
HBMSTART(4)  
MAIN(23)  
###################

20210630 - 00:58:51 >>  [DEBUG]   Dump var nRowTopFooter : 28 Datatype : N

# Called from : 
VCONFIGTUI:INICOORDINATORS(1088)  
VCONFIGTUI:NEW(164)  
CONFIGTUISINGLETON(18)  
HBM_BOOTSTRAP(16)  
VEXECUTE:EXECFROMBUFF(449)  
VEXECUTE:EXECFROMPRG(208)  
HBMLOAD(24)  
HBMBOOTSTRAP(10)  
HBMSTART(4)  
MAIN(23)  
###################

20210630 - 00:58:51 >>  [DEBUG]   Dump var nRowBottomFooter : 30 Datatype : N

# Called from : 
VCONFIGTUI:INICOORDINATORS(1089)  
VCONFIGTUI:NEW(164)  
CONFIGTUISINGLETON(18)  
HBM_BOOTSTRAP(16)  
VEXECUTE:EXECFROMBUFF(449)  
VEXECUTE:EXECFROMPRG(208)  
HBMLOAD(24)  
HBMBOOTSTRAP(10)  
HBMSTART(4)  
MAIN(23)  
###################

20210630 - 00:58:51 >>  [DEBUG]  END BLOCK : Coordinators values     <%%%%|==========> ( * ) ( * )
20210630 - 00:59:02 >>  [DEBUG] BEGIN BLOCK : Coordinators values <------------ (^_^) [o_o] (^.^)  ('.') ($.$) ~~~~~~~   oOoOoOoOoOo oO0OoO0OoO0Oo 
20210630 - 00:59:02 >>  [DEBUG]   Dump var nColLeft : 0 Datatype : N

# Called from : 
VCONFIGTUI:INICOORDINATORS(1082)  
VCONFIGTUI:NEW(164)  
CONFIGTUISINGLETON(18)  
HBM_BOOTSTRAP(16)  
VEXECUTE:EXECFROMBUFF(449)  
VEXECUTE:EXECFROMPRG(208)  
HBMLOAD(24)  
HBMBOOTSTRAP(10)  
HBMSTART(4)  
MAIN(23)  
###################

20210630 - 00:59:02 >>  [DEBUG]   Dump var nColRight : 128 Datatype : N

# Called from : 
VCONFIGTUI:INICOORDINATORS(1083)  
VCONFIGTUI:NEW(164)  
CONFIGTUISINGLETON(18)  
HBM_BOOTSTRAP(16)  
VEXECUTE:EXECFROMBUFF(449)  
VEXECUTE:EXECFROMPRG(208)  
HBMLOAD(24)  
HBMBOOTSTRAP(10)  
HBMSTART(4)  
MAIN(23)  
###################

20210630 - 00:59:02 >>  [DEBUG]   Dump var nRowTopHead : 0 Datatype : N

# Called from : 
VCONFIGTUI:INICOORDINATORS(1084)  
VCONFIGTUI:NEW(164)  
CONFIGTUISINGLETON(18)  
HBM_BOOTSTRAP(16)  
VEXECUTE:EXECFROMBUFF(449)  
VEXECUTE:EXECFROMPRG(208)  
HBMLOAD(24)  
HBMBOOTSTRAP(10)  
HBMSTART(4)  
MAIN(23)  
###################

20210630 - 00:59:02 >>  [DEBUG]   Dump var nRowBottomHead : 3 Datatype : N

# Called from : 
VCONFIGTUI:INICOORDINATORS(1085)  
VCONFIGTUI:NEW(164)  
CONFIGTUISINGLETON(18)  
HBM_BOOTSTRAP(16)  
VEXECUTE:EXECFROMBUFF(449)  
VEXECUTE:EXECFROMPRG(208)  
HBMLOAD(24)  
HBMBOOTSTRAP(10)  
HBMSTART(4)  
MAIN(23)  
###################

20210630 - 00:59:02 >>  [DEBUG]   Dump var nRowTopContent : 4 Datatype : N

# Called from : 
VCONFIGTUI:INICOORDINATORS(1086)  
VCONFIGTUI:NEW(164)  
CONFIGTUISINGLETON(18)  
HBM_BOOTSTRAP(16)  
VEXECUTE:EXECFROMBUFF(449)  
VEXECUTE:EXECFROMPRG(208)  
HBMLOAD(24)  
HBMBOOTSTRAP(10)  
HBMSTART(4)  
MAIN(23)  
###################

20210630 - 00:59:02 >>  [DEBUG]   Dump var nRowBottomContent : 27 Datatype : N

# Called from : 
VCONFIGTUI:INICOORDINATORS(1087)  
VCONFIGTUI:NEW(164)  
CONFIGTUISINGLETON(18)  
HBM_BOOTSTRAP(16)  
VEXECUTE:EXECFROMBUFF(449)  
VEXECUTE:EXECFROMPRG(208)  
HBMLOAD(24)  
HBMBOOTSTRAP(10)  
HBMSTART(4)  
MAIN(23)  
###################

20210630 - 00:59:02 >>  [DEBUG]   Dump var nRowTopFooter : 28 Datatype : N

# Called from : 
VCONFIGTUI:INICOORDINATORS(1088)  
VCONFIGTUI:NEW(164)  
CONFIGTUISINGLETON(18)  
HBM_BOOTSTRAP(16)  
VEXECUTE:EXECFROMBUFF(449)  
VEXECUTE:EXECFROMPRG(208)  
HBMLOAD(24)  
HBMBOOTSTRAP(10)  
HBMSTART(4)  
MAIN(23)  
###################

20210630 - 00:59:02 >>  [DEBUG]   Dump var nRowBottomFooter : 30 Datatype : N

# Called from : 
VCONFIGTUI:INICOORDINATORS(1089)  
VCONFIGTUI:NEW(164)  
CONFIGTUISINGLETON(18)  
HBM_BOOTSTRAP(16)  
VEXECUTE:EXECFROMBUFF(449)  
VEXECUTE:EXECFROMPRG(208)  
HBMLOAD(24)  
HBMBOOTSTRAP(10)  
HBMSTART(4)  
MAIN(23)  
###################

20210630 - 00:59:02 >>  [DEBUG]  END BLOCK : Coordinators values     <%%%%|==========> ( * ) ( * )
20210630 - 01:02:07 >>  [DEBUG] BEGIN BLOCK : Coordinators values <------------ (^_^) [o_o] (^.^)  ('.') ($.$) ~~~~~~~   oOoOoOoOoOo oO0OoO0OoO0Oo 
20210630 - 01:02:07 >>  [DEBUG]   Dump var nColLeft : 0 Datatype : N

# Called from : 
VCONFIGTUI:INICOORDINATORS(1082)  
VCONFIGTUI:NEW(164)  
CONFIGTUISINGLETON(18)  
HBM_BOOTSTRAP(16)  
VEXECUTE:EXECFROMBUFF(449)  
VEXECUTE:EXECFROMPRG(208)  
HBMLOAD(24)  
HBMBOOTSTRAP(10)  
HBMSTART(4)  
MAIN(23)  
###################

20210630 - 01:02:07 >>  [DEBUG]   Dump var nColRight : 128 Datatype : N

# Called from : 
VCONFIGTUI:INICOORDINATORS(1083)  
VCONFIGTUI:NEW(164)  
CONFIGTUISINGLETON(18)  
HBM_BOOTSTRAP(16)  
VEXECUTE:EXECFROMBUFF(449)  
VEXECUTE:EXECFROMPRG(208)  
HBMLOAD(24)  
HBMBOOTSTRAP(10)  
HBMSTART(4)  
MAIN(23)  
###################

20210630 - 01:02:07 >>  [DEBUG]   Dump var nRowTopHead : 0 Datatype : N

# Called from : 
VCONFIGTUI:INICOORDINATORS(1084)  
VCONFIGTUI:NEW(164)  
CONFIGTUISINGLETON(18)  
HBM_BOOTSTRAP(16)  
VEXECUTE:EXECFROMBUFF(449)  
VEXECUTE:EXECFROMPRG(208)  
HBMLOAD(24)  
HBMBOOTSTRAP(10)  
HBMSTART(4)  
MAIN(23)  
###################

20210630 - 01:02:07 >>  [DEBUG]   Dump var nRowBottomHead : 3 Datatype : N

# Called from : 
VCONFIGTUI:INICOORDINATORS(1085)  
VCONFIGTUI:NEW(164)  
CONFIGTUISINGLETON(18)  
HBM_BOOTSTRAP(16)  
VEXECUTE:EXECFROMBUFF(449)  
VEXECUTE:EXECFROMPRG(208)  
HBMLOAD(24)  
HBMBOOTSTRAP(10)  
HBMSTART(4)  
MAIN(23)  
###################

20210630 - 01:02:07 >>  [DEBUG]   Dump var nRowTopContent : 4 Datatype : N

# Called from : 
VCONFIGTUI:INICOORDINATORS(1086)  
VCONFIGTUI:NEW(164)  
CONFIGTUISINGLETON(18)  
HBM_BOOTSTRAP(16)  
VEXECUTE:EXECFROMBUFF(449)  
VEXECUTE:EXECFROMPRG(208)  
HBMLOAD(24)  
HBMBOOTSTRAP(10)  
HBMSTART(4)  
MAIN(23)  
###################

20210630 - 01:02:07 >>  [DEBUG]   Dump var nRowBottomContent : 27 Datatype : N

# Called from : 
VCONFIGTUI:INICOORDINATORS(1087)  
VCONFIGTUI:NEW(164)  
CONFIGTUISINGLETON(18)  
HBM_BOOTSTRAP(16)  
VEXECUTE:EXECFROMBUFF(449)  
VEXECUTE:EXECFROMPRG(208)  
HBMLOAD(24)  
HBMBOOTSTRAP(10)  
HBMSTART(4)  
MAIN(23)  
###################

20210630 - 01:02:07 >>  [DEBUG]   Dump var nRowTopFooter : 28 Datatype : N

# Called from : 
VCONFIGTUI:INICOORDINATORS(1088)  
VCONFIGTUI:NEW(164)  
CONFIGTUISINGLETON(18)  
HBM_BOOTSTRAP(16)  
VEXECUTE:EXECFROMBUFF(449)  
VEXECUTE:EXECFROMPRG(208)  
HBMLOAD(24)  
HBMBOOTSTRAP(10)  
HBMSTART(4)  
MAIN(23)  
###################

20210630 - 01:02:07 >>  [DEBUG]   Dump var nRowBottomFooter : 30 Datatype : N

# Called from : 
VCONFIGTUI:INICOORDINATORS(1089)  
VCONFIGTUI:NEW(164)  
CONFIGTUISINGLETON(18)  
HBM_BOOTSTRAP(16)  
VEXECUTE:EXECFROMBUFF(449)  
VEXECUTE:EXECFROMPRG(208)  
HBMLOAD(24)  
HBMBOOTSTRAP(10)  
HBMSTART(4)  
MAIN(23)  
###################

20210630 - 01:02:07 >>  [DEBUG]  END BLOCK : Coordinators values     <%%%%|==========> ( * ) ( * )
20210630 - 01:17:11 >>  [DEBUG] BEGIN BLOCK : Coordinators values <------------ (^_^) [o_o] (^.^)  ('.') ($.$) ~~~~~~~   oOoOoOoOoOo oO0OoO0OoO0Oo 
20210630 - 01:17:11 >>  [DEBUG]   Dump var nColLeft : 0 Datatype : N

# Called from : 
VCONFIGTUI:INICOORDINATORS(1082)  
VCONFIGTUI:NEW(164)  
CONFIGTUISINGLETON(18)  
HBM_BOOTSTRAP(16)  
VEXECUTE:EXECFROMBUFF(449)  
VEXECUTE:EXECFROMPRG(208)  
HBMLOAD(24)  
HBMBOOTSTRAP(10)  
HBMSTART(4)  
MAIN(23)  
###################

20210630 - 01:17:11 >>  [DEBUG]   Dump var nColRight : 128 Datatype : N

# Called from : 
VCONFIGTUI:INICOORDINATORS(1083)  
VCONFIGTUI:NEW(164)  
CONFIGTUISINGLETON(18)  
HBM_BOOTSTRAP(16)  
VEXECUTE:EXECFROMBUFF(449)  
VEXECUTE:EXECFROMPRG(208)  
HBMLOAD(24)  
HBMBOOTSTRAP(10)  
HBMSTART(4)  
MAIN(23)  
###################

20210630 - 01:17:11 >>  [DEBUG]   Dump var nRowTopHead : 0 Datatype : N

# Called from : 
VCONFIGTUI:INICOORDINATORS(1084)  
VCONFIGTUI:NEW(164)  
CONFIGTUISINGLETON(18)  
HBM_BOOTSTRAP(16)  
VEXECUTE:EXECFROMBUFF(449)  
VEXECUTE:EXECFROMPRG(208)  
HBMLOAD(24)  
HBMBOOTSTRAP(10)  
HBMSTART(4)  
MAIN(23)  
###################

20210630 - 01:17:11 >>  [DEBUG]   Dump var nRowBottomHead : 3 Datatype : N

# Called from : 
VCONFIGTUI:INICOORDINATORS(1085)  
VCONFIGTUI:NEW(164)  
CONFIGTUISINGLETON(18)  
HBM_BOOTSTRAP(16)  
VEXECUTE:EXECFROMBUFF(449)  
VEXECUTE:EXECFROMPRG(208)  
HBMLOAD(24)  
HBMBOOTSTRAP(10)  
HBMSTART(4)  
MAIN(23)  
###################

20210630 - 01:17:11 >>  [DEBUG]   Dump var nRowTopContent : 4 Datatype : N

# Called from : 
VCONFIGTUI:INICOORDINATORS(1086)  
VCONFIGTUI:NEW(164)  
CONFIGTUISINGLETON(18)  
HBM_BOOTSTRAP(16)  
VEXECUTE:EXECFROMBUFF(449)  
VEXECUTE:EXECFROMPRG(208)  
HBMLOAD(24)  
HBMBOOTSTRAP(10)  
HBMSTART(4)  
MAIN(23)  
###################

20210630 - 01:17:11 >>  [DEBUG]   Dump var nRowBottomContent : 27 Datatype : N

# Called from : 
VCONFIGTUI:INICOORDINATORS(1087)  
VCONFIGTUI:NEW(164)  
CONFIGTUISINGLETON(18)  
HBM_BOOTSTRAP(16)  
VEXECUTE:EXECFROMBUFF(449)  
VEXECUTE:EXECFROMPRG(208)  
HBMLOAD(24)  
HBMBOOTSTRAP(10)  
HBMSTART(4)  
MAIN(23)  
###################

20210630 - 01:17:11 >>  [DEBUG]   Dump var nRowTopFooter : 28 Datatype : N

# Called from : 
VCONFIGTUI:INICOORDINATORS(1088)  
VCONFIGTUI:NEW(164)  
CONFIGTUISINGLETON(18)  
HBM_BOOTSTRAP(16)  
VEXECUTE:EXECFROMBUFF(449)  
VEXECUTE:EXECFROMPRG(208)  
HBMLOAD(24)  
HBMBOOTSTRAP(10)  
HBMSTART(4)  
MAIN(23)  
###################

20210630 - 01:17:11 >>  [DEBUG]   Dump var nRowBottomFooter : 30 Datatype : N

# Called from : 
VCONFIGTUI:INICOORDINATORS(1089)  
VCONFIGTUI:NEW(164)  
CONFIGTUISINGLETON(18)  
HBM_BOOTSTRAP(16)  
VEXECUTE:EXECFROMBUFF(449)  
VEXECUTE:EXECFROMPRG(208)  
HBMLOAD(24)  
HBMBOOTSTRAP(10)  
HBMSTART(4)  
MAIN(23)  
###################

20210630 - 01:17:11 >>  [DEBUG]  END BLOCK : Coordinators values     <%%%%|==========> ( * ) ( * )
20210630 - 01:25:31 >>  [DEBUG] BEGIN BLOCK : Coordinators values <------------ (^_^) [o_o] (^.^)  ('.') ($.$) ~~~~~~~   oOoOoOoOoOo oO0OoO0OoO0Oo 
20210630 - 01:25:31 >>  [DEBUG]   Dump var nColLeft : 0 Datatype : N

# Called from : 
VCONFIGTUI:INICOORDINATORS(1082)  
VCONFIGTUI:NEW(164)  
CONFIGTUISINGLETON(18)  
HBM_BOOTSTRAP(16)  
VEXECUTE:EXECFROMBUFF(449)  
VEXECUTE:EXECFROMPRG(208)  
HBMLOAD(24)  
HBMBOOTSTRAP(10)  
HBMSTART(4)  
MAIN(23)  
###################

20210630 - 01:25:31 >>  [DEBUG]   Dump var nColRight : 128 Datatype : N

# Called from : 
VCONFIGTUI:INICOORDINATORS(1083)  
VCONFIGTUI:NEW(164)  
CONFIGTUISINGLETON(18)  
HBM_BOOTSTRAP(16)  
VEXECUTE:EXECFROMBUFF(449)  
VEXECUTE:EXECFROMPRG(208)  
HBMLOAD(24)  
HBMBOOTSTRAP(10)  
HBMSTART(4)  
MAIN(23)  
###################

20210630 - 01:25:31 >>  [DEBUG]   Dump var nRowTopHead : 0 Datatype : N

# Called from : 
VCONFIGTUI:INICOORDINATORS(1084)  
VCONFIGTUI:NEW(164)  
CONFIGTUISINGLETON(18)  
HBM_BOOTSTRAP(16)  
VEXECUTE:EXECFROMBUFF(449)  
VEXECUTE:EXECFROMPRG(208)  
HBMLOAD(24)  
HBMBOOTSTRAP(10)  
HBMSTART(4)  
MAIN(23)  
###################

20210630 - 01:25:31 >>  [DEBUG]   Dump var nRowBottomHead : 3 Datatype : N

# Called from : 
VCONFIGTUI:INICOORDINATORS(1085)  
VCONFIGTUI:NEW(164)  
CONFIGTUISINGLETON(18)  
HBM_BOOTSTRAP(16)  
VEXECUTE:EXECFROMBUFF(449)  
VEXECUTE:EXECFROMPRG(208)  
HBMLOAD(24)  
HBMBOOTSTRAP(10)  
HBMSTART(4)  
MAIN(23)  
###################

20210630 - 01:25:31 >>  [DEBUG]   Dump var nRowTopContent : 4 Datatype : N

# Called from : 
VCONFIGTUI:INICOORDINATORS(1086)  
VCONFIGTUI:NEW(164)  
CONFIGTUISINGLETON(18)  
HBM_BOOTSTRAP(16)  
VEXECUTE:EXECFROMBUFF(449)  
VEXECUTE:EXECFROMPRG(208)  
HBMLOAD(24)  
HBMBOOTSTRAP(10)  
HBMSTART(4)  
MAIN(23)  
###################

20210630 - 01:25:31 >>  [DEBUG]   Dump var nRowBottomContent : 27 Datatype : N

# Called from : 
VCONFIGTUI:INICOORDINATORS(1087)  
VCONFIGTUI:NEW(164)  
CONFIGTUISINGLETON(18)  
HBM_BOOTSTRAP(16)  
VEXECUTE:EXECFROMBUFF(449)  
VEXECUTE:EXECFROMPRG(208)  
HBMLOAD(24)  
HBMBOOTSTRAP(10)  
HBMSTART(4)  
MAIN(23)  
###################

20210630 - 01:25:31 >>  [DEBUG]   Dump var nRowTopFooter : 28 Datatype : N

# Called from : 
VCONFIGTUI:INICOORDINATORS(1088)  
VCONFIGTUI:NEW(164)  
CONFIGTUISINGLETON(18)  
HBM_BOOTSTRAP(16)  
VEXECUTE:EXECFROMBUFF(449)  
VEXECUTE:EXECFROMPRG(208)  
HBMLOAD(24)  
HBMBOOTSTRAP(10)  
HBMSTART(4)  
MAIN(23)  
###################

20210630 - 01:25:31 >>  [DEBUG]   Dump var nRowBottomFooter : 30 Datatype : N

# Called from : 
VCONFIGTUI:INICOORDINATORS(1089)  
VCONFIGTUI:NEW(164)  
CONFIGTUISINGLETON(18)  
HBM_BOOTSTRAP(16)  
VEXECUTE:EXECFROMBUFF(449)  
VEXECUTE:EXECFROMPRG(208)  
HBMLOAD(24)  
HBMBOOTSTRAP(10)  
HBMSTART(4)  
MAIN(23)  
###################

20210630 - 01:25:31 >>  [DEBUG]  END BLOCK : Coordinators values     <%%%%|==========> ( * ) ( * )
20210630 - 01:42:07 >>  [DEBUG] BEGIN BLOCK : Coordinators values <------------ (^_^) [o_o] (^.^)  ('.') ($.$) ~~~~~~~   oOoOoOoOoOo oO0OoO0OoO0Oo 
20210630 - 01:42:07 >>  [DEBUG]   Dump var nColLeft : 0 Datatype : N

# Called from : 
VCONFIGTUI:INICOORDINATORS(1082)  
VCONFIGTUI:NEW(164)  
CONFIGTUISINGLETON(18)  
HBM_BOOTSTRAP(16)  
VEXECUTE:EXECFROMBUFF(449)  
VEXECUTE:EXECFROMPRG(208)  
HBMLOAD(24)  
HBMBOOTSTRAP(10)  
HBMSTART(4)  
MAIN(23)  
###################

20210630 - 01:42:07 >>  [DEBUG]   Dump var nColRight : 128 Datatype : N

# Called from : 
VCONFIGTUI:INICOORDINATORS(1083)  
VCONFIGTUI:NEW(164)  
CONFIGTUISINGLETON(18)  
HBM_BOOTSTRAP(16)  
VEXECUTE:EXECFROMBUFF(449)  
VEXECUTE:EXECFROMPRG(208)  
HBMLOAD(24)  
HBMBOOTSTRAP(10)  
HBMSTART(4)  
MAIN(23)  
###################

20210630 - 01:42:07 >>  [DEBUG]   Dump var nRowTopHead : 0 Datatype : N

# Called from : 
VCONFIGTUI:INICOORDINATORS(1084)  
VCONFIGTUI:NEW(164)  
CONFIGTUISINGLETON(18)  
HBM_BOOTSTRAP(16)  
VEXECUTE:EXECFROMBUFF(449)  
VEXECUTE:EXECFROMPRG(208)  
HBMLOAD(24)  
HBMBOOTSTRAP(10)  
HBMSTART(4)  
MAIN(23)  
###################

20210630 - 01:42:07 >>  [DEBUG]   Dump var nRowBottomHead : 3 Datatype : N

# Called from : 
VCONFIGTUI:INICOORDINATORS(1085)  
VCONFIGTUI:NEW(164)  
CONFIGTUISINGLETON(18)  
HBM_BOOTSTRAP(16)  
VEXECUTE:EXECFROMBUFF(449)  
VEXECUTE:EXECFROMPRG(208)  
HBMLOAD(24)  
HBMBOOTSTRAP(10)  
HBMSTART(4)  
MAIN(23)  
###################

20210630 - 01:42:07 >>  [DEBUG]   Dump var nRowTopContent : 4 Datatype : N

# Called from : 
VCONFIGTUI:INICOORDINATORS(1086)  
VCONFIGTUI:NEW(164)  
CONFIGTUISINGLETON(18)  
HBM_BOOTSTRAP(16)  
VEXECUTE:EXECFROMBUFF(449)  
VEXECUTE:EXECFROMPRG(208)  
HBMLOAD(24)  
HBMBOOTSTRAP(10)  
HBMSTART(4)  
MAIN(23)  
###################

20210630 - 01:42:07 >>  [DEBUG]   Dump var nRowBottomContent : 27 Datatype : N

# Called from : 
VCONFIGTUI:INICOORDINATORS(1087)  
VCONFIGTUI:NEW(164)  
CONFIGTUISINGLETON(18)  
HBM_BOOTSTRAP(16)  
VEXECUTE:EXECFROMBUFF(449)  
VEXECUTE:EXECFROMPRG(208)  
HBMLOAD(24)  
HBMBOOTSTRAP(10)  
HBMSTART(4)  
MAIN(23)  
###################

20210630 - 01:42:07 >>  [DEBUG]   Dump var nRowTopFooter : 28 Datatype : N

# Called from : 
VCONFIGTUI:INICOORDINATORS(1088)  
VCONFIGTUI:NEW(164)  
CONFIGTUISINGLETON(18)  
HBM_BOOTSTRAP(16)  
VEXECUTE:EXECFROMBUFF(449)  
VEXECUTE:EXECFROMPRG(208)  
HBMLOAD(24)  
HBMBOOTSTRAP(10)  
HBMSTART(4)  
MAIN(23)  
###################

20210630 - 01:42:07 >>  [DEBUG]   Dump var nRowBottomFooter : 30 Datatype : N

# Called from : 
VCONFIGTUI:INICOORDINATORS(1089)  
VCONFIGTUI:NEW(164)  
CONFIGTUISINGLETON(18)  
HBM_BOOTSTRAP(16)  
VEXECUTE:EXECFROMBUFF(449)  
VEXECUTE:EXECFROMPRG(208)  
HBMLOAD(24)  
HBMBOOTSTRAP(10)  
HBMSTART(4)  
MAIN(23)  
###################

20210630 - 01:42:07 >>  [DEBUG]  END BLOCK : Coordinators values     <%%%%|==========> ( * ) ( * )
20210630 - 01:42:27 >>  [DEBUG] BEGIN BLOCK : Coordinators values <------------ (^_^) [o_o] (^.^)  ('.') ($.$) ~~~~~~~   oOoOoOoOoOo oO0OoO0OoO0Oo 
20210630 - 01:42:27 >>  [DEBUG]   Dump var nColLeft : 0 Datatype : N

# Called from : 
VCONFIGTUI:INICOORDINATORS(1082)  
VCONFIGTUI:NEW(164)  
CONFIGTUISINGLETON(18)  
HBM_BOOTSTRAP(16)  
VEXECUTE:EXECFROMBUFF(449)  
VEXECUTE:EXECFROMPRG(208)  
HBMLOAD(24)  
HBMBOOTSTRAP(10)  
HBMSTART(4)  
MAIN(23)  
###################

20210630 - 01:42:27 >>  [DEBUG]   Dump var nColRight : 128 Datatype : N

# Called from : 
VCONFIGTUI:INICOORDINATORS(1083)  
VCONFIGTUI:NEW(164)  
CONFIGTUISINGLETON(18)  
HBM_BOOTSTRAP(16)  
VEXECUTE:EXECFROMBUFF(449)  
VEXECUTE:EXECFROMPRG(208)  
HBMLOAD(24)  
HBMBOOTSTRAP(10)  
HBMSTART(4)  
MAIN(23)  
###################

20210630 - 01:42:27 >>  [DEBUG]   Dump var nRowTopHead : 0 Datatype : N

# Called from : 
VCONFIGTUI:INICOORDINATORS(1084)  
VCONFIGTUI:NEW(164)  
CONFIGTUISINGLETON(18)  
HBM_BOOTSTRAP(16)  
VEXECUTE:EXECFROMBUFF(449)  
VEXECUTE:EXECFROMPRG(208)  
HBMLOAD(24)  
HBMBOOTSTRAP(10)  
HBMSTART(4)  
MAIN(23)  
###################

20210630 - 01:42:27 >>  [DEBUG]   Dump var nRowBottomHead : 3 Datatype : N

# Called from : 
VCONFIGTUI:INICOORDINATORS(1085)  
VCONFIGTUI:NEW(164)  
CONFIGTUISINGLETON(18)  
HBM_BOOTSTRAP(16)  
VEXECUTE:EXECFROMBUFF(449)  
VEXECUTE:EXECFROMPRG(208)  
HBMLOAD(24)  
HBMBOOTSTRAP(10)  
HBMSTART(4)  
MAIN(23)  
###################

20210630 - 01:42:27 >>  [DEBUG]   Dump var nRowTopContent : 4 Datatype : N

# Called from : 
VCONFIGTUI:INICOORDINATORS(1086)  
VCONFIGTUI:NEW(164)  
CONFIGTUISINGLETON(18)  
HBM_BOOTSTRAP(16)  
VEXECUTE:EXECFROMBUFF(449)  
VEXECUTE:EXECFROMPRG(208)  
HBMLOAD(24)  
HBMBOOTSTRAP(10)  
HBMSTART(4)  
MAIN(23)  
###################

20210630 - 01:42:27 >>  [DEBUG]   Dump var nRowBottomContent : 27 Datatype : N

# Called from : 
VCONFIGTUI:INICOORDINATORS(1087)  
VCONFIGTUI:NEW(164)  
CONFIGTUISINGLETON(18)  
HBM_BOOTSTRAP(16)  
VEXECUTE:EXECFROMBUFF(449)  
VEXECUTE:EXECFROMPRG(208)  
HBMLOAD(24)  
HBMBOOTSTRAP(10)  
HBMSTART(4)  
MAIN(23)  
###################

20210630 - 01:42:27 >>  [DEBUG]   Dump var nRowTopFooter : 28 Datatype : N

# Called from : 
VCONFIGTUI:INICOORDINATORS(1088)  
VCONFIGTUI:NEW(164)  
CONFIGTUISINGLETON(18)  
HBM_BOOTSTRAP(16)  
VEXECUTE:EXECFROMBUFF(449)  
VEXECUTE:EXECFROMPRG(208)  
HBMLOAD(24)  
HBMBOOTSTRAP(10)  
HBMSTART(4)  
MAIN(23)  
###################

20210630 - 01:42:27 >>  [DEBUG]   Dump var nRowBottomFooter : 30 Datatype : N

# Called from : 
VCONFIGTUI:INICOORDINATORS(1089)  
VCONFIGTUI:NEW(164)  
CONFIGTUISINGLETON(18)  
HBM_BOOTSTRAP(16)  
VEXECUTE:EXECFROMBUFF(449)  
VEXECUTE:EXECFROMPRG(208)  
HBMLOAD(24)  
HBMBOOTSTRAP(10)  
HBMSTART(4)  
MAIN(23)  
###################

20210630 - 01:42:27 >>  [DEBUG]  END BLOCK : Coordinators values     <%%%%|==========> ( * ) ( * )
20210630 - 01:42:48 >>  [DEBUG] BEGIN BLOCK : Coordinators values <------------ (^_^) [o_o] (^.^)  ('.') ($.$) ~~~~~~~   oOoOoOoOoOo oO0OoO0OoO0Oo 
20210630 - 01:42:48 >>  [DEBUG]   Dump var nColLeft : 0 Datatype : N

# Called from : 
VCONFIGTUI:INICOORDINATORS(1082)  
VCONFIGTUI:NEW(164)  
CONFIGTUISINGLETON(18)  
HBM_BOOTSTRAP(16)  
VEXECUTE:EXECFROMBUFF(449)  
VEXECUTE:EXECFROMHRB(136)  
HBMLOAD(22)  
HBMBOOTSTRAP(10)  
HBMSTART(4)  
MAIN(19)  
###################

20210630 - 01:42:48 >>  [DEBUG]   Dump var nColRight : 128 Datatype : N

# Called from : 
VCONFIGTUI:INICOORDINATORS(1083)  
VCONFIGTUI:NEW(164)  
CONFIGTUISINGLETON(18)  
HBM_BOOTSTRAP(16)  
VEXECUTE:EXECFROMBUFF(449)  
VEXECUTE:EXECFROMHRB(136)  
HBMLOAD(22)  
HBMBOOTSTRAP(10)  
HBMSTART(4)  
MAIN(19)  
###################

20210630 - 01:42:48 >>  [DEBUG]   Dump var nRowTopHead : 0 Datatype : N

# Called from : 
VCONFIGTUI:INICOORDINATORS(1084)  
VCONFIGTUI:NEW(164)  
CONFIGTUISINGLETON(18)  
HBM_BOOTSTRAP(16)  
VEXECUTE:EXECFROMBUFF(449)  
VEXECUTE:EXECFROMHRB(136)  
HBMLOAD(22)  
HBMBOOTSTRAP(10)  
HBMSTART(4)  
MAIN(19)  
###################

20210630 - 01:42:48 >>  [DEBUG]   Dump var nRowBottomHead : 3 Datatype : N

# Called from : 
VCONFIGTUI:INICOORDINATORS(1085)  
VCONFIGTUI:NEW(164)  
CONFIGTUISINGLETON(18)  
HBM_BOOTSTRAP(16)  
VEXECUTE:EXECFROMBUFF(449)  
VEXECUTE:EXECFROMHRB(136)  
HBMLOAD(22)  
HBMBOOTSTRAP(10)  
HBMSTART(4)  
MAIN(19)  
###################

20210630 - 01:42:48 >>  [DEBUG]   Dump var nRowTopContent : 4 Datatype : N

# Called from : 
VCONFIGTUI:INICOORDINATORS(1086)  
VCONFIGTUI:NEW(164)  
CONFIGTUISINGLETON(18)  
HBM_BOOTSTRAP(16)  
VEXECUTE:EXECFROMBUFF(449)  
VEXECUTE:EXECFROMHRB(136)  
HBMLOAD(22)  
HBMBOOTSTRAP(10)  
HBMSTART(4)  
MAIN(19)  
###################

20210630 - 01:42:48 >>  [DEBUG]   Dump var nRowBottomContent : 27 Datatype : N

# Called from : 
VCONFIGTUI:INICOORDINATORS(1087)  
VCONFIGTUI:NEW(164)  
CONFIGTUISINGLETON(18)  
HBM_BOOTSTRAP(16)  
VEXECUTE:EXECFROMBUFF(449)  
VEXECUTE:EXECFROMHRB(136)  
HBMLOAD(22)  
HBMBOOTSTRAP(10)  
HBMSTART(4)  
MAIN(19)  
###################

20210630 - 01:42:48 >>  [DEBUG]   Dump var nRowTopFooter : 28 Datatype : N

# Called from : 
VCONFIGTUI:INICOORDINATORS(1088)  
VCONFIGTUI:NEW(164)  
CONFIGTUISINGLETON(18)  
HBM_BOOTSTRAP(16)  
VEXECUTE:EXECFROMBUFF(449)  
VEXECUTE:EXECFROMHRB(136)  
HBMLOAD(22)  
HBMBOOTSTRAP(10)  
HBMSTART(4)  
MAIN(19)  
###################

20210630 - 01:42:48 >>  [DEBUG]   Dump var nRowBottomFooter : 30 Datatype : N

# Called from : 
VCONFIGTUI:INICOORDINATORS(1089)  
VCONFIGTUI:NEW(164)  
CONFIGTUISINGLETON(18)  
HBM_BOOTSTRAP(16)  
VEXECUTE:EXECFROMBUFF(449)  
VEXECUTE:EXECFROMHRB(136)  
HBMLOAD(22)  
HBMBOOTSTRAP(10)  
HBMSTART(4)  
MAIN(19)  
###################

20210630 - 01:42:48 >>  [DEBUG]  END BLOCK : Coordinators values     <%%%%|==========> ( * ) ( * )
20210630 - 01:44:12 >>  [DEBUG] BEGIN BLOCK : Coordinators values <------------ (^_^) [o_o] (^.^)  ('.') ($.$) ~~~~~~~   oOoOoOoOoOo oO0OoO0OoO0Oo 
20210630 - 01:44:12 >>  [DEBUG]   Dump var nColLeft : 0 Datatype : N

# Called from : 
VCONFIGTUI:INICOORDINATORS(1082)  
VCONFIGTUI:NEW(164)  
CONFIGTUISINGLETON(18)  
HBM_BOOTSTRAP(16)  
VEXECUTE:EXECFROMBUFF(449)  
VEXECUTE:EXECFROMHRB(136)  
HBMLOAD(22)  
HBMBOOTSTRAP(10)  
HBMSTART(4)  
MAIN(19)  
###################

20210630 - 01:44:12 >>  [DEBUG]   Dump var nColRight : 128 Datatype : N

# Called from : 
VCONFIGTUI:INICOORDINATORS(1083)  
VCONFIGTUI:NEW(164)  
CONFIGTUISINGLETON(18)  
HBM_BOOTSTRAP(16)  
VEXECUTE:EXECFROMBUFF(449)  
VEXECUTE:EXECFROMHRB(136)  
HBMLOAD(22)  
HBMBOOTSTRAP(10)  
HBMSTART(4)  
MAIN(19)  
###################

20210630 - 01:44:12 >>  [DEBUG]   Dump var nRowTopHead : 0 Datatype : N

# Called from : 
VCONFIGTUI:INICOORDINATORS(1084)  
VCONFIGTUI:NEW(164)  
CONFIGTUISINGLETON(18)  
HBM_BOOTSTRAP(16)  
VEXECUTE:EXECFROMBUFF(449)  
VEXECUTE:EXECFROMHRB(136)  
HBMLOAD(22)  
HBMBOOTSTRAP(10)  
HBMSTART(4)  
MAIN(19)  
###################

20210630 - 01:44:12 >>  [DEBUG]   Dump var nRowBottomHead : 3 Datatype : N

# Called from : 
VCONFIGTUI:INICOORDINATORS(1085)  
VCONFIGTUI:NEW(164)  
CONFIGTUISINGLETON(18)  
HBM_BOOTSTRAP(16)  
VEXECUTE:EXECFROMBUFF(449)  
VEXECUTE:EXECFROMHRB(136)  
HBMLOAD(22)  
HBMBOOTSTRAP(10)  
HBMSTART(4)  
MAIN(19)  
###################

20210630 - 01:44:12 >>  [DEBUG]   Dump var nRowTopContent : 4 Datatype : N

# Called from : 
VCONFIGTUI:INICOORDINATORS(1086)  
VCONFIGTUI:NEW(164)  
CONFIGTUISINGLETON(18)  
HBM_BOOTSTRAP(16)  
VEXECUTE:EXECFROMBUFF(449)  
VEXECUTE:EXECFROMHRB(136)  
HBMLOAD(22)  
HBMBOOTSTRAP(10)  
HBMSTART(4)  
MAIN(19)  
###################

20210630 - 01:44:12 >>  [DEBUG]   Dump var nRowBottomContent : 27 Datatype : N

# Called from : 
VCONFIGTUI:INICOORDINATORS(1087)  
VCONFIGTUI:NEW(164)  
CONFIGTUISINGLETON(18)  
HBM_BOOTSTRAP(16)  
VEXECUTE:EXECFROMBUFF(449)  
VEXECUTE:EXECFROMHRB(136)  
HBMLOAD(22)  
HBMBOOTSTRAP(10)  
HBMSTART(4)  
MAIN(19)  
###################

20210630 - 01:44:12 >>  [DEBUG]   Dump var nRowTopFooter : 28 Datatype : N

# Called from : 
VCONFIGTUI:INICOORDINATORS(1088)  
VCONFIGTUI:NEW(164)  
CONFIGTUISINGLETON(18)  
HBM_BOOTSTRAP(16)  
VEXECUTE:EXECFROMBUFF(449)  
VEXECUTE:EXECFROMHRB(136)  
HBMLOAD(22)  
HBMBOOTSTRAP(10)  
HBMSTART(4)  
MAIN(19)  
###################

20210630 - 01:44:12 >>  [DEBUG]   Dump var nRowBottomFooter : 30 Datatype : N

# Called from : 
VCONFIGTUI:INICOORDINATORS(1089)  
VCONFIGTUI:NEW(164)  
CONFIGTUISINGLETON(18)  
HBM_BOOTSTRAP(16)  
VEXECUTE:EXECFROMBUFF(449)  
VEXECUTE:EXECFROMHRB(136)  
HBMLOAD(22)  
HBMBOOTSTRAP(10)  
HBMSTART(4)  
MAIN(19)  
###################

20210630 - 01:44:12 >>  [DEBUG]  END BLOCK : Coordinators values     <%%%%|==========> ( * ) ( * )
20210630 - 15:27:29 >>  [DEBUG] BEGIN BLOCK : Coordinators values <------------ (^_^) [o_o] (^.^)  ('.') ($.$) ~~~~~~~   oOoOoOoOoOo oO0OoO0OoO0Oo 
20210630 - 15:27:29 >>  [DEBUG]   Dump var nColLeft : 0 Datatype : N

# Called from : 
VCONFIGTUI:INICOORDINATORS(1082)  
VCONFIGTUI:NEW(164)  
CONFIGTUISINGLETON(18)  
HBM_BOOTSTRAP(16)  
VEXECUTE:EXECFROMBUFF(449)  
VEXECUTE:EXECFROMHRB(136)  
HBMLOAD(22)  
HBMBOOTSTRAP(10)  
HBMSTART(4)  
MAIN(19)  
###################

20210630 - 15:27:29 >>  [DEBUG]   Dump var nColRight : 128 Datatype : N

# Called from : 
VCONFIGTUI:INICOORDINATORS(1083)  
VCONFIGTUI:NEW(164)  
CONFIGTUISINGLETON(18)  
HBM_BOOTSTRAP(16)  
VEXECUTE:EXECFROMBUFF(449)  
VEXECUTE:EXECFROMHRB(136)  
HBMLOAD(22)  
HBMBOOTSTRAP(10)  
HBMSTART(4)  
MAIN(19)  
###################

20210630 - 15:27:29 >>  [DEBUG]   Dump var nRowTopHead : 0 Datatype : N

# Called from : 
VCONFIGTUI:INICOORDINATORS(1084)  
VCONFIGTUI:NEW(164)  
CONFIGTUISINGLETON(18)  
HBM_BOOTSTRAP(16)  
VEXECUTE:EXECFROMBUFF(449)  
VEXECUTE:EXECFROMHRB(136)  
HBMLOAD(22)  
HBMBOOTSTRAP(10)  
HBMSTART(4)  
MAIN(19)  
###################

20210630 - 15:27:29 >>  [DEBUG]   Dump var nRowBottomHead : 3 Datatype : N

# Called from : 
VCONFIGTUI:INICOORDINATORS(1085)  
VCONFIGTUI:NEW(164)  
CONFIGTUISINGLETON(18)  
HBM_BOOTSTRAP(16)  
VEXECUTE:EXECFROMBUFF(449)  
VEXECUTE:EXECFROMHRB(136)  
HBMLOAD(22)  
HBMBOOTSTRAP(10)  
HBMSTART(4)  
MAIN(19)  
###################

20210630 - 15:27:29 >>  [DEBUG]   Dump var nRowTopContent : 4 Datatype : N

# Called from : 
VCONFIGTUI:INICOORDINATORS(1086)  
VCONFIGTUI:NEW(164)  
CONFIGTUISINGLETON(18)  
HBM_BOOTSTRAP(16)  
VEXECUTE:EXECFROMBUFF(449)  
VEXECUTE:EXECFROMHRB(136)  
HBMLOAD(22)  
HBMBOOTSTRAP(10)  
HBMSTART(4)  
MAIN(19)  
###################

20210630 - 15:27:29 >>  [DEBUG]   Dump var nRowBottomContent : 27 Datatype : N

# Called from : 
VCONFIGTUI:INICOORDINATORS(1087)  
VCONFIGTUI:NEW(164)  
CONFIGTUISINGLETON(18)  
HBM_BOOTSTRAP(16)  
VEXECUTE:EXECFROMBUFF(449)  
VEXECUTE:EXECFROMHRB(136)  
HBMLOAD(22)  
HBMBOOTSTRAP(10)  
HBMSTART(4)  
MAIN(19)  
###################

20210630 - 15:27:29 >>  [DEBUG]   Dump var nRowTopFooter : 28 Datatype : N

# Called from : 
VCONFIGTUI:INICOORDINATORS(1088)  
VCONFIGTUI:NEW(164)  
CONFIGTUISINGLETON(18)  
HBM_BOOTSTRAP(16)  
VEXECUTE:EXECFROMBUFF(449)  
VEXECUTE:EXECFROMHRB(136)  
HBMLOAD(22)  
HBMBOOTSTRAP(10)  
HBMSTART(4)  
MAIN(19)  
###################

20210630 - 15:27:29 >>  [DEBUG]   Dump var nRowBottomFooter : 30 Datatype : N

# Called from : 
VCONFIGTUI:INICOORDINATORS(1089)  
VCONFIGTUI:NEW(164)  
CONFIGTUISINGLETON(18)  
HBM_BOOTSTRAP(16)  
VEXECUTE:EXECFROMBUFF(449)  
VEXECUTE:EXECFROMHRB(136)  
HBMLOAD(22)  
HBMBOOTSTRAP(10)  
HBMSTART(4)  
MAIN(19)  
###################

20210630 - 15:27:29 >>  [DEBUG]  END BLOCK : Coordinators values     <%%%%|==========> ( * ) ( * )
