***************************** BEGIN LOG HEADER ************************************
File created at : 20210702 05:44:05
***************************** END LOG HEADER **************************************

20210702 - 05:44:05 >>  [ERROR] (CODE:20200625113952) Compilation errors when compilation code/adduser.prg : Compilation error : Can't open #include file 'adduser.txt'

# Called from : 
VCOMPILE:COMPILE(185)  
VCOMPILE:COMPILEANDSAVEBINARY(242)  
HBMCOMPILE(16)  
MAIN(30)  
###################

20210702 - 05:44:28 >>  [WARNING] Undefined operation in form TUI. ::cOper = 

# Called from : 
VGETCMD:SHOW(379)  
HBM_BOOTSTRAP(27)  
VEXECUTE:EXECFROMBUFF(449)  
VEXECUTE:EXECFROMPRG(208)  
HBMLOAD(24)  
HBMBOOTSTRAP(10)  
HBMSTART(4)  
MAIN(23)  
###################

20210702 - 05:44:30 >>  [INFO] After compile file code/adduser.prg. Ok.

# Called from : 
VCOMPILE:COMPILE(187)  
VEXECUTE:EXECFROMPRG(205)  
HBMLOAD(24)  
HBM_BOOTSTRAP(31)  
VEXECUTE:EXECFROMBUFF(449)  
VEXECUTE:EXECFROMPRG(208)  
HBMLOAD(24)  
HBMBOOTSTRAP(10)  
HBMSTART(4)  
MAIN(23)  
###################

20210702 - 05:44:30 >>  [INFO] Before send buffer to execute

# Called from : 
VEXECUTE:EXECFROMPRG(207)  
HBMLOAD(24)  
HBM_BOOTSTRAP(31)  
VEXECUTE:EXECFROMBUFF(449)  
VEXECUTE:EXECFROMPRG(208)  
HBMLOAD(24)  
HBMBOOTSTRAP(10)  
HBMSTART(4)  
MAIN(23)  
###################

20210702 - 05:44:30 >>  [INFO] Before load buffer. Function : hbm_adduser

# Called from : 
VEXECUTE:EXECFROMBUFF(426)  
VEXECUTE:EXECFROMPRG(208)  
HBMLOAD(24)  
HBM_BOOTSTRAP(31)  
VEXECUTE:EXECFROMBUFF(449)  
VEXECUTE:EXECFROMPRG(208)  
HBMLOAD(24)  
HBMBOOTSTRAP(10)  
HBMSTART(4)  
MAIN(23)  
###################

20210702 - 05:44:30 >>  [INFO] Before execute function hbm_adduser

# Called from : 
VEXECUTE:EXECFROMBUFF(448)  
VEXECUTE:EXECFROMPRG(208)  
HBMLOAD(24)  
HBM_BOOTSTRAP(31)  
VEXECUTE:EXECFROMBUFF(449)  
VEXECUTE:EXECFROMPRG(208)  
HBMLOAD(24)  
HBMBOOTSTRAP(10)  
HBMSTART(4)  
MAIN(23)  
###################

20210702 - 05:44:30 >>  [WARNING] Undefined operation in form TUI. ::cOper = 

# Called from : 
VGETCMD:SHOW(379)  
HBM_ADDUSER(22)  
VEXECUTE:EXECFROMBUFF(449)  
VEXECUTE:EXECFROMPRG(208)  
HBMLOAD(24)  
HBM_BOOTSTRAP(31)  
VEXECUTE:EXECFROMBUFF(449)  
VEXECUTE:EXECFROMPRG(208)  
HBMLOAD(24)  
HBMBOOTSTRAP(10)  
HBMSTART(4)  
MAIN(23)  
###################

20210702 - 05:44:37 >>  [INFO] After execute with return : .T.

# Called from : 
VEXECUTE:EXECFROMBUFF(450)  
VEXECUTE:EXECFROMPRG(208)  
HBMLOAD(24)  
HBM_BOOTSTRAP(31)  
VEXECUTE:EXECFROMBUFF(449)  
VEXECUTE:EXECFROMPRG(208)  
HBMLOAD(24)  
HBMBOOTSTRAP(10)  
HBMSTART(4)  
MAIN(23)  
###################

20210702 - 05:44:37 >>  [INFO] After send buffer to execute

# Called from : 
VEXECUTE:EXECFROMPRG(209)  
HBMLOAD(24)  
HBM_BOOTSTRAP(31)  
VEXECUTE:EXECFROMBUFF(449)  
VEXECUTE:EXECFROMPRG(208)  
HBMLOAD(24)  
HBMBOOTSTRAP(10)  
HBMSTART(4)  
MAIN(23)  
###################

20210702 - 05:44:37 >>  [WARNING] Undefined operation in form TUI. ::cOper = 

# Called from : 
VGETCMD:SHOW(379)  
HBM_BOOTSTRAP(27)  
VEXECUTE:EXECFROMBUFF(449)  
VEXECUTE:EXECFROMPRG(208)  
HBMLOAD(24)  
HBMBOOTSTRAP(10)  
HBMSTART(4)  
MAIN(23)  
###################

20210702 - 05:45:19 >>  [WARNING] Undefined operation in form TUI. ::cOper = 

# Called from : 
VGETCMD:SHOW(379)  
HBM_BOOTSTRAP(27)  
VEXECUTE:EXECFROMBUFF(449)  
VEXECUTE:EXECFROMPRG(208)  
HBMLOAD(24)  
HBMBOOTSTRAP(10)  
HBMSTART(4)  
MAIN(23)  
###################

20210702 - 05:45:19 >>  [INFO] After execute with return : NIL

# Called from : 
VEXECUTE:EXECFROMBUFF(450)  
VEXECUTE:EXECFROMPRG(208)  
HBMLOAD(24)  
HBMBOOTSTRAP(10)  
HBMSTART(4)  
MAIN(23)  
###################

20210702 - 05:45:19 >>  [INFO] After send buffer to execute

# Called from : 
VEXECUTE:EXECFROMPRG(209)  
HBMLOAD(24)  
HBMBOOTSTRAP(10)  
HBMSTART(4)  
MAIN(23)  
###################

20210702 - 05:45:21 >>  [WARNING] Undefined operation in form TUI. ::cOper = 

# Called from : 
VGETCMD:SHOW(379)  
HBM_BOOTSTRAP(27)  
VEXECUTE:EXECFROMBUFF(449)  
VEXECUTE:EXECFROMPRG(208)  
HBMLOAD(24)  
HBMBOOTSTRAP(10)  
HBMSTART(4)  
MAIN(23)  
###################

20210702 - 05:45:23 >>  [INFO] After compile file code/adduser.prg. Ok.

# Called from : 
VCOMPILE:COMPILE(187)  
VEXECUTE:EXECFROMPRG(205)  
HBMLOAD(24)  
HBM_BOOTSTRAP(31)  
VEXECUTE:EXECFROMBUFF(449)  
VEXECUTE:EXECFROMPRG(208)  
HBMLOAD(24)  
HBMBOOTSTRAP(10)  
HBMSTART(4)  
MAIN(23)  
###################

20210702 - 05:45:23 >>  [INFO] Before send buffer to execute

# Called from : 
VEXECUTE:EXECFROMPRG(207)  
HBMLOAD(24)  
HBM_BOOTSTRAP(31)  
VEXECUTE:EXECFROMBUFF(449)  
VEXECUTE:EXECFROMPRG(208)  
HBMLOAD(24)  
HBMBOOTSTRAP(10)  
HBMSTART(4)  
MAIN(23)  
###################

20210702 - 05:45:23 >>  [INFO] Before load buffer. Function : hbm_adduser

# Called from : 
VEXECUTE:EXECFROMBUFF(426)  
VEXECUTE:EXECFROMPRG(208)  
HBMLOAD(24)  
HBM_BOOTSTRAP(31)  
VEXECUTE:EXECFROMBUFF(449)  
VEXECUTE:EXECFROMPRG(208)  
HBMLOAD(24)  
HBMBOOTSTRAP(10)  
HBMSTART(4)  
MAIN(23)  
###################

20210702 - 05:45:23 >>  [INFO] Before execute function hbm_adduser

# Called from : 
VEXECUTE:EXECFROMBUFF(448)  
VEXECUTE:EXECFROMPRG(208)  
HBMLOAD(24)  
HBM_BOOTSTRAP(31)  
VEXECUTE:EXECFROMBUFF(449)  
VEXECUTE:EXECFROMPRG(208)  
HBMLOAD(24)  
HBMBOOTSTRAP(10)  
HBMSTART(4)  
MAIN(23)  
###################

20210702 - 05:45:23 >>  [WARNING] Undefined operation in form TUI. ::cOper = 

# Called from : 
VGETCMD:SHOW(379)  
HBM_ADDUSER(22)  
VEXECUTE:EXECFROMBUFF(449)  
VEXECUTE:EXECFROMPRG(208)  
HBMLOAD(24)  
HBM_BOOTSTRAP(31)  
VEXECUTE:EXECFROMBUFF(449)  
VEXECUTE:EXECFROMPRG(208)  
HBMLOAD(24)  
HBMBOOTSTRAP(10)  
HBMSTART(4)  
MAIN(23)  
###################

20210702 - 05:45:25 >>  [INFO] After execute with return : .T.

# Called from : 
VEXECUTE:EXECFROMBUFF(450)  
VEXECUTE:EXECFROMPRG(208)  
HBMLOAD(24)  
HBM_BOOTSTRAP(31)  
VEXECUTE:EXECFROMBUFF(449)  
VEXECUTE:EXECFROMPRG(208)  
HBMLOAD(24)  
HBMBOOTSTRAP(10)  
HBMSTART(4)  
MAIN(23)  
###################

20210702 - 05:45:25 >>  [INFO] After send buffer to execute

# Called from : 
VEXECUTE:EXECFROMPRG(209)  
HBMLOAD(24)  
HBM_BOOTSTRAP(31)  
VEXECUTE:EXECFROMBUFF(449)  
VEXECUTE:EXECFROMPRG(208)  
HBMLOAD(24)  
HBMBOOTSTRAP(10)  
HBMSTART(4)  
MAIN(23)  
###################

20210702 - 05:45:25 >>  [WARNING] Undefined operation in form TUI. ::cOper = 

# Called from : 
VGETCMD:SHOW(379)  
HBM_BOOTSTRAP(27)  
VEXECUTE:EXECFROMBUFF(449)  
VEXECUTE:EXECFROMPRG(208)  
HBMLOAD(24)  
HBMBOOTSTRAP(10)  
HBMSTART(4)  
MAIN(23)  
###################

20210702 - 05:45:27 >>  [INFO] After execute with return : NIL

# Called from : 
VEXECUTE:EXECFROMBUFF(450)  
VEXECUTE:EXECFROMPRG(208)  
HBMLOAD(24)  
HBMBOOTSTRAP(10)  
HBMSTART(4)  
MAIN(23)  
###################

20210702 - 05:45:27 >>  [INFO] After send buffer to execute

# Called from : 
VEXECUTE:EXECFROMPRG(209)  
HBMLOAD(24)  
HBMBOOTSTRAP(10)  
HBMSTART(4)  
MAIN(23)  
###################

20210702 - 05:46:03 >>  [WARNING] Undefined operation in form TUI. ::cOper = 

# Called from : 
VGETCMD:SHOW(379)  
HBM_BOOTSTRAP(27)  
VEXECUTE:EXECFROMBUFF(449)  
VEXECUTE:EXECFROMPRG(208)  
HBMLOAD(24)  
HBMBOOTSTRAP(10)  
HBMSTART(4)  
MAIN(23)  
###################

20210702 - 05:46:05 >>  [WARNING] Undefined operation in form TUI. ::cOper = 

# Called from : 
VGETCMD:SHOW(379)  
HBM_BOOTSTRAP(27)  
VEXECUTE:EXECFROMBUFF(449)  
VEXECUTE:EXECFROMPRG(208)  
HBMLOAD(24)  
HBMBOOTSTRAP(10)  
HBMSTART(4)  
MAIN(23)  
###################

20210702 - 05:46:07 >>  [INFO] After compile file code/adduser.prg. Ok.

# Called from : 
VCOMPILE:COMPILE(187)  
VEXECUTE:EXECFROMPRG(205)  
HBMLOAD(24)  
HBM_BOOTSTRAP(31)  
VEXECUTE:EXECFROMBUFF(449)  
VEXECUTE:EXECFROMPRG(208)  
HBMLOAD(24)  
HBMBOOTSTRAP(10)  
HBMSTART(4)  
MAIN(23)  
###################

20210702 - 05:46:07 >>  [INFO] Before send buffer to execute

# Called from : 
VEXECUTE:EXECFROMPRG(207)  
HBMLOAD(24)  
HBM_BOOTSTRAP(31)  
VEXECUTE:EXECFROMBUFF(449)  
VEXECUTE:EXECFROMPRG(208)  
HBMLOAD(24)  
HBMBOOTSTRAP(10)  
HBMSTART(4)  
MAIN(23)  
###################

20210702 - 05:46:07 >>  [INFO] Before load buffer. Function : hbm_adduser

# Called from : 
VEXECUTE:EXECFROMBUFF(426)  
VEXECUTE:EXECFROMPRG(208)  
HBMLOAD(24)  
HBM_BOOTSTRAP(31)  
VEXECUTE:EXECFROMBUFF(449)  
VEXECUTE:EXECFROMPRG(208)  
HBMLOAD(24)  
HBMBOOTSTRAP(10)  
HBMSTART(4)  
MAIN(23)  
###################

20210702 - 05:46:07 >>  [INFO] Before execute function hbm_adduser

# Called from : 
VEXECUTE:EXECFROMBUFF(448)  
VEXECUTE:EXECFROMPRG(208)  
HBMLOAD(24)  
HBM_BOOTSTRAP(31)  
VEXECUTE:EXECFROMBUFF(449)  
VEXECUTE:EXECFROMPRG(208)  
HBMLOAD(24)  
HBMBOOTSTRAP(10)  
HBMSTART(4)  
MAIN(23)  
###################

20210702 - 05:46:07 >>  [WARNING] Undefined operation in form TUI. ::cOper = 

# Called from : 
VGETCMD:SHOW(379)  
HBM_ADDUSER(22)  
VEXECUTE:EXECFROMBUFF(449)  
VEXECUTE:EXECFROMPRG(208)  
HBMLOAD(24)  
HBM_BOOTSTRAP(31)  
VEXECUTE:EXECFROMBUFF(449)  
VEXECUTE:EXECFROMPRG(208)  
HBMLOAD(24)  
HBMBOOTSTRAP(10)  
HBMSTART(4)  
MAIN(23)  
###################

20210702 - 05:47:46 >>  [INFO] After execute with return : .F.

# Called from : 
VEXECUTE:EXECFROMBUFF(450)  
VEXECUTE:EXECFROMPRG(208)  
HBMLOAD(24)  
HBM_BOOTSTRAP(31)  
VEXECUTE:EXECFROMBUFF(449)  
VEXECUTE:EXECFROMPRG(208)  
HBMLOAD(24)  
HBMBOOTSTRAP(10)  
HBMSTART(4)  
MAIN(23)  
###################

20210702 - 05:47:46 >>  [INFO] After send buffer to execute

# Called from : 
VEXECUTE:EXECFROMPRG(209)  
HBMLOAD(24)  
HBM_BOOTSTRAP(31)  
VEXECUTE:EXECFROMBUFF(449)  
VEXECUTE:EXECFROMPRG(208)  
HBMLOAD(24)  
HBMBOOTSTRAP(10)  
HBMSTART(4)  
MAIN(23)  
###################

20210702 - 05:47:46 >>  [WARNING] Undefined operation in form TUI. ::cOper = 

# Called from : 
VGETCMD:SHOW(379)  
HBM_BOOTSTRAP(27)  
VEXECUTE:EXECFROMBUFF(449)  
VEXECUTE:EXECFROMPRG(208)  
HBMLOAD(24)  
HBMBOOTSTRAP(10)  
HBMSTART(4)  
MAIN(23)  
###################

20210702 - 05:47:51 >>  [INFO] After execute with return : NIL

# Called from : 
VEXECUTE:EXECFROMBUFF(450)  
VEXECUTE:EXECFROMPRG(208)  
HBMLOAD(24)  
HBMBOOTSTRAP(10)  
HBMSTART(4)  
MAIN(23)  
###################

20210702 - 05:47:51 >>  [INFO] After send buffer to execute

# Called from : 
VEXECUTE:EXECFROMPRG(209)  
HBMLOAD(24)  
HBMBOOTSTRAP(10)  
HBMSTART(4)  
MAIN(23)  
###################

20210702 - 05:47:53 >>  [WARNING] Undefined operation in form TUI. ::cOper = 

# Called from : 
VGETCMD:SHOW(379)  
HBM_BOOTSTRAP(27)  
VEXECUTE:EXECFROMBUFF(449)  
VEXECUTE:EXECFROMPRG(208)  
HBMLOAD(24)  
HBMBOOTSTRAP(10)  
HBMSTART(4)  
MAIN(23)  
###################

20210702 - 05:48:00 >>  [INFO] After execute with return : NIL

# Called from : 
VEXECUTE:EXECFROMBUFF(450)  
VEXECUTE:EXECFROMPRG(208)  
HBMLOAD(24)  
HBMBOOTSTRAP(10)  
HBMSTART(4)  
MAIN(23)  
###################

20210702 - 05:48:00 >>  [INFO] After send buffer to execute

# Called from : 
VEXECUTE:EXECFROMPRG(209)  
HBMLOAD(24)  
HBMBOOTSTRAP(10)  
HBMSTART(4)  
MAIN(23)  
###################

20210702 - 05:49:40 >>  [WARNING] Undefined operation in form TUI. ::cOper = 

# Called from : 
VGETCMD:SHOW(379)  
HBM_BOOTSTRAP(27)  
VEXECUTE:EXECFROMBUFF(449)  
VEXECUTE:EXECFROMPRG(208)  
HBMLOAD(24)  
HBMBOOTSTRAP(10)  
HBMSTART(4)  
MAIN(23)  
###################

20210702 - 05:49:41 >>  [INFO] After execute with return : NIL

# Called from : 
VEXECUTE:EXECFROMBUFF(450)  
VEXECUTE:EXECFROMPRG(208)  
HBMLOAD(24)  
HBMBOOTSTRAP(10)  
HBMSTART(4)  
MAIN(23)  
###################

20210702 - 05:49:41 >>  [INFO] After send buffer to execute

# Called from : 
VEXECUTE:EXECFROMPRG(209)  
HBMLOAD(24)  
HBMBOOTSTRAP(10)  
HBMSTART(4)  
MAIN(23)  
###################

20210702 - 05:50:29 >>  [WARNING] Undefined operation in form TUI. ::cOper = 

# Called from : 
VGETCMD:SHOW(379)  
HBM_BOOTSTRAP(27)  
VEXECUTE:EXECFROMBUFF(449)  
VEXECUTE:EXECFROMPRG(208)  
HBMLOAD(24)  
HBMBOOTSTRAP(10)  
HBMSTART(4)  
MAIN(23)  
###################

20210702 - 05:50:31 >>  [INFO] After compile file code/adduser.prg. Ok.

# Called from : 
VCOMPILE:COMPILE(187)  
VEXECUTE:EXECFROMPRG(205)  
HBMLOAD(24)  
HBM_BOOTSTRAP(31)  
VEXECUTE:EXECFROMBUFF(449)  
VEXECUTE:EXECFROMPRG(208)  
HBMLOAD(24)  
HBMBOOTSTRAP(10)  
HBMSTART(4)  
MAIN(23)  
###################

20210702 - 05:50:31 >>  [INFO] Before send buffer to execute

# Called from : 
VEXECUTE:EXECFROMPRG(207)  
HBMLOAD(24)  
HBM_BOOTSTRAP(31)  
VEXECUTE:EXECFROMBUFF(449)  
VEXECUTE:EXECFROMPRG(208)  
HBMLOAD(24)  
HBMBOOTSTRAP(10)  
HBMSTART(4)  
MAIN(23)  
###################

20210702 - 05:50:31 >>  [INFO] Before load buffer. Function : hbm_adduser

# Called from : 
VEXECUTE:EXECFROMBUFF(426)  
VEXECUTE:EXECFROMPRG(208)  
HBMLOAD(24)  
HBM_BOOTSTRAP(31)  
VEXECUTE:EXECFROMBUFF(449)  
VEXECUTE:EXECFROMPRG(208)  
HBMLOAD(24)  
HBMBOOTSTRAP(10)  
HBMSTART(4)  
MAIN(23)  
###################

20210702 - 05:50:31 >>  [INFO] Before execute function hbm_adduser

# Called from : 
VEXECUTE:EXECFROMBUFF(448)  
VEXECUTE:EXECFROMPRG(208)  
HBMLOAD(24)  
HBM_BOOTSTRAP(31)  
VEXECUTE:EXECFROMBUFF(449)  
VEXECUTE:EXECFROMPRG(208)  
HBMLOAD(24)  
HBMBOOTSTRAP(10)  
HBMSTART(4)  
MAIN(23)  
###################

20210702 - 05:50:31 >>  [WARNING] Undefined operation in form TUI. ::cOper = 

# Called from : 
VGETCMD:SHOW(379)  
HBM_ADDUSER(23)  
VEXECUTE:EXECFROMBUFF(449)  
VEXECUTE:EXECFROMPRG(208)  
HBMLOAD(24)  
HBM_BOOTSTRAP(31)  
VEXECUTE:EXECFROMBUFF(449)  
VEXECUTE:EXECFROMPRG(208)  
HBMLOAD(24)  
HBMBOOTSTRAP(10)  
HBMSTART(4)  
MAIN(23)  
###################

20210702 - 05:50:31 >>  [WARNING] Undefined operation in form TUI. ::cOper = 

# Called from : 
VGETCMD:SHOW(379)  
HBM_ADDUSER(23)  
VEXECUTE:EXECFROMBUFF(449)  
VEXECUTE:EXECFROMPRG(208)  
HBMLOAD(24)  
HBM_BOOTSTRAP(31)  
VEXECUTE:EXECFROMBUFF(449)  
VEXECUTE:EXECFROMPRG(208)  
HBMLOAD(24)  
HBMBOOTSTRAP(10)  
HBMSTART(4)  
MAIN(23)  
###################

20210702 - 05:50:39 >>  [INFO] After execute with return : .F.

# Called from : 
VEXECUTE:EXECFROMBUFF(450)  
VEXECUTE:EXECFROMPRG(208)  
HBMLOAD(24)  
HBM_BOOTSTRAP(31)  
VEXECUTE:EXECFROMBUFF(449)  
VEXECUTE:EXECFROMPRG(208)  
HBMLOAD(24)  
HBMBOOTSTRAP(10)  
HBMSTART(4)  
MAIN(23)  
###################

20210702 - 05:50:39 >>  [INFO] After send buffer to execute

# Called from : 
VEXECUTE:EXECFROMPRG(209)  
HBMLOAD(24)  
HBM_BOOTSTRAP(31)  
VEXECUTE:EXECFROMBUFF(449)  
VEXECUTE:EXECFROMPRG(208)  
HBMLOAD(24)  
HBMBOOTSTRAP(10)  
HBMSTART(4)  
MAIN(23)  
###################

20210702 - 05:50:39 >>  [WARNING] Undefined operation in form TUI. ::cOper = 

# Called from : 
VGETCMD:SHOW(379)  
HBM_BOOTSTRAP(27)  
VEXECUTE:EXECFROMBUFF(449)  
VEXECUTE:EXECFROMPRG(208)  
HBMLOAD(24)  
HBMBOOTSTRAP(10)  
HBMSTART(4)  
MAIN(23)  
###################

20210702 - 05:50:40 >>  [INFO] After execute with return : NIL

# Called from : 
VEXECUTE:EXECFROMBUFF(450)  
VEXECUTE:EXECFROMPRG(208)  
HBMLOAD(24)  
HBMBOOTSTRAP(10)  
HBMSTART(4)  
MAIN(23)  
###################

20210702 - 05:50:40 >>  [INFO] After send buffer to execute

# Called from : 
VEXECUTE:EXECFROMPRG(209)  
HBMLOAD(24)  
HBMBOOTSTRAP(10)  
HBMSTART(4)  
MAIN(23)  
###################

20210702 - 05:51:03 >>  [WARNING] Undefined operation in form TUI. ::cOper = 

# Called from : 
VGETCMD:SHOW(379)  
HBM_BOOTSTRAP(27)  
VEXECUTE:EXECFROMBUFF(449)  
VEXECUTE:EXECFROMPRG(208)  
HBMLOAD(24)  
HBMBOOTSTRAP(10)  
HBMSTART(4)  
MAIN(23)  
###################

20210702 - 05:51:05 >>  [INFO] After compile file code/adduser.prg. Ok.

# Called from : 
VCOMPILE:COMPILE(187)  
VEXECUTE:EXECFROMPRG(205)  
HBMLOAD(24)  
HBM_BOOTSTRAP(31)  
VEXECUTE:EXECFROMBUFF(449)  
VEXECUTE:EXECFROMPRG(208)  
HBMLOAD(24)  
HBMBOOTSTRAP(10)  
HBMSTART(4)  
MAIN(23)  
###################

20210702 - 05:51:05 >>  [INFO] Before send buffer to execute

# Called from : 
VEXECUTE:EXECFROMPRG(207)  
HBMLOAD(24)  
HBM_BOOTSTRAP(31)  
VEXECUTE:EXECFROMBUFF(449)  
VEXECUTE:EXECFROMPRG(208)  
HBMLOAD(24)  
HBMBOOTSTRAP(10)  
HBMSTART(4)  
MAIN(23)  
###################

20210702 - 05:51:05 >>  [INFO] Before load buffer. Function : hbm_adduser

# Called from : 
VEXECUTE:EXECFROMBUFF(426)  
VEXECUTE:EXECFROMPRG(208)  
HBMLOAD(24)  
HBM_BOOTSTRAP(31)  
VEXECUTE:EXECFROMBUFF(449)  
VEXECUTE:EXECFROMPRG(208)  
HBMLOAD(24)  
HBMBOOTSTRAP(10)  
HBMSTART(4)  
MAIN(23)  
###################

20210702 - 05:51:05 >>  [INFO] Before execute function hbm_adduser

# Called from : 
VEXECUTE:EXECFROMBUFF(448)  
VEXECUTE:EXECFROMPRG(208)  
HBMLOAD(24)  
HBM_BOOTSTRAP(31)  
VEXECUTE:EXECFROMBUFF(449)  
VEXECUTE:EXECFROMPRG(208)  
HBMLOAD(24)  
HBMBOOTSTRAP(10)  
HBMSTART(4)  
MAIN(23)  
###################

20210702 - 05:51:05 >>  [WARNING] Undefined operation in form TUI. ::cOper = 

# Called from : 
VGETCMD:SHOW(379)  
HBM_ADDUSER(23)  
VEXECUTE:EXECFROMBUFF(449)  
VEXECUTE:EXECFROMPRG(208)  
HBMLOAD(24)  
HBM_BOOTSTRAP(31)  
VEXECUTE:EXECFROMBUFF(449)  
VEXECUTE:EXECFROMPRG(208)  
HBMLOAD(24)  
HBMBOOTSTRAP(10)  
HBMSTART(4)  
MAIN(23)  
###################

20210702 - 05:51:05 >>  [WARNING] Undefined operation in form TUI. ::cOper = 

# Called from : 
VGETCMD:SHOW(379)  
HBM_ADDUSER(23)  
VEXECUTE:EXECFROMBUFF(449)  
VEXECUTE:EXECFROMPRG(208)  
HBMLOAD(24)  
HBM_BOOTSTRAP(31)  
VEXECUTE:EXECFROMBUFF(449)  
VEXECUTE:EXECFROMPRG(208)  
HBMLOAD(24)  
HBMBOOTSTRAP(10)  
HBMSTART(4)  
MAIN(23)  
###################

20210702 - 05:54:20 >>  [INFO] After execute with return : .T.

# Called from : 
VEXECUTE:EXECFROMBUFF(450)  
VEXECUTE:EXECFROMPRG(208)  
HBMLOAD(24)  
HBM_BOOTSTRAP(31)  
VEXECUTE:EXECFROMBUFF(449)  
VEXECUTE:EXECFROMPRG(208)  
HBMLOAD(24)  
HBMBOOTSTRAP(10)  
HBMSTART(4)  
MAIN(23)  
###################

20210702 - 05:54:20 >>  [INFO] After send buffer to execute

# Called from : 
VEXECUTE:EXECFROMPRG(209)  
HBMLOAD(24)  
HBM_BOOTSTRAP(31)  
VEXECUTE:EXECFROMBUFF(449)  
VEXECUTE:EXECFROMPRG(208)  
HBMLOAD(24)  
HBMBOOTSTRAP(10)  
HBMSTART(4)  
MAIN(23)  
###################

20210702 - 05:54:20 >>  [WARNING] Undefined operation in form TUI. ::cOper = 

# Called from : 
VGETCMD:SHOW(379)  
HBM_BOOTSTRAP(27)  
VEXECUTE:EXECFROMBUFF(449)  
VEXECUTE:EXECFROMPRG(208)  
HBMLOAD(24)  
HBMBOOTSTRAP(10)  
HBMSTART(4)  
MAIN(23)  
###################

20210702 - 05:54:32 >>  [INFO] After execute with return : NIL

# Called from : 
VEXECUTE:EXECFROMBUFF(450)  
VEXECUTE:EXECFROMPRG(208)  
HBMLOAD(24)  
HBMBOOTSTRAP(10)  
HBMSTART(4)  
MAIN(23)  
###################

20210702 - 05:54:32 >>  [INFO] After send buffer to execute

# Called from : 
VEXECUTE:EXECFROMPRG(209)  
HBMLOAD(24)  
HBMBOOTSTRAP(10)  
HBMSTART(4)  
MAIN(23)  
###################

20210702 - 05:57:50 >>  [WARNING] Undefined operation in form TUI. ::cOper = 

# Called from : 
VGETCMD:SHOW(379)  
HBM_BOOTSTRAP(27)  
VEXECUTE:EXECFROMBUFF(449)  
VEXECUTE:EXECFROMPRG(208)  
HBMLOAD(24)  
HBMBOOTSTRAP(10)  
HBMSTART(4)  
MAIN(23)  
###################

20210702 - 05:57:52 >>  [INFO] After compile file code/adduser.prg. Ok.

# Called from : 
VCOMPILE:COMPILE(187)  
VEXECUTE:EXECFROMPRG(205)  
HBMLOAD(24)  
HBM_BOOTSTRAP(31)  
VEXECUTE:EXECFROMBUFF(449)  
VEXECUTE:EXECFROMPRG(208)  
HBMLOAD(24)  
HBMBOOTSTRAP(10)  
HBMSTART(4)  
MAIN(23)  
###################

20210702 - 05:57:52 >>  [INFO] Before send buffer to execute

# Called from : 
VEXECUTE:EXECFROMPRG(207)  
HBMLOAD(24)  
HBM_BOOTSTRAP(31)  
VEXECUTE:EXECFROMBUFF(449)  
VEXECUTE:EXECFROMPRG(208)  
HBMLOAD(24)  
HBMBOOTSTRAP(10)  
HBMSTART(4)  
MAIN(23)  
###################

20210702 - 05:57:52 >>  [INFO] Before load buffer. Function : hbm_adduser

# Called from : 
VEXECUTE:EXECFROMBUFF(426)  
VEXECUTE:EXECFROMPRG(208)  
HBMLOAD(24)  
HBM_BOOTSTRAP(31)  
VEXECUTE:EXECFROMBUFF(449)  
VEXECUTE:EXECFROMPRG(208)  
HBMLOAD(24)  
HBMBOOTSTRAP(10)  
HBMSTART(4)  
MAIN(23)  
###################

20210702 - 05:57:52 >>  [INFO] Before execute function hbm_adduser

# Called from : 
VEXECUTE:EXECFROMBUFF(448)  
VEXECUTE:EXECFROMPRG(208)  
HBMLOAD(24)  
HBM_BOOTSTRAP(31)  
VEXECUTE:EXECFROMBUFF(449)  
VEXECUTE:EXECFROMPRG(208)  
HBMLOAD(24)  
HBMBOOTSTRAP(10)  
HBMSTART(4)  
MAIN(23)  
###################

20210702 - 05:57:52 >>  [WARNING] Undefined operation in form TUI. ::cOper = 

# Called from : 
VGETCMD:SHOW(379)  
HBM_ADDUSER(24)  
VEXECUTE:EXECFROMBUFF(449)  
VEXECUTE:EXECFROMPRG(208)  
HBMLOAD(24)  
HBM_BOOTSTRAP(31)  
VEXECUTE:EXECFROMBUFF(449)  
VEXECUTE:EXECFROMPRG(208)  
HBMLOAD(24)  
HBMBOOTSTRAP(10)  
HBMSTART(4)  
MAIN(23)  
###################

20210702 - 05:57:52 >>  [WARNING] Undefined operation in form TUI. ::cOper = 

# Called from : 
VGETCMD:SHOW(379)  
HBM_ADDUSER(24)  
VEXECUTE:EXECFROMBUFF(449)  
VEXECUTE:EXECFROMPRG(208)  
HBMLOAD(24)  
HBM_BOOTSTRAP(31)  
VEXECUTE:EXECFROMBUFF(449)  
VEXECUTE:EXECFROMPRG(208)  
HBMLOAD(24)  
HBMBOOTSTRAP(10)  
HBMSTART(4)  
MAIN(23)  
###################

20210702 - 05:58:00 >>  [INFO] After execute with return : NIL

# Called from : 
VEXECUTE:EXECFROMBUFF(450)  
VEXECUTE:EXECFROMPRG(208)  
HBMLOAD(24)  
HBM_BOOTSTRAP(31)  
VEXECUTE:EXECFROMBUFF(449)  
VEXECUTE:EXECFROMPRG(208)  
HBMLOAD(24)  
HBMBOOTSTRAP(10)  
HBMSTART(4)  
MAIN(23)  
###################

20210702 - 05:58:00 >>  [INFO] After send buffer to execute

# Called from : 
VEXECUTE:EXECFROMPRG(209)  
HBMLOAD(24)  
HBM_BOOTSTRAP(31)  
VEXECUTE:EXECFROMBUFF(449)  
VEXECUTE:EXECFROMPRG(208)  
HBMLOAD(24)  
HBMBOOTSTRAP(10)  
HBMSTART(4)  
MAIN(23)  
###################

20210702 - 05:58:00 >>  [WARNING] Undefined operation in form TUI. ::cOper = 

# Called from : 
VGETCMD:SHOW(379)  
HBM_BOOTSTRAP(27)  
VEXECUTE:EXECFROMBUFF(449)  
VEXECUTE:EXECFROMPRG(208)  
HBMLOAD(24)  
HBMBOOTSTRAP(10)  
HBMSTART(4)  
MAIN(23)  
###################

20210702 - 05:58:03 >>  [INFO] After compile file code/adduser.prg. Ok.

# Called from : 
VCOMPILE:COMPILE(187)  
VEXECUTE:EXECFROMPRG(205)  
HBMLOAD(24)  
HBM_BOOTSTRAP(31)  
VEXECUTE:EXECFROMBUFF(449)  
VEXECUTE:EXECFROMPRG(208)  
HBMLOAD(24)  
HBMBOOTSTRAP(10)  
HBMSTART(4)  
MAIN(23)  
###################

20210702 - 05:58:03 >>  [INFO] Before send buffer to execute

# Called from : 
VEXECUTE:EXECFROMPRG(207)  
HBMLOAD(24)  
HBM_BOOTSTRAP(31)  
VEXECUTE:EXECFROMBUFF(449)  
VEXECUTE:EXECFROMPRG(208)  
HBMLOAD(24)  
HBMBOOTSTRAP(10)  
HBMSTART(4)  
MAIN(23)  
###################

20210702 - 05:58:03 >>  [INFO] Before load buffer. Function : hbm_adduser

# Called from : 
VEXECUTE:EXECFROMBUFF(426)  
VEXECUTE:EXECFROMPRG(208)  
HBMLOAD(24)  
HBM_BOOTSTRAP(31)  
VEXECUTE:EXECFROMBUFF(449)  
VEXECUTE:EXECFROMPRG(208)  
HBMLOAD(24)  
HBMBOOTSTRAP(10)  
HBMSTART(4)  
MAIN(23)  
###################

20210702 - 05:58:03 >>  [INFO] Before execute function hbm_adduser

# Called from : 
VEXECUTE:EXECFROMBUFF(448)  
VEXECUTE:EXECFROMPRG(208)  
HBMLOAD(24)  
HBM_BOOTSTRAP(31)  
VEXECUTE:EXECFROMBUFF(449)  
VEXECUTE:EXECFROMPRG(208)  
HBMLOAD(24)  
HBMBOOTSTRAP(10)  
HBMSTART(4)  
MAIN(23)  
###################

20210702 - 05:58:03 >>  [WARNING] Undefined operation in form TUI. ::cOper = 

# Called from : 
VGETCMD:SHOW(379)  
HBM_ADDUSER(24)  
VEXECUTE:EXECFROMBUFF(449)  
VEXECUTE:EXECFROMPRG(208)  
HBMLOAD(24)  
HBM_BOOTSTRAP(31)  
VEXECUTE:EXECFROMBUFF(449)  
VEXECUTE:EXECFROMPRG(208)  
HBMLOAD(24)  
HBMBOOTSTRAP(10)  
HBMSTART(4)  
MAIN(23)  
###################

20210702 - 05:58:03 >>  [WARNING] Undefined operation in form TUI. ::cOper = 

# Called from : 
VGETCMD:SHOW(379)  
HBM_ADDUSER(24)  
VEXECUTE:EXECFROMBUFF(449)  
VEXECUTE:EXECFROMPRG(208)  
HBMLOAD(24)  
HBM_BOOTSTRAP(31)  
VEXECUTE:EXECFROMBUFF(449)  
VEXECUTE:EXECFROMPRG(208)  
HBMLOAD(24)  
HBMBOOTSTRAP(10)  
HBMSTART(4)  
MAIN(23)  
###################

20210702 - 05:58:08 >>  [INFO] After execute with return : NIL

# Called from : 
VEXECUTE:EXECFROMBUFF(450)  
VEXECUTE:EXECFROMPRG(208)  
HBMLOAD(24)  
HBM_BOOTSTRAP(31)  
VEXECUTE:EXECFROMBUFF(449)  
VEXECUTE:EXECFROMPRG(208)  
HBMLOAD(24)  
HBMBOOTSTRAP(10)  
HBMSTART(4)  
MAIN(23)  
###################

20210702 - 05:58:08 >>  [INFO] After send buffer to execute

# Called from : 
VEXECUTE:EXECFROMPRG(209)  
HBMLOAD(24)  
HBM_BOOTSTRAP(31)  
VEXECUTE:EXECFROMBUFF(449)  
VEXECUTE:EXECFROMPRG(208)  
HBMLOAD(24)  
HBMBOOTSTRAP(10)  
HBMSTART(4)  
MAIN(23)  
###################

20210702 - 05:58:08 >>  [WARNING] Undefined operation in form TUI. ::cOper = 

# Called from : 
VGETCMD:SHOW(379)  
HBM_BOOTSTRAP(27)  
VEXECUTE:EXECFROMBUFF(449)  
VEXECUTE:EXECFROMPRG(208)  
HBMLOAD(24)  
HBMBOOTSTRAP(10)  
HBMSTART(4)  
MAIN(23)  
###################

20210702 - 06:03:24 >>  [INFO] After compile file code/adduser.prg. Ok.

# Called from : 
VCOMPILE:COMPILE(187)  
VEXECUTE:EXECFROMPRG(205)  
HBMLOAD(24)  
HBM_BOOTSTRAP(31)  
VEXECUTE:EXECFROMBUFF(449)  
VEXECUTE:EXECFROMPRG(208)  
HBMLOAD(24)  
HBMBOOTSTRAP(10)  
HBMSTART(4)  
MAIN(23)  
###################

20210702 - 06:03:24 >>  [INFO] Before send buffer to execute

# Called from : 
VEXECUTE:EXECFROMPRG(207)  
HBMLOAD(24)  
HBM_BOOTSTRAP(31)  
VEXECUTE:EXECFROMBUFF(449)  
VEXECUTE:EXECFROMPRG(208)  
HBMLOAD(24)  
HBMBOOTSTRAP(10)  
HBMSTART(4)  
MAIN(23)  
###################

20210702 - 06:03:24 >>  [INFO] Before load buffer. Function : hbm_adduser

# Called from : 
VEXECUTE:EXECFROMBUFF(426)  
VEXECUTE:EXECFROMPRG(208)  
HBMLOAD(24)  
HBM_BOOTSTRAP(31)  
VEXECUTE:EXECFROMBUFF(449)  
VEXECUTE:EXECFROMPRG(208)  
HBMLOAD(24)  
HBMBOOTSTRAP(10)  
HBMSTART(4)  
MAIN(23)  
###################

20210702 - 06:03:24 >>  [INFO] Before execute function hbm_adduser

# Called from : 
VEXECUTE:EXECFROMBUFF(448)  
VEXECUTE:EXECFROMPRG(208)  
HBMLOAD(24)  
HBM_BOOTSTRAP(31)  
VEXECUTE:EXECFROMBUFF(449)  
VEXECUTE:EXECFROMPRG(208)  
HBMLOAD(24)  
HBMBOOTSTRAP(10)  
HBMSTART(4)  
MAIN(23)  
###################

20210702 - 06:03:24 >>  [WARNING] Undefined operation in form TUI. ::cOper = 

# Called from : 
VGETCMD:SHOW(379)  
HBM_ADDUSER(24)  
VEXECUTE:EXECFROMBUFF(449)  
VEXECUTE:EXECFROMPRG(208)  
HBMLOAD(24)  
HBM_BOOTSTRAP(31)  
VEXECUTE:EXECFROMBUFF(449)  
VEXECUTE:EXECFROMPRG(208)  
HBMLOAD(24)  
HBMBOOTSTRAP(10)  
HBMSTART(4)  
MAIN(23)  
###################

20210702 - 06:03:24 >>  [WARNING] Undefined operation in form TUI. ::cOper = 

# Called from : 
VGETCMD:SHOW(379)  
HBM_ADDUSER(24)  
VEXECUTE:EXECFROMBUFF(449)  
VEXECUTE:EXECFROMPRG(208)  
HBMLOAD(24)  
HBM_BOOTSTRAP(31)  
VEXECUTE:EXECFROMBUFF(449)  
VEXECUTE:EXECFROMPRG(208)  
HBMLOAD(24)  
HBMBOOTSTRAP(10)  
HBMSTART(4)  
MAIN(23)  
###################

20210702 - 06:03:25 >>  [INFO] After execute with return : 0

# Called from : 
VEXECUTE:EXECFROMBUFF(450)  
VEXECUTE:EXECFROMPRG(208)  
HBMLOAD(24)  
HBM_BOOTSTRAP(31)  
VEXECUTE:EXECFROMBUFF(449)  
VEXECUTE:EXECFROMPRG(208)  
HBMLOAD(24)  
HBMBOOTSTRAP(10)  
HBMSTART(4)  
MAIN(23)  
###################

20210702 - 06:03:25 >>  [INFO] After send buffer to execute

# Called from : 
VEXECUTE:EXECFROMPRG(209)  
HBMLOAD(24)  
HBM_BOOTSTRAP(31)  
VEXECUTE:EXECFROMBUFF(449)  
VEXECUTE:EXECFROMPRG(208)  
HBMLOAD(24)  
HBMBOOTSTRAP(10)  
HBMSTART(4)  
MAIN(23)  
###################

20210702 - 06:03:25 >>  [WARNING] Undefined operation in form TUI. ::cOper = 

# Called from : 
VGETCMD:SHOW(379)  
HBM_BOOTSTRAP(27)  
VEXECUTE:EXECFROMBUFF(449)  
VEXECUTE:EXECFROMPRG(208)  
HBMLOAD(24)  
HBMBOOTSTRAP(10)  
HBMSTART(4)  
MAIN(23)  
###################

20210702 - 06:03:26 >>  [INFO] After execute with return : NIL

# Called from : 
VEXECUTE:EXECFROMBUFF(450)  
VEXECUTE:EXECFROMPRG(208)  
HBMLOAD(24)  
HBMBOOTSTRAP(10)  
HBMSTART(4)  
MAIN(23)  
###################

20210702 - 06:03:26 >>  [INFO] After send buffer to execute

# Called from : 
VEXECUTE:EXECFROMPRG(209)  
HBMLOAD(24)  
HBMBOOTSTRAP(10)  
HBMSTART(4)  
MAIN(23)  
###################

20210702 - 06:03:52 >>  [INFO] After compile file code/adduser.prg. Ok.

# Called from : 
VCOMPILE:COMPILE(187)  
VEXECUTE:EXECFROMPRG(205)  
HBMLOAD(24)  
HBM_BOOTSTRAP(31)  
VEXECUTE:EXECFROMBUFF(449)  
VEXECUTE:EXECFROMPRG(208)  
HBMLOAD(24)  
HBMBOOTSTRAP(10)  
HBMSTART(4)  
MAIN(23)  
###################

20210702 - 06:03:52 >>  [INFO] Before send buffer to execute

# Called from : 
VEXECUTE:EXECFROMPRG(207)  
HBMLOAD(24)  
HBM_BOOTSTRAP(31)  
VEXECUTE:EXECFROMBUFF(449)  
VEXECUTE:EXECFROMPRG(208)  
HBMLOAD(24)  
HBMBOOTSTRAP(10)  
HBMSTART(4)  
MAIN(23)  
###################

20210702 - 06:03:52 >>  [INFO] Before load buffer. Function : hbm_adduser

# Called from : 
VEXECUTE:EXECFROMBUFF(426)  
VEXECUTE:EXECFROMPRG(208)  
HBMLOAD(24)  
HBM_BOOTSTRAP(31)  
VEXECUTE:EXECFROMBUFF(449)  
VEXECUTE:EXECFROMPRG(208)  
HBMLOAD(24)  
HBMBOOTSTRAP(10)  
HBMSTART(4)  
MAIN(23)  
###################

20210702 - 06:03:52 >>  [INFO] Before execute function hbm_adduser

# Called from : 
VEXECUTE:EXECFROMBUFF(448)  
VEXECUTE:EXECFROMPRG(208)  
HBMLOAD(24)  
HBM_BOOTSTRAP(31)  
VEXECUTE:EXECFROMBUFF(449)  
VEXECUTE:EXECFROMPRG(208)  
HBMLOAD(24)  
HBMBOOTSTRAP(10)  
HBMSTART(4)  
MAIN(23)  
###################

20210702 - 06:04:03 >>  [INFO] After execute with return : 1

# Called from : 
VEXECUTE:EXECFROMBUFF(450)  
VEXECUTE:EXECFROMPRG(208)  
HBMLOAD(24)  
HBM_BOOTSTRAP(31)  
VEXECUTE:EXECFROMBUFF(449)  
VEXECUTE:EXECFROMPRG(208)  
HBMLOAD(24)  
HBMBOOTSTRAP(10)  
HBMSTART(4)  
MAIN(23)  
###################

20210702 - 06:04:03 >>  [INFO] After send buffer to execute

# Called from : 
VEXECUTE:EXECFROMPRG(209)  
HBMLOAD(24)  
HBM_BOOTSTRAP(31)  
VEXECUTE:EXECFROMBUFF(449)  
VEXECUTE:EXECFROMPRG(208)  
HBMLOAD(24)  
HBMBOOTSTRAP(10)  
HBMSTART(4)  
MAIN(23)  
###################

20210702 - 06:04:07 >>  [INFO] After compile file code/adduser.prg. Ok.

# Called from : 
VCOMPILE:COMPILE(187)  
VEXECUTE:EXECFROMPRG(205)  
HBMLOAD(24)  
HBM_BOOTSTRAP(31)  
VEXECUTE:EXECFROMBUFF(449)  
VEXECUTE:EXECFROMPRG(208)  
HBMLOAD(24)  
HBMBOOTSTRAP(10)  
HBMSTART(4)  
MAIN(23)  
###################

20210702 - 06:04:08 >>  [INFO] Before send buffer to execute

# Called from : 
VEXECUTE:EXECFROMPRG(207)  
HBMLOAD(24)  
HBM_BOOTSTRAP(31)  
VEXECUTE:EXECFROMBUFF(449)  
VEXECUTE:EXECFROMPRG(208)  
HBMLOAD(24)  
HBMBOOTSTRAP(10)  
HBMSTART(4)  
MAIN(23)  
###################

20210702 - 06:04:08 >>  [INFO] Before load buffer. Function : hbm_adduser

# Called from : 
VEXECUTE:EXECFROMBUFF(426)  
VEXECUTE:EXECFROMPRG(208)  
HBMLOAD(24)  
HBM_BOOTSTRAP(31)  
VEXECUTE:EXECFROMBUFF(449)  
VEXECUTE:EXECFROMPRG(208)  
HBMLOAD(24)  
HBMBOOTSTRAP(10)  
HBMSTART(4)  
MAIN(23)  
###################

20210702 - 06:04:08 >>  [INFO] Before execute function hbm_adduser

# Called from : 
VEXECUTE:EXECFROMBUFF(448)  
VEXECUTE:EXECFROMPRG(208)  
HBMLOAD(24)  
HBM_BOOTSTRAP(31)  
VEXECUTE:EXECFROMBUFF(449)  
VEXECUTE:EXECFROMPRG(208)  
HBMLOAD(24)  
HBMBOOTSTRAP(10)  
HBMSTART(4)  
MAIN(23)  
###################

20210702 - 06:04:26 >>  [INFO] After execute with return : 1

# Called from : 
VEXECUTE:EXECFROMBUFF(450)  
VEXECUTE:EXECFROMPRG(208)  
HBMLOAD(24)  
HBM_BOOTSTRAP(31)  
VEXECUTE:EXECFROMBUFF(449)  
VEXECUTE:EXECFROMPRG(208)  
HBMLOAD(24)  
HBMBOOTSTRAP(10)  
HBMSTART(4)  
MAIN(23)  
###################

20210702 - 06:04:26 >>  [INFO] After send buffer to execute

# Called from : 
VEXECUTE:EXECFROMPRG(209)  
HBMLOAD(24)  
HBM_BOOTSTRAP(31)  
VEXECUTE:EXECFROMBUFF(449)  
VEXECUTE:EXECFROMPRG(208)  
HBMLOAD(24)  
HBMBOOTSTRAP(10)  
HBMSTART(4)  
MAIN(23)  
###################

20210702 - 06:04:43 >>  [INFO] After compile file code/adduser.prg. Ok.

# Called from : 
VCOMPILE:COMPILE(187)  
VEXECUTE:EXECFROMPRG(205)  
HBMLOAD(24)  
HBM_BOOTSTRAP(31)  
VEXECUTE:EXECFROMBUFF(449)  
VEXECUTE:EXECFROMPRG(208)  
HBMLOAD(24)  
HBMBOOTSTRAP(10)  
HBMSTART(4)  
MAIN(23)  
###################

20210702 - 06:04:43 >>  [INFO] Before send buffer to execute

# Called from : 
VEXECUTE:EXECFROMPRG(207)  
HBMLOAD(24)  
HBM_BOOTSTRAP(31)  
VEXECUTE:EXECFROMBUFF(449)  
VEXECUTE:EXECFROMPRG(208)  
HBMLOAD(24)  
HBMBOOTSTRAP(10)  
HBMSTART(4)  
MAIN(23)  
###################

20210702 - 06:04:43 >>  [INFO] Before load buffer. Function : hbm_adduser

# Called from : 
VEXECUTE:EXECFROMBUFF(426)  
VEXECUTE:EXECFROMPRG(208)  
HBMLOAD(24)  
HBM_BOOTSTRAP(31)  
VEXECUTE:EXECFROMBUFF(449)  
VEXECUTE:EXECFROMPRG(208)  
HBMLOAD(24)  
HBMBOOTSTRAP(10)  
HBMSTART(4)  
MAIN(23)  
###################

20210702 - 06:04:43 >>  [INFO] Before execute function hbm_adduser

# Called from : 
VEXECUTE:EXECFROMBUFF(448)  
VEXECUTE:EXECFROMPRG(208)  
HBMLOAD(24)  
HBM_BOOTSTRAP(31)  
VEXECUTE:EXECFROMBUFF(449)  
VEXECUTE:EXECFROMPRG(208)  
HBMLOAD(24)  
HBMBOOTSTRAP(10)  
HBMSTART(4)  
MAIN(23)  
###################

20210702 - 22:45:49 >>  [INFO] After compile file code/adduser.prg. Ok.

# Called from : 
VCOMPILE:COMPILE(187)  
VEXECUTE:EXECFROMPRG(205)  
HBMLOAD(24)  
HBM_BOOTSTRAP(31)  
VEXECUTE:EXECFROMBUFF(449)  
VEXECUTE:EXECFROMPRG(208)  
HBMLOAD(24)  
HBMBOOTSTRAP(10)  
HBMSTART(4)  
MAIN(23)  
###################

20210702 - 22:45:49 >>  [INFO] Before send buffer to execute

# Called from : 
VEXECUTE:EXECFROMPRG(207)  
HBMLOAD(24)  
HBM_BOOTSTRAP(31)  
VEXECUTE:EXECFROMBUFF(449)  
VEXECUTE:EXECFROMPRG(208)  
HBMLOAD(24)  
HBMBOOTSTRAP(10)  
HBMSTART(4)  
MAIN(23)  
###################

20210702 - 22:45:49 >>  [INFO] Before load buffer. Function : hbm_adduser

# Called from : 
VEXECUTE:EXECFROMBUFF(426)  
VEXECUTE:EXECFROMPRG(208)  
HBMLOAD(24)  
HBM_BOOTSTRAP(31)  
VEXECUTE:EXECFROMBUFF(449)  
VEXECUTE:EXECFROMPRG(208)  
HBMLOAD(24)  
HBMBOOTSTRAP(10)  
HBMSTART(4)  
MAIN(23)  
###################

20210702 - 22:45:49 >>  [INFO] Before execute function hbm_adduser

# Called from : 
VEXECUTE:EXECFROMBUFF(448)  
VEXECUTE:EXECFROMPRG(208)  
HBMLOAD(24)  
HBM_BOOTSTRAP(31)  
VEXECUTE:EXECFROMBUFF(449)  
VEXECUTE:EXECFROMPRG(208)  
HBMLOAD(24)  
HBMBOOTSTRAP(10)  
HBMSTART(4)  
MAIN(23)  
###################

20210702 - 22:48:36 >>  [INFO] After execute with return : 1

# Called from : 
VEXECUTE:EXECFROMBUFF(450)  
VEXECUTE:EXECFROMPRG(208)  
HBMLOAD(24)  
HBM_BOOTSTRAP(31)  
VEXECUTE:EXECFROMBUFF(449)  
VEXECUTE:EXECFROMPRG(208)  
HBMLOAD(24)  
HBMBOOTSTRAP(10)  
HBMSTART(4)  
MAIN(23)  
###################

20210702 - 22:48:37 >>  [INFO] After send buffer to execute

# Called from : 
VEXECUTE:EXECFROMPRG(209)  
HBMLOAD(24)  
HBM_BOOTSTRAP(31)  
VEXECUTE:EXECFROMBUFF(449)  
VEXECUTE:EXECFROMPRG(208)  
HBMLOAD(24)  
HBMBOOTSTRAP(10)  
HBMSTART(4)  
MAIN(23)  
###################

20210702 - 22:48:56 >>  [INFO] After execute with return : NIL

# Called from : 
VEXECUTE:EXECFROMBUFF(450)  
VEXECUTE:EXECFROMPRG(208)  
HBMLOAD(24)  
HBMBOOTSTRAP(10)  
HBMSTART(4)  
MAIN(23)  
###################

20210702 - 22:48:56 >>  [INFO] After send buffer to execute

# Called from : 
VEXECUTE:EXECFROMPRG(209)  
HBMLOAD(24)  
HBMBOOTSTRAP(10)  
HBMSTART(4)  
MAIN(23)  
###################

20210702 - 23:04:14 >>  [INFO] After compile file code/adduser.prg. Ok.

# Called from : 
VCOMPILE:COMPILE(187)  
VEXECUTE:EXECFROMPRG(205)  
HBMLOAD(24)  
HBM_BOOTSTRAP(32)  
VEXECUTE:EXECFROMBUFF(449)  
VEXECUTE:EXECFROMPRG(208)  
HBMLOAD(24)  
HBMBOOTSTRAP(10)  
HBMSTART(4)  
MAIN(23)  
###################

20210702 - 23:04:14 >>  [INFO] Before send buffer to execute

# Called from : 
VEXECUTE:EXECFROMPRG(207)  
HBMLOAD(24)  
HBM_BOOTSTRAP(32)  
VEXECUTE:EXECFROMBUFF(449)  
VEXECUTE:EXECFROMPRG(208)  
HBMLOAD(24)  
HBMBOOTSTRAP(10)  
HBMSTART(4)  
MAIN(23)  
###################

20210702 - 23:04:14 >>  [INFO] Before load buffer. Function : hbm_adduser

# Called from : 
VEXECUTE:EXECFROMBUFF(426)  
VEXECUTE:EXECFROMPRG(208)  
HBMLOAD(24)  
HBM_BOOTSTRAP(32)  
VEXECUTE:EXECFROMBUFF(449)  
VEXECUTE:EXECFROMPRG(208)  
HBMLOAD(24)  
HBMBOOTSTRAP(10)  
HBMSTART(4)  
MAIN(23)  
###################

20210702 - 23:04:14 >>  [INFO] Before execute function hbm_adduser

# Called from : 
VEXECUTE:EXECFROMBUFF(448)  
VEXECUTE:EXECFROMPRG(208)  
HBMLOAD(24)  
HBM_BOOTSTRAP(32)  
VEXECUTE:EXECFROMBUFF(449)  
VEXECUTE:EXECFROMPRG(208)  
HBMLOAD(24)  
HBMBOOTSTRAP(10)  
HBMSTART(4)  
MAIN(23)  
###################

20210702 - 23:06:06 >>  [INFO] After execute with return : 1

# Called from : 
VEXECUTE:EXECFROMBUFF(450)  
VEXECUTE:EXECFROMPRG(208)  
HBMLOAD(24)  
HBM_BOOTSTRAP(32)  
VEXECUTE:EXECFROMBUFF(449)  
VEXECUTE:EXECFROMPRG(208)  
HBMLOAD(24)  
HBMBOOTSTRAP(10)  
HBMSTART(4)  
MAIN(23)  
###################

20210702 - 23:06:06 >>  [INFO] After send buffer to execute

# Called from : 
VEXECUTE:EXECFROMPRG(209)  
HBMLOAD(24)  
HBM_BOOTSTRAP(32)  
VEXECUTE:EXECFROMBUFF(449)  
VEXECUTE:EXECFROMPRG(208)  
HBMLOAD(24)  
HBMBOOTSTRAP(10)  
HBMSTART(4)  
MAIN(23)  
###################

20210702 - 23:06:11 >>  [INFO] After compile file code/adduser.prg. Ok.

# Called from : 
VCOMPILE:COMPILE(187)  
VEXECUTE:EXECFROMPRG(205)  
HBMLOAD(24)  
HBM_BOOTSTRAP(32)  
VEXECUTE:EXECFROMBUFF(449)  
VEXECUTE:EXECFROMPRG(208)  
HBMLOAD(24)  
HBMBOOTSTRAP(10)  
HBMSTART(4)  
MAIN(23)  
###################

20210702 - 23:06:11 >>  [INFO] Before send buffer to execute

# Called from : 
VEXECUTE:EXECFROMPRG(207)  
HBMLOAD(24)  
HBM_BOOTSTRAP(32)  
VEXECUTE:EXECFROMBUFF(449)  
VEXECUTE:EXECFROMPRG(208)  
HBMLOAD(24)  
HBMBOOTSTRAP(10)  
HBMSTART(4)  
MAIN(23)  
###################

20210702 - 23:06:11 >>  [INFO] Before load buffer. Function : hbm_adduser

# Called from : 
VEXECUTE:EXECFROMBUFF(426)  
VEXECUTE:EXECFROMPRG(208)  
HBMLOAD(24)  
HBM_BOOTSTRAP(32)  
VEXECUTE:EXECFROMBUFF(449)  
VEXECUTE:EXECFROMPRG(208)  
HBMLOAD(24)  
HBMBOOTSTRAP(10)  
HBMSTART(4)  
MAIN(23)  
###################

20210702 - 23:06:11 >>  [INFO] Before execute function hbm_adduser

# Called from : 
VEXECUTE:EXECFROMBUFF(448)  
VEXECUTE:EXECFROMPRG(208)  
HBMLOAD(24)  
HBM_BOOTSTRAP(32)  
VEXECUTE:EXECFROMBUFF(449)  
VEXECUTE:EXECFROMPRG(208)  
HBMLOAD(24)  
HBMBOOTSTRAP(10)  
HBMSTART(4)  
MAIN(23)  
###################

20210702 - 23:06:35 >>  [INFO] After execute with return : 1

# Called from : 
VEXECUTE:EXECFROMBUFF(450)  
VEXECUTE:EXECFROMPRG(208)  
HBMLOAD(24)  
HBM_BOOTSTRAP(32)  
VEXECUTE:EXECFROMBUFF(449)  
VEXECUTE:EXECFROMPRG(208)  
HBMLOAD(24)  
HBMBOOTSTRAP(10)  
HBMSTART(4)  
MAIN(23)  
###################

20210702 - 23:06:35 >>  [INFO] After send buffer to execute

# Called from : 
VEXECUTE:EXECFROMPRG(209)  
HBMLOAD(24)  
HBM_BOOTSTRAP(32)  
VEXECUTE:EXECFROMBUFF(449)  
VEXECUTE:EXECFROMPRG(208)  
HBMLOAD(24)  
HBMBOOTSTRAP(10)  
HBMSTART(4)  
MAIN(23)  
###################

20210702 - 23:06:59 >>  [INFO] After execute with return : NIL

# Called from : 
VEXECUTE:EXECFROMBUFF(450)  
VEXECUTE:EXECFROMPRG(208)  
HBMLOAD(24)  
HBMBOOTSTRAP(10)  
HBMSTART(4)  
MAIN(23)  
###################

20210702 - 23:06:59 >>  [INFO] After send buffer to execute

# Called from : 
VEXECUTE:EXECFROMPRG(209)  
HBMLOAD(24)  
HBMBOOTSTRAP(10)  
HBMSTART(4)  
MAIN(23)  
###################

20210702 - 23:14:53 >>  [INFO] After execute with return : NIL

# Called from : 
VEXECUTE:EXECFROMBUFF(450)  
VEXECUTE:EXECFROMHRB(136)  
HBMLOAD(22)  
HBMBOOTSTRAP(10)  
HBMSTART(4)  
MAIN(19)  
###################

20210702 - 23:15:09 >>  [INFO] Before load buffer. Function : hbm_adduser

# Called from : 
VEXECUTE:EXECFROMBUFF(426)  
VEXECUTE:EXECFROMHRB(136)  
HBMLOAD(22)  
HBM_BOOTSTRAP(32)  
VEXECUTE:EXECFROMBUFF(449)  
VEXECUTE:EXECFROMHRB(136)  
HBMLOAD(22)  
HBMBOOTSTRAP(10)  
HBMSTART(4)  
MAIN(19)  
###################

20210702 - 23:15:09 >>  [INFO] Before execute function hbm_adduser

# Called from : 
VEXECUTE:EXECFROMBUFF(448)  
VEXECUTE:EXECFROMHRB(136)  
HBMLOAD(22)  
HBM_BOOTSTRAP(32)  
VEXECUTE:EXECFROMBUFF(449)  
VEXECUTE:EXECFROMHRB(136)  
HBMLOAD(22)  
HBMBOOTSTRAP(10)  
HBMSTART(4)  
MAIN(19)  
###################

20210702 - 23:19:08 >>  [INFO] After execute with return : 1

# Called from : 
VEXECUTE:EXECFROMBUFF(450)  
VEXECUTE:EXECFROMHRB(136)  
HBMLOAD(22)  
HBM_BOOTSTRAP(32)  
VEXECUTE:EXECFROMBUFF(449)  
VEXECUTE:EXECFROMHRB(136)  
HBMLOAD(22)  
HBMBOOTSTRAP(10)  
HBMSTART(4)  
MAIN(19)  
###################

20210702 - 23:19:46 >>  [INFO] Before load buffer. Function : hbm_adduser

# Called from : 
VEXECUTE:EXECFROMBUFF(426)  
VEXECUTE:EXECFROMHRB(136)  
HBMLOAD(22)  
HBM_BOOTSTRAP(32)  
VEXECUTE:EXECFROMBUFF(449)  
VEXECUTE:EXECFROMHRB(136)  
HBMLOAD(22)  
HBMBOOTSTRAP(10)  
HBMSTART(4)  
MAIN(19)  
###################

20210702 - 23:19:46 >>  [INFO] Before execute function hbm_adduser

# Called from : 
VEXECUTE:EXECFROMBUFF(448)  
VEXECUTE:EXECFROMHRB(136)  
HBMLOAD(22)  
HBM_BOOTSTRAP(32)  
VEXECUTE:EXECFROMBUFF(449)  
VEXECUTE:EXECFROMHRB(136)  
HBMLOAD(22)  
HBMBOOTSTRAP(10)  
HBMSTART(4)  
MAIN(19)  
###################

20210702 - 23:24:20 >>  [INFO] After execute with return : 1

# Called from : 
VEXECUTE:EXECFROMBUFF(450)  
VEXECUTE:EXECFROMHRB(136)  
HBMLOAD(22)  
HBM_BOOTSTRAP(32)  
VEXECUTE:EXECFROMBUFF(449)  
VEXECUTE:EXECFROMHRB(136)  
HBMLOAD(22)  
HBMBOOTSTRAP(10)  
HBMSTART(4)  
MAIN(19)  
###################

20210702 - 23:24:29 >>  [INFO] Before load buffer. Function : hbm_adduser

# Called from : 
VEXECUTE:EXECFROMBUFF(426)  
VEXECUTE:EXECFROMHRB(136)  
HBMLOAD(22)  
HBM_BOOTSTRAP(32)  
VEXECUTE:EXECFROMBUFF(449)  
VEXECUTE:EXECFROMHRB(136)  
HBMLOAD(22)  
HBMBOOTSTRAP(10)  
HBMSTART(4)  
MAIN(19)  
###################

20210702 - 23:24:29 >>  [INFO] Before execute function hbm_adduser

# Called from : 
VEXECUTE:EXECFROMBUFF(448)  
VEXECUTE:EXECFROMHRB(136)  
HBMLOAD(22)  
HBM_BOOTSTRAP(32)  
VEXECUTE:EXECFROMBUFF(449)  
VEXECUTE:EXECFROMHRB(136)  
HBMLOAD(22)  
HBMBOOTSTRAP(10)  
HBMSTART(4)  
MAIN(19)  
###################

20210702 - 23:25:29 >>  [INFO] After execute with return : 1

# Called from : 
VEXECUTE:EXECFROMBUFF(450)  
VEXECUTE:EXECFROMHRB(136)  
HBMLOAD(22)  
HBM_BOOTSTRAP(32)  
VEXECUTE:EXECFROMBUFF(449)  
VEXECUTE:EXECFROMHRB(136)  
HBMLOAD(22)  
HBMBOOTSTRAP(10)  
HBMSTART(4)  
MAIN(19)  
###################

