***************************** BEGIN LOG HEADER ************************************
File created at : 20210726 19:19:51
***************************** END LOG HEADER **************************************

20210726 - 19:19:51 >>  [INFO] Data base open successfully

# Called from : 
VSQLITE:OPEN(134)  
FQUERYTODBF(94)  
VBROWSECMD:OPEN(216)  
VBROWSECMD:SHOW(431)  
HBM_BOOTSTRAP(27)  
VEXECUTE:EXECFROMBUFF(516)  
VEXECUTE:EXECFROMPRG(209)  
HBMLOAD(28)  
HBMBOOTSTRAP(12)  
HBMSTART(6)  
MAIN(26)  
###################

20210726 - 19:19:51 >>  [INFO] Data base open successfully

# Called from : 
FQUERYTODBF(98)  
VBROWSECMD:OPEN(216)  
VBROWSECMD:SHOW(431)  
HBM_BOOTSTRAP(27)  
VEXECUTE:EXECFROMBUFF(516)  
VEXECUTE:EXECFROMPRG(209)  
HBMLOAD(28)  
HBMBOOTSTRAP(12)  
HBMSTART(6)  
MAIN(26)  
###################

20210726 - 19:19:51 >>  [INFO] Mounted query : SELECT * FROM EMP WHERE 1=1  LIMIT 5 OFFSET 0 / Original : SELECT * FROM EMP WHERE 1=1 , nPage : 1, nLimit : 5

# Called from : 
VSQLITE:MOUNTQUERY(730)  
VSQLITE:EXECUTEQUERY(263)  
VSQLITE:EXECUTEQUERYTODBF(1250)  
FQUERYTODBF(113)  
VBROWSECMD:OPEN(216)  
VBROWSECMD:SHOW(431)  
HBM_BOOTSTRAP(27)  
VEXECUTE:EXECFROMBUFF(516)  
VEXECUTE:EXECFROMPRG(209)  
HBMLOAD(28)  
HBMBOOTSTRAP(12)  
HBMSTART(6)  
MAIN(26)  
###################

20210726 - 19:19:51 >>  [INFO] Mounted query : SELECT * FROM EMP WHERE 1=1  LIMIT 5 OFFSET 0 / Original : SELECT * FROM EMP WHERE 1=1 , nPage : 1, nLimit : 5

# Called from : 
FQUERYTODBF(116)  
VBROWSECMD:OPEN(216)  
VBROWSECMD:SHOW(431)  
HBM_BOOTSTRAP(27)  
VEXECUTE:EXECFROMBUFF(516)  
VEXECUTE:EXECFROMPRG(209)  
HBMLOAD(28)  
HBMBOOTSTRAP(12)  
HBMSTART(6)  
MAIN(26)  
###################

20210726 - 19:20:01 >>  [INFO] Data base open successfully

# Called from : 
VSQLITE:OPEN(134)  
FQUERYTODBF(94)  
VBROWSECMD:OPEN(216)  
VBROWSECMD:REFRESH(1098)  
VBROWSECMD:NEXTPAGE(1359)  
VBROWSECMD:SHOW(716)  
HBM_BOOTSTRAP(27)  
VEXECUTE:EXECFROMBUFF(516)  
VEXECUTE:EXECFROMPRG(209)  
HBMLOAD(28)  
HBMBOOTSTRAP(12)  
HBMSTART(6)  
MAIN(26)  
###################

20210726 - 19:20:01 >>  [INFO] Data base open successfully

# Called from : 
FQUERYTODBF(98)  
VBROWSECMD:OPEN(216)  
VBROWSECMD:REFRESH(1098)  
VBROWSECMD:NEXTPAGE(1359)  
VBROWSECMD:SHOW(716)  
HBM_BOOTSTRAP(27)  
VEXECUTE:EXECFROMBUFF(516)  
VEXECUTE:EXECFROMPRG(209)  
HBMLOAD(28)  
HBMBOOTSTRAP(12)  
HBMSTART(6)  
MAIN(26)  
###################

20210726 - 19:20:01 >>  [INFO] Mounted query : SELECT * FROM EMP WHERE 1=1  LIMIT 5 OFFSET 5 / Original : SELECT * FROM EMP WHERE 1=1 , nPage : 2, nLimit : 5

# Called from : 
VSQLITE:MOUNTQUERY(730)  
VSQLITE:EXECUTEQUERY(263)  
VSQLITE:EXECUTEQUERYTODBF(1250)  
FQUERYTODBF(113)  
VBROWSECMD:OPEN(216)  
VBROWSECMD:REFRESH(1098)  
VBROWSECMD:NEXTPAGE(1359)  
VBROWSECMD:SHOW(716)  
HBM_BOOTSTRAP(27)  
VEXECUTE:EXECFROMBUFF(516)  
VEXECUTE:EXECFROMPRG(209)  
HBMLOAD(28)  
HBMBOOTSTRAP(12)  
HBMSTART(6)  
MAIN(26)  
###################

20210726 - 19:20:01 >>  [INFO] Mounted query : SELECT * FROM EMP WHERE 1=1  LIMIT 5 OFFSET 5 / Original : SELECT * FROM EMP WHERE 1=1 , nPage : 2, nLimit : 5

# Called from : 
FQUERYTODBF(116)  
VBROWSECMD:OPEN(216)  
VBROWSECMD:REFRESH(1098)  
VBROWSECMD:NEXTPAGE(1359)  
VBROWSECMD:SHOW(716)  
HBM_BOOTSTRAP(27)  
VEXECUTE:EXECFROMBUFF(516)  
VEXECUTE:EXECFROMPRG(209)  
HBMLOAD(28)  
HBMBOOTSTRAP(12)  
HBMSTART(6)  
MAIN(26)  
###################

20210726 - 19:20:02 >>  [INFO] Data base open successfully

# Called from : 
VSQLITE:OPEN(134)  
FQUERYTODBF(94)  
VBROWSECMD:OPEN(216)  
VBROWSECMD:REFRESH(1098)  
VBROWSECMD:NEXTPAGE(1359)  
VBROWSECMD:SHOW(716)  
HBM_BOOTSTRAP(27)  
VEXECUTE:EXECFROMBUFF(516)  
VEXECUTE:EXECFROMPRG(209)  
HBMLOAD(28)  
HBMBOOTSTRAP(12)  
HBMSTART(6)  
MAIN(26)  
###################

20210726 - 19:20:02 >>  [INFO] Data base open successfully

# Called from : 
FQUERYTODBF(98)  
VBROWSECMD:OPEN(216)  
VBROWSECMD:REFRESH(1098)  
VBROWSECMD:NEXTPAGE(1359)  
VBROWSECMD:SHOW(716)  
HBM_BOOTSTRAP(27)  
VEXECUTE:EXECFROMBUFF(516)  
VEXECUTE:EXECFROMPRG(209)  
HBMLOAD(28)  
HBMBOOTSTRAP(12)  
HBMSTART(6)  
MAIN(26)  
###################

20210726 - 19:20:02 >>  [INFO] Mounted query : SELECT * FROM EMP WHERE 1=1  LIMIT 5 OFFSET 10 / Original : SELECT * FROM EMP WHERE 1=1 , nPage : 3, nLimit : 5

# Called from : 
VSQLITE:MOUNTQUERY(730)  
VSQLITE:EXECUTEQUERY(263)  
VSQLITE:EXECUTEQUERYTODBF(1250)  
FQUERYTODBF(113)  
VBROWSECMD:OPEN(216)  
VBROWSECMD:REFRESH(1098)  
VBROWSECMD:NEXTPAGE(1359)  
VBROWSECMD:SHOW(716)  
HBM_BOOTSTRAP(27)  
VEXECUTE:EXECFROMBUFF(516)  
VEXECUTE:EXECFROMPRG(209)  
HBMLOAD(28)  
HBMBOOTSTRAP(12)  
HBMSTART(6)  
MAIN(26)  
###################

20210726 - 19:20:02 >>  [INFO] Mounted query : SELECT * FROM EMP WHERE 1=1  LIMIT 5 OFFSET 10 / Original : SELECT * FROM EMP WHERE 1=1 , nPage : 3, nLimit : 5

# Called from : 
FQUERYTODBF(116)  
VBROWSECMD:OPEN(216)  
VBROWSECMD:REFRESH(1098)  
VBROWSECMD:NEXTPAGE(1359)  
VBROWSECMD:SHOW(716)  
HBM_BOOTSTRAP(27)  
VEXECUTE:EXECFROMBUFF(516)  
VEXECUTE:EXECFROMPRG(209)  
HBMLOAD(28)  
HBMBOOTSTRAP(12)  
HBMSTART(6)  
MAIN(26)  
###################

20210726 - 19:20:03 >>  [INFO] Data base open successfully

# Called from : 
VSQLITE:OPEN(134)  
FQUERYTODBF(94)  
VBROWSECMD:OPEN(216)  
VBROWSECMD:REFRESH(1098)  
VBROWSECMD:PREVIOUSPAGE(1404)  
VBROWSECMD:SHOW(711)  
HBM_BOOTSTRAP(27)  
VEXECUTE:EXECFROMBUFF(516)  
VEXECUTE:EXECFROMPRG(209)  
HBMLOAD(28)  
HBMBOOTSTRAP(12)  
HBMSTART(6)  
MAIN(26)  
###################

20210726 - 19:20:03 >>  [INFO] Data base open successfully

# Called from : 
FQUERYTODBF(98)  
VBROWSECMD:OPEN(216)  
VBROWSECMD:REFRESH(1098)  
VBROWSECMD:PREVIOUSPAGE(1404)  
VBROWSECMD:SHOW(711)  
HBM_BOOTSTRAP(27)  
VEXECUTE:EXECFROMBUFF(516)  
VEXECUTE:EXECFROMPRG(209)  
HBMLOAD(28)  
HBMBOOTSTRAP(12)  
HBMSTART(6)  
MAIN(26)  
###################

20210726 - 19:20:04 >>  [INFO] Mounted query : SELECT * FROM EMP WHERE 1=1  LIMIT 5 OFFSET 5 / Original : SELECT * FROM EMP WHERE 1=1 , nPage : 2, nLimit : 5

# Called from : 
VSQLITE:MOUNTQUERY(730)  
VSQLITE:EXECUTEQUERY(263)  
VSQLITE:EXECUTEQUERYTODBF(1250)  
FQUERYTODBF(113)  
VBROWSECMD:OPEN(216)  
VBROWSECMD:REFRESH(1098)  
VBROWSECMD:PREVIOUSPAGE(1404)  
VBROWSECMD:SHOW(711)  
HBM_BOOTSTRAP(27)  
VEXECUTE:EXECFROMBUFF(516)  
VEXECUTE:EXECFROMPRG(209)  
HBMLOAD(28)  
HBMBOOTSTRAP(12)  
HBMSTART(6)  
MAIN(26)  
###################

20210726 - 19:20:04 >>  [INFO] Mounted query : SELECT * FROM EMP WHERE 1=1  LIMIT 5 OFFSET 5 / Original : SELECT * FROM EMP WHERE 1=1 , nPage : 2, nLimit : 5

# Called from : 
FQUERYTODBF(116)  
VBROWSECMD:OPEN(216)  
VBROWSECMD:REFRESH(1098)  
VBROWSECMD:PREVIOUSPAGE(1404)  
VBROWSECMD:SHOW(711)  
HBM_BOOTSTRAP(27)  
VEXECUTE:EXECFROMBUFF(516)  
VEXECUTE:EXECFROMPRG(209)  
HBMLOAD(28)  
HBMBOOTSTRAP(12)  
HBMSTART(6)  
MAIN(26)  
###################

20210726 - 19:20:04 >>  [INFO] Data base open successfully

# Called from : 
VSQLITE:OPEN(134)  
FQUERYTODBF(94)  
VBROWSECMD:OPEN(216)  
VBROWSECMD:REFRESH(1098)  
VBROWSECMD:NEXTPAGE(1359)  
VBROWSECMD:SHOW(716)  
HBM_BOOTSTRAP(27)  
VEXECUTE:EXECFROMBUFF(516)  
VEXECUTE:EXECFROMPRG(209)  
HBMLOAD(28)  
HBMBOOTSTRAP(12)  
HBMSTART(6)  
MAIN(26)  
###################

20210726 - 19:20:04 >>  [INFO] Data base open successfully

# Called from : 
FQUERYTODBF(98)  
VBROWSECMD:OPEN(216)  
VBROWSECMD:REFRESH(1098)  
VBROWSECMD:NEXTPAGE(1359)  
VBROWSECMD:SHOW(716)  
HBM_BOOTSTRAP(27)  
VEXECUTE:EXECFROMBUFF(516)  
VEXECUTE:EXECFROMPRG(209)  
HBMLOAD(28)  
HBMBOOTSTRAP(12)  
HBMSTART(6)  
MAIN(26)  
###################

20210726 - 19:20:04 >>  [INFO] Mounted query : SELECT * FROM EMP WHERE 1=1  LIMIT 5 OFFSET 10 / Original : SELECT * FROM EMP WHERE 1=1 , nPage : 3, nLimit : 5

# Called from : 
VSQLITE:MOUNTQUERY(730)  
VSQLITE:EXECUTEQUERY(263)  
VSQLITE:EXECUTEQUERYTODBF(1250)  
FQUERYTODBF(113)  
VBROWSECMD:OPEN(216)  
VBROWSECMD:REFRESH(1098)  
VBROWSECMD:NEXTPAGE(1359)  
VBROWSECMD:SHOW(716)  
HBM_BOOTSTRAP(27)  
VEXECUTE:EXECFROMBUFF(516)  
VEXECUTE:EXECFROMPRG(209)  
HBMLOAD(28)  
HBMBOOTSTRAP(12)  
HBMSTART(6)  
MAIN(26)  
###################

20210726 - 19:20:04 >>  [INFO] Mounted query : SELECT * FROM EMP WHERE 1=1  LIMIT 5 OFFSET 10 / Original : SELECT * FROM EMP WHERE 1=1 , nPage : 3, nLimit : 5

# Called from : 
FQUERYTODBF(116)  
VBROWSECMD:OPEN(216)  
VBROWSECMD:REFRESH(1098)  
VBROWSECMD:NEXTPAGE(1359)  
VBROWSECMD:SHOW(716)  
HBM_BOOTSTRAP(27)  
VEXECUTE:EXECFROMBUFF(516)  
VEXECUTE:EXECFROMPRG(209)  
HBMLOAD(28)  
HBMBOOTSTRAP(12)  
HBMSTART(6)  
MAIN(26)  
###################

20210726 - 19:20:04 >>  [INFO] Data base open successfully

# Called from : 
VSQLITE:OPEN(134)  
FQUERYTODBF(94)  
VBROWSECMD:OPEN(216)  
VBROWSECMD:REFRESH(1098)  
VBROWSECMD:NEXTPAGE(1359)  
VBROWSECMD:SHOW(716)  
HBM_BOOTSTRAP(27)  
VEXECUTE:EXECFROMBUFF(516)  
VEXECUTE:EXECFROMPRG(209)  
HBMLOAD(28)  
HBMBOOTSTRAP(12)  
HBMSTART(6)  
MAIN(26)  
###################

20210726 - 19:20:04 >>  [INFO] Data base open successfully

# Called from : 
FQUERYTODBF(98)  
VBROWSECMD:OPEN(216)  
VBROWSECMD:REFRESH(1098)  
VBROWSECMD:NEXTPAGE(1359)  
VBROWSECMD:SHOW(716)  
HBM_BOOTSTRAP(27)  
VEXECUTE:EXECFROMBUFF(516)  
VEXECUTE:EXECFROMPRG(209)  
HBMLOAD(28)  
HBMBOOTSTRAP(12)  
HBMSTART(6)  
MAIN(26)  
###################

20210726 - 19:20:04 >>  [INFO] Mounted query : SELECT * FROM EMP WHERE 1=1  LIMIT 5 OFFSET 15 / Original : SELECT * FROM EMP WHERE 1=1 , nPage : 4, nLimit : 5

# Called from : 
VSQLITE:MOUNTQUERY(730)  
VSQLITE:EXECUTEQUERY(263)  
VSQLITE:EXECUTEQUERYTODBF(1250)  
FQUERYTODBF(113)  
VBROWSECMD:OPEN(216)  
VBROWSECMD:REFRESH(1098)  
VBROWSECMD:NEXTPAGE(1359)  
VBROWSECMD:SHOW(716)  
HBM_BOOTSTRAP(27)  
VEXECUTE:EXECFROMBUFF(516)  
VEXECUTE:EXECFROMPRG(209)  
HBMLOAD(28)  
HBMBOOTSTRAP(12)  
HBMSTART(6)  
MAIN(26)  
###################

20210726 - 19:20:04 >>  [WARNING] (CODE:20200703153458) No data

# Called from : 
VSQLITE:EXECUTEQUERYTODBF(1355)  
FQUERYTODBF(113)  
VBROWSECMD:OPEN(216)  
VBROWSECMD:REFRESH(1098)  
VBROWSECMD:NEXTPAGE(1359)  
VBROWSECMD:SHOW(716)  
HBM_BOOTSTRAP(27)  
VEXECUTE:EXECFROMBUFF(516)  
VEXECUTE:EXECFROMPRG(209)  
HBMLOAD(28)  
HBMBOOTSTRAP(12)  
HBMSTART(6)  
MAIN(26)  
###################

20210726 - 19:20:04 >>  [INFO] No data

# Called from : 
FQUERYTODBF(116)  
VBROWSECMD:OPEN(216)  
VBROWSECMD:REFRESH(1098)  
VBROWSECMD:NEXTPAGE(1359)  
VBROWSECMD:SHOW(716)  
HBM_BOOTSTRAP(27)  
VEXECUTE:EXECFROMBUFF(516)  
VEXECUTE:EXECFROMPRG(209)  
HBMLOAD(28)  
HBMBOOTSTRAP(12)  
HBMSTART(6)  
MAIN(26)  
###################

20210726 - 19:20:04 >>  [INFO] Data base open successfully

# Called from : 
VSQLITE:OPEN(134)  
FQUERYTODBF(94)  
VBROWSECMD:OPEN(216)  
VBROWSECMD:REFRESH(1098)  
VBROWSECMD:NEXTPAGE(1362)  
VBROWSECMD:SHOW(716)  
HBM_BOOTSTRAP(27)  
VEXECUTE:EXECFROMBUFF(516)  
VEXECUTE:EXECFROMPRG(209)  
HBMLOAD(28)  
HBMBOOTSTRAP(12)  
HBMSTART(6)  
MAIN(26)  
###################

20210726 - 19:20:04 >>  [INFO] Data base open successfully

# Called from : 
FQUERYTODBF(98)  
VBROWSECMD:OPEN(216)  
VBROWSECMD:REFRESH(1098)  
VBROWSECMD:NEXTPAGE(1362)  
VBROWSECMD:SHOW(716)  
HBM_BOOTSTRAP(27)  
VEXECUTE:EXECFROMBUFF(516)  
VEXECUTE:EXECFROMPRG(209)  
HBMLOAD(28)  
HBMBOOTSTRAP(12)  
HBMSTART(6)  
MAIN(26)  
###################

20210726 - 19:20:04 >>  [INFO] Mounted query : SELECT * FROM EMP WHERE 1=1  LIMIT 5 OFFSET 10 / Original : SELECT * FROM EMP WHERE 1=1 , nPage : 3, nLimit : 5

# Called from : 
VSQLITE:MOUNTQUERY(730)  
VSQLITE:EXECUTEQUERY(263)  
VSQLITE:EXECUTEQUERYTODBF(1250)  
FQUERYTODBF(113)  
VBROWSECMD:OPEN(216)  
VBROWSECMD:REFRESH(1098)  
VBROWSECMD:NEXTPAGE(1362)  
VBROWSECMD:SHOW(716)  
HBM_BOOTSTRAP(27)  
VEXECUTE:EXECFROMBUFF(516)  
VEXECUTE:EXECFROMPRG(209)  
HBMLOAD(28)  
HBMBOOTSTRAP(12)  
HBMSTART(6)  
MAIN(26)  
###################

20210726 - 19:20:04 >>  [INFO] Mounted query : SELECT * FROM EMP WHERE 1=1  LIMIT 5 OFFSET 10 / Original : SELECT * FROM EMP WHERE 1=1 , nPage : 3, nLimit : 5

# Called from : 
FQUERYTODBF(116)  
VBROWSECMD:OPEN(216)  
VBROWSECMD:REFRESH(1098)  
VBROWSECMD:NEXTPAGE(1362)  
VBROWSECMD:SHOW(716)  
HBM_BOOTSTRAP(27)  
VEXECUTE:EXECFROMBUFF(516)  
VEXECUTE:EXECFROMPRG(209)  
HBMLOAD(28)  
HBMBOOTSTRAP(12)  
HBMSTART(6)  
MAIN(26)  
###################

20210726 - 19:20:05 >>  [INFO] Data base open successfully

# Called from : 
VSQLITE:OPEN(134)  
FQUERYTODBF(94)  
VBROWSECMD:OPEN(216)  
VBROWSECMD:REFRESH(1098)  
VBROWSECMD:NEXTPAGE(1359)  
VBROWSECMD:SHOW(716)  
HBM_BOOTSTRAP(27)  
VEXECUTE:EXECFROMBUFF(516)  
VEXECUTE:EXECFROMPRG(209)  
HBMLOAD(28)  
HBMBOOTSTRAP(12)  
HBMSTART(6)  
MAIN(26)  
###################

20210726 - 19:20:05 >>  [INFO] Data base open successfully

# Called from : 
FQUERYTODBF(98)  
VBROWSECMD:OPEN(216)  
VBROWSECMD:REFRESH(1098)  
VBROWSECMD:NEXTPAGE(1359)  
VBROWSECMD:SHOW(716)  
HBM_BOOTSTRAP(27)  
VEXECUTE:EXECFROMBUFF(516)  
VEXECUTE:EXECFROMPRG(209)  
HBMLOAD(28)  
HBMBOOTSTRAP(12)  
HBMSTART(6)  
MAIN(26)  
###################

20210726 - 19:20:05 >>  [INFO] Mounted query : SELECT * FROM EMP WHERE 1=1  LIMIT 5 OFFSET 15 / Original : SELECT * FROM EMP WHERE 1=1 , nPage : 4, nLimit : 5

# Called from : 
VSQLITE:MOUNTQUERY(730)  
VSQLITE:EXECUTEQUERY(263)  
VSQLITE:EXECUTEQUERYTODBF(1250)  
FQUERYTODBF(113)  
VBROWSECMD:OPEN(216)  
VBROWSECMD:REFRESH(1098)  
VBROWSECMD:NEXTPAGE(1359)  
VBROWSECMD:SHOW(716)  
HBM_BOOTSTRAP(27)  
VEXECUTE:EXECFROMBUFF(516)  
VEXECUTE:EXECFROMPRG(209)  
HBMLOAD(28)  
HBMBOOTSTRAP(12)  
HBMSTART(6)  
MAIN(26)  
###################

20210726 - 19:20:05 >>  [WARNING] (CODE:20200703153458) No data

# Called from : 
VSQLITE:EXECUTEQUERYTODBF(1355)  
FQUERYTODBF(113)  
VBROWSECMD:OPEN(216)  
VBROWSECMD:REFRESH(1098)  
VBROWSECMD:NEXTPAGE(1359)  
VBROWSECMD:SHOW(716)  
HBM_BOOTSTRAP(27)  
VEXECUTE:EXECFROMBUFF(516)  
VEXECUTE:EXECFROMPRG(209)  
HBMLOAD(28)  
HBMBOOTSTRAP(12)  
HBMSTART(6)  
MAIN(26)  
###################

20210726 - 19:20:05 >>  [INFO] No data

# Called from : 
FQUERYTODBF(116)  
VBROWSECMD:OPEN(216)  
VBROWSECMD:REFRESH(1098)  
VBROWSECMD:NEXTPAGE(1359)  
VBROWSECMD:SHOW(716)  
HBM_BOOTSTRAP(27)  
VEXECUTE:EXECFROMBUFF(516)  
VEXECUTE:EXECFROMPRG(209)  
HBMLOAD(28)  
HBMBOOTSTRAP(12)  
HBMSTART(6)  
MAIN(26)  
###################

20210726 - 19:20:05 >>  [INFO] Data base open successfully

# Called from : 
VSQLITE:OPEN(134)  
FQUERYTODBF(94)  
VBROWSECMD:OPEN(216)  
VBROWSECMD:REFRESH(1098)  
VBROWSECMD:NEXTPAGE(1362)  
VBROWSECMD:SHOW(716)  
HBM_BOOTSTRAP(27)  
VEXECUTE:EXECFROMBUFF(516)  
VEXECUTE:EXECFROMPRG(209)  
HBMLOAD(28)  
HBMBOOTSTRAP(12)  
HBMSTART(6)  
MAIN(26)  
###################

20210726 - 19:20:05 >>  [INFO] Data base open successfully

# Called from : 
FQUERYTODBF(98)  
VBROWSECMD:OPEN(216)  
VBROWSECMD:REFRESH(1098)  
VBROWSECMD:NEXTPAGE(1362)  
VBROWSECMD:SHOW(716)  
HBM_BOOTSTRAP(27)  
VEXECUTE:EXECFROMBUFF(516)  
VEXECUTE:EXECFROMPRG(209)  
HBMLOAD(28)  
HBMBOOTSTRAP(12)  
HBMSTART(6)  
MAIN(26)  
###################

20210726 - 19:20:05 >>  [INFO] Mounted query : SELECT * FROM EMP WHERE 1=1  LIMIT 5 OFFSET 10 / Original : SELECT * FROM EMP WHERE 1=1 , nPage : 3, nLimit : 5

# Called from : 
VSQLITE:MOUNTQUERY(730)  
VSQLITE:EXECUTEQUERY(263)  
VSQLITE:EXECUTEQUERYTODBF(1250)  
FQUERYTODBF(113)  
VBROWSECMD:OPEN(216)  
VBROWSECMD:REFRESH(1098)  
VBROWSECMD:NEXTPAGE(1362)  
VBROWSECMD:SHOW(716)  
HBM_BOOTSTRAP(27)  
VEXECUTE:EXECFROMBUFF(516)  
VEXECUTE:EXECFROMPRG(209)  
HBMLOAD(28)  
HBMBOOTSTRAP(12)  
HBMSTART(6)  
MAIN(26)  
###################

20210726 - 19:20:05 >>  [INFO] Mounted query : SELECT * FROM EMP WHERE 1=1  LIMIT 5 OFFSET 10 / Original : SELECT * FROM EMP WHERE 1=1 , nPage : 3, nLimit : 5

# Called from : 
FQUERYTODBF(116)  
VBROWSECMD:OPEN(216)  
VBROWSECMD:REFRESH(1098)  
VBROWSECMD:NEXTPAGE(1362)  
VBROWSECMD:SHOW(716)  
HBM_BOOTSTRAP(27)  
VEXECUTE:EXECFROMBUFF(516)  
VEXECUTE:EXECFROMPRG(209)  
HBMLOAD(28)  
HBMBOOTSTRAP(12)  
HBMSTART(6)  
MAIN(26)  
###################

20210726 - 19:20:05 >>  [INFO] Data base open successfully

# Called from : 
VSQLITE:OPEN(134)  
FQUERYTODBF(94)  
VBROWSECMD:OPEN(216)  
VBROWSECMD:REFRESH(1098)  
VBROWSECMD:PREVIOUSPAGE(1404)  
VBROWSECMD:SHOW(711)  
HBM_BOOTSTRAP(27)  
VEXECUTE:EXECFROMBUFF(516)  
VEXECUTE:EXECFROMPRG(209)  
HBMLOAD(28)  
HBMBOOTSTRAP(12)  
HBMSTART(6)  
MAIN(26)  
###################

20210726 - 19:20:05 >>  [INFO] Data base open successfully

# Called from : 
FQUERYTODBF(98)  
VBROWSECMD:OPEN(216)  
VBROWSECMD:REFRESH(1098)  
VBROWSECMD:PREVIOUSPAGE(1404)  
VBROWSECMD:SHOW(711)  
HBM_BOOTSTRAP(27)  
VEXECUTE:EXECFROMBUFF(516)  
VEXECUTE:EXECFROMPRG(209)  
HBMLOAD(28)  
HBMBOOTSTRAP(12)  
HBMSTART(6)  
MAIN(26)  
###################

20210726 - 19:20:05 >>  [INFO] Mounted query : SELECT * FROM EMP WHERE 1=1  LIMIT 5 OFFSET 5 / Original : SELECT * FROM EMP WHERE 1=1 , nPage : 2, nLimit : 5

# Called from : 
VSQLITE:MOUNTQUERY(730)  
VSQLITE:EXECUTEQUERY(263)  
VSQLITE:EXECUTEQUERYTODBF(1250)  
FQUERYTODBF(113)  
VBROWSECMD:OPEN(216)  
VBROWSECMD:REFRESH(1098)  
VBROWSECMD:PREVIOUSPAGE(1404)  
VBROWSECMD:SHOW(711)  
HBM_BOOTSTRAP(27)  
VEXECUTE:EXECFROMBUFF(516)  
VEXECUTE:EXECFROMPRG(209)  
HBMLOAD(28)  
HBMBOOTSTRAP(12)  
HBMSTART(6)  
MAIN(26)  
###################

20210726 - 19:20:05 >>  [INFO] Mounted query : SELECT * FROM EMP WHERE 1=1  LIMIT 5 OFFSET 5 / Original : SELECT * FROM EMP WHERE 1=1 , nPage : 2, nLimit : 5

# Called from : 
FQUERYTODBF(116)  
VBROWSECMD:OPEN(216)  
VBROWSECMD:REFRESH(1098)  
VBROWSECMD:PREVIOUSPAGE(1404)  
VBROWSECMD:SHOW(711)  
HBM_BOOTSTRAP(27)  
VEXECUTE:EXECFROMBUFF(516)  
VEXECUTE:EXECFROMPRG(209)  
HBMLOAD(28)  
HBMBOOTSTRAP(12)  
HBMSTART(6)  
MAIN(26)  
###################

20210726 - 19:20:05 >>  [INFO] Data base open successfully

# Called from : 
VSQLITE:OPEN(134)  
FQUERYTODBF(94)  
VBROWSECMD:OPEN(216)  
VBROWSECMD:REFRESH(1098)  
VBROWSECMD:PREVIOUSPAGE(1404)  
VBROWSECMD:SHOW(711)  
HBM_BOOTSTRAP(27)  
VEXECUTE:EXECFROMBUFF(516)  
VEXECUTE:EXECFROMPRG(209)  
HBMLOAD(28)  
HBMBOOTSTRAP(12)  
HBMSTART(6)  
MAIN(26)  
###################

20210726 - 19:20:05 >>  [INFO] Data base open successfully

# Called from : 
FQUERYTODBF(98)  
VBROWSECMD:OPEN(216)  
VBROWSECMD:REFRESH(1098)  
VBROWSECMD:PREVIOUSPAGE(1404)  
VBROWSECMD:SHOW(711)  
HBM_BOOTSTRAP(27)  
VEXECUTE:EXECFROMBUFF(516)  
VEXECUTE:EXECFROMPRG(209)  
HBMLOAD(28)  
HBMBOOTSTRAP(12)  
HBMSTART(6)  
MAIN(26)  
###################

20210726 - 19:20:05 >>  [INFO] Mounted query : SELECT * FROM EMP WHERE 1=1  LIMIT 5 OFFSET 0 / Original : SELECT * FROM EMP WHERE 1=1 , nPage : 1, nLimit : 5

# Called from : 
VSQLITE:MOUNTQUERY(730)  
VSQLITE:EXECUTEQUERY(263)  
VSQLITE:EXECUTEQUERYTODBF(1250)  
FQUERYTODBF(113)  
VBROWSECMD:OPEN(216)  
VBROWSECMD:REFRESH(1098)  
VBROWSECMD:PREVIOUSPAGE(1404)  
VBROWSECMD:SHOW(711)  
HBM_BOOTSTRAP(27)  
VEXECUTE:EXECFROMBUFF(516)  
VEXECUTE:EXECFROMPRG(209)  
HBMLOAD(28)  
HBMBOOTSTRAP(12)  
HBMSTART(6)  
MAIN(26)  
###################

20210726 - 19:20:05 >>  [INFO] Mounted query : SELECT * FROM EMP WHERE 1=1  LIMIT 5 OFFSET 0 / Original : SELECT * FROM EMP WHERE 1=1 , nPage : 1, nLimit : 5

# Called from : 
FQUERYTODBF(116)  
VBROWSECMD:OPEN(216)  
VBROWSECMD:REFRESH(1098)  
VBROWSECMD:PREVIOUSPAGE(1404)  
VBROWSECMD:SHOW(711)  
HBM_BOOTSTRAP(27)  
VEXECUTE:EXECFROMBUFF(516)  
VEXECUTE:EXECFROMPRG(209)  
HBMLOAD(28)  
HBMBOOTSTRAP(12)  
HBMSTART(6)  
MAIN(26)  
###################

20210726 - 19:20:06 >>  [INFO] Data base open successfully

# Called from : 
VSQLITE:OPEN(134)  
FQUERYTODBF(94)  
VBROWSECMD:OPEN(216)  
VBROWSECMD:REFRESH(1098)  
VBROWSECMD:NEXTPAGE(1359)  
VBROWSECMD:SHOW(716)  
HBM_BOOTSTRAP(27)  
VEXECUTE:EXECFROMBUFF(516)  
VEXECUTE:EXECFROMPRG(209)  
HBMLOAD(28)  
HBMBOOTSTRAP(12)  
HBMSTART(6)  
MAIN(26)  
###################

20210726 - 19:20:06 >>  [INFO] Data base open successfully

# Called from : 
FQUERYTODBF(98)  
VBROWSECMD:OPEN(216)  
VBROWSECMD:REFRESH(1098)  
VBROWSECMD:NEXTPAGE(1359)  
VBROWSECMD:SHOW(716)  
HBM_BOOTSTRAP(27)  
VEXECUTE:EXECFROMBUFF(516)  
VEXECUTE:EXECFROMPRG(209)  
HBMLOAD(28)  
HBMBOOTSTRAP(12)  
HBMSTART(6)  
MAIN(26)  
###################

20210726 - 19:20:06 >>  [INFO] Mounted query : SELECT * FROM EMP WHERE 1=1  LIMIT 5 OFFSET 5 / Original : SELECT * FROM EMP WHERE 1=1 , nPage : 2, nLimit : 5

# Called from : 
VSQLITE:MOUNTQUERY(730)  
VSQLITE:EXECUTEQUERY(263)  
VSQLITE:EXECUTEQUERYTODBF(1250)  
FQUERYTODBF(113)  
VBROWSECMD:OPEN(216)  
VBROWSECMD:REFRESH(1098)  
VBROWSECMD:NEXTPAGE(1359)  
VBROWSECMD:SHOW(716)  
HBM_BOOTSTRAP(27)  
VEXECUTE:EXECFROMBUFF(516)  
VEXECUTE:EXECFROMPRG(209)  
HBMLOAD(28)  
HBMBOOTSTRAP(12)  
HBMSTART(6)  
MAIN(26)  
###################

20210726 - 19:20:06 >>  [INFO] Mounted query : SELECT * FROM EMP WHERE 1=1  LIMIT 5 OFFSET 5 / Original : SELECT * FROM EMP WHERE 1=1 , nPage : 2, nLimit : 5

# Called from : 
FQUERYTODBF(116)  
VBROWSECMD:OPEN(216)  
VBROWSECMD:REFRESH(1098)  
VBROWSECMD:NEXTPAGE(1359)  
VBROWSECMD:SHOW(716)  
HBM_BOOTSTRAP(27)  
VEXECUTE:EXECFROMBUFF(516)  
VEXECUTE:EXECFROMPRG(209)  
HBMLOAD(28)  
HBMBOOTSTRAP(12)  
HBMSTART(6)  
MAIN(26)  
###################

20210726 - 19:20:06 >>  [INFO] Data base open successfully

# Called from : 
VSQLITE:OPEN(134)  
FQUERYTODBF(94)  
VBROWSECMD:OPEN(216)  
VBROWSECMD:REFRESH(1098)  
VBROWSECMD:NEXTPAGE(1359)  
VBROWSECMD:SHOW(716)  
HBM_BOOTSTRAP(27)  
VEXECUTE:EXECFROMBUFF(516)  
VEXECUTE:EXECFROMPRG(209)  
HBMLOAD(28)  
HBMBOOTSTRAP(12)  
HBMSTART(6)  
MAIN(26)  
###################

20210726 - 19:20:06 >>  [INFO] Data base open successfully

# Called from : 
FQUERYTODBF(98)  
VBROWSECMD:OPEN(216)  
VBROWSECMD:REFRESH(1098)  
VBROWSECMD:NEXTPAGE(1359)  
VBROWSECMD:SHOW(716)  
HBM_BOOTSTRAP(27)  
VEXECUTE:EXECFROMBUFF(516)  
VEXECUTE:EXECFROMPRG(209)  
HBMLOAD(28)  
HBMBOOTSTRAP(12)  
HBMSTART(6)  
MAIN(26)  
###################

20210726 - 19:20:06 >>  [INFO] Mounted query : SELECT * FROM EMP WHERE 1=1  LIMIT 5 OFFSET 10 / Original : SELECT * FROM EMP WHERE 1=1 , nPage : 3, nLimit : 5

# Called from : 
VSQLITE:MOUNTQUERY(730)  
VSQLITE:EXECUTEQUERY(263)  
VSQLITE:EXECUTEQUERYTODBF(1250)  
FQUERYTODBF(113)  
VBROWSECMD:OPEN(216)  
VBROWSECMD:REFRESH(1098)  
VBROWSECMD:NEXTPAGE(1359)  
VBROWSECMD:SHOW(716)  
HBM_BOOTSTRAP(27)  
VEXECUTE:EXECFROMBUFF(516)  
VEXECUTE:EXECFROMPRG(209)  
HBMLOAD(28)  
HBMBOOTSTRAP(12)  
HBMSTART(6)  
MAIN(26)  
###################

20210726 - 19:20:07 >>  [INFO] Mounted query : SELECT * FROM EMP WHERE 1=1  LIMIT 5 OFFSET 10 / Original : SELECT * FROM EMP WHERE 1=1 , nPage : 3, nLimit : 5

# Called from : 
FQUERYTODBF(116)  
VBROWSECMD:OPEN(216)  
VBROWSECMD:REFRESH(1098)  
VBROWSECMD:NEXTPAGE(1359)  
VBROWSECMD:SHOW(716)  
HBM_BOOTSTRAP(27)  
VEXECUTE:EXECFROMBUFF(516)  
VEXECUTE:EXECFROMPRG(209)  
HBMLOAD(28)  
HBMBOOTSTRAP(12)  
HBMSTART(6)  
MAIN(26)  
###################

20210726 - 19:20:07 >>  [INFO] Data base open successfully

# Called from : 
VSQLITE:OPEN(134)  
FQUERYTODBF(94)  
VBROWSECMD:OPEN(216)  
VBROWSECMD:REFRESH(1098)  
VBROWSECMD:NEXTPAGE(1359)  
VBROWSECMD:SHOW(716)  
HBM_BOOTSTRAP(27)  
VEXECUTE:EXECFROMBUFF(516)  
VEXECUTE:EXECFROMPRG(209)  
HBMLOAD(28)  
HBMBOOTSTRAP(12)  
HBMSTART(6)  
MAIN(26)  
###################

20210726 - 19:20:07 >>  [INFO] Data base open successfully

# Called from : 
FQUERYTODBF(98)  
VBROWSECMD:OPEN(216)  
VBROWSECMD:REFRESH(1098)  
VBROWSECMD:NEXTPAGE(1359)  
VBROWSECMD:SHOW(716)  
HBM_BOOTSTRAP(27)  
VEXECUTE:EXECFROMBUFF(516)  
VEXECUTE:EXECFROMPRG(209)  
HBMLOAD(28)  
HBMBOOTSTRAP(12)  
HBMSTART(6)  
MAIN(26)  
###################

20210726 - 19:20:07 >>  [INFO] Mounted query : SELECT * FROM EMP WHERE 1=1  LIMIT 5 OFFSET 15 / Original : SELECT * FROM EMP WHERE 1=1 , nPage : 4, nLimit : 5

# Called from : 
VSQLITE:MOUNTQUERY(730)  
VSQLITE:EXECUTEQUERY(263)  
VSQLITE:EXECUTEQUERYTODBF(1250)  
FQUERYTODBF(113)  
VBROWSECMD:OPEN(216)  
VBROWSECMD:REFRESH(1098)  
VBROWSECMD:NEXTPAGE(1359)  
VBROWSECMD:SHOW(716)  
HBM_BOOTSTRAP(27)  
VEXECUTE:EXECFROMBUFF(516)  
VEXECUTE:EXECFROMPRG(209)  
HBMLOAD(28)  
HBMBOOTSTRAP(12)  
HBMSTART(6)  
MAIN(26)  
###################

20210726 - 19:20:07 >>  [WARNING] (CODE:20200703153458) No data

# Called from : 
VSQLITE:EXECUTEQUERYTODBF(1355)  
FQUERYTODBF(113)  
VBROWSECMD:OPEN(216)  
VBROWSECMD:REFRESH(1098)  
VBROWSECMD:NEXTPAGE(1359)  
VBROWSECMD:SHOW(716)  
HBM_BOOTSTRAP(27)  
VEXECUTE:EXECFROMBUFF(516)  
VEXECUTE:EXECFROMPRG(209)  
HBMLOAD(28)  
HBMBOOTSTRAP(12)  
HBMSTART(6)  
MAIN(26)  
###################

20210726 - 19:20:07 >>  [INFO] No data

# Called from : 
FQUERYTODBF(116)  
VBROWSECMD:OPEN(216)  
VBROWSECMD:REFRESH(1098)  
VBROWSECMD:NEXTPAGE(1359)  
VBROWSECMD:SHOW(716)  
HBM_BOOTSTRAP(27)  
VEXECUTE:EXECFROMBUFF(516)  
VEXECUTE:EXECFROMPRG(209)  
HBMLOAD(28)  
HBMBOOTSTRAP(12)  
HBMSTART(6)  
MAIN(26)  
###################

20210726 - 19:20:07 >>  [INFO] Data base open successfully

# Called from : 
VSQLITE:OPEN(134)  
FQUERYTODBF(94)  
VBROWSECMD:OPEN(216)  
VBROWSECMD:REFRESH(1098)  
VBROWSECMD:NEXTPAGE(1362)  
VBROWSECMD:SHOW(716)  
HBM_BOOTSTRAP(27)  
VEXECUTE:EXECFROMBUFF(516)  
VEXECUTE:EXECFROMPRG(209)  
HBMLOAD(28)  
HBMBOOTSTRAP(12)  
HBMSTART(6)  
MAIN(26)  
###################

20210726 - 19:20:07 >>  [INFO] Data base open successfully

# Called from : 
FQUERYTODBF(98)  
VBROWSECMD:OPEN(216)  
VBROWSECMD:REFRESH(1098)  
VBROWSECMD:NEXTPAGE(1362)  
VBROWSECMD:SHOW(716)  
HBM_BOOTSTRAP(27)  
VEXECUTE:EXECFROMBUFF(516)  
VEXECUTE:EXECFROMPRG(209)  
HBMLOAD(28)  
HBMBOOTSTRAP(12)  
HBMSTART(6)  
MAIN(26)  
###################

20210726 - 19:20:07 >>  [INFO] Mounted query : SELECT * FROM EMP WHERE 1=1  LIMIT 5 OFFSET 10 / Original : SELECT * FROM EMP WHERE 1=1 , nPage : 3, nLimit : 5

# Called from : 
VSQLITE:MOUNTQUERY(730)  
VSQLITE:EXECUTEQUERY(263)  
VSQLITE:EXECUTEQUERYTODBF(1250)  
FQUERYTODBF(113)  
VBROWSECMD:OPEN(216)  
VBROWSECMD:REFRESH(1098)  
VBROWSECMD:NEXTPAGE(1362)  
VBROWSECMD:SHOW(716)  
HBM_BOOTSTRAP(27)  
VEXECUTE:EXECFROMBUFF(516)  
VEXECUTE:EXECFROMPRG(209)  
HBMLOAD(28)  
HBMBOOTSTRAP(12)  
HBMSTART(6)  
MAIN(26)  
###################

20210726 - 19:20:07 >>  [INFO] Mounted query : SELECT * FROM EMP WHERE 1=1  LIMIT 5 OFFSET 10 / Original : SELECT * FROM EMP WHERE 1=1 , nPage : 3, nLimit : 5

# Called from : 
FQUERYTODBF(116)  
VBROWSECMD:OPEN(216)  
VBROWSECMD:REFRESH(1098)  
VBROWSECMD:NEXTPAGE(1362)  
VBROWSECMD:SHOW(716)  
HBM_BOOTSTRAP(27)  
VEXECUTE:EXECFROMBUFF(516)  
VEXECUTE:EXECFROMPRG(209)  
HBMLOAD(28)  
HBMBOOTSTRAP(12)  
HBMSTART(6)  
MAIN(26)  
###################

20210726 - 19:20:07 >>  [INFO] Data base open successfully

# Called from : 
VSQLITE:OPEN(134)  
FQUERYTODBF(94)  
VBROWSECMD:OPEN(216)  
VBROWSECMD:REFRESH(1098)  
VBROWSECMD:NEXTPAGE(1359)  
VBROWSECMD:SHOW(716)  
HBM_BOOTSTRAP(27)  
VEXECUTE:EXECFROMBUFF(516)  
VEXECUTE:EXECFROMPRG(209)  
HBMLOAD(28)  
HBMBOOTSTRAP(12)  
HBMSTART(6)  
MAIN(26)  
###################

20210726 - 19:20:07 >>  [INFO] Data base open successfully

# Called from : 
FQUERYTODBF(98)  
VBROWSECMD:OPEN(216)  
VBROWSECMD:REFRESH(1098)  
VBROWSECMD:NEXTPAGE(1359)  
VBROWSECMD:SHOW(716)  
HBM_BOOTSTRAP(27)  
VEXECUTE:EXECFROMBUFF(516)  
VEXECUTE:EXECFROMPRG(209)  
HBMLOAD(28)  
HBMBOOTSTRAP(12)  
HBMSTART(6)  
MAIN(26)  
###################

20210726 - 19:20:07 >>  [INFO] Mounted query : SELECT * FROM EMP WHERE 1=1  LIMIT 5 OFFSET 15 / Original : SELECT * FROM EMP WHERE 1=1 , nPage : 4, nLimit : 5

# Called from : 
VSQLITE:MOUNTQUERY(730)  
VSQLITE:EXECUTEQUERY(263)  
VSQLITE:EXECUTEQUERYTODBF(1250)  
FQUERYTODBF(113)  
VBROWSECMD:OPEN(216)  
VBROWSECMD:REFRESH(1098)  
VBROWSECMD:NEXTPAGE(1359)  
VBROWSECMD:SHOW(716)  
HBM_BOOTSTRAP(27)  
VEXECUTE:EXECFROMBUFF(516)  
VEXECUTE:EXECFROMPRG(209)  
HBMLOAD(28)  
HBMBOOTSTRAP(12)  
HBMSTART(6)  
MAIN(26)  
###################

20210726 - 19:20:07 >>  [WARNING] (CODE:20200703153458) No data

# Called from : 
VSQLITE:EXECUTEQUERYTODBF(1355)  
FQUERYTODBF(113)  
VBROWSECMD:OPEN(216)  
VBROWSECMD:REFRESH(1098)  
VBROWSECMD:NEXTPAGE(1359)  
VBROWSECMD:SHOW(716)  
HBM_BOOTSTRAP(27)  
VEXECUTE:EXECFROMBUFF(516)  
VEXECUTE:EXECFROMPRG(209)  
HBMLOAD(28)  
HBMBOOTSTRAP(12)  
HBMSTART(6)  
MAIN(26)  
###################

20210726 - 19:20:07 >>  [INFO] No data

# Called from : 
FQUERYTODBF(116)  
VBROWSECMD:OPEN(216)  
VBROWSECMD:REFRESH(1098)  
VBROWSECMD:NEXTPAGE(1359)  
VBROWSECMD:SHOW(716)  
HBM_BOOTSTRAP(27)  
VEXECUTE:EXECFROMBUFF(516)  
VEXECUTE:EXECFROMPRG(209)  
HBMLOAD(28)  
HBMBOOTSTRAP(12)  
HBMSTART(6)  
MAIN(26)  
###################

20210726 - 19:20:07 >>  [INFO] Data base open successfully

# Called from : 
VSQLITE:OPEN(134)  
FQUERYTODBF(94)  
VBROWSECMD:OPEN(216)  
VBROWSECMD:REFRESH(1098)  
VBROWSECMD:NEXTPAGE(1362)  
VBROWSECMD:SHOW(716)  
HBM_BOOTSTRAP(27)  
VEXECUTE:EXECFROMBUFF(516)  
VEXECUTE:EXECFROMPRG(209)  
HBMLOAD(28)  
HBMBOOTSTRAP(12)  
HBMSTART(6)  
MAIN(26)  
###################

20210726 - 19:20:07 >>  [INFO] Data base open successfully

# Called from : 
FQUERYTODBF(98)  
VBROWSECMD:OPEN(216)  
VBROWSECMD:REFRESH(1098)  
VBROWSECMD:NEXTPAGE(1362)  
VBROWSECMD:SHOW(716)  
HBM_BOOTSTRAP(27)  
VEXECUTE:EXECFROMBUFF(516)  
VEXECUTE:EXECFROMPRG(209)  
HBMLOAD(28)  
HBMBOOTSTRAP(12)  
HBMSTART(6)  
MAIN(26)  
###################

20210726 - 19:20:07 >>  [INFO] Mounted query : SELECT * FROM EMP WHERE 1=1  LIMIT 5 OFFSET 10 / Original : SELECT * FROM EMP WHERE 1=1 , nPage : 3, nLimit : 5

# Called from : 
VSQLITE:MOUNTQUERY(730)  
VSQLITE:EXECUTEQUERY(263)  
VSQLITE:EXECUTEQUERYTODBF(1250)  
FQUERYTODBF(113)  
VBROWSECMD:OPEN(216)  
VBROWSECMD:REFRESH(1098)  
VBROWSECMD:NEXTPAGE(1362)  
VBROWSECMD:SHOW(716)  
HBM_BOOTSTRAP(27)  
VEXECUTE:EXECFROMBUFF(516)  
VEXECUTE:EXECFROMPRG(209)  
HBMLOAD(28)  
HBMBOOTSTRAP(12)  
HBMSTART(6)  
MAIN(26)  
###################

20210726 - 19:20:07 >>  [INFO] Mounted query : SELECT * FROM EMP WHERE 1=1  LIMIT 5 OFFSET 10 / Original : SELECT * FROM EMP WHERE 1=1 , nPage : 3, nLimit : 5

# Called from : 
FQUERYTODBF(116)  
VBROWSECMD:OPEN(216)  
VBROWSECMD:REFRESH(1098)  
VBROWSECMD:NEXTPAGE(1362)  
VBROWSECMD:SHOW(716)  
HBM_BOOTSTRAP(27)  
VEXECUTE:EXECFROMBUFF(516)  
VEXECUTE:EXECFROMPRG(209)  
HBMLOAD(28)  
HBMBOOTSTRAP(12)  
HBMSTART(6)  
MAIN(26)  
###################

20210726 - 19:20:07 >>  [INFO] Data base open successfully

# Called from : 
VSQLITE:OPEN(134)  
FQUERYTODBF(94)  
VBROWSECMD:OPEN(216)  
VBROWSECMD:REFRESH(1098)  
VBROWSECMD:NEXTPAGE(1359)  
VBROWSECMD:SHOW(716)  
HBM_BOOTSTRAP(27)  
VEXECUTE:EXECFROMBUFF(516)  
VEXECUTE:EXECFROMPRG(209)  
HBMLOAD(28)  
HBMBOOTSTRAP(12)  
HBMSTART(6)  
MAIN(26)  
###################

20210726 - 19:20:07 >>  [INFO] Data base open successfully

# Called from : 
FQUERYTODBF(98)  
VBROWSECMD:OPEN(216)  
VBROWSECMD:REFRESH(1098)  
VBROWSECMD:NEXTPAGE(1359)  
VBROWSECMD:SHOW(716)  
HBM_BOOTSTRAP(27)  
VEXECUTE:EXECFROMBUFF(516)  
VEXECUTE:EXECFROMPRG(209)  
HBMLOAD(28)  
HBMBOOTSTRAP(12)  
HBMSTART(6)  
MAIN(26)  
###################

20210726 - 19:20:07 >>  [INFO] Mounted query : SELECT * FROM EMP WHERE 1=1  LIMIT 5 OFFSET 15 / Original : SELECT * FROM EMP WHERE 1=1 , nPage : 4, nLimit : 5

# Called from : 
VSQLITE:MOUNTQUERY(730)  
VSQLITE:EXECUTEQUERY(263)  
VSQLITE:EXECUTEQUERYTODBF(1250)  
FQUERYTODBF(113)  
VBROWSECMD:OPEN(216)  
VBROWSECMD:REFRESH(1098)  
VBROWSECMD:NEXTPAGE(1359)  
VBROWSECMD:SHOW(716)  
HBM_BOOTSTRAP(27)  
VEXECUTE:EXECFROMBUFF(516)  
VEXECUTE:EXECFROMPRG(209)  
HBMLOAD(28)  
HBMBOOTSTRAP(12)  
HBMSTART(6)  
MAIN(26)  
###################

20210726 - 19:20:07 >>  [WARNING] (CODE:20200703153458) No data

# Called from : 
VSQLITE:EXECUTEQUERYTODBF(1355)  
FQUERYTODBF(113)  
VBROWSECMD:OPEN(216)  
VBROWSECMD:REFRESH(1098)  
VBROWSECMD:NEXTPAGE(1359)  
VBROWSECMD:SHOW(716)  
HBM_BOOTSTRAP(27)  
VEXECUTE:EXECFROMBUFF(516)  
VEXECUTE:EXECFROMPRG(209)  
HBMLOAD(28)  
HBMBOOTSTRAP(12)  
HBMSTART(6)  
MAIN(26)  
###################

20210726 - 19:20:07 >>  [INFO] No data

# Called from : 
FQUERYTODBF(116)  
VBROWSECMD:OPEN(216)  
VBROWSECMD:REFRESH(1098)  
VBROWSECMD:NEXTPAGE(1359)  
VBROWSECMD:SHOW(716)  
HBM_BOOTSTRAP(27)  
VEXECUTE:EXECFROMBUFF(516)  
VEXECUTE:EXECFROMPRG(209)  
HBMLOAD(28)  
HBMBOOTSTRAP(12)  
HBMSTART(6)  
MAIN(26)  
###################

20210726 - 19:20:07 >>  [INFO] Data base open successfully

# Called from : 
VSQLITE:OPEN(134)  
FQUERYTODBF(94)  
VBROWSECMD:OPEN(216)  
VBROWSECMD:REFRESH(1098)  
VBROWSECMD:NEXTPAGE(1362)  
VBROWSECMD:SHOW(716)  
HBM_BOOTSTRAP(27)  
VEXECUTE:EXECFROMBUFF(516)  
VEXECUTE:EXECFROMPRG(209)  
HBMLOAD(28)  
HBMBOOTSTRAP(12)  
HBMSTART(6)  
MAIN(26)  
###################

20210726 - 19:20:07 >>  [INFO] Data base open successfully

# Called from : 
FQUERYTODBF(98)  
VBROWSECMD:OPEN(216)  
VBROWSECMD:REFRESH(1098)  
VBROWSECMD:NEXTPAGE(1362)  
VBROWSECMD:SHOW(716)  
HBM_BOOTSTRAP(27)  
VEXECUTE:EXECFROMBUFF(516)  
VEXECUTE:EXECFROMPRG(209)  
HBMLOAD(28)  
HBMBOOTSTRAP(12)  
HBMSTART(6)  
MAIN(26)  
###################

20210726 - 19:20:07 >>  [INFO] Mounted query : SELECT * FROM EMP WHERE 1=1  LIMIT 5 OFFSET 10 / Original : SELECT * FROM EMP WHERE 1=1 , nPage : 3, nLimit : 5

# Called from : 
VSQLITE:MOUNTQUERY(730)  
VSQLITE:EXECUTEQUERY(263)  
VSQLITE:EXECUTEQUERYTODBF(1250)  
FQUERYTODBF(113)  
VBROWSECMD:OPEN(216)  
VBROWSECMD:REFRESH(1098)  
VBROWSECMD:NEXTPAGE(1362)  
VBROWSECMD:SHOW(716)  
HBM_BOOTSTRAP(27)  
VEXECUTE:EXECFROMBUFF(516)  
VEXECUTE:EXECFROMPRG(209)  
HBMLOAD(28)  
HBMBOOTSTRAP(12)  
HBMSTART(6)  
MAIN(26)  
###################

20210726 - 19:20:07 >>  [INFO] Mounted query : SELECT * FROM EMP WHERE 1=1  LIMIT 5 OFFSET 10 / Original : SELECT * FROM EMP WHERE 1=1 , nPage : 3, nLimit : 5

# Called from : 
FQUERYTODBF(116)  
VBROWSECMD:OPEN(216)  
VBROWSECMD:REFRESH(1098)  
VBROWSECMD:NEXTPAGE(1362)  
VBROWSECMD:SHOW(716)  
HBM_BOOTSTRAP(27)  
VEXECUTE:EXECFROMBUFF(516)  
VEXECUTE:EXECFROMPRG(209)  
HBMLOAD(28)  
HBMBOOTSTRAP(12)  
HBMSTART(6)  
MAIN(26)  
###################

20210726 - 19:20:07 >>  [INFO] Data base open successfully

# Called from : 
VSQLITE:OPEN(134)  
FQUERYTODBF(94)  
VBROWSECMD:OPEN(216)  
VBROWSECMD:REFRESH(1098)  
VBROWSECMD:NEXTPAGE(1359)  
VBROWSECMD:SHOW(716)  
HBM_BOOTSTRAP(27)  
VEXECUTE:EXECFROMBUFF(516)  
VEXECUTE:EXECFROMPRG(209)  
HBMLOAD(28)  
HBMBOOTSTRAP(12)  
HBMSTART(6)  
MAIN(26)  
###################

20210726 - 19:20:07 >>  [INFO] Data base open successfully

# Called from : 
FQUERYTODBF(98)  
VBROWSECMD:OPEN(216)  
VBROWSECMD:REFRESH(1098)  
VBROWSECMD:NEXTPAGE(1359)  
VBROWSECMD:SHOW(716)  
HBM_BOOTSTRAP(27)  
VEXECUTE:EXECFROMBUFF(516)  
VEXECUTE:EXECFROMPRG(209)  
HBMLOAD(28)  
HBMBOOTSTRAP(12)  
HBMSTART(6)  
MAIN(26)  
###################

20210726 - 19:20:07 >>  [INFO] Mounted query : SELECT * FROM EMP WHERE 1=1  LIMIT 5 OFFSET 15 / Original : SELECT * FROM EMP WHERE 1=1 , nPage : 4, nLimit : 5

# Called from : 
VSQLITE:MOUNTQUERY(730)  
VSQLITE:EXECUTEQUERY(263)  
VSQLITE:EXECUTEQUERYTODBF(1250)  
FQUERYTODBF(113)  
VBROWSECMD:OPEN(216)  
VBROWSECMD:REFRESH(1098)  
VBROWSECMD:NEXTPAGE(1359)  
VBROWSECMD:SHOW(716)  
HBM_BOOTSTRAP(27)  
VEXECUTE:EXECFROMBUFF(516)  
VEXECUTE:EXECFROMPRG(209)  
HBMLOAD(28)  
HBMBOOTSTRAP(12)  
HBMSTART(6)  
MAIN(26)  
###################

20210726 - 19:20:07 >>  [WARNING] (CODE:20200703153458) No data

# Called from : 
VSQLITE:EXECUTEQUERYTODBF(1355)  
FQUERYTODBF(113)  
VBROWSECMD:OPEN(216)  
VBROWSECMD:REFRESH(1098)  
VBROWSECMD:NEXTPAGE(1359)  
VBROWSECMD:SHOW(716)  
HBM_BOOTSTRAP(27)  
VEXECUTE:EXECFROMBUFF(516)  
VEXECUTE:EXECFROMPRG(209)  
HBMLOAD(28)  
HBMBOOTSTRAP(12)  
HBMSTART(6)  
MAIN(26)  
###################

20210726 - 19:20:07 >>  [INFO] No data

# Called from : 
FQUERYTODBF(116)  
VBROWSECMD:OPEN(216)  
VBROWSECMD:REFRESH(1098)  
VBROWSECMD:NEXTPAGE(1359)  
VBROWSECMD:SHOW(716)  
HBM_BOOTSTRAP(27)  
VEXECUTE:EXECFROMBUFF(516)  
VEXECUTE:EXECFROMPRG(209)  
HBMLOAD(28)  
HBMBOOTSTRAP(12)  
HBMSTART(6)  
MAIN(26)  
###################

20210726 - 19:20:07 >>  [INFO] Data base open successfully

# Called from : 
VSQLITE:OPEN(134)  
FQUERYTODBF(94)  
VBROWSECMD:OPEN(216)  
VBROWSECMD:REFRESH(1098)  
VBROWSECMD:NEXTPAGE(1362)  
VBROWSECMD:SHOW(716)  
HBM_BOOTSTRAP(27)  
VEXECUTE:EXECFROMBUFF(516)  
VEXECUTE:EXECFROMPRG(209)  
HBMLOAD(28)  
HBMBOOTSTRAP(12)  
HBMSTART(6)  
MAIN(26)  
###################

20210726 - 19:20:07 >>  [INFO] Data base open successfully

# Called from : 
FQUERYTODBF(98)  
VBROWSECMD:OPEN(216)  
VBROWSECMD:REFRESH(1098)  
VBROWSECMD:NEXTPAGE(1362)  
VBROWSECMD:SHOW(716)  
HBM_BOOTSTRAP(27)  
VEXECUTE:EXECFROMBUFF(516)  
VEXECUTE:EXECFROMPRG(209)  
HBMLOAD(28)  
HBMBOOTSTRAP(12)  
HBMSTART(6)  
MAIN(26)  
###################

20210726 - 19:20:07 >>  [INFO] Mounted query : SELECT * FROM EMP WHERE 1=1  LIMIT 5 OFFSET 10 / Original : SELECT * FROM EMP WHERE 1=1 , nPage : 3, nLimit : 5

# Called from : 
VSQLITE:MOUNTQUERY(730)  
VSQLITE:EXECUTEQUERY(263)  
VSQLITE:EXECUTEQUERYTODBF(1250)  
FQUERYTODBF(113)  
VBROWSECMD:OPEN(216)  
VBROWSECMD:REFRESH(1098)  
VBROWSECMD:NEXTPAGE(1362)  
VBROWSECMD:SHOW(716)  
HBM_BOOTSTRAP(27)  
VEXECUTE:EXECFROMBUFF(516)  
VEXECUTE:EXECFROMPRG(209)  
HBMLOAD(28)  
HBMBOOTSTRAP(12)  
HBMSTART(6)  
MAIN(26)  
###################

20210726 - 19:20:07 >>  [INFO] Mounted query : SELECT * FROM EMP WHERE 1=1  LIMIT 5 OFFSET 10 / Original : SELECT * FROM EMP WHERE 1=1 , nPage : 3, nLimit : 5

# Called from : 
FQUERYTODBF(116)  
VBROWSECMD:OPEN(216)  
VBROWSECMD:REFRESH(1098)  
VBROWSECMD:NEXTPAGE(1362)  
VBROWSECMD:SHOW(716)  
HBM_BOOTSTRAP(27)  
VEXECUTE:EXECFROMBUFF(516)  
VEXECUTE:EXECFROMPRG(209)  
HBMLOAD(28)  
HBMBOOTSTRAP(12)  
HBMSTART(6)  
MAIN(26)  
###################

20210726 - 19:20:07 >>  [INFO] Data base open successfully

# Called from : 
VSQLITE:OPEN(134)  
FQUERYTODBF(94)  
VBROWSECMD:OPEN(216)  
VBROWSECMD:REFRESH(1098)  
VBROWSECMD:NEXTPAGE(1359)  
VBROWSECMD:SHOW(716)  
HBM_BOOTSTRAP(27)  
VEXECUTE:EXECFROMBUFF(516)  
VEXECUTE:EXECFROMPRG(209)  
HBMLOAD(28)  
HBMBOOTSTRAP(12)  
HBMSTART(6)  
MAIN(26)  
###################

20210726 - 19:20:07 >>  [INFO] Data base open successfully

# Called from : 
FQUERYTODBF(98)  
VBROWSECMD:OPEN(216)  
VBROWSECMD:REFRESH(1098)  
VBROWSECMD:NEXTPAGE(1359)  
VBROWSECMD:SHOW(716)  
HBM_BOOTSTRAP(27)  
VEXECUTE:EXECFROMBUFF(516)  
VEXECUTE:EXECFROMPRG(209)  
HBMLOAD(28)  
HBMBOOTSTRAP(12)  
HBMSTART(6)  
MAIN(26)  
###################

20210726 - 19:20:07 >>  [INFO] Mounted query : SELECT * FROM EMP WHERE 1=1  LIMIT 5 OFFSET 15 / Original : SELECT * FROM EMP WHERE 1=1 , nPage : 4, nLimit : 5

# Called from : 
VSQLITE:MOUNTQUERY(730)  
VSQLITE:EXECUTEQUERY(263)  
VSQLITE:EXECUTEQUERYTODBF(1250)  
FQUERYTODBF(113)  
VBROWSECMD:OPEN(216)  
VBROWSECMD:REFRESH(1098)  
VBROWSECMD:NEXTPAGE(1359)  
VBROWSECMD:SHOW(716)  
HBM_BOOTSTRAP(27)  
VEXECUTE:EXECFROMBUFF(516)  
VEXECUTE:EXECFROMPRG(209)  
HBMLOAD(28)  
HBMBOOTSTRAP(12)  
HBMSTART(6)  
MAIN(26)  
###################

20210726 - 19:20:07 >>  [WARNING] (CODE:20200703153458) No data

# Called from : 
VSQLITE:EXECUTEQUERYTODBF(1355)  
FQUERYTODBF(113)  
VBROWSECMD:OPEN(216)  
VBROWSECMD:REFRESH(1098)  
VBROWSECMD:NEXTPAGE(1359)  
VBROWSECMD:SHOW(716)  
HBM_BOOTSTRAP(27)  
VEXECUTE:EXECFROMBUFF(516)  
VEXECUTE:EXECFROMPRG(209)  
HBMLOAD(28)  
HBMBOOTSTRAP(12)  
HBMSTART(6)  
MAIN(26)  
###################

20210726 - 19:20:07 >>  [INFO] No data

# Called from : 
FQUERYTODBF(116)  
VBROWSECMD:OPEN(216)  
VBROWSECMD:REFRESH(1098)  
VBROWSECMD:NEXTPAGE(1359)  
VBROWSECMD:SHOW(716)  
HBM_BOOTSTRAP(27)  
VEXECUTE:EXECFROMBUFF(516)  
VEXECUTE:EXECFROMPRG(209)  
HBMLOAD(28)  
HBMBOOTSTRAP(12)  
HBMSTART(6)  
MAIN(26)  
###################

20210726 - 19:20:07 >>  [INFO] Data base open successfully

# Called from : 
VSQLITE:OPEN(134)  
FQUERYTODBF(94)  
VBROWSECMD:OPEN(216)  
VBROWSECMD:REFRESH(1098)  
VBROWSECMD:NEXTPAGE(1362)  
VBROWSECMD:SHOW(716)  
HBM_BOOTSTRAP(27)  
VEXECUTE:EXECFROMBUFF(516)  
VEXECUTE:EXECFROMPRG(209)  
HBMLOAD(28)  
HBMBOOTSTRAP(12)  
HBMSTART(6)  
MAIN(26)  
###################

20210726 - 19:20:07 >>  [INFO] Data base open successfully

# Called from : 
FQUERYTODBF(98)  
VBROWSECMD:OPEN(216)  
VBROWSECMD:REFRESH(1098)  
VBROWSECMD:NEXTPAGE(1362)  
VBROWSECMD:SHOW(716)  
HBM_BOOTSTRAP(27)  
VEXECUTE:EXECFROMBUFF(516)  
VEXECUTE:EXECFROMPRG(209)  
HBMLOAD(28)  
HBMBOOTSTRAP(12)  
HBMSTART(6)  
MAIN(26)  
###################

20210726 - 19:20:07 >>  [INFO] Mounted query : SELECT * FROM EMP WHERE 1=1  LIMIT 5 OFFSET 10 / Original : SELECT * FROM EMP WHERE 1=1 , nPage : 3, nLimit : 5

# Called from : 
VSQLITE:MOUNTQUERY(730)  
VSQLITE:EXECUTEQUERY(263)  
VSQLITE:EXECUTEQUERYTODBF(1250)  
FQUERYTODBF(113)  
VBROWSECMD:OPEN(216)  
VBROWSECMD:REFRESH(1098)  
VBROWSECMD:NEXTPAGE(1362)  
VBROWSECMD:SHOW(716)  
HBM_BOOTSTRAP(27)  
VEXECUTE:EXECFROMBUFF(516)  
VEXECUTE:EXECFROMPRG(209)  
HBMLOAD(28)  
HBMBOOTSTRAP(12)  
HBMSTART(6)  
MAIN(26)  
###################

20210726 - 19:20:07 >>  [INFO] Mounted query : SELECT * FROM EMP WHERE 1=1  LIMIT 5 OFFSET 10 / Original : SELECT * FROM EMP WHERE 1=1 , nPage : 3, nLimit : 5

# Called from : 
FQUERYTODBF(116)  
VBROWSECMD:OPEN(216)  
VBROWSECMD:REFRESH(1098)  
VBROWSECMD:NEXTPAGE(1362)  
VBROWSECMD:SHOW(716)  
HBM_BOOTSTRAP(27)  
VEXECUTE:EXECFROMBUFF(516)  
VEXECUTE:EXECFROMPRG(209)  
HBMLOAD(28)  
HBMBOOTSTRAP(12)  
HBMSTART(6)  
MAIN(26)  
###################

20210726 - 19:20:13 >>  [INFO] Data base open successfully

# Called from : 
VSQLITE:OPEN(134)  
FQUERYTODBF(94)  
VBROWSECMD:OPEN(216)  
VBROWSECMD:REFRESH(1098)  
VBROWSECMD:NEXTPAGE(1359)  
VBROWSECMD:SHOW(716)  
HBM_BOOTSTRAP(27)  
VEXECUTE:EXECFROMBUFF(516)  
VEXECUTE:EXECFROMPRG(209)  
HBMLOAD(28)  
HBMBOOTSTRAP(12)  
HBMSTART(6)  
MAIN(26)  
###################

20210726 - 19:20:13 >>  [INFO] Data base open successfully

# Called from : 
FQUERYTODBF(98)  
VBROWSECMD:OPEN(216)  
VBROWSECMD:REFRESH(1098)  
VBROWSECMD:NEXTPAGE(1359)  
VBROWSECMD:SHOW(716)  
HBM_BOOTSTRAP(27)  
VEXECUTE:EXECFROMBUFF(516)  
VEXECUTE:EXECFROMPRG(209)  
HBMLOAD(28)  
HBMBOOTSTRAP(12)  
HBMSTART(6)  
MAIN(26)  
###################

20210726 - 19:20:13 >>  [INFO] Mounted query : SELECT * FROM EMP WHERE 1=1  LIMIT 5 OFFSET 15 / Original : SELECT * FROM EMP WHERE 1=1 , nPage : 4, nLimit : 5

# Called from : 
VSQLITE:MOUNTQUERY(730)  
VSQLITE:EXECUTEQUERY(263)  
VSQLITE:EXECUTEQUERYTODBF(1250)  
FQUERYTODBF(113)  
VBROWSECMD:OPEN(216)  
VBROWSECMD:REFRESH(1098)  
VBROWSECMD:NEXTPAGE(1359)  
VBROWSECMD:SHOW(716)  
HBM_BOOTSTRAP(27)  
VEXECUTE:EXECFROMBUFF(516)  
VEXECUTE:EXECFROMPRG(209)  
HBMLOAD(28)  
HBMBOOTSTRAP(12)  
HBMSTART(6)  
MAIN(26)  
###################

20210726 - 19:20:13 >>  [WARNING] (CODE:20200703153458) No data

# Called from : 
VSQLITE:EXECUTEQUERYTODBF(1355)  
FQUERYTODBF(113)  
VBROWSECMD:OPEN(216)  
VBROWSECMD:REFRESH(1098)  
VBROWSECMD:NEXTPAGE(1359)  
VBROWSECMD:SHOW(716)  
HBM_BOOTSTRAP(27)  
VEXECUTE:EXECFROMBUFF(516)  
VEXECUTE:EXECFROMPRG(209)  
HBMLOAD(28)  
HBMBOOTSTRAP(12)  
HBMSTART(6)  
MAIN(26)  
###################

20210726 - 19:20:13 >>  [INFO] No data

# Called from : 
FQUERYTODBF(116)  
VBROWSECMD:OPEN(216)  
VBROWSECMD:REFRESH(1098)  
VBROWSECMD:NEXTPAGE(1359)  
VBROWSECMD:SHOW(716)  
HBM_BOOTSTRAP(27)  
VEXECUTE:EXECFROMBUFF(516)  
VEXECUTE:EXECFROMPRG(209)  
HBMLOAD(28)  
HBMBOOTSTRAP(12)  
HBMSTART(6)  
MAIN(26)  
###################

20210726 - 19:20:13 >>  [INFO] Data base open successfully

# Called from : 
VSQLITE:OPEN(134)  
FQUERYTODBF(94)  
VBROWSECMD:OPEN(216)  
VBROWSECMD:REFRESH(1098)  
VBROWSECMD:NEXTPAGE(1362)  
VBROWSECMD:SHOW(716)  
HBM_BOOTSTRAP(27)  
VEXECUTE:EXECFROMBUFF(516)  
VEXECUTE:EXECFROMPRG(209)  
HBMLOAD(28)  
HBMBOOTSTRAP(12)  
HBMSTART(6)  
MAIN(26)  
###################

20210726 - 19:20:13 >>  [INFO] Data base open successfully

# Called from : 
FQUERYTODBF(98)  
VBROWSECMD:OPEN(216)  
VBROWSECMD:REFRESH(1098)  
VBROWSECMD:NEXTPAGE(1362)  
VBROWSECMD:SHOW(716)  
HBM_BOOTSTRAP(27)  
VEXECUTE:EXECFROMBUFF(516)  
VEXECUTE:EXECFROMPRG(209)  
HBMLOAD(28)  
HBMBOOTSTRAP(12)  
HBMSTART(6)  
MAIN(26)  
###################

20210726 - 19:20:13 >>  [INFO] Mounted query : SELECT * FROM EMP WHERE 1=1  LIMIT 5 OFFSET 10 / Original : SELECT * FROM EMP WHERE 1=1 , nPage : 3, nLimit : 5

# Called from : 
VSQLITE:MOUNTQUERY(730)  
VSQLITE:EXECUTEQUERY(263)  
VSQLITE:EXECUTEQUERYTODBF(1250)  
FQUERYTODBF(113)  
VBROWSECMD:OPEN(216)  
VBROWSECMD:REFRESH(1098)  
VBROWSECMD:NEXTPAGE(1362)  
VBROWSECMD:SHOW(716)  
HBM_BOOTSTRAP(27)  
VEXECUTE:EXECFROMBUFF(516)  
VEXECUTE:EXECFROMPRG(209)  
HBMLOAD(28)  
HBMBOOTSTRAP(12)  
HBMSTART(6)  
MAIN(26)  
###################

20210726 - 19:20:13 >>  [INFO] Mounted query : SELECT * FROM EMP WHERE 1=1  LIMIT 5 OFFSET 10 / Original : SELECT * FROM EMP WHERE 1=1 , nPage : 3, nLimit : 5

# Called from : 
FQUERYTODBF(116)  
VBROWSECMD:OPEN(216)  
VBROWSECMD:REFRESH(1098)  
VBROWSECMD:NEXTPAGE(1362)  
VBROWSECMD:SHOW(716)  
HBM_BOOTSTRAP(27)  
VEXECUTE:EXECFROMBUFF(516)  
VEXECUTE:EXECFROMPRG(209)  
HBMLOAD(28)  
HBMBOOTSTRAP(12)  
HBMSTART(6)  
MAIN(26)  
###################

20210726 - 19:20:13 >>  [INFO] Data base open successfully

# Called from : 
VSQLITE:OPEN(134)  
FQUERYTODBF(94)  
VBROWSECMD:OPEN(216)  
VBROWSECMD:REFRESH(1098)  
VBROWSECMD:NEXTPAGE(1359)  
VBROWSECMD:SHOW(716)  
HBM_BOOTSTRAP(27)  
VEXECUTE:EXECFROMBUFF(516)  
VEXECUTE:EXECFROMPRG(209)  
HBMLOAD(28)  
HBMBOOTSTRAP(12)  
HBMSTART(6)  
MAIN(26)  
###################

20210726 - 19:20:13 >>  [INFO] Data base open successfully

# Called from : 
FQUERYTODBF(98)  
VBROWSECMD:OPEN(216)  
VBROWSECMD:REFRESH(1098)  
VBROWSECMD:NEXTPAGE(1359)  
VBROWSECMD:SHOW(716)  
HBM_BOOTSTRAP(27)  
VEXECUTE:EXECFROMBUFF(516)  
VEXECUTE:EXECFROMPRG(209)  
HBMLOAD(28)  
HBMBOOTSTRAP(12)  
HBMSTART(6)  
MAIN(26)  
###################

20210726 - 19:20:13 >>  [INFO] Mounted query : SELECT * FROM EMP WHERE 1=1  LIMIT 5 OFFSET 15 / Original : SELECT * FROM EMP WHERE 1=1 , nPage : 4, nLimit : 5

# Called from : 
VSQLITE:MOUNTQUERY(730)  
VSQLITE:EXECUTEQUERY(263)  
VSQLITE:EXECUTEQUERYTODBF(1250)  
FQUERYTODBF(113)  
VBROWSECMD:OPEN(216)  
VBROWSECMD:REFRESH(1098)  
VBROWSECMD:NEXTPAGE(1359)  
VBROWSECMD:SHOW(716)  
HBM_BOOTSTRAP(27)  
VEXECUTE:EXECFROMBUFF(516)  
VEXECUTE:EXECFROMPRG(209)  
HBMLOAD(28)  
HBMBOOTSTRAP(12)  
HBMSTART(6)  
MAIN(26)  
###################

20210726 - 19:20:13 >>  [WARNING] (CODE:20200703153458) No data

# Called from : 
VSQLITE:EXECUTEQUERYTODBF(1355)  
FQUERYTODBF(113)  
VBROWSECMD:OPEN(216)  
VBROWSECMD:REFRESH(1098)  
VBROWSECMD:NEXTPAGE(1359)  
VBROWSECMD:SHOW(716)  
HBM_BOOTSTRAP(27)  
VEXECUTE:EXECFROMBUFF(516)  
VEXECUTE:EXECFROMPRG(209)  
HBMLOAD(28)  
HBMBOOTSTRAP(12)  
HBMSTART(6)  
MAIN(26)  
###################

20210726 - 19:20:13 >>  [INFO] No data

# Called from : 
FQUERYTODBF(116)  
VBROWSECMD:OPEN(216)  
VBROWSECMD:REFRESH(1098)  
VBROWSECMD:NEXTPAGE(1359)  
VBROWSECMD:SHOW(716)  
HBM_BOOTSTRAP(27)  
VEXECUTE:EXECFROMBUFF(516)  
VEXECUTE:EXECFROMPRG(209)  
HBMLOAD(28)  
HBMBOOTSTRAP(12)  
HBMSTART(6)  
MAIN(26)  
###################

20210726 - 19:20:13 >>  [INFO] Data base open successfully

# Called from : 
VSQLITE:OPEN(134)  
FQUERYTODBF(94)  
VBROWSECMD:OPEN(216)  
VBROWSECMD:REFRESH(1098)  
VBROWSECMD:NEXTPAGE(1362)  
VBROWSECMD:SHOW(716)  
HBM_BOOTSTRAP(27)  
VEXECUTE:EXECFROMBUFF(516)  
VEXECUTE:EXECFROMPRG(209)  
HBMLOAD(28)  
HBMBOOTSTRAP(12)  
HBMSTART(6)  
MAIN(26)  
###################

20210726 - 19:20:13 >>  [INFO] Data base open successfully

# Called from : 
FQUERYTODBF(98)  
VBROWSECMD:OPEN(216)  
VBROWSECMD:REFRESH(1098)  
VBROWSECMD:NEXTPAGE(1362)  
VBROWSECMD:SHOW(716)  
HBM_BOOTSTRAP(27)  
VEXECUTE:EXECFROMBUFF(516)  
VEXECUTE:EXECFROMPRG(209)  
HBMLOAD(28)  
HBMBOOTSTRAP(12)  
HBMSTART(6)  
MAIN(26)  
###################

20210726 - 19:20:13 >>  [INFO] Mounted query : SELECT * FROM EMP WHERE 1=1  LIMIT 5 OFFSET 10 / Original : SELECT * FROM EMP WHERE 1=1 , nPage : 3, nLimit : 5

# Called from : 
VSQLITE:MOUNTQUERY(730)  
VSQLITE:EXECUTEQUERY(263)  
VSQLITE:EXECUTEQUERYTODBF(1250)  
FQUERYTODBF(113)  
VBROWSECMD:OPEN(216)  
VBROWSECMD:REFRESH(1098)  
VBROWSECMD:NEXTPAGE(1362)  
VBROWSECMD:SHOW(716)  
HBM_BOOTSTRAP(27)  
VEXECUTE:EXECFROMBUFF(516)  
VEXECUTE:EXECFROMPRG(209)  
HBMLOAD(28)  
HBMBOOTSTRAP(12)  
HBMSTART(6)  
MAIN(26)  
###################

20210726 - 19:20:13 >>  [INFO] Mounted query : SELECT * FROM EMP WHERE 1=1  LIMIT 5 OFFSET 10 / Original : SELECT * FROM EMP WHERE 1=1 , nPage : 3, nLimit : 5

# Called from : 
FQUERYTODBF(116)  
VBROWSECMD:OPEN(216)  
VBROWSECMD:REFRESH(1098)  
VBROWSECMD:NEXTPAGE(1362)  
VBROWSECMD:SHOW(716)  
HBM_BOOTSTRAP(27)  
VEXECUTE:EXECFROMBUFF(516)  
VEXECUTE:EXECFROMPRG(209)  
HBMLOAD(28)  
HBMBOOTSTRAP(12)  
HBMSTART(6)  
MAIN(26)  
###################

20210726 - 19:20:13 >>  [INFO] Data base open successfully

# Called from : 
VSQLITE:OPEN(134)  
FQUERYTODBF(94)  
VBROWSECMD:OPEN(216)  
VBROWSECMD:REFRESH(1098)  
VBROWSECMD:NEXTPAGE(1359)  
VBROWSECMD:SHOW(716)  
HBM_BOOTSTRAP(27)  
VEXECUTE:EXECFROMBUFF(516)  
VEXECUTE:EXECFROMPRG(209)  
HBMLOAD(28)  
HBMBOOTSTRAP(12)  
HBMSTART(6)  
MAIN(26)  
###################

20210726 - 19:20:13 >>  [INFO] Data base open successfully

# Called from : 
FQUERYTODBF(98)  
VBROWSECMD:OPEN(216)  
VBROWSECMD:REFRESH(1098)  
VBROWSECMD:NEXTPAGE(1359)  
VBROWSECMD:SHOW(716)  
HBM_BOOTSTRAP(27)  
VEXECUTE:EXECFROMBUFF(516)  
VEXECUTE:EXECFROMPRG(209)  
HBMLOAD(28)  
HBMBOOTSTRAP(12)  
HBMSTART(6)  
MAIN(26)  
###################

20210726 - 19:20:13 >>  [INFO] Mounted query : SELECT * FROM EMP WHERE 1=1  LIMIT 5 OFFSET 15 / Original : SELECT * FROM EMP WHERE 1=1 , nPage : 4, nLimit : 5

# Called from : 
VSQLITE:MOUNTQUERY(730)  
VSQLITE:EXECUTEQUERY(263)  
VSQLITE:EXECUTEQUERYTODBF(1250)  
FQUERYTODBF(113)  
VBROWSECMD:OPEN(216)  
VBROWSECMD:REFRESH(1098)  
VBROWSECMD:NEXTPAGE(1359)  
VBROWSECMD:SHOW(716)  
HBM_BOOTSTRAP(27)  
VEXECUTE:EXECFROMBUFF(516)  
VEXECUTE:EXECFROMPRG(209)  
HBMLOAD(28)  
HBMBOOTSTRAP(12)  
HBMSTART(6)  
MAIN(26)  
###################

20210726 - 19:20:13 >>  [WARNING] (CODE:20200703153458) No data

# Called from : 
VSQLITE:EXECUTEQUERYTODBF(1355)  
FQUERYTODBF(113)  
VBROWSECMD:OPEN(216)  
VBROWSECMD:REFRESH(1098)  
VBROWSECMD:NEXTPAGE(1359)  
VBROWSECMD:SHOW(716)  
HBM_BOOTSTRAP(27)  
VEXECUTE:EXECFROMBUFF(516)  
VEXECUTE:EXECFROMPRG(209)  
HBMLOAD(28)  
HBMBOOTSTRAP(12)  
HBMSTART(6)  
MAIN(26)  
###################

20210726 - 19:20:13 >>  [INFO] No data

# Called from : 
FQUERYTODBF(116)  
VBROWSECMD:OPEN(216)  
VBROWSECMD:REFRESH(1098)  
VBROWSECMD:NEXTPAGE(1359)  
VBROWSECMD:SHOW(716)  
HBM_BOOTSTRAP(27)  
VEXECUTE:EXECFROMBUFF(516)  
VEXECUTE:EXECFROMPRG(209)  
HBMLOAD(28)  
HBMBOOTSTRAP(12)  
HBMSTART(6)  
MAIN(26)  
###################

20210726 - 19:20:13 >>  [INFO] Data base open successfully

# Called from : 
VSQLITE:OPEN(134)  
FQUERYTODBF(94)  
VBROWSECMD:OPEN(216)  
VBROWSECMD:REFRESH(1098)  
VBROWSECMD:NEXTPAGE(1362)  
VBROWSECMD:SHOW(716)  
HBM_BOOTSTRAP(27)  
VEXECUTE:EXECFROMBUFF(516)  
VEXECUTE:EXECFROMPRG(209)  
HBMLOAD(28)  
HBMBOOTSTRAP(12)  
HBMSTART(6)  
MAIN(26)  
###################

20210726 - 19:20:13 >>  [INFO] Data base open successfully

# Called from : 
FQUERYTODBF(98)  
VBROWSECMD:OPEN(216)  
VBROWSECMD:REFRESH(1098)  
VBROWSECMD:NEXTPAGE(1362)  
VBROWSECMD:SHOW(716)  
HBM_BOOTSTRAP(27)  
VEXECUTE:EXECFROMBUFF(516)  
VEXECUTE:EXECFROMPRG(209)  
HBMLOAD(28)  
HBMBOOTSTRAP(12)  
HBMSTART(6)  
MAIN(26)  
###################

20210726 - 19:20:13 >>  [INFO] Mounted query : SELECT * FROM EMP WHERE 1=1  LIMIT 5 OFFSET 10 / Original : SELECT * FROM EMP WHERE 1=1 , nPage : 3, nLimit : 5

# Called from : 
VSQLITE:MOUNTQUERY(730)  
VSQLITE:EXECUTEQUERY(263)  
VSQLITE:EXECUTEQUERYTODBF(1250)  
FQUERYTODBF(113)  
VBROWSECMD:OPEN(216)  
VBROWSECMD:REFRESH(1098)  
VBROWSECMD:NEXTPAGE(1362)  
VBROWSECMD:SHOW(716)  
HBM_BOOTSTRAP(27)  
VEXECUTE:EXECFROMBUFF(516)  
VEXECUTE:EXECFROMPRG(209)  
HBMLOAD(28)  
HBMBOOTSTRAP(12)  
HBMSTART(6)  
MAIN(26)  
###################

20210726 - 19:20:13 >>  [INFO] Mounted query : SELECT * FROM EMP WHERE 1=1  LIMIT 5 OFFSET 10 / Original : SELECT * FROM EMP WHERE 1=1 , nPage : 3, nLimit : 5

# Called from : 
FQUERYTODBF(116)  
VBROWSECMD:OPEN(216)  
VBROWSECMD:REFRESH(1098)  
VBROWSECMD:NEXTPAGE(1362)  
VBROWSECMD:SHOW(716)  
HBM_BOOTSTRAP(27)  
VEXECUTE:EXECFROMBUFF(516)  
VEXECUTE:EXECFROMPRG(209)  
HBMLOAD(28)  
HBMBOOTSTRAP(12)  
HBMSTART(6)  
MAIN(26)  
###################

20210726 - 19:20:14 >>  [INFO] Data base open successfully

# Called from : 
VSQLITE:OPEN(134)  
FQUERYTODBF(94)  
VBROWSECMD:OPEN(216)  
VBROWSECMD:REFRESH(1098)  
VBROWSECMD:PREVIOUSPAGE(1404)  
VBROWSECMD:SHOW(711)  
HBM_BOOTSTRAP(27)  
VEXECUTE:EXECFROMBUFF(516)  
VEXECUTE:EXECFROMPRG(209)  
HBMLOAD(28)  
HBMBOOTSTRAP(12)  
HBMSTART(6)  
MAIN(26)  
###################

20210726 - 19:20:14 >>  [INFO] Data base open successfully

# Called from : 
FQUERYTODBF(98)  
VBROWSECMD:OPEN(216)  
VBROWSECMD:REFRESH(1098)  
VBROWSECMD:PREVIOUSPAGE(1404)  
VBROWSECMD:SHOW(711)  
HBM_BOOTSTRAP(27)  
VEXECUTE:EXECFROMBUFF(516)  
VEXECUTE:EXECFROMPRG(209)  
HBMLOAD(28)  
HBMBOOTSTRAP(12)  
HBMSTART(6)  
MAIN(26)  
###################

20210726 - 19:20:14 >>  [INFO] Mounted query : SELECT * FROM EMP WHERE 1=1  LIMIT 5 OFFSET 5 / Original : SELECT * FROM EMP WHERE 1=1 , nPage : 2, nLimit : 5

# Called from : 
VSQLITE:MOUNTQUERY(730)  
VSQLITE:EXECUTEQUERY(263)  
VSQLITE:EXECUTEQUERYTODBF(1250)  
FQUERYTODBF(113)  
VBROWSECMD:OPEN(216)  
VBROWSECMD:REFRESH(1098)  
VBROWSECMD:PREVIOUSPAGE(1404)  
VBROWSECMD:SHOW(711)  
HBM_BOOTSTRAP(27)  
VEXECUTE:EXECFROMBUFF(516)  
VEXECUTE:EXECFROMPRG(209)  
HBMLOAD(28)  
HBMBOOTSTRAP(12)  
HBMSTART(6)  
MAIN(26)  
###################

20210726 - 19:20:14 >>  [INFO] Mounted query : SELECT * FROM EMP WHERE 1=1  LIMIT 5 OFFSET 5 / Original : SELECT * FROM EMP WHERE 1=1 , nPage : 2, nLimit : 5

# Called from : 
FQUERYTODBF(116)  
VBROWSECMD:OPEN(216)  
VBROWSECMD:REFRESH(1098)  
VBROWSECMD:PREVIOUSPAGE(1404)  
VBROWSECMD:SHOW(711)  
HBM_BOOTSTRAP(27)  
VEXECUTE:EXECFROMBUFF(516)  
VEXECUTE:EXECFROMPRG(209)  
HBMLOAD(28)  
HBMBOOTSTRAP(12)  
HBMSTART(6)  
MAIN(26)  
###################

20210726 - 19:20:15 >>  [INFO] After execute with return : NIL

# Called from : 
VEXECUTE:EXECFROMBUFF(517)  
VEXECUTE:EXECFROMPRG(209)  
HBMLOAD(28)  
HBMBOOTSTRAP(12)  
HBMSTART(6)  
MAIN(26)  
###################

20210726 - 19:20:15 >>  [INFO] After send buffer to execute

# Called from : 
VEXECUTE:EXECFROMPRG(210)  
HBMLOAD(28)  
HBMBOOTSTRAP(12)  
HBMSTART(6)  
MAIN(26)  
###################

