***************************** BEGIN LOG HEADER ************************************
File created at : 20210707 03:08:24
***************************** END LOG HEADER **************************************

20210707 - 03:08:24 >>  [INFO] Data base open successfully

# Called from : 
VSQLITE:OPEN(134)  
FQUERYTODBF(94)  
VBROWSECMD:OPEN(217)  
VBROWSECMD:SHOW(432)  
HBM_BOOTSTRAP(27)  
VEXECUTE:EXECFROMBUFF(449)  
VEXECUTE:EXECFROMPRG(208)  
HBMLOAD(24)  
HBMBOOTSTRAP(10)  
HBMSTART(4)  
MAIN(23)  
###################

20210707 - 03:08:24 >>  [INFO] Data base open successfully

# Called from : 
FQUERYTODBF(98)  
VBROWSECMD:OPEN(217)  
VBROWSECMD:SHOW(432)  
HBM_BOOTSTRAP(27)  
VEXECUTE:EXECFROMBUFF(449)  
VEXECUTE:EXECFROMPRG(208)  
HBMLOAD(24)  
HBMBOOTSTRAP(10)  
HBMSTART(4)  
MAIN(23)  
###################

20210707 - 03:08:24 >>  [INFO] Mounted query : SELECT * FROM EMP WHERE 1=1  LIMIT 5 OFFSET 0 / Original : SELECT * FROM EMP WHERE 1=1 , nPage : 1, nLimit : 5

# Called from : 
VSQLITE:MOUNTQUERY(730)  
VSQLITE:EXECUTEQUERY(263)  
VSQLITE:EXECUTEQUERYTODBF(1250)  
FQUERYTODBF(113)  
VBROWSECMD:OPEN(217)  
VBROWSECMD:SHOW(432)  
HBM_BOOTSTRAP(27)  
VEXECUTE:EXECFROMBUFF(449)  
VEXECUTE:EXECFROMPRG(208)  
HBMLOAD(24)  
HBMBOOTSTRAP(10)  
HBMSTART(4)  
MAIN(23)  
###################

20210707 - 03:08:24 >>  [INFO] Mounted query : SELECT * FROM EMP WHERE 1=1  LIMIT 5 OFFSET 0 / Original : SELECT * FROM EMP WHERE 1=1 , nPage : 1, nLimit : 5

# Called from : 
FQUERYTODBF(116)  
VBROWSECMD:OPEN(217)  
VBROWSECMD:SHOW(432)  
HBM_BOOTSTRAP(27)  
VEXECUTE:EXECFROMBUFF(449)  
VEXECUTE:EXECFROMPRG(208)  
HBMLOAD(24)  
HBMBOOTSTRAP(10)  
HBMSTART(4)  
MAIN(23)  
###################

20210707 - 03:08:30 >>  [INFO] Data base open successfully

# Called from : 
VSQLITE:OPEN(134)  
FQUERYTODBF(94)  
VBROWSECMD:OPEN(217)  
VBROWSECMD:REFRESH(1078)  
VBROWSECMD:NEXTPAGE(1340)  
VBROWSECMD:SHOW(711)  
HBM_BOOTSTRAP(27)  
VEXECUTE:EXECFROMBUFF(449)  
VEXECUTE:EXECFROMPRG(208)  
HBMLOAD(24)  
HBMBOOTSTRAP(10)  
HBMSTART(4)  
MAIN(23)  
###################

20210707 - 03:08:30 >>  [INFO] Data base open successfully

# Called from : 
FQUERYTODBF(98)  
VBROWSECMD:OPEN(217)  
VBROWSECMD:REFRESH(1078)  
VBROWSECMD:NEXTPAGE(1340)  
VBROWSECMD:SHOW(711)  
HBM_BOOTSTRAP(27)  
VEXECUTE:EXECFROMBUFF(449)  
VEXECUTE:EXECFROMPRG(208)  
HBMLOAD(24)  
HBMBOOTSTRAP(10)  
HBMSTART(4)  
MAIN(23)  
###################

20210707 - 03:08:30 >>  [INFO] Mounted query : SELECT * FROM EMP WHERE 1=1  LIMIT 5 OFFSET 5 / Original : SELECT * FROM EMP WHERE 1=1 , nPage : 2, nLimit : 5

# Called from : 
VSQLITE:MOUNTQUERY(730)  
VSQLITE:EXECUTEQUERY(263)  
VSQLITE:EXECUTEQUERYTODBF(1250)  
FQUERYTODBF(113)  
VBROWSECMD:OPEN(217)  
VBROWSECMD:REFRESH(1078)  
VBROWSECMD:NEXTPAGE(1340)  
VBROWSECMD:SHOW(711)  
HBM_BOOTSTRAP(27)  
VEXECUTE:EXECFROMBUFF(449)  
VEXECUTE:EXECFROMPRG(208)  
HBMLOAD(24)  
HBMBOOTSTRAP(10)  
HBMSTART(4)  
MAIN(23)  
###################

20210707 - 03:08:30 >>  [INFO] Mounted query : SELECT * FROM EMP WHERE 1=1  LIMIT 5 OFFSET 5 / Original : SELECT * FROM EMP WHERE 1=1 , nPage : 2, nLimit : 5

# Called from : 
FQUERYTODBF(116)  
VBROWSECMD:OPEN(217)  
VBROWSECMD:REFRESH(1078)  
VBROWSECMD:NEXTPAGE(1340)  
VBROWSECMD:SHOW(711)  
HBM_BOOTSTRAP(27)  
VEXECUTE:EXECFROMBUFF(449)  
VEXECUTE:EXECFROMPRG(208)  
HBMLOAD(24)  
HBMBOOTSTRAP(10)  
HBMSTART(4)  
MAIN(23)  
###################

20210707 - 03:08:31 >>  [INFO] Data base open successfully

# Called from : 
VSQLITE:OPEN(134)  
FQUERYTODBF(94)  
VBROWSECMD:OPEN(217)  
VBROWSECMD:REFRESH(1078)  
VBROWSECMD:NEXTPAGE(1340)  
VBROWSECMD:SHOW(711)  
HBM_BOOTSTRAP(27)  
VEXECUTE:EXECFROMBUFF(449)  
VEXECUTE:EXECFROMPRG(208)  
HBMLOAD(24)  
HBMBOOTSTRAP(10)  
HBMSTART(4)  
MAIN(23)  
###################

20210707 - 03:08:31 >>  [INFO] Data base open successfully

# Called from : 
FQUERYTODBF(98)  
VBROWSECMD:OPEN(217)  
VBROWSECMD:REFRESH(1078)  
VBROWSECMD:NEXTPAGE(1340)  
VBROWSECMD:SHOW(711)  
HBM_BOOTSTRAP(27)  
VEXECUTE:EXECFROMBUFF(449)  
VEXECUTE:EXECFROMPRG(208)  
HBMLOAD(24)  
HBMBOOTSTRAP(10)  
HBMSTART(4)  
MAIN(23)  
###################

20210707 - 03:08:31 >>  [INFO] Mounted query : SELECT * FROM EMP WHERE 1=1  LIMIT 5 OFFSET 10 / Original : SELECT * FROM EMP WHERE 1=1 , nPage : 3, nLimit : 5

# Called from : 
VSQLITE:MOUNTQUERY(730)  
VSQLITE:EXECUTEQUERY(263)  
VSQLITE:EXECUTEQUERYTODBF(1250)  
FQUERYTODBF(113)  
VBROWSECMD:OPEN(217)  
VBROWSECMD:REFRESH(1078)  
VBROWSECMD:NEXTPAGE(1340)  
VBROWSECMD:SHOW(711)  
HBM_BOOTSTRAP(27)  
VEXECUTE:EXECFROMBUFF(449)  
VEXECUTE:EXECFROMPRG(208)  
HBMLOAD(24)  
HBMBOOTSTRAP(10)  
HBMSTART(4)  
MAIN(23)  
###################

20210707 - 03:08:31 >>  [INFO] Mounted query : SELECT * FROM EMP WHERE 1=1  LIMIT 5 OFFSET 10 / Original : SELECT * FROM EMP WHERE 1=1 , nPage : 3, nLimit : 5

# Called from : 
FQUERYTODBF(116)  
VBROWSECMD:OPEN(217)  
VBROWSECMD:REFRESH(1078)  
VBROWSECMD:NEXTPAGE(1340)  
VBROWSECMD:SHOW(711)  
HBM_BOOTSTRAP(27)  
VEXECUTE:EXECFROMBUFF(449)  
VEXECUTE:EXECFROMPRG(208)  
HBMLOAD(24)  
HBMBOOTSTRAP(10)  
HBMSTART(4)  
MAIN(23)  
###################

20210707 - 03:10:00 >>  [INFO] After execute with return : NIL

# Called from : 
VEXECUTE:EXECFROMBUFF(450)  
VEXECUTE:EXECFROMPRG(208)  
HBMLOAD(24)  
HBMBOOTSTRAP(10)  
HBMSTART(4)  
MAIN(23)  
###################

20210707 - 03:10:00 >>  [INFO] After send buffer to execute

# Called from : 
VEXECUTE:EXECFROMPRG(209)  
HBMLOAD(24)  
HBMBOOTSTRAP(10)  
HBMSTART(4)  
MAIN(23)  
###################

