***************************** BEGIN LOG HEADER ************************************
File created at : 20210730 03:54:15
***************************** END LOG HEADER **************************************

20210730 - 03:54:15 >>  [INFO] Data base open successfully

# Called from : 
VSQLITE:OPEN(134)  
FQUERYTODBF(99)  
VBROWSECMD:OPEN(218)  
VBROWSECMD:SHOW(439)  
HBM_BOOTSTRAP(26)  
VEXECUTE:EXECFROMBUFF(519)  
VEXECUTE:EXECFROMPRG(209)  
HBMLOAD(28)  
HBMBOOTSTRAP(12)  
HBMSTART(6)  
MAIN(29)  
###################

20210730 - 03:54:15 >>  [INFO] Data base open successfully

# Called from : 
FQUERYTODBF(103)  
VBROWSECMD:OPEN(218)  
VBROWSECMD:SHOW(439)  
HBM_BOOTSTRAP(26)  
VEXECUTE:EXECFROMBUFF(519)  
VEXECUTE:EXECFROMPRG(209)  
HBMLOAD(28)  
HBMBOOTSTRAP(12)  
HBMSTART(6)  
MAIN(29)  
###################

20210730 - 03:54:15 >>  [INFO] Mounted query : SELECT * FROM EMP WHERE 1=1  LIMIT 5 OFFSET 0 / Original : SELECT * FROM EMP WHERE 1=1 , nPage : 1, nLimit : 5

# Called from : 
VSQLITE:MOUNTQUERY(730)  
VSQLITE:EXECUTEQUERY(263)  
VSQLITE:EXECUTEQUERYTODBF(1250)  
FQUERYTODBF(118)  
VBROWSECMD:OPEN(218)  
VBROWSECMD:SHOW(439)  
HBM_BOOTSTRAP(26)  
VEXECUTE:EXECFROMBUFF(519)  
VEXECUTE:EXECFROMPRG(209)  
HBMLOAD(28)  
HBMBOOTSTRAP(12)  
HBMSTART(6)  
MAIN(29)  
###################

20210730 - 03:54:15 >>  [INFO] Mounted query : SELECT * FROM EMP WHERE 1=1  LIMIT 5 OFFSET 0 / Original : SELECT * FROM EMP WHERE 1=1 , nPage : 1, nLimit : 5

# Called from : 
FQUERYTODBF(121)  
VBROWSECMD:OPEN(218)  
VBROWSECMD:SHOW(439)  
HBM_BOOTSTRAP(26)  
VEXECUTE:EXECFROMBUFF(519)  
VEXECUTE:EXECFROMPRG(209)  
HBMLOAD(28)  
HBMBOOTSTRAP(12)  
HBMSTART(6)  
MAIN(29)  
###################

20210730 - 03:54:17 >>  [INFO] After execute with return : NIL

# Called from : 
VEXECUTE:EXECFROMBUFF(520)  
VEXECUTE:EXECFROMPRG(209)  
HBMLOAD(28)  
HBMBOOTSTRAP(12)  
HBMSTART(6)  
MAIN(29)  
###################

20210730 - 03:54:17 >>  [INFO] After send buffer to execute

# Called from : 
VEXECUTE:EXECFROMPRG(210)  
HBMLOAD(28)  
HBMBOOTSTRAP(12)  
HBMSTART(6)  
MAIN(29)  
###################

20210730 - 03:54:33 >>  [INFO] Data base open successfully

# Called from : 
VSQLITE:OPEN(134)  
FQUERYTODBF(99)  
VBROWSECMD:OPEN(218)  
VBROWSECMD:SHOW(439)  
HBM_BOOTSTRAP(26)  
VEXECUTE:EXECFROMBUFF(519)  
VEXECUTE:EXECFROMPRG(209)  
HBMLOAD(28)  
HBMBOOTSTRAP(12)  
HBMSTART(6)  
MAIN(29)  
###################

20210730 - 03:54:33 >>  [INFO] Data base open successfully

# Called from : 
FQUERYTODBF(103)  
VBROWSECMD:OPEN(218)  
VBROWSECMD:SHOW(439)  
HBM_BOOTSTRAP(26)  
VEXECUTE:EXECFROMBUFF(519)  
VEXECUTE:EXECFROMPRG(209)  
HBMLOAD(28)  
HBMBOOTSTRAP(12)  
HBMSTART(6)  
MAIN(29)  
###################

20210730 - 03:54:33 >>  [INFO] Mounted query : SELECT * FROM EMP WHERE 1=1  LIMIT 5 OFFSET 0 / Original : SELECT * FROM EMP WHERE 1=1 , nPage : 1, nLimit : 5

# Called from : 
VSQLITE:MOUNTQUERY(730)  
VSQLITE:EXECUTEQUERY(263)  
VSQLITE:EXECUTEQUERYTODBF(1250)  
FQUERYTODBF(118)  
VBROWSECMD:OPEN(218)  
VBROWSECMD:SHOW(439)  
HBM_BOOTSTRAP(26)  
VEXECUTE:EXECFROMBUFF(519)  
VEXECUTE:EXECFROMPRG(209)  
HBMLOAD(28)  
HBMBOOTSTRAP(12)  
HBMSTART(6)  
MAIN(29)  
###################

20210730 - 03:54:33 >>  [INFO] Mounted query : SELECT * FROM EMP WHERE 1=1  LIMIT 5 OFFSET 0 / Original : SELECT * FROM EMP WHERE 1=1 , nPage : 1, nLimit : 5

# Called from : 
FQUERYTODBF(121)  
VBROWSECMD:OPEN(218)  
VBROWSECMD:SHOW(439)  
HBM_BOOTSTRAP(26)  
VEXECUTE:EXECFROMBUFF(519)  
VEXECUTE:EXECFROMPRG(209)  
HBMLOAD(28)  
HBMBOOTSTRAP(12)  
HBMSTART(6)  
MAIN(29)  
###################

20210730 - 03:54:35 >>  [INFO] Data base open successfully

# Called from : 
VSQLITE:OPEN(134)  
FQUERYTODBF(99)  
VLJ_DLOOKUPREGISTER(158)  
VGETCMD:SHOW(417)  
VBROWSECMD:SHOW(708)  
HBM_BOOTSTRAP(26)  
VEXECUTE:EXECFROMBUFF(519)  
VEXECUTE:EXECFROMPRG(209)  
HBMLOAD(28)  
HBMBOOTSTRAP(12)  
HBMSTART(6)  
MAIN(29)  
###################

20210730 - 03:54:35 >>  [INFO] Data base open successfully

# Called from : 
FQUERYTODBF(103)  
VLJ_DLOOKUPREGISTER(158)  
VGETCMD:SHOW(417)  
VBROWSECMD:SHOW(708)  
HBM_BOOTSTRAP(26)  
VEXECUTE:EXECFROMBUFF(519)  
VEXECUTE:EXECFROMPRG(209)  
HBMLOAD(28)  
HBMBOOTSTRAP(12)  
HBMSTART(6)  
MAIN(29)  
###################

20210730 - 03:54:35 >>  [INFO] Mounted query : SELECT * FROM EMP WHERE EMPNO = 7521 / Original : SELECT * FROM EMP WHERE EMPNO = 7521, nPage : 1, nLimit : 0

# Called from : 
VSQLITE:MOUNTQUERY(730)  
VSQLITE:EXECUTEQUERY(263)  
VSQLITE:EXECUTEQUERYTODBF(1250)  
FQUERYTODBF(118)  
VLJ_DLOOKUPREGISTER(158)  
VGETCMD:SHOW(417)  
VBROWSECMD:SHOW(708)  
HBM_BOOTSTRAP(26)  
VEXECUTE:EXECFROMBUFF(519)  
VEXECUTE:EXECFROMPRG(209)  
HBMLOAD(28)  
HBMBOOTSTRAP(12)  
HBMSTART(6)  
MAIN(29)  
###################

20210730 - 03:54:35 >>  [INFO] Mounted query : SELECT * FROM EMP WHERE EMPNO = 7521 / Original : SELECT * FROM EMP WHERE EMPNO = 7521, nPage : 1, nLimit : 0

# Called from : 
FQUERYTODBF(121)  
VLJ_DLOOKUPREGISTER(158)  
VGETCMD:SHOW(417)  
VBROWSECMD:SHOW(708)  
HBM_BOOTSTRAP(26)  
VEXECUTE:EXECFROMBUFF(519)  
VEXECUTE:EXECFROMPRG(209)  
HBMLOAD(28)  
HBMBOOTSTRAP(12)  
HBMSTART(6)  
MAIN(29)  
###################

20210730 - 03:54:38 >>  [INFO] Data base open successfully

# Called from : 
VSQLITE:OPEN(134)  
FUPDATESQL(245)  
VGETCMD:EXECSUBMIT(1085)  
VBROWSECMD:SHOW(709)  
HBM_BOOTSTRAP(26)  
VEXECUTE:EXECFROMBUFF(519)  
VEXECUTE:EXECFROMPRG(209)  
HBMLOAD(28)  
HBMBOOTSTRAP(12)  
HBMSTART(6)  
MAIN(29)  
###################

20210730 - 03:54:38 >>  [INFO] UPDATE EMP SET EMPNO = 7521,ENAME = 'WARDw' WHERE EMPNO = 7521;

# Called from : 
VSQLITE:UPDATESQL(1481)  
FUPDATESQL(255)  
VGETCMD:EXECSUBMIT(1085)  
VBROWSECMD:SHOW(709)  
HBM_BOOTSTRAP(26)  
VEXECUTE:EXECFROMBUFF(519)  
VEXECUTE:EXECFROMPRG(209)  
HBMLOAD(28)  
HBMBOOTSTRAP(12)  
HBMSTART(6)  
MAIN(29)  
###################

20210730 - 03:54:39 >>  [INFO] Data base open successfully

# Called from : 
FUPDATESQL(257)  
VGETCMD:EXECSUBMIT(1085)  
VBROWSECMD:SHOW(709)  
HBM_BOOTSTRAP(26)  
VEXECUTE:EXECFROMBUFF(519)  
VEXECUTE:EXECFROMPRG(209)  
HBMLOAD(28)  
HBMBOOTSTRAP(12)  
HBMSTART(6)  
MAIN(29)  
###################

20210730 - 03:54:39 >>  [INFO] Data base open successfully

# Called from : 
VSQLITE:OPEN(134)  
FQUERYTODBF(99)  
VBROWSECMD:OPEN(218)  
VBROWSECMD:REFRESH(1106)  
VBROWSECMD:SHOW(713)  
HBM_BOOTSTRAP(26)  
VEXECUTE:EXECFROMBUFF(519)  
VEXECUTE:EXECFROMPRG(209)  
HBMLOAD(28)  
HBMBOOTSTRAP(12)  
HBMSTART(6)  
MAIN(29)  
###################

20210730 - 03:54:39 >>  [INFO] Data base open successfully

# Called from : 
FQUERYTODBF(103)  
VBROWSECMD:OPEN(218)  
VBROWSECMD:REFRESH(1106)  
VBROWSECMD:SHOW(713)  
HBM_BOOTSTRAP(26)  
VEXECUTE:EXECFROMBUFF(519)  
VEXECUTE:EXECFROMPRG(209)  
HBMLOAD(28)  
HBMBOOTSTRAP(12)  
HBMSTART(6)  
MAIN(29)  
###################

20210730 - 03:54:39 >>  [INFO] Mounted query : SELECT * FROM EMP WHERE 1=1  LIMIT 5 OFFSET 0 / Original : SELECT * FROM EMP WHERE 1=1 , nPage : 1, nLimit : 5

# Called from : 
VSQLITE:MOUNTQUERY(730)  
VSQLITE:EXECUTEQUERY(263)  
VSQLITE:EXECUTEQUERYTODBF(1250)  
FQUERYTODBF(118)  
VBROWSECMD:OPEN(218)  
VBROWSECMD:REFRESH(1106)  
VBROWSECMD:SHOW(713)  
HBM_BOOTSTRAP(26)  
VEXECUTE:EXECFROMBUFF(519)  
VEXECUTE:EXECFROMPRG(209)  
HBMLOAD(28)  
HBMBOOTSTRAP(12)  
HBMSTART(6)  
MAIN(29)  
###################

20210730 - 03:54:39 >>  [INFO] Mounted query : SELECT * FROM EMP WHERE 1=1  LIMIT 5 OFFSET 0 / Original : SELECT * FROM EMP WHERE 1=1 , nPage : 1, nLimit : 5

# Called from : 
FQUERYTODBF(121)  
VBROWSECMD:OPEN(218)  
VBROWSECMD:REFRESH(1106)  
VBROWSECMD:SHOW(713)  
HBM_BOOTSTRAP(26)  
VEXECUTE:EXECFROMBUFF(519)  
VEXECUTE:EXECFROMPRG(209)  
HBMLOAD(28)  
HBMBOOTSTRAP(12)  
HBMSTART(6)  
MAIN(29)  
###################

20210730 - 03:54:40 >>  [INFO] Data base open successfully

# Called from : 
VSQLITE:OPEN(134)  
FQUERYTODBF(99)  
VLJ_DLOOKUPREGISTER(158)  
VGETCMD:SHOW(417)  
VBROWSECMD:SHOW(708)  
HBM_BOOTSTRAP(26)  
VEXECUTE:EXECFROMBUFF(519)  
VEXECUTE:EXECFROMPRG(209)  
HBMLOAD(28)  
HBMBOOTSTRAP(12)  
HBMSTART(6)  
MAIN(29)  
###################

20210730 - 03:54:40 >>  [INFO] Data base open successfully

# Called from : 
FQUERYTODBF(103)  
VLJ_DLOOKUPREGISTER(158)  
VGETCMD:SHOW(417)  
VBROWSECMD:SHOW(708)  
HBM_BOOTSTRAP(26)  
VEXECUTE:EXECFROMBUFF(519)  
VEXECUTE:EXECFROMPRG(209)  
HBMLOAD(28)  
HBMBOOTSTRAP(12)  
HBMSTART(6)  
MAIN(29)  
###################

20210730 - 03:54:40 >>  [INFO] Mounted query : SELECT * FROM EMP WHERE EMPNO = 7521 / Original : SELECT * FROM EMP WHERE EMPNO = 7521, nPage : 1, nLimit : 0

# Called from : 
VSQLITE:MOUNTQUERY(730)  
VSQLITE:EXECUTEQUERY(263)  
VSQLITE:EXECUTEQUERYTODBF(1250)  
FQUERYTODBF(118)  
VLJ_DLOOKUPREGISTER(158)  
VGETCMD:SHOW(417)  
VBROWSECMD:SHOW(708)  
HBM_BOOTSTRAP(26)  
VEXECUTE:EXECFROMBUFF(519)  
VEXECUTE:EXECFROMPRG(209)  
HBMLOAD(28)  
HBMBOOTSTRAP(12)  
HBMSTART(6)  
MAIN(29)  
###################

20210730 - 03:54:40 >>  [INFO] Mounted query : SELECT * FROM EMP WHERE EMPNO = 7521 / Original : SELECT * FROM EMP WHERE EMPNO = 7521, nPage : 1, nLimit : 0

# Called from : 
FQUERYTODBF(121)  
VLJ_DLOOKUPREGISTER(158)  
VGETCMD:SHOW(417)  
VBROWSECMD:SHOW(708)  
HBM_BOOTSTRAP(26)  
VEXECUTE:EXECFROMBUFF(519)  
VEXECUTE:EXECFROMPRG(209)  
HBMLOAD(28)  
HBMBOOTSTRAP(12)  
HBMSTART(6)  
MAIN(29)  
###################

20210730 - 03:54:42 >>  [INFO] Data base open successfully

# Called from : 
VSQLITE:OPEN(134)  
FUPDATESQL(245)  
VGETCMD:EXECSUBMIT(1085)  
VBROWSECMD:SHOW(709)  
HBM_BOOTSTRAP(26)  
VEXECUTE:EXECFROMBUFF(519)  
VEXECUTE:EXECFROMPRG(209)  
HBMLOAD(28)  
HBMBOOTSTRAP(12)  
HBMSTART(6)  
MAIN(29)  
###################

20210730 - 03:54:42 >>  [INFO] UPDATE EMP SET EMPNO = 7521,ENAME = 'WARD' WHERE EMPNO = 7521;

# Called from : 
VSQLITE:UPDATESQL(1481)  
FUPDATESQL(255)  
VGETCMD:EXECSUBMIT(1085)  
VBROWSECMD:SHOW(709)  
HBM_BOOTSTRAP(26)  
VEXECUTE:EXECFROMBUFF(519)  
VEXECUTE:EXECFROMPRG(209)  
HBMLOAD(28)  
HBMBOOTSTRAP(12)  
HBMSTART(6)  
MAIN(29)  
###################

20210730 - 03:54:42 >>  [INFO] Data base open successfully

# Called from : 
FUPDATESQL(257)  
VGETCMD:EXECSUBMIT(1085)  
VBROWSECMD:SHOW(709)  
HBM_BOOTSTRAP(26)  
VEXECUTE:EXECFROMBUFF(519)  
VEXECUTE:EXECFROMPRG(209)  
HBMLOAD(28)  
HBMBOOTSTRAP(12)  
HBMSTART(6)  
MAIN(29)  
###################

20210730 - 03:54:42 >>  [INFO] Data base open successfully

# Called from : 
VSQLITE:OPEN(134)  
FQUERYTODBF(99)  
VBROWSECMD:OPEN(218)  
VBROWSECMD:REFRESH(1106)  
VBROWSECMD:SHOW(713)  
HBM_BOOTSTRAP(26)  
VEXECUTE:EXECFROMBUFF(519)  
VEXECUTE:EXECFROMPRG(209)  
HBMLOAD(28)  
HBMBOOTSTRAP(12)  
HBMSTART(6)  
MAIN(29)  
###################

20210730 - 03:54:42 >>  [INFO] Data base open successfully

# Called from : 
FQUERYTODBF(103)  
VBROWSECMD:OPEN(218)  
VBROWSECMD:REFRESH(1106)  
VBROWSECMD:SHOW(713)  
HBM_BOOTSTRAP(26)  
VEXECUTE:EXECFROMBUFF(519)  
VEXECUTE:EXECFROMPRG(209)  
HBMLOAD(28)  
HBMBOOTSTRAP(12)  
HBMSTART(6)  
MAIN(29)  
###################

20210730 - 03:54:42 >>  [INFO] Mounted query : SELECT * FROM EMP WHERE 1=1  LIMIT 5 OFFSET 0 / Original : SELECT * FROM EMP WHERE 1=1 , nPage : 1, nLimit : 5

# Called from : 
VSQLITE:MOUNTQUERY(730)  
VSQLITE:EXECUTEQUERY(263)  
VSQLITE:EXECUTEQUERYTODBF(1250)  
FQUERYTODBF(118)  
VBROWSECMD:OPEN(218)  
VBROWSECMD:REFRESH(1106)  
VBROWSECMD:SHOW(713)  
HBM_BOOTSTRAP(26)  
VEXECUTE:EXECFROMBUFF(519)  
VEXECUTE:EXECFROMPRG(209)  
HBMLOAD(28)  
HBMBOOTSTRAP(12)  
HBMSTART(6)  
MAIN(29)  
###################

20210730 - 03:54:42 >>  [INFO] Mounted query : SELECT * FROM EMP WHERE 1=1  LIMIT 5 OFFSET 0 / Original : SELECT * FROM EMP WHERE 1=1 , nPage : 1, nLimit : 5

# Called from : 
FQUERYTODBF(121)  
VBROWSECMD:OPEN(218)  
VBROWSECMD:REFRESH(1106)  
VBROWSECMD:SHOW(713)  
HBM_BOOTSTRAP(26)  
VEXECUTE:EXECFROMBUFF(519)  
VEXECUTE:EXECFROMPRG(209)  
HBMLOAD(28)  
HBMBOOTSTRAP(12)  
HBMSTART(6)  
MAIN(29)  
###################

20210730 - 03:54:53 >>  [INFO] After execute with return : NIL

# Called from : 
VEXECUTE:EXECFROMBUFF(520)  
VEXECUTE:EXECFROMPRG(209)  
HBMLOAD(28)  
HBMBOOTSTRAP(12)  
HBMSTART(6)  
MAIN(29)  
###################

20210730 - 03:54:53 >>  [INFO] After send buffer to execute

# Called from : 
VEXECUTE:EXECFROMPRG(210)  
HBMLOAD(28)  
HBMBOOTSTRAP(12)  
HBMSTART(6)  
MAIN(29)  
###################

20210730 - 03:56:27 >>  [INFO] Data base open successfully

# Called from : 
VSQLITE:OPEN(134)  
FQUERYTODBF(99)  
VBROWSECMD:OPEN(218)  
VBROWSECMD:SHOW(439)  
HBM_BOOTSTRAP(26)  
VEXECUTE:EXECFROMBUFF(519)  
VEXECUTE:EXECFROMPRG(209)  
HBMLOAD(28)  
HBMBOOTSTRAP(12)  
HBMSTART(6)  
MAIN(29)  
###################

20210730 - 03:56:27 >>  [INFO] Data base open successfully

# Called from : 
FQUERYTODBF(103)  
VBROWSECMD:OPEN(218)  
VBROWSECMD:SHOW(439)  
HBM_BOOTSTRAP(26)  
VEXECUTE:EXECFROMBUFF(519)  
VEXECUTE:EXECFROMPRG(209)  
HBMLOAD(28)  
HBMBOOTSTRAP(12)  
HBMSTART(6)  
MAIN(29)  
###################

20210730 - 03:56:27 >>  [INFO] Mounted query : SELECT * FROM EMP WHERE 1=1  LIMIT 5 OFFSET 0 / Original : SELECT * FROM EMP WHERE 1=1 , nPage : 1, nLimit : 5

# Called from : 
VSQLITE:MOUNTQUERY(730)  
VSQLITE:EXECUTEQUERY(263)  
VSQLITE:EXECUTEQUERYTODBF(1250)  
FQUERYTODBF(118)  
VBROWSECMD:OPEN(218)  
VBROWSECMD:SHOW(439)  
HBM_BOOTSTRAP(26)  
VEXECUTE:EXECFROMBUFF(519)  
VEXECUTE:EXECFROMPRG(209)  
HBMLOAD(28)  
HBMBOOTSTRAP(12)  
HBMSTART(6)  
MAIN(29)  
###################

20210730 - 03:56:27 >>  [INFO] Mounted query : SELECT * FROM EMP WHERE 1=1  LIMIT 5 OFFSET 0 / Original : SELECT * FROM EMP WHERE 1=1 , nPage : 1, nLimit : 5

# Called from : 
FQUERYTODBF(121)  
VBROWSECMD:OPEN(218)  
VBROWSECMD:SHOW(439)  
HBM_BOOTSTRAP(26)  
VEXECUTE:EXECFROMBUFF(519)  
VEXECUTE:EXECFROMPRG(209)  
HBMLOAD(28)  
HBMBOOTSTRAP(12)  
HBMSTART(6)  
MAIN(29)  
###################

20210730 - 03:56:29 >>  [INFO] After execute with return : NIL

# Called from : 
VEXECUTE:EXECFROMBUFF(520)  
VEXECUTE:EXECFROMPRG(209)  
HBMLOAD(28)  
HBMBOOTSTRAP(12)  
HBMSTART(6)  
MAIN(29)  
###################

20210730 - 03:56:29 >>  [INFO] After send buffer to execute

# Called from : 
VEXECUTE:EXECFROMPRG(210)  
HBMLOAD(28)  
HBMBOOTSTRAP(12)  
HBMSTART(6)  
MAIN(29)  
###################

