***************************** BEGIN LOG HEADER ************************************
File created at : 20210712 05:19:43
***************************** END LOG HEADER **************************************

20210712 - 05:19:43 >>  [INFO] After execute with return : 13

# Called from : 
VEXECUTE:EXECFROMBUFF(451)  
VEXECUTE:EXECFROMPRG(208)  
HBMLOAD(24)  
HBMBOOTSTRAP(10)  
HBMSTART(4)  
MAIN(26)  
###################

20210712 - 05:19:43 >>  [INFO] After send buffer to execute

# Called from : 
VEXECUTE:EXECFROMPRG(209)  
HBMLOAD(24)  
HBMBOOTSTRAP(10)  
HBMSTART(4)  
MAIN(26)  
###################

