***************************** BEGIN LOG HEADER ************************************
File created at : 20210621 08:58:59
***************************** END LOG HEADER **************************************

20210621 - 08:58:59 >>  [INFO] Start config TUI with : e"{   \n	\"maxrow\":39,\n	\"maxcol\":158,\n	\"colortheme\":\"GREEN\"\n}\n"

# Called from : 
CONFIGTUISINGLETON(23)  
HBM_BOOTSTRAP(28)  
VEXECUTE:EXECFROMBUFF(439)  
VEXECUTE:EXECFROMHRB(136)  
HBMLOAD(22)  
HBMBOOTSTRAP(10)  
HBMSTART(4)  
MAIN(19)  
###################

20210621 - 08:58:59 >>  [WARNING] Undefined operation in form TUI. ::cOper = 

# Called from : 
VGETCMD:SHOW(402)  
HBM_BOOTSTRAP(44)  
VEXECUTE:EXECFROMBUFF(439)  
VEXECUTE:EXECFROMHRB(136)  
HBMLOAD(22)  
HBMBOOTSTRAP(10)  
HBMSTART(4)  
MAIN(19)  
###################

20210621 - 08:58:59 >>  [WARNING] Undefined operation in form TUI. ::cOper = 

# Called from : 
VGETCMD:SHOW(402)  
HBM_BOOTSTRAP(44)  
VEXECUTE:EXECFROMBUFF(439)  
VEXECUTE:EXECFROMHRB(136)  
HBMLOAD(22)  
HBMBOOTSTRAP(10)  
HBMSTART(4)  
MAIN(19)  
###################

20210621 - 08:58:59 >>  [WARNING] Undefined operation in form TUI. ::cOper = 

# Called from : 
VGETCMD:SHOW(402)  
HBM_BOOTSTRAP(44)  
VEXECUTE:EXECFROMBUFF(439)  
VEXECUTE:EXECFROMHRB(136)  
HBMLOAD(22)  
HBMBOOTSTRAP(10)  
HBMSTART(4)  
MAIN(19)  
###################

20210621 - 08:58:59 >>  [WARNING] Undefined operation in form TUI. ::cOper = 

# Called from : 
VGETCMD:SHOW(402)  
HBM_BOOTSTRAP(44)  
VEXECUTE:EXECFROMBUFF(439)  
VEXECUTE:EXECFROMHRB(136)  
HBMLOAD(22)  
HBMBOOTSTRAP(10)  
HBMSTART(4)  
MAIN(19)  
###################

20210621 - 08:59:26 >>  [INFO] After execute with return : 13

# Called from : 
VEXECUTE:EXECFROMBUFF(440)  
VEXECUTE:EXECFROMHRB(136)  
HBMLOAD(22)  
HBMBOOTSTRAP(10)  
HBMSTART(4)  
MAIN(19)  
###################

