***************************** BEGIN LOG HEADER ************************************
File created at : 20210619 11:28:13
***************************** END LOG HEADER **************************************

20210619 - 11:28:13 >>  [INFO] Start config TUI with : e"{   \n	\"maxrow\":39,\n	\"maxcol\":158,\n	\"colortheme\":\"GREEN\"\n}\n"

# Called from : 
CONFIGTUISINGLETON(23)  
HBM_BOOTSTRAP(20)  
VEXECUTE:EXECFROMBUFF(439)  
VEXECUTE:EXECFROMPRG(208)  
HBMLOAD(24)  
HBMBOOTSTRAP(10)  
HBMSTART(4)  
MAIN(23)  
###################

20210619 - 11:28:13 >>  [WARNING] Undefined operation in form TUI. ::cOper = 

# Called from : 
VGETCMD:SHOW(404)  
HBM_BOOTSTRAP(31)  
VEXECUTE:EXECFROMBUFF(439)  
VEXECUTE:EXECFROMPRG(208)  
HBMLOAD(24)  
HBMBOOTSTRAP(10)  
HBMSTART(4)  
MAIN(23)  
###################

20210619 - 11:28:13 >>  [WARNING] Undefined operation in form TUI. ::cOper = 

# Called from : 
VGETCMD:SHOW(404)  
HBM_BOOTSTRAP(31)  
VEXECUTE:EXECFROMBUFF(439)  
VEXECUTE:EXECFROMPRG(208)  
HBMLOAD(24)  
HBMBOOTSTRAP(10)  
HBMSTART(4)  
MAIN(23)  
###################

20210619 - 11:28:13 >>  [WARNING] Undefined operation in form TUI. ::cOper = 

# Called from : 
VGETCMD:SHOW(404)  
HBM_BOOTSTRAP(31)  
VEXECUTE:EXECFROMBUFF(439)  
VEXECUTE:EXECFROMPRG(208)  
HBMLOAD(24)  
HBMBOOTSTRAP(10)  
HBMSTART(4)  
MAIN(23)  
###################

20210619 - 11:28:13 >>  [WARNING] Undefined operation in form TUI. ::cOper = 

# Called from : 
VGETCMD:SHOW(404)  
HBM_BOOTSTRAP(31)  
VEXECUTE:EXECFROMBUFF(439)  
VEXECUTE:EXECFROMPRG(208)  
HBMLOAD(24)  
HBMBOOTSTRAP(10)  
HBMSTART(4)  
MAIN(23)  
###################

20210619 - 11:28:17 >>  [INFO] After execute with return : .F.

# Called from : 
VEXECUTE:EXECFROMBUFF(440)  
VEXECUTE:EXECFROMPRG(208)  
HBMLOAD(24)  
HBMBOOTSTRAP(10)  
HBMSTART(4)  
MAIN(23)  
###################

20210619 - 11:28:17 >>  [INFO] After send buffer to execute

# Called from : 
VEXECUTE:EXECFROMPRG(209)  
HBMLOAD(24)  
HBMBOOTSTRAP(10)  
HBMSTART(4)  
MAIN(23)  
###################

20210619 - 11:44:12 >>  [INFO] Start config TUI with : e"{   \n	\"maxrow\":39,\n	\"maxcol\":158,\n	\"colortheme\":\"GREEN\"\n}\n"

# Called from : 
CONFIGTUISINGLETON(23)  
HBM_BOOTSTRAP(20)  
VEXECUTE:EXECFROMBUFF(439)  
VEXECUTE:EXECFROMPRG(208)  
HBMLOAD(24)  
HBMBOOTSTRAP(10)  
HBMSTART(4)  
MAIN(23)  
###################

20210619 - 11:44:12 >>  [WARNING] Undefined operation in form TUI. ::cOper = 

# Called from : 
VGETCMD:SHOW(404)  
HBM_BOOTSTRAP(31)  
VEXECUTE:EXECFROMBUFF(439)  
VEXECUTE:EXECFROMPRG(208)  
HBMLOAD(24)  
HBMBOOTSTRAP(10)  
HBMSTART(4)  
MAIN(23)  
###################

20210619 - 11:44:12 >>  [WARNING] Undefined operation in form TUI. ::cOper = 

# Called from : 
VGETCMD:SHOW(404)  
HBM_BOOTSTRAP(31)  
VEXECUTE:EXECFROMBUFF(439)  
VEXECUTE:EXECFROMPRG(208)  
HBMLOAD(24)  
HBMBOOTSTRAP(10)  
HBMSTART(4)  
MAIN(23)  
###################

20210619 - 11:44:12 >>  [WARNING] Undefined operation in form TUI. ::cOper = 

# Called from : 
VGETCMD:SHOW(404)  
HBM_BOOTSTRAP(31)  
VEXECUTE:EXECFROMBUFF(439)  
VEXECUTE:EXECFROMPRG(208)  
HBMLOAD(24)  
HBMBOOTSTRAP(10)  
HBMSTART(4)  
MAIN(23)  
###################

20210619 - 11:44:12 >>  [WARNING] Undefined operation in form TUI. ::cOper = 

# Called from : 
VGETCMD:SHOW(404)  
HBM_BOOTSTRAP(31)  
VEXECUTE:EXECFROMBUFF(439)  
VEXECUTE:EXECFROMPRG(208)  
HBMLOAD(24)  
HBMBOOTSTRAP(10)  
HBMSTART(4)  
MAIN(23)  
###################

20210619 - 11:44:42 >>  [INFO] After execute with return : .F.

# Called from : 
VEXECUTE:EXECFROMBUFF(440)  
VEXECUTE:EXECFROMPRG(208)  
HBMLOAD(24)  
HBMBOOTSTRAP(10)  
HBMSTART(4)  
MAIN(23)  
###################

20210619 - 11:44:42 >>  [INFO] After send buffer to execute

# Called from : 
VEXECUTE:EXECFROMPRG(209)  
HBMLOAD(24)  
HBMBOOTSTRAP(10)  
HBMSTART(4)  
MAIN(23)  
###################

20210619 - 11:47:42 >>  [INFO] Start config TUI with : e"{   \n	\"maxrow\":39,\n	\"maxcol\":158,\n	\"colortheme\":\"GREEN\"\n}\n"

# Called from : 
CONFIGTUISINGLETON(23)  
HBM_BOOTSTRAP(20)  
VEXECUTE:EXECFROMBUFF(439)  
VEXECUTE:EXECFROMPRG(208)  
HBMLOAD(24)  
HBMBOOTSTRAP(10)  
HBMSTART(4)  
MAIN(23)  
###################

20210619 - 11:47:42 >>  [WARNING] Undefined operation in form TUI. ::cOper = 

# Called from : 
VGETCMD:SHOW(402)  
HBM_BOOTSTRAP(31)  
VEXECUTE:EXECFROMBUFF(439)  
VEXECUTE:EXECFROMPRG(208)  
HBMLOAD(24)  
HBMBOOTSTRAP(10)  
HBMSTART(4)  
MAIN(23)  
###################

20210619 - 11:47:42 >>  [WARNING] Undefined operation in form TUI. ::cOper = 

# Called from : 
VGETCMD:SHOW(402)  
HBM_BOOTSTRAP(31)  
VEXECUTE:EXECFROMBUFF(439)  
VEXECUTE:EXECFROMPRG(208)  
HBMLOAD(24)  
HBMBOOTSTRAP(10)  
HBMSTART(4)  
MAIN(23)  
###################

20210619 - 11:47:42 >>  [WARNING] Undefined operation in form TUI. ::cOper = 

# Called from : 
VGETCMD:SHOW(402)  
HBM_BOOTSTRAP(31)  
VEXECUTE:EXECFROMBUFF(439)  
VEXECUTE:EXECFROMPRG(208)  
HBMLOAD(24)  
HBMBOOTSTRAP(10)  
HBMSTART(4)  
MAIN(23)  
###################

20210619 - 11:47:42 >>  [WARNING] Undefined operation in form TUI. ::cOper = 

# Called from : 
VGETCMD:SHOW(402)  
HBM_BOOTSTRAP(31)  
VEXECUTE:EXECFROMBUFF(439)  
VEXECUTE:EXECFROMPRG(208)  
HBMLOAD(24)  
HBMBOOTSTRAP(10)  
HBMSTART(4)  
MAIN(23)  
###################

20210619 - 11:47:49 >>  [INFO] After execute with return : .T.

# Called from : 
VEXECUTE:EXECFROMBUFF(440)  
VEXECUTE:EXECFROMPRG(208)  
HBMLOAD(24)  
HBMBOOTSTRAP(10)  
HBMSTART(4)  
MAIN(23)  
###################

20210619 - 11:47:49 >>  [INFO] After send buffer to execute

# Called from : 
VEXECUTE:EXECFROMPRG(209)  
HBMLOAD(24)  
HBMBOOTSTRAP(10)  
HBMSTART(4)  
MAIN(23)  
###################

20210619 - 11:50:02 >>  [INFO] Start config TUI with : e"{   \n	\"maxrow\":39,\n	\"maxcol\":158,\n	\"colortheme\":\"GREEN\"\n}\n"

# Called from : 
CONFIGTUISINGLETON(23)  
HBM_BOOTSTRAP(20)  
VEXECUTE:EXECFROMBUFF(439)  
VEXECUTE:EXECFROMPRG(208)  
HBMLOAD(24)  
HBMBOOTSTRAP(10)  
HBMSTART(4)  
MAIN(23)  
###################

20210619 - 11:50:02 >>  [WARNING] Undefined operation in form TUI. ::cOper = 

# Called from : 
VGETCMD:SHOW(402)  
HBM_BOOTSTRAP(31)  
VEXECUTE:EXECFROMBUFF(439)  
VEXECUTE:EXECFROMPRG(208)  
HBMLOAD(24)  
HBMBOOTSTRAP(10)  
HBMSTART(4)  
MAIN(23)  
###################

20210619 - 11:50:02 >>  [WARNING] Undefined operation in form TUI. ::cOper = 

# Called from : 
VGETCMD:SHOW(402)  
HBM_BOOTSTRAP(31)  
VEXECUTE:EXECFROMBUFF(439)  
VEXECUTE:EXECFROMPRG(208)  
HBMLOAD(24)  
HBMBOOTSTRAP(10)  
HBMSTART(4)  
MAIN(23)  
###################

20210619 - 11:50:02 >>  [WARNING] Undefined operation in form TUI. ::cOper = 

# Called from : 
VGETCMD:SHOW(402)  
HBM_BOOTSTRAP(31)  
VEXECUTE:EXECFROMBUFF(439)  
VEXECUTE:EXECFROMPRG(208)  
HBMLOAD(24)  
HBMBOOTSTRAP(10)  
HBMSTART(4)  
MAIN(23)  
###################

20210619 - 11:50:02 >>  [WARNING] Undefined operation in form TUI. ::cOper = 

# Called from : 
VGETCMD:SHOW(402)  
HBM_BOOTSTRAP(31)  
VEXECUTE:EXECFROMBUFF(439)  
VEXECUTE:EXECFROMPRG(208)  
HBMLOAD(24)  
HBMBOOTSTRAP(10)  
HBMSTART(4)  
MAIN(23)  
###################

20210619 - 11:50:14 >>  [INFO] After execute with return : 13

# Called from : 
VEXECUTE:EXECFROMBUFF(440)  
VEXECUTE:EXECFROMPRG(208)  
HBMLOAD(24)  
HBMBOOTSTRAP(10)  
HBMSTART(4)  
MAIN(23)  
###################

20210619 - 11:50:14 >>  [INFO] After send buffer to execute

# Called from : 
VEXECUTE:EXECFROMPRG(209)  
HBMLOAD(24)  
HBMBOOTSTRAP(10)  
HBMSTART(4)  
MAIN(23)  
###################

20210619 - 11:52:06 >>  [INFO] Start config TUI with : e"{   \n	\"maxrow\":39,\n	\"maxcol\":158,\n	\"colortheme\":\"GREEN\"\n}\n"

# Called from : 
CONFIGTUISINGLETON(23)  
HBM_BOOTSTRAP(20)  
VEXECUTE:EXECFROMBUFF(439)  
VEXECUTE:EXECFROMPRG(208)  
HBMLOAD(24)  
HBMBOOTSTRAP(10)  
HBMSTART(4)  
MAIN(23)  
###################

20210619 - 11:52:06 >>  [WARNING] Undefined operation in form TUI. ::cOper = 

# Called from : 
VGETCMD:SHOW(402)  
HBM_BOOTSTRAP(31)  
VEXECUTE:EXECFROMBUFF(439)  
VEXECUTE:EXECFROMPRG(208)  
HBMLOAD(24)  
HBMBOOTSTRAP(10)  
HBMSTART(4)  
MAIN(23)  
###################

20210619 - 11:52:06 >>  [WARNING] Undefined operation in form TUI. ::cOper = 

# Called from : 
VGETCMD:SHOW(402)  
HBM_BOOTSTRAP(31)  
VEXECUTE:EXECFROMBUFF(439)  
VEXECUTE:EXECFROMPRG(208)  
HBMLOAD(24)  
HBMBOOTSTRAP(10)  
HBMSTART(4)  
MAIN(23)  
###################

20210619 - 11:52:06 >>  [WARNING] Undefined operation in form TUI. ::cOper = 

# Called from : 
VGETCMD:SHOW(402)  
HBM_BOOTSTRAP(31)  
VEXECUTE:EXECFROMBUFF(439)  
VEXECUTE:EXECFROMPRG(208)  
HBMLOAD(24)  
HBMBOOTSTRAP(10)  
HBMSTART(4)  
MAIN(23)  
###################

20210619 - 11:52:06 >>  [WARNING] Undefined operation in form TUI. ::cOper = 

# Called from : 
VGETCMD:SHOW(402)  
HBM_BOOTSTRAP(31)  
VEXECUTE:EXECFROMBUFF(439)  
VEXECUTE:EXECFROMPRG(208)  
HBMLOAD(24)  
HBMBOOTSTRAP(10)  
HBMSTART(4)  
MAIN(23)  
###################

20210619 - 11:52:15 >>  [INFO] After execute with return : 13

# Called from : 
VEXECUTE:EXECFROMBUFF(440)  
VEXECUTE:EXECFROMPRG(208)  
HBMLOAD(24)  
HBMBOOTSTRAP(10)  
HBMSTART(4)  
MAIN(23)  
###################

20210619 - 11:52:15 >>  [INFO] After send buffer to execute

# Called from : 
VEXECUTE:EXECFROMPRG(209)  
HBMLOAD(24)  
HBMBOOTSTRAP(10)  
HBMSTART(4)  
MAIN(23)  
###################

20210619 - 11:54:11 >>  [INFO] Start config TUI with : e"{   \n	\"maxrow\":39,\n	\"maxcol\":158,\n	\"colortheme\":\"GREEN\"\n}\n"

# Called from : 
CONFIGTUISINGLETON(23)  
HBM_BOOTSTRAP(20)  
VEXECUTE:EXECFROMBUFF(439)  
VEXECUTE:EXECFROMPRG(208)  
HBMLOAD(24)  
HBMBOOTSTRAP(10)  
HBMSTART(4)  
MAIN(23)  
###################

20210619 - 11:54:11 >>  [WARNING] Undefined operation in form TUI. ::cOper = 

# Called from : 
VGETCMD:SHOW(402)  
HBM_BOOTSTRAP(31)  
VEXECUTE:EXECFROMBUFF(439)  
VEXECUTE:EXECFROMPRG(208)  
HBMLOAD(24)  
HBMBOOTSTRAP(10)  
HBMSTART(4)  
MAIN(23)  
###################

20210619 - 11:54:11 >>  [WARNING] Undefined operation in form TUI. ::cOper = 

# Called from : 
VGETCMD:SHOW(402)  
HBM_BOOTSTRAP(31)  
VEXECUTE:EXECFROMBUFF(439)  
VEXECUTE:EXECFROMPRG(208)  
HBMLOAD(24)  
HBMBOOTSTRAP(10)  
HBMSTART(4)  
MAIN(23)  
###################

20210619 - 11:54:11 >>  [WARNING] Undefined operation in form TUI. ::cOper = 

# Called from : 
VGETCMD:SHOW(402)  
HBM_BOOTSTRAP(31)  
VEXECUTE:EXECFROMBUFF(439)  
VEXECUTE:EXECFROMPRG(208)  
HBMLOAD(24)  
HBMBOOTSTRAP(10)  
HBMSTART(4)  
MAIN(23)  
###################

20210619 - 11:54:11 >>  [WARNING] Undefined operation in form TUI. ::cOper = 

# Called from : 
VGETCMD:SHOW(402)  
HBM_BOOTSTRAP(31)  
VEXECUTE:EXECFROMBUFF(439)  
VEXECUTE:EXECFROMPRG(208)  
HBMLOAD(24)  
HBMBOOTSTRAP(10)  
HBMSTART(4)  
MAIN(23)  
###################

20210619 - 11:54:33 >>  [INFO] After execute with return : 13

# Called from : 
VEXECUTE:EXECFROMBUFF(440)  
VEXECUTE:EXECFROMPRG(208)  
HBMLOAD(24)  
HBMBOOTSTRAP(10)  
HBMSTART(4)  
MAIN(23)  
###################

20210619 - 11:54:33 >>  [INFO] After send buffer to execute

# Called from : 
VEXECUTE:EXECFROMPRG(209)  
HBMLOAD(24)  
HBMBOOTSTRAP(10)  
HBMSTART(4)  
MAIN(23)  
###################

20210619 - 11:54:34 >>  [INFO] Start config TUI with : e"{   \n	\"maxrow\":39,\n	\"maxcol\":158,\n	\"colortheme\":\"GREEN\"\n}\n"

# Called from : 
CONFIGTUISINGLETON(23)  
HBM_BOOTSTRAP(20)  
VEXECUTE:EXECFROMBUFF(439)  
VEXECUTE:EXECFROMPRG(208)  
HBMLOAD(24)  
HBMBOOTSTRAP(10)  
HBMSTART(4)  
MAIN(23)  
###################

20210619 - 11:54:34 >>  [WARNING] Undefined operation in form TUI. ::cOper = 

# Called from : 
VGETCMD:SHOW(402)  
HBM_BOOTSTRAP(31)  
VEXECUTE:EXECFROMBUFF(439)  
VEXECUTE:EXECFROMPRG(208)  
HBMLOAD(24)  
HBMBOOTSTRAP(10)  
HBMSTART(4)  
MAIN(23)  
###################

20210619 - 11:54:34 >>  [WARNING] Undefined operation in form TUI. ::cOper = 

# Called from : 
VGETCMD:SHOW(402)  
HBM_BOOTSTRAP(31)  
VEXECUTE:EXECFROMBUFF(439)  
VEXECUTE:EXECFROMPRG(208)  
HBMLOAD(24)  
HBMBOOTSTRAP(10)  
HBMSTART(4)  
MAIN(23)  
###################

20210619 - 11:54:34 >>  [WARNING] Undefined operation in form TUI. ::cOper = 

# Called from : 
VGETCMD:SHOW(402)  
HBM_BOOTSTRAP(31)  
VEXECUTE:EXECFROMBUFF(439)  
VEXECUTE:EXECFROMPRG(208)  
HBMLOAD(24)  
HBMBOOTSTRAP(10)  
HBMSTART(4)  
MAIN(23)  
###################

20210619 - 11:54:34 >>  [WARNING] Undefined operation in form TUI. ::cOper = 

# Called from : 
VGETCMD:SHOW(402)  
HBM_BOOTSTRAP(31)  
VEXECUTE:EXECFROMBUFF(439)  
VEXECUTE:EXECFROMPRG(208)  
HBMLOAD(24)  
HBMBOOTSTRAP(10)  
HBMSTART(4)  
MAIN(23)  
###################

20210619 - 11:54:47 >>  [INFO] After execute with return : 13

# Called from : 
VEXECUTE:EXECFROMBUFF(440)  
VEXECUTE:EXECFROMPRG(208)  
HBMLOAD(24)  
HBMBOOTSTRAP(10)  
HBMSTART(4)  
MAIN(23)  
###################

20210619 - 11:54:47 >>  [INFO] After send buffer to execute

# Called from : 
VEXECUTE:EXECFROMPRG(209)  
HBMLOAD(24)  
HBMBOOTSTRAP(10)  
HBMSTART(4)  
MAIN(23)  
###################

20210619 - 11:54:48 >>  [INFO] Start config TUI with : e"{   \n	\"maxrow\":39,\n	\"maxcol\":158,\n	\"colortheme\":\"GREEN\"\n}\n"

# Called from : 
CONFIGTUISINGLETON(23)  
HBM_BOOTSTRAP(20)  
VEXECUTE:EXECFROMBUFF(439)  
VEXECUTE:EXECFROMPRG(208)  
HBMLOAD(24)  
HBMBOOTSTRAP(10)  
HBMSTART(4)  
MAIN(23)  
###################

20210619 - 11:54:48 >>  [WARNING] Undefined operation in form TUI. ::cOper = 

# Called from : 
VGETCMD:SHOW(402)  
HBM_BOOTSTRAP(31)  
VEXECUTE:EXECFROMBUFF(439)  
VEXECUTE:EXECFROMPRG(208)  
HBMLOAD(24)  
HBMBOOTSTRAP(10)  
HBMSTART(4)  
MAIN(23)  
###################

20210619 - 11:54:48 >>  [WARNING] Undefined operation in form TUI. ::cOper = 

# Called from : 
VGETCMD:SHOW(402)  
HBM_BOOTSTRAP(31)  
VEXECUTE:EXECFROMBUFF(439)  
VEXECUTE:EXECFROMPRG(208)  
HBMLOAD(24)  
HBMBOOTSTRAP(10)  
HBMSTART(4)  
MAIN(23)  
###################

20210619 - 11:54:48 >>  [WARNING] Undefined operation in form TUI. ::cOper = 

# Called from : 
VGETCMD:SHOW(402)  
HBM_BOOTSTRAP(31)  
VEXECUTE:EXECFROMBUFF(439)  
VEXECUTE:EXECFROMPRG(208)  
HBMLOAD(24)  
HBMBOOTSTRAP(10)  
HBMSTART(4)  
MAIN(23)  
###################

20210619 - 11:54:48 >>  [WARNING] Undefined operation in form TUI. ::cOper = 

# Called from : 
VGETCMD:SHOW(402)  
HBM_BOOTSTRAP(31)  
VEXECUTE:EXECFROMBUFF(439)  
VEXECUTE:EXECFROMPRG(208)  
HBMLOAD(24)  
HBMBOOTSTRAP(10)  
HBMSTART(4)  
MAIN(23)  
###################

20210619 - 11:55:05 >>  [INFO] After execute with return : 13

# Called from : 
VEXECUTE:EXECFROMBUFF(440)  
VEXECUTE:EXECFROMPRG(208)  
HBMLOAD(24)  
HBMBOOTSTRAP(10)  
HBMSTART(4)  
MAIN(23)  
###################

20210619 - 11:55:05 >>  [INFO] After send buffer to execute

# Called from : 
VEXECUTE:EXECFROMPRG(209)  
HBMLOAD(24)  
HBMBOOTSTRAP(10)  
HBMSTART(4)  
MAIN(23)  
###################

20210619 - 11:55:06 >>  [INFO] Start config TUI with : e"{   \n	\"maxrow\":39,\n	\"maxcol\":158,\n	\"colortheme\":\"GREEN\"\n}\n"

# Called from : 
CONFIGTUISINGLETON(23)  
HBM_BOOTSTRAP(20)  
VEXECUTE:EXECFROMBUFF(439)  
VEXECUTE:EXECFROMPRG(208)  
HBMLOAD(24)  
HBMBOOTSTRAP(10)  
HBMSTART(4)  
MAIN(23)  
###################

20210619 - 11:55:06 >>  [WARNING] Undefined operation in form TUI. ::cOper = 

# Called from : 
VGETCMD:SHOW(402)  
HBM_BOOTSTRAP(31)  
VEXECUTE:EXECFROMBUFF(439)  
VEXECUTE:EXECFROMPRG(208)  
HBMLOAD(24)  
HBMBOOTSTRAP(10)  
HBMSTART(4)  
MAIN(23)  
###################

20210619 - 11:55:06 >>  [WARNING] Undefined operation in form TUI. ::cOper = 

# Called from : 
VGETCMD:SHOW(402)  
HBM_BOOTSTRAP(31)  
VEXECUTE:EXECFROMBUFF(439)  
VEXECUTE:EXECFROMPRG(208)  
HBMLOAD(24)  
HBMBOOTSTRAP(10)  
HBMSTART(4)  
MAIN(23)  
###################

20210619 - 11:55:06 >>  [WARNING] Undefined operation in form TUI. ::cOper = 

# Called from : 
VGETCMD:SHOW(402)  
HBM_BOOTSTRAP(31)  
VEXECUTE:EXECFROMBUFF(439)  
VEXECUTE:EXECFROMPRG(208)  
HBMLOAD(24)  
HBMBOOTSTRAP(10)  
HBMSTART(4)  
MAIN(23)  
###################

20210619 - 11:55:06 >>  [WARNING] Undefined operation in form TUI. ::cOper = 

# Called from : 
VGETCMD:SHOW(402)  
HBM_BOOTSTRAP(31)  
VEXECUTE:EXECFROMBUFF(439)  
VEXECUTE:EXECFROMPRG(208)  
HBMLOAD(24)  
HBMBOOTSTRAP(10)  
HBMSTART(4)  
MAIN(23)  
###################

20210619 - 11:55:38 >>  [INFO] After execute with return : 13

# Called from : 
VEXECUTE:EXECFROMBUFF(440)  
VEXECUTE:EXECFROMPRG(208)  
HBMLOAD(24)  
HBMBOOTSTRAP(10)  
HBMSTART(4)  
MAIN(23)  
###################

20210619 - 11:55:38 >>  [INFO] After send buffer to execute

# Called from : 
VEXECUTE:EXECFROMPRG(209)  
HBMLOAD(24)  
HBMBOOTSTRAP(10)  
HBMSTART(4)  
MAIN(23)  
###################

20210619 - 11:55:43 >>  [INFO] Start config TUI with : e"{   \n	\"maxrow\":39,\n	\"maxcol\":158,\n	\"colortheme\":\"GREEN\"\n}\n"

# Called from : 
CONFIGTUISINGLETON(23)  
HBM_BOOTSTRAP(20)  
VEXECUTE:EXECFROMBUFF(439)  
VEXECUTE:EXECFROMPRG(208)  
HBMLOAD(24)  
HBMBOOTSTRAP(10)  
HBMSTART(4)  
MAIN(23)  
###################

20210619 - 11:55:43 >>  [WARNING] Undefined operation in form TUI. ::cOper = 

# Called from : 
VGETCMD:SHOW(402)  
HBM_BOOTSTRAP(31)  
VEXECUTE:EXECFROMBUFF(439)  
VEXECUTE:EXECFROMPRG(208)  
HBMLOAD(24)  
HBMBOOTSTRAP(10)  
HBMSTART(4)  
MAIN(23)  
###################

20210619 - 11:55:43 >>  [WARNING] Undefined operation in form TUI. ::cOper = 

# Called from : 
VGETCMD:SHOW(402)  
HBM_BOOTSTRAP(31)  
VEXECUTE:EXECFROMBUFF(439)  
VEXECUTE:EXECFROMPRG(208)  
HBMLOAD(24)  
HBMBOOTSTRAP(10)  
HBMSTART(4)  
MAIN(23)  
###################

20210619 - 11:55:43 >>  [WARNING] Undefined operation in form TUI. ::cOper = 

# Called from : 
VGETCMD:SHOW(402)  
HBM_BOOTSTRAP(31)  
VEXECUTE:EXECFROMBUFF(439)  
VEXECUTE:EXECFROMPRG(208)  
HBMLOAD(24)  
HBMBOOTSTRAP(10)  
HBMSTART(4)  
MAIN(23)  
###################

20210619 - 11:55:43 >>  [WARNING] Undefined operation in form TUI. ::cOper = 

# Called from : 
VGETCMD:SHOW(402)  
HBM_BOOTSTRAP(31)  
VEXECUTE:EXECFROMBUFF(439)  
VEXECUTE:EXECFROMPRG(208)  
HBMLOAD(24)  
HBMBOOTSTRAP(10)  
HBMSTART(4)  
MAIN(23)  
###################

20210619 - 11:56:16 >>  [INFO] After execute with return : 13

# Called from : 
VEXECUTE:EXECFROMBUFF(440)  
VEXECUTE:EXECFROMPRG(208)  
HBMLOAD(24)  
HBMBOOTSTRAP(10)  
HBMSTART(4)  
MAIN(23)  
###################

20210619 - 11:56:16 >>  [INFO] After send buffer to execute

# Called from : 
VEXECUTE:EXECFROMPRG(209)  
HBMLOAD(24)  
HBMBOOTSTRAP(10)  
HBMSTART(4)  
MAIN(23)  
###################

20210619 - 11:56:17 >>  [INFO] Start config TUI with : e"{   \n	\"maxrow\":39,\n	\"maxcol\":158,\n	\"colortheme\":\"GREEN\"\n}\n"

# Called from : 
CONFIGTUISINGLETON(23)  
HBM_BOOTSTRAP(20)  
VEXECUTE:EXECFROMBUFF(439)  
VEXECUTE:EXECFROMPRG(208)  
HBMLOAD(24)  
HBMBOOTSTRAP(10)  
HBMSTART(4)  
MAIN(23)  
###################

20210619 - 11:56:17 >>  [WARNING] Undefined operation in form TUI. ::cOper = 

# Called from : 
VGETCMD:SHOW(402)  
HBM_BOOTSTRAP(31)  
VEXECUTE:EXECFROMBUFF(439)  
VEXECUTE:EXECFROMPRG(208)  
HBMLOAD(24)  
HBMBOOTSTRAP(10)  
HBMSTART(4)  
MAIN(23)  
###################

20210619 - 11:56:17 >>  [WARNING] Undefined operation in form TUI. ::cOper = 

# Called from : 
VGETCMD:SHOW(402)  
HBM_BOOTSTRAP(31)  
VEXECUTE:EXECFROMBUFF(439)  
VEXECUTE:EXECFROMPRG(208)  
HBMLOAD(24)  
HBMBOOTSTRAP(10)  
HBMSTART(4)  
MAIN(23)  
###################

20210619 - 11:56:17 >>  [WARNING] Undefined operation in form TUI. ::cOper = 

# Called from : 
VGETCMD:SHOW(402)  
HBM_BOOTSTRAP(31)  
VEXECUTE:EXECFROMBUFF(439)  
VEXECUTE:EXECFROMPRG(208)  
HBMLOAD(24)  
HBMBOOTSTRAP(10)  
HBMSTART(4)  
MAIN(23)  
###################

20210619 - 11:56:17 >>  [WARNING] Undefined operation in form TUI. ::cOper = 

# Called from : 
VGETCMD:SHOW(402)  
HBM_BOOTSTRAP(31)  
VEXECUTE:EXECFROMBUFF(439)  
VEXECUTE:EXECFROMPRG(208)  
HBMLOAD(24)  
HBMBOOTSTRAP(10)  
HBMSTART(4)  
MAIN(23)  
###################

20210619 - 11:56:26 >>  [INFO] After execute with return : 32

# Called from : 
VEXECUTE:EXECFROMBUFF(440)  
VEXECUTE:EXECFROMPRG(208)  
HBMLOAD(24)  
HBMBOOTSTRAP(10)  
HBMSTART(4)  
MAIN(23)  
###################

20210619 - 11:56:26 >>  [INFO] After send buffer to execute

# Called from : 
VEXECUTE:EXECFROMPRG(209)  
HBMLOAD(24)  
HBMBOOTSTRAP(10)  
HBMSTART(4)  
MAIN(23)  
###################

20210619 - 11:56:37 >>  [INFO] Start config TUI with : e"{   \n	\"maxrow\":39,\n	\"maxcol\":158,\n	\"colortheme\":\"GREEN\"\n}\n"

# Called from : 
CONFIGTUISINGLETON(23)  
HBM_BOOTSTRAP(20)  
VEXECUTE:EXECFROMBUFF(439)  
VEXECUTE:EXECFROMPRG(208)  
HBMLOAD(24)  
HBMBOOTSTRAP(10)  
HBMSTART(4)  
MAIN(23)  
###################

20210619 - 11:56:37 >>  [WARNING] Undefined operation in form TUI. ::cOper = 

# Called from : 
VGETCMD:SHOW(402)  
HBM_BOOTSTRAP(31)  
VEXECUTE:EXECFROMBUFF(439)  
VEXECUTE:EXECFROMPRG(208)  
HBMLOAD(24)  
HBMBOOTSTRAP(10)  
HBMSTART(4)  
MAIN(23)  
###################

20210619 - 11:56:37 >>  [WARNING] Undefined operation in form TUI. ::cOper = 

# Called from : 
VGETCMD:SHOW(402)  
HBM_BOOTSTRAP(31)  
VEXECUTE:EXECFROMBUFF(439)  
VEXECUTE:EXECFROMPRG(208)  
HBMLOAD(24)  
HBMBOOTSTRAP(10)  
HBMSTART(4)  
MAIN(23)  
###################

20210619 - 11:56:37 >>  [WARNING] Undefined operation in form TUI. ::cOper = 

# Called from : 
VGETCMD:SHOW(402)  
HBM_BOOTSTRAP(31)  
VEXECUTE:EXECFROMBUFF(439)  
VEXECUTE:EXECFROMPRG(208)  
HBMLOAD(24)  
HBMBOOTSTRAP(10)  
HBMSTART(4)  
MAIN(23)  
###################

20210619 - 11:56:37 >>  [WARNING] Undefined operation in form TUI. ::cOper = 

# Called from : 
VGETCMD:SHOW(402)  
HBM_BOOTSTRAP(31)  
VEXECUTE:EXECFROMBUFF(439)  
VEXECUTE:EXECFROMPRG(208)  
HBMLOAD(24)  
HBMBOOTSTRAP(10)  
HBMSTART(4)  
MAIN(23)  
###################

20210619 - 11:56:51 >>  [INFO] After execute with return : 13

# Called from : 
VEXECUTE:EXECFROMBUFF(440)  
VEXECUTE:EXECFROMPRG(208)  
HBMLOAD(24)  
HBMBOOTSTRAP(10)  
HBMSTART(4)  
MAIN(23)  
###################

20210619 - 11:56:51 >>  [INFO] After send buffer to execute

# Called from : 
VEXECUTE:EXECFROMPRG(209)  
HBMLOAD(24)  
HBMBOOTSTRAP(10)  
HBMSTART(4)  
MAIN(23)  
###################

20210619 - 11:58:17 >>  [INFO] Start config TUI with : e"{   \n	\"maxrow\":39,\n	\"maxcol\":158,\n	\"colortheme\":\"GREEN\"\n}\n"

# Called from : 
CONFIGTUISINGLETON(23)  
HBM_BOOTSTRAP(21)  
VEXECUTE:EXECFROMBUFF(439)  
VEXECUTE:EXECFROMPRG(208)  
HBMLOAD(24)  
HBMBOOTSTRAP(10)  
HBMSTART(4)  
MAIN(23)  
###################

20210619 - 11:58:17 >>  [WARNING] Undefined operation in form TUI. ::cOper = 

# Called from : 
VGETCMD:SHOW(402)  
HBM_BOOTSTRAP(32)  
VEXECUTE:EXECFROMBUFF(439)  
VEXECUTE:EXECFROMPRG(208)  
HBMLOAD(24)  
HBMBOOTSTRAP(10)  
HBMSTART(4)  
MAIN(23)  
###################

20210619 - 11:58:17 >>  [WARNING] Undefined operation in form TUI. ::cOper = 

# Called from : 
VGETCMD:SHOW(402)  
HBM_BOOTSTRAP(32)  
VEXECUTE:EXECFROMBUFF(439)  
VEXECUTE:EXECFROMPRG(208)  
HBMLOAD(24)  
HBMBOOTSTRAP(10)  
HBMSTART(4)  
MAIN(23)  
###################

20210619 - 11:58:17 >>  [WARNING] Undefined operation in form TUI. ::cOper = 

# Called from : 
VGETCMD:SHOW(402)  
HBM_BOOTSTRAP(32)  
VEXECUTE:EXECFROMBUFF(439)  
VEXECUTE:EXECFROMPRG(208)  
HBMLOAD(24)  
HBMBOOTSTRAP(10)  
HBMSTART(4)  
MAIN(23)  
###################

20210619 - 11:58:17 >>  [WARNING] Undefined operation in form TUI. ::cOper = 

# Called from : 
VGETCMD:SHOW(402)  
HBM_BOOTSTRAP(32)  
VEXECUTE:EXECFROMBUFF(439)  
VEXECUTE:EXECFROMPRG(208)  
HBMLOAD(24)  
HBMBOOTSTRAP(10)  
HBMSTART(4)  
MAIN(23)  
###################

20210619 - 11:58:37 >>  [INFO] After execute with return : 5

# Called from : 
VEXECUTE:EXECFROMBUFF(440)  
VEXECUTE:EXECFROMPRG(208)  
HBMLOAD(24)  
HBMBOOTSTRAP(10)  
HBMSTART(4)  
MAIN(23)  
###################

20210619 - 11:58:37 >>  [INFO] After send buffer to execute

# Called from : 
VEXECUTE:EXECFROMPRG(209)  
HBMLOAD(24)  
HBMBOOTSTRAP(10)  
HBMSTART(4)  
MAIN(23)  
###################

20210619 - 11:58:39 >>  [INFO] Start config TUI with : e"{   \n	\"maxrow\":39,\n	\"maxcol\":158,\n	\"colortheme\":\"GREEN\"\n}\n"

# Called from : 
CONFIGTUISINGLETON(23)  
HBM_BOOTSTRAP(21)  
VEXECUTE:EXECFROMBUFF(439)  
VEXECUTE:EXECFROMPRG(208)  
HBMLOAD(24)  
HBMBOOTSTRAP(10)  
HBMSTART(4)  
MAIN(23)  
###################

20210619 - 11:58:39 >>  [WARNING] Undefined operation in form TUI. ::cOper = 

# Called from : 
VGETCMD:SHOW(402)  
HBM_BOOTSTRAP(32)  
VEXECUTE:EXECFROMBUFF(439)  
VEXECUTE:EXECFROMPRG(208)  
HBMLOAD(24)  
HBMBOOTSTRAP(10)  
HBMSTART(4)  
MAIN(23)  
###################

20210619 - 11:58:39 >>  [WARNING] Undefined operation in form TUI. ::cOper = 

# Called from : 
VGETCMD:SHOW(402)  
HBM_BOOTSTRAP(32)  
VEXECUTE:EXECFROMBUFF(439)  
VEXECUTE:EXECFROMPRG(208)  
HBMLOAD(24)  
HBMBOOTSTRAP(10)  
HBMSTART(4)  
MAIN(23)  
###################

20210619 - 11:58:39 >>  [WARNING] Undefined operation in form TUI. ::cOper = 

# Called from : 
VGETCMD:SHOW(402)  
HBM_BOOTSTRAP(32)  
VEXECUTE:EXECFROMBUFF(439)  
VEXECUTE:EXECFROMPRG(208)  
HBMLOAD(24)  
HBMBOOTSTRAP(10)  
HBMSTART(4)  
MAIN(23)  
###################

20210619 - 11:58:39 >>  [WARNING] Undefined operation in form TUI. ::cOper = 

# Called from : 
VGETCMD:SHOW(402)  
HBM_BOOTSTRAP(32)  
VEXECUTE:EXECFROMBUFF(439)  
VEXECUTE:EXECFROMPRG(208)  
HBMLOAD(24)  
HBMBOOTSTRAP(10)  
HBMSTART(4)  
MAIN(23)  
###################

20210619 - 11:58:49 >>  [INFO] After execute with return : 13

# Called from : 
VEXECUTE:EXECFROMBUFF(440)  
VEXECUTE:EXECFROMPRG(208)  
HBMLOAD(24)  
HBMBOOTSTRAP(10)  
HBMSTART(4)  
MAIN(23)  
###################

20210619 - 11:58:49 >>  [INFO] After send buffer to execute

# Called from : 
VEXECUTE:EXECFROMPRG(209)  
HBMLOAD(24)  
HBMBOOTSTRAP(10)  
HBMSTART(4)  
MAIN(23)  
###################

20210619 - 11:59:05 >>  [INFO] Start config TUI with : e"{   \n	\"maxrow\":39,\n	\"maxcol\":158,\n	\"colortheme\":\"GREEN\"\n}\n"

# Called from : 
CONFIGTUISINGLETON(23)  
HBM_BOOTSTRAP(21)  
VEXECUTE:EXECFROMBUFF(439)  
VEXECUTE:EXECFROMPRG(208)  
HBMLOAD(24)  
HBMBOOTSTRAP(10)  
HBMSTART(4)  
MAIN(23)  
###################

20210619 - 11:59:05 >>  [WARNING] Undefined operation in form TUI. ::cOper = 

# Called from : 
VGETCMD:SHOW(402)  
HBM_BOOTSTRAP(32)  
VEXECUTE:EXECFROMBUFF(439)  
VEXECUTE:EXECFROMPRG(208)  
HBMLOAD(24)  
HBMBOOTSTRAP(10)  
HBMSTART(4)  
MAIN(23)  
###################

20210619 - 11:59:05 >>  [WARNING] Undefined operation in form TUI. ::cOper = 

# Called from : 
VGETCMD:SHOW(402)  
HBM_BOOTSTRAP(32)  
VEXECUTE:EXECFROMBUFF(439)  
VEXECUTE:EXECFROMPRG(208)  
HBMLOAD(24)  
HBMBOOTSTRAP(10)  
HBMSTART(4)  
MAIN(23)  
###################

20210619 - 11:59:05 >>  [WARNING] Undefined operation in form TUI. ::cOper = 

# Called from : 
VGETCMD:SHOW(402)  
HBM_BOOTSTRAP(32)  
VEXECUTE:EXECFROMBUFF(439)  
VEXECUTE:EXECFROMPRG(208)  
HBMLOAD(24)  
HBMBOOTSTRAP(10)  
HBMSTART(4)  
MAIN(23)  
###################

20210619 - 11:59:05 >>  [WARNING] Undefined operation in form TUI. ::cOper = 

# Called from : 
VGETCMD:SHOW(402)  
HBM_BOOTSTRAP(32)  
VEXECUTE:EXECFROMBUFF(439)  
VEXECUTE:EXECFROMPRG(208)  
HBMLOAD(24)  
HBMBOOTSTRAP(10)  
HBMSTART(4)  
MAIN(23)  
###################

20210619 - 11:59:52 >>  [INFO] After execute with return : 27

# Called from : 
VEXECUTE:EXECFROMBUFF(440)  
VEXECUTE:EXECFROMPRG(208)  
HBMLOAD(24)  
HBMBOOTSTRAP(10)  
HBMSTART(4)  
MAIN(23)  
###################

20210619 - 11:59:52 >>  [INFO] After send buffer to execute

# Called from : 
VEXECUTE:EXECFROMPRG(209)  
HBMLOAD(24)  
HBMBOOTSTRAP(10)  
HBMSTART(4)  
MAIN(23)  
###################

20210619 - 12:07:09 >>  [ERROR] (CODE:20200625113952) Compilation errors when compilation code\bootstrap.prg

# Called from : 
VCOMPILE:COMPILE(180)  
VEXECUTE:EXECFROMPRG(205)  
HBMLOAD(24)  
HBMBOOTSTRAP(10)  
HBMSTART(4)  
MAIN(23)  
###################

20210619 - 12:07:09 >>  [ERROR] (CODE:20200717110513) Probable compile error / GetResultCompiler return .f. after compile file code\bootstrap.prg

# Called from : 
VEXECUTE:EXECFROMPRG(213)  
HBMLOAD(24)  
HBMBOOTSTRAP(10)  
HBMSTART(4)  
MAIN(23)  
###################

20210619 - 12:07:28 >>  [INFO] Start config TUI with : e"{   \n	\"maxrow\":39,\n	\"maxcol\":158,\n	\"colortheme\":\"GREEN\"\n}\n"

# Called from : 
CONFIGTUISINGLETON(23)  
HBM_BOOTSTRAP(24)  
VEXECUTE:EXECFROMBUFF(439)  
VEXECUTE:EXECFROMPRG(208)  
HBMLOAD(24)  
HBMBOOTSTRAP(10)  
HBMSTART(4)  
MAIN(23)  
###################

20210619 - 12:07:28 >>  [WARNING] Undefined operation in form TUI. ::cOper = 

# Called from : 
VGETCMD:SHOW(402)  
HBM_BOOTSTRAP(36)  
VEXECUTE:EXECFROMBUFF(439)  
VEXECUTE:EXECFROMPRG(208)  
HBMLOAD(24)  
HBMBOOTSTRAP(10)  
HBMSTART(4)  
MAIN(23)  
###################

20210619 - 12:07:28 >>  [WARNING] Undefined operation in form TUI. ::cOper = 

# Called from : 
VGETCMD:SHOW(402)  
HBM_BOOTSTRAP(36)  
VEXECUTE:EXECFROMBUFF(439)  
VEXECUTE:EXECFROMPRG(208)  
HBMLOAD(24)  
HBMBOOTSTRAP(10)  
HBMSTART(4)  
MAIN(23)  
###################

20210619 - 12:07:28 >>  [WARNING] Undefined operation in form TUI. ::cOper = 

# Called from : 
VGETCMD:SHOW(402)  
HBM_BOOTSTRAP(36)  
VEXECUTE:EXECFROMBUFF(439)  
VEXECUTE:EXECFROMPRG(208)  
HBMLOAD(24)  
HBMBOOTSTRAP(10)  
HBMSTART(4)  
MAIN(23)  
###################

20210619 - 12:07:28 >>  [WARNING] Undefined operation in form TUI. ::cOper = 

# Called from : 
VGETCMD:SHOW(402)  
HBM_BOOTSTRAP(36)  
VEXECUTE:EXECFROMBUFF(439)  
VEXECUTE:EXECFROMPRG(208)  
HBMLOAD(24)  
HBMBOOTSTRAP(10)  
HBMSTART(4)  
MAIN(23)  
###################

20210619 - 12:07:39 >>  [INFO] After execute with return : 13

# Called from : 
VEXECUTE:EXECFROMBUFF(440)  
VEXECUTE:EXECFROMPRG(208)  
HBMLOAD(24)  
HBMBOOTSTRAP(10)  
HBMSTART(4)  
MAIN(23)  
###################

20210619 - 12:07:39 >>  [INFO] After send buffer to execute

# Called from : 
VEXECUTE:EXECFROMPRG(209)  
HBMLOAD(24)  
HBMBOOTSTRAP(10)  
HBMSTART(4)  
MAIN(23)  
###################

20210619 - 12:08:40 >>  [INFO] Start config TUI with : e"{   \n	\"maxrow\":39,\n	\"maxcol\":158,\n	\"colortheme\":\"GREEN\"\n}\n"

# Called from : 
CONFIGTUISINGLETON(23)  
HBM_BOOTSTRAP(24)  
VEXECUTE:EXECFROMBUFF(439)  
VEXECUTE:EXECFROMPRG(208)  
HBMLOAD(24)  
HBMBOOTSTRAP(10)  
HBMSTART(4)  
MAIN(23)  
###################

20210619 - 12:08:40 >>  [WARNING] Undefined operation in form TUI. ::cOper = 

# Called from : 
VGETCMD:SHOW(402)  
HBM_BOOTSTRAP(36)  
VEXECUTE:EXECFROMBUFF(439)  
VEXECUTE:EXECFROMPRG(208)  
HBMLOAD(24)  
HBMBOOTSTRAP(10)  
HBMSTART(4)  
MAIN(23)  
###################

20210619 - 12:08:40 >>  [WARNING] Undefined operation in form TUI. ::cOper = 

# Called from : 
VGETCMD:SHOW(402)  
HBM_BOOTSTRAP(36)  
VEXECUTE:EXECFROMBUFF(439)  
VEXECUTE:EXECFROMPRG(208)  
HBMLOAD(24)  
HBMBOOTSTRAP(10)  
HBMSTART(4)  
MAIN(23)  
###################

20210619 - 12:08:40 >>  [WARNING] Undefined operation in form TUI. ::cOper = 

# Called from : 
VGETCMD:SHOW(402)  
HBM_BOOTSTRAP(36)  
VEXECUTE:EXECFROMBUFF(439)  
VEXECUTE:EXECFROMPRG(208)  
HBMLOAD(24)  
HBMBOOTSTRAP(10)  
HBMSTART(4)  
MAIN(23)  
###################

20210619 - 12:08:40 >>  [WARNING] Undefined operation in form TUI. ::cOper = 

# Called from : 
VGETCMD:SHOW(402)  
HBM_BOOTSTRAP(36)  
VEXECUTE:EXECFROMBUFF(439)  
VEXECUTE:EXECFROMPRG(208)  
HBMLOAD(24)  
HBMBOOTSTRAP(10)  
HBMSTART(4)  
MAIN(23)  
###################

20210619 - 12:08:44 >>  [INFO] After execute with return : 13

# Called from : 
VEXECUTE:EXECFROMBUFF(440)  
VEXECUTE:EXECFROMPRG(208)  
HBMLOAD(24)  
HBMBOOTSTRAP(10)  
HBMSTART(4)  
MAIN(23)  
###################

20210619 - 12:08:44 >>  [INFO] After send buffer to execute

# Called from : 
VEXECUTE:EXECFROMPRG(209)  
HBMLOAD(24)  
HBMBOOTSTRAP(10)  
HBMSTART(4)  
MAIN(23)  
###################

20210619 - 12:09:57 >>  [INFO] Start config TUI with : e"{   \n	\"maxrow\":39,\n	\"maxcol\":158,\n	\"colortheme\":\"GREEN\"\n}\n"

# Called from : 
CONFIGTUISINGLETON(23)  
HBM_BOOTSTRAP(25)  
VEXECUTE:EXECFROMBUFF(439)  
VEXECUTE:EXECFROMPRG(208)  
HBMLOAD(24)  
HBMBOOTSTRAP(10)  
HBMSTART(4)  
MAIN(23)  
###################

20210619 - 12:09:57 >>  [WARNING] Undefined operation in form TUI. ::cOper = 

# Called from : 
VGETCMD:SHOW(402)  
HBM_BOOTSTRAP(37)  
VEXECUTE:EXECFROMBUFF(439)  
VEXECUTE:EXECFROMPRG(208)  
HBMLOAD(24)  
HBMBOOTSTRAP(10)  
HBMSTART(4)  
MAIN(23)  
###################

20210619 - 12:09:57 >>  [WARNING] Undefined operation in form TUI. ::cOper = 

# Called from : 
VGETCMD:SHOW(402)  
HBM_BOOTSTRAP(37)  
VEXECUTE:EXECFROMBUFF(439)  
VEXECUTE:EXECFROMPRG(208)  
HBMLOAD(24)  
HBMBOOTSTRAP(10)  
HBMSTART(4)  
MAIN(23)  
###################

20210619 - 12:09:57 >>  [WARNING] Undefined operation in form TUI. ::cOper = 

# Called from : 
VGETCMD:SHOW(402)  
HBM_BOOTSTRAP(37)  
VEXECUTE:EXECFROMBUFF(439)  
VEXECUTE:EXECFROMPRG(208)  
HBMLOAD(24)  
HBMBOOTSTRAP(10)  
HBMSTART(4)  
MAIN(23)  
###################

20210619 - 12:09:57 >>  [WARNING] Undefined operation in form TUI. ::cOper = 

# Called from : 
VGETCMD:SHOW(402)  
HBM_BOOTSTRAP(37)  
VEXECUTE:EXECFROMBUFF(439)  
VEXECUTE:EXECFROMPRG(208)  
HBMLOAD(24)  
HBMBOOTSTRAP(10)  
HBMSTART(4)  
MAIN(23)  
###################

20210619 - 12:10:01 >>  [INFO] After execute with return : 13

# Called from : 
VEXECUTE:EXECFROMBUFF(440)  
VEXECUTE:EXECFROMPRG(208)  
HBMLOAD(24)  
HBMBOOTSTRAP(10)  
HBMSTART(4)  
MAIN(23)  
###################

20210619 - 12:10:01 >>  [INFO] After send buffer to execute

# Called from : 
VEXECUTE:EXECFROMPRG(209)  
HBMLOAD(24)  
HBMBOOTSTRAP(10)  
HBMSTART(4)  
MAIN(23)  
###################

20210619 - 12:13:23 >>  [INFO] Start config TUI with : e"{   \n	\"maxrow\":39,\n	\"maxcol\":158,\n	\"colortheme\":\"GREEN\"\n}\n"

# Called from : 
CONFIGTUISINGLETON(23)  
HBM_BOOTSTRAP(26)  
VEXECUTE:EXECFROMBUFF(439)  
VEXECUTE:EXECFROMPRG(208)  
HBMLOAD(24)  
HBMBOOTSTRAP(10)  
HBMSTART(4)  
MAIN(23)  
###################

20210619 - 12:13:23 >>  [WARNING] Undefined operation in form TUI. ::cOper = 

# Called from : 
VGETCMD:SHOW(402)  
HBM_BOOTSTRAP(38)  
VEXECUTE:EXECFROMBUFF(439)  
VEXECUTE:EXECFROMPRG(208)  
HBMLOAD(24)  
HBMBOOTSTRAP(10)  
HBMSTART(4)  
MAIN(23)  
###################

20210619 - 12:13:23 >>  [WARNING] Undefined operation in form TUI. ::cOper = 

# Called from : 
VGETCMD:SHOW(402)  
HBM_BOOTSTRAP(38)  
VEXECUTE:EXECFROMBUFF(439)  
VEXECUTE:EXECFROMPRG(208)  
HBMLOAD(24)  
HBMBOOTSTRAP(10)  
HBMSTART(4)  
MAIN(23)  
###################

20210619 - 12:13:23 >>  [WARNING] Undefined operation in form TUI. ::cOper = 

# Called from : 
VGETCMD:SHOW(402)  
HBM_BOOTSTRAP(38)  
VEXECUTE:EXECFROMBUFF(439)  
VEXECUTE:EXECFROMPRG(208)  
HBMLOAD(24)  
HBMBOOTSTRAP(10)  
HBMSTART(4)  
MAIN(23)  
###################

20210619 - 12:13:23 >>  [WARNING] Undefined operation in form TUI. ::cOper = 

# Called from : 
VGETCMD:SHOW(402)  
HBM_BOOTSTRAP(38)  
VEXECUTE:EXECFROMBUFF(439)  
VEXECUTE:EXECFROMPRG(208)  
HBMLOAD(24)  
HBMBOOTSTRAP(10)  
HBMSTART(4)  
MAIN(23)  
###################

20210619 - 12:13:29 >>  [INFO] After execute with return : 13

# Called from : 
VEXECUTE:EXECFROMBUFF(440)  
VEXECUTE:EXECFROMPRG(208)  
HBMLOAD(24)  
HBMBOOTSTRAP(10)  
HBMSTART(4)  
MAIN(23)  
###################

20210619 - 12:13:29 >>  [INFO] After send buffer to execute

# Called from : 
VEXECUTE:EXECFROMPRG(209)  
HBMLOAD(24)  
HBMBOOTSTRAP(10)  
HBMSTART(4)  
MAIN(23)  
###################

20210619 - 12:15:08 >>  [INFO] Start config TUI with : e"{   \n	\"maxrow\":39,\n	\"maxcol\":158,\n	\"colortheme\":\"GREEN\"\n}\n"

# Called from : 
CONFIGTUISINGLETON(23)  
HBM_BOOTSTRAP(26)  
VEXECUTE:EXECFROMBUFF(439)  
VEXECUTE:EXECFROMPRG(208)  
HBMLOAD(24)  
HBMBOOTSTRAP(10)  
HBMSTART(4)  
MAIN(23)  
###################

20210619 - 12:15:08 >>  [WARNING] Undefined operation in form TUI. ::cOper = 

# Called from : 
VGETCMD:SHOW(402)  
HBM_BOOTSTRAP(38)  
VEXECUTE:EXECFROMBUFF(439)  
VEXECUTE:EXECFROMPRG(208)  
HBMLOAD(24)  
HBMBOOTSTRAP(10)  
HBMSTART(4)  
MAIN(23)  
###################

20210619 - 12:15:08 >>  [WARNING] Undefined operation in form TUI. ::cOper = 

# Called from : 
VGETCMD:SHOW(402)  
HBM_BOOTSTRAP(38)  
VEXECUTE:EXECFROMBUFF(439)  
VEXECUTE:EXECFROMPRG(208)  
HBMLOAD(24)  
HBMBOOTSTRAP(10)  
HBMSTART(4)  
MAIN(23)  
###################

20210619 - 12:15:08 >>  [WARNING] Undefined operation in form TUI. ::cOper = 

# Called from : 
VGETCMD:SHOW(402)  
HBM_BOOTSTRAP(38)  
VEXECUTE:EXECFROMBUFF(439)  
VEXECUTE:EXECFROMPRG(208)  
HBMLOAD(24)  
HBMBOOTSTRAP(10)  
HBMSTART(4)  
MAIN(23)  
###################

20210619 - 12:15:08 >>  [WARNING] Undefined operation in form TUI. ::cOper = 

# Called from : 
VGETCMD:SHOW(402)  
HBM_BOOTSTRAP(38)  
VEXECUTE:EXECFROMBUFF(439)  
VEXECUTE:EXECFROMPRG(208)  
HBMLOAD(24)  
HBMBOOTSTRAP(10)  
HBMSTART(4)  
MAIN(23)  
###################

20210619 - 12:15:24 >>  [INFO] After execute with return : 27

# Called from : 
VEXECUTE:EXECFROMBUFF(440)  
VEXECUTE:EXECFROMPRG(208)  
HBMLOAD(24)  
HBMBOOTSTRAP(10)  
HBMSTART(4)  
MAIN(23)  
###################

20210619 - 12:15:24 >>  [INFO] After send buffer to execute

# Called from : 
VEXECUTE:EXECFROMPRG(209)  
HBMLOAD(24)  
HBMBOOTSTRAP(10)  
HBMSTART(4)  
MAIN(23)  
###################

20210619 - 12:18:56 >>  [ERROR] (CODE:20200625113952) Compilation errors when compilation code\bootstrap.prg

# Called from : 
VCOMPILE:COMPILE(180)  
VEXECUTE:EXECFROMPRG(205)  
HBMLOAD(24)  
HBMBOOTSTRAP(10)  
HBMSTART(4)  
MAIN(23)  
###################

20210619 - 12:18:56 >>  [ERROR] (CODE:20200717110513) Probable compile error / GetResultCompiler return .f. after compile file code\bootstrap.prg

# Called from : 
VEXECUTE:EXECFROMPRG(213)  
HBMLOAD(24)  
HBMBOOTSTRAP(10)  
HBMSTART(4)  
MAIN(23)  
###################

20210619 - 12:19:41 >>  [ERROR] (CODE:20200625113952) Compilation errors when compilation code\bootstrap.prg

# Called from : 
VCOMPILE:COMPILE(180)  
VEXECUTE:EXECFROMPRG(205)  
HBMLOAD(24)  
HBMBOOTSTRAP(10)  
HBMSTART(4)  
MAIN(23)  
###################

20210619 - 12:19:41 >>  [ERROR] (CODE:20200717110513) Probable compile error / GetResultCompiler return .f. after compile file code\bootstrap.prg

# Called from : 
VEXECUTE:EXECFROMPRG(213)  
HBMLOAD(24)  
HBMBOOTSTRAP(10)  
HBMSTART(4)  
MAIN(23)  
###################

20210619 - 12:20:02 >>  [INFO] Start config TUI with : e"{   \n	\"maxrow\":39,\n	\"maxcol\":158,\n	\"colortheme\":\"GREEN\"\n}\n"

# Called from : 
CONFIGTUISINGLETON(23)  
HBM_BOOTSTRAP(27)  
VEXECUTE:EXECFROMBUFF(439)  
VEXECUTE:EXECFROMPRG(208)  
HBMLOAD(24)  
HBMBOOTSTRAP(10)  
HBMSTART(4)  
MAIN(23)  
###################

20210619 - 12:20:02 >>  [WARNING] Undefined operation in form TUI. ::cOper = 

# Called from : 
VGETCMD:SHOW(402)  
HBM_BOOTSTRAP(40)  
VEXECUTE:EXECFROMBUFF(439)  
VEXECUTE:EXECFROMPRG(208)  
HBMLOAD(24)  
HBMBOOTSTRAP(10)  
HBMSTART(4)  
MAIN(23)  
###################

20210619 - 12:20:02 >>  [WARNING] Undefined operation in form TUI. ::cOper = 

# Called from : 
VGETCMD:SHOW(402)  
HBM_BOOTSTRAP(40)  
VEXECUTE:EXECFROMBUFF(439)  
VEXECUTE:EXECFROMPRG(208)  
HBMLOAD(24)  
HBMBOOTSTRAP(10)  
HBMSTART(4)  
MAIN(23)  
###################

20210619 - 12:20:02 >>  [WARNING] Undefined operation in form TUI. ::cOper = 

# Called from : 
VGETCMD:SHOW(402)  
HBM_BOOTSTRAP(40)  
VEXECUTE:EXECFROMBUFF(439)  
VEXECUTE:EXECFROMPRG(208)  
HBMLOAD(24)  
HBMBOOTSTRAP(10)  
HBMSTART(4)  
MAIN(23)  
###################

20210619 - 12:20:02 >>  [WARNING] Undefined operation in form TUI. ::cOper = 

# Called from : 
VGETCMD:SHOW(402)  
HBM_BOOTSTRAP(40)  
VEXECUTE:EXECFROMBUFF(439)  
VEXECUTE:EXECFROMPRG(208)  
HBMLOAD(24)  
HBMBOOTSTRAP(10)  
HBMSTART(4)  
MAIN(23)  
###################

20210619 - 12:20:06 >>  [INFO] After execute with return : 13

# Called from : 
VEXECUTE:EXECFROMBUFF(440)  
VEXECUTE:EXECFROMPRG(208)  
HBMLOAD(24)  
HBMBOOTSTRAP(10)  
HBMSTART(4)  
MAIN(23)  
###################

20210619 - 12:20:06 >>  [INFO] After send buffer to execute

# Called from : 
VEXECUTE:EXECFROMPRG(209)  
HBMLOAD(24)  
HBMBOOTSTRAP(10)  
HBMSTART(4)  
MAIN(23)  
###################

20210619 - 12:21:20 >>  [ERROR] (CODE:20200625113952) Compilation errors when compilation code\bootstrap.prg

# Called from : 
VCOMPILE:COMPILE(180)  
VEXECUTE:EXECFROMPRG(205)  
HBMLOAD(24)  
HBMBOOTSTRAP(10)  
HBMSTART(4)  
MAIN(23)  
###################

20210619 - 12:21:20 >>  [ERROR] (CODE:20200717110513) Probable compile error / GetResultCompiler return .f. after compile file code\bootstrap.prg

# Called from : 
VEXECUTE:EXECFROMPRG(213)  
HBMLOAD(24)  
HBMBOOTSTRAP(10)  
HBMSTART(4)  
MAIN(23)  
###################

20210619 - 12:22:41 >>  [ERROR] (CODE:20200625113952) Compilation errors when compilation code\bootstrap.prg

# Called from : 
VCOMPILE:COMPILE(180)  
VEXECUTE:EXECFROMPRG(205)  
HBMLOAD(24)  
HBMBOOTSTRAP(10)  
HBMSTART(4)  
MAIN(23)  
###################

20210619 - 12:22:41 >>  [ERROR] (CODE:20200717110513) Probable compile error / GetResultCompiler return .f. after compile file code\bootstrap.prg

# Called from : 
VEXECUTE:EXECFROMPRG(213)  
HBMLOAD(24)  
HBMBOOTSTRAP(10)  
HBMSTART(4)  
MAIN(23)  
###################

20210619 - 12:23:17 >>  [INFO] Start config TUI with : e"{   \n	\"maxrow\":39,\n	\"maxcol\":158,\n	\"colortheme\":\"GREEN\"\n}\n"

# Called from : 
CONFIGTUISINGLETON(23)  
HBM_BOOTSTRAP(28)  
VEXECUTE:EXECFROMBUFF(439)  
VEXECUTE:EXECFROMPRG(208)  
HBMLOAD(24)  
HBMBOOTSTRAP(10)  
HBMSTART(4)  
MAIN(23)  
###################

20210619 - 12:23:17 >>  [WARNING] Undefined operation in form TUI. ::cOper = 

# Called from : 
VGETCMD:SHOW(402)  
HBM_BOOTSTRAP(41)  
VEXECUTE:EXECFROMBUFF(439)  
VEXECUTE:EXECFROMPRG(208)  
HBMLOAD(24)  
HBMBOOTSTRAP(10)  
HBMSTART(4)  
MAIN(23)  
###################

20210619 - 12:23:17 >>  [WARNING] Undefined operation in form TUI. ::cOper = 

# Called from : 
VGETCMD:SHOW(402)  
HBM_BOOTSTRAP(41)  
VEXECUTE:EXECFROMBUFF(439)  
VEXECUTE:EXECFROMPRG(208)  
HBMLOAD(24)  
HBMBOOTSTRAP(10)  
HBMSTART(4)  
MAIN(23)  
###################

20210619 - 12:23:17 >>  [WARNING] Undefined operation in form TUI. ::cOper = 

# Called from : 
VGETCMD:SHOW(402)  
HBM_BOOTSTRAP(41)  
VEXECUTE:EXECFROMBUFF(439)  
VEXECUTE:EXECFROMPRG(208)  
HBMLOAD(24)  
HBMBOOTSTRAP(10)  
HBMSTART(4)  
MAIN(23)  
###################

20210619 - 12:23:17 >>  [WARNING] Undefined operation in form TUI. ::cOper = 

# Called from : 
VGETCMD:SHOW(402)  
HBM_BOOTSTRAP(41)  
VEXECUTE:EXECFROMBUFF(439)  
VEXECUTE:EXECFROMPRG(208)  
HBMLOAD(24)  
HBMBOOTSTRAP(10)  
HBMSTART(4)  
MAIN(23)  
###################

20210619 - 12:23:21 >>  [INFO] After execute with return : 32

# Called from : 
VEXECUTE:EXECFROMBUFF(440)  
VEXECUTE:EXECFROMPRG(208)  
HBMLOAD(24)  
HBMBOOTSTRAP(10)  
HBMSTART(4)  
MAIN(23)  
###################

20210619 - 12:23:21 >>  [INFO] After send buffer to execute

# Called from : 
VEXECUTE:EXECFROMPRG(209)  
HBMLOAD(24)  
HBMBOOTSTRAP(10)  
HBMSTART(4)  
MAIN(23)  
###################

20210619 - 12:24:24 >>  [INFO] Start config TUI with : e"{   \n	\"maxrow\":39,\n	\"maxcol\":158,\n	\"colortheme\":\"GREEN\"\n}\n"

# Called from : 
CONFIGTUISINGLETON(23)  
HBM_BOOTSTRAP(28)  
VEXECUTE:EXECFROMBUFF(439)  
VEXECUTE:EXECFROMPRG(208)  
HBMLOAD(24)  
HBMBOOTSTRAP(10)  
HBMSTART(4)  
MAIN(23)  
###################

20210619 - 12:24:24 >>  [WARNING] Undefined operation in form TUI. ::cOper = 

# Called from : 
VGETCMD:SHOW(402)  
HBM_BOOTSTRAP(41)  
VEXECUTE:EXECFROMBUFF(439)  
VEXECUTE:EXECFROMPRG(208)  
HBMLOAD(24)  
HBMBOOTSTRAP(10)  
HBMSTART(4)  
MAIN(23)  
###################

20210619 - 12:24:24 >>  [WARNING] Undefined operation in form TUI. ::cOper = 

# Called from : 
VGETCMD:SHOW(402)  
HBM_BOOTSTRAP(41)  
VEXECUTE:EXECFROMBUFF(439)  
VEXECUTE:EXECFROMPRG(208)  
HBMLOAD(24)  
HBMBOOTSTRAP(10)  
HBMSTART(4)  
MAIN(23)  
###################

20210619 - 12:24:24 >>  [WARNING] Undefined operation in form TUI. ::cOper = 

# Called from : 
VGETCMD:SHOW(402)  
HBM_BOOTSTRAP(41)  
VEXECUTE:EXECFROMBUFF(439)  
VEXECUTE:EXECFROMPRG(208)  
HBMLOAD(24)  
HBMBOOTSTRAP(10)  
HBMSTART(4)  
MAIN(23)  
###################

20210619 - 12:24:24 >>  [WARNING] Undefined operation in form TUI. ::cOper = 

# Called from : 
VGETCMD:SHOW(402)  
HBM_BOOTSTRAP(41)  
VEXECUTE:EXECFROMBUFF(439)  
VEXECUTE:EXECFROMPRG(208)  
HBMLOAD(24)  
HBMBOOTSTRAP(10)  
HBMSTART(4)  
MAIN(23)  
###################

20210619 - 12:24:28 >>  [INFO] After execute with return : 27

# Called from : 
VEXECUTE:EXECFROMBUFF(440)  
VEXECUTE:EXECFROMPRG(208)  
HBMLOAD(24)  
HBMBOOTSTRAP(10)  
HBMSTART(4)  
MAIN(23)  
###################

20210619 - 12:24:28 >>  [INFO] After send buffer to execute

# Called from : 
VEXECUTE:EXECFROMPRG(209)  
HBMLOAD(24)  
HBMBOOTSTRAP(10)  
HBMSTART(4)  
MAIN(23)  
###################

20210619 - 12:24:46 >>  [INFO] Start config TUI with : e"{   \n	\"maxrow\":39,\n	\"maxcol\":158,\n	\"colortheme\":\"GREEN\"\n}\n"

# Called from : 
CONFIGTUISINGLETON(23)  
HBM_BOOTSTRAP(28)  
VEXECUTE:EXECFROMBUFF(439)  
VEXECUTE:EXECFROMPRG(208)  
HBMLOAD(24)  
HBMBOOTSTRAP(10)  
HBMSTART(4)  
MAIN(23)  
###################

20210619 - 12:24:46 >>  [WARNING] Undefined operation in form TUI. ::cOper = 

# Called from : 
VGETCMD:SHOW(402)  
HBM_BOOTSTRAP(41)  
VEXECUTE:EXECFROMBUFF(439)  
VEXECUTE:EXECFROMPRG(208)  
HBMLOAD(24)  
HBMBOOTSTRAP(10)  
HBMSTART(4)  
MAIN(23)  
###################

20210619 - 12:24:46 >>  [WARNING] Undefined operation in form TUI. ::cOper = 

# Called from : 
VGETCMD:SHOW(402)  
HBM_BOOTSTRAP(41)  
VEXECUTE:EXECFROMBUFF(439)  
VEXECUTE:EXECFROMPRG(208)  
HBMLOAD(24)  
HBMBOOTSTRAP(10)  
HBMSTART(4)  
MAIN(23)  
###################

20210619 - 12:24:46 >>  [WARNING] Undefined operation in form TUI. ::cOper = 

# Called from : 
VGETCMD:SHOW(402)  
HBM_BOOTSTRAP(41)  
VEXECUTE:EXECFROMBUFF(439)  
VEXECUTE:EXECFROMPRG(208)  
HBMLOAD(24)  
HBMBOOTSTRAP(10)  
HBMSTART(4)  
MAIN(23)  
###################

20210619 - 12:24:46 >>  [WARNING] Undefined operation in form TUI. ::cOper = 

# Called from : 
VGETCMD:SHOW(402)  
HBM_BOOTSTRAP(41)  
VEXECUTE:EXECFROMBUFF(439)  
VEXECUTE:EXECFROMPRG(208)  
HBMLOAD(24)  
HBMBOOTSTRAP(10)  
HBMSTART(4)  
MAIN(23)  
###################

20210619 - 12:25:29 >>  [INFO] After execute with return : 13

# Called from : 
VEXECUTE:EXECFROMBUFF(440)  
VEXECUTE:EXECFROMPRG(208)  
HBMLOAD(24)  
HBMBOOTSTRAP(10)  
HBMSTART(4)  
MAIN(23)  
###################

20210619 - 12:25:29 >>  [INFO] After send buffer to execute

# Called from : 
VEXECUTE:EXECFROMPRG(209)  
HBMLOAD(24)  
HBMBOOTSTRAP(10)  
HBMSTART(4)  
MAIN(23)  
###################

20210619 - 12:27:55 >>  [ERROR] (CODE:20200625113952) Compilation errors when compilation code\bootstrap.prg

# Called from : 
VCOMPILE:COMPILE(180)  
VEXECUTE:EXECFROMPRG(205)  
HBMLOAD(24)  
HBMBOOTSTRAP(10)  
HBMSTART(4)  
MAIN(23)  
###################

20210619 - 12:27:55 >>  [ERROR] (CODE:20200717110513) Probable compile error / GetResultCompiler return .f. after compile file code\bootstrap.prg

# Called from : 
VEXECUTE:EXECFROMPRG(213)  
HBMLOAD(24)  
HBMBOOTSTRAP(10)  
HBMSTART(4)  
MAIN(23)  
###################

20210619 - 12:28:39 >>  [INFO] Start config TUI with : e"{   \n	\"maxrow\":39,\n	\"maxcol\":158,\n	\"colortheme\":\"GREEN\"\n}\n"

# Called from : 
CONFIGTUISINGLETON(23)  
HBM_BOOTSTRAP(28)  
VEXECUTE:EXECFROMBUFF(439)  
VEXECUTE:EXECFROMPRG(208)  
HBMLOAD(24)  
HBMBOOTSTRAP(10)  
HBMSTART(4)  
MAIN(23)  
###################

20210619 - 12:28:39 >>  [ERROR] (CODE:20200803224131) Key D already exists in ::hMap.

# Called from : 
VGETCMD:ADDMAPCONTROL(272)  
HBM_BOOTSTRAP(41)  
VEXECUTE:EXECFROMBUFF(439)  
VEXECUTE:EXECFROMPRG(208)  
HBMLOAD(24)  
HBMBOOTSTRAP(10)  
HBMSTART(4)  
MAIN(23)  
###################

20210619 - 12:28:39 >>  [WARNING] Undefined operation in form TUI. ::cOper = 

# Called from : 
VGETCMD:SHOW(402)  
HBM_BOOTSTRAP(44)  
VEXECUTE:EXECFROMBUFF(439)  
VEXECUTE:EXECFROMPRG(208)  
HBMLOAD(24)  
HBMBOOTSTRAP(10)  
HBMSTART(4)  
MAIN(23)  
###################

20210619 - 12:28:39 >>  [WARNING] Undefined operation in form TUI. ::cOper = 

# Called from : 
VGETCMD:SHOW(402)  
HBM_BOOTSTRAP(44)  
VEXECUTE:EXECFROMBUFF(439)  
VEXECUTE:EXECFROMPRG(208)  
HBMLOAD(24)  
HBMBOOTSTRAP(10)  
HBMSTART(4)  
MAIN(23)  
###################

20210619 - 12:28:39 >>  [WARNING] Undefined operation in form TUI. ::cOper = 

# Called from : 
VGETCMD:SHOW(402)  
HBM_BOOTSTRAP(44)  
VEXECUTE:EXECFROMBUFF(439)  
VEXECUTE:EXECFROMPRG(208)  
HBMLOAD(24)  
HBMBOOTSTRAP(10)  
HBMSTART(4)  
MAIN(23)  
###################

20210619 - 12:28:39 >>  [WARNING] Undefined operation in form TUI. ::cOper = 

# Called from : 
VGETCMD:SHOW(402)  
HBM_BOOTSTRAP(44)  
VEXECUTE:EXECFROMBUFF(439)  
VEXECUTE:EXECFROMPRG(208)  
HBMLOAD(24)  
HBMBOOTSTRAP(10)  
HBMSTART(4)  
MAIN(23)  
###################

20210619 - 12:30:33 >>  [INFO] After execute with return : 5

# Called from : 
VEXECUTE:EXECFROMBUFF(440)  
VEXECUTE:EXECFROMPRG(208)  
HBMLOAD(24)  
HBMBOOTSTRAP(10)  
HBMSTART(4)  
MAIN(23)  
###################

20210619 - 12:30:33 >>  [INFO] After send buffer to execute

# Called from : 
VEXECUTE:EXECFROMPRG(209)  
HBMLOAD(24)  
HBMBOOTSTRAP(10)  
HBMSTART(4)  
MAIN(23)  
###################

20210619 - 12:30:35 >>  [INFO] Start config TUI with : e"{   \n	\"maxrow\":39,\n	\"maxcol\":158,\n	\"colortheme\":\"GREEN\"\n}\n"

# Called from : 
CONFIGTUISINGLETON(23)  
HBM_BOOTSTRAP(28)  
VEXECUTE:EXECFROMBUFF(439)  
VEXECUTE:EXECFROMPRG(208)  
HBMLOAD(24)  
HBMBOOTSTRAP(10)  
HBMSTART(4)  
MAIN(23)  
###################

20210619 - 12:30:35 >>  [WARNING] (CODE:20200803094228) Parameter maxlenght valid only to character type

# Called from : 
VGETCMD:ADDMAPCONTROL(288)  
HBM_BOOTSTRAP(35)  
VEXECUTE:EXECFROMBUFF(439)  
VEXECUTE:EXECFROMPRG(208)  
HBMLOAD(24)  
HBMBOOTSTRAP(10)  
HBMSTART(4)  
MAIN(23)  
###################

20210619 - 12:30:35 >>  [WARNING] Undefined operation in form TUI. ::cOper = 

# Called from : 
VGETCMD:SHOW(402)  
HBM_BOOTSTRAP(44)  
VEXECUTE:EXECFROMBUFF(439)  
VEXECUTE:EXECFROMPRG(208)  
HBMLOAD(24)  
HBMBOOTSTRAP(10)  
HBMSTART(4)  
MAIN(23)  
###################

20210619 - 12:30:35 >>  [WARNING] Undefined operation in form TUI. ::cOper = 

# Called from : 
VGETCMD:SHOW(402)  
HBM_BOOTSTRAP(44)  
VEXECUTE:EXECFROMBUFF(439)  
VEXECUTE:EXECFROMPRG(208)  
HBMLOAD(24)  
HBMBOOTSTRAP(10)  
HBMSTART(4)  
MAIN(23)  
###################

20210619 - 12:30:35 >>  [WARNING] Undefined operation in form TUI. ::cOper = 

# Called from : 
VGETCMD:SHOW(402)  
HBM_BOOTSTRAP(44)  
VEXECUTE:EXECFROMBUFF(439)  
VEXECUTE:EXECFROMPRG(208)  
HBMLOAD(24)  
HBMBOOTSTRAP(10)  
HBMSTART(4)  
MAIN(23)  
###################

20210619 - 12:30:35 >>  [WARNING] Undefined operation in form TUI. ::cOper = 

# Called from : 
VGETCMD:SHOW(402)  
HBM_BOOTSTRAP(44)  
VEXECUTE:EXECFROMBUFF(439)  
VEXECUTE:EXECFROMPRG(208)  
HBMLOAD(24)  
HBMBOOTSTRAP(10)  
HBMSTART(4)  
MAIN(23)  
###################

20210619 - 12:30:40 >>  [INFO] After execute with return : 27

# Called from : 
VEXECUTE:EXECFROMBUFF(440)  
VEXECUTE:EXECFROMPRG(208)  
HBMLOAD(24)  
HBMBOOTSTRAP(10)  
HBMSTART(4)  
MAIN(23)  
###################

20210619 - 12:30:40 >>  [INFO] After send buffer to execute

# Called from : 
VEXECUTE:EXECFROMPRG(209)  
HBMLOAD(24)  
HBMBOOTSTRAP(10)  
HBMSTART(4)  
MAIN(23)  
###################

20210619 - 12:31:55 >>  [INFO] Start config TUI with : e"{   \n	\"maxrow\":39,\n	\"maxcol\":158,\n	\"colortheme\":\"GREEN\"\n}\n"

# Called from : 
CONFIGTUISINGLETON(23)  
HBM_BOOTSTRAP(28)  
VEXECUTE:EXECFROMBUFF(439)  
VEXECUTE:EXECFROMPRG(208)  
HBMLOAD(24)  
HBMBOOTSTRAP(10)  
HBMSTART(4)  
MAIN(23)  
###################

20210619 - 12:31:55 >>  [WARNING] Undefined operation in form TUI. ::cOper = 

# Called from : 
VGETCMD:SHOW(402)  
HBM_BOOTSTRAP(44)  
VEXECUTE:EXECFROMBUFF(439)  
VEXECUTE:EXECFROMPRG(208)  
HBMLOAD(24)  
HBMBOOTSTRAP(10)  
HBMSTART(4)  
MAIN(23)  
###################

20210619 - 12:31:55 >>  [WARNING] Undefined operation in form TUI. ::cOper = 

# Called from : 
VGETCMD:SHOW(402)  
HBM_BOOTSTRAP(44)  
VEXECUTE:EXECFROMBUFF(439)  
VEXECUTE:EXECFROMPRG(208)  
HBMLOAD(24)  
HBMBOOTSTRAP(10)  
HBMSTART(4)  
MAIN(23)  
###################

20210619 - 12:31:55 >>  [WARNING] Undefined operation in form TUI. ::cOper = 

# Called from : 
VGETCMD:SHOW(402)  
HBM_BOOTSTRAP(44)  
VEXECUTE:EXECFROMBUFF(439)  
VEXECUTE:EXECFROMPRG(208)  
HBMLOAD(24)  
HBMBOOTSTRAP(10)  
HBMSTART(4)  
MAIN(23)  
###################

20210619 - 12:31:55 >>  [WARNING] Undefined operation in form TUI. ::cOper = 

# Called from : 
VGETCMD:SHOW(402)  
HBM_BOOTSTRAP(44)  
VEXECUTE:EXECFROMBUFF(439)  
VEXECUTE:EXECFROMPRG(208)  
HBMLOAD(24)  
HBMBOOTSTRAP(10)  
HBMSTART(4)  
MAIN(23)  
###################

20210619 - 12:32:55 >>  [INFO] After execute with return : 5

# Called from : 
VEXECUTE:EXECFROMBUFF(440)  
VEXECUTE:EXECFROMPRG(208)  
HBMLOAD(24)  
HBMBOOTSTRAP(10)  
HBMSTART(4)  
MAIN(23)  
###################

20210619 - 12:32:55 >>  [INFO] After send buffer to execute

# Called from : 
VEXECUTE:EXECFROMPRG(209)  
HBMLOAD(24)  
HBMBOOTSTRAP(10)  
HBMSTART(4)  
MAIN(23)  
###################

20210619 - 12:32:56 >>  [INFO] Start config TUI with : e"{   \n	\"maxrow\":39,\n	\"maxcol\":158,\n	\"colortheme\":\"GREEN\"\n}\n"

# Called from : 
CONFIGTUISINGLETON(23)  
HBM_BOOTSTRAP(28)  
VEXECUTE:EXECFROMBUFF(439)  
VEXECUTE:EXECFROMPRG(208)  
HBMLOAD(24)  
HBMBOOTSTRAP(10)  
HBMSTART(4)  
MAIN(23)  
###################

20210619 - 12:32:56 >>  [WARNING] Undefined operation in form TUI. ::cOper = 

# Called from : 
VGETCMD:SHOW(402)  
HBM_BOOTSTRAP(44)  
VEXECUTE:EXECFROMBUFF(439)  
VEXECUTE:EXECFROMPRG(208)  
HBMLOAD(24)  
HBMBOOTSTRAP(10)  
HBMSTART(4)  
MAIN(23)  
###################

20210619 - 12:32:56 >>  [WARNING] Undefined operation in form TUI. ::cOper = 

# Called from : 
VGETCMD:SHOW(402)  
HBM_BOOTSTRAP(44)  
VEXECUTE:EXECFROMBUFF(439)  
VEXECUTE:EXECFROMPRG(208)  
HBMLOAD(24)  
HBMBOOTSTRAP(10)  
HBMSTART(4)  
MAIN(23)  
###################

20210619 - 12:32:56 >>  [WARNING] Undefined operation in form TUI. ::cOper = 

# Called from : 
VGETCMD:SHOW(402)  
HBM_BOOTSTRAP(44)  
VEXECUTE:EXECFROMBUFF(439)  
VEXECUTE:EXECFROMPRG(208)  
HBMLOAD(24)  
HBMBOOTSTRAP(10)  
HBMSTART(4)  
MAIN(23)  
###################

20210619 - 12:32:56 >>  [WARNING] Undefined operation in form TUI. ::cOper = 

# Called from : 
VGETCMD:SHOW(402)  
HBM_BOOTSTRAP(44)  
VEXECUTE:EXECFROMBUFF(439)  
VEXECUTE:EXECFROMPRG(208)  
HBMLOAD(24)  
HBMBOOTSTRAP(10)  
HBMSTART(4)  
MAIN(23)  
###################

20210619 - 12:33:07 >>  [INFO] After execute with return : 13

# Called from : 
VEXECUTE:EXECFROMBUFF(440)  
VEXECUTE:EXECFROMPRG(208)  
HBMLOAD(24)  
HBMBOOTSTRAP(10)  
HBMSTART(4)  
MAIN(23)  
###################

20210619 - 12:33:07 >>  [INFO] After send buffer to execute

# Called from : 
VEXECUTE:EXECFROMPRG(209)  
HBMLOAD(24)  
HBMBOOTSTRAP(10)  
HBMSTART(4)  
MAIN(23)  
###################

20210619 - 12:33:09 >>  [INFO] Start config TUI with : e"{   \n	\"maxrow\":39,\n	\"maxcol\":158,\n	\"colortheme\":\"GREEN\"\n}\n"

# Called from : 
CONFIGTUISINGLETON(23)  
HBM_BOOTSTRAP(28)  
VEXECUTE:EXECFROMBUFF(439)  
VEXECUTE:EXECFROMPRG(208)  
HBMLOAD(24)  
HBMBOOTSTRAP(10)  
HBMSTART(4)  
MAIN(23)  
###################

20210619 - 12:33:09 >>  [WARNING] Undefined operation in form TUI. ::cOper = 

# Called from : 
VGETCMD:SHOW(402)  
HBM_BOOTSTRAP(44)  
VEXECUTE:EXECFROMBUFF(439)  
VEXECUTE:EXECFROMPRG(208)  
HBMLOAD(24)  
HBMBOOTSTRAP(10)  
HBMSTART(4)  
MAIN(23)  
###################

20210619 - 12:33:09 >>  [WARNING] Undefined operation in form TUI. ::cOper = 

# Called from : 
VGETCMD:SHOW(402)  
HBM_BOOTSTRAP(44)  
VEXECUTE:EXECFROMBUFF(439)  
VEXECUTE:EXECFROMPRG(208)  
HBMLOAD(24)  
HBMBOOTSTRAP(10)  
HBMSTART(4)  
MAIN(23)  
###################

20210619 - 12:33:09 >>  [WARNING] Undefined operation in form TUI. ::cOper = 

# Called from : 
VGETCMD:SHOW(402)  
HBM_BOOTSTRAP(44)  
VEXECUTE:EXECFROMBUFF(439)  
VEXECUTE:EXECFROMPRG(208)  
HBMLOAD(24)  
HBMBOOTSTRAP(10)  
HBMSTART(4)  
MAIN(23)  
###################

20210619 - 12:33:09 >>  [WARNING] Undefined operation in form TUI. ::cOper = 

# Called from : 
VGETCMD:SHOW(402)  
HBM_BOOTSTRAP(44)  
VEXECUTE:EXECFROMBUFF(439)  
VEXECUTE:EXECFROMPRG(208)  
HBMLOAD(24)  
HBMBOOTSTRAP(10)  
HBMSTART(4)  
MAIN(23)  
###################

20210619 - 12:34:03 >>  [INFO] After execute with return : 13

# Called from : 
VEXECUTE:EXECFROMBUFF(440)  
VEXECUTE:EXECFROMPRG(208)  
HBMLOAD(24)  
HBMBOOTSTRAP(10)  
HBMSTART(4)  
MAIN(23)  
###################

20210619 - 12:34:03 >>  [INFO] After send buffer to execute

# Called from : 
VEXECUTE:EXECFROMPRG(209)  
HBMLOAD(24)  
HBMBOOTSTRAP(10)  
HBMSTART(4)  
MAIN(23)  
###################

20210619 - 12:34:05 >>  [INFO] Start config TUI with : e"{   \n	\"maxrow\":39,\n	\"maxcol\":158,\n	\"colortheme\":\"GREEN\"\n}\n"

# Called from : 
CONFIGTUISINGLETON(23)  
HBM_BOOTSTRAP(28)  
VEXECUTE:EXECFROMBUFF(439)  
VEXECUTE:EXECFROMPRG(208)  
HBMLOAD(24)  
HBMBOOTSTRAP(10)  
HBMSTART(4)  
MAIN(23)  
###################

20210619 - 12:34:05 >>  [WARNING] Undefined operation in form TUI. ::cOper = 

# Called from : 
VGETCMD:SHOW(402)  
HBM_BOOTSTRAP(44)  
VEXECUTE:EXECFROMBUFF(439)  
VEXECUTE:EXECFROMPRG(208)  
HBMLOAD(24)  
HBMBOOTSTRAP(10)  
HBMSTART(4)  
MAIN(23)  
###################

20210619 - 12:34:05 >>  [WARNING] Undefined operation in form TUI. ::cOper = 

# Called from : 
VGETCMD:SHOW(402)  
HBM_BOOTSTRAP(44)  
VEXECUTE:EXECFROMBUFF(439)  
VEXECUTE:EXECFROMPRG(208)  
HBMLOAD(24)  
HBMBOOTSTRAP(10)  
HBMSTART(4)  
MAIN(23)  
###################

20210619 - 12:34:05 >>  [WARNING] Undefined operation in form TUI. ::cOper = 

# Called from : 
VGETCMD:SHOW(402)  
HBM_BOOTSTRAP(44)  
VEXECUTE:EXECFROMBUFF(439)  
VEXECUTE:EXECFROMPRG(208)  
HBMLOAD(24)  
HBMBOOTSTRAP(10)  
HBMSTART(4)  
MAIN(23)  
###################

20210619 - 12:34:05 >>  [WARNING] Undefined operation in form TUI. ::cOper = 

# Called from : 
VGETCMD:SHOW(402)  
HBM_BOOTSTRAP(44)  
VEXECUTE:EXECFROMBUFF(439)  
VEXECUTE:EXECFROMPRG(208)  
HBMLOAD(24)  
HBMBOOTSTRAP(10)  
HBMSTART(4)  
MAIN(23)  
###################

20210619 - 12:34:13 >>  [INFO] After execute with return : 5

# Called from : 
VEXECUTE:EXECFROMBUFF(440)  
VEXECUTE:EXECFROMPRG(208)  
HBMLOAD(24)  
HBMBOOTSTRAP(10)  
HBMSTART(4)  
MAIN(23)  
###################

20210619 - 12:34:13 >>  [INFO] After send buffer to execute

# Called from : 
VEXECUTE:EXECFROMPRG(209)  
HBMLOAD(24)  
HBMBOOTSTRAP(10)  
HBMSTART(4)  
MAIN(23)  
###################

20210619 - 12:34:14 >>  [INFO] Start config TUI with : e"{   \n	\"maxrow\":39,\n	\"maxcol\":158,\n	\"colortheme\":\"GREEN\"\n}\n"

# Called from : 
CONFIGTUISINGLETON(23)  
HBM_BOOTSTRAP(28)  
VEXECUTE:EXECFROMBUFF(439)  
VEXECUTE:EXECFROMPRG(208)  
HBMLOAD(24)  
HBMBOOTSTRAP(10)  
HBMSTART(4)  
MAIN(23)  
###################

20210619 - 12:34:14 >>  [WARNING] Undefined operation in form TUI. ::cOper = 

# Called from : 
VGETCMD:SHOW(402)  
HBM_BOOTSTRAP(44)  
VEXECUTE:EXECFROMBUFF(439)  
VEXECUTE:EXECFROMPRG(208)  
HBMLOAD(24)  
HBMBOOTSTRAP(10)  
HBMSTART(4)  
MAIN(23)  
###################

20210619 - 12:34:14 >>  [WARNING] Undefined operation in form TUI. ::cOper = 

# Called from : 
VGETCMD:SHOW(402)  
HBM_BOOTSTRAP(44)  
VEXECUTE:EXECFROMBUFF(439)  
VEXECUTE:EXECFROMPRG(208)  
HBMLOAD(24)  
HBMBOOTSTRAP(10)  
HBMSTART(4)  
MAIN(23)  
###################

20210619 - 12:34:14 >>  [WARNING] Undefined operation in form TUI. ::cOper = 

# Called from : 
VGETCMD:SHOW(402)  
HBM_BOOTSTRAP(44)  
VEXECUTE:EXECFROMBUFF(439)  
VEXECUTE:EXECFROMPRG(208)  
HBMLOAD(24)  
HBMBOOTSTRAP(10)  
HBMSTART(4)  
MAIN(23)  
###################

20210619 - 12:34:14 >>  [WARNING] Undefined operation in form TUI. ::cOper = 

# Called from : 
VGETCMD:SHOW(402)  
HBM_BOOTSTRAP(44)  
VEXECUTE:EXECFROMBUFF(439)  
VEXECUTE:EXECFROMPRG(208)  
HBMLOAD(24)  
HBMBOOTSTRAP(10)  
HBMSTART(4)  
MAIN(23)  
###################

20210619 - 12:34:24 >>  [INFO] After execute with return : 27

# Called from : 
VEXECUTE:EXECFROMBUFF(440)  
VEXECUTE:EXECFROMPRG(208)  
HBMLOAD(24)  
HBMBOOTSTRAP(10)  
HBMSTART(4)  
MAIN(23)  
###################

20210619 - 12:34:24 >>  [INFO] After send buffer to execute

# Called from : 
VEXECUTE:EXECFROMPRG(209)  
HBMLOAD(24)  
HBMBOOTSTRAP(10)  
HBMSTART(4)  
MAIN(23)  
###################

20210619 - 12:34:25 >>  [INFO] Start config TUI with : e"{   \n	\"maxrow\":39,\n	\"maxcol\":158,\n	\"colortheme\":\"GREEN\"\n}\n"

# Called from : 
CONFIGTUISINGLETON(23)  
HBM_BOOTSTRAP(28)  
VEXECUTE:EXECFROMBUFF(439)  
VEXECUTE:EXECFROMPRG(208)  
HBMLOAD(24)  
HBMBOOTSTRAP(10)  
HBMSTART(4)  
MAIN(23)  
###################

20210619 - 12:34:25 >>  [WARNING] Undefined operation in form TUI. ::cOper = 

# Called from : 
VGETCMD:SHOW(402)  
HBM_BOOTSTRAP(44)  
VEXECUTE:EXECFROMBUFF(439)  
VEXECUTE:EXECFROMPRG(208)  
HBMLOAD(24)  
HBMBOOTSTRAP(10)  
HBMSTART(4)  
MAIN(23)  
###################

20210619 - 12:34:25 >>  [WARNING] Undefined operation in form TUI. ::cOper = 

# Called from : 
VGETCMD:SHOW(402)  
HBM_BOOTSTRAP(44)  
VEXECUTE:EXECFROMBUFF(439)  
VEXECUTE:EXECFROMPRG(208)  
HBMLOAD(24)  
HBMBOOTSTRAP(10)  
HBMSTART(4)  
MAIN(23)  
###################

20210619 - 12:34:25 >>  [WARNING] Undefined operation in form TUI. ::cOper = 

# Called from : 
VGETCMD:SHOW(402)  
HBM_BOOTSTRAP(44)  
VEXECUTE:EXECFROMBUFF(439)  
VEXECUTE:EXECFROMPRG(208)  
HBMLOAD(24)  
HBMBOOTSTRAP(10)  
HBMSTART(4)  
MAIN(23)  
###################

20210619 - 12:34:25 >>  [WARNING] Undefined operation in form TUI. ::cOper = 

# Called from : 
VGETCMD:SHOW(402)  
HBM_BOOTSTRAP(44)  
VEXECUTE:EXECFROMBUFF(439)  
VEXECUTE:EXECFROMPRG(208)  
HBMLOAD(24)  
HBMBOOTSTRAP(10)  
HBMSTART(4)  
MAIN(23)  
###################

20210619 - 12:35:08 >>  [INFO] After execute with return : 13

# Called from : 
VEXECUTE:EXECFROMBUFF(440)  
VEXECUTE:EXECFROMPRG(208)  
HBMLOAD(24)  
HBMBOOTSTRAP(10)  
HBMSTART(4)  
MAIN(23)  
###################

20210619 - 12:35:08 >>  [INFO] After send buffer to execute

# Called from : 
VEXECUTE:EXECFROMPRG(209)  
HBMLOAD(24)  
HBMBOOTSTRAP(10)  
HBMSTART(4)  
MAIN(23)  
###################

20210619 - 12:35:10 >>  [INFO] Start config TUI with : e"{   \n	\"maxrow\":39,\n	\"maxcol\":158,\n	\"colortheme\":\"GREEN\"\n}\n"

# Called from : 
CONFIGTUISINGLETON(23)  
HBM_BOOTSTRAP(28)  
VEXECUTE:EXECFROMBUFF(439)  
VEXECUTE:EXECFROMPRG(208)  
HBMLOAD(24)  
HBMBOOTSTRAP(10)  
HBMSTART(4)  
MAIN(23)  
###################

20210619 - 12:35:10 >>  [WARNING] Undefined operation in form TUI. ::cOper = 

# Called from : 
VGETCMD:SHOW(402)  
HBM_BOOTSTRAP(44)  
VEXECUTE:EXECFROMBUFF(439)  
VEXECUTE:EXECFROMPRG(208)  
HBMLOAD(24)  
HBMBOOTSTRAP(10)  
HBMSTART(4)  
MAIN(23)  
###################

20210619 - 12:35:10 >>  [WARNING] Undefined operation in form TUI. ::cOper = 

# Called from : 
VGETCMD:SHOW(402)  
HBM_BOOTSTRAP(44)  
VEXECUTE:EXECFROMBUFF(439)  
VEXECUTE:EXECFROMPRG(208)  
HBMLOAD(24)  
HBMBOOTSTRAP(10)  
HBMSTART(4)  
MAIN(23)  
###################

20210619 - 12:35:10 >>  [WARNING] Undefined operation in form TUI. ::cOper = 

# Called from : 
VGETCMD:SHOW(402)  
HBM_BOOTSTRAP(44)  
VEXECUTE:EXECFROMBUFF(439)  
VEXECUTE:EXECFROMPRG(208)  
HBMLOAD(24)  
HBMBOOTSTRAP(10)  
HBMSTART(4)  
MAIN(23)  
###################

20210619 - 12:35:10 >>  [WARNING] Undefined operation in form TUI. ::cOper = 

# Called from : 
VGETCMD:SHOW(402)  
HBM_BOOTSTRAP(44)  
VEXECUTE:EXECFROMBUFF(439)  
VEXECUTE:EXECFROMPRG(208)  
HBMLOAD(24)  
HBMBOOTSTRAP(10)  
HBMSTART(4)  
MAIN(23)  
###################

20210619 - 12:35:22 >>  [INFO] After execute with return : 13

# Called from : 
VEXECUTE:EXECFROMBUFF(440)  
VEXECUTE:EXECFROMPRG(208)  
HBMLOAD(24)  
HBMBOOTSTRAP(10)  
HBMSTART(4)  
MAIN(23)  
###################

20210619 - 12:35:22 >>  [INFO] After send buffer to execute

# Called from : 
VEXECUTE:EXECFROMPRG(209)  
HBMLOAD(24)  
HBMBOOTSTRAP(10)  
HBMSTART(4)  
MAIN(23)  
###################

20210619 - 12:37:00 >>  [INFO] Start config TUI with : e"{   \n	\"maxrow\":39,\n	\"maxcol\":158,\n	\"colortheme\":\"GREEN\"\n}\n"

# Called from : 
CONFIGTUISINGLETON(23)  
HBM_BOOTSTRAP(28)  
VEXECUTE:EXECFROMBUFF(439)  
VEXECUTE:EXECFROMPRG(208)  
HBMLOAD(24)  
HBMBOOTSTRAP(10)  
HBMSTART(4)  
MAIN(23)  
###################

20210619 - 12:37:00 >>  [WARNING] Undefined operation in form TUI. ::cOper = 

# Called from : 
VGETCMD:SHOW(402)  
HBM_BOOTSTRAP(44)  
VEXECUTE:EXECFROMBUFF(439)  
VEXECUTE:EXECFROMPRG(208)  
HBMLOAD(24)  
HBMBOOTSTRAP(10)  
HBMSTART(4)  
MAIN(23)  
###################

20210619 - 12:37:00 >>  [WARNING] Undefined operation in form TUI. ::cOper = 

# Called from : 
VGETCMD:SHOW(402)  
HBM_BOOTSTRAP(44)  
VEXECUTE:EXECFROMBUFF(439)  
VEXECUTE:EXECFROMPRG(208)  
HBMLOAD(24)  
HBMBOOTSTRAP(10)  
HBMSTART(4)  
MAIN(23)  
###################

20210619 - 12:37:00 >>  [WARNING] Undefined operation in form TUI. ::cOper = 

# Called from : 
VGETCMD:SHOW(402)  
HBM_BOOTSTRAP(44)  
VEXECUTE:EXECFROMBUFF(439)  
VEXECUTE:EXECFROMPRG(208)  
HBMLOAD(24)  
HBMBOOTSTRAP(10)  
HBMSTART(4)  
MAIN(23)  
###################

20210619 - 12:37:00 >>  [WARNING] Undefined operation in form TUI. ::cOper = 

# Called from : 
VGETCMD:SHOW(402)  
HBM_BOOTSTRAP(44)  
VEXECUTE:EXECFROMBUFF(439)  
VEXECUTE:EXECFROMPRG(208)  
HBMLOAD(24)  
HBMBOOTSTRAP(10)  
HBMSTART(4)  
MAIN(23)  
###################

20210619 - 12:37:05 >>  [INFO] After execute with return : 27

# Called from : 
VEXECUTE:EXECFROMBUFF(440)  
VEXECUTE:EXECFROMPRG(208)  
HBMLOAD(24)  
HBMBOOTSTRAP(10)  
HBMSTART(4)  
MAIN(23)  
###################

20210619 - 12:37:05 >>  [INFO] After send buffer to execute

# Called from : 
VEXECUTE:EXECFROMPRG(209)  
HBMLOAD(24)  
HBMBOOTSTRAP(10)  
HBMSTART(4)  
MAIN(23)  
###################

20210619 - 21:44:30 >>  [INFO] Start config TUI with : e"{   \n	\"maxrow\":39,\n	\"maxcol\":158,\n	\"colortheme\":\"GREEN\"\n}\n"

# Called from : 
CONFIGTUISINGLETON(23)  
HBM_BOOTSTRAP(28)  
VEXECUTE:EXECFROMBUFF(439)  
VEXECUTE:EXECFROMHRB(136)  
HBMLOAD(22)  
HBMBOOTSTRAP(10)  
HBMSTART(4)  
MAIN(19)  
###################

20210619 - 21:44:30 >>  [WARNING] Undefined operation in form TUI. ::cOper = 

# Called from : 
VGETCMD:SHOW(402)  
HBM_BOOTSTRAP(44)  
VEXECUTE:EXECFROMBUFF(439)  
VEXECUTE:EXECFROMHRB(136)  
HBMLOAD(22)  
HBMBOOTSTRAP(10)  
HBMSTART(4)  
MAIN(19)  
###################

20210619 - 21:44:30 >>  [WARNING] Undefined operation in form TUI. ::cOper = 

# Called from : 
VGETCMD:SHOW(402)  
HBM_BOOTSTRAP(44)  
VEXECUTE:EXECFROMBUFF(439)  
VEXECUTE:EXECFROMHRB(136)  
HBMLOAD(22)  
HBMBOOTSTRAP(10)  
HBMSTART(4)  
MAIN(19)  
###################

20210619 - 21:44:30 >>  [WARNING] Undefined operation in form TUI. ::cOper = 

# Called from : 
VGETCMD:SHOW(402)  
HBM_BOOTSTRAP(44)  
VEXECUTE:EXECFROMBUFF(439)  
VEXECUTE:EXECFROMHRB(136)  
HBMLOAD(22)  
HBMBOOTSTRAP(10)  
HBMSTART(4)  
MAIN(19)  
###################

20210619 - 21:44:30 >>  [WARNING] Undefined operation in form TUI. ::cOper = 

# Called from : 
VGETCMD:SHOW(402)  
HBM_BOOTSTRAP(44)  
VEXECUTE:EXECFROMBUFF(439)  
VEXECUTE:EXECFROMHRB(136)  
HBMLOAD(22)  
HBMBOOTSTRAP(10)  
HBMSTART(4)  
MAIN(19)  
###################

20210619 - 21:44:45 >>  [INFO] After execute with return : 13

# Called from : 
VEXECUTE:EXECFROMBUFF(440)  
VEXECUTE:EXECFROMHRB(136)  
HBMLOAD(22)  
HBMBOOTSTRAP(10)  
HBMSTART(4)  
MAIN(19)  
###################

20210619 - 21:45:11 >>  [INFO] Start config TUI with : e"{   \n	\"maxrow\":39,\n	\"maxcol\":158,\n	\"colortheme\":\"GREEN\"\n}\n"

# Called from : 
CONFIGTUISINGLETON(23)  
HBM_BOOTSTRAP(28)  
VEXECUTE:EXECFROMBUFF(439)  
VEXECUTE:EXECFROMHRB(136)  
HBMLOAD(22)  
HBMBOOTSTRAP(10)  
HBMSTART(4)  
MAIN(19)  
###################

20210619 - 21:45:11 >>  [WARNING] Undefined operation in form TUI. ::cOper = 

# Called from : 
VGETCMD:SHOW(402)  
HBM_BOOTSTRAP(44)  
VEXECUTE:EXECFROMBUFF(439)  
VEXECUTE:EXECFROMHRB(136)  
HBMLOAD(22)  
HBMBOOTSTRAP(10)  
HBMSTART(4)  
MAIN(19)  
###################

20210619 - 21:45:11 >>  [WARNING] Undefined operation in form TUI. ::cOper = 

# Called from : 
VGETCMD:SHOW(402)  
HBM_BOOTSTRAP(44)  
VEXECUTE:EXECFROMBUFF(439)  
VEXECUTE:EXECFROMHRB(136)  
HBMLOAD(22)  
HBMBOOTSTRAP(10)  
HBMSTART(4)  
MAIN(19)  
###################

20210619 - 21:45:11 >>  [WARNING] Undefined operation in form TUI. ::cOper = 

# Called from : 
VGETCMD:SHOW(402)  
HBM_BOOTSTRAP(44)  
VEXECUTE:EXECFROMBUFF(439)  
VEXECUTE:EXECFROMHRB(136)  
HBMLOAD(22)  
HBMBOOTSTRAP(10)  
HBMSTART(4)  
MAIN(19)  
###################

20210619 - 21:45:11 >>  [WARNING] Undefined operation in form TUI. ::cOper = 

# Called from : 
VGETCMD:SHOW(402)  
HBM_BOOTSTRAP(44)  
VEXECUTE:EXECFROMBUFF(439)  
VEXECUTE:EXECFROMHRB(136)  
HBMLOAD(22)  
HBMBOOTSTRAP(10)  
HBMSTART(4)  
MAIN(19)  
###################

20210619 - 21:45:26 >>  [INFO] After execute with return : 5

# Called from : 
VEXECUTE:EXECFROMBUFF(440)  
VEXECUTE:EXECFROMHRB(136)  
HBMLOAD(22)  
HBMBOOTSTRAP(10)  
HBMSTART(4)  
MAIN(19)  
###################

20210619 - 21:45:27 >>  [INFO] Start config TUI with : e"{   \n	\"maxrow\":39,\n	\"maxcol\":158,\n	\"colortheme\":\"GREEN\"\n}\n"

# Called from : 
CONFIGTUISINGLETON(23)  
HBM_BOOTSTRAP(28)  
VEXECUTE:EXECFROMBUFF(439)  
VEXECUTE:EXECFROMHRB(136)  
HBMLOAD(22)  
HBMBOOTSTRAP(10)  
HBMSTART(4)  
MAIN(19)  
###################

20210619 - 21:45:27 >>  [WARNING] Undefined operation in form TUI. ::cOper = 

# Called from : 
VGETCMD:SHOW(402)  
HBM_BOOTSTRAP(44)  
VEXECUTE:EXECFROMBUFF(439)  
VEXECUTE:EXECFROMHRB(136)  
HBMLOAD(22)  
HBMBOOTSTRAP(10)  
HBMSTART(4)  
MAIN(19)  
###################

20210619 - 21:45:27 >>  [WARNING] Undefined operation in form TUI. ::cOper = 

# Called from : 
VGETCMD:SHOW(402)  
HBM_BOOTSTRAP(44)  
VEXECUTE:EXECFROMBUFF(439)  
VEXECUTE:EXECFROMHRB(136)  
HBMLOAD(22)  
HBMBOOTSTRAP(10)  
HBMSTART(4)  
MAIN(19)  
###################

20210619 - 21:45:27 >>  [WARNING] Undefined operation in form TUI. ::cOper = 

# Called from : 
VGETCMD:SHOW(402)  
HBM_BOOTSTRAP(44)  
VEXECUTE:EXECFROMBUFF(439)  
VEXECUTE:EXECFROMHRB(136)  
HBMLOAD(22)  
HBMBOOTSTRAP(10)  
HBMSTART(4)  
MAIN(19)  
###################

20210619 - 21:45:27 >>  [WARNING] Undefined operation in form TUI. ::cOper = 

# Called from : 
VGETCMD:SHOW(402)  
HBM_BOOTSTRAP(44)  
VEXECUTE:EXECFROMBUFF(439)  
VEXECUTE:EXECFROMHRB(136)  
HBMLOAD(22)  
HBMBOOTSTRAP(10)  
HBMSTART(4)  
MAIN(19)  
###################

20210619 - 21:45:35 >>  [INFO] After execute with return : 13

# Called from : 
VEXECUTE:EXECFROMBUFF(440)  
VEXECUTE:EXECFROMHRB(136)  
HBMLOAD(22)  
HBMBOOTSTRAP(10)  
HBMSTART(4)  
MAIN(19)  
###################

20210619 - 21:45:36 >>  [INFO] Start config TUI with : e"{   \n	\"maxrow\":39,\n	\"maxcol\":158,\n	\"colortheme\":\"GREEN\"\n}\n"

# Called from : 
CONFIGTUISINGLETON(23)  
HBM_BOOTSTRAP(28)  
VEXECUTE:EXECFROMBUFF(439)  
VEXECUTE:EXECFROMHRB(136)  
HBMLOAD(22)  
HBMBOOTSTRAP(10)  
HBMSTART(4)  
MAIN(19)  
###################

20210619 - 21:45:36 >>  [WARNING] Undefined operation in form TUI. ::cOper = 

# Called from : 
VGETCMD:SHOW(402)  
HBM_BOOTSTRAP(44)  
VEXECUTE:EXECFROMBUFF(439)  
VEXECUTE:EXECFROMHRB(136)  
HBMLOAD(22)  
HBMBOOTSTRAP(10)  
HBMSTART(4)  
MAIN(19)  
###################

20210619 - 21:45:36 >>  [WARNING] Undefined operation in form TUI. ::cOper = 

# Called from : 
VGETCMD:SHOW(402)  
HBM_BOOTSTRAP(44)  
VEXECUTE:EXECFROMBUFF(439)  
VEXECUTE:EXECFROMHRB(136)  
HBMLOAD(22)  
HBMBOOTSTRAP(10)  
HBMSTART(4)  
MAIN(19)  
###################

20210619 - 21:45:36 >>  [WARNING] Undefined operation in form TUI. ::cOper = 

# Called from : 
VGETCMD:SHOW(402)  
HBM_BOOTSTRAP(44)  
VEXECUTE:EXECFROMBUFF(439)  
VEXECUTE:EXECFROMHRB(136)  
HBMLOAD(22)  
HBMBOOTSTRAP(10)  
HBMSTART(4)  
MAIN(19)  
###################

20210619 - 21:45:36 >>  [WARNING] Undefined operation in form TUI. ::cOper = 

# Called from : 
VGETCMD:SHOW(402)  
HBM_BOOTSTRAP(44)  
VEXECUTE:EXECFROMBUFF(439)  
VEXECUTE:EXECFROMHRB(136)  
HBMLOAD(22)  
HBMBOOTSTRAP(10)  
HBMSTART(4)  
MAIN(19)  
###################

20210619 - 21:46:31 >>  [INFO] After execute with return : 27

# Called from : 
VEXECUTE:EXECFROMBUFF(440)  
VEXECUTE:EXECFROMHRB(136)  
HBMLOAD(22)  
HBMBOOTSTRAP(10)  
HBMSTART(4)  
MAIN(19)  
###################

20210619 - 21:46:44 >>  [INFO] Start config TUI with : e"{   \n	\"maxrow\":39,\n	\"maxcol\":158,\n	\"colortheme\":\"GREEN\"\n}\n"

# Called from : 
CONFIGTUISINGLETON(23)  
HBM_BOOTSTRAP(28)  
VEXECUTE:EXECFROMBUFF(439)  
VEXECUTE:EXECFROMHRB(136)  
HBMLOAD(22)  
HBMBOOTSTRAP(10)  
HBMSTART(4)  
MAIN(19)  
###################

20210619 - 21:46:44 >>  [WARNING] Undefined operation in form TUI. ::cOper = 

# Called from : 
VGETCMD:SHOW(402)  
HBM_BOOTSTRAP(44)  
VEXECUTE:EXECFROMBUFF(439)  
VEXECUTE:EXECFROMHRB(136)  
HBMLOAD(22)  
HBMBOOTSTRAP(10)  
HBMSTART(4)  
MAIN(19)  
###################

20210619 - 21:46:44 >>  [WARNING] Undefined operation in form TUI. ::cOper = 

# Called from : 
VGETCMD:SHOW(402)  
HBM_BOOTSTRAP(44)  
VEXECUTE:EXECFROMBUFF(439)  
VEXECUTE:EXECFROMHRB(136)  
HBMLOAD(22)  
HBMBOOTSTRAP(10)  
HBMSTART(4)  
MAIN(19)  
###################

20210619 - 21:46:44 >>  [WARNING] Undefined operation in form TUI. ::cOper = 

# Called from : 
VGETCMD:SHOW(402)  
HBM_BOOTSTRAP(44)  
VEXECUTE:EXECFROMBUFF(439)  
VEXECUTE:EXECFROMHRB(136)  
HBMLOAD(22)  
HBMBOOTSTRAP(10)  
HBMSTART(4)  
MAIN(19)  
###################

20210619 - 21:46:44 >>  [WARNING] Undefined operation in form TUI. ::cOper = 

# Called from : 
VGETCMD:SHOW(402)  
HBM_BOOTSTRAP(44)  
VEXECUTE:EXECFROMBUFF(439)  
VEXECUTE:EXECFROMHRB(136)  
HBMLOAD(22)  
HBMBOOTSTRAP(10)  
HBMSTART(4)  
MAIN(19)  
###################

20210619 - 21:46:50 >>  [INFO] After execute with return : 27

# Called from : 
VEXECUTE:EXECFROMBUFF(440)  
VEXECUTE:EXECFROMHRB(136)  
HBMLOAD(22)  
HBMBOOTSTRAP(10)  
HBMSTART(4)  
MAIN(19)  
###################

20210619 - 21:51:56 >>  [INFO] Start config TUI with : e"{   \n	\"maxrow\":39,\n	\"maxcol\":158,\n	\"colortheme\":\"GREEN\"\n}\n"

# Called from : 
CONFIGTUISINGLETON(23)  
HBM_BOOTSTRAP(28)  
VEXECUTE:EXECFROMBUFF(439)  
VEXECUTE:EXECFROMPRG(208)  
HBMLOAD(24)  
HBMBOOTSTRAP(10)  
HBMSTART(4)  
MAIN(23)  
###################

20210619 - 21:51:56 >>  [WARNING] Undefined operation in form TUI. ::cOper = 

# Called from : 
VGETCMD:SHOW(402)  
HBM_BOOTSTRAP(44)  
VEXECUTE:EXECFROMBUFF(439)  
VEXECUTE:EXECFROMPRG(208)  
HBMLOAD(24)  
HBMBOOTSTRAP(10)  
HBMSTART(4)  
MAIN(23)  
###################

20210619 - 21:51:56 >>  [WARNING] Undefined operation in form TUI. ::cOper = 

# Called from : 
VGETCMD:SHOW(402)  
HBM_BOOTSTRAP(44)  
VEXECUTE:EXECFROMBUFF(439)  
VEXECUTE:EXECFROMPRG(208)  
HBMLOAD(24)  
HBMBOOTSTRAP(10)  
HBMSTART(4)  
MAIN(23)  
###################

20210619 - 21:51:56 >>  [WARNING] Undefined operation in form TUI. ::cOper = 

# Called from : 
VGETCMD:SHOW(402)  
HBM_BOOTSTRAP(44)  
VEXECUTE:EXECFROMBUFF(439)  
VEXECUTE:EXECFROMPRG(208)  
HBMLOAD(24)  
HBMBOOTSTRAP(10)  
HBMSTART(4)  
MAIN(23)  
###################

20210619 - 21:51:56 >>  [WARNING] Undefined operation in form TUI. ::cOper = 

# Called from : 
VGETCMD:SHOW(402)  
HBM_BOOTSTRAP(44)  
VEXECUTE:EXECFROMBUFF(439)  
VEXECUTE:EXECFROMPRG(208)  
HBMLOAD(24)  
HBMBOOTSTRAP(10)  
HBMSTART(4)  
MAIN(23)  
###################

20210619 - 21:52:03 >>  [INFO] After execute with return : 13

# Called from : 
VEXECUTE:EXECFROMBUFF(440)  
VEXECUTE:EXECFROMPRG(208)  
HBMLOAD(24)  
HBMBOOTSTRAP(10)  
HBMSTART(4)  
MAIN(23)  
###################

20210619 - 21:52:03 >>  [INFO] After send buffer to execute

# Called from : 
VEXECUTE:EXECFROMPRG(209)  
HBMLOAD(24)  
HBMBOOTSTRAP(10)  
HBMSTART(4)  
MAIN(23)  
###################

20210619 - 21:54:01 >>  [INFO] Start config TUI with : e"{   \n	\"maxrow\":39,\n	\"maxcol\":158,\n	\"colortheme\":\"GREEN\"\n}\n"

# Called from : 
CONFIGTUISINGLETON(23)  
HBM_BOOTSTRAP(28)  
VEXECUTE:EXECFROMBUFF(439)  
VEXECUTE:EXECFROMPRG(208)  
HBMLOAD(24)  
HBMBOOTSTRAP(10)  
HBMSTART(4)  
MAIN(23)  
###################

20210619 - 21:54:01 >>  [WARNING] Undefined operation in form TUI. ::cOper = 

# Called from : 
VGETCMD:SHOW(402)  
HBM_BOOTSTRAP(44)  
VEXECUTE:EXECFROMBUFF(439)  
VEXECUTE:EXECFROMPRG(208)  
HBMLOAD(24)  
HBMBOOTSTRAP(10)  
HBMSTART(4)  
MAIN(23)  
###################

20210619 - 21:54:01 >>  [WARNING] Undefined operation in form TUI. ::cOper = 

# Called from : 
VGETCMD:SHOW(402)  
HBM_BOOTSTRAP(44)  
VEXECUTE:EXECFROMBUFF(439)  
VEXECUTE:EXECFROMPRG(208)  
HBMLOAD(24)  
HBMBOOTSTRAP(10)  
HBMSTART(4)  
MAIN(23)  
###################

20210619 - 21:54:01 >>  [WARNING] Undefined operation in form TUI. ::cOper = 

# Called from : 
VGETCMD:SHOW(402)  
HBM_BOOTSTRAP(44)  
VEXECUTE:EXECFROMBUFF(439)  
VEXECUTE:EXECFROMPRG(208)  
HBMLOAD(24)  
HBMBOOTSTRAP(10)  
HBMSTART(4)  
MAIN(23)  
###################

20210619 - 21:54:01 >>  [WARNING] Undefined operation in form TUI. ::cOper = 

# Called from : 
VGETCMD:SHOW(402)  
HBM_BOOTSTRAP(44)  
VEXECUTE:EXECFROMBUFF(439)  
VEXECUTE:EXECFROMPRG(208)  
HBMLOAD(24)  
HBMBOOTSTRAP(10)  
HBMSTART(4)  
MAIN(23)  
###################

20210619 - 21:56:39 >>  [INFO] After execute with return : 13

# Called from : 
VEXECUTE:EXECFROMBUFF(440)  
VEXECUTE:EXECFROMPRG(208)  
HBMLOAD(24)  
HBMBOOTSTRAP(10)  
HBMSTART(4)  
MAIN(23)  
###################

20210619 - 21:56:39 >>  [INFO] After send buffer to execute

# Called from : 
VEXECUTE:EXECFROMPRG(209)  
HBMLOAD(24)  
HBMBOOTSTRAP(10)  
HBMSTART(4)  
MAIN(23)  
###################

20210619 - 22:09:02 >>  [INFO] Start config TUI with : e"{   \n	\"maxrow\":39,\n	\"maxcol\":158,\n	\"colortheme\":\"GREEN\"\n}\n"

# Called from : 
CONFIGTUISINGLETON(23)  
HBM_BOOTSTRAP(28)  
VEXECUTE:EXECFROMBUFF(439)  
VEXECUTE:EXECFROMHRB(136)  
HBMLOAD(22)  
HBMBOOTSTRAP(10)  
HBMSTART(4)  
MAIN(19)  
###################

20210619 - 22:09:02 >>  [WARNING] Undefined operation in form TUI. ::cOper = 

# Called from : 
VGETCMD:SHOW(402)  
HBM_BOOTSTRAP(44)  
VEXECUTE:EXECFROMBUFF(439)  
VEXECUTE:EXECFROMHRB(136)  
HBMLOAD(22)  
HBMBOOTSTRAP(10)  
HBMSTART(4)  
MAIN(19)  
###################

20210619 - 22:09:02 >>  [WARNING] Undefined operation in form TUI. ::cOper = 

# Called from : 
VGETCMD:SHOW(402)  
HBM_BOOTSTRAP(44)  
VEXECUTE:EXECFROMBUFF(439)  
VEXECUTE:EXECFROMHRB(136)  
HBMLOAD(22)  
HBMBOOTSTRAP(10)  
HBMSTART(4)  
MAIN(19)  
###################

20210619 - 22:09:02 >>  [WARNING] Undefined operation in form TUI. ::cOper = 

# Called from : 
VGETCMD:SHOW(402)  
HBM_BOOTSTRAP(44)  
VEXECUTE:EXECFROMBUFF(439)  
VEXECUTE:EXECFROMHRB(136)  
HBMLOAD(22)  
HBMBOOTSTRAP(10)  
HBMSTART(4)  
MAIN(19)  
###################

20210619 - 22:09:02 >>  [WARNING] Undefined operation in form TUI. ::cOper = 

# Called from : 
VGETCMD:SHOW(402)  
HBM_BOOTSTRAP(44)  
VEXECUTE:EXECFROMBUFF(439)  
VEXECUTE:EXECFROMHRB(136)  
HBMLOAD(22)  
HBMBOOTSTRAP(10)  
HBMSTART(4)  
MAIN(19)  
###################

20210619 - 22:09:07 >>  [INFO] After execute with return : 13

# Called from : 
VEXECUTE:EXECFROMBUFF(440)  
VEXECUTE:EXECFROMHRB(136)  
HBMLOAD(22)  
HBMBOOTSTRAP(10)  
HBMSTART(4)  
MAIN(19)  
###################

