***************************** BEGIN LOG HEADER ************************************
File created at : 20210704 02:37:44
***************************** END LOG HEADER **************************************

20210704 - 02:37:44 >>  [ERROR] (CODE:20200625221048) Execution error: "hbm_41listbox" => "Unknown or unregistered symbol"("HV_VALTOEXP")  ARGS : NIL /  GENCODE : 1 /  FILENAME : "" /  OPERATION : "HV_VALTOEXP"

# Called from : 
VEXECUTE:EXECFROMBUFF(439)  
VEXECUTE:EXECFROMPRG(208)  
HBMLOAD(24)  
HBM_BOOTSTRAP(83)  
VEXECUTE:EXECFROMBUFF(449)  
VEXECUTE:EXECFROMPRG(208)  
HBMLOAD(24)  
HBMBOOTSTRAP(10)  
HBMSTART(4)  
MAIN(23)  
###################

20210704 - 02:37:44 >>  [ERROR] (CODE:20200625111133) I can't load buffer code

# Called from : 
VEXECUTE:EXECFROMBUFF(476)  
VEXECUTE:EXECFROMPRG(208)  
HBMLOAD(24)  
HBM_BOOTSTRAP(83)  
VEXECUTE:EXECFROMBUFF(449)  
VEXECUTE:EXECFROMPRG(208)  
HBMLOAD(24)  
HBMBOOTSTRAP(10)  
HBMSTART(4)  
MAIN(23)  
###################

