***************************** BEGIN LOG HEADER ************************************
File created at : 20210801 20:47:24
***************************** END LOG HEADER **************************************

20210801 - 20:47:24 >>  [INFO] After compile file code/cfg_ip.prg. Ok.

# Called from : 
VCOMPILE:COMPILE(187)  
VEXECUTE:EXECFROMPRG(206)  
HBMLOAD(28)  
(b)HBM_BOOTSTRAP(15)  
HBMENUSYS:EXECUTE(0)  
HBMENUSYS:MODAL(0)  
MENUMODAL(0)  
HBM_BOOTSTRAP(19)  
VEXECUTE:EXECFROMBUFF(526)  
VEXECUTE:EXECFROMPRG(209)  
HBMLOAD(28)  
HBMBOOTSTRAP(12)  
HBMSTART(6)  
MAIN(29)  
###################

20210801 - 20:47:24 >>  [INFO] Before send buffer to execute

# Called from : 
VEXECUTE:EXECFROMPRG(208)  
HBMLOAD(28)  
(b)HBM_BOOTSTRAP(15)  
HBMENUSYS:EXECUTE(0)  
HBMENUSYS:MODAL(0)  
MENUMODAL(0)  
HBM_BOOTSTRAP(19)  
VEXECUTE:EXECFROMBUFF(526)  
VEXECUTE:EXECFROMPRG(209)  
HBMLOAD(28)  
HBMBOOTSTRAP(12)  
HBMSTART(6)  
MAIN(29)  
###################

20210801 - 20:47:24 >>  [INFO] Before load buffer. Function : hbm_cfg_ip

# Called from : 
VEXECUTE:EXECFROMBUFF(503)  
VEXECUTE:EXECFROMPRG(209)  
HBMLOAD(28)  
(b)HBM_BOOTSTRAP(15)  
HBMENUSYS:EXECUTE(0)  
HBMENUSYS:MODAL(0)  
MENUMODAL(0)  
HBM_BOOTSTRAP(19)  
VEXECUTE:EXECFROMBUFF(526)  
VEXECUTE:EXECFROMPRG(209)  
HBMLOAD(28)  
HBMBOOTSTRAP(12)  
HBMSTART(6)  
MAIN(29)  
###################

20210801 - 20:47:24 >>  [INFO] Before execute function hbm_cfg_ip

# Called from : 
VEXECUTE:EXECFROMBUFF(525)  
VEXECUTE:EXECFROMPRG(209)  
HBMLOAD(28)  
(b)HBM_BOOTSTRAP(15)  
HBMENUSYS:EXECUTE(0)  
HBMENUSYS:MODAL(0)  
MENUMODAL(0)  
HBM_BOOTSTRAP(19)  
VEXECUTE:EXECFROMBUFF(526)  
VEXECUTE:EXECFROMPRG(209)  
HBMLOAD(28)  
HBMBOOTSTRAP(12)  
HBMSTART(6)  
MAIN(29)  
###################

20210801 - 20:47:24 >>  [INFO] Data base open successfully

# Called from : 
VSQLITE:OPEN(134)  
FQUERYTODBF(99)  
VBROWSECMD:OPEN(222)  
VBROWSECMD:SHOW(439)  
HBM_CFG_IP(38)  
VEXECUTE:EXECFROMBUFF(526)  
VEXECUTE:EXECFROMPRG(209)  
HBMLOAD(28)  
(b)HBM_BOOTSTRAP(15)  
HBMENUSYS:EXECUTE(0)  
HBMENUSYS:MODAL(0)  
MENUMODAL(0)  
HBM_BOOTSTRAP(19)  
VEXECUTE:EXECFROMBUFF(526)  
VEXECUTE:EXECFROMPRG(209)  
HBMLOAD(28)  
HBMBOOTSTRAP(12)  
HBMSTART(6)  
MAIN(29)  
###################

20210801 - 20:47:24 >>  [INFO] Data base open successfully

# Called from : 
FQUERYTODBF(103)  
VBROWSECMD:OPEN(222)  
VBROWSECMD:SHOW(439)  
HBM_CFG_IP(38)  
VEXECUTE:EXECFROMBUFF(526)  
VEXECUTE:EXECFROMPRG(209)  
HBMLOAD(28)  
(b)HBM_BOOTSTRAP(15)  
HBMENUSYS:EXECUTE(0)  
HBMENUSYS:MODAL(0)  
MENUMODAL(0)  
HBM_BOOTSTRAP(19)  
VEXECUTE:EXECFROMBUFF(526)  
VEXECUTE:EXECFROMPRG(209)  
HBMLOAD(28)  
HBMBOOTSTRAP(12)  
HBMSTART(6)  
MAIN(29)  
###################

20210801 - 20:47:24 >>  [INFO] Mounted query :         SELECT  a.id_cfg_ip, a.descricao, a.endereco_ip, a.mac        FROM cfg_ip as a WHERE 1=1  LIMIT 14 OFFSET 0 / Original :         SELECT  a.id_cfg_ip, a.descricao, a.endereco_ip, a.mac        FROM cfg_ip as a WHERE 1=1 , nPage : 1, nLimit : 14

# Called from : 
VSQLITE:MOUNTQUERY(730)  
VSQLITE:EXECUTEQUERY(263)  
VSQLITE:EXECUTEQUERYTODBF(1250)  
FQUERYTODBF(118)  
VBROWSECMD:OPEN(222)  
VBROWSECMD:SHOW(439)  
HBM_CFG_IP(38)  
VEXECUTE:EXECFROMBUFF(526)  
VEXECUTE:EXECFROMPRG(209)  
HBMLOAD(28)  
(b)HBM_BOOTSTRAP(15)  
HBMENUSYS:EXECUTE(0)  
HBMENUSYS:MODAL(0)  
MENUMODAL(0)  
HBM_BOOTSTRAP(19)  
VEXECUTE:EXECFROMBUFF(526)  
VEXECUTE:EXECFROMPRG(209)  
HBMLOAD(28)  
HBMBOOTSTRAP(12)  
HBMSTART(6)  
MAIN(29)  
###################

20210801 - 20:47:25 >>  [INFO] Mounted query :         SELECT  a.id_cfg_ip, a.descricao, a.endereco_ip, a.mac        FROM cfg_ip as a WHERE 1=1  LIMIT 14 OFFSET 0 / Original :         SELECT  a.id_cfg_ip, a.descricao, a.endereco_ip, a.mac        FROM cfg_ip as a WHERE 1=1 , nPage : 1, nLimit : 14

# Called from : 
FQUERYTODBF(121)  
VBROWSECMD:OPEN(222)  
VBROWSECMD:SHOW(439)  
HBM_CFG_IP(38)  
VEXECUTE:EXECFROMBUFF(526)  
VEXECUTE:EXECFROMPRG(209)  
HBMLOAD(28)  
(b)HBM_BOOTSTRAP(15)  
HBMENUSYS:EXECUTE(0)  
HBMENUSYS:MODAL(0)  
MENUMODAL(0)  
HBM_BOOTSTRAP(19)  
VEXECUTE:EXECFROMBUFF(526)  
VEXECUTE:EXECFROMPRG(209)  
HBMLOAD(28)  
HBMBOOTSTRAP(12)  
HBMSTART(6)  
MAIN(29)  
###################

20210801 - 20:47:27 >>  [INFO] Data base open successfully

# Called from : 
VSQLITE:OPEN(134)  
FQUERYTODBF(99)  
VLJ_DLOOKUPREGISTER(154)  
VGETCMD:SHOW(417)  
VBROWSECMD:SHOW(708)  
HBM_CFG_IP(38)  
VEXECUTE:EXECFROMBUFF(526)  
VEXECUTE:EXECFROMPRG(209)  
HBMLOAD(28)  
(b)HBM_BOOTSTRAP(15)  
HBMENUSYS:EXECUTE(0)  
HBMENUSYS:MODAL(0)  
MENUMODAL(0)  
HBM_BOOTSTRAP(19)  
VEXECUTE:EXECFROMBUFF(526)  
VEXECUTE:EXECFROMPRG(209)  
HBMLOAD(28)  
HBMBOOTSTRAP(12)  
HBMSTART(6)  
MAIN(29)  
###################

20210801 - 20:47:27 >>  [INFO] Data base open successfully

# Called from : 
FQUERYTODBF(103)  
VLJ_DLOOKUPREGISTER(154)  
VGETCMD:SHOW(417)  
VBROWSECMD:SHOW(708)  
HBM_CFG_IP(38)  
VEXECUTE:EXECFROMBUFF(526)  
VEXECUTE:EXECFROMPRG(209)  
HBMLOAD(28)  
(b)HBM_BOOTSTRAP(15)  
HBMENUSYS:EXECUTE(0)  
HBMENUSYS:MODAL(0)  
MENUMODAL(0)  
HBM_BOOTSTRAP(19)  
VEXECUTE:EXECFROMBUFF(526)  
VEXECUTE:EXECFROMPRG(209)  
HBMLOAD(28)  
HBMBOOTSTRAP(12)  
HBMSTART(6)  
MAIN(29)  
###################

20210801 - 20:47:27 >>  [INFO] Mounted query : SELECT * FROM cfg_ip WHERE id_cfg_ip = '0_00222087744623423_2010-06-09_12:26:28_737183-03_::Wed_Jun_09_12:26:28_741041_2010_BRT' / Original : SELECT * FROM cfg_ip WHERE id_cfg_ip = '0_00222087744623423_2010-06-09_12:26:28_737183-03_::Wed_Jun_09_12:26:28_741041_2010_BRT', nPage : 1, nLimit : 0

# Called from : 
VSQLITE:MOUNTQUERY(730)  
VSQLITE:EXECUTEQUERY(263)  
VSQLITE:EXECUTEQUERYTODBF(1250)  
FQUERYTODBF(118)  
VLJ_DLOOKUPREGISTER(154)  
VGETCMD:SHOW(417)  
VBROWSECMD:SHOW(708)  
HBM_CFG_IP(38)  
VEXECUTE:EXECFROMBUFF(526)  
VEXECUTE:EXECFROMPRG(209)  
HBMLOAD(28)  
(b)HBM_BOOTSTRAP(15)  
HBMENUSYS:EXECUTE(0)  
HBMENUSYS:MODAL(0)  
MENUMODAL(0)  
HBM_BOOTSTRAP(19)  
VEXECUTE:EXECFROMBUFF(526)  
VEXECUTE:EXECFROMPRG(209)  
HBMLOAD(28)  
HBMBOOTSTRAP(12)  
HBMSTART(6)  
MAIN(29)  
###################

20210801 - 20:47:27 >>  [INFO] Mounted query : SELECT * FROM cfg_ip WHERE id_cfg_ip = '0_00222087744623423_2010-06-09_12:26:28_737183-03_::Wed_Jun_09_12:26:28_741041_2010_BRT' / Original : SELECT * FROM cfg_ip WHERE id_cfg_ip = '0_00222087744623423_2010-06-09_12:26:28_737183-03_::Wed_Jun_09_12:26:28_741041_2010_BRT', nPage : 1, nLimit : 0

# Called from : 
FQUERYTODBF(121)  
VLJ_DLOOKUPREGISTER(154)  
VGETCMD:SHOW(417)  
VBROWSECMD:SHOW(708)  
HBM_CFG_IP(38)  
VEXECUTE:EXECFROMBUFF(526)  
VEXECUTE:EXECFROMPRG(209)  
HBMLOAD(28)  
(b)HBM_BOOTSTRAP(15)  
HBMENUSYS:EXECUTE(0)  
HBMENUSYS:MODAL(0)  
MENUMODAL(0)  
HBM_BOOTSTRAP(19)  
VEXECUTE:EXECFROMBUFF(526)  
VEXECUTE:EXECFROMPRG(209)  
HBMLOAD(28)  
HBMBOOTSTRAP(12)  
HBMSTART(6)  
MAIN(29)  
###################

20210801 - 20:47:27 >>  [ERROR] (CODE:20200712210743) The configuration file (filename: database.ini) not found

# Called from : 
ISQL:NEW(133)  
FQUERYTODBF(95)  
VLJ_DLOOKUPTODEFCONTROL(404)  
TUILOOKUP(55)  
VGETCMD:EXECLOOKUP(617)  
VGETCMD:SHOW(536)  
VBROWSECMD:SHOW(708)  
HBM_CFG_IP(38)  
VEXECUTE:EXECFROMBUFF(526)  
VEXECUTE:EXECFROMPRG(209)  
HBMLOAD(28)  
(b)HBM_BOOTSTRAP(15)  
HBMENUSYS:EXECUTE(0)  
HBMENUSYS:MODAL(0)  
MENUMODAL(0)  
HBM_BOOTSTRAP(19)  
VEXECUTE:EXECFROMBUFF(526)  
VEXECUTE:EXECFROMPRG(209)  
HBMLOAD(28)  
HBMBOOTSTRAP(12)  
HBMSTART(6)  
MAIN(29)  
###################

20210801 - 20:47:27 >>  [ERROR] (CODE:20200625105833) Execution error: "hbm_cfg_ip"
 Description :  "M‚todo nÆo exportado"
 Operation   :  "OPEN"
INSIDE ROUTINE : hbm_cfg_ip(  )
 ARGS : {NIL}
 GENCODE : 13
 FILENAME : ""
 OPERATION : "OPEN"
                               ((((c,               ,7))))
                               (((((((              ))))))))
                              (((((((            ))))))))
                               ((((((@@@@@@@@@@@))))))))
                               @@@@@@@@@@@@@@@@)))))))
                              @@@@@@@@@@@@@@@@@@))))))@@@@
                             @@/,:::,\/,:::,\@@@@@@@@@@@@@@
                             @@|:::::||:::::|@@@@@@@@@@@@@@@
                             @@\':::'/\':::'/@@@@@@@@@@@@@@
                              @@@@@@@@@@@@@@@@@@@@@@@@@@@
                               @@@@@@@@@@@@@@@@@@@@@@\
                                  /    \        (     \
                                 (      )        \     \
                                  \    /          \
Runtime error                  bug


# Called from : 
VEXECUTE:EXECFROMBUFF(560)  
VEXECUTE:EXECFROMPRG(209)  
HBMLOAD(28)  
(b)HBM_BOOTSTRAP(15)  
HBMENUSYS:EXECUTE(0)  
HBMENUSYS:MODAL(0)  
MENUMODAL(0)  
HBM_BOOTSTRAP(19)  
VEXECUTE:EXECFROMBUFF(526)  
VEXECUTE:EXECFROMPRG(209)  
HBMLOAD(28)  
HBMBOOTSTRAP(12)  
HBMSTART(6)  
MAIN(29)  
###################

20210801 - 20:47:27 >>  [INFO] After send buffer to execute

# Called from : 
VEXECUTE:EXECFROMPRG(210)  
HBMLOAD(28)  
(b)HBM_BOOTSTRAP(15)  
HBMENUSYS:EXECUTE(0)  
HBMENUSYS:MODAL(0)  
MENUMODAL(0)  
HBM_BOOTSTRAP(19)  
VEXECUTE:EXECFROMBUFF(526)  
VEXECUTE:EXECFROMPRG(209)  
HBMLOAD(28)  
HBMBOOTSTRAP(12)  
HBMSTART(6)  
MAIN(29)  
###################

20210801 - 20:47:30 >>  [INFO] After execute with return : NIL

# Called from : 
VEXECUTE:EXECFROMBUFF(527)  
VEXECUTE:EXECFROMPRG(209)  
HBMLOAD(28)  
HBMBOOTSTRAP(12)  
HBMSTART(6)  
MAIN(29)  
###################

20210801 - 20:47:30 >>  [INFO] After send buffer to execute

# Called from : 
VEXECUTE:EXECFROMPRG(210)  
HBMLOAD(28)  
HBMBOOTSTRAP(12)  
HBMSTART(6)  
MAIN(29)  
###################

