***************************** BEGIN LOG HEADER ************************************
File created at : 20210803 04:56:30
***************************** END LOG HEADER **************************************

20210803 - 04:56:30 >>  [INFO] After compile file code/cfg_ip.prg. Ok.

# Called from : 
VCOMPILE:COMPILE(187)  
VEXECUTE:EXECFROMPRG(206)  
HBMLOAD(28)  
(b)HBM_BOOTSTRAP(15)  
HBMENUSYS:EXECUTE(0)  
HBMENUSYS:MODAL(0)  
MENUMODAL(0)  
HBM_BOOTSTRAP(19)  
VEXECUTE:EXECFROMBUFF(526)  
VEXECUTE:EXECFROMPRG(209)  
HBMLOAD(28)  
HBMBOOTSTRAP(12)  
HBMSTART(6)  
MAIN(29)  
###################

20210803 - 04:56:30 >>  [INFO] Before send buffer to execute

# Called from : 
VEXECUTE:EXECFROMPRG(208)  
HBMLOAD(28)  
(b)HBM_BOOTSTRAP(15)  
HBMENUSYS:EXECUTE(0)  
HBMENUSYS:MODAL(0)  
MENUMODAL(0)  
HBM_BOOTSTRAP(19)  
VEXECUTE:EXECFROMBUFF(526)  
VEXECUTE:EXECFROMPRG(209)  
HBMLOAD(28)  
HBMBOOTSTRAP(12)  
HBMSTART(6)  
MAIN(29)  
###################

20210803 - 04:56:30 >>  [INFO] Before load buffer. Function : hbm_cfg_ip

# Called from : 
VEXECUTE:EXECFROMBUFF(503)  
VEXECUTE:EXECFROMPRG(209)  
HBMLOAD(28)  
(b)HBM_BOOTSTRAP(15)  
HBMENUSYS:EXECUTE(0)  
HBMENUSYS:MODAL(0)  
MENUMODAL(0)  
HBM_BOOTSTRAP(19)  
VEXECUTE:EXECFROMBUFF(526)  
VEXECUTE:EXECFROMPRG(209)  
HBMLOAD(28)  
HBMBOOTSTRAP(12)  
HBMSTART(6)  
MAIN(29)  
###################

20210803 - 04:56:30 >>  [INFO] Before execute function hbm_cfg_ip

# Called from : 
VEXECUTE:EXECFROMBUFF(525)  
VEXECUTE:EXECFROMPRG(209)  
HBMLOAD(28)  
(b)HBM_BOOTSTRAP(15)  
HBMENUSYS:EXECUTE(0)  
HBMENUSYS:MODAL(0)  
MENUMODAL(0)  
HBM_BOOTSTRAP(19)  
VEXECUTE:EXECFROMBUFF(526)  
VEXECUTE:EXECFROMPRG(209)  
HBMLOAD(28)  
HBMBOOTSTRAP(12)  
HBMSTART(6)  
MAIN(29)  
###################

20210803 - 04:56:30 >>  [ERROR] (CODE:20200711110443) File rede.db3 in path /home/vlademiro/sistemas/hbmediator/samples/rede/data doesn't exists

# Called from : 
VSQLITE:OPEN(140)  
FQUERYTODBF(99)  
VBROWSECMD:OPEN(222)  
VBROWSECMD:SHOW(439)  
HBM_CFG_IP(38)  
VEXECUTE:EXECFROMBUFF(526)  
VEXECUTE:EXECFROMPRG(209)  
HBMLOAD(28)  
(b)HBM_BOOTSTRAP(15)  
HBMENUSYS:EXECUTE(0)  
HBMENUSYS:MODAL(0)  
MENUMODAL(0)  
HBM_BOOTSTRAP(19)  
VEXECUTE:EXECFROMBUFF(526)  
VEXECUTE:EXECFROMPRG(209)  
HBMLOAD(28)  
HBMBOOTSTRAP(12)  
HBMSTART(6)  
MAIN(29)  
###################

20210803 - 04:56:30 >>  [ERROR] File rede.db3 in path /home/vlademiro/sistemas/hbmediator/samples/rede/data doesn't exists

# Called from : 
FQUERYTODBF(127)  
VBROWSECMD:OPEN(222)  
VBROWSECMD:SHOW(439)  
HBM_CFG_IP(38)  
VEXECUTE:EXECFROMBUFF(526)  
VEXECUTE:EXECFROMPRG(209)  
HBMLOAD(28)  
(b)HBM_BOOTSTRAP(15)  
HBMENUSYS:EXECUTE(0)  
HBMENUSYS:MODAL(0)  
MENUMODAL(0)  
HBM_BOOTSTRAP(19)  
VEXECUTE:EXECFROMBUFF(526)  
VEXECUTE:EXECFROMPRG(209)  
HBMLOAD(28)  
HBMBOOTSTRAP(12)  
HBMSTART(6)  
MAIN(29)  
###################

20210803 - 04:56:30 >>  [ERROR] (CODE:20200625105833) Execution error: "hbm_cfg_ip"
 Description :  "Vari vel nÆo existe"
 Operation   :  "DESCRICAO"
INSIDE ROUTINE : hbm_cfg_ip(  )
 ARGS : NIL
 GENCODE : 14
 FILENAME : ""
 OPERATION : "DESCRICAO"
                               ((((c,               ,7))))
                               (((((((              ))))))))
                              (((((((            ))))))))
                               ((((((@@@@@@@@@@@))))))))
                               @@@@@@@@@@@@@@@@)))))))
                              @@@@@@@@@@@@@@@@@@))))))@@@@
                             @@/,:::,\/,:::,\@@@@@@@@@@@@@@
                             @@|:::::||:::::|@@@@@@@@@@@@@@@
                             @@\':::'/\':::'/@@@@@@@@@@@@@@
                              @@@@@@@@@@@@@@@@@@@@@@@@@@@
                               @@@@@@@@@@@@@@@@@@@@@@\
                                  /    \        (     \
                                 (      )        \     \
                                  \    /          \
Runtime error                  bug


# Called from : 
VEXECUTE:EXECFROMBUFF(560)  
VEXECUTE:EXECFROMPRG(209)  
HBMLOAD(28)  
(b)HBM_BOOTSTRAP(15)  
HBMENUSYS:EXECUTE(0)  
HBMENUSYS:MODAL(0)  
MENUMODAL(0)  
HBM_BOOTSTRAP(19)  
VEXECUTE:EXECFROMBUFF(526)  
VEXECUTE:EXECFROMPRG(209)  
HBMLOAD(28)  
HBMBOOTSTRAP(12)  
HBMSTART(6)  
MAIN(29)  
###################

20210803 - 04:56:30 >>  [INFO] After send buffer to execute

# Called from : 
VEXECUTE:EXECFROMPRG(210)  
HBMLOAD(28)  
(b)HBM_BOOTSTRAP(15)  
HBMENUSYS:EXECUTE(0)  
HBMENUSYS:MODAL(0)  
MENUMODAL(0)  
HBM_BOOTSTRAP(19)  
VEXECUTE:EXECFROMBUFF(526)  
VEXECUTE:EXECFROMPRG(209)  
HBMLOAD(28)  
HBMBOOTSTRAP(12)  
HBMSTART(6)  
MAIN(29)  
###################

20210803 - 04:56:33 >>  [INFO] After compile file code/faixa.prg. Ok.

# Called from : 
VCOMPILE:COMPILE(187)  
VEXECUTE:EXECFROMPRG(206)  
HBMLOAD(28)  
(b)HBM_BOOTSTRAP(16)  
HBMENUSYS:EXECUTE(0)  
HBMENUSYS:MODAL(0)  
MENUMODAL(0)  
HBM_BOOTSTRAP(19)  
VEXECUTE:EXECFROMBUFF(526)  
VEXECUTE:EXECFROMPRG(209)  
HBMLOAD(28)  
HBMBOOTSTRAP(12)  
HBMSTART(6)  
MAIN(29)  
###################

20210803 - 04:56:33 >>  [INFO] Before send buffer to execute

# Called from : 
VEXECUTE:EXECFROMPRG(208)  
HBMLOAD(28)  
(b)HBM_BOOTSTRAP(16)  
HBMENUSYS:EXECUTE(0)  
HBMENUSYS:MODAL(0)  
MENUMODAL(0)  
HBM_BOOTSTRAP(19)  
VEXECUTE:EXECFROMBUFF(526)  
VEXECUTE:EXECFROMPRG(209)  
HBMLOAD(28)  
HBMBOOTSTRAP(12)  
HBMSTART(6)  
MAIN(29)  
###################

20210803 - 04:56:33 >>  [INFO] Before load buffer. Function : hbm_faixa

# Called from : 
VEXECUTE:EXECFROMBUFF(503)  
VEXECUTE:EXECFROMPRG(209)  
HBMLOAD(28)  
(b)HBM_BOOTSTRAP(16)  
HBMENUSYS:EXECUTE(0)  
HBMENUSYS:MODAL(0)  
MENUMODAL(0)  
HBM_BOOTSTRAP(19)  
VEXECUTE:EXECFROMBUFF(526)  
VEXECUTE:EXECFROMPRG(209)  
HBMLOAD(28)  
HBMBOOTSTRAP(12)  
HBMSTART(6)  
MAIN(29)  
###################

20210803 - 04:56:34 >>  [INFO] Before execute function hbm_faixa

# Called from : 
VEXECUTE:EXECFROMBUFF(525)  
VEXECUTE:EXECFROMPRG(209)  
HBMLOAD(28)  
(b)HBM_BOOTSTRAP(16)  
HBMENUSYS:EXECUTE(0)  
HBMENUSYS:MODAL(0)  
MENUMODAL(0)  
HBM_BOOTSTRAP(19)  
VEXECUTE:EXECFROMBUFF(526)  
VEXECUTE:EXECFROMPRG(209)  
HBMLOAD(28)  
HBMBOOTSTRAP(12)  
HBMSTART(6)  
MAIN(29)  
###################

20210803 - 04:56:34 >>  [ERROR] (CODE:20200711110443) File rede.db3 in path /home/vlademiro/sistemas/hbmediator/samples/rede/data doesn't exists

# Called from : 
VSQLITE:OPEN(140)  
FQUERYTODBF(99)  
VBROWSECMD:OPEN(222)  
VBROWSECMD:SHOW(439)  
HBM_FAIXA(38)  
VEXECUTE:EXECFROMBUFF(526)  
VEXECUTE:EXECFROMPRG(209)  
HBMLOAD(28)  
(b)HBM_BOOTSTRAP(16)  
HBMENUSYS:EXECUTE(0)  
HBMENUSYS:MODAL(0)  
MENUMODAL(0)  
HBM_BOOTSTRAP(19)  
VEXECUTE:EXECFROMBUFF(526)  
VEXECUTE:EXECFROMPRG(209)  
HBMLOAD(28)  
HBMBOOTSTRAP(12)  
HBMSTART(6)  
MAIN(29)  
###################

20210803 - 04:56:34 >>  [ERROR] File rede.db3 in path /home/vlademiro/sistemas/hbmediator/samples/rede/data doesn't exists

# Called from : 
FQUERYTODBF(127)  
VBROWSECMD:OPEN(222)  
VBROWSECMD:SHOW(439)  
HBM_FAIXA(38)  
VEXECUTE:EXECFROMBUFF(526)  
VEXECUTE:EXECFROMPRG(209)  
HBMLOAD(28)  
(b)HBM_BOOTSTRAP(16)  
HBMENUSYS:EXECUTE(0)  
HBMENUSYS:MODAL(0)  
MENUMODAL(0)  
HBM_BOOTSTRAP(19)  
VEXECUTE:EXECFROMBUFF(526)  
VEXECUTE:EXECFROMPRG(209)  
HBMLOAD(28)  
HBMBOOTSTRAP(12)  
HBMSTART(6)  
MAIN(29)  
###################

20210803 - 04:56:34 >>  [ERROR] (CODE:20200625105833) Execution error: "hbm_faixa"
 Description :  "Vari vel nÆo existe"
 Operation   :  "PREFIXO"
INSIDE ROUTINE : hbm_faixa(  )
 ARGS : NIL
 GENCODE : 14
 FILENAME : ""
 OPERATION : "PREFIXO"
                               ((((c,               ,7))))
                               (((((((              ))))))))
                              (((((((            ))))))))
                               ((((((@@@@@@@@@@@))))))))
                               @@@@@@@@@@@@@@@@)))))))
                              @@@@@@@@@@@@@@@@@@))))))@@@@
                             @@/,:::,\/,:::,\@@@@@@@@@@@@@@
                             @@|:::::||:::::|@@@@@@@@@@@@@@@
                             @@\':::'/\':::'/@@@@@@@@@@@@@@
                              @@@@@@@@@@@@@@@@@@@@@@@@@@@
                               @@@@@@@@@@@@@@@@@@@@@@\
                                  /    \        (     \
                                 (      )        \     \
                                  \    /          \
Runtime error                  bug


# Called from : 
VEXECUTE:EXECFROMBUFF(560)  
VEXECUTE:EXECFROMPRG(209)  
HBMLOAD(28)  
(b)HBM_BOOTSTRAP(16)  
HBMENUSYS:EXECUTE(0)  
HBMENUSYS:MODAL(0)  
MENUMODAL(0)  
HBM_BOOTSTRAP(19)  
VEXECUTE:EXECFROMBUFF(526)  
VEXECUTE:EXECFROMPRG(209)  
HBMLOAD(28)  
HBMBOOTSTRAP(12)  
HBMSTART(6)  
MAIN(29)  
###################

20210803 - 04:56:34 >>  [INFO] After send buffer to execute

# Called from : 
VEXECUTE:EXECFROMPRG(210)  
HBMLOAD(28)  
(b)HBM_BOOTSTRAP(16)  
HBMENUSYS:EXECUTE(0)  
HBMENUSYS:MODAL(0)  
MENUMODAL(0)  
HBM_BOOTSTRAP(19)  
VEXECUTE:EXECFROMBUFF(526)  
VEXECUTE:EXECFROMPRG(209)  
HBMLOAD(28)  
HBMBOOTSTRAP(12)  
HBMSTART(6)  
MAIN(29)  
###################

20210803 - 04:56:37 >>  [INFO] After execute with return : NIL

# Called from : 
VEXECUTE:EXECFROMBUFF(527)  
VEXECUTE:EXECFROMPRG(209)  
HBMLOAD(28)  
HBMBOOTSTRAP(12)  
HBMSTART(6)  
MAIN(29)  
###################

20210803 - 04:56:37 >>  [INFO] After send buffer to execute

# Called from : 
VEXECUTE:EXECFROMPRG(210)  
HBMLOAD(28)  
HBMBOOTSTRAP(12)  
HBMSTART(6)  
MAIN(29)  
###################

20210803 - 04:58:07 >>  [INFO] After compile file code/cfg_ip.prg. Ok.

# Called from : 
VCOMPILE:COMPILE(187)  
VEXECUTE:EXECFROMPRG(206)  
HBMLOAD(28)  
(b)HBM_BOOTSTRAP(15)  
HBMENUSYS:EXECUTE(0)  
HBMENUSYS:MODAL(0)  
MENUMODAL(0)  
HBM_BOOTSTRAP(19)  
VEXECUTE:EXECFROMBUFF(526)  
VEXECUTE:EXECFROMPRG(209)  
HBMLOAD(28)  
HBMBOOTSTRAP(12)  
HBMSTART(6)  
MAIN(29)  
###################

20210803 - 04:58:07 >>  [INFO] Before send buffer to execute

# Called from : 
VEXECUTE:EXECFROMPRG(208)  
HBMLOAD(28)  
(b)HBM_BOOTSTRAP(15)  
HBMENUSYS:EXECUTE(0)  
HBMENUSYS:MODAL(0)  
MENUMODAL(0)  
HBM_BOOTSTRAP(19)  
VEXECUTE:EXECFROMBUFF(526)  
VEXECUTE:EXECFROMPRG(209)  
HBMLOAD(28)  
HBMBOOTSTRAP(12)  
HBMSTART(6)  
MAIN(29)  
###################

20210803 - 04:58:07 >>  [INFO] Before load buffer. Function : hbm_cfg_ip

# Called from : 
VEXECUTE:EXECFROMBUFF(503)  
VEXECUTE:EXECFROMPRG(209)  
HBMLOAD(28)  
(b)HBM_BOOTSTRAP(15)  
HBMENUSYS:EXECUTE(0)  
HBMENUSYS:MODAL(0)  
MENUMODAL(0)  
HBM_BOOTSTRAP(19)  
VEXECUTE:EXECFROMBUFF(526)  
VEXECUTE:EXECFROMPRG(209)  
HBMLOAD(28)  
HBMBOOTSTRAP(12)  
HBMSTART(6)  
MAIN(29)  
###################

20210803 - 04:58:07 >>  [INFO] Before execute function hbm_cfg_ip

# Called from : 
VEXECUTE:EXECFROMBUFF(525)  
VEXECUTE:EXECFROMPRG(209)  
HBMLOAD(28)  
(b)HBM_BOOTSTRAP(15)  
HBMENUSYS:EXECUTE(0)  
HBMENUSYS:MODAL(0)  
MENUMODAL(0)  
HBM_BOOTSTRAP(19)  
VEXECUTE:EXECFROMBUFF(526)  
VEXECUTE:EXECFROMPRG(209)  
HBMLOAD(28)  
HBMBOOTSTRAP(12)  
HBMSTART(6)  
MAIN(29)  
###################

20210803 - 04:58:07 >>  [INFO] Data base open successfully

# Called from : 
VSQLITE:OPEN(134)  
FQUERYTODBF(99)  
VBROWSECMD:OPEN(222)  
VBROWSECMD:SHOW(439)  
HBM_CFG_IP(38)  
VEXECUTE:EXECFROMBUFF(526)  
VEXECUTE:EXECFROMPRG(209)  
HBMLOAD(28)  
(b)HBM_BOOTSTRAP(15)  
HBMENUSYS:EXECUTE(0)  
HBMENUSYS:MODAL(0)  
MENUMODAL(0)  
HBM_BOOTSTRAP(19)  
VEXECUTE:EXECFROMBUFF(526)  
VEXECUTE:EXECFROMPRG(209)  
HBMLOAD(28)  
HBMBOOTSTRAP(12)  
HBMSTART(6)  
MAIN(29)  
###################

20210803 - 04:58:07 >>  [INFO] Data base open successfully

# Called from : 
FQUERYTODBF(103)  
VBROWSECMD:OPEN(222)  
VBROWSECMD:SHOW(439)  
HBM_CFG_IP(38)  
VEXECUTE:EXECFROMBUFF(526)  
VEXECUTE:EXECFROMPRG(209)  
HBMLOAD(28)  
(b)HBM_BOOTSTRAP(15)  
HBMENUSYS:EXECUTE(0)  
HBMENUSYS:MODAL(0)  
MENUMODAL(0)  
HBM_BOOTSTRAP(19)  
VEXECUTE:EXECFROMBUFF(526)  
VEXECUTE:EXECFROMPRG(209)  
HBMLOAD(28)  
HBMBOOTSTRAP(12)  
HBMSTART(6)  
MAIN(29)  
###################

20210803 - 04:58:07 >>  [INFO] Mounted query :         SELECT  a.id_cfg_ip, a.descricao, a.endereco_ip, a.mac        FROM cfg_ip as a WHERE 1=1  LIMIT 14 OFFSET 0 / Original :         SELECT  a.id_cfg_ip, a.descricao, a.endereco_ip, a.mac        FROM cfg_ip as a WHERE 1=1 , nPage : 1, nLimit : 14

# Called from : 
VSQLITE:MOUNTQUERY(730)  
VSQLITE:EXECUTEQUERY(263)  
VSQLITE:EXECUTEQUERYTODBF(1250)  
FQUERYTODBF(118)  
VBROWSECMD:OPEN(222)  
VBROWSECMD:SHOW(439)  
HBM_CFG_IP(38)  
VEXECUTE:EXECFROMBUFF(526)  
VEXECUTE:EXECFROMPRG(209)  
HBMLOAD(28)  
(b)HBM_BOOTSTRAP(15)  
HBMENUSYS:EXECUTE(0)  
HBMENUSYS:MODAL(0)  
MENUMODAL(0)  
HBM_BOOTSTRAP(19)  
VEXECUTE:EXECFROMBUFF(526)  
VEXECUTE:EXECFROMPRG(209)  
HBMLOAD(28)  
HBMBOOTSTRAP(12)  
HBMSTART(6)  
MAIN(29)  
###################

20210803 - 04:58:07 >>  [INFO] Mounted query :         SELECT  a.id_cfg_ip, a.descricao, a.endereco_ip, a.mac        FROM cfg_ip as a WHERE 1=1  LIMIT 14 OFFSET 0 / Original :         SELECT  a.id_cfg_ip, a.descricao, a.endereco_ip, a.mac        FROM cfg_ip as a WHERE 1=1 , nPage : 1, nLimit : 14

# Called from : 
FQUERYTODBF(121)  
VBROWSECMD:OPEN(222)  
VBROWSECMD:SHOW(439)  
HBM_CFG_IP(38)  
VEXECUTE:EXECFROMBUFF(526)  
VEXECUTE:EXECFROMPRG(209)  
HBMLOAD(28)  
(b)HBM_BOOTSTRAP(15)  
HBMENUSYS:EXECUTE(0)  
HBMENUSYS:MODAL(0)  
MENUMODAL(0)  
HBM_BOOTSTRAP(19)  
VEXECUTE:EXECFROMBUFF(526)  
VEXECUTE:EXECFROMPRG(209)  
HBMLOAD(28)  
HBMBOOTSTRAP(12)  
HBMSTART(6)  
MAIN(29)  
###################

20210803 - 04:58:09 >>  [INFO] Data base open successfully

# Called from : 
VSQLITE:OPEN(134)  
FQUERYTODBF(99)  
VLJ_DLOOKUPREGISTER(154)  
VGETCMD:SHOW(417)  
VBROWSECMD:SHOW(713)  
HBM_CFG_IP(38)  
VEXECUTE:EXECFROMBUFF(526)  
VEXECUTE:EXECFROMPRG(209)  
HBMLOAD(28)  
(b)HBM_BOOTSTRAP(15)  
HBMENUSYS:EXECUTE(0)  
HBMENUSYS:MODAL(0)  
MENUMODAL(0)  
HBM_BOOTSTRAP(19)  
VEXECUTE:EXECFROMBUFF(526)  
VEXECUTE:EXECFROMPRG(209)  
HBMLOAD(28)  
HBMBOOTSTRAP(12)  
HBMSTART(6)  
MAIN(29)  
###################

20210803 - 04:58:09 >>  [INFO] Data base open successfully

# Called from : 
FQUERYTODBF(103)  
VLJ_DLOOKUPREGISTER(154)  
VGETCMD:SHOW(417)  
VBROWSECMD:SHOW(713)  
HBM_CFG_IP(38)  
VEXECUTE:EXECFROMBUFF(526)  
VEXECUTE:EXECFROMPRG(209)  
HBMLOAD(28)  
(b)HBM_BOOTSTRAP(15)  
HBMENUSYS:EXECUTE(0)  
HBMENUSYS:MODAL(0)  
MENUMODAL(0)  
HBM_BOOTSTRAP(19)  
VEXECUTE:EXECFROMBUFF(526)  
VEXECUTE:EXECFROMPRG(209)  
HBMLOAD(28)  
HBMBOOTSTRAP(12)  
HBMSTART(6)  
MAIN(29)  
###################

20210803 - 04:58:09 >>  [INFO] Mounted query : SELECT * FROM cfg_ip WHERE id_cfg_ip = '0_0253072106279433_2010-06-09_12:19:29_250808-03_::Wed_Jun_09_12:19:29_267417_2010_BRT' / Original : SELECT * FROM cfg_ip WHERE id_cfg_ip = '0_0253072106279433_2010-06-09_12:19:29_250808-03_::Wed_Jun_09_12:19:29_267417_2010_BRT', nPage : 1, nLimit : 0

# Called from : 
VSQLITE:MOUNTQUERY(730)  
VSQLITE:EXECUTEQUERY(263)  
VSQLITE:EXECUTEQUERYTODBF(1250)  
FQUERYTODBF(118)  
VLJ_DLOOKUPREGISTER(154)  
VGETCMD:SHOW(417)  
VBROWSECMD:SHOW(713)  
HBM_CFG_IP(38)  
VEXECUTE:EXECFROMBUFF(526)  
VEXECUTE:EXECFROMPRG(209)  
HBMLOAD(28)  
(b)HBM_BOOTSTRAP(15)  
HBMENUSYS:EXECUTE(0)  
HBMENUSYS:MODAL(0)  
MENUMODAL(0)  
HBM_BOOTSTRAP(19)  
VEXECUTE:EXECFROMBUFF(526)  
VEXECUTE:EXECFROMPRG(209)  
HBMLOAD(28)  
HBMBOOTSTRAP(12)  
HBMSTART(6)  
MAIN(29)  
###################

20210803 - 04:58:09 >>  [INFO] Mounted query : SELECT * FROM cfg_ip WHERE id_cfg_ip = '0_0253072106279433_2010-06-09_12:19:29_250808-03_::Wed_Jun_09_12:19:29_267417_2010_BRT' / Original : SELECT * FROM cfg_ip WHERE id_cfg_ip = '0_0253072106279433_2010-06-09_12:19:29_250808-03_::Wed_Jun_09_12:19:29_267417_2010_BRT', nPage : 1, nLimit : 0

# Called from : 
FQUERYTODBF(121)  
VLJ_DLOOKUPREGISTER(154)  
VGETCMD:SHOW(417)  
VBROWSECMD:SHOW(713)  
HBM_CFG_IP(38)  
VEXECUTE:EXECFROMBUFF(526)  
VEXECUTE:EXECFROMPRG(209)  
HBMLOAD(28)  
(b)HBM_BOOTSTRAP(15)  
HBMENUSYS:EXECUTE(0)  
HBMENUSYS:MODAL(0)  
MENUMODAL(0)  
HBM_BOOTSTRAP(19)  
VEXECUTE:EXECFROMBUFF(526)  
VEXECUTE:EXECFROMPRG(209)  
HBMLOAD(28)  
HBMBOOTSTRAP(12)  
HBMSTART(6)  
MAIN(29)  
###################

20210803 - 04:58:10 >>  [INFO] Data base open successfully

# Called from : 
VSQLITE:OPEN(134)  
FUPDATESQL(245)  
VGETCMD:EXECSUBMIT(1084)  
VBROWSECMD:SHOW(714)  
HBM_CFG_IP(38)  
VEXECUTE:EXECFROMBUFF(526)  
VEXECUTE:EXECFROMPRG(209)  
HBMLOAD(28)  
(b)HBM_BOOTSTRAP(15)  
HBMENUSYS:EXECUTE(0)  
HBMENUSYS:MODAL(0)  
MENUMODAL(0)  
HBM_BOOTSTRAP(19)  
VEXECUTE:EXECFROMBUFF(526)  
VEXECUTE:EXECFROMPRG(209)  
HBMLOAD(28)  
HBMBOOTSTRAP(12)  
HBMSTART(6)  
MAIN(29)  
###################

20210803 - 04:58:10 >>  [INFO] UPDATE cfg_ip SET descricao = 'Bloco Novo - Javam',endereco_ip = '200.19.177.189',mac = '' WHERE id_cfg_ip = '0_0253072106279433_2010-06-09_12:19:29_250808-03_::Wed_Jun_09_12:19:29_267417_2010_BRT';

# Called from : 
VSQLITE:UPDATESQL(1481)  
FUPDATESQL(255)  
VGETCMD:EXECSUBMIT(1084)  
VBROWSECMD:SHOW(714)  
HBM_CFG_IP(38)  
VEXECUTE:EXECFROMBUFF(526)  
VEXECUTE:EXECFROMPRG(209)  
HBMLOAD(28)  
(b)HBM_BOOTSTRAP(15)  
HBMENUSYS:EXECUTE(0)  
HBMENUSYS:MODAL(0)  
MENUMODAL(0)  
HBM_BOOTSTRAP(19)  
VEXECUTE:EXECFROMBUFF(526)  
VEXECUTE:EXECFROMPRG(209)  
HBMLOAD(28)  
HBMBOOTSTRAP(12)  
HBMSTART(6)  
MAIN(29)  
###################

20210803 - 04:58:10 >>  [ERROR] (CODE:20200704113654) UNIQUE constraint failed: cfg_ip.mac ( UPDATE cfg_ip SET descricao = 'Bloco Novo - Javam',endereco_ip = '200.19.177.189',mac = '' WHERE id_cfg_ip = '0_0253072106279433_2010-06-09_12:19:29_250808-03_::Wed_Jun_09_12:19:29_267417_2010_BRT'; ) 

# Called from : 
VSQLITE:EXEC(192)  
VSQLITE:UPDATESQL(1484)  
FUPDATESQL(255)  
VGETCMD:EXECSUBMIT(1084)  
VBROWSECMD:SHOW(714)  
HBM_CFG_IP(38)  
VEXECUTE:EXECFROMBUFF(526)  
VEXECUTE:EXECFROMPRG(209)  
HBMLOAD(28)  
(b)HBM_BOOTSTRAP(15)  
HBMENUSYS:EXECUTE(0)  
HBMENUSYS:MODAL(0)  
MENUMODAL(0)  
HBM_BOOTSTRAP(19)  
VEXECUTE:EXECFROMBUFF(526)  
VEXECUTE:EXECFROMPRG(209)  
HBMLOAD(28)  
HBMBOOTSTRAP(12)  
HBMSTART(6)  
MAIN(29)  
###################

20210803 - 04:58:10 >>  [ERROR] UNIQUE constraint failed: cfg_ip.mac ( UPDATE cfg_ip SET descricao = 'Bloco Novo - Javam',endereco_ip = '200.19.177.189',mac = '' WHERE id_cfg_ip = '0_0253072106279433_2010-06-09_12:19:29_250808-03_::Wed_Jun_09_12:19:29_267417_2010_BRT'; ) 

# Called from : 
FUPDATESQL(259)  
VGETCMD:EXECSUBMIT(1084)  
VBROWSECMD:SHOW(714)  
HBM_CFG_IP(38)  
VEXECUTE:EXECFROMBUFF(526)  
VEXECUTE:EXECFROMPRG(209)  
HBMLOAD(28)  
(b)HBM_BOOTSTRAP(15)  
HBMENUSYS:EXECUTE(0)  
HBMENUSYS:MODAL(0)  
MENUMODAL(0)  
HBM_BOOTSTRAP(19)  
VEXECUTE:EXECFROMBUFF(526)  
VEXECUTE:EXECFROMPRG(209)  
HBMLOAD(28)  
HBMBOOTSTRAP(12)  
HBMSTART(6)  
MAIN(29)  
###################

20210803 - 04:58:55 >>  [INFO] Data base open successfully

# Called from : 
VSQLITE:OPEN(134)  
FQUERYTODBF(99)  
VBROWSECMD:OPEN(222)  
VBROWSECMD:REFRESH(1118)  
VBROWSECMD:SHOW(721)  
HBM_CFG_IP(38)  
VEXECUTE:EXECFROMBUFF(526)  
VEXECUTE:EXECFROMPRG(209)  
HBMLOAD(28)  
(b)HBM_BOOTSTRAP(15)  
HBMENUSYS:EXECUTE(0)  
HBMENUSYS:MODAL(0)  
MENUMODAL(0)  
HBM_BOOTSTRAP(19)  
VEXECUTE:EXECFROMBUFF(526)  
VEXECUTE:EXECFROMPRG(209)  
HBMLOAD(28)  
HBMBOOTSTRAP(12)  
HBMSTART(6)  
MAIN(29)  
###################

20210803 - 04:58:55 >>  [INFO] Data base open successfully

# Called from : 
FQUERYTODBF(103)  
VBROWSECMD:OPEN(222)  
VBROWSECMD:REFRESH(1118)  
VBROWSECMD:SHOW(721)  
HBM_CFG_IP(38)  
VEXECUTE:EXECFROMBUFF(526)  
VEXECUTE:EXECFROMPRG(209)  
HBMLOAD(28)  
(b)HBM_BOOTSTRAP(15)  
HBMENUSYS:EXECUTE(0)  
HBMENUSYS:MODAL(0)  
MENUMODAL(0)  
HBM_BOOTSTRAP(19)  
VEXECUTE:EXECFROMBUFF(526)  
VEXECUTE:EXECFROMPRG(209)  
HBMLOAD(28)  
HBMBOOTSTRAP(12)  
HBMSTART(6)  
MAIN(29)  
###################

20210803 - 04:58:55 >>  [INFO] Mounted query :         SELECT  a.id_cfg_ip, a.descricao, a.endereco_ip, a.mac        FROM cfg_ip as a WHERE 1=1  LIMIT 14 OFFSET 0 / Original :         SELECT  a.id_cfg_ip, a.descricao, a.endereco_ip, a.mac        FROM cfg_ip as a WHERE 1=1 , nPage : 1, nLimit : 14

# Called from : 
VSQLITE:MOUNTQUERY(730)  
VSQLITE:EXECUTEQUERY(263)  
VSQLITE:EXECUTEQUERYTODBF(1250)  
FQUERYTODBF(118)  
VBROWSECMD:OPEN(222)  
VBROWSECMD:REFRESH(1118)  
VBROWSECMD:SHOW(721)  
HBM_CFG_IP(38)  
VEXECUTE:EXECFROMBUFF(526)  
VEXECUTE:EXECFROMPRG(209)  
HBMLOAD(28)  
(b)HBM_BOOTSTRAP(15)  
HBMENUSYS:EXECUTE(0)  
HBMENUSYS:MODAL(0)  
MENUMODAL(0)  
HBM_BOOTSTRAP(19)  
VEXECUTE:EXECFROMBUFF(526)  
VEXECUTE:EXECFROMPRG(209)  
HBMLOAD(28)  
HBMBOOTSTRAP(12)  
HBMSTART(6)  
MAIN(29)  
###################

20210803 - 04:58:55 >>  [INFO] Mounted query :         SELECT  a.id_cfg_ip, a.descricao, a.endereco_ip, a.mac        FROM cfg_ip as a WHERE 1=1  LIMIT 14 OFFSET 0 / Original :         SELECT  a.id_cfg_ip, a.descricao, a.endereco_ip, a.mac        FROM cfg_ip as a WHERE 1=1 , nPage : 1, nLimit : 14

# Called from : 
FQUERYTODBF(121)  
VBROWSECMD:OPEN(222)  
VBROWSECMD:REFRESH(1118)  
VBROWSECMD:SHOW(721)  
HBM_CFG_IP(38)  
VEXECUTE:EXECFROMBUFF(526)  
VEXECUTE:EXECFROMPRG(209)  
HBMLOAD(28)  
(b)HBM_BOOTSTRAP(15)  
HBMENUSYS:EXECUTE(0)  
HBMENUSYS:MODAL(0)  
MENUMODAL(0)  
HBM_BOOTSTRAP(19)  
VEXECUTE:EXECFROMBUFF(526)  
VEXECUTE:EXECFROMPRG(209)  
HBMLOAD(28)  
HBMBOOTSTRAP(12)  
HBMSTART(6)  
MAIN(29)  
###################

20210803 - 04:58:58 >>  [INFO] Data base open successfully

# Called from : 
VSQLITE:OPEN(134)  
FQUERYTODBF(99)  
VLJ_DLOOKUPREGISTER(154)  
VGETCMD:SHOW(417)  
VBROWSECMD:SHOW(713)  
HBM_CFG_IP(38)  
VEXECUTE:EXECFROMBUFF(526)  
VEXECUTE:EXECFROMPRG(209)  
HBMLOAD(28)  
(b)HBM_BOOTSTRAP(15)  
HBMENUSYS:EXECUTE(0)  
HBMENUSYS:MODAL(0)  
MENUMODAL(0)  
HBM_BOOTSTRAP(19)  
VEXECUTE:EXECFROMBUFF(526)  
VEXECUTE:EXECFROMPRG(209)  
HBMLOAD(28)  
HBMBOOTSTRAP(12)  
HBMSTART(6)  
MAIN(29)  
###################

20210803 - 04:58:58 >>  [INFO] Data base open successfully

# Called from : 
FQUERYTODBF(103)  
VLJ_DLOOKUPREGISTER(154)  
VGETCMD:SHOW(417)  
VBROWSECMD:SHOW(713)  
HBM_CFG_IP(38)  
VEXECUTE:EXECFROMBUFF(526)  
VEXECUTE:EXECFROMPRG(209)  
HBMLOAD(28)  
(b)HBM_BOOTSTRAP(15)  
HBMENUSYS:EXECUTE(0)  
HBMENUSYS:MODAL(0)  
MENUMODAL(0)  
HBM_BOOTSTRAP(19)  
VEXECUTE:EXECFROMBUFF(526)  
VEXECUTE:EXECFROMPRG(209)  
HBMLOAD(28)  
HBMBOOTSTRAP(12)  
HBMSTART(6)  
MAIN(29)  
###################

20210803 - 04:58:58 >>  [INFO] Mounted query : SELECT * FROM cfg_ip WHERE id_cfg_ip = '0_0220488547347486_2010-06-09_12:16:27_635908-03_::Wed_Jun_09_12:16:27_637559_2010_BRT' / Original : SELECT * FROM cfg_ip WHERE id_cfg_ip = '0_0220488547347486_2010-06-09_12:16:27_635908-03_::Wed_Jun_09_12:16:27_637559_2010_BRT', nPage : 1, nLimit : 0

# Called from : 
VSQLITE:MOUNTQUERY(730)  
VSQLITE:EXECUTEQUERY(263)  
VSQLITE:EXECUTEQUERYTODBF(1250)  
FQUERYTODBF(118)  
VLJ_DLOOKUPREGISTER(154)  
VGETCMD:SHOW(417)  
VBROWSECMD:SHOW(713)  
HBM_CFG_IP(38)  
VEXECUTE:EXECFROMBUFF(526)  
VEXECUTE:EXECFROMPRG(209)  
HBMLOAD(28)  
(b)HBM_BOOTSTRAP(15)  
HBMENUSYS:EXECUTE(0)  
HBMENUSYS:MODAL(0)  
MENUMODAL(0)  
HBM_BOOTSTRAP(19)  
VEXECUTE:EXECFROMBUFF(526)  
VEXECUTE:EXECFROMPRG(209)  
HBMLOAD(28)  
HBMBOOTSTRAP(12)  
HBMSTART(6)  
MAIN(29)  
###################

20210803 - 04:58:58 >>  [INFO] Mounted query : SELECT * FROM cfg_ip WHERE id_cfg_ip = '0_0220488547347486_2010-06-09_12:16:27_635908-03_::Wed_Jun_09_12:16:27_637559_2010_BRT' / Original : SELECT * FROM cfg_ip WHERE id_cfg_ip = '0_0220488547347486_2010-06-09_12:16:27_635908-03_::Wed_Jun_09_12:16:27_637559_2010_BRT', nPage : 1, nLimit : 0

# Called from : 
FQUERYTODBF(121)  
VLJ_DLOOKUPREGISTER(154)  
VGETCMD:SHOW(417)  
VBROWSECMD:SHOW(713)  
HBM_CFG_IP(38)  
VEXECUTE:EXECFROMBUFF(526)  
VEXECUTE:EXECFROMPRG(209)  
HBMLOAD(28)  
(b)HBM_BOOTSTRAP(15)  
HBMENUSYS:EXECUTE(0)  
HBMENUSYS:MODAL(0)  
MENUMODAL(0)  
HBM_BOOTSTRAP(19)  
VEXECUTE:EXECFROMBUFF(526)  
VEXECUTE:EXECFROMPRG(209)  
HBMLOAD(28)  
HBMBOOTSTRAP(12)  
HBMSTART(6)  
MAIN(29)  
###################

20210803 - 04:58:59 >>  [INFO] Data base open successfully

# Called from : 
VSQLITE:OPEN(134)  
FUPDATESQL(245)  
VGETCMD:EXECSUBMIT(1084)  
VBROWSECMD:SHOW(714)  
HBM_CFG_IP(38)  
VEXECUTE:EXECFROMBUFF(526)  
VEXECUTE:EXECFROMPRG(209)  
HBMLOAD(28)  
(b)HBM_BOOTSTRAP(15)  
HBMENUSYS:EXECUTE(0)  
HBMENUSYS:MODAL(0)  
MENUMODAL(0)  
HBM_BOOTSTRAP(19)  
VEXECUTE:EXECFROMBUFF(526)  
VEXECUTE:EXECFROMPRG(209)  
HBMLOAD(28)  
HBMBOOTSTRAP(12)  
HBMSTART(6)  
MAIN(29)  
###################

20210803 - 04:58:59 >>  [INFO] UPDATE cfg_ip SET descricao = 'LAB2 /DC',endereco_ip = '200.19.177.56',mac = '' WHERE id_cfg_ip = '0_0220488547347486_2010-06-09_12:16:27_635908-03_::Wed_Jun_09_12:16:27_637559_2010_BRT';

# Called from : 
VSQLITE:UPDATESQL(1481)  
FUPDATESQL(255)  
VGETCMD:EXECSUBMIT(1084)  
VBROWSECMD:SHOW(714)  
HBM_CFG_IP(38)  
VEXECUTE:EXECFROMBUFF(526)  
VEXECUTE:EXECFROMPRG(209)  
HBMLOAD(28)  
(b)HBM_BOOTSTRAP(15)  
HBMENUSYS:EXECUTE(0)  
HBMENUSYS:MODAL(0)  
MENUMODAL(0)  
HBM_BOOTSTRAP(19)  
VEXECUTE:EXECFROMBUFF(526)  
VEXECUTE:EXECFROMPRG(209)  
HBMLOAD(28)  
HBMBOOTSTRAP(12)  
HBMSTART(6)  
MAIN(29)  
###################

20210803 - 04:58:59 >>  [ERROR] (CODE:20200704113654) UNIQUE constraint failed: cfg_ip.mac ( UPDATE cfg_ip SET descricao = 'LAB2 /DC',endereco_ip = '200.19.177.56',mac = '' WHERE id_cfg_ip = '0_0220488547347486_2010-06-09_12:16:27_635908-03_::Wed_Jun_09_12:16:27_637559_2010_BRT'; ) 

# Called from : 
VSQLITE:EXEC(192)  
VSQLITE:UPDATESQL(1484)  
FUPDATESQL(255)  
VGETCMD:EXECSUBMIT(1084)  
VBROWSECMD:SHOW(714)  
HBM_CFG_IP(38)  
VEXECUTE:EXECFROMBUFF(526)  
VEXECUTE:EXECFROMPRG(209)  
HBMLOAD(28)  
(b)HBM_BOOTSTRAP(15)  
HBMENUSYS:EXECUTE(0)  
HBMENUSYS:MODAL(0)  
MENUMODAL(0)  
HBM_BOOTSTRAP(19)  
VEXECUTE:EXECFROMBUFF(526)  
VEXECUTE:EXECFROMPRG(209)  
HBMLOAD(28)  
HBMBOOTSTRAP(12)  
HBMSTART(6)  
MAIN(29)  
###################

20210803 - 04:58:59 >>  [ERROR] UNIQUE constraint failed: cfg_ip.mac ( UPDATE cfg_ip SET descricao = 'LAB2 /DC',endereco_ip = '200.19.177.56',mac = '' WHERE id_cfg_ip = '0_0220488547347486_2010-06-09_12:16:27_635908-03_::Wed_Jun_09_12:16:27_637559_2010_BRT'; ) 

# Called from : 
FUPDATESQL(259)  
VGETCMD:EXECSUBMIT(1084)  
VBROWSECMD:SHOW(714)  
HBM_CFG_IP(38)  
VEXECUTE:EXECFROMBUFF(526)  
VEXECUTE:EXECFROMPRG(209)  
HBMLOAD(28)  
(b)HBM_BOOTSTRAP(15)  
HBMENUSYS:EXECUTE(0)  
HBMENUSYS:MODAL(0)  
MENUMODAL(0)  
HBM_BOOTSTRAP(19)  
VEXECUTE:EXECFROMBUFF(526)  
VEXECUTE:EXECFROMPRG(209)  
HBMLOAD(28)  
HBMBOOTSTRAP(12)  
HBMSTART(6)  
MAIN(29)  
###################

20210803 - 04:59:32 >>  [INFO] Data base open successfully

# Called from : 
VSQLITE:OPEN(134)  
FQUERYTODBF(99)  
VBROWSECMD:OPEN(222)  
VBROWSECMD:REFRESH(1118)  
VBROWSECMD:SHOW(721)  
HBM_CFG_IP(38)  
VEXECUTE:EXECFROMBUFF(526)  
VEXECUTE:EXECFROMPRG(209)  
HBMLOAD(28)  
(b)HBM_BOOTSTRAP(15)  
HBMENUSYS:EXECUTE(0)  
HBMENUSYS:MODAL(0)  
MENUMODAL(0)  
HBM_BOOTSTRAP(19)  
VEXECUTE:EXECFROMBUFF(526)  
VEXECUTE:EXECFROMPRG(209)  
HBMLOAD(28)  
HBMBOOTSTRAP(12)  
HBMSTART(6)  
MAIN(29)  
###################

20210803 - 04:59:32 >>  [INFO] Data base open successfully

# Called from : 
FQUERYTODBF(103)  
VBROWSECMD:OPEN(222)  
VBROWSECMD:REFRESH(1118)  
VBROWSECMD:SHOW(721)  
HBM_CFG_IP(38)  
VEXECUTE:EXECFROMBUFF(526)  
VEXECUTE:EXECFROMPRG(209)  
HBMLOAD(28)  
(b)HBM_BOOTSTRAP(15)  
HBMENUSYS:EXECUTE(0)  
HBMENUSYS:MODAL(0)  
MENUMODAL(0)  
HBM_BOOTSTRAP(19)  
VEXECUTE:EXECFROMBUFF(526)  
VEXECUTE:EXECFROMPRG(209)  
HBMLOAD(28)  
HBMBOOTSTRAP(12)  
HBMSTART(6)  
MAIN(29)  
###################

20210803 - 04:59:32 >>  [INFO] Mounted query :         SELECT  a.id_cfg_ip, a.descricao, a.endereco_ip, a.mac        FROM cfg_ip as a WHERE 1=1  LIMIT 14 OFFSET 0 / Original :         SELECT  a.id_cfg_ip, a.descricao, a.endereco_ip, a.mac        FROM cfg_ip as a WHERE 1=1 , nPage : 1, nLimit : 14

# Called from : 
VSQLITE:MOUNTQUERY(730)  
VSQLITE:EXECUTEQUERY(263)  
VSQLITE:EXECUTEQUERYTODBF(1250)  
FQUERYTODBF(118)  
VBROWSECMD:OPEN(222)  
VBROWSECMD:REFRESH(1118)  
VBROWSECMD:SHOW(721)  
HBM_CFG_IP(38)  
VEXECUTE:EXECFROMBUFF(526)  
VEXECUTE:EXECFROMPRG(209)  
HBMLOAD(28)  
(b)HBM_BOOTSTRAP(15)  
HBMENUSYS:EXECUTE(0)  
HBMENUSYS:MODAL(0)  
MENUMODAL(0)  
HBM_BOOTSTRAP(19)  
VEXECUTE:EXECFROMBUFF(526)  
VEXECUTE:EXECFROMPRG(209)  
HBMLOAD(28)  
HBMBOOTSTRAP(12)  
HBMSTART(6)  
MAIN(29)  
###################

20210803 - 04:59:32 >>  [INFO] Mounted query :         SELECT  a.id_cfg_ip, a.descricao, a.endereco_ip, a.mac        FROM cfg_ip as a WHERE 1=1  LIMIT 14 OFFSET 0 / Original :         SELECT  a.id_cfg_ip, a.descricao, a.endereco_ip, a.mac        FROM cfg_ip as a WHERE 1=1 , nPage : 1, nLimit : 14

# Called from : 
FQUERYTODBF(121)  
VBROWSECMD:OPEN(222)  
VBROWSECMD:REFRESH(1118)  
VBROWSECMD:SHOW(721)  
HBM_CFG_IP(38)  
VEXECUTE:EXECFROMBUFF(526)  
VEXECUTE:EXECFROMPRG(209)  
HBMLOAD(28)  
(b)HBM_BOOTSTRAP(15)  
HBMENUSYS:EXECUTE(0)  
HBMENUSYS:MODAL(0)  
MENUMODAL(0)  
HBM_BOOTSTRAP(19)  
VEXECUTE:EXECFROMBUFF(526)  
VEXECUTE:EXECFROMPRG(209)  
HBMLOAD(28)  
HBMBOOTSTRAP(12)  
HBMSTART(6)  
MAIN(29)  
###################

20210803 - 04:59:34 >>  [INFO] Data base open successfully

# Called from : 
VSQLITE:OPEN(134)  
FQUERYTODBF(99)  
VLJ_DLOOKUPREGISTER(154)  
VGETCMD:SHOW(417)  
VBROWSECMD:SHOW(713)  
HBM_CFG_IP(38)  
VEXECUTE:EXECFROMBUFF(526)  
VEXECUTE:EXECFROMPRG(209)  
HBMLOAD(28)  
(b)HBM_BOOTSTRAP(15)  
HBMENUSYS:EXECUTE(0)  
HBMENUSYS:MODAL(0)  
MENUMODAL(0)  
HBM_BOOTSTRAP(19)  
VEXECUTE:EXECFROMBUFF(526)  
VEXECUTE:EXECFROMPRG(209)  
HBMLOAD(28)  
HBMBOOTSTRAP(12)  
HBMSTART(6)  
MAIN(29)  
###################

20210803 - 04:59:34 >>  [INFO] Data base open successfully

# Called from : 
FQUERYTODBF(103)  
VLJ_DLOOKUPREGISTER(154)  
VGETCMD:SHOW(417)  
VBROWSECMD:SHOW(713)  
HBM_CFG_IP(38)  
VEXECUTE:EXECFROMBUFF(526)  
VEXECUTE:EXECFROMPRG(209)  
HBMLOAD(28)  
(b)HBM_BOOTSTRAP(15)  
HBMENUSYS:EXECUTE(0)  
HBMENUSYS:MODAL(0)  
MENUMODAL(0)  
HBM_BOOTSTRAP(19)  
VEXECUTE:EXECFROMBUFF(526)  
VEXECUTE:EXECFROMPRG(209)  
HBMLOAD(28)  
HBMBOOTSTRAP(12)  
HBMSTART(6)  
MAIN(29)  
###################

20210803 - 04:59:34 >>  [INFO] Mounted query : SELECT * FROM cfg_ip WHERE id_cfg_ip = '0_0376275214366615_2010-06-09_12:26:28_737183-03_::Wed_Jun_09_12:26:28_741813_2010_BRT' / Original : SELECT * FROM cfg_ip WHERE id_cfg_ip = '0_0376275214366615_2010-06-09_12:26:28_737183-03_::Wed_Jun_09_12:26:28_741813_2010_BRT', nPage : 1, nLimit : 0

# Called from : 
VSQLITE:MOUNTQUERY(730)  
VSQLITE:EXECUTEQUERY(263)  
VSQLITE:EXECUTEQUERYTODBF(1250)  
FQUERYTODBF(118)  
VLJ_DLOOKUPREGISTER(154)  
VGETCMD:SHOW(417)  
VBROWSECMD:SHOW(713)  
HBM_CFG_IP(38)  
VEXECUTE:EXECFROMBUFF(526)  
VEXECUTE:EXECFROMPRG(209)  
HBMLOAD(28)  
(b)HBM_BOOTSTRAP(15)  
HBMENUSYS:EXECUTE(0)  
HBMENUSYS:MODAL(0)  
MENUMODAL(0)  
HBM_BOOTSTRAP(19)  
VEXECUTE:EXECFROMBUFF(526)  
VEXECUTE:EXECFROMPRG(209)  
HBMLOAD(28)  
HBMBOOTSTRAP(12)  
HBMSTART(6)  
MAIN(29)  
###################

20210803 - 04:59:34 >>  [INFO] Mounted query : SELECT * FROM cfg_ip WHERE id_cfg_ip = '0_0376275214366615_2010-06-09_12:26:28_737183-03_::Wed_Jun_09_12:26:28_741813_2010_BRT' / Original : SELECT * FROM cfg_ip WHERE id_cfg_ip = '0_0376275214366615_2010-06-09_12:26:28_737183-03_::Wed_Jun_09_12:26:28_741813_2010_BRT', nPage : 1, nLimit : 0

# Called from : 
FQUERYTODBF(121)  
VLJ_DLOOKUPREGISTER(154)  
VGETCMD:SHOW(417)  
VBROWSECMD:SHOW(713)  
HBM_CFG_IP(38)  
VEXECUTE:EXECFROMBUFF(526)  
VEXECUTE:EXECFROMPRG(209)  
HBMLOAD(28)  
(b)HBM_BOOTSTRAP(15)  
HBMENUSYS:EXECUTE(0)  
HBMENUSYS:MODAL(0)  
MENUMODAL(0)  
HBM_BOOTSTRAP(19)  
VEXECUTE:EXECFROMBUFF(526)  
VEXECUTE:EXECFROMPRG(209)  
HBMLOAD(28)  
HBMBOOTSTRAP(12)  
HBMSTART(6)  
MAIN(29)  
###################

20210803 - 04:59:37 >>  [INFO] Data base open successfully

# Called from : 
VSQLITE:OPEN(134)  
FQUERYTODBF(99)  
VBROWSECMD:OPEN(222)  
VBROWSECMD:REFRESH(1118)  
VBROWSECMD:SHOW(721)  
HBM_CFG_IP(38)  
VEXECUTE:EXECFROMBUFF(526)  
VEXECUTE:EXECFROMPRG(209)  
HBMLOAD(28)  
(b)HBM_BOOTSTRAP(15)  
HBMENUSYS:EXECUTE(0)  
HBMENUSYS:MODAL(0)  
MENUMODAL(0)  
HBM_BOOTSTRAP(19)  
VEXECUTE:EXECFROMBUFF(526)  
VEXECUTE:EXECFROMPRG(209)  
HBMLOAD(28)  
HBMBOOTSTRAP(12)  
HBMSTART(6)  
MAIN(29)  
###################

20210803 - 04:59:37 >>  [INFO] Data base open successfully

# Called from : 
FQUERYTODBF(103)  
VBROWSECMD:OPEN(222)  
VBROWSECMD:REFRESH(1118)  
VBROWSECMD:SHOW(721)  
HBM_CFG_IP(38)  
VEXECUTE:EXECFROMBUFF(526)  
VEXECUTE:EXECFROMPRG(209)  
HBMLOAD(28)  
(b)HBM_BOOTSTRAP(15)  
HBMENUSYS:EXECUTE(0)  
HBMENUSYS:MODAL(0)  
MENUMODAL(0)  
HBM_BOOTSTRAP(19)  
VEXECUTE:EXECFROMBUFF(526)  
VEXECUTE:EXECFROMPRG(209)  
HBMLOAD(28)  
HBMBOOTSTRAP(12)  
HBMSTART(6)  
MAIN(29)  
###################

20210803 - 04:59:37 >>  [INFO] Mounted query :         SELECT  a.id_cfg_ip, a.descricao, a.endereco_ip, a.mac        FROM cfg_ip as a WHERE 1=1  LIMIT 14 OFFSET 0 / Original :         SELECT  a.id_cfg_ip, a.descricao, a.endereco_ip, a.mac        FROM cfg_ip as a WHERE 1=1 , nPage : 1, nLimit : 14

# Called from : 
VSQLITE:MOUNTQUERY(730)  
VSQLITE:EXECUTEQUERY(263)  
VSQLITE:EXECUTEQUERYTODBF(1250)  
FQUERYTODBF(118)  
VBROWSECMD:OPEN(222)  
VBROWSECMD:REFRESH(1118)  
VBROWSECMD:SHOW(721)  
HBM_CFG_IP(38)  
VEXECUTE:EXECFROMBUFF(526)  
VEXECUTE:EXECFROMPRG(209)  
HBMLOAD(28)  
(b)HBM_BOOTSTRAP(15)  
HBMENUSYS:EXECUTE(0)  
HBMENUSYS:MODAL(0)  
MENUMODAL(0)  
HBM_BOOTSTRAP(19)  
VEXECUTE:EXECFROMBUFF(526)  
VEXECUTE:EXECFROMPRG(209)  
HBMLOAD(28)  
HBMBOOTSTRAP(12)  
HBMSTART(6)  
MAIN(29)  
###################

20210803 - 04:59:37 >>  [INFO] Mounted query :         SELECT  a.id_cfg_ip, a.descricao, a.endereco_ip, a.mac        FROM cfg_ip as a WHERE 1=1  LIMIT 14 OFFSET 0 / Original :         SELECT  a.id_cfg_ip, a.descricao, a.endereco_ip, a.mac        FROM cfg_ip as a WHERE 1=1 , nPage : 1, nLimit : 14

# Called from : 
FQUERYTODBF(121)  
VBROWSECMD:OPEN(222)  
VBROWSECMD:REFRESH(1118)  
VBROWSECMD:SHOW(721)  
HBM_CFG_IP(38)  
VEXECUTE:EXECFROMBUFF(526)  
VEXECUTE:EXECFROMPRG(209)  
HBMLOAD(28)  
(b)HBM_BOOTSTRAP(15)  
HBMENUSYS:EXECUTE(0)  
HBMENUSYS:MODAL(0)  
MENUMODAL(0)  
HBM_BOOTSTRAP(19)  
VEXECUTE:EXECFROMBUFF(526)  
VEXECUTE:EXECFROMPRG(209)  
HBMLOAD(28)  
HBMBOOTSTRAP(12)  
HBMSTART(6)  
MAIN(29)  
###################

20210803 - 04:59:38 >>  [INFO] After execute with return : NIL

# Called from : 
VEXECUTE:EXECFROMBUFF(527)  
VEXECUTE:EXECFROMPRG(209)  
HBMLOAD(28)  
(b)HBM_BOOTSTRAP(15)  
HBMENUSYS:EXECUTE(0)  
HBMENUSYS:MODAL(0)  
MENUMODAL(0)  
HBM_BOOTSTRAP(19)  
VEXECUTE:EXECFROMBUFF(526)  
VEXECUTE:EXECFROMPRG(209)  
HBMLOAD(28)  
HBMBOOTSTRAP(12)  
HBMSTART(6)  
MAIN(29)  
###################

20210803 - 04:59:38 >>  [INFO] After send buffer to execute

# Called from : 
VEXECUTE:EXECFROMPRG(210)  
HBMLOAD(28)  
(b)HBM_BOOTSTRAP(15)  
HBMENUSYS:EXECUTE(0)  
HBMENUSYS:MODAL(0)  
MENUMODAL(0)  
HBM_BOOTSTRAP(19)  
VEXECUTE:EXECFROMBUFF(526)  
VEXECUTE:EXECFROMPRG(209)  
HBMLOAD(28)  
HBMBOOTSTRAP(12)  
HBMSTART(6)  
MAIN(29)  
###################

20210803 - 04:59:41 >>  [INFO] After compile file code/faixa.prg. Ok.

# Called from : 
VCOMPILE:COMPILE(187)  
VEXECUTE:EXECFROMPRG(206)  
HBMLOAD(28)  
(b)HBM_BOOTSTRAP(16)  
HBMENUSYS:EXECUTE(0)  
HBMENUSYS:MODAL(0)  
MENUMODAL(0)  
HBM_BOOTSTRAP(19)  
VEXECUTE:EXECFROMBUFF(526)  
VEXECUTE:EXECFROMPRG(209)  
HBMLOAD(28)  
HBMBOOTSTRAP(12)  
HBMSTART(6)  
MAIN(29)  
###################

20210803 - 04:59:41 >>  [INFO] Before send buffer to execute

# Called from : 
VEXECUTE:EXECFROMPRG(208)  
HBMLOAD(28)  
(b)HBM_BOOTSTRAP(16)  
HBMENUSYS:EXECUTE(0)  
HBMENUSYS:MODAL(0)  
MENUMODAL(0)  
HBM_BOOTSTRAP(19)  
VEXECUTE:EXECFROMBUFF(526)  
VEXECUTE:EXECFROMPRG(209)  
HBMLOAD(28)  
HBMBOOTSTRAP(12)  
HBMSTART(6)  
MAIN(29)  
###################

20210803 - 04:59:41 >>  [INFO] Before load buffer. Function : hbm_faixa

# Called from : 
VEXECUTE:EXECFROMBUFF(503)  
VEXECUTE:EXECFROMPRG(209)  
HBMLOAD(28)  
(b)HBM_BOOTSTRAP(16)  
HBMENUSYS:EXECUTE(0)  
HBMENUSYS:MODAL(0)  
MENUMODAL(0)  
HBM_BOOTSTRAP(19)  
VEXECUTE:EXECFROMBUFF(526)  
VEXECUTE:EXECFROMPRG(209)  
HBMLOAD(28)  
HBMBOOTSTRAP(12)  
HBMSTART(6)  
MAIN(29)  
###################

20210803 - 04:59:41 >>  [INFO] Before execute function hbm_faixa

# Called from : 
VEXECUTE:EXECFROMBUFF(525)  
VEXECUTE:EXECFROMPRG(209)  
HBMLOAD(28)  
(b)HBM_BOOTSTRAP(16)  
HBMENUSYS:EXECUTE(0)  
HBMENUSYS:MODAL(0)  
MENUMODAL(0)  
HBM_BOOTSTRAP(19)  
VEXECUTE:EXECFROMBUFF(526)  
VEXECUTE:EXECFROMPRG(209)  
HBMLOAD(28)  
HBMBOOTSTRAP(12)  
HBMSTART(6)  
MAIN(29)  
###################

20210803 - 04:59:41 >>  [INFO] Data base open successfully

# Called from : 
VSQLITE:OPEN(134)  
FQUERYTODBF(99)  
VBROWSECMD:OPEN(222)  
VBROWSECMD:SHOW(439)  
HBM_FAIXA(38)  
VEXECUTE:EXECFROMBUFF(526)  
VEXECUTE:EXECFROMPRG(209)  
HBMLOAD(28)  
(b)HBM_BOOTSTRAP(16)  
HBMENUSYS:EXECUTE(0)  
HBMENUSYS:MODAL(0)  
MENUMODAL(0)  
HBM_BOOTSTRAP(19)  
VEXECUTE:EXECFROMBUFF(526)  
VEXECUTE:EXECFROMPRG(209)  
HBMLOAD(28)  
HBMBOOTSTRAP(12)  
HBMSTART(6)  
MAIN(29)  
###################

20210803 - 04:59:41 >>  [INFO] Data base open successfully

# Called from : 
FQUERYTODBF(103)  
VBROWSECMD:OPEN(222)  
VBROWSECMD:SHOW(439)  
HBM_FAIXA(38)  
VEXECUTE:EXECFROMBUFF(526)  
VEXECUTE:EXECFROMPRG(209)  
HBMLOAD(28)  
(b)HBM_BOOTSTRAP(16)  
HBMENUSYS:EXECUTE(0)  
HBMENUSYS:MODAL(0)  
MENUMODAL(0)  
HBM_BOOTSTRAP(19)  
VEXECUTE:EXECFROMBUFF(526)  
VEXECUTE:EXECFROMPRG(209)  
HBMLOAD(28)  
HBMBOOTSTRAP(12)  
HBMSTART(6)  
MAIN(29)  
###################

20210803 - 04:59:41 >>  [INFO] Mounted query :         SELECT  a.id_faixa, a.prefixo, a.inicio, a.fim        FROM faixa as a WHERE 1=1  LIMIT 20 OFFSET 0 / Original :         SELECT  a.id_faixa, a.prefixo, a.inicio, a.fim        FROM faixa as a WHERE 1=1 , nPage : 1, nLimit : 20

# Called from : 
VSQLITE:MOUNTQUERY(730)  
VSQLITE:EXECUTEQUERY(263)  
VSQLITE:EXECUTEQUERYTODBF(1250)  
FQUERYTODBF(118)  
VBROWSECMD:OPEN(222)  
VBROWSECMD:SHOW(439)  
HBM_FAIXA(38)  
VEXECUTE:EXECFROMBUFF(526)  
VEXECUTE:EXECFROMPRG(209)  
HBMLOAD(28)  
(b)HBM_BOOTSTRAP(16)  
HBMENUSYS:EXECUTE(0)  
HBMENUSYS:MODAL(0)  
MENUMODAL(0)  
HBM_BOOTSTRAP(19)  
VEXECUTE:EXECFROMBUFF(526)  
VEXECUTE:EXECFROMPRG(209)  
HBMLOAD(28)  
HBMBOOTSTRAP(12)  
HBMSTART(6)  
MAIN(29)  
###################

20210803 - 04:59:41 >>  [INFO] Mounted query :         SELECT  a.id_faixa, a.prefixo, a.inicio, a.fim        FROM faixa as a WHERE 1=1  LIMIT 20 OFFSET 0 / Original :         SELECT  a.id_faixa, a.prefixo, a.inicio, a.fim        FROM faixa as a WHERE 1=1 , nPage : 1, nLimit : 20

# Called from : 
FQUERYTODBF(121)  
VBROWSECMD:OPEN(222)  
VBROWSECMD:SHOW(439)  
HBM_FAIXA(38)  
VEXECUTE:EXECFROMBUFF(526)  
VEXECUTE:EXECFROMPRG(209)  
HBMLOAD(28)  
(b)HBM_BOOTSTRAP(16)  
HBMENUSYS:EXECUTE(0)  
HBMENUSYS:MODAL(0)  
MENUMODAL(0)  
HBM_BOOTSTRAP(19)  
VEXECUTE:EXECFROMBUFF(526)  
VEXECUTE:EXECFROMPRG(209)  
HBMLOAD(28)  
HBMBOOTSTRAP(12)  
HBMSTART(6)  
MAIN(29)  
###################

20210803 - 04:59:42 >>  [INFO] Data base open successfully

# Called from : 
VSQLITE:OPEN(134)  
FQUERYTODBF(99)  
VLJ_DLOOKUPREGISTER(154)  
VGETCMD:SHOW(417)  
VBROWSECMD:SHOW(713)  
HBM_FAIXA(38)  
VEXECUTE:EXECFROMBUFF(526)  
VEXECUTE:EXECFROMPRG(209)  
HBMLOAD(28)  
(b)HBM_BOOTSTRAP(16)  
HBMENUSYS:EXECUTE(0)  
HBMENUSYS:MODAL(0)  
MENUMODAL(0)  
HBM_BOOTSTRAP(19)  
VEXECUTE:EXECFROMBUFF(526)  
VEXECUTE:EXECFROMPRG(209)  
HBMLOAD(28)  
HBMBOOTSTRAP(12)  
HBMSTART(6)  
MAIN(29)  
###################

20210803 - 04:59:42 >>  [INFO] Data base open successfully

# Called from : 
FQUERYTODBF(103)  
VLJ_DLOOKUPREGISTER(154)  
VGETCMD:SHOW(417)  
VBROWSECMD:SHOW(713)  
HBM_FAIXA(38)  
VEXECUTE:EXECFROMBUFF(526)  
VEXECUTE:EXECFROMPRG(209)  
HBMLOAD(28)  
(b)HBM_BOOTSTRAP(16)  
HBMENUSYS:EXECUTE(0)  
HBMENUSYS:MODAL(0)  
MENUMODAL(0)  
HBM_BOOTSTRAP(19)  
VEXECUTE:EXECFROMBUFF(526)  
VEXECUTE:EXECFROMPRG(209)  
HBMLOAD(28)  
HBMBOOTSTRAP(12)  
HBMSTART(6)  
MAIN(29)  
###################

20210803 - 04:59:42 >>  [INFO] Mounted query : SELECT * FROM faixa WHERE id_faixa = '2018042614321900052339' / Original : SELECT * FROM faixa WHERE id_faixa = '2018042614321900052339', nPage : 1, nLimit : 0

# Called from : 
VSQLITE:MOUNTQUERY(730)  
VSQLITE:EXECUTEQUERY(263)  
VSQLITE:EXECUTEQUERYTODBF(1250)  
FQUERYTODBF(118)  
VLJ_DLOOKUPREGISTER(154)  
VGETCMD:SHOW(417)  
VBROWSECMD:SHOW(713)  
HBM_FAIXA(38)  
VEXECUTE:EXECFROMBUFF(526)  
VEXECUTE:EXECFROMPRG(209)  
HBMLOAD(28)  
(b)HBM_BOOTSTRAP(16)  
HBMENUSYS:EXECUTE(0)  
HBMENUSYS:MODAL(0)  
MENUMODAL(0)  
HBM_BOOTSTRAP(19)  
VEXECUTE:EXECFROMBUFF(526)  
VEXECUTE:EXECFROMPRG(209)  
HBMLOAD(28)  
HBMBOOTSTRAP(12)  
HBMSTART(6)  
MAIN(29)  
###################

20210803 - 04:59:42 >>  [INFO] Mounted query : SELECT * FROM faixa WHERE id_faixa = '2018042614321900052339' / Original : SELECT * FROM faixa WHERE id_faixa = '2018042614321900052339', nPage : 1, nLimit : 0

# Called from : 
FQUERYTODBF(121)  
VLJ_DLOOKUPREGISTER(154)  
VGETCMD:SHOW(417)  
VBROWSECMD:SHOW(713)  
HBM_FAIXA(38)  
VEXECUTE:EXECFROMBUFF(526)  
VEXECUTE:EXECFROMPRG(209)  
HBMLOAD(28)  
(b)HBM_BOOTSTRAP(16)  
HBMENUSYS:EXECUTE(0)  
HBMENUSYS:MODAL(0)  
MENUMODAL(0)  
HBM_BOOTSTRAP(19)  
VEXECUTE:EXECFROMBUFF(526)  
VEXECUTE:EXECFROMPRG(209)  
HBMLOAD(28)  
HBMBOOTSTRAP(12)  
HBMSTART(6)  
MAIN(29)  
###################

20210803 - 04:59:43 >>  [INFO] Data base open successfully

# Called from : 
VSQLITE:OPEN(134)  
FUPDATESQL(245)  
VGETCMD:EXECSUBMIT(1084)  
VBROWSECMD:SHOW(714)  
HBM_FAIXA(38)  
VEXECUTE:EXECFROMBUFF(526)  
VEXECUTE:EXECFROMPRG(209)  
HBMLOAD(28)  
(b)HBM_BOOTSTRAP(16)  
HBMENUSYS:EXECUTE(0)  
HBMENUSYS:MODAL(0)  
MENUMODAL(0)  
HBM_BOOTSTRAP(19)  
VEXECUTE:EXECFROMBUFF(526)  
VEXECUTE:EXECFROMPRG(209)  
HBMLOAD(28)  
HBMBOOTSTRAP(12)  
HBMSTART(6)  
MAIN(29)  
###################

20210803 - 04:59:43 >>  [INFO] UPDATE faixa SET prefixo = '200.19.177',inicio = '1',fim = '254' WHERE id_faixa = '2018042614321900052339';

# Called from : 
VSQLITE:UPDATESQL(1481)  
FUPDATESQL(255)  
VGETCMD:EXECSUBMIT(1084)  
VBROWSECMD:SHOW(714)  
HBM_FAIXA(38)  
VEXECUTE:EXECFROMBUFF(526)  
VEXECUTE:EXECFROMPRG(209)  
HBMLOAD(28)  
(b)HBM_BOOTSTRAP(16)  
HBMENUSYS:EXECUTE(0)  
HBMENUSYS:MODAL(0)  
MENUMODAL(0)  
HBM_BOOTSTRAP(19)  
VEXECUTE:EXECFROMBUFF(526)  
VEXECUTE:EXECFROMPRG(209)  
HBMLOAD(28)  
HBMBOOTSTRAP(12)  
HBMSTART(6)  
MAIN(29)  
###################

20210803 - 04:59:43 >>  [INFO] Data base open successfully

# Called from : 
FUPDATESQL(257)  
VGETCMD:EXECSUBMIT(1084)  
VBROWSECMD:SHOW(714)  
HBM_FAIXA(38)  
VEXECUTE:EXECFROMBUFF(526)  
VEXECUTE:EXECFROMPRG(209)  
HBMLOAD(28)  
(b)HBM_BOOTSTRAP(16)  
HBMENUSYS:EXECUTE(0)  
HBMENUSYS:MODAL(0)  
MENUMODAL(0)  
HBM_BOOTSTRAP(19)  
VEXECUTE:EXECFROMBUFF(526)  
VEXECUTE:EXECFROMPRG(209)  
HBMLOAD(28)  
HBMBOOTSTRAP(12)  
HBMSTART(6)  
MAIN(29)  
###################

20210803 - 04:59:43 >>  [INFO] Data base open successfully

# Called from : 
VSQLITE:OPEN(134)  
FQUERYTODBF(99)  
VBROWSECMD:OPEN(222)  
VBROWSECMD:REFRESH(1118)  
VBROWSECMD:SHOW(721)  
HBM_FAIXA(38)  
VEXECUTE:EXECFROMBUFF(526)  
VEXECUTE:EXECFROMPRG(209)  
HBMLOAD(28)  
(b)HBM_BOOTSTRAP(16)  
HBMENUSYS:EXECUTE(0)  
HBMENUSYS:MODAL(0)  
MENUMODAL(0)  
HBM_BOOTSTRAP(19)  
VEXECUTE:EXECFROMBUFF(526)  
VEXECUTE:EXECFROMPRG(209)  
HBMLOAD(28)  
HBMBOOTSTRAP(12)  
HBMSTART(6)  
MAIN(29)  
###################

20210803 - 04:59:43 >>  [INFO] Data base open successfully

# Called from : 
FQUERYTODBF(103)  
VBROWSECMD:OPEN(222)  
VBROWSECMD:REFRESH(1118)  
VBROWSECMD:SHOW(721)  
HBM_FAIXA(38)  
VEXECUTE:EXECFROMBUFF(526)  
VEXECUTE:EXECFROMPRG(209)  
HBMLOAD(28)  
(b)HBM_BOOTSTRAP(16)  
HBMENUSYS:EXECUTE(0)  
HBMENUSYS:MODAL(0)  
MENUMODAL(0)  
HBM_BOOTSTRAP(19)  
VEXECUTE:EXECFROMBUFF(526)  
VEXECUTE:EXECFROMPRG(209)  
HBMLOAD(28)  
HBMBOOTSTRAP(12)  
HBMSTART(6)  
MAIN(29)  
###################

20210803 - 04:59:43 >>  [INFO] Mounted query :         SELECT  a.id_faixa, a.prefixo, a.inicio, a.fim        FROM faixa as a WHERE 1=1  LIMIT 20 OFFSET 0 / Original :         SELECT  a.id_faixa, a.prefixo, a.inicio, a.fim        FROM faixa as a WHERE 1=1 , nPage : 1, nLimit : 20

# Called from : 
VSQLITE:MOUNTQUERY(730)  
VSQLITE:EXECUTEQUERY(263)  
VSQLITE:EXECUTEQUERYTODBF(1250)  
FQUERYTODBF(118)  
VBROWSECMD:OPEN(222)  
VBROWSECMD:REFRESH(1118)  
VBROWSECMD:SHOW(721)  
HBM_FAIXA(38)  
VEXECUTE:EXECFROMBUFF(526)  
VEXECUTE:EXECFROMPRG(209)  
HBMLOAD(28)  
(b)HBM_BOOTSTRAP(16)  
HBMENUSYS:EXECUTE(0)  
HBMENUSYS:MODAL(0)  
MENUMODAL(0)  
HBM_BOOTSTRAP(19)  
VEXECUTE:EXECFROMBUFF(526)  
VEXECUTE:EXECFROMPRG(209)  
HBMLOAD(28)  
HBMBOOTSTRAP(12)  
HBMSTART(6)  
MAIN(29)  
###################

20210803 - 04:59:43 >>  [INFO] Mounted query :         SELECT  a.id_faixa, a.prefixo, a.inicio, a.fim        FROM faixa as a WHERE 1=1  LIMIT 20 OFFSET 0 / Original :         SELECT  a.id_faixa, a.prefixo, a.inicio, a.fim        FROM faixa as a WHERE 1=1 , nPage : 1, nLimit : 20

# Called from : 
FQUERYTODBF(121)  
VBROWSECMD:OPEN(222)  
VBROWSECMD:REFRESH(1118)  
VBROWSECMD:SHOW(721)  
HBM_FAIXA(38)  
VEXECUTE:EXECFROMBUFF(526)  
VEXECUTE:EXECFROMPRG(209)  
HBMLOAD(28)  
(b)HBM_BOOTSTRAP(16)  
HBMENUSYS:EXECUTE(0)  
HBMENUSYS:MODAL(0)  
MENUMODAL(0)  
HBM_BOOTSTRAP(19)  
VEXECUTE:EXECFROMBUFF(526)  
VEXECUTE:EXECFROMPRG(209)  
HBMLOAD(28)  
HBMBOOTSTRAP(12)  
HBMSTART(6)  
MAIN(29)  
###################

20210803 - 04:59:45 >>  [INFO] After execute with return : NIL

# Called from : 
VEXECUTE:EXECFROMBUFF(527)  
VEXECUTE:EXECFROMPRG(209)  
HBMLOAD(28)  
(b)HBM_BOOTSTRAP(16)  
HBMENUSYS:EXECUTE(0)  
HBMENUSYS:MODAL(0)  
MENUMODAL(0)  
HBM_BOOTSTRAP(19)  
VEXECUTE:EXECFROMBUFF(526)  
VEXECUTE:EXECFROMPRG(209)  
HBMLOAD(28)  
HBMBOOTSTRAP(12)  
HBMSTART(6)  
MAIN(29)  
###################

20210803 - 04:59:45 >>  [INFO] After send buffer to execute

# Called from : 
VEXECUTE:EXECFROMPRG(210)  
HBMLOAD(28)  
(b)HBM_BOOTSTRAP(16)  
HBMENUSYS:EXECUTE(0)  
HBMENUSYS:MODAL(0)  
MENUMODAL(0)  
HBM_BOOTSTRAP(19)  
VEXECUTE:EXECFROMBUFF(526)  
VEXECUTE:EXECFROMPRG(209)  
HBMLOAD(28)  
HBMBOOTSTRAP(12)  
HBMSTART(6)  
MAIN(29)  
###################

20210803 - 04:59:46 >>  [INFO] After execute with return : NIL

# Called from : 
VEXECUTE:EXECFROMBUFF(527)  
VEXECUTE:EXECFROMPRG(209)  
HBMLOAD(28)  
HBMBOOTSTRAP(12)  
HBMSTART(6)  
MAIN(29)  
###################

20210803 - 04:59:46 >>  [INFO] After send buffer to execute

# Called from : 
VEXECUTE:EXECFROMPRG(210)  
HBMLOAD(28)  
HBMBOOTSTRAP(12)  
HBMSTART(6)  
MAIN(29)  
###################

20210803 - 05:18:18 >>  [INFO] After compile file code/faixa.prg. Ok.

# Called from : 
VCOMPILE:COMPILE(187)  
VEXECUTE:EXECFROMPRG(206)  
HBMLOAD(28)  
(b)HBM_BOOTSTRAP(16)  
HBMENUSYS:EXECUTE(0)  
HBMENUSYS:MODAL(0)  
MENUMODAL(0)  
HBM_BOOTSTRAP(19)  
VEXECUTE:EXECFROMBUFF(526)  
VEXECUTE:EXECFROMPRG(209)  
HBMLOAD(28)  
HBMBOOTSTRAP(12)  
HBMSTART(6)  
MAIN(29)  
###################

20210803 - 05:18:18 >>  [INFO] Before send buffer to execute

# Called from : 
VEXECUTE:EXECFROMPRG(208)  
HBMLOAD(28)  
(b)HBM_BOOTSTRAP(16)  
HBMENUSYS:EXECUTE(0)  
HBMENUSYS:MODAL(0)  
MENUMODAL(0)  
HBM_BOOTSTRAP(19)  
VEXECUTE:EXECFROMBUFF(526)  
VEXECUTE:EXECFROMPRG(209)  
HBMLOAD(28)  
HBMBOOTSTRAP(12)  
HBMSTART(6)  
MAIN(29)  
###################

20210803 - 05:18:18 >>  [INFO] Before load buffer. Function : hbm_faixa

# Called from : 
VEXECUTE:EXECFROMBUFF(503)  
VEXECUTE:EXECFROMPRG(209)  
HBMLOAD(28)  
(b)HBM_BOOTSTRAP(16)  
HBMENUSYS:EXECUTE(0)  
HBMENUSYS:MODAL(0)  
MENUMODAL(0)  
HBM_BOOTSTRAP(19)  
VEXECUTE:EXECFROMBUFF(526)  
VEXECUTE:EXECFROMPRG(209)  
HBMLOAD(28)  
HBMBOOTSTRAP(12)  
HBMSTART(6)  
MAIN(29)  
###################

20210803 - 05:18:18 >>  [INFO] Before execute function hbm_faixa

# Called from : 
VEXECUTE:EXECFROMBUFF(525)  
VEXECUTE:EXECFROMPRG(209)  
HBMLOAD(28)  
(b)HBM_BOOTSTRAP(16)  
HBMENUSYS:EXECUTE(0)  
HBMENUSYS:MODAL(0)  
MENUMODAL(0)  
HBM_BOOTSTRAP(19)  
VEXECUTE:EXECFROMBUFF(526)  
VEXECUTE:EXECFROMPRG(209)  
HBMLOAD(28)  
HBMBOOTSTRAP(12)  
HBMSTART(6)  
MAIN(29)  
###################

20210803 - 05:18:18 >>  [INFO] Data base open successfully

# Called from : 
VSQLITE:OPEN(134)  
FQUERYTODBF(99)  
VBROWSECMD:OPEN(222)  
VBROWSECMD:SHOW(439)  
HBM_FAIXA(38)  
VEXECUTE:EXECFROMBUFF(526)  
VEXECUTE:EXECFROMPRG(209)  
HBMLOAD(28)  
(b)HBM_BOOTSTRAP(16)  
HBMENUSYS:EXECUTE(0)  
HBMENUSYS:MODAL(0)  
MENUMODAL(0)  
HBM_BOOTSTRAP(19)  
VEXECUTE:EXECFROMBUFF(526)  
VEXECUTE:EXECFROMPRG(209)  
HBMLOAD(28)  
HBMBOOTSTRAP(12)  
HBMSTART(6)  
MAIN(29)  
###################

20210803 - 05:18:18 >>  [INFO] Data base open successfully

# Called from : 
FQUERYTODBF(103)  
VBROWSECMD:OPEN(222)  
VBROWSECMD:SHOW(439)  
HBM_FAIXA(38)  
VEXECUTE:EXECFROMBUFF(526)  
VEXECUTE:EXECFROMPRG(209)  
HBMLOAD(28)  
(b)HBM_BOOTSTRAP(16)  
HBMENUSYS:EXECUTE(0)  
HBMENUSYS:MODAL(0)  
MENUMODAL(0)  
HBM_BOOTSTRAP(19)  
VEXECUTE:EXECFROMBUFF(526)  
VEXECUTE:EXECFROMPRG(209)  
HBMLOAD(28)  
HBMBOOTSTRAP(12)  
HBMSTART(6)  
MAIN(29)  
###################

20210803 - 05:18:18 >>  [INFO] Mounted query :         SELECT  a.id_faixa, a.prefixo, a.inicio, a.fim        FROM faixa as a WHERE 1=1  LIMIT 20 OFFSET 0 / Original :         SELECT  a.id_faixa, a.prefixo, a.inicio, a.fim        FROM faixa as a WHERE 1=1 , nPage : 1, nLimit : 20

# Called from : 
VSQLITE:MOUNTQUERY(730)  
VSQLITE:EXECUTEQUERY(263)  
VSQLITE:EXECUTEQUERYTODBF(1250)  
FQUERYTODBF(118)  
VBROWSECMD:OPEN(222)  
VBROWSECMD:SHOW(439)  
HBM_FAIXA(38)  
VEXECUTE:EXECFROMBUFF(526)  
VEXECUTE:EXECFROMPRG(209)  
HBMLOAD(28)  
(b)HBM_BOOTSTRAP(16)  
HBMENUSYS:EXECUTE(0)  
HBMENUSYS:MODAL(0)  
MENUMODAL(0)  
HBM_BOOTSTRAP(19)  
VEXECUTE:EXECFROMBUFF(526)  
VEXECUTE:EXECFROMPRG(209)  
HBMLOAD(28)  
HBMBOOTSTRAP(12)  
HBMSTART(6)  
MAIN(29)  
###################

20210803 - 05:18:18 >>  [INFO] Mounted query :         SELECT  a.id_faixa, a.prefixo, a.inicio, a.fim        FROM faixa as a WHERE 1=1  LIMIT 20 OFFSET 0 / Original :         SELECT  a.id_faixa, a.prefixo, a.inicio, a.fim        FROM faixa as a WHERE 1=1 , nPage : 1, nLimit : 20

# Called from : 
FQUERYTODBF(121)  
VBROWSECMD:OPEN(222)  
VBROWSECMD:SHOW(439)  
HBM_FAIXA(38)  
VEXECUTE:EXECFROMBUFF(526)  
VEXECUTE:EXECFROMPRG(209)  
HBMLOAD(28)  
(b)HBM_BOOTSTRAP(16)  
HBMENUSYS:EXECUTE(0)  
HBMENUSYS:MODAL(0)  
MENUMODAL(0)  
HBM_BOOTSTRAP(19)  
VEXECUTE:EXECFROMBUFF(526)  
VEXECUTE:EXECFROMPRG(209)  
HBMLOAD(28)  
HBMBOOTSTRAP(12)  
HBMSTART(6)  
MAIN(29)  
###################

20210803 - 05:18:20 >>  [INFO] After execute with return : NIL

# Called from : 
VEXECUTE:EXECFROMBUFF(527)  
VEXECUTE:EXECFROMPRG(209)  
HBMLOAD(28)  
(b)HBM_BOOTSTRAP(16)  
HBMENUSYS:EXECUTE(0)  
HBMENUSYS:MODAL(0)  
MENUMODAL(0)  
HBM_BOOTSTRAP(19)  
VEXECUTE:EXECFROMBUFF(526)  
VEXECUTE:EXECFROMPRG(209)  
HBMLOAD(28)  
HBMBOOTSTRAP(12)  
HBMSTART(6)  
MAIN(29)  
###################

20210803 - 05:18:20 >>  [INFO] After send buffer to execute

# Called from : 
VEXECUTE:EXECFROMPRG(210)  
HBMLOAD(28)  
(b)HBM_BOOTSTRAP(16)  
HBMENUSYS:EXECUTE(0)  
HBMENUSYS:MODAL(0)  
MENUMODAL(0)  
HBM_BOOTSTRAP(19)  
VEXECUTE:EXECFROMBUFF(526)  
VEXECUTE:EXECFROMPRG(209)  
HBMLOAD(28)  
HBMBOOTSTRAP(12)  
HBMSTART(6)  
MAIN(29)  
###################

20210803 - 05:18:21 >>  [INFO] After compile file code/cfg_ip.prg. Ok.

# Called from : 
VCOMPILE:COMPILE(187)  
VEXECUTE:EXECFROMPRG(206)  
HBMLOAD(28)  
(b)HBM_BOOTSTRAP(15)  
HBMENUSYS:EXECUTE(0)  
HBMENUSYS:MODAL(0)  
MENUMODAL(0)  
HBM_BOOTSTRAP(19)  
VEXECUTE:EXECFROMBUFF(526)  
VEXECUTE:EXECFROMPRG(209)  
HBMLOAD(28)  
HBMBOOTSTRAP(12)  
HBMSTART(6)  
MAIN(29)  
###################

20210803 - 05:18:21 >>  [INFO] Before send buffer to execute

# Called from : 
VEXECUTE:EXECFROMPRG(208)  
HBMLOAD(28)  
(b)HBM_BOOTSTRAP(15)  
HBMENUSYS:EXECUTE(0)  
HBMENUSYS:MODAL(0)  
MENUMODAL(0)  
HBM_BOOTSTRAP(19)  
VEXECUTE:EXECFROMBUFF(526)  
VEXECUTE:EXECFROMPRG(209)  
HBMLOAD(28)  
HBMBOOTSTRAP(12)  
HBMSTART(6)  
MAIN(29)  
###################

20210803 - 05:18:21 >>  [INFO] Before load buffer. Function : hbm_cfg_ip

# Called from : 
VEXECUTE:EXECFROMBUFF(503)  
VEXECUTE:EXECFROMPRG(209)  
HBMLOAD(28)  
(b)HBM_BOOTSTRAP(15)  
HBMENUSYS:EXECUTE(0)  
HBMENUSYS:MODAL(0)  
MENUMODAL(0)  
HBM_BOOTSTRAP(19)  
VEXECUTE:EXECFROMBUFF(526)  
VEXECUTE:EXECFROMPRG(209)  
HBMLOAD(28)  
HBMBOOTSTRAP(12)  
HBMSTART(6)  
MAIN(29)  
###################

20210803 - 05:18:21 >>  [INFO] Before execute function hbm_cfg_ip

# Called from : 
VEXECUTE:EXECFROMBUFF(525)  
VEXECUTE:EXECFROMPRG(209)  
HBMLOAD(28)  
(b)HBM_BOOTSTRAP(15)  
HBMENUSYS:EXECUTE(0)  
HBMENUSYS:MODAL(0)  
MENUMODAL(0)  
HBM_BOOTSTRAP(19)  
VEXECUTE:EXECFROMBUFF(526)  
VEXECUTE:EXECFROMPRG(209)  
HBMLOAD(28)  
HBMBOOTSTRAP(12)  
HBMSTART(6)  
MAIN(29)  
###################

20210803 - 05:18:21 >>  [INFO] Data base open successfully

# Called from : 
VSQLITE:OPEN(134)  
FQUERYTODBF(99)  
VBROWSECMD:OPEN(222)  
VBROWSECMD:SHOW(439)  
HBM_CFG_IP(38)  
VEXECUTE:EXECFROMBUFF(526)  
VEXECUTE:EXECFROMPRG(209)  
HBMLOAD(28)  
(b)HBM_BOOTSTRAP(15)  
HBMENUSYS:EXECUTE(0)  
HBMENUSYS:MODAL(0)  
MENUMODAL(0)  
HBM_BOOTSTRAP(19)  
VEXECUTE:EXECFROMBUFF(526)  
VEXECUTE:EXECFROMPRG(209)  
HBMLOAD(28)  
HBMBOOTSTRAP(12)  
HBMSTART(6)  
MAIN(29)  
###################

20210803 - 05:18:21 >>  [INFO] Data base open successfully

# Called from : 
FQUERYTODBF(103)  
VBROWSECMD:OPEN(222)  
VBROWSECMD:SHOW(439)  
HBM_CFG_IP(38)  
VEXECUTE:EXECFROMBUFF(526)  
VEXECUTE:EXECFROMPRG(209)  
HBMLOAD(28)  
(b)HBM_BOOTSTRAP(15)  
HBMENUSYS:EXECUTE(0)  
HBMENUSYS:MODAL(0)  
MENUMODAL(0)  
HBM_BOOTSTRAP(19)  
VEXECUTE:EXECFROMBUFF(526)  
VEXECUTE:EXECFROMPRG(209)  
HBMLOAD(28)  
HBMBOOTSTRAP(12)  
HBMSTART(6)  
MAIN(29)  
###################

20210803 - 05:18:21 >>  [INFO] Mounted query :         SELECT  a.id_cfg_ip, a.descricao, a.endereco_ip, a.mac        FROM cfg_ip as a WHERE 1=1  LIMIT 14 OFFSET 0 / Original :         SELECT  a.id_cfg_ip, a.descricao, a.endereco_ip, a.mac        FROM cfg_ip as a WHERE 1=1 , nPage : 1, nLimit : 14

# Called from : 
VSQLITE:MOUNTQUERY(730)  
VSQLITE:EXECUTEQUERY(263)  
VSQLITE:EXECUTEQUERYTODBF(1250)  
FQUERYTODBF(118)  
VBROWSECMD:OPEN(222)  
VBROWSECMD:SHOW(439)  
HBM_CFG_IP(38)  
VEXECUTE:EXECFROMBUFF(526)  
VEXECUTE:EXECFROMPRG(209)  
HBMLOAD(28)  
(b)HBM_BOOTSTRAP(15)  
HBMENUSYS:EXECUTE(0)  
HBMENUSYS:MODAL(0)  
MENUMODAL(0)  
HBM_BOOTSTRAP(19)  
VEXECUTE:EXECFROMBUFF(526)  
VEXECUTE:EXECFROMPRG(209)  
HBMLOAD(28)  
HBMBOOTSTRAP(12)  
HBMSTART(6)  
MAIN(29)  
###################

20210803 - 05:18:21 >>  [INFO] Mounted query :         SELECT  a.id_cfg_ip, a.descricao, a.endereco_ip, a.mac        FROM cfg_ip as a WHERE 1=1  LIMIT 14 OFFSET 0 / Original :         SELECT  a.id_cfg_ip, a.descricao, a.endereco_ip, a.mac        FROM cfg_ip as a WHERE 1=1 , nPage : 1, nLimit : 14

# Called from : 
FQUERYTODBF(121)  
VBROWSECMD:OPEN(222)  
VBROWSECMD:SHOW(439)  
HBM_CFG_IP(38)  
VEXECUTE:EXECFROMBUFF(526)  
VEXECUTE:EXECFROMPRG(209)  
HBMLOAD(28)  
(b)HBM_BOOTSTRAP(15)  
HBMENUSYS:EXECUTE(0)  
HBMENUSYS:MODAL(0)  
MENUMODAL(0)  
HBM_BOOTSTRAP(19)  
VEXECUTE:EXECFROMBUFF(526)  
VEXECUTE:EXECFROMPRG(209)  
HBMLOAD(28)  
HBMBOOTSTRAP(12)  
HBMSTART(6)  
MAIN(29)  
###################

20210803 - 05:18:22 >>  [INFO] Data base open successfully

# Called from : 
VSQLITE:OPEN(134)  
FQUERYTODBF(99)  
VLJ_DLOOKUPREGISTER(154)  
VGETCMD:SHOW(417)  
VBROWSECMD:SHOW(713)  
HBM_CFG_IP(38)  
VEXECUTE:EXECFROMBUFF(526)  
VEXECUTE:EXECFROMPRG(209)  
HBMLOAD(28)  
(b)HBM_BOOTSTRAP(15)  
HBMENUSYS:EXECUTE(0)  
HBMENUSYS:MODAL(0)  
MENUMODAL(0)  
HBM_BOOTSTRAP(19)  
VEXECUTE:EXECFROMBUFF(526)  
VEXECUTE:EXECFROMPRG(209)  
HBMLOAD(28)  
HBMBOOTSTRAP(12)  
HBMSTART(6)  
MAIN(29)  
###################

20210803 - 05:18:22 >>  [INFO] Data base open successfully

# Called from : 
FQUERYTODBF(103)  
VLJ_DLOOKUPREGISTER(154)  
VGETCMD:SHOW(417)  
VBROWSECMD:SHOW(713)  
HBM_CFG_IP(38)  
VEXECUTE:EXECFROMBUFF(526)  
VEXECUTE:EXECFROMPRG(209)  
HBMLOAD(28)  
(b)HBM_BOOTSTRAP(15)  
HBMENUSYS:EXECUTE(0)  
HBMENUSYS:MODAL(0)  
MENUMODAL(0)  
HBM_BOOTSTRAP(19)  
VEXECUTE:EXECFROMBUFF(526)  
VEXECUTE:EXECFROMPRG(209)  
HBMLOAD(28)  
HBMBOOTSTRAP(12)  
HBMSTART(6)  
MAIN(29)  
###################

20210803 - 05:18:22 >>  [INFO] Mounted query : SELECT * FROM cfg_ip WHERE id_cfg_ip = '0_00222087744623423_2010-06-09_12:26:28_737183-03_::Wed_Jun_09_12:26:28_741041_2010_BRT' / Original : SELECT * FROM cfg_ip WHERE id_cfg_ip = '0_00222087744623423_2010-06-09_12:26:28_737183-03_::Wed_Jun_09_12:26:28_741041_2010_BRT', nPage : 1, nLimit : 0

# Called from : 
VSQLITE:MOUNTQUERY(730)  
VSQLITE:EXECUTEQUERY(263)  
VSQLITE:EXECUTEQUERYTODBF(1250)  
FQUERYTODBF(118)  
VLJ_DLOOKUPREGISTER(154)  
VGETCMD:SHOW(417)  
VBROWSECMD:SHOW(713)  
HBM_CFG_IP(38)  
VEXECUTE:EXECFROMBUFF(526)  
VEXECUTE:EXECFROMPRG(209)  
HBMLOAD(28)  
(b)HBM_BOOTSTRAP(15)  
HBMENUSYS:EXECUTE(0)  
HBMENUSYS:MODAL(0)  
MENUMODAL(0)  
HBM_BOOTSTRAP(19)  
VEXECUTE:EXECFROMBUFF(526)  
VEXECUTE:EXECFROMPRG(209)  
HBMLOAD(28)  
HBMBOOTSTRAP(12)  
HBMSTART(6)  
MAIN(29)  
###################

20210803 - 05:18:22 >>  [INFO] Mounted query : SELECT * FROM cfg_ip WHERE id_cfg_ip = '0_00222087744623423_2010-06-09_12:26:28_737183-03_::Wed_Jun_09_12:26:28_741041_2010_BRT' / Original : SELECT * FROM cfg_ip WHERE id_cfg_ip = '0_00222087744623423_2010-06-09_12:26:28_737183-03_::Wed_Jun_09_12:26:28_741041_2010_BRT', nPage : 1, nLimit : 0

# Called from : 
FQUERYTODBF(121)  
VLJ_DLOOKUPREGISTER(154)  
VGETCMD:SHOW(417)  
VBROWSECMD:SHOW(713)  
HBM_CFG_IP(38)  
VEXECUTE:EXECFROMBUFF(526)  
VEXECUTE:EXECFROMPRG(209)  
HBMLOAD(28)  
(b)HBM_BOOTSTRAP(15)  
HBMENUSYS:EXECUTE(0)  
HBMENUSYS:MODAL(0)  
MENUMODAL(0)  
HBM_BOOTSTRAP(19)  
VEXECUTE:EXECFROMBUFF(526)  
VEXECUTE:EXECFROMPRG(209)  
HBMLOAD(28)  
HBMBOOTSTRAP(12)  
HBMSTART(6)  
MAIN(29)  
###################

20210803 - 05:18:24 >>  [INFO] Data base open successfully

# Called from : 
VSQLITE:OPEN(134)  
FUPDATESQL(245)  
VGETCMD:EXECSUBMIT(1084)  
VBROWSECMD:SHOW(714)  
HBM_CFG_IP(38)  
VEXECUTE:EXECFROMBUFF(526)  
VEXECUTE:EXECFROMPRG(209)  
HBMLOAD(28)  
(b)HBM_BOOTSTRAP(15)  
HBMENUSYS:EXECUTE(0)  
HBMENUSYS:MODAL(0)  
MENUMODAL(0)  
HBM_BOOTSTRAP(19)  
VEXECUTE:EXECFROMBUFF(526)  
VEXECUTE:EXECFROMPRG(209)  
HBMLOAD(28)  
HBMBOOTSTRAP(12)  
HBMSTART(6)  
MAIN(29)  
###################

20210803 - 05:18:24 >>  [INFO] UPDATE cfg_ip SET descricao = 'LAB4 VLAD 2',endereco_ip = '200.19.179.115',mac = NULL WHERE id_cfg_ip = '0_00222087744623423_2010-06-09_12:26:28_737183-03_::Wed_Jun_09_12:26:28_741041_2010_BRT';

# Called from : 
VSQLITE:UPDATESQL(1481)  
FUPDATESQL(255)  
VGETCMD:EXECSUBMIT(1084)  
VBROWSECMD:SHOW(714)  
HBM_CFG_IP(38)  
VEXECUTE:EXECFROMBUFF(526)  
VEXECUTE:EXECFROMPRG(209)  
HBMLOAD(28)  
(b)HBM_BOOTSTRAP(15)  
HBMENUSYS:EXECUTE(0)  
HBMENUSYS:MODAL(0)  
MENUMODAL(0)  
HBM_BOOTSTRAP(19)  
VEXECUTE:EXECFROMBUFF(526)  
VEXECUTE:EXECFROMPRG(209)  
HBMLOAD(28)  
HBMBOOTSTRAP(12)  
HBMSTART(6)  
MAIN(29)  
###################

20210803 - 05:18:24 >>  [INFO] Data base open successfully

# Called from : 
FUPDATESQL(257)  
VGETCMD:EXECSUBMIT(1084)  
VBROWSECMD:SHOW(714)  
HBM_CFG_IP(38)  
VEXECUTE:EXECFROMBUFF(526)  
VEXECUTE:EXECFROMPRG(209)  
HBMLOAD(28)  
(b)HBM_BOOTSTRAP(15)  
HBMENUSYS:EXECUTE(0)  
HBMENUSYS:MODAL(0)  
MENUMODAL(0)  
HBM_BOOTSTRAP(19)  
VEXECUTE:EXECFROMBUFF(526)  
VEXECUTE:EXECFROMPRG(209)  
HBMLOAD(28)  
HBMBOOTSTRAP(12)  
HBMSTART(6)  
MAIN(29)  
###################

20210803 - 05:18:24 >>  [INFO] Data base open successfully

# Called from : 
VSQLITE:OPEN(134)  
FQUERYTODBF(99)  
VBROWSECMD:OPEN(222)  
VBROWSECMD:REFRESH(1118)  
VBROWSECMD:SHOW(721)  
HBM_CFG_IP(38)  
VEXECUTE:EXECFROMBUFF(526)  
VEXECUTE:EXECFROMPRG(209)  
HBMLOAD(28)  
(b)HBM_BOOTSTRAP(15)  
HBMENUSYS:EXECUTE(0)  
HBMENUSYS:MODAL(0)  
MENUMODAL(0)  
HBM_BOOTSTRAP(19)  
VEXECUTE:EXECFROMBUFF(526)  
VEXECUTE:EXECFROMPRG(209)  
HBMLOAD(28)  
HBMBOOTSTRAP(12)  
HBMSTART(6)  
MAIN(29)  
###################

20210803 - 05:18:24 >>  [INFO] Data base open successfully

# Called from : 
FQUERYTODBF(103)  
VBROWSECMD:OPEN(222)  
VBROWSECMD:REFRESH(1118)  
VBROWSECMD:SHOW(721)  
HBM_CFG_IP(38)  
VEXECUTE:EXECFROMBUFF(526)  
VEXECUTE:EXECFROMPRG(209)  
HBMLOAD(28)  
(b)HBM_BOOTSTRAP(15)  
HBMENUSYS:EXECUTE(0)  
HBMENUSYS:MODAL(0)  
MENUMODAL(0)  
HBM_BOOTSTRAP(19)  
VEXECUTE:EXECFROMBUFF(526)  
VEXECUTE:EXECFROMPRG(209)  
HBMLOAD(28)  
HBMBOOTSTRAP(12)  
HBMSTART(6)  
MAIN(29)  
###################

20210803 - 05:18:24 >>  [INFO] Mounted query :         SELECT  a.id_cfg_ip, a.descricao, a.endereco_ip, a.mac        FROM cfg_ip as a WHERE 1=1  LIMIT 14 OFFSET 0 / Original :         SELECT  a.id_cfg_ip, a.descricao, a.endereco_ip, a.mac        FROM cfg_ip as a WHERE 1=1 , nPage : 1, nLimit : 14

# Called from : 
VSQLITE:MOUNTQUERY(730)  
VSQLITE:EXECUTEQUERY(263)  
VSQLITE:EXECUTEQUERYTODBF(1250)  
FQUERYTODBF(118)  
VBROWSECMD:OPEN(222)  
VBROWSECMD:REFRESH(1118)  
VBROWSECMD:SHOW(721)  
HBM_CFG_IP(38)  
VEXECUTE:EXECFROMBUFF(526)  
VEXECUTE:EXECFROMPRG(209)  
HBMLOAD(28)  
(b)HBM_BOOTSTRAP(15)  
HBMENUSYS:EXECUTE(0)  
HBMENUSYS:MODAL(0)  
MENUMODAL(0)  
HBM_BOOTSTRAP(19)  
VEXECUTE:EXECFROMBUFF(526)  
VEXECUTE:EXECFROMPRG(209)  
HBMLOAD(28)  
HBMBOOTSTRAP(12)  
HBMSTART(6)  
MAIN(29)  
###################

20210803 - 05:18:24 >>  [INFO] Mounted query :         SELECT  a.id_cfg_ip, a.descricao, a.endereco_ip, a.mac        FROM cfg_ip as a WHERE 1=1  LIMIT 14 OFFSET 0 / Original :         SELECT  a.id_cfg_ip, a.descricao, a.endereco_ip, a.mac        FROM cfg_ip as a WHERE 1=1 , nPage : 1, nLimit : 14

# Called from : 
FQUERYTODBF(121)  
VBROWSECMD:OPEN(222)  
VBROWSECMD:REFRESH(1118)  
VBROWSECMD:SHOW(721)  
HBM_CFG_IP(38)  
VEXECUTE:EXECFROMBUFF(526)  
VEXECUTE:EXECFROMPRG(209)  
HBMLOAD(28)  
(b)HBM_BOOTSTRAP(15)  
HBMENUSYS:EXECUTE(0)  
HBMENUSYS:MODAL(0)  
MENUMODAL(0)  
HBM_BOOTSTRAP(19)  
VEXECUTE:EXECFROMBUFF(526)  
VEXECUTE:EXECFROMPRG(209)  
HBMLOAD(28)  
HBMBOOTSTRAP(12)  
HBMSTART(6)  
MAIN(29)  
###################

20210803 - 05:18:26 >>  [INFO] Data base open successfully

# Called from : 
VSQLITE:OPEN(134)  
FQUERYTODBF(99)  
VLJ_DLOOKUPREGISTER(154)  
VGETCMD:SHOW(417)  
VBROWSECMD:SHOW(713)  
HBM_CFG_IP(38)  
VEXECUTE:EXECFROMBUFF(526)  
VEXECUTE:EXECFROMPRG(209)  
HBMLOAD(28)  
(b)HBM_BOOTSTRAP(15)  
HBMENUSYS:EXECUTE(0)  
HBMENUSYS:MODAL(0)  
MENUMODAL(0)  
HBM_BOOTSTRAP(19)  
VEXECUTE:EXECFROMBUFF(526)  
VEXECUTE:EXECFROMPRG(209)  
HBMLOAD(28)  
HBMBOOTSTRAP(12)  
HBMSTART(6)  
MAIN(29)  
###################

20210803 - 05:18:26 >>  [INFO] Data base open successfully

# Called from : 
FQUERYTODBF(103)  
VLJ_DLOOKUPREGISTER(154)  
VGETCMD:SHOW(417)  
VBROWSECMD:SHOW(713)  
HBM_CFG_IP(38)  
VEXECUTE:EXECFROMBUFF(526)  
VEXECUTE:EXECFROMPRG(209)  
HBMLOAD(28)  
(b)HBM_BOOTSTRAP(15)  
HBMENUSYS:EXECUTE(0)  
HBMENUSYS:MODAL(0)  
MENUMODAL(0)  
HBM_BOOTSTRAP(19)  
VEXECUTE:EXECFROMBUFF(526)  
VEXECUTE:EXECFROMPRG(209)  
HBMLOAD(28)  
HBMBOOTSTRAP(12)  
HBMSTART(6)  
MAIN(29)  
###################

20210803 - 05:18:26 >>  [INFO] Mounted query : SELECT * FROM cfg_ip WHERE id_cfg_ip = '0_0168433105573058_2010-06-09_12:23:54_819798-03_::Wed_Jun_09_12:23:54_824129_2010_BRT' / Original : SELECT * FROM cfg_ip WHERE id_cfg_ip = '0_0168433105573058_2010-06-09_12:23:54_819798-03_::Wed_Jun_09_12:23:54_824129_2010_BRT', nPage : 1, nLimit : 0

# Called from : 
VSQLITE:MOUNTQUERY(730)  
VSQLITE:EXECUTEQUERY(263)  
VSQLITE:EXECUTEQUERYTODBF(1250)  
FQUERYTODBF(118)  
VLJ_DLOOKUPREGISTER(154)  
VGETCMD:SHOW(417)  
VBROWSECMD:SHOW(713)  
HBM_CFG_IP(38)  
VEXECUTE:EXECFROMBUFF(526)  
VEXECUTE:EXECFROMPRG(209)  
HBMLOAD(28)  
(b)HBM_BOOTSTRAP(15)  
HBMENUSYS:EXECUTE(0)  
HBMENUSYS:MODAL(0)  
MENUMODAL(0)  
HBM_BOOTSTRAP(19)  
VEXECUTE:EXECFROMBUFF(526)  
VEXECUTE:EXECFROMPRG(209)  
HBMLOAD(28)  
HBMBOOTSTRAP(12)  
HBMSTART(6)  
MAIN(29)  
###################

20210803 - 05:18:26 >>  [INFO] Mounted query : SELECT * FROM cfg_ip WHERE id_cfg_ip = '0_0168433105573058_2010-06-09_12:23:54_819798-03_::Wed_Jun_09_12:23:54_824129_2010_BRT' / Original : SELECT * FROM cfg_ip WHERE id_cfg_ip = '0_0168433105573058_2010-06-09_12:23:54_819798-03_::Wed_Jun_09_12:23:54_824129_2010_BRT', nPage : 1, nLimit : 0

# Called from : 
FQUERYTODBF(121)  
VLJ_DLOOKUPREGISTER(154)  
VGETCMD:SHOW(417)  
VBROWSECMD:SHOW(713)  
HBM_CFG_IP(38)  
VEXECUTE:EXECFROMBUFF(526)  
VEXECUTE:EXECFROMPRG(209)  
HBMLOAD(28)  
(b)HBM_BOOTSTRAP(15)  
HBMENUSYS:EXECUTE(0)  
HBMENUSYS:MODAL(0)  
MENUMODAL(0)  
HBM_BOOTSTRAP(19)  
VEXECUTE:EXECFROMBUFF(526)  
VEXECUTE:EXECFROMPRG(209)  
HBMLOAD(28)  
HBMBOOTSTRAP(12)  
HBMSTART(6)  
MAIN(29)  
###################

20210803 - 05:18:27 >>  [INFO] Data base open successfully

# Called from : 
VSQLITE:OPEN(134)  
FUPDATESQL(245)  
VGETCMD:EXECSUBMIT(1084)  
VBROWSECMD:SHOW(714)  
HBM_CFG_IP(38)  
VEXECUTE:EXECFROMBUFF(526)  
VEXECUTE:EXECFROMPRG(209)  
HBMLOAD(28)  
(b)HBM_BOOTSTRAP(15)  
HBMENUSYS:EXECUTE(0)  
HBMENUSYS:MODAL(0)  
MENUMODAL(0)  
HBM_BOOTSTRAP(19)  
VEXECUTE:EXECFROMBUFF(526)  
VEXECUTE:EXECFROMPRG(209)  
HBMLOAD(28)  
HBMBOOTSTRAP(12)  
HBMSTART(6)  
MAIN(29)  
###################

20210803 - 05:18:27 >>  [INFO] UPDATE cfg_ip SET descricao = 'Prof. Manoel Campelo',endereco_ip = '200.19.179.19',mac = 'ddd' WHERE id_cfg_ip = '0_0168433105573058_2010-06-09_12:23:54_819798-03_::Wed_Jun_09_12:23:54_824129_2010_BRT';

# Called from : 
VSQLITE:UPDATESQL(1481)  
FUPDATESQL(255)  
VGETCMD:EXECSUBMIT(1084)  
VBROWSECMD:SHOW(714)  
HBM_CFG_IP(38)  
VEXECUTE:EXECFROMBUFF(526)  
VEXECUTE:EXECFROMPRG(209)  
HBMLOAD(28)  
(b)HBM_BOOTSTRAP(15)  
HBMENUSYS:EXECUTE(0)  
HBMENUSYS:MODAL(0)  
MENUMODAL(0)  
HBM_BOOTSTRAP(19)  
VEXECUTE:EXECFROMBUFF(526)  
VEXECUTE:EXECFROMPRG(209)  
HBMLOAD(28)  
HBMBOOTSTRAP(12)  
HBMSTART(6)  
MAIN(29)  
###################

20210803 - 05:18:28 >>  [INFO] Data base open successfully

# Called from : 
FUPDATESQL(257)  
VGETCMD:EXECSUBMIT(1084)  
VBROWSECMD:SHOW(714)  
HBM_CFG_IP(38)  
VEXECUTE:EXECFROMBUFF(526)  
VEXECUTE:EXECFROMPRG(209)  
HBMLOAD(28)  
(b)HBM_BOOTSTRAP(15)  
HBMENUSYS:EXECUTE(0)  
HBMENUSYS:MODAL(0)  
MENUMODAL(0)  
HBM_BOOTSTRAP(19)  
VEXECUTE:EXECFROMBUFF(526)  
VEXECUTE:EXECFROMPRG(209)  
HBMLOAD(28)  
HBMBOOTSTRAP(12)  
HBMSTART(6)  
MAIN(29)  
###################

20210803 - 05:18:28 >>  [INFO] Data base open successfully

# Called from : 
VSQLITE:OPEN(134)  
FQUERYTODBF(99)  
VBROWSECMD:OPEN(222)  
VBROWSECMD:REFRESH(1118)  
VBROWSECMD:SHOW(721)  
HBM_CFG_IP(38)  
VEXECUTE:EXECFROMBUFF(526)  
VEXECUTE:EXECFROMPRG(209)  
HBMLOAD(28)  
(b)HBM_BOOTSTRAP(15)  
HBMENUSYS:EXECUTE(0)  
HBMENUSYS:MODAL(0)  
MENUMODAL(0)  
HBM_BOOTSTRAP(19)  
VEXECUTE:EXECFROMBUFF(526)  
VEXECUTE:EXECFROMPRG(209)  
HBMLOAD(28)  
HBMBOOTSTRAP(12)  
HBMSTART(6)  
MAIN(29)  
###################

20210803 - 05:18:28 >>  [INFO] Data base open successfully

# Called from : 
FQUERYTODBF(103)  
VBROWSECMD:OPEN(222)  
VBROWSECMD:REFRESH(1118)  
VBROWSECMD:SHOW(721)  
HBM_CFG_IP(38)  
VEXECUTE:EXECFROMBUFF(526)  
VEXECUTE:EXECFROMPRG(209)  
HBMLOAD(28)  
(b)HBM_BOOTSTRAP(15)  
HBMENUSYS:EXECUTE(0)  
HBMENUSYS:MODAL(0)  
MENUMODAL(0)  
HBM_BOOTSTRAP(19)  
VEXECUTE:EXECFROMBUFF(526)  
VEXECUTE:EXECFROMPRG(209)  
HBMLOAD(28)  
HBMBOOTSTRAP(12)  
HBMSTART(6)  
MAIN(29)  
###################

20210803 - 05:18:28 >>  [INFO] Mounted query :         SELECT  a.id_cfg_ip, a.descricao, a.endereco_ip, a.mac        FROM cfg_ip as a WHERE 1=1  LIMIT 14 OFFSET 0 / Original :         SELECT  a.id_cfg_ip, a.descricao, a.endereco_ip, a.mac        FROM cfg_ip as a WHERE 1=1 , nPage : 1, nLimit : 14

# Called from : 
VSQLITE:MOUNTQUERY(730)  
VSQLITE:EXECUTEQUERY(263)  
VSQLITE:EXECUTEQUERYTODBF(1250)  
FQUERYTODBF(118)  
VBROWSECMD:OPEN(222)  
VBROWSECMD:REFRESH(1118)  
VBROWSECMD:SHOW(721)  
HBM_CFG_IP(38)  
VEXECUTE:EXECFROMBUFF(526)  
VEXECUTE:EXECFROMPRG(209)  
HBMLOAD(28)  
(b)HBM_BOOTSTRAP(15)  
HBMENUSYS:EXECUTE(0)  
HBMENUSYS:MODAL(0)  
MENUMODAL(0)  
HBM_BOOTSTRAP(19)  
VEXECUTE:EXECFROMBUFF(526)  
VEXECUTE:EXECFROMPRG(209)  
HBMLOAD(28)  
HBMBOOTSTRAP(12)  
HBMSTART(6)  
MAIN(29)  
###################

20210803 - 05:18:28 >>  [INFO] Mounted query :         SELECT  a.id_cfg_ip, a.descricao, a.endereco_ip, a.mac        FROM cfg_ip as a WHERE 1=1  LIMIT 14 OFFSET 0 / Original :         SELECT  a.id_cfg_ip, a.descricao, a.endereco_ip, a.mac        FROM cfg_ip as a WHERE 1=1 , nPage : 1, nLimit : 14

# Called from : 
FQUERYTODBF(121)  
VBROWSECMD:OPEN(222)  
VBROWSECMD:REFRESH(1118)  
VBROWSECMD:SHOW(721)  
HBM_CFG_IP(38)  
VEXECUTE:EXECFROMBUFF(526)  
VEXECUTE:EXECFROMPRG(209)  
HBMLOAD(28)  
(b)HBM_BOOTSTRAP(15)  
HBMENUSYS:EXECUTE(0)  
HBMENUSYS:MODAL(0)  
MENUMODAL(0)  
HBM_BOOTSTRAP(19)  
VEXECUTE:EXECFROMBUFF(526)  
VEXECUTE:EXECFROMPRG(209)  
HBMLOAD(28)  
HBMBOOTSTRAP(12)  
HBMSTART(6)  
MAIN(29)  
###################

20210803 - 05:18:29 >>  [INFO] Data base open successfully

# Called from : 
VSQLITE:OPEN(134)  
FQUERYTODBF(99)  
VLJ_DLOOKUPREGISTER(154)  
VGETCMD:SHOW(417)  
VBROWSECMD:SHOW(713)  
HBM_CFG_IP(38)  
VEXECUTE:EXECFROMBUFF(526)  
VEXECUTE:EXECFROMPRG(209)  
HBMLOAD(28)  
(b)HBM_BOOTSTRAP(15)  
HBMENUSYS:EXECUTE(0)  
HBMENUSYS:MODAL(0)  
MENUMODAL(0)  
HBM_BOOTSTRAP(19)  
VEXECUTE:EXECFROMBUFF(526)  
VEXECUTE:EXECFROMPRG(209)  
HBMLOAD(28)  
HBMBOOTSTRAP(12)  
HBMSTART(6)  
MAIN(29)  
###################

20210803 - 05:18:29 >>  [INFO] Data base open successfully

# Called from : 
FQUERYTODBF(103)  
VLJ_DLOOKUPREGISTER(154)  
VGETCMD:SHOW(417)  
VBROWSECMD:SHOW(713)  
HBM_CFG_IP(38)  
VEXECUTE:EXECFROMBUFF(526)  
VEXECUTE:EXECFROMPRG(209)  
HBMLOAD(28)  
(b)HBM_BOOTSTRAP(15)  
HBMENUSYS:EXECUTE(0)  
HBMENUSYS:MODAL(0)  
MENUMODAL(0)  
HBM_BOOTSTRAP(19)  
VEXECUTE:EXECFROMBUFF(526)  
VEXECUTE:EXECFROMPRG(209)  
HBMLOAD(28)  
HBMBOOTSTRAP(12)  
HBMSTART(6)  
MAIN(29)  
###################

20210803 - 05:18:29 >>  [INFO] Mounted query : SELECT * FROM cfg_ip WHERE id_cfg_ip = '0_0203837063163519_2010-06-09_12:21:44_62314-03_::Wed_Jun_09_12:21:44_628820_2010_BRT' / Original : SELECT * FROM cfg_ip WHERE id_cfg_ip = '0_0203837063163519_2010-06-09_12:21:44_62314-03_::Wed_Jun_09_12:21:44_628820_2010_BRT', nPage : 1, nLimit : 0

# Called from : 
VSQLITE:MOUNTQUERY(730)  
VSQLITE:EXECUTEQUERY(263)  
VSQLITE:EXECUTEQUERYTODBF(1250)  
FQUERYTODBF(118)  
VLJ_DLOOKUPREGISTER(154)  
VGETCMD:SHOW(417)  
VBROWSECMD:SHOW(713)  
HBM_CFG_IP(38)  
VEXECUTE:EXECFROMBUFF(526)  
VEXECUTE:EXECFROMPRG(209)  
HBMLOAD(28)  
(b)HBM_BOOTSTRAP(15)  
HBMENUSYS:EXECUTE(0)  
HBMENUSYS:MODAL(0)  
MENUMODAL(0)  
HBM_BOOTSTRAP(19)  
VEXECUTE:EXECFROMBUFF(526)  
VEXECUTE:EXECFROMPRG(209)  
HBMLOAD(28)  
HBMBOOTSTRAP(12)  
HBMSTART(6)  
MAIN(29)  
###################

20210803 - 05:18:29 >>  [INFO] Mounted query : SELECT * FROM cfg_ip WHERE id_cfg_ip = '0_0203837063163519_2010-06-09_12:21:44_62314-03_::Wed_Jun_09_12:21:44_628820_2010_BRT' / Original : SELECT * FROM cfg_ip WHERE id_cfg_ip = '0_0203837063163519_2010-06-09_12:21:44_62314-03_::Wed_Jun_09_12:21:44_628820_2010_BRT', nPage : 1, nLimit : 0

# Called from : 
FQUERYTODBF(121)  
VLJ_DLOOKUPREGISTER(154)  
VGETCMD:SHOW(417)  
VBROWSECMD:SHOW(713)  
HBM_CFG_IP(38)  
VEXECUTE:EXECFROMBUFF(526)  
VEXECUTE:EXECFROMPRG(209)  
HBMLOAD(28)  
(b)HBM_BOOTSTRAP(15)  
HBMENUSYS:EXECUTE(0)  
HBMENUSYS:MODAL(0)  
MENUMODAL(0)  
HBM_BOOTSTRAP(19)  
VEXECUTE:EXECFROMBUFF(526)  
VEXECUTE:EXECFROMPRG(209)  
HBMLOAD(28)  
HBMBOOTSTRAP(12)  
HBMSTART(6)  
MAIN(29)  
###################

20210803 - 05:18:30 >>  [INFO] Data base open successfully

# Called from : 
VSQLITE:OPEN(134)  
FUPDATESQL(245)  
VGETCMD:EXECSUBMIT(1084)  
VBROWSECMD:SHOW(714)  
HBM_CFG_IP(38)  
VEXECUTE:EXECFROMBUFF(526)  
VEXECUTE:EXECFROMPRG(209)  
HBMLOAD(28)  
(b)HBM_BOOTSTRAP(15)  
HBMENUSYS:EXECUTE(0)  
HBMENUSYS:MODAL(0)  
MENUMODAL(0)  
HBM_BOOTSTRAP(19)  
VEXECUTE:EXECFROMBUFF(526)  
VEXECUTE:EXECFROMPRG(209)  
HBMLOAD(28)  
HBMBOOTSTRAP(12)  
HBMSTART(6)  
MAIN(29)  
###################

20210803 - 05:18:30 >>  [INFO] UPDATE cfg_ip SET descricao = 'Prof. Vicente /DEMA',endereco_ip = '200.19.177.215',mac = NULL WHERE id_cfg_ip = '0_0203837063163519_2010-06-09_12:21:44_62314-03_::Wed_Jun_09_12:21:44_628820_2010_BRT';

# Called from : 
VSQLITE:UPDATESQL(1481)  
FUPDATESQL(255)  
VGETCMD:EXECSUBMIT(1084)  
VBROWSECMD:SHOW(714)  
HBM_CFG_IP(38)  
VEXECUTE:EXECFROMBUFF(526)  
VEXECUTE:EXECFROMPRG(209)  
HBMLOAD(28)  
(b)HBM_BOOTSTRAP(15)  
HBMENUSYS:EXECUTE(0)  
HBMENUSYS:MODAL(0)  
MENUMODAL(0)  
HBM_BOOTSTRAP(19)  
VEXECUTE:EXECFROMBUFF(526)  
VEXECUTE:EXECFROMPRG(209)  
HBMLOAD(28)  
HBMBOOTSTRAP(12)  
HBMSTART(6)  
MAIN(29)  
###################

20210803 - 05:18:30 >>  [INFO] Data base open successfully

# Called from : 
FUPDATESQL(257)  
VGETCMD:EXECSUBMIT(1084)  
VBROWSECMD:SHOW(714)  
HBM_CFG_IP(38)  
VEXECUTE:EXECFROMBUFF(526)  
VEXECUTE:EXECFROMPRG(209)  
HBMLOAD(28)  
(b)HBM_BOOTSTRAP(15)  
HBMENUSYS:EXECUTE(0)  
HBMENUSYS:MODAL(0)  
MENUMODAL(0)  
HBM_BOOTSTRAP(19)  
VEXECUTE:EXECFROMBUFF(526)  
VEXECUTE:EXECFROMPRG(209)  
HBMLOAD(28)  
HBMBOOTSTRAP(12)  
HBMSTART(6)  
MAIN(29)  
###################

20210803 - 05:18:30 >>  [INFO] Data base open successfully

# Called from : 
VSQLITE:OPEN(134)  
FQUERYTODBF(99)  
VBROWSECMD:OPEN(222)  
VBROWSECMD:REFRESH(1118)  
VBROWSECMD:SHOW(721)  
HBM_CFG_IP(38)  
VEXECUTE:EXECFROMBUFF(526)  
VEXECUTE:EXECFROMPRG(209)  
HBMLOAD(28)  
(b)HBM_BOOTSTRAP(15)  
HBMENUSYS:EXECUTE(0)  
HBMENUSYS:MODAL(0)  
MENUMODAL(0)  
HBM_BOOTSTRAP(19)  
VEXECUTE:EXECFROMBUFF(526)  
VEXECUTE:EXECFROMPRG(209)  
HBMLOAD(28)  
HBMBOOTSTRAP(12)  
HBMSTART(6)  
MAIN(29)  
###################

20210803 - 05:18:30 >>  [INFO] Data base open successfully

# Called from : 
FQUERYTODBF(103)  
VBROWSECMD:OPEN(222)  
VBROWSECMD:REFRESH(1118)  
VBROWSECMD:SHOW(721)  
HBM_CFG_IP(38)  
VEXECUTE:EXECFROMBUFF(526)  
VEXECUTE:EXECFROMPRG(209)  
HBMLOAD(28)  
(b)HBM_BOOTSTRAP(15)  
HBMENUSYS:EXECUTE(0)  
HBMENUSYS:MODAL(0)  
MENUMODAL(0)  
HBM_BOOTSTRAP(19)  
VEXECUTE:EXECFROMBUFF(526)  
VEXECUTE:EXECFROMPRG(209)  
HBMLOAD(28)  
HBMBOOTSTRAP(12)  
HBMSTART(6)  
MAIN(29)  
###################

20210803 - 05:18:30 >>  [INFO] Mounted query :         SELECT  a.id_cfg_ip, a.descricao, a.endereco_ip, a.mac        FROM cfg_ip as a WHERE 1=1  LIMIT 14 OFFSET 0 / Original :         SELECT  a.id_cfg_ip, a.descricao, a.endereco_ip, a.mac        FROM cfg_ip as a WHERE 1=1 , nPage : 1, nLimit : 14

# Called from : 
VSQLITE:MOUNTQUERY(730)  
VSQLITE:EXECUTEQUERY(263)  
VSQLITE:EXECUTEQUERYTODBF(1250)  
FQUERYTODBF(118)  
VBROWSECMD:OPEN(222)  
VBROWSECMD:REFRESH(1118)  
VBROWSECMD:SHOW(721)  
HBM_CFG_IP(38)  
VEXECUTE:EXECFROMBUFF(526)  
VEXECUTE:EXECFROMPRG(209)  
HBMLOAD(28)  
(b)HBM_BOOTSTRAP(15)  
HBMENUSYS:EXECUTE(0)  
HBMENUSYS:MODAL(0)  
MENUMODAL(0)  
HBM_BOOTSTRAP(19)  
VEXECUTE:EXECFROMBUFF(526)  
VEXECUTE:EXECFROMPRG(209)  
HBMLOAD(28)  
HBMBOOTSTRAP(12)  
HBMSTART(6)  
MAIN(29)  
###################

20210803 - 05:18:30 >>  [INFO] Mounted query :         SELECT  a.id_cfg_ip, a.descricao, a.endereco_ip, a.mac        FROM cfg_ip as a WHERE 1=1  LIMIT 14 OFFSET 0 / Original :         SELECT  a.id_cfg_ip, a.descricao, a.endereco_ip, a.mac        FROM cfg_ip as a WHERE 1=1 , nPage : 1, nLimit : 14

# Called from : 
FQUERYTODBF(121)  
VBROWSECMD:OPEN(222)  
VBROWSECMD:REFRESH(1118)  
VBROWSECMD:SHOW(721)  
HBM_CFG_IP(38)  
VEXECUTE:EXECFROMBUFF(526)  
VEXECUTE:EXECFROMPRG(209)  
HBMLOAD(28)  
(b)HBM_BOOTSTRAP(15)  
HBMENUSYS:EXECUTE(0)  
HBMENUSYS:MODAL(0)  
MENUMODAL(0)  
HBM_BOOTSTRAP(19)  
VEXECUTE:EXECFROMBUFF(526)  
VEXECUTE:EXECFROMPRG(209)  
HBMLOAD(28)  
HBMBOOTSTRAP(12)  
HBMSTART(6)  
MAIN(29)  
###################

20210803 - 05:18:31 >>  [INFO] Data base open successfully

# Called from : 
VSQLITE:OPEN(134)  
FQUERYTODBF(99)  
VLJ_DLOOKUPREGISTER(154)  
VGETCMD:SHOW(417)  
VBROWSECMD:SHOW(713)  
HBM_CFG_IP(38)  
VEXECUTE:EXECFROMBUFF(526)  
VEXECUTE:EXECFROMPRG(209)  
HBMLOAD(28)  
(b)HBM_BOOTSTRAP(15)  
HBMENUSYS:EXECUTE(0)  
HBMENUSYS:MODAL(0)  
MENUMODAL(0)  
HBM_BOOTSTRAP(19)  
VEXECUTE:EXECFROMBUFF(526)  
VEXECUTE:EXECFROMPRG(209)  
HBMLOAD(28)  
HBMBOOTSTRAP(12)  
HBMSTART(6)  
MAIN(29)  
###################

20210803 - 05:18:31 >>  [INFO] Data base open successfully

# Called from : 
FQUERYTODBF(103)  
VLJ_DLOOKUPREGISTER(154)  
VGETCMD:SHOW(417)  
VBROWSECMD:SHOW(713)  
HBM_CFG_IP(38)  
VEXECUTE:EXECFROMBUFF(526)  
VEXECUTE:EXECFROMPRG(209)  
HBMLOAD(28)  
(b)HBM_BOOTSTRAP(15)  
HBMENUSYS:EXECUTE(0)  
HBMENUSYS:MODAL(0)  
MENUMODAL(0)  
HBM_BOOTSTRAP(19)  
VEXECUTE:EXECFROMBUFF(526)  
VEXECUTE:EXECFROMPRG(209)  
HBMLOAD(28)  
HBMBOOTSTRAP(12)  
HBMSTART(6)  
MAIN(29)  
###################

20210803 - 05:18:32 >>  [INFO] Mounted query : SELECT * FROM cfg_ip WHERE id_cfg_ip = '0_0220488547347486_2010-06-09_12:16:27_635908-03_::Wed_Jun_09_12:16:27_637559_2010_BRT' / Original : SELECT * FROM cfg_ip WHERE id_cfg_ip = '0_0220488547347486_2010-06-09_12:16:27_635908-03_::Wed_Jun_09_12:16:27_637559_2010_BRT', nPage : 1, nLimit : 0

# Called from : 
VSQLITE:MOUNTQUERY(730)  
VSQLITE:EXECUTEQUERY(263)  
VSQLITE:EXECUTEQUERYTODBF(1250)  
FQUERYTODBF(118)  
VLJ_DLOOKUPREGISTER(154)  
VGETCMD:SHOW(417)  
VBROWSECMD:SHOW(713)  
HBM_CFG_IP(38)  
VEXECUTE:EXECFROMBUFF(526)  
VEXECUTE:EXECFROMPRG(209)  
HBMLOAD(28)  
(b)HBM_BOOTSTRAP(15)  
HBMENUSYS:EXECUTE(0)  
HBMENUSYS:MODAL(0)  
MENUMODAL(0)  
HBM_BOOTSTRAP(19)  
VEXECUTE:EXECFROMBUFF(526)  
VEXECUTE:EXECFROMPRG(209)  
HBMLOAD(28)  
HBMBOOTSTRAP(12)  
HBMSTART(6)  
MAIN(29)  
###################

20210803 - 05:18:32 >>  [INFO] Mounted query : SELECT * FROM cfg_ip WHERE id_cfg_ip = '0_0220488547347486_2010-06-09_12:16:27_635908-03_::Wed_Jun_09_12:16:27_637559_2010_BRT' / Original : SELECT * FROM cfg_ip WHERE id_cfg_ip = '0_0220488547347486_2010-06-09_12:16:27_635908-03_::Wed_Jun_09_12:16:27_637559_2010_BRT', nPage : 1, nLimit : 0

# Called from : 
FQUERYTODBF(121)  
VLJ_DLOOKUPREGISTER(154)  
VGETCMD:SHOW(417)  
VBROWSECMD:SHOW(713)  
HBM_CFG_IP(38)  
VEXECUTE:EXECFROMBUFF(526)  
VEXECUTE:EXECFROMPRG(209)  
HBMLOAD(28)  
(b)HBM_BOOTSTRAP(15)  
HBMENUSYS:EXECUTE(0)  
HBMENUSYS:MODAL(0)  
MENUMODAL(0)  
HBM_BOOTSTRAP(19)  
VEXECUTE:EXECFROMBUFF(526)  
VEXECUTE:EXECFROMPRG(209)  
HBMLOAD(28)  
HBMBOOTSTRAP(12)  
HBMSTART(6)  
MAIN(29)  
###################

20210803 - 05:18:33 >>  [INFO] Data base open successfully

# Called from : 
VSQLITE:OPEN(134)  
FUPDATESQL(245)  
VGETCMD:EXECSUBMIT(1084)  
VBROWSECMD:SHOW(714)  
HBM_CFG_IP(38)  
VEXECUTE:EXECFROMBUFF(526)  
VEXECUTE:EXECFROMPRG(209)  
HBMLOAD(28)  
(b)HBM_BOOTSTRAP(15)  
HBMENUSYS:EXECUTE(0)  
HBMENUSYS:MODAL(0)  
MENUMODAL(0)  
HBM_BOOTSTRAP(19)  
VEXECUTE:EXECFROMBUFF(526)  
VEXECUTE:EXECFROMPRG(209)  
HBMLOAD(28)  
HBMBOOTSTRAP(12)  
HBMSTART(6)  
MAIN(29)  
###################

20210803 - 05:18:33 >>  [INFO] UPDATE cfg_ip SET descricao = 'LAB2 /DC',endereco_ip = '200.19.177.56',mac = NULL WHERE id_cfg_ip = '0_0220488547347486_2010-06-09_12:16:27_635908-03_::Wed_Jun_09_12:16:27_637559_2010_BRT';

# Called from : 
VSQLITE:UPDATESQL(1481)  
FUPDATESQL(255)  
VGETCMD:EXECSUBMIT(1084)  
VBROWSECMD:SHOW(714)  
HBM_CFG_IP(38)  
VEXECUTE:EXECFROMBUFF(526)  
VEXECUTE:EXECFROMPRG(209)  
HBMLOAD(28)  
(b)HBM_BOOTSTRAP(15)  
HBMENUSYS:EXECUTE(0)  
HBMENUSYS:MODAL(0)  
MENUMODAL(0)  
HBM_BOOTSTRAP(19)  
VEXECUTE:EXECFROMBUFF(526)  
VEXECUTE:EXECFROMPRG(209)  
HBMLOAD(28)  
HBMBOOTSTRAP(12)  
HBMSTART(6)  
MAIN(29)  
###################

20210803 - 05:18:33 >>  [INFO] Data base open successfully

# Called from : 
FUPDATESQL(257)  
VGETCMD:EXECSUBMIT(1084)  
VBROWSECMD:SHOW(714)  
HBM_CFG_IP(38)  
VEXECUTE:EXECFROMBUFF(526)  
VEXECUTE:EXECFROMPRG(209)  
HBMLOAD(28)  
(b)HBM_BOOTSTRAP(15)  
HBMENUSYS:EXECUTE(0)  
HBMENUSYS:MODAL(0)  
MENUMODAL(0)  
HBM_BOOTSTRAP(19)  
VEXECUTE:EXECFROMBUFF(526)  
VEXECUTE:EXECFROMPRG(209)  
HBMLOAD(28)  
HBMBOOTSTRAP(12)  
HBMSTART(6)  
MAIN(29)  
###################

20210803 - 05:18:33 >>  [INFO] Data base open successfully

# Called from : 
VSQLITE:OPEN(134)  
FQUERYTODBF(99)  
VBROWSECMD:OPEN(222)  
VBROWSECMD:REFRESH(1118)  
VBROWSECMD:SHOW(721)  
HBM_CFG_IP(38)  
VEXECUTE:EXECFROMBUFF(526)  
VEXECUTE:EXECFROMPRG(209)  
HBMLOAD(28)  
(b)HBM_BOOTSTRAP(15)  
HBMENUSYS:EXECUTE(0)  
HBMENUSYS:MODAL(0)  
MENUMODAL(0)  
HBM_BOOTSTRAP(19)  
VEXECUTE:EXECFROMBUFF(526)  
VEXECUTE:EXECFROMPRG(209)  
HBMLOAD(28)  
HBMBOOTSTRAP(12)  
HBMSTART(6)  
MAIN(29)  
###################

20210803 - 05:18:33 >>  [INFO] Data base open successfully

# Called from : 
FQUERYTODBF(103)  
VBROWSECMD:OPEN(222)  
VBROWSECMD:REFRESH(1118)  
VBROWSECMD:SHOW(721)  
HBM_CFG_IP(38)  
VEXECUTE:EXECFROMBUFF(526)  
VEXECUTE:EXECFROMPRG(209)  
HBMLOAD(28)  
(b)HBM_BOOTSTRAP(15)  
HBMENUSYS:EXECUTE(0)  
HBMENUSYS:MODAL(0)  
MENUMODAL(0)  
HBM_BOOTSTRAP(19)  
VEXECUTE:EXECFROMBUFF(526)  
VEXECUTE:EXECFROMPRG(209)  
HBMLOAD(28)  
HBMBOOTSTRAP(12)  
HBMSTART(6)  
MAIN(29)  
###################

20210803 - 05:18:33 >>  [INFO] Mounted query :         SELECT  a.id_cfg_ip, a.descricao, a.endereco_ip, a.mac        FROM cfg_ip as a WHERE 1=1  LIMIT 14 OFFSET 0 / Original :         SELECT  a.id_cfg_ip, a.descricao, a.endereco_ip, a.mac        FROM cfg_ip as a WHERE 1=1 , nPage : 1, nLimit : 14

# Called from : 
VSQLITE:MOUNTQUERY(730)  
VSQLITE:EXECUTEQUERY(263)  
VSQLITE:EXECUTEQUERYTODBF(1250)  
FQUERYTODBF(118)  
VBROWSECMD:OPEN(222)  
VBROWSECMD:REFRESH(1118)  
VBROWSECMD:SHOW(721)  
HBM_CFG_IP(38)  
VEXECUTE:EXECFROMBUFF(526)  
VEXECUTE:EXECFROMPRG(209)  
HBMLOAD(28)  
(b)HBM_BOOTSTRAP(15)  
HBMENUSYS:EXECUTE(0)  
HBMENUSYS:MODAL(0)  
MENUMODAL(0)  
HBM_BOOTSTRAP(19)  
VEXECUTE:EXECFROMBUFF(526)  
VEXECUTE:EXECFROMPRG(209)  
HBMLOAD(28)  
HBMBOOTSTRAP(12)  
HBMSTART(6)  
MAIN(29)  
###################

20210803 - 05:18:33 >>  [INFO] Mounted query :         SELECT  a.id_cfg_ip, a.descricao, a.endereco_ip, a.mac        FROM cfg_ip as a WHERE 1=1  LIMIT 14 OFFSET 0 / Original :         SELECT  a.id_cfg_ip, a.descricao, a.endereco_ip, a.mac        FROM cfg_ip as a WHERE 1=1 , nPage : 1, nLimit : 14

# Called from : 
FQUERYTODBF(121)  
VBROWSECMD:OPEN(222)  
VBROWSECMD:REFRESH(1118)  
VBROWSECMD:SHOW(721)  
HBM_CFG_IP(38)  
VEXECUTE:EXECFROMBUFF(526)  
VEXECUTE:EXECFROMPRG(209)  
HBMLOAD(28)  
(b)HBM_BOOTSTRAP(15)  
HBMENUSYS:EXECUTE(0)  
HBMENUSYS:MODAL(0)  
MENUMODAL(0)  
HBM_BOOTSTRAP(19)  
VEXECUTE:EXECFROMBUFF(526)  
VEXECUTE:EXECFROMPRG(209)  
HBMLOAD(28)  
HBMBOOTSTRAP(12)  
HBMSTART(6)  
MAIN(29)  
###################

20210803 - 05:19:16 >>  [INFO] Data base open successfully

# Called from : 
VSQLITE:OPEN(134)  
FQUERYTODBF(99)  
VLJ_DLOOKUPREGISTER(154)  
VGETCMD:SHOW(417)  
VBROWSECMD:SHOW(713)  
HBM_CFG_IP(38)  
VEXECUTE:EXECFROMBUFF(526)  
VEXECUTE:EXECFROMPRG(209)  
HBMLOAD(28)  
(b)HBM_BOOTSTRAP(15)  
HBMENUSYS:EXECUTE(0)  
HBMENUSYS:MODAL(0)  
MENUMODAL(0)  
HBM_BOOTSTRAP(19)  
VEXECUTE:EXECFROMBUFF(526)  
VEXECUTE:EXECFROMPRG(209)  
HBMLOAD(28)  
HBMBOOTSTRAP(12)  
HBMSTART(6)  
MAIN(29)  
###################

20210803 - 05:19:16 >>  [INFO] Data base open successfully

# Called from : 
FQUERYTODBF(103)  
VLJ_DLOOKUPREGISTER(154)  
VGETCMD:SHOW(417)  
VBROWSECMD:SHOW(713)  
HBM_CFG_IP(38)  
VEXECUTE:EXECFROMBUFF(526)  
VEXECUTE:EXECFROMPRG(209)  
HBMLOAD(28)  
(b)HBM_BOOTSTRAP(15)  
HBMENUSYS:EXECUTE(0)  
HBMENUSYS:MODAL(0)  
MENUMODAL(0)  
HBM_BOOTSTRAP(19)  
VEXECUTE:EXECFROMBUFF(526)  
VEXECUTE:EXECFROMPRG(209)  
HBMLOAD(28)  
HBMBOOTSTRAP(12)  
HBMSTART(6)  
MAIN(29)  
###################

20210803 - 05:19:16 >>  [INFO] Mounted query : SELECT * FROM cfg_ip WHERE id_cfg_ip = '0_0376275214366615_2010-06-09_12:26:28_737183-03_::Wed_Jun_09_12:26:28_741813_2010_BRT' / Original : SELECT * FROM cfg_ip WHERE id_cfg_ip = '0_0376275214366615_2010-06-09_12:26:28_737183-03_::Wed_Jun_09_12:26:28_741813_2010_BRT', nPage : 1, nLimit : 0

# Called from : 
VSQLITE:MOUNTQUERY(730)  
VSQLITE:EXECUTEQUERY(263)  
VSQLITE:EXECUTEQUERYTODBF(1250)  
FQUERYTODBF(118)  
VLJ_DLOOKUPREGISTER(154)  
VGETCMD:SHOW(417)  
VBROWSECMD:SHOW(713)  
HBM_CFG_IP(38)  
VEXECUTE:EXECFROMBUFF(526)  
VEXECUTE:EXECFROMPRG(209)  
HBMLOAD(28)  
(b)HBM_BOOTSTRAP(15)  
HBMENUSYS:EXECUTE(0)  
HBMENUSYS:MODAL(0)  
MENUMODAL(0)  
HBM_BOOTSTRAP(19)  
VEXECUTE:EXECFROMBUFF(526)  
VEXECUTE:EXECFROMPRG(209)  
HBMLOAD(28)  
HBMBOOTSTRAP(12)  
HBMSTART(6)  
MAIN(29)  
###################

20210803 - 05:19:16 >>  [INFO] Mounted query : SELECT * FROM cfg_ip WHERE id_cfg_ip = '0_0376275214366615_2010-06-09_12:26:28_737183-03_::Wed_Jun_09_12:26:28_741813_2010_BRT' / Original : SELECT * FROM cfg_ip WHERE id_cfg_ip = '0_0376275214366615_2010-06-09_12:26:28_737183-03_::Wed_Jun_09_12:26:28_741813_2010_BRT', nPage : 1, nLimit : 0

# Called from : 
FQUERYTODBF(121)  
VLJ_DLOOKUPREGISTER(154)  
VGETCMD:SHOW(417)  
VBROWSECMD:SHOW(713)  
HBM_CFG_IP(38)  
VEXECUTE:EXECFROMBUFF(526)  
VEXECUTE:EXECFROMPRG(209)  
HBMLOAD(28)  
(b)HBM_BOOTSTRAP(15)  
HBMENUSYS:EXECUTE(0)  
HBMENUSYS:MODAL(0)  
MENUMODAL(0)  
HBM_BOOTSTRAP(19)  
VEXECUTE:EXECFROMBUFF(526)  
VEXECUTE:EXECFROMPRG(209)  
HBMLOAD(28)  
HBMBOOTSTRAP(12)  
HBMSTART(6)  
MAIN(29)  
###################

20210803 - 05:19:18 >>  [INFO] Data base open successfully

# Called from : 
VSQLITE:OPEN(134)  
FUPDATESQL(245)  
VGETCMD:EXECSUBMIT(1084)  
VBROWSECMD:SHOW(714)  
HBM_CFG_IP(38)  
VEXECUTE:EXECFROMBUFF(526)  
VEXECUTE:EXECFROMPRG(209)  
HBMLOAD(28)  
(b)HBM_BOOTSTRAP(15)  
HBMENUSYS:EXECUTE(0)  
HBMENUSYS:MODAL(0)  
MENUMODAL(0)  
HBM_BOOTSTRAP(19)  
VEXECUTE:EXECFROMBUFF(526)  
VEXECUTE:EXECFROMPRG(209)  
HBMLOAD(28)  
HBMBOOTSTRAP(12)  
HBMSTART(6)  
MAIN(29)  
###################

20210803 - 05:19:18 >>  [INFO] UPDATE cfg_ip SET descricao = 'PEPE',endereco_ip = '200.19.179.119',mac = NULL WHERE id_cfg_ip = '0_0376275214366615_2010-06-09_12:26:28_737183-03_::Wed_Jun_09_12:26:28_741813_2010_BRT';

# Called from : 
VSQLITE:UPDATESQL(1481)  
FUPDATESQL(255)  
VGETCMD:EXECSUBMIT(1084)  
VBROWSECMD:SHOW(714)  
HBM_CFG_IP(38)  
VEXECUTE:EXECFROMBUFF(526)  
VEXECUTE:EXECFROMPRG(209)  
HBMLOAD(28)  
(b)HBM_BOOTSTRAP(15)  
HBMENUSYS:EXECUTE(0)  
HBMENUSYS:MODAL(0)  
MENUMODAL(0)  
HBM_BOOTSTRAP(19)  
VEXECUTE:EXECFROMBUFF(526)  
VEXECUTE:EXECFROMPRG(209)  
HBMLOAD(28)  
HBMBOOTSTRAP(12)  
HBMSTART(6)  
MAIN(29)  
###################

20210803 - 05:19:18 >>  [INFO] Data base open successfully

# Called from : 
FUPDATESQL(257)  
VGETCMD:EXECSUBMIT(1084)  
VBROWSECMD:SHOW(714)  
HBM_CFG_IP(38)  
VEXECUTE:EXECFROMBUFF(526)  
VEXECUTE:EXECFROMPRG(209)  
HBMLOAD(28)  
(b)HBM_BOOTSTRAP(15)  
HBMENUSYS:EXECUTE(0)  
HBMENUSYS:MODAL(0)  
MENUMODAL(0)  
HBM_BOOTSTRAP(19)  
VEXECUTE:EXECFROMBUFF(526)  
VEXECUTE:EXECFROMPRG(209)  
HBMLOAD(28)  
HBMBOOTSTRAP(12)  
HBMSTART(6)  
MAIN(29)  
###################

20210803 - 05:19:18 >>  [INFO] Data base open successfully

# Called from : 
VSQLITE:OPEN(134)  
FQUERYTODBF(99)  
VBROWSECMD:OPEN(222)  
VBROWSECMD:REFRESH(1118)  
VBROWSECMD:SHOW(721)  
HBM_CFG_IP(38)  
VEXECUTE:EXECFROMBUFF(526)  
VEXECUTE:EXECFROMPRG(209)  
HBMLOAD(28)  
(b)HBM_BOOTSTRAP(15)  
HBMENUSYS:EXECUTE(0)  
HBMENUSYS:MODAL(0)  
MENUMODAL(0)  
HBM_BOOTSTRAP(19)  
VEXECUTE:EXECFROMBUFF(526)  
VEXECUTE:EXECFROMPRG(209)  
HBMLOAD(28)  
HBMBOOTSTRAP(12)  
HBMSTART(6)  
MAIN(29)  
###################

20210803 - 05:19:18 >>  [INFO] Data base open successfully

# Called from : 
FQUERYTODBF(103)  
VBROWSECMD:OPEN(222)  
VBROWSECMD:REFRESH(1118)  
VBROWSECMD:SHOW(721)  
HBM_CFG_IP(38)  
VEXECUTE:EXECFROMBUFF(526)  
VEXECUTE:EXECFROMPRG(209)  
HBMLOAD(28)  
(b)HBM_BOOTSTRAP(15)  
HBMENUSYS:EXECUTE(0)  
HBMENUSYS:MODAL(0)  
MENUMODAL(0)  
HBM_BOOTSTRAP(19)  
VEXECUTE:EXECFROMBUFF(526)  
VEXECUTE:EXECFROMPRG(209)  
HBMLOAD(28)  
HBMBOOTSTRAP(12)  
HBMSTART(6)  
MAIN(29)  
###################

20210803 - 05:19:18 >>  [INFO] Mounted query :         SELECT  a.id_cfg_ip, a.descricao, a.endereco_ip, a.mac        FROM cfg_ip as a WHERE 1=1  LIMIT 14 OFFSET 0 / Original :         SELECT  a.id_cfg_ip, a.descricao, a.endereco_ip, a.mac        FROM cfg_ip as a WHERE 1=1 , nPage : 1, nLimit : 14

# Called from : 
VSQLITE:MOUNTQUERY(730)  
VSQLITE:EXECUTEQUERY(263)  
VSQLITE:EXECUTEQUERYTODBF(1250)  
FQUERYTODBF(118)  
VBROWSECMD:OPEN(222)  
VBROWSECMD:REFRESH(1118)  
VBROWSECMD:SHOW(721)  
HBM_CFG_IP(38)  
VEXECUTE:EXECFROMBUFF(526)  
VEXECUTE:EXECFROMPRG(209)  
HBMLOAD(28)  
(b)HBM_BOOTSTRAP(15)  
HBMENUSYS:EXECUTE(0)  
HBMENUSYS:MODAL(0)  
MENUMODAL(0)  
HBM_BOOTSTRAP(19)  
VEXECUTE:EXECFROMBUFF(526)  
VEXECUTE:EXECFROMPRG(209)  
HBMLOAD(28)  
HBMBOOTSTRAP(12)  
HBMSTART(6)  
MAIN(29)  
###################

20210803 - 05:19:18 >>  [INFO] Mounted query :         SELECT  a.id_cfg_ip, a.descricao, a.endereco_ip, a.mac        FROM cfg_ip as a WHERE 1=1  LIMIT 14 OFFSET 0 / Original :         SELECT  a.id_cfg_ip, a.descricao, a.endereco_ip, a.mac        FROM cfg_ip as a WHERE 1=1 , nPage : 1, nLimit : 14

# Called from : 
FQUERYTODBF(121)  
VBROWSECMD:OPEN(222)  
VBROWSECMD:REFRESH(1118)  
VBROWSECMD:SHOW(721)  
HBM_CFG_IP(38)  
VEXECUTE:EXECFROMBUFF(526)  
VEXECUTE:EXECFROMPRG(209)  
HBMLOAD(28)  
(b)HBM_BOOTSTRAP(15)  
HBMENUSYS:EXECUTE(0)  
HBMENUSYS:MODAL(0)  
MENUMODAL(0)  
HBM_BOOTSTRAP(19)  
VEXECUTE:EXECFROMBUFF(526)  
VEXECUTE:EXECFROMPRG(209)  
HBMLOAD(28)  
HBMBOOTSTRAP(12)  
HBMSTART(6)  
MAIN(29)  
###################

20210803 - 05:19:20 >>  [INFO] After execute with return : NIL

# Called from : 
VEXECUTE:EXECFROMBUFF(527)  
VEXECUTE:EXECFROMPRG(209)  
HBMLOAD(28)  
(b)HBM_BOOTSTRAP(15)  
HBMENUSYS:EXECUTE(0)  
HBMENUSYS:MODAL(0)  
MENUMODAL(0)  
HBM_BOOTSTRAP(19)  
VEXECUTE:EXECFROMBUFF(526)  
VEXECUTE:EXECFROMPRG(209)  
HBMLOAD(28)  
HBMBOOTSTRAP(12)  
HBMSTART(6)  
MAIN(29)  
###################

20210803 - 05:19:20 >>  [INFO] After send buffer to execute

# Called from : 
VEXECUTE:EXECFROMPRG(210)  
HBMLOAD(28)  
(b)HBM_BOOTSTRAP(15)  
HBMENUSYS:EXECUTE(0)  
HBMENUSYS:MODAL(0)  
MENUMODAL(0)  
HBM_BOOTSTRAP(19)  
VEXECUTE:EXECFROMBUFF(526)  
VEXECUTE:EXECFROMPRG(209)  
HBMLOAD(28)  
HBMBOOTSTRAP(12)  
HBMSTART(6)  
MAIN(29)  
###################

20210803 - 05:19:23 >>  [INFO] After execute with return : NIL

# Called from : 
VEXECUTE:EXECFROMBUFF(527)  
VEXECUTE:EXECFROMPRG(209)  
HBMLOAD(28)  
HBMBOOTSTRAP(12)  
HBMSTART(6)  
MAIN(29)  
###################

20210803 - 05:19:23 >>  [INFO] After send buffer to execute

# Called from : 
VEXECUTE:EXECFROMPRG(210)  
HBMLOAD(28)  
HBMBOOTSTRAP(12)  
HBMSTART(6)  
MAIN(29)  
###################

