***************************** BEGIN LOG HEADER ************************************
File created at : 20210719 00:16:04
***************************** END LOG HEADER **************************************

20210719 - 00:16:04 >>  [ERROR] (CODE:20200625105833) Execution error: "hbm_bootstrap"
 Description :  "Erro nos parƒmetros"
 Operation   :  "+"
INSIDE ROUTINE : hbm_bootstrap(  )
 ARGS : {NIL, 1}
 GENCODE : 1
 FILENAME : ""
 OPERATION : "+"
                               ((((c,               ,7))))
                               (((((((              ))))))))
                              (((((((            ))))))))
                               ((((((@@@@@@@@@@@))))))))
                               @@@@@@@@@@@@@@@@)))))))
                              @@@@@@@@@@@@@@@@@@))))))@@@@
                             @@/,:::,\/,:::,\@@@@@@@@@@@@@@
                             @@|:::::||:::::|@@@@@@@@@@@@@@@
                             @@\':::'/\':::'/@@@@@@@@@@@@@@
                              @@@@@@@@@@@@@@@@@@@@@@@@@@@
                               @@@@@@@@@@@@@@@@@@@@@@\
                                  /    \        (     \
                                 (      )        \     \
                                  \    /          \
Runtime error                  bug


# Called from : 
VEXECUTE:EXECFROMBUFF(484)  
VEXECUTE:EXECFROMPRG(208)  
HBMLOAD(24)  
HBMBOOTSTRAP(10)  
HBMSTART(4)  
MAIN(25)  
###################

20210719 - 00:17:30 >>  [ERROR] (CODE:20200625105833) Execution error: "hbm_bootstrap"
 Description :  "Erro nos parƒmetros"
 Operation   :  "+"
INSIDE ROUTINE : hbm_bootstrap(  )
 ARGS : {NIL, 1}
 GENCODE : 1
 FILENAME : ""
 OPERATION : "+"
                               ((((c,               ,7))))
                               (((((((              ))))))))
                              (((((((            ))))))))
                               ((((((@@@@@@@@@@@))))))))
                               @@@@@@@@@@@@@@@@)))))))
                              @@@@@@@@@@@@@@@@@@))))))@@@@
                             @@/,:::,\/,:::,\@@@@@@@@@@@@@@
                             @@|:::::||:::::|@@@@@@@@@@@@@@@
                             @@\':::'/\':::'/@@@@@@@@@@@@@@
                              @@@@@@@@@@@@@@@@@@@@@@@@@@@
                               @@@@@@@@@@@@@@@@@@@@@@\
                                  /    \        (     \
                                 (      )        \     \
                                  \    /          \
Runtime error                  bug


# Called from : 
VEXECUTE:EXECFROMBUFF(484)  
VEXECUTE:EXECFROMPRG(208)  
HBMLOAD(24)  
HBMBOOTSTRAP(10)  
HBMSTART(4)  
MAIN(25)  
###################

20210719 - 00:18:31 >>  [ERROR] (CODE:20200625105833) Execution error: "hbm_bootstrap"
 Description :  "Erro nos parƒmetros"
 Operation   :  "+"
INSIDE ROUTINE : hbm_bootstrap(  )
 ARGS : {NIL, 1}
 GENCODE : 1
 FILENAME : ""
 OPERATION : "+"
                               ((((c,               ,7))))
                               (((((((              ))))))))
                              (((((((            ))))))))
                               ((((((@@@@@@@@@@@))))))))
                               @@@@@@@@@@@@@@@@)))))))
                              @@@@@@@@@@@@@@@@@@))))))@@@@
                             @@/,:::,\/,:::,\@@@@@@@@@@@@@@
                             @@|:::::||:::::|@@@@@@@@@@@@@@@
                             @@\':::'/\':::'/@@@@@@@@@@@@@@
                              @@@@@@@@@@@@@@@@@@@@@@@@@@@
                               @@@@@@@@@@@@@@@@@@@@@@\
                                  /    \        (     \
                                 (      )        \     \
                                  \    /          \
Runtime error                  bug


# Called from : 
VEXECUTE:EXECFROMBUFF(484)  
VEXECUTE:EXECFROMPRG(208)  
HBMLOAD(24)  
HBMBOOTSTRAP(10)  
HBMSTART(4)  
MAIN(25)  
###################

20210719 - 03:44:53 >>  [ERROR] (CODE:20200625221048) Execution error while load binary to memory: "hbm_venda" => "Unknown or unregistered symbol"
ROUTINE NAME : hbm_venda
 ARGS : NIL
 GENCODE : 1
 FILENAME : ""
 OPERATION : "FRMCLIENTE"


# Called from : 
VEXECUTE:EXECFROMBUFF(440)  
VEXECUTE:EXECFROMPRG(208)  
HBMLOAD(26)  
(b)HBM_BOOTSTRAP(22)  
HBMENUSYS:EXECUTE(0)  
HBMENUSYS:MODAL(0)  
MENUMODAL(0)  
HBM_BOOTSTRAP(29)  
VEXECUTE:EXECFROMBUFF(450)  
VEXECUTE:EXECFROMPRG(208)  
HBMLOAD(26)  
HBMBOOTSTRAP(10)  
HBMSTART(4)  
MAIN(25)  
###################

20210719 - 03:44:53 >>  [ERROR] (CODE:20200625111133) I can't load buffer code

# Called from : 
VEXECUTE:EXECFROMBUFF(498)  
VEXECUTE:EXECFROMPRG(208)  
HBMLOAD(26)  
(b)HBM_BOOTSTRAP(22)  
HBMENUSYS:EXECUTE(0)  
HBMENUSYS:MODAL(0)  
MENUMODAL(0)  
HBM_BOOTSTRAP(29)  
VEXECUTE:EXECFROMBUFF(450)  
VEXECUTE:EXECFROMPRG(208)  
HBMLOAD(26)  
HBMBOOTSTRAP(10)  
HBMSTART(4)  
MAIN(25)  
###################

20210719 - 03:44:54 >>  [ERROR] (CODE:20200625221048) Execution error while load binary to memory: "hbm_venda" => "Unknown or unregistered symbol"
ROUTINE NAME : hbm_venda
 ARGS : NIL
 GENCODE : 1
 FILENAME : ""
 OPERATION : "FRMCLIENTE"


# Called from : 
VEXECUTE:EXECFROMBUFF(440)  
VEXECUTE:EXECFROMPRG(208)  
HBMLOAD(26)  
(b)HBM_BOOTSTRAP(22)  
HBMENUSYS:EXECUTE(0)  
HBMENUSYS:MODAL(0)  
MENUMODAL(0)  
HBM_BOOTSTRAP(29)  
VEXECUTE:EXECFROMBUFF(450)  
VEXECUTE:EXECFROMPRG(208)  
HBMLOAD(26)  
HBMBOOTSTRAP(10)  
HBMSTART(4)  
MAIN(25)  
###################

20210719 - 03:44:54 >>  [ERROR] (CODE:20200625111133) I can't load buffer code

# Called from : 
VEXECUTE:EXECFROMBUFF(498)  
VEXECUTE:EXECFROMPRG(208)  
HBMLOAD(26)  
(b)HBM_BOOTSTRAP(22)  
HBMENUSYS:EXECUTE(0)  
HBMENUSYS:MODAL(0)  
MENUMODAL(0)  
HBM_BOOTSTRAP(29)  
VEXECUTE:EXECFROMBUFF(450)  
VEXECUTE:EXECFROMPRG(208)  
HBMLOAD(26)  
HBMBOOTSTRAP(10)  
HBMSTART(4)  
MAIN(25)  
###################

20210719 - 03:44:57 >>  [ERROR] (CODE:20200625221048) Execution error while load binary to memory: "hbm_venda" => "Unknown or unregistered symbol"
ROUTINE NAME : hbm_venda
 ARGS : NIL
 GENCODE : 1
 FILENAME : ""
 OPERATION : "FRMCLIENTE"


# Called from : 
VEXECUTE:EXECFROMBUFF(440)  
VEXECUTE:EXECFROMPRG(208)  
HBMLOAD(26)  
(b)HBM_BOOTSTRAP(22)  
HBMENUSYS:EXECUTE(0)  
HBMENUSYS:MODAL(0)  
MENUMODAL(0)  
HBM_BOOTSTRAP(29)  
VEXECUTE:EXECFROMBUFF(450)  
VEXECUTE:EXECFROMPRG(208)  
HBMLOAD(26)  
HBMBOOTSTRAP(10)  
HBMSTART(4)  
MAIN(25)  
###################

20210719 - 03:44:57 >>  [ERROR] (CODE:20200625111133) I can't load buffer code

# Called from : 
VEXECUTE:EXECFROMBUFF(498)  
VEXECUTE:EXECFROMPRG(208)  
HBMLOAD(26)  
(b)HBM_BOOTSTRAP(22)  
HBMENUSYS:EXECUTE(0)  
HBMENUSYS:MODAL(0)  
MENUMODAL(0)  
HBM_BOOTSTRAP(29)  
VEXECUTE:EXECFROMBUFF(450)  
VEXECUTE:EXECFROMPRG(208)  
HBMLOAD(26)  
HBMBOOTSTRAP(10)  
HBMSTART(4)  
MAIN(25)  
###################

20210719 - 14:19:17 >>  [ERROR] (CODE:20200625113952) Compilation errors when compilation code/produtocategoria.prg : Compilation error : Can't open #include file 'produtocategoria.txt'

# Called from : 
VCOMPILE:COMPILE(185)  
VEXECUTE:EXECFROMPRG(205)  
HBMLOAD(26)  
(b)HBM_BOOTSTRAP(19)  
HBMENUSYS:EXECUTE(0)  
HBMENUSYS:MODAL(0)  
MENUMODAL(0)  
HBM_BOOTSTRAP(30)  
VEXECUTE:EXECFROMBUFF(450)  
VEXECUTE:EXECFROMPRG(208)  
HBMLOAD(26)  
HBMBOOTSTRAP(10)  
HBMSTART(4)  
MAIN(25)  
###################

20210719 - 14:19:17 >>  [ERROR] (CODE:20200717110513) Probable compile error / GetResultCompiler return .f. after compile file code/produtocategoria.prg

# Called from : 
VEXECUTE:EXECFROMPRG(213)  
HBMLOAD(26)  
(b)HBM_BOOTSTRAP(19)  
HBMENUSYS:EXECUTE(0)  
HBMENUSYS:MODAL(0)  
MENUMODAL(0)  
HBM_BOOTSTRAP(30)  
VEXECUTE:EXECFROMBUFF(450)  
VEXECUTE:EXECFROMPRG(208)  
HBMLOAD(26)  
HBMBOOTSTRAP(10)  
HBMSTART(4)  
MAIN(25)  
###################

20210719 - 14:19:19 >>  [ERROR] (CODE:20200625113952) Compilation errors when compilation code/produtocategoria.prg : Compilation error : Can't open #include file 'produtocategoria.txt'

# Called from : 
VCOMPILE:COMPILE(185)  
VEXECUTE:EXECFROMPRG(205)  
HBMLOAD(26)  
(b)HBM_BOOTSTRAP(19)  
HBMENUSYS:EXECUTE(0)  
HBMENUSYS:MODAL(0)  
MENUMODAL(0)  
HBM_BOOTSTRAP(30)  
VEXECUTE:EXECFROMBUFF(450)  
VEXECUTE:EXECFROMPRG(208)  
HBMLOAD(26)  
HBMBOOTSTRAP(10)  
HBMSTART(4)  
MAIN(25)  
###################

20210719 - 14:19:19 >>  [ERROR] (CODE:20200717110513) Probable compile error / GetResultCompiler return .f. after compile file code/produtocategoria.prg

# Called from : 
VEXECUTE:EXECFROMPRG(213)  
HBMLOAD(26)  
(b)HBM_BOOTSTRAP(19)  
HBMENUSYS:EXECUTE(0)  
HBMENUSYS:MODAL(0)  
MENUMODAL(0)  
HBM_BOOTSTRAP(30)  
VEXECUTE:EXECFROMBUFF(450)  
VEXECUTE:EXECFROMPRG(208)  
HBMLOAD(26)  
HBMBOOTSTRAP(10)  
HBMSTART(4)  
MAIN(25)  
###################

