***************************** BEGIN LOG HEADER ************************************
File created at : 20210731 22:25:26
***************************** END LOG HEADER **************************************

20210731 - 22:25:26 >>  [INFO] After compile file code/venda.prg. Ok.

# Called from : 
VCOMPILE:COMPILE(187)  
VEXECUTE:EXECFROMPRG(206)  
HBMLOAD(28)  
(b)HBM_BOOTSTRAP(23)  
HBMENUSYS:EXECUTE(0)  
HBMENUSYS:MODAL(0)  
MENUMODAL(0)  
HBM_BOOTSTRAP(30)  
VEXECUTE:EXECFROMBUFF(526)  
VEXECUTE:EXECFROMPRG(209)  
HBMLOAD(28)  
HBMBOOTSTRAP(12)  
HBMSTART(6)  
MAIN(29)  
###################

20210731 - 22:25:26 >>  [INFO] Before send buffer to execute

# Called from : 
VEXECUTE:EXECFROMPRG(208)  
HBMLOAD(28)  
(b)HBM_BOOTSTRAP(23)  
HBMENUSYS:EXECUTE(0)  
HBMENUSYS:MODAL(0)  
MENUMODAL(0)  
HBM_BOOTSTRAP(30)  
VEXECUTE:EXECFROMBUFF(526)  
VEXECUTE:EXECFROMPRG(209)  
HBMLOAD(28)  
HBMBOOTSTRAP(12)  
HBMSTART(6)  
MAIN(29)  
###################

20210731 - 22:25:26 >>  [INFO] Before load buffer. Function : hbm_venda

# Called from : 
VEXECUTE:EXECFROMBUFF(503)  
VEXECUTE:EXECFROMPRG(209)  
HBMLOAD(28)  
(b)HBM_BOOTSTRAP(23)  
HBMENUSYS:EXECUTE(0)  
HBMENUSYS:MODAL(0)  
MENUMODAL(0)  
HBM_BOOTSTRAP(30)  
VEXECUTE:EXECFROMBUFF(526)  
VEXECUTE:EXECFROMPRG(209)  
HBMLOAD(28)  
HBMBOOTSTRAP(12)  
HBMSTART(6)  
MAIN(29)  
###################

20210731 - 22:25:26 >>  [INFO] Before execute function hbm_venda

# Called from : 
VEXECUTE:EXECFROMBUFF(525)  
VEXECUTE:EXECFROMPRG(209)  
HBMLOAD(28)  
(b)HBM_BOOTSTRAP(23)  
HBMENUSYS:EXECUTE(0)  
HBMENUSYS:MODAL(0)  
MENUMODAL(0)  
HBM_BOOTSTRAP(30)  
VEXECUTE:EXECFROMBUFF(526)  
VEXECUTE:EXECFROMPRG(209)  
HBMLOAD(28)  
HBMBOOTSTRAP(12)  
HBMSTART(6)  
MAIN(29)  
###################

20210731 - 22:25:26 >>  [INFO] Data base open successfully

# Called from : 
VSQLITE:OPEN(134)  
FQUERYTODBF(99)  
VBROWSECMD:OPEN(218)  
VBROWSECMD:SHOW(439)  
HBM_VENDA(35)  
VEXECUTE:EXECFROMBUFF(526)  
VEXECUTE:EXECFROMPRG(209)  
HBMLOAD(28)  
(b)HBM_BOOTSTRAP(23)  
HBMENUSYS:EXECUTE(0)  
HBMENUSYS:MODAL(0)  
MENUMODAL(0)  
HBM_BOOTSTRAP(30)  
VEXECUTE:EXECFROMBUFF(526)  
VEXECUTE:EXECFROMPRG(209)  
HBMLOAD(28)  
HBMBOOTSTRAP(12)  
HBMSTART(6)  
MAIN(29)  
###################

20210731 - 22:25:26 >>  [INFO] Data base open successfully

# Called from : 
FQUERYTODBF(103)  
VBROWSECMD:OPEN(218)  
VBROWSECMD:SHOW(439)  
HBM_VENDA(35)  
VEXECUTE:EXECFROMBUFF(526)  
VEXECUTE:EXECFROMPRG(209)  
HBMLOAD(28)  
(b)HBM_BOOTSTRAP(23)  
HBMENUSYS:EXECUTE(0)  
HBMENUSYS:MODAL(0)  
MENUMODAL(0)  
HBM_BOOTSTRAP(30)  
VEXECUTE:EXECFROMBUFF(526)  
VEXECUTE:EXECFROMPRG(209)  
HBMLOAD(28)  
HBMBOOTSTRAP(12)  
HBMSTART(6)  
MAIN(29)  
###################

20210731 - 22:25:26 >>  [INFO] Mounted query :         SELECT  a.id, a.cliente_id, a.descricao,                a.obs, b.nome, a.data, a.totaldavenda        FROM Venda as a        INNER JOIN Cliente as b ON a.cliente_id=b.id  WHERE 1=1  LIMIT 20 OFFSET 0 / Original :         SELECT  a.id, a.cliente_id, a.descricao,                a.obs, b.nome, a.data, a.totaldavenda        FROM Venda as a        INNER JOIN Cliente as b ON a.cliente_id=b.id  WHERE 1=1 , nPage : 1, nLimit : 20

# Called from : 
VSQLITE:MOUNTQUERY(730)  
VSQLITE:EXECUTEQUERY(263)  
VSQLITE:EXECUTEQUERYTODBF(1250)  
FQUERYTODBF(118)  
VBROWSECMD:OPEN(218)  
VBROWSECMD:SHOW(439)  
HBM_VENDA(35)  
VEXECUTE:EXECFROMBUFF(526)  
VEXECUTE:EXECFROMPRG(209)  
HBMLOAD(28)  
(b)HBM_BOOTSTRAP(23)  
HBMENUSYS:EXECUTE(0)  
HBMENUSYS:MODAL(0)  
MENUMODAL(0)  
HBM_BOOTSTRAP(30)  
VEXECUTE:EXECFROMBUFF(526)  
VEXECUTE:EXECFROMPRG(209)  
HBMLOAD(28)  
HBMBOOTSTRAP(12)  
HBMSTART(6)  
MAIN(29)  
###################

20210731 - 22:25:26 >>  [INFO] Mounted query :         SELECT  a.id, a.cliente_id, a.descricao,                a.obs, b.nome, a.data, a.totaldavenda        FROM Venda as a        INNER JOIN Cliente as b ON a.cliente_id=b.id  WHERE 1=1  LIMIT 20 OFFSET 0 / Original :         SELECT  a.id, a.cliente_id, a.descricao,                a.obs, b.nome, a.data, a.totaldavenda        FROM Venda as a        INNER JOIN Cliente as b ON a.cliente_id=b.id  WHERE 1=1 , nPage : 1, nLimit : 20

# Called from : 
FQUERYTODBF(121)  
VBROWSECMD:OPEN(218)  
VBROWSECMD:SHOW(439)  
HBM_VENDA(35)  
VEXECUTE:EXECFROMBUFF(526)  
VEXECUTE:EXECFROMPRG(209)  
HBMLOAD(28)  
(b)HBM_BOOTSTRAP(23)  
HBMENUSYS:EXECUTE(0)  
HBMENUSYS:MODAL(0)  
MENUMODAL(0)  
HBM_BOOTSTRAP(30)  
VEXECUTE:EXECFROMBUFF(526)  
VEXECUTE:EXECFROMPRG(209)  
HBMLOAD(28)  
HBMBOOTSTRAP(12)  
HBMSTART(6)  
MAIN(29)  
###################

20210731 - 22:25:27 >>  [WARNING] (CODE:20200803094228) Parameter maxlenght valid only to character type

# Called from : 
VGETCMD:ADDMAPCONTROL(320)  
FRMVENDA(44)  
(b)HBM_VENDA(31)  
VBROWSECMD:SHOW(707)  
HBM_VENDA(35)  
VEXECUTE:EXECFROMBUFF(526)  
VEXECUTE:EXECFROMPRG(209)  
HBMLOAD(28)  
(b)HBM_BOOTSTRAP(23)  
HBMENUSYS:EXECUTE(0)  
HBMENUSYS:MODAL(0)  
MENUMODAL(0)  
HBM_BOOTSTRAP(30)  
VEXECUTE:EXECFROMBUFF(526)  
VEXECUTE:EXECFROMPRG(209)  
HBMLOAD(28)  
HBMBOOTSTRAP(12)  
HBMSTART(6)  
MAIN(29)  
###################

20210731 - 22:25:27 >>  [INFO] Data base open successfully

# Called from : 
VSQLITE:OPEN(134)  
FQUERYTODBF(99)  
VLJ_DLOOKUPREGISTER(158)  
VGETCMD:SHOW(417)  
VBROWSECMD:SHOW(708)  
HBM_VENDA(35)  
VEXECUTE:EXECFROMBUFF(526)  
VEXECUTE:EXECFROMPRG(209)  
HBMLOAD(28)  
(b)HBM_BOOTSTRAP(23)  
HBMENUSYS:EXECUTE(0)  
HBMENUSYS:MODAL(0)  
MENUMODAL(0)  
HBM_BOOTSTRAP(30)  
VEXECUTE:EXECFROMBUFF(526)  
VEXECUTE:EXECFROMPRG(209)  
HBMLOAD(28)  
HBMBOOTSTRAP(12)  
HBMSTART(6)  
MAIN(29)  
###################

20210731 - 22:25:27 >>  [INFO] Data base open successfully

# Called from : 
FQUERYTODBF(103)  
VLJ_DLOOKUPREGISTER(158)  
VGETCMD:SHOW(417)  
VBROWSECMD:SHOW(708)  
HBM_VENDA(35)  
VEXECUTE:EXECFROMBUFF(526)  
VEXECUTE:EXECFROMPRG(209)  
HBMLOAD(28)  
(b)HBM_BOOTSTRAP(23)  
HBMENUSYS:EXECUTE(0)  
HBMENUSYS:MODAL(0)  
MENUMODAL(0)  
HBM_BOOTSTRAP(30)  
VEXECUTE:EXECFROMBUFF(526)  
VEXECUTE:EXECFROMPRG(209)  
HBMLOAD(28)  
HBMBOOTSTRAP(12)  
HBMSTART(6)  
MAIN(29)  
###################

20210731 - 22:25:27 >>  [INFO] Mounted query : SELECT * FROM VENDA WHERE ID = 1013 / Original : SELECT * FROM VENDA WHERE ID = 1013, nPage : 1, nLimit : 0

# Called from : 
VSQLITE:MOUNTQUERY(730)  
VSQLITE:EXECUTEQUERY(263)  
VSQLITE:EXECUTEQUERYTODBF(1250)  
FQUERYTODBF(118)  
VLJ_DLOOKUPREGISTER(158)  
VGETCMD:SHOW(417)  
VBROWSECMD:SHOW(708)  
HBM_VENDA(35)  
VEXECUTE:EXECFROMBUFF(526)  
VEXECUTE:EXECFROMPRG(209)  
HBMLOAD(28)  
(b)HBM_BOOTSTRAP(23)  
HBMENUSYS:EXECUTE(0)  
HBMENUSYS:MODAL(0)  
MENUMODAL(0)  
HBM_BOOTSTRAP(30)  
VEXECUTE:EXECFROMBUFF(526)  
VEXECUTE:EXECFROMPRG(209)  
HBMLOAD(28)  
HBMBOOTSTRAP(12)  
HBMSTART(6)  
MAIN(29)  
###################

20210731 - 22:25:27 >>  [INFO] Mounted query : SELECT * FROM VENDA WHERE ID = 1013 / Original : SELECT * FROM VENDA WHERE ID = 1013, nPage : 1, nLimit : 0

# Called from : 
FQUERYTODBF(121)  
VLJ_DLOOKUPREGISTER(158)  
VGETCMD:SHOW(417)  
VBROWSECMD:SHOW(708)  
HBM_VENDA(35)  
VEXECUTE:EXECFROMBUFF(526)  
VEXECUTE:EXECFROMPRG(209)  
HBMLOAD(28)  
(b)HBM_BOOTSTRAP(23)  
HBMENUSYS:EXECUTE(0)  
HBMENUSYS:MODAL(0)  
MENUMODAL(0)  
HBM_BOOTSTRAP(30)  
VEXECUTE:EXECFROMBUFF(526)  
VEXECUTE:EXECFROMPRG(209)  
HBMLOAD(28)  
HBMBOOTSTRAP(12)  
HBMSTART(6)  
MAIN(29)  
###################

20210731 - 22:25:27 >>  [INFO] Data base open successfully

# Called from : 
VSQLITE:OPEN(134)  
FQUERYTODBF(99)  
VLJ_DLOOKUPTODEFCONTROL(404)  
TUILOOKUP(55)  
VGETCMD:EXECLOOKUP(617)  
VGETCMD:SHOW(536)  
VBROWSECMD:SHOW(708)  
HBM_VENDA(35)  
VEXECUTE:EXECFROMBUFF(526)  
VEXECUTE:EXECFROMPRG(209)  
HBMLOAD(28)  
(b)HBM_BOOTSTRAP(23)  
HBMENUSYS:EXECUTE(0)  
HBMENUSYS:MODAL(0)  
MENUMODAL(0)  
HBM_BOOTSTRAP(30)  
VEXECUTE:EXECFROMBUFF(526)  
VEXECUTE:EXECFROMPRG(209)  
HBMLOAD(28)  
HBMBOOTSTRAP(12)  
HBMSTART(6)  
MAIN(29)  
###################

20210731 - 22:25:27 >>  [INFO] Data base open successfully

# Called from : 
FQUERYTODBF(103)  
VLJ_DLOOKUPTODEFCONTROL(404)  
TUILOOKUP(55)  
VGETCMD:EXECLOOKUP(617)  
VGETCMD:SHOW(536)  
VBROWSECMD:SHOW(708)  
HBM_VENDA(35)  
VEXECUTE:EXECFROMBUFF(526)  
VEXECUTE:EXECFROMPRG(209)  
HBMLOAD(28)  
(b)HBM_BOOTSTRAP(23)  
HBMENUSYS:EXECUTE(0)  
HBMENUSYS:MODAL(0)  
MENUMODAL(0)  
HBM_BOOTSTRAP(30)  
VEXECUTE:EXECFROMBUFF(526)  
VEXECUTE:EXECFROMPRG(209)  
HBMLOAD(28)  
HBMBOOTSTRAP(12)  
HBMSTART(6)  
MAIN(29)  
###################

20210731 - 22:25:27 >>  [INFO] Mounted query : SELECT * FROM CLIENTE WHERE ID=4823 / Original : SELECT * FROM CLIENTE WHERE ID=4823, nPage : 1, nLimit : 0

# Called from : 
VSQLITE:MOUNTQUERY(730)  
VSQLITE:EXECUTEQUERY(263)  
VSQLITE:EXECUTEQUERYTODBF(1250)  
FQUERYTODBF(118)  
VLJ_DLOOKUPTODEFCONTROL(404)  
TUILOOKUP(55)  
VGETCMD:EXECLOOKUP(617)  
VGETCMD:SHOW(536)  
VBROWSECMD:SHOW(708)  
HBM_VENDA(35)  
VEXECUTE:EXECFROMBUFF(526)  
VEXECUTE:EXECFROMPRG(209)  
HBMLOAD(28)  
(b)HBM_BOOTSTRAP(23)  
HBMENUSYS:EXECUTE(0)  
HBMENUSYS:MODAL(0)  
MENUMODAL(0)  
HBM_BOOTSTRAP(30)  
VEXECUTE:EXECFROMBUFF(526)  
VEXECUTE:EXECFROMPRG(209)  
HBMLOAD(28)  
HBMBOOTSTRAP(12)  
HBMSTART(6)  
MAIN(29)  
###################

20210731 - 22:25:27 >>  [INFO] Mounted query : SELECT * FROM CLIENTE WHERE ID=4823 / Original : SELECT * FROM CLIENTE WHERE ID=4823, nPage : 1, nLimit : 0

# Called from : 
FQUERYTODBF(121)  
VLJ_DLOOKUPTODEFCONTROL(404)  
TUILOOKUP(55)  
VGETCMD:EXECLOOKUP(617)  
VGETCMD:SHOW(536)  
VBROWSECMD:SHOW(708)  
HBM_VENDA(35)  
VEXECUTE:EXECFROMBUFF(526)  
VEXECUTE:EXECFROMPRG(209)  
HBMLOAD(28)  
(b)HBM_BOOTSTRAP(23)  
HBMENUSYS:EXECUTE(0)  
HBMENUSYS:MODAL(0)  
MENUMODAL(0)  
HBM_BOOTSTRAP(30)  
VEXECUTE:EXECFROMBUFF(526)  
VEXECUTE:EXECFROMPRG(209)  
HBMLOAD(28)  
HBMBOOTSTRAP(12)  
HBMSTART(6)  
MAIN(29)  
###################

20210731 - 22:25:28 >>  [INFO] Data base open successfully

# Called from : 
VSQLITE:OPEN(134)  
FQUERYTODBF(99)  
VLJ_DLOOKUPTODEFCONTROL(404)  
TUILOOKUP(55)  
VGETCMD:EXECLOOKUP(617)  
(b)VGETCMD_SHOW(530)  
HBGETLIST:GETPOSTVALIDATE(625)  
HBGETLIST:READER(305)  
HBGETLIST:READMODAL(208)  
READMODAL(0)  
VGETCMD:SHOW(546)  
VBROWSECMD:SHOW(708)  
HBM_VENDA(35)  
VEXECUTE:EXECFROMBUFF(526)  
VEXECUTE:EXECFROMPRG(209)  
HBMLOAD(28)  
(b)HBM_BOOTSTRAP(23)  
HBMENUSYS:EXECUTE(0)  
HBMENUSYS:MODAL(0)  
MENUMODAL(0)  
HBM_BOOTSTRAP(30)  
VEXECUTE:EXECFROMBUFF(526)  
VEXECUTE:EXECFROMPRG(209)  
HBMLOAD(28)  
HBMBOOTSTRAP(12)  
HBMSTART(6)  
MAIN(29)  
###################

20210731 - 22:25:28 >>  [INFO] Data base open successfully

# Called from : 
FQUERYTODBF(103)  
VLJ_DLOOKUPTODEFCONTROL(404)  
TUILOOKUP(55)  
VGETCMD:EXECLOOKUP(617)  
(b)VGETCMD_SHOW(530)  
HBGETLIST:GETPOSTVALIDATE(625)  
HBGETLIST:READER(305)  
HBGETLIST:READMODAL(208)  
READMODAL(0)  
VGETCMD:SHOW(546)  
VBROWSECMD:SHOW(708)  
HBM_VENDA(35)  
VEXECUTE:EXECFROMBUFF(526)  
VEXECUTE:EXECFROMPRG(209)  
HBMLOAD(28)  
(b)HBM_BOOTSTRAP(23)  
HBMENUSYS:EXECUTE(0)  
HBMENUSYS:MODAL(0)  
MENUMODAL(0)  
HBM_BOOTSTRAP(30)  
VEXECUTE:EXECFROMBUFF(526)  
VEXECUTE:EXECFROMPRG(209)  
HBMLOAD(28)  
HBMBOOTSTRAP(12)  
HBMSTART(6)  
MAIN(29)  
###################

20210731 - 22:25:28 >>  [INFO] Mounted query : SELECT * FROM CLIENTE WHERE ID=4823 / Original : SELECT * FROM CLIENTE WHERE ID=4823, nPage : 1, nLimit : 0

# Called from : 
VSQLITE:MOUNTQUERY(730)  
VSQLITE:EXECUTEQUERY(263)  
VSQLITE:EXECUTEQUERYTODBF(1250)  
FQUERYTODBF(118)  
VLJ_DLOOKUPTODEFCONTROL(404)  
TUILOOKUP(55)  
VGETCMD:EXECLOOKUP(617)  
(b)VGETCMD_SHOW(530)  
HBGETLIST:GETPOSTVALIDATE(625)  
HBGETLIST:READER(305)  
HBGETLIST:READMODAL(208)  
READMODAL(0)  
VGETCMD:SHOW(546)  
VBROWSECMD:SHOW(708)  
HBM_VENDA(35)  
VEXECUTE:EXECFROMBUFF(526)  
VEXECUTE:EXECFROMPRG(209)  
HBMLOAD(28)  
(b)HBM_BOOTSTRAP(23)  
HBMENUSYS:EXECUTE(0)  
HBMENUSYS:MODAL(0)  
MENUMODAL(0)  
HBM_BOOTSTRAP(30)  
VEXECUTE:EXECFROMBUFF(526)  
VEXECUTE:EXECFROMPRG(209)  
HBMLOAD(28)  
HBMBOOTSTRAP(12)  
HBMSTART(6)  
MAIN(29)  
###################

20210731 - 22:25:28 >>  [INFO] Mounted query : SELECT * FROM CLIENTE WHERE ID=4823 / Original : SELECT * FROM CLIENTE WHERE ID=4823, nPage : 1, nLimit : 0

# Called from : 
FQUERYTODBF(121)  
VLJ_DLOOKUPTODEFCONTROL(404)  
TUILOOKUP(55)  
VGETCMD:EXECLOOKUP(617)  
(b)VGETCMD_SHOW(530)  
HBGETLIST:GETPOSTVALIDATE(625)  
HBGETLIST:READER(305)  
HBGETLIST:READMODAL(208)  
READMODAL(0)  
VGETCMD:SHOW(546)  
VBROWSECMD:SHOW(708)  
HBM_VENDA(35)  
VEXECUTE:EXECFROMBUFF(526)  
VEXECUTE:EXECFROMPRG(209)  
HBMLOAD(28)  
(b)HBM_BOOTSTRAP(23)  
HBMENUSYS:EXECUTE(0)  
HBMENUSYS:MODAL(0)  
MENUMODAL(0)  
HBM_BOOTSTRAP(30)  
VEXECUTE:EXECFROMBUFF(526)  
VEXECUTE:EXECFROMPRG(209)  
HBMLOAD(28)  
HBMBOOTSTRAP(12)  
HBMSTART(6)  
MAIN(29)  
###################

20210731 - 22:25:29 >>  [INFO] Data base open successfully

# Called from : 
VSQLITE:OPEN(134)  
FUPDATESQL(245)  
VGETCMD:EXECSUBMIT(1085)  
VBROWSECMD:SHOW(709)  
HBM_VENDA(35)  
VEXECUTE:EXECFROMBUFF(526)  
VEXECUTE:EXECFROMPRG(209)  
HBMLOAD(28)  
(b)HBM_BOOTSTRAP(23)  
HBMENUSYS:EXECUTE(0)  
HBMENUSYS:MODAL(0)  
MENUMODAL(0)  
HBM_BOOTSTRAP(30)  
VEXECUTE:EXECFROMBUFF(526)  
VEXECUTE:EXECFROMPRG(209)  
HBMLOAD(28)  
HBMBOOTSTRAP(12)  
HBMSTART(6)  
MAIN(29)  
###################

20210731 - 22:25:29 >>  [INFO] UPDATE VENDA SET DATA = '2021-07-15',CLIENTE_ID = 4823,descricao = 'des',TOTALDAVENDA = 150.00,OBS = 'obs' WHERE ID = 1013;

# Called from : 
VSQLITE:UPDATESQL(1481)  
FUPDATESQL(255)  
VGETCMD:EXECSUBMIT(1085)  
VBROWSECMD:SHOW(709)  
HBM_VENDA(35)  
VEXECUTE:EXECFROMBUFF(526)  
VEXECUTE:EXECFROMPRG(209)  
HBMLOAD(28)  
(b)HBM_BOOTSTRAP(23)  
HBMENUSYS:EXECUTE(0)  
HBMENUSYS:MODAL(0)  
MENUMODAL(0)  
HBM_BOOTSTRAP(30)  
VEXECUTE:EXECFROMBUFF(526)  
VEXECUTE:EXECFROMPRG(209)  
HBMLOAD(28)  
HBMBOOTSTRAP(12)  
HBMSTART(6)  
MAIN(29)  
###################

20210731 - 22:25:29 >>  [INFO] Data base open successfully

# Called from : 
FUPDATESQL(257)  
VGETCMD:EXECSUBMIT(1085)  
VBROWSECMD:SHOW(709)  
HBM_VENDA(35)  
VEXECUTE:EXECFROMBUFF(526)  
VEXECUTE:EXECFROMPRG(209)  
HBMLOAD(28)  
(b)HBM_BOOTSTRAP(23)  
HBMENUSYS:EXECUTE(0)  
HBMENUSYS:MODAL(0)  
MENUMODAL(0)  
HBM_BOOTSTRAP(30)  
VEXECUTE:EXECFROMBUFF(526)  
VEXECUTE:EXECFROMPRG(209)  
HBMLOAD(28)  
HBMBOOTSTRAP(12)  
HBMSTART(6)  
MAIN(29)  
###################

20210731 - 22:25:29 >>  [INFO] Data base open successfully

# Called from : 
VSQLITE:OPEN(134)  
FQUERYTODBF(99)  
VBROWSECMD:OPEN(218)  
VBROWSECMD:REFRESH(1106)  
VBROWSECMD:SHOW(713)  
HBM_VENDA(35)  
VEXECUTE:EXECFROMBUFF(526)  
VEXECUTE:EXECFROMPRG(209)  
HBMLOAD(28)  
(b)HBM_BOOTSTRAP(23)  
HBMENUSYS:EXECUTE(0)  
HBMENUSYS:MODAL(0)  
MENUMODAL(0)  
HBM_BOOTSTRAP(30)  
VEXECUTE:EXECFROMBUFF(526)  
VEXECUTE:EXECFROMPRG(209)  
HBMLOAD(28)  
HBMBOOTSTRAP(12)  
HBMSTART(6)  
MAIN(29)  
###################

20210731 - 22:25:29 >>  [INFO] Data base open successfully

# Called from : 
FQUERYTODBF(103)  
VBROWSECMD:OPEN(218)  
VBROWSECMD:REFRESH(1106)  
VBROWSECMD:SHOW(713)  
HBM_VENDA(35)  
VEXECUTE:EXECFROMBUFF(526)  
VEXECUTE:EXECFROMPRG(209)  
HBMLOAD(28)  
(b)HBM_BOOTSTRAP(23)  
HBMENUSYS:EXECUTE(0)  
HBMENUSYS:MODAL(0)  
MENUMODAL(0)  
HBM_BOOTSTRAP(30)  
VEXECUTE:EXECFROMBUFF(526)  
VEXECUTE:EXECFROMPRG(209)  
HBMLOAD(28)  
HBMBOOTSTRAP(12)  
HBMSTART(6)  
MAIN(29)  
###################

20210731 - 22:25:29 >>  [INFO] Mounted query :         SELECT  a.id, a.cliente_id, a.descricao,                a.obs, b.nome, a.data, a.totaldavenda        FROM Venda as a        INNER JOIN Cliente as b ON a.cliente_id=b.id  WHERE 1=1  LIMIT 20 OFFSET 0 / Original :         SELECT  a.id, a.cliente_id, a.descricao,                a.obs, b.nome, a.data, a.totaldavenda        FROM Venda as a        INNER JOIN Cliente as b ON a.cliente_id=b.id  WHERE 1=1 , nPage : 1, nLimit : 20

# Called from : 
VSQLITE:MOUNTQUERY(730)  
VSQLITE:EXECUTEQUERY(263)  
VSQLITE:EXECUTEQUERYTODBF(1250)  
FQUERYTODBF(118)  
VBROWSECMD:OPEN(218)  
VBROWSECMD:REFRESH(1106)  
VBROWSECMD:SHOW(713)  
HBM_VENDA(35)  
VEXECUTE:EXECFROMBUFF(526)  
VEXECUTE:EXECFROMPRG(209)  
HBMLOAD(28)  
(b)HBM_BOOTSTRAP(23)  
HBMENUSYS:EXECUTE(0)  
HBMENUSYS:MODAL(0)  
MENUMODAL(0)  
HBM_BOOTSTRAP(30)  
VEXECUTE:EXECFROMBUFF(526)  
VEXECUTE:EXECFROMPRG(209)  
HBMLOAD(28)  
HBMBOOTSTRAP(12)  
HBMSTART(6)  
MAIN(29)  
###################

20210731 - 22:25:29 >>  [INFO] Mounted query :         SELECT  a.id, a.cliente_id, a.descricao,                a.obs, b.nome, a.data, a.totaldavenda        FROM Venda as a        INNER JOIN Cliente as b ON a.cliente_id=b.id  WHERE 1=1  LIMIT 20 OFFSET 0 / Original :         SELECT  a.id, a.cliente_id, a.descricao,                a.obs, b.nome, a.data, a.totaldavenda        FROM Venda as a        INNER JOIN Cliente as b ON a.cliente_id=b.id  WHERE 1=1 , nPage : 1, nLimit : 20

# Called from : 
FQUERYTODBF(121)  
VBROWSECMD:OPEN(218)  
VBROWSECMD:REFRESH(1106)  
VBROWSECMD:SHOW(713)  
HBM_VENDA(35)  
VEXECUTE:EXECFROMBUFF(526)  
VEXECUTE:EXECFROMPRG(209)  
HBMLOAD(28)  
(b)HBM_BOOTSTRAP(23)  
HBMENUSYS:EXECUTE(0)  
HBMENUSYS:MODAL(0)  
MENUMODAL(0)  
HBM_BOOTSTRAP(30)  
VEXECUTE:EXECFROMBUFF(526)  
VEXECUTE:EXECFROMPRG(209)  
HBMLOAD(28)  
HBMBOOTSTRAP(12)  
HBMSTART(6)  
MAIN(29)  
###################

20210731 - 22:25:31 >>  [INFO] After execute with return : NIL

# Called from : 
VEXECUTE:EXECFROMBUFF(527)  
VEXECUTE:EXECFROMPRG(209)  
HBMLOAD(28)  
(b)HBM_BOOTSTRAP(23)  
HBMENUSYS:EXECUTE(0)  
HBMENUSYS:MODAL(0)  
MENUMODAL(0)  
HBM_BOOTSTRAP(30)  
VEXECUTE:EXECFROMBUFF(526)  
VEXECUTE:EXECFROMPRG(209)  
HBMLOAD(28)  
HBMBOOTSTRAP(12)  
HBMSTART(6)  
MAIN(29)  
###################

20210731 - 22:25:31 >>  [INFO] After send buffer to execute

# Called from : 
VEXECUTE:EXECFROMPRG(210)  
HBMLOAD(28)  
(b)HBM_BOOTSTRAP(23)  
HBMENUSYS:EXECUTE(0)  
HBMENUSYS:MODAL(0)  
MENUMODAL(0)  
HBM_BOOTSTRAP(30)  
VEXECUTE:EXECFROMBUFF(526)  
VEXECUTE:EXECFROMPRG(209)  
HBMLOAD(28)  
HBMBOOTSTRAP(12)  
HBMSTART(6)  
MAIN(29)  
###################

20210731 - 22:25:34 >>  [INFO] After execute with return : NIL

# Called from : 
VEXECUTE:EXECFROMBUFF(527)  
VEXECUTE:EXECFROMPRG(209)  
HBMLOAD(28)  
HBMBOOTSTRAP(12)  
HBMSTART(6)  
MAIN(29)  
###################

20210731 - 22:25:34 >>  [INFO] After send buffer to execute

# Called from : 
VEXECUTE:EXECFROMPRG(210)  
HBMLOAD(28)  
HBMBOOTSTRAP(12)  
HBMSTART(6)  
MAIN(29)  
###################

20210731 - 22:27:20 >>  [INFO] After compile file code/formapagamento.prg. Ok.

# Called from : 
VCOMPILE:COMPILE(187)  
VEXECUTE:EXECFROMPRG(206)  
HBMLOAD(28)  
(b)HBM_BOOTSTRAP(27)  
HBMENUSYS:EXECUTE(0)  
HBMENUSYS:MODAL(0)  
MENUMODAL(0)  
HBM_BOOTSTRAP(30)  
VEXECUTE:EXECFROMBUFF(526)  
VEXECUTE:EXECFROMPRG(209)  
HBMLOAD(28)  
HBMBOOTSTRAP(12)  
HBMSTART(6)  
MAIN(29)  
###################

20210731 - 22:27:20 >>  [INFO] Before send buffer to execute

# Called from : 
VEXECUTE:EXECFROMPRG(208)  
HBMLOAD(28)  
(b)HBM_BOOTSTRAP(27)  
HBMENUSYS:EXECUTE(0)  
HBMENUSYS:MODAL(0)  
MENUMODAL(0)  
HBM_BOOTSTRAP(30)  
VEXECUTE:EXECFROMBUFF(526)  
VEXECUTE:EXECFROMPRG(209)  
HBMLOAD(28)  
HBMBOOTSTRAP(12)  
HBMSTART(6)  
MAIN(29)  
###################

20210731 - 22:27:20 >>  [INFO] Before load buffer. Function : hbm_formapagamento

# Called from : 
VEXECUTE:EXECFROMBUFF(503)  
VEXECUTE:EXECFROMPRG(209)  
HBMLOAD(28)  
(b)HBM_BOOTSTRAP(27)  
HBMENUSYS:EXECUTE(0)  
HBMENUSYS:MODAL(0)  
MENUMODAL(0)  
HBM_BOOTSTRAP(30)  
VEXECUTE:EXECFROMBUFF(526)  
VEXECUTE:EXECFROMPRG(209)  
HBMLOAD(28)  
HBMBOOTSTRAP(12)  
HBMSTART(6)  
MAIN(29)  
###################

20210731 - 22:27:20 >>  [INFO] Before execute function hbm_formapagamento

# Called from : 
VEXECUTE:EXECFROMBUFF(525)  
VEXECUTE:EXECFROMPRG(209)  
HBMLOAD(28)  
(b)HBM_BOOTSTRAP(27)  
HBMENUSYS:EXECUTE(0)  
HBMENUSYS:MODAL(0)  
MENUMODAL(0)  
HBM_BOOTSTRAP(30)  
VEXECUTE:EXECFROMBUFF(526)  
VEXECUTE:EXECFROMPRG(209)  
HBMLOAD(28)  
HBMBOOTSTRAP(12)  
HBMSTART(6)  
MAIN(29)  
###################

20210731 - 22:27:20 >>  [INFO] Data base open successfully

# Called from : 
VSQLITE:OPEN(134)  
FQUERYTODBF(99)  
VBROWSECMD:OPEN(218)  
VBROWSECMD:SHOW(439)  
HBM_FORMAPAGAMENTO(40)  
VEXECUTE:EXECFROMBUFF(526)  
VEXECUTE:EXECFROMPRG(209)  
HBMLOAD(28)  
(b)HBM_BOOTSTRAP(27)  
HBMENUSYS:EXECUTE(0)  
HBMENUSYS:MODAL(0)  
MENUMODAL(0)  
HBM_BOOTSTRAP(30)  
VEXECUTE:EXECFROMBUFF(526)  
VEXECUTE:EXECFROMPRG(209)  
HBMLOAD(28)  
HBMBOOTSTRAP(12)  
HBMSTART(6)  
MAIN(29)  
###################

20210731 - 22:27:20 >>  [INFO] Data base open successfully

# Called from : 
FQUERYTODBF(103)  
VBROWSECMD:OPEN(218)  
VBROWSECMD:SHOW(439)  
HBM_FORMAPAGAMENTO(40)  
VEXECUTE:EXECFROMBUFF(526)  
VEXECUTE:EXECFROMPRG(209)  
HBMLOAD(28)  
(b)HBM_BOOTSTRAP(27)  
HBMENUSYS:EXECUTE(0)  
HBMENUSYS:MODAL(0)  
MENUMODAL(0)  
HBM_BOOTSTRAP(30)  
VEXECUTE:EXECFROMBUFF(526)  
VEXECUTE:EXECFROMPRG(209)  
HBMLOAD(28)  
HBMBOOTSTRAP(12)  
HBMSTART(6)  
MAIN(29)  
###################

20210731 - 22:27:20 >>  [INFO] Mounted query :         SELECT  a.id, a.descricao, a.entrada, a.parcelas, a.obs        FROM formapagamento as a WHERE 1=1  LIMIT 9 OFFSET 0 / Original :         SELECT  a.id, a.descricao, a.entrada, a.parcelas, a.obs        FROM formapagamento as a WHERE 1=1 , nPage : 1, nLimit : 9

# Called from : 
VSQLITE:MOUNTQUERY(730)  
VSQLITE:EXECUTEQUERY(263)  
VSQLITE:EXECUTEQUERYTODBF(1250)  
FQUERYTODBF(118)  
VBROWSECMD:OPEN(218)  
VBROWSECMD:SHOW(439)  
HBM_FORMAPAGAMENTO(40)  
VEXECUTE:EXECFROMBUFF(526)  
VEXECUTE:EXECFROMPRG(209)  
HBMLOAD(28)  
(b)HBM_BOOTSTRAP(27)  
HBMENUSYS:EXECUTE(0)  
HBMENUSYS:MODAL(0)  
MENUMODAL(0)  
HBM_BOOTSTRAP(30)  
VEXECUTE:EXECFROMBUFF(526)  
VEXECUTE:EXECFROMPRG(209)  
HBMLOAD(28)  
HBMBOOTSTRAP(12)  
HBMSTART(6)  
MAIN(29)  
###################

20210731 - 22:27:20 >>  [INFO] Mounted query :         SELECT  a.id, a.descricao, a.entrada, a.parcelas, a.obs        FROM formapagamento as a WHERE 1=1  LIMIT 9 OFFSET 0 / Original :         SELECT  a.id, a.descricao, a.entrada, a.parcelas, a.obs        FROM formapagamento as a WHERE 1=1 , nPage : 1, nLimit : 9

# Called from : 
FQUERYTODBF(121)  
VBROWSECMD:OPEN(218)  
VBROWSECMD:SHOW(439)  
HBM_FORMAPAGAMENTO(40)  
VEXECUTE:EXECFROMBUFF(526)  
VEXECUTE:EXECFROMPRG(209)  
HBMLOAD(28)  
(b)HBM_BOOTSTRAP(27)  
HBMENUSYS:EXECUTE(0)  
HBMENUSYS:MODAL(0)  
MENUMODAL(0)  
HBM_BOOTSTRAP(30)  
VEXECUTE:EXECFROMBUFF(526)  
VEXECUTE:EXECFROMPRG(209)  
HBMLOAD(28)  
HBMBOOTSTRAP(12)  
HBMSTART(6)  
MAIN(29)  
###################

20210731 - 22:27:22 >>  [INFO] Data base open successfully

# Called from : 
VSQLITE:OPEN(134)  
FQUERYTODBF(99)  
VLJ_DLOOKUPREGISTER(158)  
VGETCMD:SHOW(417)  
VBROWSECMD:SHOW(708)  
HBM_FORMAPAGAMENTO(40)  
VEXECUTE:EXECFROMBUFF(526)  
VEXECUTE:EXECFROMPRG(209)  
HBMLOAD(28)  
(b)HBM_BOOTSTRAP(27)  
HBMENUSYS:EXECUTE(0)  
HBMENUSYS:MODAL(0)  
MENUMODAL(0)  
HBM_BOOTSTRAP(30)  
VEXECUTE:EXECFROMBUFF(526)  
VEXECUTE:EXECFROMPRG(209)  
HBMLOAD(28)  
HBMBOOTSTRAP(12)  
HBMSTART(6)  
MAIN(29)  
###################

20210731 - 22:27:22 >>  [INFO] Data base open successfully

# Called from : 
FQUERYTODBF(103)  
VLJ_DLOOKUPREGISTER(158)  
VGETCMD:SHOW(417)  
VBROWSECMD:SHOW(708)  
HBM_FORMAPAGAMENTO(40)  
VEXECUTE:EXECFROMBUFF(526)  
VEXECUTE:EXECFROMPRG(209)  
HBMLOAD(28)  
(b)HBM_BOOTSTRAP(27)  
HBMENUSYS:EXECUTE(0)  
HBMENUSYS:MODAL(0)  
MENUMODAL(0)  
HBM_BOOTSTRAP(30)  
VEXECUTE:EXECFROMBUFF(526)  
VEXECUTE:EXECFROMPRG(209)  
HBMLOAD(28)  
HBMBOOTSTRAP(12)  
HBMSTART(6)  
MAIN(29)  
###################

20210731 - 22:27:22 >>  [INFO] Mounted query : SELECT * FROM formapagamento WHERE ID = 18 / Original : SELECT * FROM formapagamento WHERE ID = 18, nPage : 1, nLimit : 0

# Called from : 
VSQLITE:MOUNTQUERY(730)  
VSQLITE:EXECUTEQUERY(263)  
VSQLITE:EXECUTEQUERYTODBF(1250)  
FQUERYTODBF(118)  
VLJ_DLOOKUPREGISTER(158)  
VGETCMD:SHOW(417)  
VBROWSECMD:SHOW(708)  
HBM_FORMAPAGAMENTO(40)  
VEXECUTE:EXECFROMBUFF(526)  
VEXECUTE:EXECFROMPRG(209)  
HBMLOAD(28)  
(b)HBM_BOOTSTRAP(27)  
HBMENUSYS:EXECUTE(0)  
HBMENUSYS:MODAL(0)  
MENUMODAL(0)  
HBM_BOOTSTRAP(30)  
VEXECUTE:EXECFROMBUFF(526)  
VEXECUTE:EXECFROMPRG(209)  
HBMLOAD(28)  
HBMBOOTSTRAP(12)  
HBMSTART(6)  
MAIN(29)  
###################

20210731 - 22:27:22 >>  [INFO] Mounted query : SELECT * FROM formapagamento WHERE ID = 18 / Original : SELECT * FROM formapagamento WHERE ID = 18, nPage : 1, nLimit : 0

# Called from : 
FQUERYTODBF(121)  
VLJ_DLOOKUPREGISTER(158)  
VGETCMD:SHOW(417)  
VBROWSECMD:SHOW(708)  
HBM_FORMAPAGAMENTO(40)  
VEXECUTE:EXECFROMBUFF(526)  
VEXECUTE:EXECFROMPRG(209)  
HBMLOAD(28)  
(b)HBM_BOOTSTRAP(27)  
HBMENUSYS:EXECUTE(0)  
HBMENUSYS:MODAL(0)  
MENUMODAL(0)  
HBM_BOOTSTRAP(30)  
VEXECUTE:EXECFROMBUFF(526)  
VEXECUTE:EXECFROMPRG(209)  
HBMLOAD(28)  
HBMBOOTSTRAP(12)  
HBMSTART(6)  
MAIN(29)  
###################

20210731 - 22:27:44 >>  [INFO] Data base open successfully

# Called from : 
VSQLITE:OPEN(134)  
FUPDATESQL(245)  
VGETCMD:EXECSUBMIT(1085)  
VBROWSECMD:SHOW(709)  
HBM_FORMAPAGAMENTO(40)  
VEXECUTE:EXECFROMBUFF(526)  
VEXECUTE:EXECFROMPRG(209)  
HBMLOAD(28)  
(b)HBM_BOOTSTRAP(27)  
HBMENUSYS:EXECUTE(0)  
HBMENUSYS:MODAL(0)  
MENUMODAL(0)  
HBM_BOOTSTRAP(30)  
VEXECUTE:EXECFROMBUFF(526)  
VEXECUTE:EXECFROMPRG(209)  
HBMLOAD(28)  
HBMBOOTSTRAP(12)  
HBMSTART(6)  
MAIN(29)  
###################

20210731 - 22:27:44 >>  [INFO] UPDATE formapagamento SET DESCRICAO = '30,60,90,120,150,180',ENTRADA = 0,PARCELAS = 6,OBS = '' WHERE ID = 18;

# Called from : 
VSQLITE:UPDATESQL(1481)  
FUPDATESQL(255)  
VGETCMD:EXECSUBMIT(1085)  
VBROWSECMD:SHOW(709)  
HBM_FORMAPAGAMENTO(40)  
VEXECUTE:EXECFROMBUFF(526)  
VEXECUTE:EXECFROMPRG(209)  
HBMLOAD(28)  
(b)HBM_BOOTSTRAP(27)  
HBMENUSYS:EXECUTE(0)  
HBMENUSYS:MODAL(0)  
MENUMODAL(0)  
HBM_BOOTSTRAP(30)  
VEXECUTE:EXECFROMBUFF(526)  
VEXECUTE:EXECFROMPRG(209)  
HBMLOAD(28)  
HBMBOOTSTRAP(12)  
HBMSTART(6)  
MAIN(29)  
###################

20210731 - 22:27:44 >>  [INFO] Data base open successfully

# Called from : 
FUPDATESQL(257)  
VGETCMD:EXECSUBMIT(1085)  
VBROWSECMD:SHOW(709)  
HBM_FORMAPAGAMENTO(40)  
VEXECUTE:EXECFROMBUFF(526)  
VEXECUTE:EXECFROMPRG(209)  
HBMLOAD(28)  
(b)HBM_BOOTSTRAP(27)  
HBMENUSYS:EXECUTE(0)  
HBMENUSYS:MODAL(0)  
MENUMODAL(0)  
HBM_BOOTSTRAP(30)  
VEXECUTE:EXECFROMBUFF(526)  
VEXECUTE:EXECFROMPRG(209)  
HBMLOAD(28)  
HBMBOOTSTRAP(12)  
HBMSTART(6)  
MAIN(29)  
###################

20210731 - 22:27:44 >>  [INFO] Data base open successfully

# Called from : 
VSQLITE:OPEN(134)  
FQUERYTODBF(99)  
VBROWSECMD:OPEN(218)  
VBROWSECMD:REFRESH(1106)  
VBROWSECMD:SHOW(713)  
HBM_FORMAPAGAMENTO(40)  
VEXECUTE:EXECFROMBUFF(526)  
VEXECUTE:EXECFROMPRG(209)  
HBMLOAD(28)  
(b)HBM_BOOTSTRAP(27)  
HBMENUSYS:EXECUTE(0)  
HBMENUSYS:MODAL(0)  
MENUMODAL(0)  
HBM_BOOTSTRAP(30)  
VEXECUTE:EXECFROMBUFF(526)  
VEXECUTE:EXECFROMPRG(209)  
HBMLOAD(28)  
HBMBOOTSTRAP(12)  
HBMSTART(6)  
MAIN(29)  
###################

20210731 - 22:27:44 >>  [INFO] Data base open successfully

# Called from : 
FQUERYTODBF(103)  
VBROWSECMD:OPEN(218)  
VBROWSECMD:REFRESH(1106)  
VBROWSECMD:SHOW(713)  
HBM_FORMAPAGAMENTO(40)  
VEXECUTE:EXECFROMBUFF(526)  
VEXECUTE:EXECFROMPRG(209)  
HBMLOAD(28)  
(b)HBM_BOOTSTRAP(27)  
HBMENUSYS:EXECUTE(0)  
HBMENUSYS:MODAL(0)  
MENUMODAL(0)  
HBM_BOOTSTRAP(30)  
VEXECUTE:EXECFROMBUFF(526)  
VEXECUTE:EXECFROMPRG(209)  
HBMLOAD(28)  
HBMBOOTSTRAP(12)  
HBMSTART(6)  
MAIN(29)  
###################

20210731 - 22:27:44 >>  [INFO] Mounted query :         SELECT  a.id, a.descricao, a.entrada, a.parcelas, a.obs        FROM formapagamento as a WHERE 1=1  LIMIT 9 OFFSET 0 / Original :         SELECT  a.id, a.descricao, a.entrada, a.parcelas, a.obs        FROM formapagamento as a WHERE 1=1 , nPage : 1, nLimit : 9

# Called from : 
VSQLITE:MOUNTQUERY(730)  
VSQLITE:EXECUTEQUERY(263)  
VSQLITE:EXECUTEQUERYTODBF(1250)  
FQUERYTODBF(118)  
VBROWSECMD:OPEN(218)  
VBROWSECMD:REFRESH(1106)  
VBROWSECMD:SHOW(713)  
HBM_FORMAPAGAMENTO(40)  
VEXECUTE:EXECFROMBUFF(526)  
VEXECUTE:EXECFROMPRG(209)  
HBMLOAD(28)  
(b)HBM_BOOTSTRAP(27)  
HBMENUSYS:EXECUTE(0)  
HBMENUSYS:MODAL(0)  
MENUMODAL(0)  
HBM_BOOTSTRAP(30)  
VEXECUTE:EXECFROMBUFF(526)  
VEXECUTE:EXECFROMPRG(209)  
HBMLOAD(28)  
HBMBOOTSTRAP(12)  
HBMSTART(6)  
MAIN(29)  
###################

20210731 - 22:27:44 >>  [INFO] Mounted query :         SELECT  a.id, a.descricao, a.entrada, a.parcelas, a.obs        FROM formapagamento as a WHERE 1=1  LIMIT 9 OFFSET 0 / Original :         SELECT  a.id, a.descricao, a.entrada, a.parcelas, a.obs        FROM formapagamento as a WHERE 1=1 , nPage : 1, nLimit : 9

# Called from : 
FQUERYTODBF(121)  
VBROWSECMD:OPEN(218)  
VBROWSECMD:REFRESH(1106)  
VBROWSECMD:SHOW(713)  
HBM_FORMAPAGAMENTO(40)  
VEXECUTE:EXECFROMBUFF(526)  
VEXECUTE:EXECFROMPRG(209)  
HBMLOAD(28)  
(b)HBM_BOOTSTRAP(27)  
HBMENUSYS:EXECUTE(0)  
HBMENUSYS:MODAL(0)  
MENUMODAL(0)  
HBM_BOOTSTRAP(30)  
VEXECUTE:EXECFROMBUFF(526)  
VEXECUTE:EXECFROMPRG(209)  
HBMLOAD(28)  
HBMBOOTSTRAP(12)  
HBMSTART(6)  
MAIN(29)  
###################

20210731 - 22:27:46 >>  [INFO] After execute with return : NIL

# Called from : 
VEXECUTE:EXECFROMBUFF(527)  
VEXECUTE:EXECFROMPRG(209)  
HBMLOAD(28)  
(b)HBM_BOOTSTRAP(27)  
HBMENUSYS:EXECUTE(0)  
HBMENUSYS:MODAL(0)  
MENUMODAL(0)  
HBM_BOOTSTRAP(30)  
VEXECUTE:EXECFROMBUFF(526)  
VEXECUTE:EXECFROMPRG(209)  
HBMLOAD(28)  
HBMBOOTSTRAP(12)  
HBMSTART(6)  
MAIN(29)  
###################

20210731 - 22:27:46 >>  [INFO] After send buffer to execute

# Called from : 
VEXECUTE:EXECFROMPRG(210)  
HBMLOAD(28)  
(b)HBM_BOOTSTRAP(27)  
HBMENUSYS:EXECUTE(0)  
HBMENUSYS:MODAL(0)  
MENUMODAL(0)  
HBM_BOOTSTRAP(30)  
VEXECUTE:EXECFROMBUFF(526)  
VEXECUTE:EXECFROMPRG(209)  
HBMLOAD(28)  
HBMBOOTSTRAP(12)  
HBMSTART(6)  
MAIN(29)  
###################

20210731 - 22:27:47 >>  [INFO] After execute with return : NIL

# Called from : 
VEXECUTE:EXECFROMBUFF(527)  
VEXECUTE:EXECFROMPRG(209)  
HBMLOAD(28)  
HBMBOOTSTRAP(12)  
HBMSTART(6)  
MAIN(29)  
###################

20210731 - 22:27:47 >>  [INFO] After send buffer to execute

# Called from : 
VEXECUTE:EXECFROMPRG(210)  
HBMLOAD(28)  
HBMBOOTSTRAP(12)  
HBMSTART(6)  
MAIN(29)  
###################

