***************************** BEGIN LOG HEADER ************************************
File created at : 20210801 23:14:43
***************************** END LOG HEADER **************************************

20210801 - 23:14:43 >>  [INFO] After compile file code/bancoconta.prg. Ok.

# Called from : 
VCOMPILE:COMPILE(187)  
VEXECUTE:EXECFROMPRG(206)  
HBMLOAD(28)  
(b)HBM_BOOTSTRAP(15)  
HBMENUSYS:EXECUTE(0)  
HBMENUSYS:MODAL(0)  
MENUMODAL(0)  
HBM_BOOTSTRAP(30)  
VEXECUTE:EXECFROMBUFF(526)  
VEXECUTE:EXECFROMPRG(209)  
HBMLOAD(28)  
HBMBOOTSTRAP(12)  
HBMSTART(6)  
MAIN(29)  
###################

20210801 - 23:14:43 >>  [INFO] Before send buffer to execute

# Called from : 
VEXECUTE:EXECFROMPRG(208)  
HBMLOAD(28)  
(b)HBM_BOOTSTRAP(15)  
HBMENUSYS:EXECUTE(0)  
HBMENUSYS:MODAL(0)  
MENUMODAL(0)  
HBM_BOOTSTRAP(30)  
VEXECUTE:EXECFROMBUFF(526)  
VEXECUTE:EXECFROMPRG(209)  
HBMLOAD(28)  
HBMBOOTSTRAP(12)  
HBMSTART(6)  
MAIN(29)  
###################

20210801 - 23:14:43 >>  [INFO] Before load buffer. Function : hbm_bancoconta

# Called from : 
VEXECUTE:EXECFROMBUFF(503)  
VEXECUTE:EXECFROMPRG(209)  
HBMLOAD(28)  
(b)HBM_BOOTSTRAP(15)  
HBMENUSYS:EXECUTE(0)  
HBMENUSYS:MODAL(0)  
MENUMODAL(0)  
HBM_BOOTSTRAP(30)  
VEXECUTE:EXECFROMBUFF(526)  
VEXECUTE:EXECFROMPRG(209)  
HBMLOAD(28)  
HBMBOOTSTRAP(12)  
HBMSTART(6)  
MAIN(29)  
###################

20210801 - 23:14:43 >>  [INFO] Before execute function hbm_bancoconta

# Called from : 
VEXECUTE:EXECFROMBUFF(525)  
VEXECUTE:EXECFROMPRG(209)  
HBMLOAD(28)  
(b)HBM_BOOTSTRAP(15)  
HBMENUSYS:EXECUTE(0)  
HBMENUSYS:MODAL(0)  
MENUMODAL(0)  
HBM_BOOTSTRAP(30)  
VEXECUTE:EXECFROMBUFF(526)  
VEXECUTE:EXECFROMPRG(209)  
HBMLOAD(28)  
HBMBOOTSTRAP(12)  
HBMSTART(6)  
MAIN(29)  
###################

20210801 - 23:14:43 >>  [INFO] Data base open successfully

# Called from : 
VSQLITE:OPEN(134)  
FQUERYTODBF(99)  
VBROWSECMD:OPEN(218)  
VBROWSECMD:SHOW(439)  
HBM_BANCOCONTA(33)  
VEXECUTE:EXECFROMBUFF(526)  
VEXECUTE:EXECFROMPRG(209)  
HBMLOAD(28)  
(b)HBM_BOOTSTRAP(15)  
HBMENUSYS:EXECUTE(0)  
HBMENUSYS:MODAL(0)  
MENUMODAL(0)  
HBM_BOOTSTRAP(30)  
VEXECUTE:EXECFROMBUFF(526)  
VEXECUTE:EXECFROMPRG(209)  
HBMLOAD(28)  
HBMBOOTSTRAP(12)  
HBMSTART(6)  
MAIN(29)  
###################

20210801 - 23:14:43 >>  [INFO] Data base open successfully

# Called from : 
FQUERYTODBF(103)  
VBROWSECMD:OPEN(218)  
VBROWSECMD:SHOW(439)  
HBM_BANCOCONTA(33)  
VEXECUTE:EXECFROMBUFF(526)  
VEXECUTE:EXECFROMPRG(209)  
HBMLOAD(28)  
(b)HBM_BOOTSTRAP(15)  
HBMENUSYS:EXECUTE(0)  
HBMENUSYS:MODAL(0)  
MENUMODAL(0)  
HBM_BOOTSTRAP(30)  
VEXECUTE:EXECFROMBUFF(526)  
VEXECUTE:EXECFROMPRG(209)  
HBMLOAD(28)  
HBMBOOTSTRAP(12)  
HBMSTART(6)  
MAIN(29)  
###################

20210801 - 23:14:43 >>  [INFO] Mounted query :         SELECT  id, nome, tipoconta,                banco_nome, obs, agencia, conta        FROM BancoConta         WHERE 1=1  LIMIT 20 OFFSET 0 / Original :         SELECT  id, nome, tipoconta,                banco_nome, obs, agencia, conta        FROM BancoConta         WHERE 1=1 , nPage : 1, nLimit : 20

# Called from : 
VSQLITE:MOUNTQUERY(730)  
VSQLITE:EXECUTEQUERY(263)  
VSQLITE:EXECUTEQUERYTODBF(1250)  
FQUERYTODBF(118)  
VBROWSECMD:OPEN(218)  
VBROWSECMD:SHOW(439)  
HBM_BANCOCONTA(33)  
VEXECUTE:EXECFROMBUFF(526)  
VEXECUTE:EXECFROMPRG(209)  
HBMLOAD(28)  
(b)HBM_BOOTSTRAP(15)  
HBMENUSYS:EXECUTE(0)  
HBMENUSYS:MODAL(0)  
MENUMODAL(0)  
HBM_BOOTSTRAP(30)  
VEXECUTE:EXECFROMBUFF(526)  
VEXECUTE:EXECFROMPRG(209)  
HBMLOAD(28)  
HBMBOOTSTRAP(12)  
HBMSTART(6)  
MAIN(29)  
###################

20210801 - 23:14:43 >>  [INFO] Mounted query :         SELECT  id, nome, tipoconta,                banco_nome, obs, agencia, conta        FROM BancoConta         WHERE 1=1  LIMIT 20 OFFSET 0 / Original :         SELECT  id, nome, tipoconta,                banco_nome, obs, agencia, conta        FROM BancoConta         WHERE 1=1 , nPage : 1, nLimit : 20

# Called from : 
FQUERYTODBF(121)  
VBROWSECMD:OPEN(218)  
VBROWSECMD:SHOW(439)  
HBM_BANCOCONTA(33)  
VEXECUTE:EXECFROMBUFF(526)  
VEXECUTE:EXECFROMPRG(209)  
HBMLOAD(28)  
(b)HBM_BOOTSTRAP(15)  
HBMENUSYS:EXECUTE(0)  
HBMENUSYS:MODAL(0)  
MENUMODAL(0)  
HBM_BOOTSTRAP(30)  
VEXECUTE:EXECFROMBUFF(526)  
VEXECUTE:EXECFROMPRG(209)  
HBMLOAD(28)  
HBMBOOTSTRAP(12)  
HBMSTART(6)  
MAIN(29)  
###################

20210801 - 23:14:45 >>  [INFO] Data base open successfully

# Called from : 
VSQLITE:OPEN(134)  
FQUERYTODBF(99)  
VLJ_DLOOKUPREGISTER(158)  
VGETCMD:SHOW(417)  
VBROWSECMD:SHOW(713)  
HBM_BANCOCONTA(33)  
VEXECUTE:EXECFROMBUFF(526)  
VEXECUTE:EXECFROMPRG(209)  
HBMLOAD(28)  
(b)HBM_BOOTSTRAP(15)  
HBMENUSYS:EXECUTE(0)  
HBMENUSYS:MODAL(0)  
MENUMODAL(0)  
HBM_BOOTSTRAP(30)  
VEXECUTE:EXECFROMBUFF(526)  
VEXECUTE:EXECFROMPRG(209)  
HBMLOAD(28)  
HBMBOOTSTRAP(12)  
HBMSTART(6)  
MAIN(29)  
###################

20210801 - 23:14:45 >>  [INFO] Data base open successfully

# Called from : 
FQUERYTODBF(103)  
VLJ_DLOOKUPREGISTER(158)  
VGETCMD:SHOW(417)  
VBROWSECMD:SHOW(713)  
HBM_BANCOCONTA(33)  
VEXECUTE:EXECFROMBUFF(526)  
VEXECUTE:EXECFROMPRG(209)  
HBMLOAD(28)  
(b)HBM_BOOTSTRAP(15)  
HBMENUSYS:EXECUTE(0)  
HBMENUSYS:MODAL(0)  
MENUMODAL(0)  
HBM_BOOTSTRAP(30)  
VEXECUTE:EXECFROMBUFF(526)  
VEXECUTE:EXECFROMPRG(209)  
HBMLOAD(28)  
HBMBOOTSTRAP(12)  
HBMSTART(6)  
MAIN(29)  
###################

20210801 - 23:14:45 >>  [INFO] Mounted query : SELECT * FROM BANCOCONTA WHERE ID = 27 / Original : SELECT * FROM BANCOCONTA WHERE ID = 27, nPage : 1, nLimit : 0

# Called from : 
VSQLITE:MOUNTQUERY(730)  
VSQLITE:EXECUTEQUERY(263)  
VSQLITE:EXECUTEQUERYTODBF(1250)  
FQUERYTODBF(118)  
VLJ_DLOOKUPREGISTER(158)  
VGETCMD:SHOW(417)  
VBROWSECMD:SHOW(713)  
HBM_BANCOCONTA(33)  
VEXECUTE:EXECFROMBUFF(526)  
VEXECUTE:EXECFROMPRG(209)  
HBMLOAD(28)  
(b)HBM_BOOTSTRAP(15)  
HBMENUSYS:EXECUTE(0)  
HBMENUSYS:MODAL(0)  
MENUMODAL(0)  
HBM_BOOTSTRAP(30)  
VEXECUTE:EXECFROMBUFF(526)  
VEXECUTE:EXECFROMPRG(209)  
HBMLOAD(28)  
HBMBOOTSTRAP(12)  
HBMSTART(6)  
MAIN(29)  
###################

20210801 - 23:14:45 >>  [INFO] Mounted query : SELECT * FROM BANCOCONTA WHERE ID = 27 / Original : SELECT * FROM BANCOCONTA WHERE ID = 27, nPage : 1, nLimit : 0

# Called from : 
FQUERYTODBF(121)  
VLJ_DLOOKUPREGISTER(158)  
VGETCMD:SHOW(417)  
VBROWSECMD:SHOW(713)  
HBM_BANCOCONTA(33)  
VEXECUTE:EXECFROMBUFF(526)  
VEXECUTE:EXECFROMPRG(209)  
HBMLOAD(28)  
(b)HBM_BOOTSTRAP(15)  
HBMENUSYS:EXECUTE(0)  
HBMENUSYS:MODAL(0)  
MENUMODAL(0)  
HBM_BOOTSTRAP(30)  
VEXECUTE:EXECFROMBUFF(526)  
VEXECUTE:EXECFROMPRG(209)  
HBMLOAD(28)  
HBMBOOTSTRAP(12)  
HBMSTART(6)  
MAIN(29)  
###################

20210801 - 23:14:47 >>  [INFO] Data base open successfully

# Called from : 
VSQLITE:OPEN(134)  
FQUERYTODBF(99)  
VBROWSECMD:OPEN(218)  
VBROWSECMD:REFRESH(1118)  
VBROWSECMD:SHOW(721)  
HBM_BANCOCONTA(33)  
VEXECUTE:EXECFROMBUFF(526)  
VEXECUTE:EXECFROMPRG(209)  
HBMLOAD(28)  
(b)HBM_BOOTSTRAP(15)  
HBMENUSYS:EXECUTE(0)  
HBMENUSYS:MODAL(0)  
MENUMODAL(0)  
HBM_BOOTSTRAP(30)  
VEXECUTE:EXECFROMBUFF(526)  
VEXECUTE:EXECFROMPRG(209)  
HBMLOAD(28)  
HBMBOOTSTRAP(12)  
HBMSTART(6)  
MAIN(29)  
###################

20210801 - 23:14:47 >>  [INFO] Data base open successfully

# Called from : 
FQUERYTODBF(103)  
VBROWSECMD:OPEN(218)  
VBROWSECMD:REFRESH(1118)  
VBROWSECMD:SHOW(721)  
HBM_BANCOCONTA(33)  
VEXECUTE:EXECFROMBUFF(526)  
VEXECUTE:EXECFROMPRG(209)  
HBMLOAD(28)  
(b)HBM_BOOTSTRAP(15)  
HBMENUSYS:EXECUTE(0)  
HBMENUSYS:MODAL(0)  
MENUMODAL(0)  
HBM_BOOTSTRAP(30)  
VEXECUTE:EXECFROMBUFF(526)  
VEXECUTE:EXECFROMPRG(209)  
HBMLOAD(28)  
HBMBOOTSTRAP(12)  
HBMSTART(6)  
MAIN(29)  
###################

20210801 - 23:14:47 >>  [INFO] Mounted query :         SELECT  id, nome, tipoconta,                banco_nome, obs, agencia, conta        FROM BancoConta         WHERE 1=1  LIMIT 20 OFFSET 0 / Original :         SELECT  id, nome, tipoconta,                banco_nome, obs, agencia, conta        FROM BancoConta         WHERE 1=1 , nPage : 1, nLimit : 20

# Called from : 
VSQLITE:MOUNTQUERY(730)  
VSQLITE:EXECUTEQUERY(263)  
VSQLITE:EXECUTEQUERYTODBF(1250)  
FQUERYTODBF(118)  
VBROWSECMD:OPEN(218)  
VBROWSECMD:REFRESH(1118)  
VBROWSECMD:SHOW(721)  
HBM_BANCOCONTA(33)  
VEXECUTE:EXECFROMBUFF(526)  
VEXECUTE:EXECFROMPRG(209)  
HBMLOAD(28)  
(b)HBM_BOOTSTRAP(15)  
HBMENUSYS:EXECUTE(0)  
HBMENUSYS:MODAL(0)  
MENUMODAL(0)  
HBM_BOOTSTRAP(30)  
VEXECUTE:EXECFROMBUFF(526)  
VEXECUTE:EXECFROMPRG(209)  
HBMLOAD(28)  
HBMBOOTSTRAP(12)  
HBMSTART(6)  
MAIN(29)  
###################

20210801 - 23:14:47 >>  [INFO] Mounted query :         SELECT  id, nome, tipoconta,                banco_nome, obs, agencia, conta        FROM BancoConta         WHERE 1=1  LIMIT 20 OFFSET 0 / Original :         SELECT  id, nome, tipoconta,                banco_nome, obs, agencia, conta        FROM BancoConta         WHERE 1=1 , nPage : 1, nLimit : 20

# Called from : 
FQUERYTODBF(121)  
VBROWSECMD:OPEN(218)  
VBROWSECMD:REFRESH(1118)  
VBROWSECMD:SHOW(721)  
HBM_BANCOCONTA(33)  
VEXECUTE:EXECFROMBUFF(526)  
VEXECUTE:EXECFROMPRG(209)  
HBMLOAD(28)  
(b)HBM_BOOTSTRAP(15)  
HBMENUSYS:EXECUTE(0)  
HBMENUSYS:MODAL(0)  
MENUMODAL(0)  
HBM_BOOTSTRAP(30)  
VEXECUTE:EXECFROMBUFF(526)  
VEXECUTE:EXECFROMPRG(209)  
HBMLOAD(28)  
HBMBOOTSTRAP(12)  
HBMSTART(6)  
MAIN(29)  
###################

20210801 - 23:14:49 >>  [INFO] After execute with return : NIL

# Called from : 
VEXECUTE:EXECFROMBUFF(527)  
VEXECUTE:EXECFROMPRG(209)  
HBMLOAD(28)  
(b)HBM_BOOTSTRAP(15)  
HBMENUSYS:EXECUTE(0)  
HBMENUSYS:MODAL(0)  
MENUMODAL(0)  
HBM_BOOTSTRAP(30)  
VEXECUTE:EXECFROMBUFF(526)  
VEXECUTE:EXECFROMPRG(209)  
HBMLOAD(28)  
HBMBOOTSTRAP(12)  
HBMSTART(6)  
MAIN(29)  
###################

20210801 - 23:14:49 >>  [INFO] After send buffer to execute

# Called from : 
VEXECUTE:EXECFROMPRG(210)  
HBMLOAD(28)  
(b)HBM_BOOTSTRAP(15)  
HBMENUSYS:EXECUTE(0)  
HBMENUSYS:MODAL(0)  
MENUMODAL(0)  
HBM_BOOTSTRAP(30)  
VEXECUTE:EXECFROMBUFF(526)  
VEXECUTE:EXECFROMPRG(209)  
HBMLOAD(28)  
HBMBOOTSTRAP(12)  
HBMSTART(6)  
MAIN(29)  
###################

20210801 - 23:14:51 >>  [INFO] After compile file code/cpagar.prg. Ok.

# Called from : 
VCOMPILE:COMPILE(187)  
VEXECUTE:EXECFROMPRG(206)  
HBMLOAD(28)  
(b)HBM_BOOTSTRAP(22)  
HBMENUSYS:EXECUTE(0)  
HBMENUSYS:MODAL(0)  
MENUMODAL(0)  
HBM_BOOTSTRAP(30)  
VEXECUTE:EXECFROMBUFF(526)  
VEXECUTE:EXECFROMPRG(209)  
HBMLOAD(28)  
HBMBOOTSTRAP(12)  
HBMSTART(6)  
MAIN(29)  
###################

20210801 - 23:14:51 >>  [INFO] Before send buffer to execute

# Called from : 
VEXECUTE:EXECFROMPRG(208)  
HBMLOAD(28)  
(b)HBM_BOOTSTRAP(22)  
HBMENUSYS:EXECUTE(0)  
HBMENUSYS:MODAL(0)  
MENUMODAL(0)  
HBM_BOOTSTRAP(30)  
VEXECUTE:EXECFROMBUFF(526)  
VEXECUTE:EXECFROMPRG(209)  
HBMLOAD(28)  
HBMBOOTSTRAP(12)  
HBMSTART(6)  
MAIN(29)  
###################

20210801 - 23:14:51 >>  [INFO] Before load buffer. Function : hbm_cpagar

# Called from : 
VEXECUTE:EXECFROMBUFF(503)  
VEXECUTE:EXECFROMPRG(209)  
HBMLOAD(28)  
(b)HBM_BOOTSTRAP(22)  
HBMENUSYS:EXECUTE(0)  
HBMENUSYS:MODAL(0)  
MENUMODAL(0)  
HBM_BOOTSTRAP(30)  
VEXECUTE:EXECFROMBUFF(526)  
VEXECUTE:EXECFROMPRG(209)  
HBMLOAD(28)  
HBMBOOTSTRAP(12)  
HBMSTART(6)  
MAIN(29)  
###################

20210801 - 23:14:51 >>  [INFO] Before execute function hbm_cpagar

# Called from : 
VEXECUTE:EXECFROMBUFF(525)  
VEXECUTE:EXECFROMPRG(209)  
HBMLOAD(28)  
(b)HBM_BOOTSTRAP(22)  
HBMENUSYS:EXECUTE(0)  
HBMENUSYS:MODAL(0)  
MENUMODAL(0)  
HBM_BOOTSTRAP(30)  
VEXECUTE:EXECFROMBUFF(526)  
VEXECUTE:EXECFROMPRG(209)  
HBMLOAD(28)  
HBMBOOTSTRAP(12)  
HBMSTART(6)  
MAIN(29)  
###################

20210801 - 23:14:51 >>  [INFO] Data base open successfully

# Called from : 
VSQLITE:OPEN(134)  
FQUERYTODBF(99)  
VBROWSECMD:OPEN(218)  
VBROWSECMD:SHOW(439)  
HBM_CPAGAR(42)  
VEXECUTE:EXECFROMBUFF(526)  
VEXECUTE:EXECFROMPRG(209)  
HBMLOAD(28)  
(b)HBM_BOOTSTRAP(22)  
HBMENUSYS:EXECUTE(0)  
HBMENUSYS:MODAL(0)  
MENUMODAL(0)  
HBM_BOOTSTRAP(30)  
VEXECUTE:EXECFROMBUFF(526)  
VEXECUTE:EXECFROMPRG(209)  
HBMLOAD(28)  
HBMBOOTSTRAP(12)  
HBMSTART(6)  
MAIN(29)  
###################

20210801 - 23:14:51 >>  [INFO] Data base open successfully

# Called from : 
FQUERYTODBF(103)  
VBROWSECMD:OPEN(218)  
VBROWSECMD:SHOW(439)  
HBM_CPAGAR(42)  
VEXECUTE:EXECFROMBUFF(526)  
VEXECUTE:EXECFROMPRG(209)  
HBMLOAD(28)  
(b)HBM_BOOTSTRAP(22)  
HBMENUSYS:EXECUTE(0)  
HBMENUSYS:MODAL(0)  
MENUMODAL(0)  
HBM_BOOTSTRAP(30)  
VEXECUTE:EXECFROMBUFF(526)  
VEXECUTE:EXECFROMPRG(209)  
HBMLOAD(28)  
HBMBOOTSTRAP(12)  
HBMSTART(6)  
MAIN(29)  
###################

20210801 - 23:14:51 >>  [INFO] Mounted query :         SELECT  a.id, a.fornecedor_id, a.conta_id, a.dataVencimento,                 a.dataConta, a.valor, a.descricao, a.obs,                b.nome as nome_fornecedor , c.nome as nome_conta        FROM cpagar as a        INNER JOIN fornecedor as b ON a.fornecedor_id=b.id         INNER JOIN conta as c ON a.conta_id = c.id WHERE 1=1  LIMIT 9 OFFSET 0 / Original :         SELECT  a.id, a.fornecedor_id, a.conta_id, a.dataVencimento,                 a.dataConta, a.valor, a.descricao, a.obs,                b.nome as nome_fornecedor , c.nome as nome_conta        FROM cpagar as a        INNER JOIN fornecedor as b ON a.fornecedor_id=b.id         INNER JOIN conta as c ON a.conta_id = c.id WHERE 1=1 , nPage : 1, nLimit : 9

# Called from : 
VSQLITE:MOUNTQUERY(730)  
VSQLITE:EXECUTEQUERY(263)  
VSQLITE:EXECUTEQUERYTODBF(1250)  
FQUERYTODBF(118)  
VBROWSECMD:OPEN(218)  
VBROWSECMD:SHOW(439)  
HBM_CPAGAR(42)  
VEXECUTE:EXECFROMBUFF(526)  
VEXECUTE:EXECFROMPRG(209)  
HBMLOAD(28)  
(b)HBM_BOOTSTRAP(22)  
HBMENUSYS:EXECUTE(0)  
HBMENUSYS:MODAL(0)  
MENUMODAL(0)  
HBM_BOOTSTRAP(30)  
VEXECUTE:EXECFROMBUFF(526)  
VEXECUTE:EXECFROMPRG(209)  
HBMLOAD(28)  
HBMBOOTSTRAP(12)  
HBMSTART(6)  
MAIN(29)  
###################

20210801 - 23:14:51 >>  [INFO] Mounted query :         SELECT  a.id, a.fornecedor_id, a.conta_id, a.dataVencimento,                 a.dataConta, a.valor, a.descricao, a.obs,                b.nome as nome_fornecedor , c.nome as nome_conta        FROM cpagar as a        INNER JOIN fornecedor as b ON a.fornecedor_id=b.id         INNER JOIN conta as c ON a.conta_id = c.id WHERE 1=1  LIMIT 9 OFFSET 0 / Original :         SELECT  a.id, a.fornecedor_id, a.conta_id, a.dataVencimento,                 a.dataConta, a.valor, a.descricao, a.obs,                b.nome as nome_fornecedor , c.nome as nome_conta        FROM cpagar as a        INNER JOIN fornecedor as b ON a.fornecedor_id=b.id         INNER JOIN conta as c ON a.conta_id = c.id WHERE 1=1 , nPage : 1, nLimit : 9

# Called from : 
FQUERYTODBF(121)  
VBROWSECMD:OPEN(218)  
VBROWSECMD:SHOW(439)  
HBM_CPAGAR(42)  
VEXECUTE:EXECFROMBUFF(526)  
VEXECUTE:EXECFROMPRG(209)  
HBMLOAD(28)  
(b)HBM_BOOTSTRAP(22)  
HBMENUSYS:EXECUTE(0)  
HBMENUSYS:MODAL(0)  
MENUMODAL(0)  
HBM_BOOTSTRAP(30)  
VEXECUTE:EXECFROMBUFF(526)  
VEXECUTE:EXECFROMPRG(209)  
HBMLOAD(28)  
HBMBOOTSTRAP(12)  
HBMSTART(6)  
MAIN(29)  
###################

20210801 - 23:14:52 >>  [INFO] Data base open successfully

# Called from : 
VSQLITE:OPEN(134)  
FQUERYTODBF(99)  
VLJ_DLOOKUPREGISTER(158)  
VGETCMD:SHOW(417)  
VBROWSECMD:SHOW(713)  
HBM_CPAGAR(42)  
VEXECUTE:EXECFROMBUFF(526)  
VEXECUTE:EXECFROMPRG(209)  
HBMLOAD(28)  
(b)HBM_BOOTSTRAP(22)  
HBMENUSYS:EXECUTE(0)  
HBMENUSYS:MODAL(0)  
MENUMODAL(0)  
HBM_BOOTSTRAP(30)  
VEXECUTE:EXECFROMBUFF(526)  
VEXECUTE:EXECFROMPRG(209)  
HBMLOAD(28)  
HBMBOOTSTRAP(12)  
HBMSTART(6)  
MAIN(29)  
###################

20210801 - 23:14:52 >>  [INFO] Data base open successfully

# Called from : 
FQUERYTODBF(103)  
VLJ_DLOOKUPREGISTER(158)  
VGETCMD:SHOW(417)  
VBROWSECMD:SHOW(713)  
HBM_CPAGAR(42)  
VEXECUTE:EXECFROMBUFF(526)  
VEXECUTE:EXECFROMPRG(209)  
HBMLOAD(28)  
(b)HBM_BOOTSTRAP(22)  
HBMENUSYS:EXECUTE(0)  
HBMENUSYS:MODAL(0)  
MENUMODAL(0)  
HBM_BOOTSTRAP(30)  
VEXECUTE:EXECFROMBUFF(526)  
VEXECUTE:EXECFROMPRG(209)  
HBMLOAD(28)  
HBMBOOTSTRAP(12)  
HBMSTART(6)  
MAIN(29)  
###################

20210801 - 23:14:52 >>  [INFO] Mounted query : SELECT * FROM CPAGAR WHERE ID = 7 / Original : SELECT * FROM CPAGAR WHERE ID = 7, nPage : 1, nLimit : 0

# Called from : 
VSQLITE:MOUNTQUERY(730)  
VSQLITE:EXECUTEQUERY(263)  
VSQLITE:EXECUTEQUERYTODBF(1250)  
FQUERYTODBF(118)  
VLJ_DLOOKUPREGISTER(158)  
VGETCMD:SHOW(417)  
VBROWSECMD:SHOW(713)  
HBM_CPAGAR(42)  
VEXECUTE:EXECFROMBUFF(526)  
VEXECUTE:EXECFROMPRG(209)  
HBMLOAD(28)  
(b)HBM_BOOTSTRAP(22)  
HBMENUSYS:EXECUTE(0)  
HBMENUSYS:MODAL(0)  
MENUMODAL(0)  
HBM_BOOTSTRAP(30)  
VEXECUTE:EXECFROMBUFF(526)  
VEXECUTE:EXECFROMPRG(209)  
HBMLOAD(28)  
HBMBOOTSTRAP(12)  
HBMSTART(6)  
MAIN(29)  
###################

20210801 - 23:14:52 >>  [INFO] Mounted query : SELECT * FROM CPAGAR WHERE ID = 7 / Original : SELECT * FROM CPAGAR WHERE ID = 7, nPage : 1, nLimit : 0

# Called from : 
FQUERYTODBF(121)  
VLJ_DLOOKUPREGISTER(158)  
VGETCMD:SHOW(417)  
VBROWSECMD:SHOW(713)  
HBM_CPAGAR(42)  
VEXECUTE:EXECFROMBUFF(526)  
VEXECUTE:EXECFROMPRG(209)  
HBMLOAD(28)  
(b)HBM_BOOTSTRAP(22)  
HBMENUSYS:EXECUTE(0)  
HBMENUSYS:MODAL(0)  
MENUMODAL(0)  
HBM_BOOTSTRAP(30)  
VEXECUTE:EXECFROMBUFF(526)  
VEXECUTE:EXECFROMPRG(209)  
HBMLOAD(28)  
HBMBOOTSTRAP(12)  
HBMSTART(6)  
MAIN(29)  
###################

20210801 - 23:14:52 >>  [INFO] Data base open successfully

# Called from : 
VSQLITE:OPEN(134)  
FQUERYTODBF(99)  
VLJ_DLOOKUPTODEFCONTROL(404)  
TUILOOKUP(57)  
VGETCMD:EXECLOOKUP(617)  
VGETCMD:SHOW(536)  
VBROWSECMD:SHOW(713)  
HBM_CPAGAR(42)  
VEXECUTE:EXECFROMBUFF(526)  
VEXECUTE:EXECFROMPRG(209)  
HBMLOAD(28)  
(b)HBM_BOOTSTRAP(22)  
HBMENUSYS:EXECUTE(0)  
HBMENUSYS:MODAL(0)  
MENUMODAL(0)  
HBM_BOOTSTRAP(30)  
VEXECUTE:EXECFROMBUFF(526)  
VEXECUTE:EXECFROMPRG(209)  
HBMLOAD(28)  
HBMBOOTSTRAP(12)  
HBMSTART(6)  
MAIN(29)  
###################

20210801 - 23:14:52 >>  [INFO] Data base open successfully

# Called from : 
FQUERYTODBF(103)  
VLJ_DLOOKUPTODEFCONTROL(404)  
TUILOOKUP(57)  
VGETCMD:EXECLOOKUP(617)  
VGETCMD:SHOW(536)  
VBROWSECMD:SHOW(713)  
HBM_CPAGAR(42)  
VEXECUTE:EXECFROMBUFF(526)  
VEXECUTE:EXECFROMPRG(209)  
HBMLOAD(28)  
(b)HBM_BOOTSTRAP(22)  
HBMENUSYS:EXECUTE(0)  
HBMENUSYS:MODAL(0)  
MENUMODAL(0)  
HBM_BOOTSTRAP(30)  
VEXECUTE:EXECFROMBUFF(526)  
VEXECUTE:EXECFROMPRG(209)  
HBMLOAD(28)  
HBMBOOTSTRAP(12)  
HBMSTART(6)  
MAIN(29)  
###################

20210801 - 23:14:52 >>  [INFO] Mounted query : SELECT * FROM FORNECEDOR WHERE ID=14 / Original : SELECT * FROM FORNECEDOR WHERE ID=14, nPage : 1, nLimit : 0

# Called from : 
VSQLITE:MOUNTQUERY(730)  
VSQLITE:EXECUTEQUERY(263)  
VSQLITE:EXECUTEQUERYTODBF(1250)  
FQUERYTODBF(118)  
VLJ_DLOOKUPTODEFCONTROL(404)  
TUILOOKUP(57)  
VGETCMD:EXECLOOKUP(617)  
VGETCMD:SHOW(536)  
VBROWSECMD:SHOW(713)  
HBM_CPAGAR(42)  
VEXECUTE:EXECFROMBUFF(526)  
VEXECUTE:EXECFROMPRG(209)  
HBMLOAD(28)  
(b)HBM_BOOTSTRAP(22)  
HBMENUSYS:EXECUTE(0)  
HBMENUSYS:MODAL(0)  
MENUMODAL(0)  
HBM_BOOTSTRAP(30)  
VEXECUTE:EXECFROMBUFF(526)  
VEXECUTE:EXECFROMPRG(209)  
HBMLOAD(28)  
HBMBOOTSTRAP(12)  
HBMSTART(6)  
MAIN(29)  
###################

20210801 - 23:14:52 >>  [INFO] Mounted query : SELECT * FROM FORNECEDOR WHERE ID=14 / Original : SELECT * FROM FORNECEDOR WHERE ID=14, nPage : 1, nLimit : 0

# Called from : 
FQUERYTODBF(121)  
VLJ_DLOOKUPTODEFCONTROL(404)  
TUILOOKUP(57)  
VGETCMD:EXECLOOKUP(617)  
VGETCMD:SHOW(536)  
VBROWSECMD:SHOW(713)  
HBM_CPAGAR(42)  
VEXECUTE:EXECFROMBUFF(526)  
VEXECUTE:EXECFROMPRG(209)  
HBMLOAD(28)  
(b)HBM_BOOTSTRAP(22)  
HBMENUSYS:EXECUTE(0)  
HBMENUSYS:MODAL(0)  
MENUMODAL(0)  
HBM_BOOTSTRAP(30)  
VEXECUTE:EXECFROMBUFF(526)  
VEXECUTE:EXECFROMPRG(209)  
HBMLOAD(28)  
HBMBOOTSTRAP(12)  
HBMSTART(6)  
MAIN(29)  
###################

20210801 - 23:14:52 >>  [INFO] Data base open successfully

# Called from : 
VSQLITE:OPEN(134)  
FQUERYTODBF(99)  
VLJ_DLOOKUPTODEFCONTROL(404)  
TUILOOKUP(57)  
VGETCMD:EXECLOOKUP(617)  
VGETCMD:SHOW(536)  
VBROWSECMD:SHOW(713)  
HBM_CPAGAR(42)  
VEXECUTE:EXECFROMBUFF(526)  
VEXECUTE:EXECFROMPRG(209)  
HBMLOAD(28)  
(b)HBM_BOOTSTRAP(22)  
HBMENUSYS:EXECUTE(0)  
HBMENUSYS:MODAL(0)  
MENUMODAL(0)  
HBM_BOOTSTRAP(30)  
VEXECUTE:EXECFROMBUFF(526)  
VEXECUTE:EXECFROMPRG(209)  
HBMLOAD(28)  
HBMBOOTSTRAP(12)  
HBMSTART(6)  
MAIN(29)  
###################

20210801 - 23:14:52 >>  [INFO] Data base open successfully

# Called from : 
FQUERYTODBF(103)  
VLJ_DLOOKUPTODEFCONTROL(404)  
TUILOOKUP(57)  
VGETCMD:EXECLOOKUP(617)  
VGETCMD:SHOW(536)  
VBROWSECMD:SHOW(713)  
HBM_CPAGAR(42)  
VEXECUTE:EXECFROMBUFF(526)  
VEXECUTE:EXECFROMPRG(209)  
HBMLOAD(28)  
(b)HBM_BOOTSTRAP(22)  
HBMENUSYS:EXECUTE(0)  
HBMENUSYS:MODAL(0)  
MENUMODAL(0)  
HBM_BOOTSTRAP(30)  
VEXECUTE:EXECFROMBUFF(526)  
VEXECUTE:EXECFROMPRG(209)  
HBMLOAD(28)  
HBMBOOTSTRAP(12)  
HBMSTART(6)  
MAIN(29)  
###################

20210801 - 23:14:52 >>  [INFO] Mounted query :         SELECT  id, nome as nome_conta          FROM conta WHERE tipoconta='D'  and ID=7 / Original :         SELECT  id, nome as nome_conta          FROM conta WHERE tipoconta='D'  and ID=7, nPage : 1, nLimit : 0

# Called from : 
VSQLITE:MOUNTQUERY(730)  
VSQLITE:EXECUTEQUERY(263)  
VSQLITE:EXECUTEQUERYTODBF(1250)  
FQUERYTODBF(118)  
VLJ_DLOOKUPTODEFCONTROL(404)  
TUILOOKUP(57)  
VGETCMD:EXECLOOKUP(617)  
VGETCMD:SHOW(536)  
VBROWSECMD:SHOW(713)  
HBM_CPAGAR(42)  
VEXECUTE:EXECFROMBUFF(526)  
VEXECUTE:EXECFROMPRG(209)  
HBMLOAD(28)  
(b)HBM_BOOTSTRAP(22)  
HBMENUSYS:EXECUTE(0)  
HBMENUSYS:MODAL(0)  
MENUMODAL(0)  
HBM_BOOTSTRAP(30)  
VEXECUTE:EXECFROMBUFF(526)  
VEXECUTE:EXECFROMPRG(209)  
HBMLOAD(28)  
HBMBOOTSTRAP(12)  
HBMSTART(6)  
MAIN(29)  
###################

20210801 - 23:14:52 >>  [INFO] Mounted query :         SELECT  id, nome as nome_conta          FROM conta WHERE tipoconta='D'  and ID=7 / Original :         SELECT  id, nome as nome_conta          FROM conta WHERE tipoconta='D'  and ID=7, nPage : 1, nLimit : 0

# Called from : 
FQUERYTODBF(121)  
VLJ_DLOOKUPTODEFCONTROL(404)  
TUILOOKUP(57)  
VGETCMD:EXECLOOKUP(617)  
VGETCMD:SHOW(536)  
VBROWSECMD:SHOW(713)  
HBM_CPAGAR(42)  
VEXECUTE:EXECFROMBUFF(526)  
VEXECUTE:EXECFROMPRG(209)  
HBMLOAD(28)  
(b)HBM_BOOTSTRAP(22)  
HBMENUSYS:EXECUTE(0)  
HBMENUSYS:MODAL(0)  
MENUMODAL(0)  
HBM_BOOTSTRAP(30)  
VEXECUTE:EXECFROMBUFF(526)  
VEXECUTE:EXECFROMPRG(209)  
HBMLOAD(28)  
HBMBOOTSTRAP(12)  
HBMSTART(6)  
MAIN(29)  
###################

20210801 - 23:14:54 >>  [INFO] Data base open successfully

# Called from : 
VSQLITE:OPEN(134)  
FQUERYTODBF(99)  
VLJ_DLOOKUPTODEFCONTROL(404)  
TUILOOKUP(57)  
VGETCMD:EXECLOOKUP(617)  
(b)VGETCMD_SHOW(530)  
HBGETLIST:GETPOSTVALIDATE(625)  
HBGETLIST:READER(305)  
HBGETLIST:READMODAL(208)  
READMODAL(0)  
VGETCMD:SHOW(546)  
VBROWSECMD:SHOW(713)  
HBM_CPAGAR(42)  
VEXECUTE:EXECFROMBUFF(526)  
VEXECUTE:EXECFROMPRG(209)  
HBMLOAD(28)  
(b)HBM_BOOTSTRAP(22)  
HBMENUSYS:EXECUTE(0)  
HBMENUSYS:MODAL(0)  
MENUMODAL(0)  
HBM_BOOTSTRAP(30)  
VEXECUTE:EXECFROMBUFF(526)  
VEXECUTE:EXECFROMPRG(209)  
HBMLOAD(28)  
HBMBOOTSTRAP(12)  
HBMSTART(6)  
MAIN(29)  
###################

20210801 - 23:14:54 >>  [INFO] Data base open successfully

# Called from : 
FQUERYTODBF(103)  
VLJ_DLOOKUPTODEFCONTROL(404)  
TUILOOKUP(57)  
VGETCMD:EXECLOOKUP(617)  
(b)VGETCMD_SHOW(530)  
HBGETLIST:GETPOSTVALIDATE(625)  
HBGETLIST:READER(305)  
HBGETLIST:READMODAL(208)  
READMODAL(0)  
VGETCMD:SHOW(546)  
VBROWSECMD:SHOW(713)  
HBM_CPAGAR(42)  
VEXECUTE:EXECFROMBUFF(526)  
VEXECUTE:EXECFROMPRG(209)  
HBMLOAD(28)  
(b)HBM_BOOTSTRAP(22)  
HBMENUSYS:EXECUTE(0)  
HBMENUSYS:MODAL(0)  
MENUMODAL(0)  
HBM_BOOTSTRAP(30)  
VEXECUTE:EXECFROMBUFF(526)  
VEXECUTE:EXECFROMPRG(209)  
HBMLOAD(28)  
HBMBOOTSTRAP(12)  
HBMSTART(6)  
MAIN(29)  
###################

20210801 - 23:14:54 >>  [INFO] Mounted query : SELECT * FROM FORNECEDOR WHERE ID=14 / Original : SELECT * FROM FORNECEDOR WHERE ID=14, nPage : 1, nLimit : 0

# Called from : 
VSQLITE:MOUNTQUERY(730)  
VSQLITE:EXECUTEQUERY(263)  
VSQLITE:EXECUTEQUERYTODBF(1250)  
FQUERYTODBF(118)  
VLJ_DLOOKUPTODEFCONTROL(404)  
TUILOOKUP(57)  
VGETCMD:EXECLOOKUP(617)  
(b)VGETCMD_SHOW(530)  
HBGETLIST:GETPOSTVALIDATE(625)  
HBGETLIST:READER(305)  
HBGETLIST:READMODAL(208)  
READMODAL(0)  
VGETCMD:SHOW(546)  
VBROWSECMD:SHOW(713)  
HBM_CPAGAR(42)  
VEXECUTE:EXECFROMBUFF(526)  
VEXECUTE:EXECFROMPRG(209)  
HBMLOAD(28)  
(b)HBM_BOOTSTRAP(22)  
HBMENUSYS:EXECUTE(0)  
HBMENUSYS:MODAL(0)  
MENUMODAL(0)  
HBM_BOOTSTRAP(30)  
VEXECUTE:EXECFROMBUFF(526)  
VEXECUTE:EXECFROMPRG(209)  
HBMLOAD(28)  
HBMBOOTSTRAP(12)  
HBMSTART(6)  
MAIN(29)  
###################

20210801 - 23:14:54 >>  [INFO] Mounted query : SELECT * FROM FORNECEDOR WHERE ID=14 / Original : SELECT * FROM FORNECEDOR WHERE ID=14, nPage : 1, nLimit : 0

# Called from : 
FQUERYTODBF(121)  
VLJ_DLOOKUPTODEFCONTROL(404)  
TUILOOKUP(57)  
VGETCMD:EXECLOOKUP(617)  
(b)VGETCMD_SHOW(530)  
HBGETLIST:GETPOSTVALIDATE(625)  
HBGETLIST:READER(305)  
HBGETLIST:READMODAL(208)  
READMODAL(0)  
VGETCMD:SHOW(546)  
VBROWSECMD:SHOW(713)  
HBM_CPAGAR(42)  
VEXECUTE:EXECFROMBUFF(526)  
VEXECUTE:EXECFROMPRG(209)  
HBMLOAD(28)  
(b)HBM_BOOTSTRAP(22)  
HBMENUSYS:EXECUTE(0)  
HBMENUSYS:MODAL(0)  
MENUMODAL(0)  
HBM_BOOTSTRAP(30)  
VEXECUTE:EXECFROMBUFF(526)  
VEXECUTE:EXECFROMPRG(209)  
HBMLOAD(28)  
HBMBOOTSTRAP(12)  
HBMSTART(6)  
MAIN(29)  
###################

20210801 - 23:14:55 >>  [INFO] Data base open successfully

# Called from : 
VSQLITE:OPEN(134)  
FQUERYTODBF(99)  
VLJ_DLOOKUPTODEFCONTROL(404)  
TUILOOKUP(57)  
VGETCMD:EXECLOOKUP(617)  
(b)VGETCMD_SHOW(530)  
HBGETLIST:GETPOSTVALIDATE(625)  
HBGETLIST:READER(305)  
HBGETLIST:READMODAL(208)  
READMODAL(0)  
VGETCMD:SHOW(546)  
VBROWSECMD:SHOW(713)  
HBM_CPAGAR(42)  
VEXECUTE:EXECFROMBUFF(526)  
VEXECUTE:EXECFROMPRG(209)  
HBMLOAD(28)  
(b)HBM_BOOTSTRAP(22)  
HBMENUSYS:EXECUTE(0)  
HBMENUSYS:MODAL(0)  
MENUMODAL(0)  
HBM_BOOTSTRAP(30)  
VEXECUTE:EXECFROMBUFF(526)  
VEXECUTE:EXECFROMPRG(209)  
HBMLOAD(28)  
HBMBOOTSTRAP(12)  
HBMSTART(6)  
MAIN(29)  
###################

20210801 - 23:14:55 >>  [INFO] Data base open successfully

# Called from : 
FQUERYTODBF(103)  
VLJ_DLOOKUPTODEFCONTROL(404)  
TUILOOKUP(57)  
VGETCMD:EXECLOOKUP(617)  
(b)VGETCMD_SHOW(530)  
HBGETLIST:GETPOSTVALIDATE(625)  
HBGETLIST:READER(305)  
HBGETLIST:READMODAL(208)  
READMODAL(0)  
VGETCMD:SHOW(546)  
VBROWSECMD:SHOW(713)  
HBM_CPAGAR(42)  
VEXECUTE:EXECFROMBUFF(526)  
VEXECUTE:EXECFROMPRG(209)  
HBMLOAD(28)  
(b)HBM_BOOTSTRAP(22)  
HBMENUSYS:EXECUTE(0)  
HBMENUSYS:MODAL(0)  
MENUMODAL(0)  
HBM_BOOTSTRAP(30)  
VEXECUTE:EXECFROMBUFF(526)  
VEXECUTE:EXECFROMPRG(209)  
HBMLOAD(28)  
HBMBOOTSTRAP(12)  
HBMSTART(6)  
MAIN(29)  
###################

20210801 - 23:14:55 >>  [INFO] Mounted query :         SELECT  id, nome as nome_conta          FROM conta WHERE tipoconta='D'  and ID=7 / Original :         SELECT  id, nome as nome_conta          FROM conta WHERE tipoconta='D'  and ID=7, nPage : 1, nLimit : 0

# Called from : 
VSQLITE:MOUNTQUERY(730)  
VSQLITE:EXECUTEQUERY(263)  
VSQLITE:EXECUTEQUERYTODBF(1250)  
FQUERYTODBF(118)  
VLJ_DLOOKUPTODEFCONTROL(404)  
TUILOOKUP(57)  
VGETCMD:EXECLOOKUP(617)  
(b)VGETCMD_SHOW(530)  
HBGETLIST:GETPOSTVALIDATE(625)  
HBGETLIST:READER(305)  
HBGETLIST:READMODAL(208)  
READMODAL(0)  
VGETCMD:SHOW(546)  
VBROWSECMD:SHOW(713)  
HBM_CPAGAR(42)  
VEXECUTE:EXECFROMBUFF(526)  
VEXECUTE:EXECFROMPRG(209)  
HBMLOAD(28)  
(b)HBM_BOOTSTRAP(22)  
HBMENUSYS:EXECUTE(0)  
HBMENUSYS:MODAL(0)  
MENUMODAL(0)  
HBM_BOOTSTRAP(30)  
VEXECUTE:EXECFROMBUFF(526)  
VEXECUTE:EXECFROMPRG(209)  
HBMLOAD(28)  
HBMBOOTSTRAP(12)  
HBMSTART(6)  
MAIN(29)  
###################

20210801 - 23:14:55 >>  [INFO] Mounted query :         SELECT  id, nome as nome_conta          FROM conta WHERE tipoconta='D'  and ID=7 / Original :         SELECT  id, nome as nome_conta          FROM conta WHERE tipoconta='D'  and ID=7, nPage : 1, nLimit : 0

# Called from : 
FQUERYTODBF(121)  
VLJ_DLOOKUPTODEFCONTROL(404)  
TUILOOKUP(57)  
VGETCMD:EXECLOOKUP(617)  
(b)VGETCMD_SHOW(530)  
HBGETLIST:GETPOSTVALIDATE(625)  
HBGETLIST:READER(305)  
HBGETLIST:READMODAL(208)  
READMODAL(0)  
VGETCMD:SHOW(546)  
VBROWSECMD:SHOW(713)  
HBM_CPAGAR(42)  
VEXECUTE:EXECFROMBUFF(526)  
VEXECUTE:EXECFROMPRG(209)  
HBMLOAD(28)  
(b)HBM_BOOTSTRAP(22)  
HBMENUSYS:EXECUTE(0)  
HBMENUSYS:MODAL(0)  
MENUMODAL(0)  
HBM_BOOTSTRAP(30)  
VEXECUTE:EXECFROMBUFF(526)  
VEXECUTE:EXECFROMPRG(209)  
HBMLOAD(28)  
HBMBOOTSTRAP(12)  
HBMSTART(6)  
MAIN(29)  
###################

20210801 - 23:14:58 >>  [INFO] Data base open successfully

# Called from : 
VSQLITE:OPEN(134)  
FQUERYTODBF(99)  
VLJ_DLOOKUPTODEFCONTROL(404)  
TUILOOKUP(57)  
VGETCMD:EXECLOOKUP(617)  
(b)VGETCMD_SHOW(530)  
HBGETLIST:GETPOSTVALIDATE(625)  
HBGETLIST:READER(305)  
HBGETLIST:READMODAL(208)  
READMODAL(0)  
VGETCMD:SHOW(546)  
VBROWSECMD:SHOW(713)  
HBM_CPAGAR(42)  
VEXECUTE:EXECFROMBUFF(526)  
VEXECUTE:EXECFROMPRG(209)  
HBMLOAD(28)  
(b)HBM_BOOTSTRAP(22)  
HBMENUSYS:EXECUTE(0)  
HBMENUSYS:MODAL(0)  
MENUMODAL(0)  
HBM_BOOTSTRAP(30)  
VEXECUTE:EXECFROMBUFF(526)  
VEXECUTE:EXECFROMPRG(209)  
HBMLOAD(28)  
HBMBOOTSTRAP(12)  
HBMSTART(6)  
MAIN(29)  
###################

20210801 - 23:14:58 >>  [INFO] Data base open successfully

# Called from : 
FQUERYTODBF(103)  
VLJ_DLOOKUPTODEFCONTROL(404)  
TUILOOKUP(57)  
VGETCMD:EXECLOOKUP(617)  
(b)VGETCMD_SHOW(530)  
HBGETLIST:GETPOSTVALIDATE(625)  
HBGETLIST:READER(305)  
HBGETLIST:READMODAL(208)  
READMODAL(0)  
VGETCMD:SHOW(546)  
VBROWSECMD:SHOW(713)  
HBM_CPAGAR(42)  
VEXECUTE:EXECFROMBUFF(526)  
VEXECUTE:EXECFROMPRG(209)  
HBMLOAD(28)  
(b)HBM_BOOTSTRAP(22)  
HBMENUSYS:EXECUTE(0)  
HBMENUSYS:MODAL(0)  
MENUMODAL(0)  
HBM_BOOTSTRAP(30)  
VEXECUTE:EXECFROMBUFF(526)  
VEXECUTE:EXECFROMPRG(209)  
HBMLOAD(28)  
HBMBOOTSTRAP(12)  
HBMSTART(6)  
MAIN(29)  
###################

20210801 - 23:14:58 >>  [INFO] Mounted query :         SELECT  id, nome as nome_conta          FROM conta WHERE tipoconta='D'  and ID=7 / Original :         SELECT  id, nome as nome_conta          FROM conta WHERE tipoconta='D'  and ID=7, nPage : 1, nLimit : 0

# Called from : 
VSQLITE:MOUNTQUERY(730)  
VSQLITE:EXECUTEQUERY(263)  
VSQLITE:EXECUTEQUERYTODBF(1250)  
FQUERYTODBF(118)  
VLJ_DLOOKUPTODEFCONTROL(404)  
TUILOOKUP(57)  
VGETCMD:EXECLOOKUP(617)  
(b)VGETCMD_SHOW(530)  
HBGETLIST:GETPOSTVALIDATE(625)  
HBGETLIST:READER(305)  
HBGETLIST:READMODAL(208)  
READMODAL(0)  
VGETCMD:SHOW(546)  
VBROWSECMD:SHOW(713)  
HBM_CPAGAR(42)  
VEXECUTE:EXECFROMBUFF(526)  
VEXECUTE:EXECFROMPRG(209)  
HBMLOAD(28)  
(b)HBM_BOOTSTRAP(22)  
HBMENUSYS:EXECUTE(0)  
HBMENUSYS:MODAL(0)  
MENUMODAL(0)  
HBM_BOOTSTRAP(30)  
VEXECUTE:EXECFROMBUFF(526)  
VEXECUTE:EXECFROMPRG(209)  
HBMLOAD(28)  
HBMBOOTSTRAP(12)  
HBMSTART(6)  
MAIN(29)  
###################

20210801 - 23:14:59 >>  [INFO] Mounted query :         SELECT  id, nome as nome_conta          FROM conta WHERE tipoconta='D'  and ID=7 / Original :         SELECT  id, nome as nome_conta          FROM conta WHERE tipoconta='D'  and ID=7, nPage : 1, nLimit : 0

# Called from : 
FQUERYTODBF(121)  
VLJ_DLOOKUPTODEFCONTROL(404)  
TUILOOKUP(57)  
VGETCMD:EXECLOOKUP(617)  
(b)VGETCMD_SHOW(530)  
HBGETLIST:GETPOSTVALIDATE(625)  
HBGETLIST:READER(305)  
HBGETLIST:READMODAL(208)  
READMODAL(0)  
VGETCMD:SHOW(546)  
VBROWSECMD:SHOW(713)  
HBM_CPAGAR(42)  
VEXECUTE:EXECFROMBUFF(526)  
VEXECUTE:EXECFROMPRG(209)  
HBMLOAD(28)  
(b)HBM_BOOTSTRAP(22)  
HBMENUSYS:EXECUTE(0)  
HBMENUSYS:MODAL(0)  
MENUMODAL(0)  
HBM_BOOTSTRAP(30)  
VEXECUTE:EXECFROMBUFF(526)  
VEXECUTE:EXECFROMPRG(209)  
HBMLOAD(28)  
HBMBOOTSTRAP(12)  
HBMSTART(6)  
MAIN(29)  
###################

20210801 - 23:15:00 >>  [INFO] Data base open successfully

# Called from : 
VSQLITE:OPEN(134)  
FQUERYTODBF(99)  
BOXSEARCH(188)  
TUIBROWSERSEARCH(68)  
TUISEARCH(26)  
__ACTIVEF3INGET(39)  
(b)VGETCMD_SHOW(545)  
HBGETLIST:GETDOSETKEY(661)  
HBGETLIST:GETAPPLYKEY(344)  
HBGETLIST:READER(285)  
HBGETLIST:READMODAL(208)  
READMODAL(0)  
VGETCMD:SHOW(546)  
VBROWSECMD:SHOW(713)  
HBM_CPAGAR(42)  
VEXECUTE:EXECFROMBUFF(526)  
VEXECUTE:EXECFROMPRG(209)  
HBMLOAD(28)  
(b)HBM_BOOTSTRAP(22)  
HBMENUSYS:EXECUTE(0)  
HBMENUSYS:MODAL(0)  
MENUMODAL(0)  
HBM_BOOTSTRAP(30)  
VEXECUTE:EXECFROMBUFF(526)  
VEXECUTE:EXECFROMPRG(209)  
HBMLOAD(28)  
HBMBOOTSTRAP(12)  
HBMSTART(6)  
MAIN(29)  
###################

20210801 - 23:15:00 >>  [INFO] Data base open successfully

# Called from : 
FQUERYTODBF(103)  
BOXSEARCH(188)  
TUIBROWSERSEARCH(68)  
TUISEARCH(26)  
__ACTIVEF3INGET(39)  
(b)VGETCMD_SHOW(545)  
HBGETLIST:GETDOSETKEY(661)  
HBGETLIST:GETAPPLYKEY(344)  
HBGETLIST:READER(285)  
HBGETLIST:READMODAL(208)  
READMODAL(0)  
VGETCMD:SHOW(546)  
VBROWSECMD:SHOW(713)  
HBM_CPAGAR(42)  
VEXECUTE:EXECFROMBUFF(526)  
VEXECUTE:EXECFROMPRG(209)  
HBMLOAD(28)  
(b)HBM_BOOTSTRAP(22)  
HBMENUSYS:EXECUTE(0)  
HBMENUSYS:MODAL(0)  
MENUMODAL(0)  
HBM_BOOTSTRAP(30)  
VEXECUTE:EXECFROMBUFF(526)  
VEXECUTE:EXECFROMPRG(209)  
HBMLOAD(28)  
HBMBOOTSTRAP(12)  
HBMSTART(6)  
MAIN(29)  
###################

20210801 - 23:15:00 >>  [INFO] Mounted query : SELECT * FROM FORNECEDOR / Original : SELECT * FROM FORNECEDOR, nPage : 1, nLimit : 0

# Called from : 
VSQLITE:MOUNTQUERY(730)  
VSQLITE:EXECUTEQUERY(263)  
VSQLITE:EXECUTEQUERYTODBF(1250)  
FQUERYTODBF(118)  
BOXSEARCH(188)  
TUIBROWSERSEARCH(68)  
TUISEARCH(26)  
__ACTIVEF3INGET(39)  
(b)VGETCMD_SHOW(545)  
HBGETLIST:GETDOSETKEY(661)  
HBGETLIST:GETAPPLYKEY(344)  
HBGETLIST:READER(285)  
HBGETLIST:READMODAL(208)  
READMODAL(0)  
VGETCMD:SHOW(546)  
VBROWSECMD:SHOW(713)  
HBM_CPAGAR(42)  
VEXECUTE:EXECFROMBUFF(526)  
VEXECUTE:EXECFROMPRG(209)  
HBMLOAD(28)  
(b)HBM_BOOTSTRAP(22)  
HBMENUSYS:EXECUTE(0)  
HBMENUSYS:MODAL(0)  
MENUMODAL(0)  
HBM_BOOTSTRAP(30)  
VEXECUTE:EXECFROMBUFF(526)  
VEXECUTE:EXECFROMPRG(209)  
HBMLOAD(28)  
HBMBOOTSTRAP(12)  
HBMSTART(6)  
MAIN(29)  
###################

20210801 - 23:15:00 >>  [INFO] Mounted query : SELECT * FROM FORNECEDOR / Original : SELECT * FROM FORNECEDOR, nPage : 1, nLimit : 0

# Called from : 
FQUERYTODBF(121)  
BOXSEARCH(188)  
TUIBROWSERSEARCH(68)  
TUISEARCH(26)  
__ACTIVEF3INGET(39)  
(b)VGETCMD_SHOW(545)  
HBGETLIST:GETDOSETKEY(661)  
HBGETLIST:GETAPPLYKEY(344)  
HBGETLIST:READER(285)  
HBGETLIST:READMODAL(208)  
READMODAL(0)  
VGETCMD:SHOW(546)  
VBROWSECMD:SHOW(713)  
HBM_CPAGAR(42)  
VEXECUTE:EXECFROMBUFF(526)  
VEXECUTE:EXECFROMPRG(209)  
HBMLOAD(28)  
(b)HBM_BOOTSTRAP(22)  
HBMENUSYS:EXECUTE(0)  
HBMENUSYS:MODAL(0)  
MENUMODAL(0)  
HBM_BOOTSTRAP(30)  
VEXECUTE:EXECFROMBUFF(526)  
VEXECUTE:EXECFROMPRG(209)  
HBMLOAD(28)  
HBMBOOTSTRAP(12)  
HBMSTART(6)  
MAIN(29)  
###################

20210801 - 23:15:01 >>  [INFO] Data base open successfully

# Called from : 
VSQLITE:OPEN(134)  
FQUERYTODBF(99)  
VLJ_DLOOKUPTODEFCONTROL(404)  
TUILOOKUP(57)  
VGETCMD:EXECLOOKUP(617)  
(b)VGETCMD_SHOW(530)  
HBGETLIST:GETPOSTVALIDATE(625)  
HBGETLIST:READER(305)  
HBGETLIST:READMODAL(208)  
READMODAL(0)  
VGETCMD:SHOW(546)  
VBROWSECMD:SHOW(713)  
HBM_CPAGAR(42)  
VEXECUTE:EXECFROMBUFF(526)  
VEXECUTE:EXECFROMPRG(209)  
HBMLOAD(28)  
(b)HBM_BOOTSTRAP(22)  
HBMENUSYS:EXECUTE(0)  
HBMENUSYS:MODAL(0)  
MENUMODAL(0)  
HBM_BOOTSTRAP(30)  
VEXECUTE:EXECFROMBUFF(526)  
VEXECUTE:EXECFROMPRG(209)  
HBMLOAD(28)  
HBMBOOTSTRAP(12)  
HBMSTART(6)  
MAIN(29)  
###################

20210801 - 23:15:02 >>  [INFO] Data base open successfully

# Called from : 
FQUERYTODBF(103)  
VLJ_DLOOKUPTODEFCONTROL(404)  
TUILOOKUP(57)  
VGETCMD:EXECLOOKUP(617)  
(b)VGETCMD_SHOW(530)  
HBGETLIST:GETPOSTVALIDATE(625)  
HBGETLIST:READER(305)  
HBGETLIST:READMODAL(208)  
READMODAL(0)  
VGETCMD:SHOW(546)  
VBROWSECMD:SHOW(713)  
HBM_CPAGAR(42)  
VEXECUTE:EXECFROMBUFF(526)  
VEXECUTE:EXECFROMPRG(209)  
HBMLOAD(28)  
(b)HBM_BOOTSTRAP(22)  
HBMENUSYS:EXECUTE(0)  
HBMENUSYS:MODAL(0)  
MENUMODAL(0)  
HBM_BOOTSTRAP(30)  
VEXECUTE:EXECFROMBUFF(526)  
VEXECUTE:EXECFROMPRG(209)  
HBMLOAD(28)  
HBMBOOTSTRAP(12)  
HBMSTART(6)  
MAIN(29)  
###################

20210801 - 23:15:02 >>  [INFO] Mounted query : SELECT * FROM FORNECEDOR WHERE ID=4 / Original : SELECT * FROM FORNECEDOR WHERE ID=4, nPage : 1, nLimit : 0

# Called from : 
VSQLITE:MOUNTQUERY(730)  
VSQLITE:EXECUTEQUERY(263)  
VSQLITE:EXECUTEQUERYTODBF(1250)  
FQUERYTODBF(118)  
VLJ_DLOOKUPTODEFCONTROL(404)  
TUILOOKUP(57)  
VGETCMD:EXECLOOKUP(617)  
(b)VGETCMD_SHOW(530)  
HBGETLIST:GETPOSTVALIDATE(625)  
HBGETLIST:READER(305)  
HBGETLIST:READMODAL(208)  
READMODAL(0)  
VGETCMD:SHOW(546)  
VBROWSECMD:SHOW(713)  
HBM_CPAGAR(42)  
VEXECUTE:EXECFROMBUFF(526)  
VEXECUTE:EXECFROMPRG(209)  
HBMLOAD(28)  
(b)HBM_BOOTSTRAP(22)  
HBMENUSYS:EXECUTE(0)  
HBMENUSYS:MODAL(0)  
MENUMODAL(0)  
HBM_BOOTSTRAP(30)  
VEXECUTE:EXECFROMBUFF(526)  
VEXECUTE:EXECFROMPRG(209)  
HBMLOAD(28)  
HBMBOOTSTRAP(12)  
HBMSTART(6)  
MAIN(29)  
###################

20210801 - 23:15:02 >>  [INFO] Mounted query : SELECT * FROM FORNECEDOR WHERE ID=4 / Original : SELECT * FROM FORNECEDOR WHERE ID=4, nPage : 1, nLimit : 0

# Called from : 
FQUERYTODBF(121)  
VLJ_DLOOKUPTODEFCONTROL(404)  
TUILOOKUP(57)  
VGETCMD:EXECLOOKUP(617)  
(b)VGETCMD_SHOW(530)  
HBGETLIST:GETPOSTVALIDATE(625)  
HBGETLIST:READER(305)  
HBGETLIST:READMODAL(208)  
READMODAL(0)  
VGETCMD:SHOW(546)  
VBROWSECMD:SHOW(713)  
HBM_CPAGAR(42)  
VEXECUTE:EXECFROMBUFF(526)  
VEXECUTE:EXECFROMPRG(209)  
HBMLOAD(28)  
(b)HBM_BOOTSTRAP(22)  
HBMENUSYS:EXECUTE(0)  
HBMENUSYS:MODAL(0)  
MENUMODAL(0)  
HBM_BOOTSTRAP(30)  
VEXECUTE:EXECFROMBUFF(526)  
VEXECUTE:EXECFROMPRG(209)  
HBMLOAD(28)  
HBMBOOTSTRAP(12)  
HBMSTART(6)  
MAIN(29)  
###################

20210801 - 23:15:03 >>  [INFO] Data base open successfully

# Called from : 
VSQLITE:OPEN(134)  
FQUERYTODBF(99)  
BOXSEARCH(188)  
TUIBROWSERSEARCH(68)  
TUISEARCH(26)  
__ACTIVEF3INGET(39)  
(b)VGETCMD_SHOW(545)  
HBGETLIST:GETDOSETKEY(661)  
HBGETLIST:GETAPPLYKEY(344)  
HBGETLIST:READER(285)  
HBGETLIST:READMODAL(208)  
READMODAL(0)  
VGETCMD:SHOW(546)  
VBROWSECMD:SHOW(713)  
HBM_CPAGAR(42)  
VEXECUTE:EXECFROMBUFF(526)  
VEXECUTE:EXECFROMPRG(209)  
HBMLOAD(28)  
(b)HBM_BOOTSTRAP(22)  
HBMENUSYS:EXECUTE(0)  
HBMENUSYS:MODAL(0)  
MENUMODAL(0)  
HBM_BOOTSTRAP(30)  
VEXECUTE:EXECFROMBUFF(526)  
VEXECUTE:EXECFROMPRG(209)  
HBMLOAD(28)  
HBMBOOTSTRAP(12)  
HBMSTART(6)  
MAIN(29)  
###################

20210801 - 23:15:03 >>  [INFO] Data base open successfully

# Called from : 
FQUERYTODBF(103)  
BOXSEARCH(188)  
TUIBROWSERSEARCH(68)  
TUISEARCH(26)  
__ACTIVEF3INGET(39)  
(b)VGETCMD_SHOW(545)  
HBGETLIST:GETDOSETKEY(661)  
HBGETLIST:GETAPPLYKEY(344)  
HBGETLIST:READER(285)  
HBGETLIST:READMODAL(208)  
READMODAL(0)  
VGETCMD:SHOW(546)  
VBROWSECMD:SHOW(713)  
HBM_CPAGAR(42)  
VEXECUTE:EXECFROMBUFF(526)  
VEXECUTE:EXECFROMPRG(209)  
HBMLOAD(28)  
(b)HBM_BOOTSTRAP(22)  
HBMENUSYS:EXECUTE(0)  
HBMENUSYS:MODAL(0)  
MENUMODAL(0)  
HBM_BOOTSTRAP(30)  
VEXECUTE:EXECFROMBUFF(526)  
VEXECUTE:EXECFROMPRG(209)  
HBMLOAD(28)  
HBMBOOTSTRAP(12)  
HBMSTART(6)  
MAIN(29)  
###################

20210801 - 23:15:03 >>  [INFO] Mounted query :         SELECT  id, nome as nome_conta          FROM conta WHERE tipoconta='D' / Original :         SELECT  id, nome as nome_conta          FROM conta WHERE tipoconta='D', nPage : 1, nLimit : 0

# Called from : 
VSQLITE:MOUNTQUERY(730)  
VSQLITE:EXECUTEQUERY(263)  
VSQLITE:EXECUTEQUERYTODBF(1250)  
FQUERYTODBF(118)  
BOXSEARCH(188)  
TUIBROWSERSEARCH(68)  
TUISEARCH(26)  
__ACTIVEF3INGET(39)  
(b)VGETCMD_SHOW(545)  
HBGETLIST:GETDOSETKEY(661)  
HBGETLIST:GETAPPLYKEY(344)  
HBGETLIST:READER(285)  
HBGETLIST:READMODAL(208)  
READMODAL(0)  
VGETCMD:SHOW(546)  
VBROWSECMD:SHOW(713)  
HBM_CPAGAR(42)  
VEXECUTE:EXECFROMBUFF(526)  
VEXECUTE:EXECFROMPRG(209)  
HBMLOAD(28)  
(b)HBM_BOOTSTRAP(22)  
HBMENUSYS:EXECUTE(0)  
HBMENUSYS:MODAL(0)  
MENUMODAL(0)  
HBM_BOOTSTRAP(30)  
VEXECUTE:EXECFROMBUFF(526)  
VEXECUTE:EXECFROMPRG(209)  
HBMLOAD(28)  
HBMBOOTSTRAP(12)  
HBMSTART(6)  
MAIN(29)  
###################

20210801 - 23:15:03 >>  [INFO] Mounted query :         SELECT  id, nome as nome_conta          FROM conta WHERE tipoconta='D' / Original :         SELECT  id, nome as nome_conta          FROM conta WHERE tipoconta='D', nPage : 1, nLimit : 0

# Called from : 
FQUERYTODBF(121)  
BOXSEARCH(188)  
TUIBROWSERSEARCH(68)  
TUISEARCH(26)  
__ACTIVEF3INGET(39)  
(b)VGETCMD_SHOW(545)  
HBGETLIST:GETDOSETKEY(661)  
HBGETLIST:GETAPPLYKEY(344)  
HBGETLIST:READER(285)  
HBGETLIST:READMODAL(208)  
READMODAL(0)  
VGETCMD:SHOW(546)  
VBROWSECMD:SHOW(713)  
HBM_CPAGAR(42)  
VEXECUTE:EXECFROMBUFF(526)  
VEXECUTE:EXECFROMPRG(209)  
HBMLOAD(28)  
(b)HBM_BOOTSTRAP(22)  
HBMENUSYS:EXECUTE(0)  
HBMENUSYS:MODAL(0)  
MENUMODAL(0)  
HBM_BOOTSTRAP(30)  
VEXECUTE:EXECFROMBUFF(526)  
VEXECUTE:EXECFROMPRG(209)  
HBMLOAD(28)  
HBMBOOTSTRAP(12)  
HBMSTART(6)  
MAIN(29)  
###################

20210801 - 23:15:04 >>  [INFO] Data base open successfully

# Called from : 
VSQLITE:OPEN(134)  
FQUERYTODBF(99)  
VLJ_DLOOKUPTODEFCONTROL(404)  
TUILOOKUP(57)  
VGETCMD:EXECLOOKUP(617)  
(b)VGETCMD_SHOW(530)  
HBGETLIST:GETPOSTVALIDATE(625)  
HBGETLIST:READER(305)  
HBGETLIST:READMODAL(208)  
READMODAL(0)  
VGETCMD:SHOW(546)  
VBROWSECMD:SHOW(713)  
HBM_CPAGAR(42)  
VEXECUTE:EXECFROMBUFF(526)  
VEXECUTE:EXECFROMPRG(209)  
HBMLOAD(28)  
(b)HBM_BOOTSTRAP(22)  
HBMENUSYS:EXECUTE(0)  
HBMENUSYS:MODAL(0)  
MENUMODAL(0)  
HBM_BOOTSTRAP(30)  
VEXECUTE:EXECFROMBUFF(526)  
VEXECUTE:EXECFROMPRG(209)  
HBMLOAD(28)  
HBMBOOTSTRAP(12)  
HBMSTART(6)  
MAIN(29)  
###################

20210801 - 23:15:04 >>  [INFO] Data base open successfully

# Called from : 
FQUERYTODBF(103)  
VLJ_DLOOKUPTODEFCONTROL(404)  
TUILOOKUP(57)  
VGETCMD:EXECLOOKUP(617)  
(b)VGETCMD_SHOW(530)  
HBGETLIST:GETPOSTVALIDATE(625)  
HBGETLIST:READER(305)  
HBGETLIST:READMODAL(208)  
READMODAL(0)  
VGETCMD:SHOW(546)  
VBROWSECMD:SHOW(713)  
HBM_CPAGAR(42)  
VEXECUTE:EXECFROMBUFF(526)  
VEXECUTE:EXECFROMPRG(209)  
HBMLOAD(28)  
(b)HBM_BOOTSTRAP(22)  
HBMENUSYS:EXECUTE(0)  
HBMENUSYS:MODAL(0)  
MENUMODAL(0)  
HBM_BOOTSTRAP(30)  
VEXECUTE:EXECFROMBUFF(526)  
VEXECUTE:EXECFROMPRG(209)  
HBMLOAD(28)  
HBMBOOTSTRAP(12)  
HBMSTART(6)  
MAIN(29)  
###################

20210801 - 23:15:04 >>  [INFO] Mounted query :         SELECT  id, nome as nome_conta          FROM conta WHERE tipoconta='D'  and ID=7 / Original :         SELECT  id, nome as nome_conta          FROM conta WHERE tipoconta='D'  and ID=7, nPage : 1, nLimit : 0

# Called from : 
VSQLITE:MOUNTQUERY(730)  
VSQLITE:EXECUTEQUERY(263)  
VSQLITE:EXECUTEQUERYTODBF(1250)  
FQUERYTODBF(118)  
VLJ_DLOOKUPTODEFCONTROL(404)  
TUILOOKUP(57)  
VGETCMD:EXECLOOKUP(617)  
(b)VGETCMD_SHOW(530)  
HBGETLIST:GETPOSTVALIDATE(625)  
HBGETLIST:READER(305)  
HBGETLIST:READMODAL(208)  
READMODAL(0)  
VGETCMD:SHOW(546)  
VBROWSECMD:SHOW(713)  
HBM_CPAGAR(42)  
VEXECUTE:EXECFROMBUFF(526)  
VEXECUTE:EXECFROMPRG(209)  
HBMLOAD(28)  
(b)HBM_BOOTSTRAP(22)  
HBMENUSYS:EXECUTE(0)  
HBMENUSYS:MODAL(0)  
MENUMODAL(0)  
HBM_BOOTSTRAP(30)  
VEXECUTE:EXECFROMBUFF(526)  
VEXECUTE:EXECFROMPRG(209)  
HBMLOAD(28)  
HBMBOOTSTRAP(12)  
HBMSTART(6)  
MAIN(29)  
###################

20210801 - 23:15:04 >>  [INFO] Mounted query :         SELECT  id, nome as nome_conta          FROM conta WHERE tipoconta='D'  and ID=7 / Original :         SELECT  id, nome as nome_conta          FROM conta WHERE tipoconta='D'  and ID=7, nPage : 1, nLimit : 0

# Called from : 
FQUERYTODBF(121)  
VLJ_DLOOKUPTODEFCONTROL(404)  
TUILOOKUP(57)  
VGETCMD:EXECLOOKUP(617)  
(b)VGETCMD_SHOW(530)  
HBGETLIST:GETPOSTVALIDATE(625)  
HBGETLIST:READER(305)  
HBGETLIST:READMODAL(208)  
READMODAL(0)  
VGETCMD:SHOW(546)  
VBROWSECMD:SHOW(713)  
HBM_CPAGAR(42)  
VEXECUTE:EXECFROMBUFF(526)  
VEXECUTE:EXECFROMPRG(209)  
HBMLOAD(28)  
(b)HBM_BOOTSTRAP(22)  
HBMENUSYS:EXECUTE(0)  
HBMENUSYS:MODAL(0)  
MENUMODAL(0)  
HBM_BOOTSTRAP(30)  
VEXECUTE:EXECFROMBUFF(526)  
VEXECUTE:EXECFROMPRG(209)  
HBMLOAD(28)  
HBMBOOTSTRAP(12)  
HBMSTART(6)  
MAIN(29)  
###################

20210801 - 23:15:06 >>  [INFO] Data base open successfully

# Called from : 
VSQLITE:OPEN(134)  
FUPDATESQL(245)  
VGETCMD:EXECSUBMIT(1085)  
VBROWSECMD:SHOW(714)  
HBM_CPAGAR(42)  
VEXECUTE:EXECFROMBUFF(526)  
VEXECUTE:EXECFROMPRG(209)  
HBMLOAD(28)  
(b)HBM_BOOTSTRAP(22)  
HBMENUSYS:EXECUTE(0)  
HBMENUSYS:MODAL(0)  
MENUMODAL(0)  
HBM_BOOTSTRAP(30)  
VEXECUTE:EXECFROMBUFF(526)  
VEXECUTE:EXECFROMPRG(209)  
HBMLOAD(28)  
HBMBOOTSTRAP(12)  
HBMSTART(6)  
MAIN(29)  
###################

20210801 - 23:15:06 >>  [INFO] UPDATE CPAGAR SET DATACONTA = '2018-06-11',DATAVENCIMENTO = '2018-06-11',FORNECEDOR_ID = 4,CONTA_ID = 7,VALOR = 520.00,DESCRICAO = 'compra de mercadorias',OBS = '' WHERE ID = 7;

# Called from : 
VSQLITE:UPDATESQL(1481)  
FUPDATESQL(255)  
VGETCMD:EXECSUBMIT(1085)  
VBROWSECMD:SHOW(714)  
HBM_CPAGAR(42)  
VEXECUTE:EXECFROMBUFF(526)  
VEXECUTE:EXECFROMPRG(209)  
HBMLOAD(28)  
(b)HBM_BOOTSTRAP(22)  
HBMENUSYS:EXECUTE(0)  
HBMENUSYS:MODAL(0)  
MENUMODAL(0)  
HBM_BOOTSTRAP(30)  
VEXECUTE:EXECFROMBUFF(526)  
VEXECUTE:EXECFROMPRG(209)  
HBMLOAD(28)  
HBMBOOTSTRAP(12)  
HBMSTART(6)  
MAIN(29)  
###################

20210801 - 23:15:06 >>  [INFO] Data base open successfully

# Called from : 
FUPDATESQL(257)  
VGETCMD:EXECSUBMIT(1085)  
VBROWSECMD:SHOW(714)  
HBM_CPAGAR(42)  
VEXECUTE:EXECFROMBUFF(526)  
VEXECUTE:EXECFROMPRG(209)  
HBMLOAD(28)  
(b)HBM_BOOTSTRAP(22)  
HBMENUSYS:EXECUTE(0)  
HBMENUSYS:MODAL(0)  
MENUMODAL(0)  
HBM_BOOTSTRAP(30)  
VEXECUTE:EXECFROMBUFF(526)  
VEXECUTE:EXECFROMPRG(209)  
HBMLOAD(28)  
HBMBOOTSTRAP(12)  
HBMSTART(6)  
MAIN(29)  
###################

20210801 - 23:15:06 >>  [INFO] Data base open successfully

# Called from : 
VSQLITE:OPEN(134)  
FQUERYTODBF(99)  
VBROWSECMD:OPEN(218)  
VBROWSECMD:REFRESH(1118)  
VBROWSECMD:SHOW(721)  
HBM_CPAGAR(42)  
VEXECUTE:EXECFROMBUFF(526)  
VEXECUTE:EXECFROMPRG(209)  
HBMLOAD(28)  
(b)HBM_BOOTSTRAP(22)  
HBMENUSYS:EXECUTE(0)  
HBMENUSYS:MODAL(0)  
MENUMODAL(0)  
HBM_BOOTSTRAP(30)  
VEXECUTE:EXECFROMBUFF(526)  
VEXECUTE:EXECFROMPRG(209)  
HBMLOAD(28)  
HBMBOOTSTRAP(12)  
HBMSTART(6)  
MAIN(29)  
###################

20210801 - 23:15:06 >>  [INFO] Data base open successfully

# Called from : 
FQUERYTODBF(103)  
VBROWSECMD:OPEN(218)  
VBROWSECMD:REFRESH(1118)  
VBROWSECMD:SHOW(721)  
HBM_CPAGAR(42)  
VEXECUTE:EXECFROMBUFF(526)  
VEXECUTE:EXECFROMPRG(209)  
HBMLOAD(28)  
(b)HBM_BOOTSTRAP(22)  
HBMENUSYS:EXECUTE(0)  
HBMENUSYS:MODAL(0)  
MENUMODAL(0)  
HBM_BOOTSTRAP(30)  
VEXECUTE:EXECFROMBUFF(526)  
VEXECUTE:EXECFROMPRG(209)  
HBMLOAD(28)  
HBMBOOTSTRAP(12)  
HBMSTART(6)  
MAIN(29)  
###################

20210801 - 23:15:06 >>  [INFO] Mounted query :         SELECT  a.id, a.fornecedor_id, a.conta_id, a.dataVencimento,                 a.dataConta, a.valor, a.descricao, a.obs,                b.nome as nome_fornecedor , c.nome as nome_conta        FROM cpagar as a        INNER JOIN fornecedor as b ON a.fornecedor_id=b.id         INNER JOIN conta as c ON a.conta_id = c.id WHERE 1=1  LIMIT 9 OFFSET 0 / Original :         SELECT  a.id, a.fornecedor_id, a.conta_id, a.dataVencimento,                 a.dataConta, a.valor, a.descricao, a.obs,                b.nome as nome_fornecedor , c.nome as nome_conta        FROM cpagar as a        INNER JOIN fornecedor as b ON a.fornecedor_id=b.id         INNER JOIN conta as c ON a.conta_id = c.id WHERE 1=1 , nPage : 1, nLimit : 9

# Called from : 
VSQLITE:MOUNTQUERY(730)  
VSQLITE:EXECUTEQUERY(263)  
VSQLITE:EXECUTEQUERYTODBF(1250)  
FQUERYTODBF(118)  
VBROWSECMD:OPEN(218)  
VBROWSECMD:REFRESH(1118)  
VBROWSECMD:SHOW(721)  
HBM_CPAGAR(42)  
VEXECUTE:EXECFROMBUFF(526)  
VEXECUTE:EXECFROMPRG(209)  
HBMLOAD(28)  
(b)HBM_BOOTSTRAP(22)  
HBMENUSYS:EXECUTE(0)  
HBMENUSYS:MODAL(0)  
MENUMODAL(0)  
HBM_BOOTSTRAP(30)  
VEXECUTE:EXECFROMBUFF(526)  
VEXECUTE:EXECFROMPRG(209)  
HBMLOAD(28)  
HBMBOOTSTRAP(12)  
HBMSTART(6)  
MAIN(29)  
###################

20210801 - 23:15:06 >>  [INFO] Mounted query :         SELECT  a.id, a.fornecedor_id, a.conta_id, a.dataVencimento,                 a.dataConta, a.valor, a.descricao, a.obs,                b.nome as nome_fornecedor , c.nome as nome_conta        FROM cpagar as a        INNER JOIN fornecedor as b ON a.fornecedor_id=b.id         INNER JOIN conta as c ON a.conta_id = c.id WHERE 1=1  LIMIT 9 OFFSET 0 / Original :         SELECT  a.id, a.fornecedor_id, a.conta_id, a.dataVencimento,                 a.dataConta, a.valor, a.descricao, a.obs,                b.nome as nome_fornecedor , c.nome as nome_conta        FROM cpagar as a        INNER JOIN fornecedor as b ON a.fornecedor_id=b.id         INNER JOIN conta as c ON a.conta_id = c.id WHERE 1=1 , nPage : 1, nLimit : 9

# Called from : 
FQUERYTODBF(121)  
VBROWSECMD:OPEN(218)  
VBROWSECMD:REFRESH(1118)  
VBROWSECMD:SHOW(721)  
HBM_CPAGAR(42)  
VEXECUTE:EXECFROMBUFF(526)  
VEXECUTE:EXECFROMPRG(209)  
HBMLOAD(28)  
(b)HBM_BOOTSTRAP(22)  
HBMENUSYS:EXECUTE(0)  
HBMENUSYS:MODAL(0)  
MENUMODAL(0)  
HBM_BOOTSTRAP(30)  
VEXECUTE:EXECFROMBUFF(526)  
VEXECUTE:EXECFROMPRG(209)  
HBMLOAD(28)  
HBMBOOTSTRAP(12)  
HBMSTART(6)  
MAIN(29)  
###################

20210801 - 23:15:08 >>  [INFO] Data base open successfully

# Called from : 
VSQLITE:OPEN(134)  
FQUERYTODBF(99)  
VLJ_DLOOKUPREGISTER(158)  
VGETCMD:SHOW(417)  
VBROWSECMD:SHOW(713)  
HBM_CPAGAR(42)  
VEXECUTE:EXECFROMBUFF(526)  
VEXECUTE:EXECFROMPRG(209)  
HBMLOAD(28)  
(b)HBM_BOOTSTRAP(22)  
HBMENUSYS:EXECUTE(0)  
HBMENUSYS:MODAL(0)  
MENUMODAL(0)  
HBM_BOOTSTRAP(30)  
VEXECUTE:EXECFROMBUFF(526)  
VEXECUTE:EXECFROMPRG(209)  
HBMLOAD(28)  
HBMBOOTSTRAP(12)  
HBMSTART(6)  
MAIN(29)  
###################

20210801 - 23:15:08 >>  [INFO] Data base open successfully

# Called from : 
FQUERYTODBF(103)  
VLJ_DLOOKUPREGISTER(158)  
VGETCMD:SHOW(417)  
VBROWSECMD:SHOW(713)  
HBM_CPAGAR(42)  
VEXECUTE:EXECFROMBUFF(526)  
VEXECUTE:EXECFROMPRG(209)  
HBMLOAD(28)  
(b)HBM_BOOTSTRAP(22)  
HBMENUSYS:EXECUTE(0)  
HBMENUSYS:MODAL(0)  
MENUMODAL(0)  
HBM_BOOTSTRAP(30)  
VEXECUTE:EXECFROMBUFF(526)  
VEXECUTE:EXECFROMPRG(209)  
HBMLOAD(28)  
HBMBOOTSTRAP(12)  
HBMSTART(6)  
MAIN(29)  
###################

20210801 - 23:15:08 >>  [INFO] Mounted query : SELECT * FROM CPAGAR WHERE ID = 9 / Original : SELECT * FROM CPAGAR WHERE ID = 9, nPage : 1, nLimit : 0

# Called from : 
VSQLITE:MOUNTQUERY(730)  
VSQLITE:EXECUTEQUERY(263)  
VSQLITE:EXECUTEQUERYTODBF(1250)  
FQUERYTODBF(118)  
VLJ_DLOOKUPREGISTER(158)  
VGETCMD:SHOW(417)  
VBROWSECMD:SHOW(713)  
HBM_CPAGAR(42)  
VEXECUTE:EXECFROMBUFF(526)  
VEXECUTE:EXECFROMPRG(209)  
HBMLOAD(28)  
(b)HBM_BOOTSTRAP(22)  
HBMENUSYS:EXECUTE(0)  
HBMENUSYS:MODAL(0)  
MENUMODAL(0)  
HBM_BOOTSTRAP(30)  
VEXECUTE:EXECFROMBUFF(526)  
VEXECUTE:EXECFROMPRG(209)  
HBMLOAD(28)  
HBMBOOTSTRAP(12)  
HBMSTART(6)  
MAIN(29)  
###################

20210801 - 23:15:08 >>  [INFO] Mounted query : SELECT * FROM CPAGAR WHERE ID = 9 / Original : SELECT * FROM CPAGAR WHERE ID = 9, nPage : 1, nLimit : 0

# Called from : 
FQUERYTODBF(121)  
VLJ_DLOOKUPREGISTER(158)  
VGETCMD:SHOW(417)  
VBROWSECMD:SHOW(713)  
HBM_CPAGAR(42)  
VEXECUTE:EXECFROMBUFF(526)  
VEXECUTE:EXECFROMPRG(209)  
HBMLOAD(28)  
(b)HBM_BOOTSTRAP(22)  
HBMENUSYS:EXECUTE(0)  
HBMENUSYS:MODAL(0)  
MENUMODAL(0)  
HBM_BOOTSTRAP(30)  
VEXECUTE:EXECFROMBUFF(526)  
VEXECUTE:EXECFROMPRG(209)  
HBMLOAD(28)  
HBMBOOTSTRAP(12)  
HBMSTART(6)  
MAIN(29)  
###################

20210801 - 23:15:08 >>  [INFO] Data base open successfully

# Called from : 
VSQLITE:OPEN(134)  
FQUERYTODBF(99)  
VLJ_DLOOKUPTODEFCONTROL(404)  
TUILOOKUP(57)  
VGETCMD:EXECLOOKUP(617)  
VGETCMD:SHOW(536)  
VBROWSECMD:SHOW(713)  
HBM_CPAGAR(42)  
VEXECUTE:EXECFROMBUFF(526)  
VEXECUTE:EXECFROMPRG(209)  
HBMLOAD(28)  
(b)HBM_BOOTSTRAP(22)  
HBMENUSYS:EXECUTE(0)  
HBMENUSYS:MODAL(0)  
MENUMODAL(0)  
HBM_BOOTSTRAP(30)  
VEXECUTE:EXECFROMBUFF(526)  
VEXECUTE:EXECFROMPRG(209)  
HBMLOAD(28)  
HBMBOOTSTRAP(12)  
HBMSTART(6)  
MAIN(29)  
###################

20210801 - 23:15:08 >>  [INFO] Data base open successfully

# Called from : 
FQUERYTODBF(103)  
VLJ_DLOOKUPTODEFCONTROL(404)  
TUILOOKUP(57)  
VGETCMD:EXECLOOKUP(617)  
VGETCMD:SHOW(536)  
VBROWSECMD:SHOW(713)  
HBM_CPAGAR(42)  
VEXECUTE:EXECFROMBUFF(526)  
VEXECUTE:EXECFROMPRG(209)  
HBMLOAD(28)  
(b)HBM_BOOTSTRAP(22)  
HBMENUSYS:EXECUTE(0)  
HBMENUSYS:MODAL(0)  
MENUMODAL(0)  
HBM_BOOTSTRAP(30)  
VEXECUTE:EXECFROMBUFF(526)  
VEXECUTE:EXECFROMPRG(209)  
HBMLOAD(28)  
HBMBOOTSTRAP(12)  
HBMSTART(6)  
MAIN(29)  
###################

20210801 - 23:15:08 >>  [INFO] Mounted query : SELECT * FROM FORNECEDOR WHERE ID=14 / Original : SELECT * FROM FORNECEDOR WHERE ID=14, nPage : 1, nLimit : 0

# Called from : 
VSQLITE:MOUNTQUERY(730)  
VSQLITE:EXECUTEQUERY(263)  
VSQLITE:EXECUTEQUERYTODBF(1250)  
FQUERYTODBF(118)  
VLJ_DLOOKUPTODEFCONTROL(404)  
TUILOOKUP(57)  
VGETCMD:EXECLOOKUP(617)  
VGETCMD:SHOW(536)  
VBROWSECMD:SHOW(713)  
HBM_CPAGAR(42)  
VEXECUTE:EXECFROMBUFF(526)  
VEXECUTE:EXECFROMPRG(209)  
HBMLOAD(28)  
(b)HBM_BOOTSTRAP(22)  
HBMENUSYS:EXECUTE(0)  
HBMENUSYS:MODAL(0)  
MENUMODAL(0)  
HBM_BOOTSTRAP(30)  
VEXECUTE:EXECFROMBUFF(526)  
VEXECUTE:EXECFROMPRG(209)  
HBMLOAD(28)  
HBMBOOTSTRAP(12)  
HBMSTART(6)  
MAIN(29)  
###################

20210801 - 23:15:08 >>  [INFO] Mounted query : SELECT * FROM FORNECEDOR WHERE ID=14 / Original : SELECT * FROM FORNECEDOR WHERE ID=14, nPage : 1, nLimit : 0

# Called from : 
FQUERYTODBF(121)  
VLJ_DLOOKUPTODEFCONTROL(404)  
TUILOOKUP(57)  
VGETCMD:EXECLOOKUP(617)  
VGETCMD:SHOW(536)  
VBROWSECMD:SHOW(713)  
HBM_CPAGAR(42)  
VEXECUTE:EXECFROMBUFF(526)  
VEXECUTE:EXECFROMPRG(209)  
HBMLOAD(28)  
(b)HBM_BOOTSTRAP(22)  
HBMENUSYS:EXECUTE(0)  
HBMENUSYS:MODAL(0)  
MENUMODAL(0)  
HBM_BOOTSTRAP(30)  
VEXECUTE:EXECFROMBUFF(526)  
VEXECUTE:EXECFROMPRG(209)  
HBMLOAD(28)  
HBMBOOTSTRAP(12)  
HBMSTART(6)  
MAIN(29)  
###################

20210801 - 23:15:08 >>  [INFO] Data base open successfully

# Called from : 
VSQLITE:OPEN(134)  
FQUERYTODBF(99)  
VLJ_DLOOKUPTODEFCONTROL(404)  
TUILOOKUP(57)  
VGETCMD:EXECLOOKUP(617)  
VGETCMD:SHOW(536)  
VBROWSECMD:SHOW(713)  
HBM_CPAGAR(42)  
VEXECUTE:EXECFROMBUFF(526)  
VEXECUTE:EXECFROMPRG(209)  
HBMLOAD(28)  
(b)HBM_BOOTSTRAP(22)  
HBMENUSYS:EXECUTE(0)  
HBMENUSYS:MODAL(0)  
MENUMODAL(0)  
HBM_BOOTSTRAP(30)  
VEXECUTE:EXECFROMBUFF(526)  
VEXECUTE:EXECFROMPRG(209)  
HBMLOAD(28)  
HBMBOOTSTRAP(12)  
HBMSTART(6)  
MAIN(29)  
###################

20210801 - 23:15:08 >>  [INFO] Data base open successfully

# Called from : 
FQUERYTODBF(103)  
VLJ_DLOOKUPTODEFCONTROL(404)  
TUILOOKUP(57)  
VGETCMD:EXECLOOKUP(617)  
VGETCMD:SHOW(536)  
VBROWSECMD:SHOW(713)  
HBM_CPAGAR(42)  
VEXECUTE:EXECFROMBUFF(526)  
VEXECUTE:EXECFROMPRG(209)  
HBMLOAD(28)  
(b)HBM_BOOTSTRAP(22)  
HBMENUSYS:EXECUTE(0)  
HBMENUSYS:MODAL(0)  
MENUMODAL(0)  
HBM_BOOTSTRAP(30)  
VEXECUTE:EXECFROMBUFF(526)  
VEXECUTE:EXECFROMPRG(209)  
HBMLOAD(28)  
HBMBOOTSTRAP(12)  
HBMSTART(6)  
MAIN(29)  
###################

20210801 - 23:15:08 >>  [INFO] Mounted query :         SELECT  id, nome as nome_conta          FROM conta WHERE tipoconta='D'  and ID=6 / Original :         SELECT  id, nome as nome_conta          FROM conta WHERE tipoconta='D'  and ID=6, nPage : 1, nLimit : 0

# Called from : 
VSQLITE:MOUNTQUERY(730)  
VSQLITE:EXECUTEQUERY(263)  
VSQLITE:EXECUTEQUERYTODBF(1250)  
FQUERYTODBF(118)  
VLJ_DLOOKUPTODEFCONTROL(404)  
TUILOOKUP(57)  
VGETCMD:EXECLOOKUP(617)  
VGETCMD:SHOW(536)  
VBROWSECMD:SHOW(713)  
HBM_CPAGAR(42)  
VEXECUTE:EXECFROMBUFF(526)  
VEXECUTE:EXECFROMPRG(209)  
HBMLOAD(28)  
(b)HBM_BOOTSTRAP(22)  
HBMENUSYS:EXECUTE(0)  
HBMENUSYS:MODAL(0)  
MENUMODAL(0)  
HBM_BOOTSTRAP(30)  
VEXECUTE:EXECFROMBUFF(526)  
VEXECUTE:EXECFROMPRG(209)  
HBMLOAD(28)  
HBMBOOTSTRAP(12)  
HBMSTART(6)  
MAIN(29)  
###################

20210801 - 23:15:08 >>  [INFO] Mounted query :         SELECT  id, nome as nome_conta          FROM conta WHERE tipoconta='D'  and ID=6 / Original :         SELECT  id, nome as nome_conta          FROM conta WHERE tipoconta='D'  and ID=6, nPage : 1, nLimit : 0

# Called from : 
FQUERYTODBF(121)  
VLJ_DLOOKUPTODEFCONTROL(404)  
TUILOOKUP(57)  
VGETCMD:EXECLOOKUP(617)  
VGETCMD:SHOW(536)  
VBROWSECMD:SHOW(713)  
HBM_CPAGAR(42)  
VEXECUTE:EXECFROMBUFF(526)  
VEXECUTE:EXECFROMPRG(209)  
HBMLOAD(28)  
(b)HBM_BOOTSTRAP(22)  
HBMENUSYS:EXECUTE(0)  
HBMENUSYS:MODAL(0)  
MENUMODAL(0)  
HBM_BOOTSTRAP(30)  
VEXECUTE:EXECFROMBUFF(526)  
VEXECUTE:EXECFROMPRG(209)  
HBMLOAD(28)  
HBMBOOTSTRAP(12)  
HBMSTART(6)  
MAIN(29)  
###################

20210801 - 23:15:41 >>  [INFO] Data base open successfully

# Called from : 
VSQLITE:OPEN(134)  
FQUERYTODBF(99)  
VBROWSECMD:OPEN(218)  
VBROWSECMD:REFRESH(1118)  
VBROWSECMD:SHOW(721)  
HBM_CPAGAR(42)  
VEXECUTE:EXECFROMBUFF(526)  
VEXECUTE:EXECFROMPRG(209)  
HBMLOAD(28)  
(b)HBM_BOOTSTRAP(22)  
HBMENUSYS:EXECUTE(0)  
HBMENUSYS:MODAL(0)  
MENUMODAL(0)  
HBM_BOOTSTRAP(30)  
VEXECUTE:EXECFROMBUFF(526)  
VEXECUTE:EXECFROMPRG(209)  
HBMLOAD(28)  
HBMBOOTSTRAP(12)  
HBMSTART(6)  
MAIN(29)  
###################

20210801 - 23:15:41 >>  [INFO] Data base open successfully

# Called from : 
FQUERYTODBF(103)  
VBROWSECMD:OPEN(218)  
VBROWSECMD:REFRESH(1118)  
VBROWSECMD:SHOW(721)  
HBM_CPAGAR(42)  
VEXECUTE:EXECFROMBUFF(526)  
VEXECUTE:EXECFROMPRG(209)  
HBMLOAD(28)  
(b)HBM_BOOTSTRAP(22)  
HBMENUSYS:EXECUTE(0)  
HBMENUSYS:MODAL(0)  
MENUMODAL(0)  
HBM_BOOTSTRAP(30)  
VEXECUTE:EXECFROMBUFF(526)  
VEXECUTE:EXECFROMPRG(209)  
HBMLOAD(28)  
HBMBOOTSTRAP(12)  
HBMSTART(6)  
MAIN(29)  
###################

20210801 - 23:15:41 >>  [INFO] Mounted query :         SELECT  a.id, a.fornecedor_id, a.conta_id, a.dataVencimento,                 a.dataConta, a.valor, a.descricao, a.obs,                b.nome as nome_fornecedor , c.nome as nome_conta        FROM cpagar as a        INNER JOIN fornecedor as b ON a.fornecedor_id=b.id         INNER JOIN conta as c ON a.conta_id = c.id WHERE 1=1  LIMIT 9 OFFSET 0 / Original :         SELECT  a.id, a.fornecedor_id, a.conta_id, a.dataVencimento,                 a.dataConta, a.valor, a.descricao, a.obs,                b.nome as nome_fornecedor , c.nome as nome_conta        FROM cpagar as a        INNER JOIN fornecedor as b ON a.fornecedor_id=b.id         INNER JOIN conta as c ON a.conta_id = c.id WHERE 1=1 , nPage : 1, nLimit : 9

# Called from : 
VSQLITE:MOUNTQUERY(730)  
VSQLITE:EXECUTEQUERY(263)  
VSQLITE:EXECUTEQUERYTODBF(1250)  
FQUERYTODBF(118)  
VBROWSECMD:OPEN(218)  
VBROWSECMD:REFRESH(1118)  
VBROWSECMD:SHOW(721)  
HBM_CPAGAR(42)  
VEXECUTE:EXECFROMBUFF(526)  
VEXECUTE:EXECFROMPRG(209)  
HBMLOAD(28)  
(b)HBM_BOOTSTRAP(22)  
HBMENUSYS:EXECUTE(0)  
HBMENUSYS:MODAL(0)  
MENUMODAL(0)  
HBM_BOOTSTRAP(30)  
VEXECUTE:EXECFROMBUFF(526)  
VEXECUTE:EXECFROMPRG(209)  
HBMLOAD(28)  
HBMBOOTSTRAP(12)  
HBMSTART(6)  
MAIN(29)  
###################

20210801 - 23:15:42 >>  [INFO] Mounted query :         SELECT  a.id, a.fornecedor_id, a.conta_id, a.dataVencimento,                 a.dataConta, a.valor, a.descricao, a.obs,                b.nome as nome_fornecedor , c.nome as nome_conta        FROM cpagar as a        INNER JOIN fornecedor as b ON a.fornecedor_id=b.id         INNER JOIN conta as c ON a.conta_id = c.id WHERE 1=1  LIMIT 9 OFFSET 0 / Original :         SELECT  a.id, a.fornecedor_id, a.conta_id, a.dataVencimento,                 a.dataConta, a.valor, a.descricao, a.obs,                b.nome as nome_fornecedor , c.nome as nome_conta        FROM cpagar as a        INNER JOIN fornecedor as b ON a.fornecedor_id=b.id         INNER JOIN conta as c ON a.conta_id = c.id WHERE 1=1 , nPage : 1, nLimit : 9

# Called from : 
FQUERYTODBF(121)  
VBROWSECMD:OPEN(218)  
VBROWSECMD:REFRESH(1118)  
VBROWSECMD:SHOW(721)  
HBM_CPAGAR(42)  
VEXECUTE:EXECFROMBUFF(526)  
VEXECUTE:EXECFROMPRG(209)  
HBMLOAD(28)  
(b)HBM_BOOTSTRAP(22)  
HBMENUSYS:EXECUTE(0)  
HBMENUSYS:MODAL(0)  
MENUMODAL(0)  
HBM_BOOTSTRAP(30)  
VEXECUTE:EXECFROMBUFF(526)  
VEXECUTE:EXECFROMPRG(209)  
HBMLOAD(28)  
HBMBOOTSTRAP(12)  
HBMSTART(6)  
MAIN(29)  
###################

20210801 - 23:15:43 >>  [INFO] After execute with return : NIL

# Called from : 
VEXECUTE:EXECFROMBUFF(527)  
VEXECUTE:EXECFROMPRG(209)  
HBMLOAD(28)  
(b)HBM_BOOTSTRAP(22)  
HBMENUSYS:EXECUTE(0)  
HBMENUSYS:MODAL(0)  
MENUMODAL(0)  
HBM_BOOTSTRAP(30)  
VEXECUTE:EXECFROMBUFF(526)  
VEXECUTE:EXECFROMPRG(209)  
HBMLOAD(28)  
HBMBOOTSTRAP(12)  
HBMSTART(6)  
MAIN(29)  
###################

20210801 - 23:15:43 >>  [INFO] After send buffer to execute

# Called from : 
VEXECUTE:EXECFROMPRG(210)  
HBMLOAD(28)  
(b)HBM_BOOTSTRAP(22)  
HBMENUSYS:EXECUTE(0)  
HBMENUSYS:MODAL(0)  
MENUMODAL(0)  
HBM_BOOTSTRAP(30)  
VEXECUTE:EXECFROMBUFF(526)  
VEXECUTE:EXECFROMPRG(209)  
HBMLOAD(28)  
HBMBOOTSTRAP(12)  
HBMSTART(6)  
MAIN(29)  
###################

20210801 - 23:15:46 >>  [INFO] After execute with return : NIL

# Called from : 
VEXECUTE:EXECFROMBUFF(527)  
VEXECUTE:EXECFROMPRG(209)  
HBMLOAD(28)  
HBMBOOTSTRAP(12)  
HBMSTART(6)  
MAIN(29)  
###################

20210801 - 23:15:46 >>  [INFO] After send buffer to execute

# Called from : 
VEXECUTE:EXECFROMPRG(210)  
HBMLOAD(28)  
HBMBOOTSTRAP(12)  
HBMSTART(6)  
MAIN(29)  
###################

