***************************** BEGIN LOG HEADER ************************************
File created at : 20210802 02:26:17
***************************** END LOG HEADER **************************************

20210802 - 02:26:17 >>  [INFO] Data base open successfully

# Called from : 
VSQLITE:OPEN(134)  
FQUERYTODBF(99)  
HBM_CGI(29)  
HB_HRBRUN(0)  
VEXECUTE:EXECFROMCGI(443)  
EXECCGI(86)  
MAIN(77)  
###################

20210802 - 02:26:17 >>  [INFO] Data base open successfully

# Called from : 
FQUERYTODBF(103)  
HBM_CGI(29)  
HB_HRBRUN(0)  
VEXECUTE:EXECFROMCGI(443)  
EXECCGI(86)  
MAIN(77)  
###################

20210802 - 02:26:17 >>  [INFO] Mounted query : SELECT * FROM EMP / Original : SELECT * FROM EMP, nPage : 1, nLimit : 0

# Called from : 
VSQLITE:MOUNTQUERY(730)  
VSQLITE:EXECUTEQUERY(263)  
VSQLITE:EXECUTEQUERYTODBF(1250)  
FQUERYTODBF(118)  
HBM_CGI(29)  
HB_HRBRUN(0)  
VEXECUTE:EXECFROMCGI(443)  
EXECCGI(86)  
MAIN(77)  
###################

20210802 - 02:26:17 >>  [INFO] Mounted query : SELECT * FROM EMP / Original : SELECT * FROM EMP, nPage : 1, nLimit : 0

# Called from : 
FQUERYTODBF(121)  
HBM_CGI(29)  
HB_HRBRUN(0)  
VEXECUTE:EXECFROMCGI(443)  
EXECCGI(86)  
MAIN(77)  
###################

20210802 - 02:26:36 >>  [INFO] {VPOSTGRESQL:OPEN(150)}Database (PGSQL) openned successfully

# Called from : 
VPOSTGRESQL:OPEN(150)  
FQUERYTODBF(99)  
HBM_CGI(14)  
HB_HRBRUN(0)  
VEXECUTE:EXECFROMCGI(443)  
EXECCGI(86)  
MAIN(77)  
###################

20210802 - 02:26:36 >>  [INFO] Database (PGSQL) openned successfully

# Called from : 
FQUERYTODBF(103)  
HBM_CGI(14)  
HB_HRBRUN(0)  
VEXECUTE:EXECFROMCGI(443)  
EXECCGI(86)  
MAIN(77)  
###################

20210802 - 02:26:36 >>  [INFO] Mounted query : SELECT * FROM EMP / Original : SELECT * FROM EMP, nPage : 1, nLimit : 0

# Called from : 
VPOSTGRESQL:MOUNTQUERY(730)  
VPOSTGRESQL:EXECUTEQUERY(252)  
VPOSTGRESQL:EXECUTEQUERYTODBF(1250)  
FQUERYTODBF(118)  
HBM_CGI(14)  
HB_HRBRUN(0)  
VEXECUTE:EXECFROMCGI(443)  
EXECCGI(86)  
MAIN(77)  
###################

20210802 - 02:26:37 >>  [INFO] Mounted query : SELECT * FROM EMP / Original : SELECT * FROM EMP, nPage : 1, nLimit : 0

# Called from : 
FQUERYTODBF(121)  
HBM_CGI(14)  
HB_HRBRUN(0)  
VEXECUTE:EXECFROMCGI(443)  
EXECCGI(86)  
MAIN(77)  
###################

20210802 - 02:27:41 >>  [INFO] {VPOSTGRESQL:OPEN(150)}Database (PGSQL) openned successfully

# Called from : 
VPOSTGRESQL:OPEN(150)  
FQUERYTODBF(99)  
HBM_CGI(14)  
HB_HRBRUN(0)  
VEXECUTE:EXECFROMCGI(443)  
EXECCGI(86)  
MAIN(77)  
###################

20210802 - 02:27:41 >>  [INFO] Database (PGSQL) openned successfully

# Called from : 
FQUERYTODBF(103)  
HBM_CGI(14)  
HB_HRBRUN(0)  
VEXECUTE:EXECFROMCGI(443)  
EXECCGI(86)  
MAIN(77)  
###################

20210802 - 02:27:41 >>  [INFO] Mounted query : SELECT * FROM EMP / Original : SELECT * FROM EMP, nPage : 1, nLimit : 0

# Called from : 
VPOSTGRESQL:MOUNTQUERY(730)  
VPOSTGRESQL:EXECUTEQUERY(252)  
VPOSTGRESQL:EXECUTEQUERYTODBF(1250)  
FQUERYTODBF(118)  
HBM_CGI(14)  
HB_HRBRUN(0)  
VEXECUTE:EXECFROMCGI(443)  
EXECCGI(86)  
MAIN(77)  
###################

20210802 - 02:27:41 >>  [INFO] Mounted query : SELECT * FROM EMP / Original : SELECT * FROM EMP, nPage : 1, nLimit : 0

# Called from : 
FQUERYTODBF(121)  
HBM_CGI(14)  
HB_HRBRUN(0)  
VEXECUTE:EXECFROMCGI(443)  
EXECCGI(86)  
MAIN(77)  
###################

20210802 - 02:28:13 >>  [INFO] {VPOSTGRESQL:OPEN(150)}Database (PGSQL) openned successfully

# Called from : 
VPOSTGRESQL:OPEN(150)  
FQUERYTODBF(99)  
HBM_CGI(14)  
HB_HRBRUN(0)  
VEXECUTE:EXECFROMCGI(443)  
EXECCGI(86)  
MAIN(77)  
###################

20210802 - 02:28:13 >>  [INFO] Database (PGSQL) openned successfully

# Called from : 
FQUERYTODBF(103)  
HBM_CGI(14)  
HB_HRBRUN(0)  
VEXECUTE:EXECFROMCGI(443)  
EXECCGI(86)  
MAIN(77)  
###################

20210802 - 02:28:13 >>  [INFO] Mounted query : SELECT * FROM EMP / Original : SELECT * FROM EMP, nPage : 1, nLimit : 0

# Called from : 
VPOSTGRESQL:MOUNTQUERY(730)  
VPOSTGRESQL:EXECUTEQUERY(252)  
VPOSTGRESQL:EXECUTEQUERYTODBF(1250)  
FQUERYTODBF(118)  
HBM_CGI(14)  
HB_HRBRUN(0)  
VEXECUTE:EXECFROMCGI(443)  
EXECCGI(86)  
MAIN(77)  
###################

20210802 - 02:28:13 >>  [INFO] Mounted query : SELECT * FROM EMP / Original : SELECT * FROM EMP, nPage : 1, nLimit : 0

# Called from : 
FQUERYTODBF(121)  
HBM_CGI(14)  
HB_HRBRUN(0)  
VEXECUTE:EXECFROMCGI(443)  
EXECCGI(86)  
MAIN(77)  
###################

20210802 - 02:28:28 >>  [INFO] {VPOSTGRESQL:OPEN(150)}Database (PGSQL) openned successfully

# Called from : 
VPOSTGRESQL:OPEN(150)  
FQUERYTODBF(99)  
HBM_CGI(14)  
HB_HRBRUN(0)  
VEXECUTE:EXECFROMCGI(443)  
EXECCGI(86)  
MAIN(77)  
###################

20210802 - 02:28:28 >>  [INFO] Database (PGSQL) openned successfully

# Called from : 
FQUERYTODBF(103)  
HBM_CGI(14)  
HB_HRBRUN(0)  
VEXECUTE:EXECFROMCGI(443)  
EXECCGI(86)  
MAIN(77)  
###################

20210802 - 02:28:28 >>  [INFO] Mounted query : SELECT * FROM EMP / Original : SELECT * FROM EMP, nPage : 1, nLimit : 0

# Called from : 
VPOSTGRESQL:MOUNTQUERY(730)  
VPOSTGRESQL:EXECUTEQUERY(252)  
VPOSTGRESQL:EXECUTEQUERYTODBF(1250)  
FQUERYTODBF(118)  
HBM_CGI(14)  
HB_HRBRUN(0)  
VEXECUTE:EXECFROMCGI(443)  
EXECCGI(86)  
MAIN(77)  
###################

20210802 - 02:28:28 >>  [INFO] Mounted query : SELECT * FROM EMP / Original : SELECT * FROM EMP, nPage : 1, nLimit : 0

# Called from : 
FQUERYTODBF(121)  
HBM_CGI(14)  
HB_HRBRUN(0)  
VEXECUTE:EXECFROMCGI(443)  
EXECCGI(86)  
MAIN(77)  
###################

20210802 - 02:28:58 >>  [INFO] {VPOSTGRESQL:OPEN(150)}Database (PGSQL) openned successfully

# Called from : 
VPOSTGRESQL:OPEN(150)  
FQUERYTODBF(99)  
HBM_CGI(15)  
HB_HRBRUN(0)  
VEXECUTE:EXECFROMCGI(443)  
EXECCGI(86)  
MAIN(77)  
###################

20210802 - 02:28:58 >>  [INFO] Database (PGSQL) openned successfully

# Called from : 
FQUERYTODBF(103)  
HBM_CGI(15)  
HB_HRBRUN(0)  
VEXECUTE:EXECFROMCGI(443)  
EXECCGI(86)  
MAIN(77)  
###################

20210802 - 02:28:58 >>  [INFO] Mounted query : SELECT * FROM EMP / Original : SELECT * FROM EMP, nPage : 1, nLimit : 0

# Called from : 
VPOSTGRESQL:MOUNTQUERY(730)  
VPOSTGRESQL:EXECUTEQUERY(252)  
VPOSTGRESQL:EXECUTEQUERYTODBF(1250)  
FQUERYTODBF(118)  
HBM_CGI(15)  
HB_HRBRUN(0)  
VEXECUTE:EXECFROMCGI(443)  
EXECCGI(86)  
MAIN(77)  
###################

20210802 - 02:28:58 >>  [INFO] Mounted query : SELECT * FROM EMP / Original : SELECT * FROM EMP, nPage : 1, nLimit : 0

# Called from : 
FQUERYTODBF(121)  
HBM_CGI(15)  
HB_HRBRUN(0)  
VEXECUTE:EXECFROMCGI(443)  
EXECCGI(86)  
MAIN(77)  
###################

20210802 - 02:29:25 >>  [INFO] {VPOSTGRESQL:OPEN(150)}Database (PGSQL) openned successfully

# Called from : 
VPOSTGRESQL:OPEN(150)  
FQUERYTODBF(99)  
HBM_CGI(15)  
HB_HRBRUN(0)  
VEXECUTE:EXECFROMCGI(443)  
EXECCGI(86)  
MAIN(77)  
###################

20210802 - 02:29:25 >>  [INFO] Database (PGSQL) openned successfully

# Called from : 
FQUERYTODBF(103)  
HBM_CGI(15)  
HB_HRBRUN(0)  
VEXECUTE:EXECFROMCGI(443)  
EXECCGI(86)  
MAIN(77)  
###################

20210802 - 02:29:25 >>  [INFO] Mounted query : SELECT * FROM EMP / Original : SELECT * FROM EMP, nPage : 1, nLimit : 0

# Called from : 
VPOSTGRESQL:MOUNTQUERY(730)  
VPOSTGRESQL:EXECUTEQUERY(252)  
VPOSTGRESQL:EXECUTEQUERYTODBF(1250)  
FQUERYTODBF(118)  
HBM_CGI(15)  
HB_HRBRUN(0)  
VEXECUTE:EXECFROMCGI(443)  
EXECCGI(86)  
MAIN(77)  
###################

20210802 - 02:29:25 >>  [INFO] Mounted query : SELECT * FROM EMP / Original : SELECT * FROM EMP, nPage : 1, nLimit : 0

# Called from : 
FQUERYTODBF(121)  
HBM_CGI(15)  
HB_HRBRUN(0)  
VEXECUTE:EXECFROMCGI(443)  
EXECCGI(86)  
MAIN(77)  
###################

20210802 - 02:30:05 >>  [INFO] {VPOSTGRESQL:OPEN(150)}Database (PGSQL) openned successfully

# Called from : 
VPOSTGRESQL:OPEN(150)  
FQUERYTODBF(99)  
HBM_CGI(15)  
HB_HRBRUN(0)  
VEXECUTE:EXECFROMCGI(443)  
EXECCGI(86)  
MAIN(77)  
###################

20210802 - 02:30:05 >>  [INFO] Database (PGSQL) openned successfully

# Called from : 
FQUERYTODBF(103)  
HBM_CGI(15)  
HB_HRBRUN(0)  
VEXECUTE:EXECFROMCGI(443)  
EXECCGI(86)  
MAIN(77)  
###################

20210802 - 02:30:05 >>  [INFO] Mounted query : SELECT * FROM EMP / Original : SELECT * FROM EMP, nPage : 1, nLimit : 0

# Called from : 
VPOSTGRESQL:MOUNTQUERY(730)  
VPOSTGRESQL:EXECUTEQUERY(252)  
VPOSTGRESQL:EXECUTEQUERYTODBF(1250)  
FQUERYTODBF(118)  
HBM_CGI(15)  
HB_HRBRUN(0)  
VEXECUTE:EXECFROMCGI(443)  
EXECCGI(86)  
MAIN(77)  
###################

20210802 - 02:30:05 >>  [INFO] Mounted query : SELECT * FROM EMP / Original : SELECT * FROM EMP, nPage : 1, nLimit : 0

# Called from : 
FQUERYTODBF(121)  
HBM_CGI(15)  
HB_HRBRUN(0)  
VEXECUTE:EXECFROMCGI(443)  
EXECCGI(86)  
MAIN(77)  
###################

20210802 - 02:30:15 >>  [INFO] {VPOSTGRESQL:OPEN(150)}Database (PGSQL) openned successfully

# Called from : 
VPOSTGRESQL:OPEN(150)  
FQUERYTODBF(99)  
HBM_CGI(15)  
HB_HRBRUN(0)  
VEXECUTE:EXECFROMCGI(443)  
EXECCGI(86)  
MAIN(77)  
###################

20210802 - 02:30:15 >>  [INFO] Database (PGSQL) openned successfully

# Called from : 
FQUERYTODBF(103)  
HBM_CGI(15)  
HB_HRBRUN(0)  
VEXECUTE:EXECFROMCGI(443)  
EXECCGI(86)  
MAIN(77)  
###################

20210802 - 02:30:15 >>  [INFO] Mounted query : SELECT * FROM EMP / Original : SELECT * FROM EMP, nPage : 1, nLimit : 0

# Called from : 
VPOSTGRESQL:MOUNTQUERY(730)  
VPOSTGRESQL:EXECUTEQUERY(252)  
VPOSTGRESQL:EXECUTEQUERYTODBF(1250)  
FQUERYTODBF(118)  
HBM_CGI(15)  
HB_HRBRUN(0)  
VEXECUTE:EXECFROMCGI(443)  
EXECCGI(86)  
MAIN(77)  
###################

20210802 - 02:30:15 >>  [INFO] Mounted query : SELECT * FROM EMP / Original : SELECT * FROM EMP, nPage : 1, nLimit : 0

# Called from : 
FQUERYTODBF(121)  
HBM_CGI(15)  
HB_HRBRUN(0)  
VEXECUTE:EXECFROMCGI(443)  
EXECCGI(86)  
MAIN(77)  
###################

20210802 - 02:30:21 >>  [INFO] {VPOSTGRESQL:OPEN(150)}Database (PGSQL) openned successfully

# Called from : 
VPOSTGRESQL:OPEN(150)  
FQUERYTODBF(99)  
HBM_CGI(15)  
HB_HRBRUN(0)  
VEXECUTE:EXECFROMCGI(443)  
EXECCGI(86)  
MAIN(77)  
###################

20210802 - 02:30:21 >>  [INFO] Database (PGSQL) openned successfully

# Called from : 
FQUERYTODBF(103)  
HBM_CGI(15)  
HB_HRBRUN(0)  
VEXECUTE:EXECFROMCGI(443)  
EXECCGI(86)  
MAIN(77)  
###################

20210802 - 02:30:21 >>  [INFO] Mounted query : SELECT * FROM EMP / Original : SELECT * FROM EMP, nPage : 1, nLimit : 0

# Called from : 
VPOSTGRESQL:MOUNTQUERY(730)  
VPOSTGRESQL:EXECUTEQUERY(252)  
VPOSTGRESQL:EXECUTEQUERYTODBF(1250)  
FQUERYTODBF(118)  
HBM_CGI(15)  
HB_HRBRUN(0)  
VEXECUTE:EXECFROMCGI(443)  
EXECCGI(86)  
MAIN(77)  
###################

20210802 - 02:30:21 >>  [INFO] Mounted query : SELECT * FROM EMP / Original : SELECT * FROM EMP, nPage : 1, nLimit : 0

# Called from : 
FQUERYTODBF(121)  
HBM_CGI(15)  
HB_HRBRUN(0)  
VEXECUTE:EXECFROMCGI(443)  
EXECCGI(86)  
MAIN(77)  
###################

20210802 - 02:30:33 >>  [INFO] {VPOSTGRESQL:OPEN(150)}Database (PGSQL) openned successfully

# Called from : 
VPOSTGRESQL:OPEN(150)  
FQUERYTODBF(99)  
HBM_CGI(15)  
HB_HRBRUN(0)  
VEXECUTE:EXECFROMCGI(443)  
EXECCGI(86)  
MAIN(77)  
###################

20210802 - 02:30:33 >>  [INFO] Database (PGSQL) openned successfully

# Called from : 
FQUERYTODBF(103)  
HBM_CGI(15)  
HB_HRBRUN(0)  
VEXECUTE:EXECFROMCGI(443)  
EXECCGI(86)  
MAIN(77)  
###################

20210802 - 02:30:33 >>  [INFO] Mounted query : SELECT * FROM EMP / Original : SELECT * FROM EMP, nPage : 1, nLimit : 0

# Called from : 
VPOSTGRESQL:MOUNTQUERY(730)  
VPOSTGRESQL:EXECUTEQUERY(252)  
VPOSTGRESQL:EXECUTEQUERYTODBF(1250)  
FQUERYTODBF(118)  
HBM_CGI(15)  
HB_HRBRUN(0)  
VEXECUTE:EXECFROMCGI(443)  
EXECCGI(86)  
MAIN(77)  
###################

20210802 - 02:30:33 >>  [INFO] Mounted query : SELECT * FROM EMP / Original : SELECT * FROM EMP, nPage : 1, nLimit : 0

# Called from : 
FQUERYTODBF(121)  
HBM_CGI(15)  
HB_HRBRUN(0)  
VEXECUTE:EXECFROMCGI(443)  
EXECCGI(86)  
MAIN(77)  
###################

20210802 - 02:32:19 >>  [INFO] {VPOSTGRESQL:OPEN(150)}Database (PGSQL) openned successfully

# Called from : 
VPOSTGRESQL:OPEN(150)  
FQUERYTODBF(99)  
HBM_CGI(15)  
HB_HRBRUN(0)  
VEXECUTE:EXECFROMCGI(443)  
EXECCGI(86)  
MAIN(77)  
###################

20210802 - 02:32:19 >>  [INFO] Database (PGSQL) openned successfully

# Called from : 
FQUERYTODBF(103)  
HBM_CGI(15)  
HB_HRBRUN(0)  
VEXECUTE:EXECFROMCGI(443)  
EXECCGI(86)  
MAIN(77)  
###################

20210802 - 02:32:19 >>  [INFO] Mounted query : SELECT * FROM EMP / Original : SELECT * FROM EMP, nPage : 1, nLimit : 0

# Called from : 
VPOSTGRESQL:MOUNTQUERY(730)  
VPOSTGRESQL:EXECUTEQUERY(252)  
VPOSTGRESQL:EXECUTEQUERYTODBF(1250)  
FQUERYTODBF(118)  
HBM_CGI(15)  
HB_HRBRUN(0)  
VEXECUTE:EXECFROMCGI(443)  
EXECCGI(86)  
MAIN(77)  
###################

20210802 - 02:32:19 >>  [INFO] Mounted query : SELECT * FROM EMP / Original : SELECT * FROM EMP, nPage : 1, nLimit : 0

# Called from : 
FQUERYTODBF(121)  
HBM_CGI(15)  
HB_HRBRUN(0)  
VEXECUTE:EXECFROMCGI(443)  
EXECCGI(86)  
MAIN(77)  
###################

20210802 - 02:32:21 >>  [INFO] {VPOSTGRESQL:OPEN(150)}Database (PGSQL) openned successfully

# Called from : 
VPOSTGRESQL:OPEN(150)  
FQUERYTODBF(99)  
HBM_CGI(15)  
HB_HRBRUN(0)  
VEXECUTE:EXECFROMCGI(443)  
EXECCGI(86)  
MAIN(77)  
###################

20210802 - 02:32:21 >>  [INFO] Database (PGSQL) openned successfully

# Called from : 
FQUERYTODBF(103)  
HBM_CGI(15)  
HB_HRBRUN(0)  
VEXECUTE:EXECFROMCGI(443)  
EXECCGI(86)  
MAIN(77)  
###################

20210802 - 02:32:21 >>  [INFO] Mounted query : SELECT * FROM EMP / Original : SELECT * FROM EMP, nPage : 1, nLimit : 0

# Called from : 
VPOSTGRESQL:MOUNTQUERY(730)  
VPOSTGRESQL:EXECUTEQUERY(252)  
VPOSTGRESQL:EXECUTEQUERYTODBF(1250)  
FQUERYTODBF(118)  
HBM_CGI(15)  
HB_HRBRUN(0)  
VEXECUTE:EXECFROMCGI(443)  
EXECCGI(86)  
MAIN(77)  
###################

20210802 - 02:32:21 >>  [INFO] Mounted query : SELECT * FROM EMP / Original : SELECT * FROM EMP, nPage : 1, nLimit : 0

# Called from : 
FQUERYTODBF(121)  
HBM_CGI(15)  
HB_HRBRUN(0)  
VEXECUTE:EXECFROMCGI(443)  
EXECCGI(86)  
MAIN(77)  
###################

20210802 - 02:32:54 >>  [INFO] {VPOSTGRESQL:OPEN(150)}Database (PGSQL) openned successfully

# Called from : 
VPOSTGRESQL:OPEN(150)  
FQUERYTODBF(99)  
HBM_CGI(15)  
HB_HRBRUN(0)  
VEXECUTE:EXECFROMCGI(443)  
EXECCGI(86)  
MAIN(77)  
###################

20210802 - 02:32:54 >>  [INFO] Database (PGSQL) openned successfully

# Called from : 
FQUERYTODBF(103)  
HBM_CGI(15)  
HB_HRBRUN(0)  
VEXECUTE:EXECFROMCGI(443)  
EXECCGI(86)  
MAIN(77)  
###################

20210802 - 02:32:54 >>  [INFO] Mounted query : SELECT * FROM EMP / Original : SELECT * FROM EMP, nPage : 1, nLimit : 0

# Called from : 
VPOSTGRESQL:MOUNTQUERY(730)  
VPOSTGRESQL:EXECUTEQUERY(252)  
VPOSTGRESQL:EXECUTEQUERYTODBF(1250)  
FQUERYTODBF(118)  
HBM_CGI(15)  
HB_HRBRUN(0)  
VEXECUTE:EXECFROMCGI(443)  
EXECCGI(86)  
MAIN(77)  
###################

20210802 - 02:32:54 >>  [INFO] Mounted query : SELECT * FROM EMP / Original : SELECT * FROM EMP, nPage : 1, nLimit : 0

# Called from : 
FQUERYTODBF(121)  
HBM_CGI(15)  
HB_HRBRUN(0)  
VEXECUTE:EXECFROMCGI(443)  
EXECCGI(86)  
MAIN(77)  
###################

20210802 - 02:32:58 >>  [INFO] {VPOSTGRESQL:OPEN(150)}Database (PGSQL) openned successfully

# Called from : 
VPOSTGRESQL:OPEN(150)  
FQUERYTODBF(99)  
HBM_CGI(15)  
HB_HRBRUN(0)  
VEXECUTE:EXECFROMCGI(443)  
EXECCGI(86)  
MAIN(77)  
###################

20210802 - 02:32:58 >>  [INFO] Database (PGSQL) openned successfully

# Called from : 
FQUERYTODBF(103)  
HBM_CGI(15)  
HB_HRBRUN(0)  
VEXECUTE:EXECFROMCGI(443)  
EXECCGI(86)  
MAIN(77)  
###################

20210802 - 02:32:58 >>  [INFO] Mounted query : SELECT * FROM EMP / Original : SELECT * FROM EMP, nPage : 1, nLimit : 0

# Called from : 
VPOSTGRESQL:MOUNTQUERY(730)  
VPOSTGRESQL:EXECUTEQUERY(252)  
VPOSTGRESQL:EXECUTEQUERYTODBF(1250)  
FQUERYTODBF(118)  
HBM_CGI(15)  
HB_HRBRUN(0)  
VEXECUTE:EXECFROMCGI(443)  
EXECCGI(86)  
MAIN(77)  
###################

20210802 - 02:32:58 >>  [INFO] Mounted query : SELECT * FROM EMP / Original : SELECT * FROM EMP, nPage : 1, nLimit : 0

# Called from : 
FQUERYTODBF(121)  
HBM_CGI(15)  
HB_HRBRUN(0)  
VEXECUTE:EXECFROMCGI(443)  
EXECCGI(86)  
MAIN(77)  
###################

20210802 - 02:33:12 >>  [INFO] {VPOSTGRESQL:OPEN(150)}Database (PGSQL) openned successfully

# Called from : 
VPOSTGRESQL:OPEN(150)  
FQUERYTODBF(99)  
HBM_CGI(15)  
HB_HRBRUN(0)  
VEXECUTE:EXECFROMCGI(443)  
EXECCGI(86)  
MAIN(77)  
###################

20210802 - 02:33:12 >>  [INFO] Database (PGSQL) openned successfully

# Called from : 
FQUERYTODBF(103)  
HBM_CGI(15)  
HB_HRBRUN(0)  
VEXECUTE:EXECFROMCGI(443)  
EXECCGI(86)  
MAIN(77)  
###################

20210802 - 02:33:12 >>  [INFO] Mounted query : SELECT * FROM EMP / Original : SELECT * FROM EMP, nPage : 1, nLimit : 0

# Called from : 
VPOSTGRESQL:MOUNTQUERY(730)  
VPOSTGRESQL:EXECUTEQUERY(252)  
VPOSTGRESQL:EXECUTEQUERYTODBF(1250)  
FQUERYTODBF(118)  
HBM_CGI(15)  
HB_HRBRUN(0)  
VEXECUTE:EXECFROMCGI(443)  
EXECCGI(86)  
MAIN(77)  
###################

20210802 - 02:33:12 >>  [INFO] Mounted query : SELECT * FROM EMP / Original : SELECT * FROM EMP, nPage : 1, nLimit : 0

# Called from : 
FQUERYTODBF(121)  
HBM_CGI(15)  
HB_HRBRUN(0)  
VEXECUTE:EXECFROMCGI(443)  
EXECCGI(86)  
MAIN(77)  
###################

20210802 - 02:33:20 >>  [INFO] {VPOSTGRESQL:OPEN(150)}Database (PGSQL) openned successfully

# Called from : 
VPOSTGRESQL:OPEN(150)  
FQUERYTODBF(99)  
HBM_CGI(15)  
HB_HRBRUN(0)  
VEXECUTE:EXECFROMCGI(443)  
EXECCGI(86)  
MAIN(77)  
###################

20210802 - 02:33:20 >>  [INFO] Database (PGSQL) openned successfully

# Called from : 
FQUERYTODBF(103)  
HBM_CGI(15)  
HB_HRBRUN(0)  
VEXECUTE:EXECFROMCGI(443)  
EXECCGI(86)  
MAIN(77)  
###################

20210802 - 02:33:20 >>  [INFO] Mounted query : SELECT * FROM EMP / Original : SELECT * FROM EMP, nPage : 1, nLimit : 0

# Called from : 
VPOSTGRESQL:MOUNTQUERY(730)  
VPOSTGRESQL:EXECUTEQUERY(252)  
VPOSTGRESQL:EXECUTEQUERYTODBF(1250)  
FQUERYTODBF(118)  
HBM_CGI(15)  
HB_HRBRUN(0)  
VEXECUTE:EXECFROMCGI(443)  
EXECCGI(86)  
MAIN(77)  
###################

20210802 - 02:33:20 >>  [INFO] Mounted query : SELECT * FROM EMP / Original : SELECT * FROM EMP, nPage : 1, nLimit : 0

# Called from : 
FQUERYTODBF(121)  
HBM_CGI(15)  
HB_HRBRUN(0)  
VEXECUTE:EXECFROMCGI(443)  
EXECCGI(86)  
MAIN(77)  
###################

20210802 - 02:39:54 >>  [INFO] {VPOSTGRESQL:OPEN(150)}Database (PGSQL) openned successfully

# Called from : 
VPOSTGRESQL:OPEN(150)  
FQUERYTODBF(99)  
HBM_CGI(15)  
HB_HRBRUN(0)  
VEXECUTE:EXECFROMCGI(443)  
EXECCGI(86)  
MAIN(77)  
###################

20210802 - 02:39:54 >>  [INFO] Database (PGSQL) openned successfully

# Called from : 
FQUERYTODBF(103)  
HBM_CGI(15)  
HB_HRBRUN(0)  
VEXECUTE:EXECFROMCGI(443)  
EXECCGI(86)  
MAIN(77)  
###################

20210802 - 02:39:54 >>  [INFO] Mounted query : SELECT * FROM EMP / Original : SELECT * FROM EMP, nPage : 1, nLimit : 0

# Called from : 
VPOSTGRESQL:MOUNTQUERY(730)  
VPOSTGRESQL:EXECUTEQUERY(252)  
VPOSTGRESQL:EXECUTEQUERYTODBF(1250)  
FQUERYTODBF(118)  
HBM_CGI(15)  
HB_HRBRUN(0)  
VEXECUTE:EXECFROMCGI(443)  
EXECCGI(86)  
MAIN(77)  
###################

20210802 - 02:39:54 >>  [INFO] Mounted query : SELECT * FROM EMP / Original : SELECT * FROM EMP, nPage : 1, nLimit : 0

# Called from : 
FQUERYTODBF(121)  
HBM_CGI(15)  
HB_HRBRUN(0)  
VEXECUTE:EXECFROMCGI(443)  
EXECCGI(86)  
MAIN(77)  
###################

20210802 - 02:40:03 >>  [INFO] {VPOSTGRESQL:OPEN(150)}Database (PGSQL) openned successfully

# Called from : 
VPOSTGRESQL:OPEN(150)  
FQUERYTODBF(99)  
HBM_CGI(15)  
HB_HRBRUN(0)  
VEXECUTE:EXECFROMCGI(443)  
EXECCGI(86)  
MAIN(77)  
###################

20210802 - 02:40:03 >>  [INFO] Database (PGSQL) openned successfully

# Called from : 
FQUERYTODBF(103)  
HBM_CGI(15)  
HB_HRBRUN(0)  
VEXECUTE:EXECFROMCGI(443)  
EXECCGI(86)  
MAIN(77)  
###################

20210802 - 02:40:03 >>  [INFO] Mounted query : SELECT * FROM EMP / Original : SELECT * FROM EMP, nPage : 1, nLimit : 0

# Called from : 
VPOSTGRESQL:MOUNTQUERY(730)  
VPOSTGRESQL:EXECUTEQUERY(252)  
VPOSTGRESQL:EXECUTEQUERYTODBF(1250)  
FQUERYTODBF(118)  
HBM_CGI(15)  
HB_HRBRUN(0)  
VEXECUTE:EXECFROMCGI(443)  
EXECCGI(86)  
MAIN(77)  
###################

20210802 - 02:40:03 >>  [INFO] Mounted query : SELECT * FROM EMP / Original : SELECT * FROM EMP, nPage : 1, nLimit : 0

# Called from : 
FQUERYTODBF(121)  
HBM_CGI(15)  
HB_HRBRUN(0)  
VEXECUTE:EXECFROMCGI(443)  
EXECCGI(86)  
MAIN(77)  
###################

20210802 - 03:01:49 >>  [INFO] {VPOSTGRESQL:OPEN(150)}Database (PGSQL) openned successfully

# Called from : 
VPOSTGRESQL:OPEN(150)  
FQUERYTODBF(99)  
HBM_CGI(15)  
HB_HRBRUN(0)  
VEXECUTE:EXECFROMCGI(443)  
EXECCGI(86)  
MAIN(77)  
###################

20210802 - 03:01:49 >>  [INFO] Database (PGSQL) openned successfully

# Called from : 
FQUERYTODBF(103)  
HBM_CGI(15)  
HB_HRBRUN(0)  
VEXECUTE:EXECFROMCGI(443)  
EXECCGI(86)  
MAIN(77)  
###################

20210802 - 03:01:49 >>  [INFO] Mounted query : SELECT * FROM EMP / Original : SELECT * FROM EMP, nPage : 1, nLimit : 0

# Called from : 
VPOSTGRESQL:MOUNTQUERY(730)  
VPOSTGRESQL:EXECUTEQUERY(252)  
VPOSTGRESQL:EXECUTEQUERYTODBF(1250)  
FQUERYTODBF(118)  
HBM_CGI(15)  
HB_HRBRUN(0)  
VEXECUTE:EXECFROMCGI(443)  
EXECCGI(86)  
MAIN(77)  
###################

20210802 - 03:01:49 >>  [INFO] Mounted query : SELECT * FROM EMP / Original : SELECT * FROM EMP, nPage : 1, nLimit : 0

# Called from : 
FQUERYTODBF(121)  
HBM_CGI(15)  
HB_HRBRUN(0)  
VEXECUTE:EXECFROMCGI(443)  
EXECCGI(86)  
MAIN(77)  
###################

20210802 - 03:07:51 >>  [INFO] {VPOSTGRESQL:OPEN(150)}Database (PGSQL) openned successfully

# Called from : 
VPOSTGRESQL:OPEN(150)  
FQUERYTODBF(99)  
HBM_CGI(15)  
HB_HRBRUN(0)  
VEXECUTE:EXECFROMCGI(443)  
EXECCGI(86)  
MAIN(77)  
###################

20210802 - 03:07:51 >>  [INFO] Database (PGSQL) openned successfully

# Called from : 
FQUERYTODBF(103)  
HBM_CGI(15)  
HB_HRBRUN(0)  
VEXECUTE:EXECFROMCGI(443)  
EXECCGI(86)  
MAIN(77)  
###################

20210802 - 03:07:51 >>  [INFO] Mounted query : SELECT * FROM EMP / Original : SELECT * FROM EMP, nPage : 1, nLimit : 0

# Called from : 
VPOSTGRESQL:MOUNTQUERY(730)  
VPOSTGRESQL:EXECUTEQUERY(252)  
VPOSTGRESQL:EXECUTEQUERYTODBF(1250)  
FQUERYTODBF(118)  
HBM_CGI(15)  
HB_HRBRUN(0)  
VEXECUTE:EXECFROMCGI(443)  
EXECCGI(86)  
MAIN(77)  
###################

20210802 - 03:07:51 >>  [INFO] Mounted query : SELECT * FROM EMP / Original : SELECT * FROM EMP, nPage : 1, nLimit : 0

# Called from : 
FQUERYTODBF(121)  
HBM_CGI(15)  
HB_HRBRUN(0)  
VEXECUTE:EXECFROMCGI(443)  
EXECCGI(86)  
MAIN(77)  
###################

20210802 - 03:07:56 >>  [INFO] {VPOSTGRESQL:OPEN(150)}Database (PGSQL) openned successfully

# Called from : 
VPOSTGRESQL:OPEN(150)  
FQUERYTODBF(99)  
HBM_CGI(15)  
HB_HRBRUN(0)  
VEXECUTE:EXECFROMCGI(443)  
EXECCGI(86)  
MAIN(77)  
###################

20210802 - 03:07:56 >>  [INFO] Database (PGSQL) openned successfully

# Called from : 
FQUERYTODBF(103)  
HBM_CGI(15)  
HB_HRBRUN(0)  
VEXECUTE:EXECFROMCGI(443)  
EXECCGI(86)  
MAIN(77)  
###################

20210802 - 03:07:56 >>  [INFO] Mounted query : SELECT * FROM EMP / Original : SELECT * FROM EMP, nPage : 1, nLimit : 0

# Called from : 
VPOSTGRESQL:MOUNTQUERY(730)  
VPOSTGRESQL:EXECUTEQUERY(252)  
VPOSTGRESQL:EXECUTEQUERYTODBF(1250)  
FQUERYTODBF(118)  
HBM_CGI(15)  
HB_HRBRUN(0)  
VEXECUTE:EXECFROMCGI(443)  
EXECCGI(86)  
MAIN(77)  
###################

20210802 - 03:07:56 >>  [INFO] Mounted query : SELECT * FROM EMP / Original : SELECT * FROM EMP, nPage : 1, nLimit : 0

# Called from : 
FQUERYTODBF(121)  
HBM_CGI(15)  
HB_HRBRUN(0)  
VEXECUTE:EXECFROMCGI(443)  
EXECCGI(86)  
MAIN(77)  
###################

20210802 - 03:08:17 >>  [INFO] {VPOSTGRESQL:OPEN(150)}Database (PGSQL) openned successfully

# Called from : 
VPOSTGRESQL:OPEN(150)  
FQUERYTODBF(99)  
HBM_CGI(15)  
HB_HRBRUN(0)  
VEXECUTE:EXECFROMCGI(443)  
EXECCGI(86)  
MAIN(77)  
###################

20210802 - 03:08:17 >>  [INFO] Database (PGSQL) openned successfully

# Called from : 
FQUERYTODBF(103)  
HBM_CGI(15)  
HB_HRBRUN(0)  
VEXECUTE:EXECFROMCGI(443)  
EXECCGI(86)  
MAIN(77)  
###################

20210802 - 03:08:17 >>  [INFO] Mounted query : SELECT * FROM EMP / Original : SELECT * FROM EMP, nPage : 1, nLimit : 0

# Called from : 
VPOSTGRESQL:MOUNTQUERY(730)  
VPOSTGRESQL:EXECUTEQUERY(252)  
VPOSTGRESQL:EXECUTEQUERYTODBF(1250)  
FQUERYTODBF(118)  
HBM_CGI(15)  
HB_HRBRUN(0)  
VEXECUTE:EXECFROMCGI(443)  
EXECCGI(86)  
MAIN(77)  
###################

20210802 - 03:08:17 >>  [INFO] Mounted query : SELECT * FROM EMP / Original : SELECT * FROM EMP, nPage : 1, nLimit : 0

# Called from : 
FQUERYTODBF(121)  
HBM_CGI(15)  
HB_HRBRUN(0)  
VEXECUTE:EXECFROMCGI(443)  
EXECCGI(86)  
MAIN(77)  
###################

20210802 - 03:11:23 >>  [INFO] {VPOSTGRESQL:OPEN(150)}Database (PGSQL) openned successfully

# Called from : 
VPOSTGRESQL:OPEN(150)  
FQUERYTODBF(99)  
HBM_CGI(15)  
HB_HRBRUN(0)  
VEXECUTE:EXECFROMCGI(443)  
EXECCGI(86)  
MAIN(77)  
###################

20210802 - 03:11:23 >>  [INFO] Database (PGSQL) openned successfully

# Called from : 
FQUERYTODBF(103)  
HBM_CGI(15)  
HB_HRBRUN(0)  
VEXECUTE:EXECFROMCGI(443)  
EXECCGI(86)  
MAIN(77)  
###################

20210802 - 03:11:23 >>  [INFO] Mounted query : SELECT * FROM EMP / Original : SELECT * FROM EMP, nPage : 1, nLimit : 0

# Called from : 
VPOSTGRESQL:MOUNTQUERY(730)  
VPOSTGRESQL:EXECUTEQUERY(252)  
VPOSTGRESQL:EXECUTEQUERYTODBF(1250)  
FQUERYTODBF(118)  
HBM_CGI(15)  
HB_HRBRUN(0)  
VEXECUTE:EXECFROMCGI(443)  
EXECCGI(86)  
MAIN(77)  
###################

20210802 - 03:11:23 >>  [INFO] Mounted query : SELECT * FROM EMP / Original : SELECT * FROM EMP, nPage : 1, nLimit : 0

# Called from : 
FQUERYTODBF(121)  
HBM_CGI(15)  
HB_HRBRUN(0)  
VEXECUTE:EXECFROMCGI(443)  
EXECCGI(86)  
MAIN(77)  
###################

20210802 - 03:11:36 >>  [INFO] {VPOSTGRESQL:OPEN(150)}Database (PGSQL) openned successfully

# Called from : 
VPOSTGRESQL:OPEN(150)  
FQUERYTODBF(99)  
HBM_CGI(15)  
HB_HRBRUN(0)  
VEXECUTE:EXECFROMCGI(443)  
EXECCGI(86)  
MAIN(77)  
###################

20210802 - 03:11:36 >>  [INFO] Database (PGSQL) openned successfully

# Called from : 
FQUERYTODBF(103)  
HBM_CGI(15)  
HB_HRBRUN(0)  
VEXECUTE:EXECFROMCGI(443)  
EXECCGI(86)  
MAIN(77)  
###################

20210802 - 03:11:36 >>  [INFO] Mounted query : SELECT * FROM EMP / Original : SELECT * FROM EMP, nPage : 1, nLimit : 0

# Called from : 
VPOSTGRESQL:MOUNTQUERY(730)  
VPOSTGRESQL:EXECUTEQUERY(252)  
VPOSTGRESQL:EXECUTEQUERYTODBF(1250)  
FQUERYTODBF(118)  
HBM_CGI(15)  
HB_HRBRUN(0)  
VEXECUTE:EXECFROMCGI(443)  
EXECCGI(86)  
MAIN(77)  
###################

20210802 - 03:11:36 >>  [INFO] Mounted query : SELECT * FROM EMP / Original : SELECT * FROM EMP, nPage : 1, nLimit : 0

# Called from : 
FQUERYTODBF(121)  
HBM_CGI(15)  
HB_HRBRUN(0)  
VEXECUTE:EXECFROMCGI(443)  
EXECCGI(86)  
MAIN(77)  
###################

20210802 - 03:12:14 >>  [INFO] {VPOSTGRESQL:OPEN(150)}Database (PGSQL) openned successfully

# Called from : 
VPOSTGRESQL:OPEN(150)  
FQUERYTODBF(99)  
HBM_CGI(15)  
HB_HRBRUN(0)  
VEXECUTE:EXECFROMCGI(443)  
EXECCGI(86)  
MAIN(77)  
###################

20210802 - 03:12:14 >>  [INFO] Database (PGSQL) openned successfully

# Called from : 
FQUERYTODBF(103)  
HBM_CGI(15)  
HB_HRBRUN(0)  
VEXECUTE:EXECFROMCGI(443)  
EXECCGI(86)  
MAIN(77)  
###################

20210802 - 03:12:14 >>  [INFO] Mounted query : SELECT * FROM EMP / Original : SELECT * FROM EMP, nPage : 1, nLimit : 0

# Called from : 
VPOSTGRESQL:MOUNTQUERY(730)  
VPOSTGRESQL:EXECUTEQUERY(252)  
VPOSTGRESQL:EXECUTEQUERYTODBF(1250)  
FQUERYTODBF(118)  
HBM_CGI(15)  
HB_HRBRUN(0)  
VEXECUTE:EXECFROMCGI(443)  
EXECCGI(86)  
MAIN(77)  
###################

20210802 - 03:12:14 >>  [INFO] Mounted query : SELECT * FROM EMP / Original : SELECT * FROM EMP, nPage : 1, nLimit : 0

# Called from : 
FQUERYTODBF(121)  
HBM_CGI(15)  
HB_HRBRUN(0)  
VEXECUTE:EXECFROMCGI(443)  
EXECCGI(86)  
MAIN(77)  
###################

20210802 - 03:12:55 >>  [INFO] {VPOSTGRESQL:OPEN(150)}Database (PGSQL) openned successfully

# Called from : 
VPOSTGRESQL:OPEN(150)  
FQUERYTODBF(99)  
HBM_CGI(15)  
HB_HRBRUN(0)  
VEXECUTE:EXECFROMCGI(443)  
EXECCGI(86)  
MAIN(77)  
###################

20210802 - 03:12:55 >>  [INFO] Database (PGSQL) openned successfully

# Called from : 
FQUERYTODBF(103)  
HBM_CGI(15)  
HB_HRBRUN(0)  
VEXECUTE:EXECFROMCGI(443)  
EXECCGI(86)  
MAIN(77)  
###################

20210802 - 03:12:55 >>  [INFO] Mounted query : SELECT * FROM EMP / Original : SELECT * FROM EMP, nPage : 1, nLimit : 0

# Called from : 
VPOSTGRESQL:MOUNTQUERY(730)  
VPOSTGRESQL:EXECUTEQUERY(252)  
VPOSTGRESQL:EXECUTEQUERYTODBF(1250)  
FQUERYTODBF(118)  
HBM_CGI(15)  
HB_HRBRUN(0)  
VEXECUTE:EXECFROMCGI(443)  
EXECCGI(86)  
MAIN(77)  
###################

20210802 - 03:12:55 >>  [INFO] Mounted query : SELECT * FROM EMP / Original : SELECT * FROM EMP, nPage : 1, nLimit : 0

# Called from : 
FQUERYTODBF(121)  
HBM_CGI(15)  
HB_HRBRUN(0)  
VEXECUTE:EXECFROMCGI(443)  
EXECCGI(86)  
MAIN(77)  
###################

20210802 - 03:13:10 >>  [INFO] {VPOSTGRESQL:OPEN(150)}Database (PGSQL) openned successfully

# Called from : 
VPOSTGRESQL:OPEN(150)  
FQUERYTODBF(99)  
HBM_CGI(15)  
HB_HRBRUN(0)  
VEXECUTE:EXECFROMCGI(443)  
EXECCGI(86)  
MAIN(77)  
###################

20210802 - 03:13:10 >>  [INFO] Database (PGSQL) openned successfully

# Called from : 
FQUERYTODBF(103)  
HBM_CGI(15)  
HB_HRBRUN(0)  
VEXECUTE:EXECFROMCGI(443)  
EXECCGI(86)  
MAIN(77)  
###################

20210802 - 03:13:10 >>  [INFO] Mounted query : SELECT * FROM EMP / Original : SELECT * FROM EMP, nPage : 1, nLimit : 0

# Called from : 
VPOSTGRESQL:MOUNTQUERY(730)  
VPOSTGRESQL:EXECUTEQUERY(252)  
VPOSTGRESQL:EXECUTEQUERYTODBF(1250)  
FQUERYTODBF(118)  
HBM_CGI(15)  
HB_HRBRUN(0)  
VEXECUTE:EXECFROMCGI(443)  
EXECCGI(86)  
MAIN(77)  
###################

20210802 - 03:13:10 >>  [INFO] Mounted query : SELECT * FROM EMP / Original : SELECT * FROM EMP, nPage : 1, nLimit : 0

# Called from : 
FQUERYTODBF(121)  
HBM_CGI(15)  
HB_HRBRUN(0)  
VEXECUTE:EXECFROMCGI(443)  
EXECCGI(86)  
MAIN(77)  
###################

20210802 - 03:13:22 >>  [INFO] {VPOSTGRESQL:OPEN(150)}Database (PGSQL) openned successfully

# Called from : 
VPOSTGRESQL:OPEN(150)  
FQUERYTODBF(99)  
HBM_CGI(15)  
HB_HRBRUN(0)  
VEXECUTE:EXECFROMCGI(443)  
EXECCGI(86)  
MAIN(77)  
###################

20210802 - 03:13:22 >>  [INFO] Database (PGSQL) openned successfully

# Called from : 
FQUERYTODBF(103)  
HBM_CGI(15)  
HB_HRBRUN(0)  
VEXECUTE:EXECFROMCGI(443)  
EXECCGI(86)  
MAIN(77)  
###################

20210802 - 03:13:22 >>  [INFO] Mounted query : SELECT * FROM EMP / Original : SELECT * FROM EMP, nPage : 1, nLimit : 0

# Called from : 
VPOSTGRESQL:MOUNTQUERY(730)  
VPOSTGRESQL:EXECUTEQUERY(252)  
VPOSTGRESQL:EXECUTEQUERYTODBF(1250)  
FQUERYTODBF(118)  
HBM_CGI(15)  
HB_HRBRUN(0)  
VEXECUTE:EXECFROMCGI(443)  
EXECCGI(86)  
MAIN(77)  
###################

20210802 - 03:13:22 >>  [INFO] Mounted query : SELECT * FROM EMP / Original : SELECT * FROM EMP, nPage : 1, nLimit : 0

# Called from : 
FQUERYTODBF(121)  
HBM_CGI(15)  
HB_HRBRUN(0)  
VEXECUTE:EXECFROMCGI(443)  
EXECCGI(86)  
MAIN(77)  
###################

20210802 - 03:13:44 >>  [INFO] {VPOSTGRESQL:OPEN(150)}Database (PGSQL) openned successfully

# Called from : 
VPOSTGRESQL:OPEN(150)  
FQUERYTODBF(99)  
HBM_CGI(15)  
HB_HRBRUN(0)  
VEXECUTE:EXECFROMCGI(443)  
EXECCGI(86)  
MAIN(77)  
###################

20210802 - 03:13:44 >>  [INFO] Database (PGSQL) openned successfully

# Called from : 
FQUERYTODBF(103)  
HBM_CGI(15)  
HB_HRBRUN(0)  
VEXECUTE:EXECFROMCGI(443)  
EXECCGI(86)  
MAIN(77)  
###################

20210802 - 03:13:44 >>  [INFO] Mounted query : SELECT * FROM EMP / Original : SELECT * FROM EMP, nPage : 1, nLimit : 0

# Called from : 
VPOSTGRESQL:MOUNTQUERY(730)  
VPOSTGRESQL:EXECUTEQUERY(252)  
VPOSTGRESQL:EXECUTEQUERYTODBF(1250)  
FQUERYTODBF(118)  
HBM_CGI(15)  
HB_HRBRUN(0)  
VEXECUTE:EXECFROMCGI(443)  
EXECCGI(86)  
MAIN(77)  
###################

20210802 - 03:13:44 >>  [INFO] Mounted query : SELECT * FROM EMP / Original : SELECT * FROM EMP, nPage : 1, nLimit : 0

# Called from : 
FQUERYTODBF(121)  
HBM_CGI(15)  
HB_HRBRUN(0)  
VEXECUTE:EXECFROMCGI(443)  
EXECCGI(86)  
MAIN(77)  
###################

20210802 - 03:13:53 >>  [INFO] {VPOSTGRESQL:OPEN(150)}Database (PGSQL) openned successfully

# Called from : 
VPOSTGRESQL:OPEN(150)  
FQUERYTODBF(99)  
HBM_CGI(15)  
HB_HRBRUN(0)  
VEXECUTE:EXECFROMCGI(443)  
EXECCGI(86)  
MAIN(77)  
###################

20210802 - 03:13:53 >>  [INFO] Database (PGSQL) openned successfully

# Called from : 
FQUERYTODBF(103)  
HBM_CGI(15)  
HB_HRBRUN(0)  
VEXECUTE:EXECFROMCGI(443)  
EXECCGI(86)  
MAIN(77)  
###################

20210802 - 03:13:53 >>  [INFO] Mounted query : SELECT * FROM EMP / Original : SELECT * FROM EMP, nPage : 1, nLimit : 0

# Called from : 
VPOSTGRESQL:MOUNTQUERY(730)  
VPOSTGRESQL:EXECUTEQUERY(252)  
VPOSTGRESQL:EXECUTEQUERYTODBF(1250)  
FQUERYTODBF(118)  
HBM_CGI(15)  
HB_HRBRUN(0)  
VEXECUTE:EXECFROMCGI(443)  
EXECCGI(86)  
MAIN(77)  
###################

20210802 - 03:13:53 >>  [INFO] Mounted query : SELECT * FROM EMP / Original : SELECT * FROM EMP, nPage : 1, nLimit : 0

# Called from : 
FQUERYTODBF(121)  
HBM_CGI(15)  
HB_HRBRUN(0)  
VEXECUTE:EXECFROMCGI(443)  
EXECCGI(86)  
MAIN(77)  
###################

20210802 - 03:14:20 >>  [INFO] {VPOSTGRESQL:OPEN(150)}Database (PGSQL) openned successfully

# Called from : 
VPOSTGRESQL:OPEN(150)  
FQUERYTODBF(99)  
HBM_CGI(15)  
HB_HRBRUN(0)  
VEXECUTE:EXECFROMCGI(443)  
EXECCGI(86)  
MAIN(77)  
###################

20210802 - 03:14:20 >>  [INFO] Database (PGSQL) openned successfully

# Called from : 
FQUERYTODBF(103)  
HBM_CGI(15)  
HB_HRBRUN(0)  
VEXECUTE:EXECFROMCGI(443)  
EXECCGI(86)  
MAIN(77)  
###################

20210802 - 03:14:20 >>  [INFO] Mounted query : SELECT * FROM EMP / Original : SELECT * FROM EMP, nPage : 1, nLimit : 0

# Called from : 
VPOSTGRESQL:MOUNTQUERY(730)  
VPOSTGRESQL:EXECUTEQUERY(252)  
VPOSTGRESQL:EXECUTEQUERYTODBF(1250)  
FQUERYTODBF(118)  
HBM_CGI(15)  
HB_HRBRUN(0)  
VEXECUTE:EXECFROMCGI(443)  
EXECCGI(86)  
MAIN(77)  
###################

20210802 - 03:14:20 >>  [INFO] Mounted query : SELECT * FROM EMP / Original : SELECT * FROM EMP, nPage : 1, nLimit : 0

# Called from : 
FQUERYTODBF(121)  
HBM_CGI(15)  
HB_HRBRUN(0)  
VEXECUTE:EXECFROMCGI(443)  
EXECCGI(86)  
MAIN(77)  
###################

20210802 - 03:16:25 >>  [INFO] {VPOSTGRESQL:OPEN(150)}Database (PGSQL) openned successfully

# Called from : 
VPOSTGRESQL:OPEN(150)  
FQUERYTODBF(99)  
HBM_CGI(15)  
HB_HRBRUN(0)  
VEXECUTE:EXECFROMCGI(443)  
EXECCGI(86)  
MAIN(77)  
###################

20210802 - 03:16:25 >>  [INFO] Database (PGSQL) openned successfully

# Called from : 
FQUERYTODBF(103)  
HBM_CGI(15)  
HB_HRBRUN(0)  
VEXECUTE:EXECFROMCGI(443)  
EXECCGI(86)  
MAIN(77)  
###################

20210802 - 03:16:25 >>  [INFO] Mounted query : SELECT * FROM EMP / Original : SELECT * FROM EMP, nPage : 1, nLimit : 0

# Called from : 
VPOSTGRESQL:MOUNTQUERY(730)  
VPOSTGRESQL:EXECUTEQUERY(252)  
VPOSTGRESQL:EXECUTEQUERYTODBF(1250)  
FQUERYTODBF(118)  
HBM_CGI(15)  
HB_HRBRUN(0)  
VEXECUTE:EXECFROMCGI(443)  
EXECCGI(86)  
MAIN(77)  
###################

20210802 - 03:16:25 >>  [INFO] Mounted query : SELECT * FROM EMP / Original : SELECT * FROM EMP, nPage : 1, nLimit : 0

# Called from : 
FQUERYTODBF(121)  
HBM_CGI(15)  
HB_HRBRUN(0)  
VEXECUTE:EXECFROMCGI(443)  
EXECCGI(86)  
MAIN(77)  
###################

20210802 - 03:17:35 >>  [INFO] {VPOSTGRESQL:OPEN(150)}Database (PGSQL) openned successfully

# Called from : 
VPOSTGRESQL:OPEN(150)  
FQUERYTODBF(99)  
HBM_CGI(15)  
HB_HRBRUN(0)  
VEXECUTE:EXECFROMCGI(443)  
EXECCGI(86)  
MAIN(77)  
###################

20210802 - 03:17:35 >>  [INFO] Database (PGSQL) openned successfully

# Called from : 
FQUERYTODBF(103)  
HBM_CGI(15)  
HB_HRBRUN(0)  
VEXECUTE:EXECFROMCGI(443)  
EXECCGI(86)  
MAIN(77)  
###################

20210802 - 03:17:35 >>  [INFO] Mounted query : SELECT * FROM EMP / Original : SELECT * FROM EMP, nPage : 1, nLimit : 0

# Called from : 
VPOSTGRESQL:MOUNTQUERY(730)  
VPOSTGRESQL:EXECUTEQUERY(252)  
VPOSTGRESQL:EXECUTEQUERYTODBF(1250)  
FQUERYTODBF(118)  
HBM_CGI(15)  
HB_HRBRUN(0)  
VEXECUTE:EXECFROMCGI(443)  
EXECCGI(86)  
MAIN(77)  
###################

20210802 - 03:17:35 >>  [INFO] Mounted query : SELECT * FROM EMP / Original : SELECT * FROM EMP, nPage : 1, nLimit : 0

# Called from : 
FQUERYTODBF(121)  
HBM_CGI(15)  
HB_HRBRUN(0)  
VEXECUTE:EXECFROMCGI(443)  
EXECCGI(86)  
MAIN(77)  
###################

20210802 - 03:17:41 >>  [INFO] {VPOSTGRESQL:OPEN(150)}Database (PGSQL) openned successfully

# Called from : 
VPOSTGRESQL:OPEN(150)  
FQUERYTODBF(99)  
HBM_CGI(15)  
HB_HRBRUN(0)  
VEXECUTE:EXECFROMCGI(443)  
EXECCGI(86)  
MAIN(77)  
###################

20210802 - 03:17:41 >>  [INFO] Database (PGSQL) openned successfully

# Called from : 
FQUERYTODBF(103)  
HBM_CGI(15)  
HB_HRBRUN(0)  
VEXECUTE:EXECFROMCGI(443)  
EXECCGI(86)  
MAIN(77)  
###################

20210802 - 03:17:41 >>  [INFO] Mounted query : SELECT * FROM EMP / Original : SELECT * FROM EMP, nPage : 1, nLimit : 0

# Called from : 
VPOSTGRESQL:MOUNTQUERY(730)  
VPOSTGRESQL:EXECUTEQUERY(252)  
VPOSTGRESQL:EXECUTEQUERYTODBF(1250)  
FQUERYTODBF(118)  
HBM_CGI(15)  
HB_HRBRUN(0)  
VEXECUTE:EXECFROMCGI(443)  
EXECCGI(86)  
MAIN(77)  
###################

20210802 - 03:17:41 >>  [INFO] Mounted query : SELECT * FROM EMP / Original : SELECT * FROM EMP, nPage : 1, nLimit : 0

# Called from : 
FQUERYTODBF(121)  
HBM_CGI(15)  
HB_HRBRUN(0)  
VEXECUTE:EXECFROMCGI(443)  
EXECCGI(86)  
MAIN(77)  
###################

20210802 - 03:18:15 >>  [INFO] {VPOSTGRESQL:OPEN(150)}Database (PGSQL) openned successfully

# Called from : 
VPOSTGRESQL:OPEN(150)  
FQUERYTODBF(99)  
HBM_CGI(15)  
HB_HRBRUN(0)  
VEXECUTE:EXECFROMCGI(443)  
EXECCGI(86)  
MAIN(77)  
###################

20210802 - 03:18:15 >>  [INFO] Database (PGSQL) openned successfully

# Called from : 
FQUERYTODBF(103)  
HBM_CGI(15)  
HB_HRBRUN(0)  
VEXECUTE:EXECFROMCGI(443)  
EXECCGI(86)  
MAIN(77)  
###################

20210802 - 03:18:15 >>  [INFO] Mounted query : SELECT * FROM EMP / Original : SELECT * FROM EMP, nPage : 1, nLimit : 0

# Called from : 
VPOSTGRESQL:MOUNTQUERY(730)  
VPOSTGRESQL:EXECUTEQUERY(252)  
VPOSTGRESQL:EXECUTEQUERYTODBF(1250)  
FQUERYTODBF(118)  
HBM_CGI(15)  
HB_HRBRUN(0)  
VEXECUTE:EXECFROMCGI(443)  
EXECCGI(86)  
MAIN(77)  
###################

20210802 - 03:18:15 >>  [INFO] Mounted query : SELECT * FROM EMP / Original : SELECT * FROM EMP, nPage : 1, nLimit : 0

# Called from : 
FQUERYTODBF(121)  
HBM_CGI(15)  
HB_HRBRUN(0)  
VEXECUTE:EXECFROMCGI(443)  
EXECCGI(86)  
MAIN(77)  
###################

20210802 - 03:21:07 >>  [INFO] {VPOSTGRESQL:OPEN(150)}Database (PGSQL) openned successfully

# Called from : 
VPOSTGRESQL:OPEN(150)  
FQUERYTODBF(99)  
HBM_CGI(15)  
HB_HRBRUN(0)  
VEXECUTE:EXECFROMCGI(443)  
EXECCGI(86)  
MAIN(77)  
###################

20210802 - 03:21:07 >>  [INFO] Database (PGSQL) openned successfully

# Called from : 
FQUERYTODBF(103)  
HBM_CGI(15)  
HB_HRBRUN(0)  
VEXECUTE:EXECFROMCGI(443)  
EXECCGI(86)  
MAIN(77)  
###################

20210802 - 03:21:07 >>  [INFO] Mounted query : SELECT * FROM EMP / Original : SELECT * FROM EMP, nPage : 1, nLimit : 0

# Called from : 
VPOSTGRESQL:MOUNTQUERY(730)  
VPOSTGRESQL:EXECUTEQUERY(252)  
VPOSTGRESQL:EXECUTEQUERYTODBF(1250)  
FQUERYTODBF(118)  
HBM_CGI(15)  
HB_HRBRUN(0)  
VEXECUTE:EXECFROMCGI(443)  
EXECCGI(86)  
MAIN(77)  
###################

20210802 - 03:21:07 >>  [INFO] Mounted query : SELECT * FROM EMP / Original : SELECT * FROM EMP, nPage : 1, nLimit : 0

# Called from : 
FQUERYTODBF(121)  
HBM_CGI(15)  
HB_HRBRUN(0)  
VEXECUTE:EXECFROMCGI(443)  
EXECCGI(86)  
MAIN(77)  
###################

20210802 - 03:21:30 >>  [INFO] {VPOSTGRESQL:OPEN(150)}Database (PGSQL) openned successfully

# Called from : 
VPOSTGRESQL:OPEN(150)  
FQUERYTODBF(99)  
HBM_CGI(15)  
HB_HRBRUN(0)  
VEXECUTE:EXECFROMCGI(443)  
EXECCGI(86)  
MAIN(77)  
###################

20210802 - 03:21:30 >>  [INFO] Database (PGSQL) openned successfully

# Called from : 
FQUERYTODBF(103)  
HBM_CGI(15)  
HB_HRBRUN(0)  
VEXECUTE:EXECFROMCGI(443)  
EXECCGI(86)  
MAIN(77)  
###################

20210802 - 03:21:30 >>  [INFO] Mounted query : SELECT * FROM EMP / Original : SELECT * FROM EMP, nPage : 1, nLimit : 0

# Called from : 
VPOSTGRESQL:MOUNTQUERY(730)  
VPOSTGRESQL:EXECUTEQUERY(252)  
VPOSTGRESQL:EXECUTEQUERYTODBF(1250)  
FQUERYTODBF(118)  
HBM_CGI(15)  
HB_HRBRUN(0)  
VEXECUTE:EXECFROMCGI(443)  
EXECCGI(86)  
MAIN(77)  
###################

20210802 - 03:21:30 >>  [INFO] Mounted query : SELECT * FROM EMP / Original : SELECT * FROM EMP, nPage : 1, nLimit : 0

# Called from : 
FQUERYTODBF(121)  
HBM_CGI(15)  
HB_HRBRUN(0)  
VEXECUTE:EXECFROMCGI(443)  
EXECCGI(86)  
MAIN(77)  
###################

20210802 - 03:21:43 >>  [INFO] {VPOSTGRESQL:OPEN(150)}Database (PGSQL) openned successfully

# Called from : 
VPOSTGRESQL:OPEN(150)  
FQUERYTODBF(99)  
HBM_CGI(15)  
HB_HRBRUN(0)  
VEXECUTE:EXECFROMCGI(443)  
EXECCGI(86)  
MAIN(77)  
###################

20210802 - 03:21:43 >>  [INFO] Database (PGSQL) openned successfully

# Called from : 
FQUERYTODBF(103)  
HBM_CGI(15)  
HB_HRBRUN(0)  
VEXECUTE:EXECFROMCGI(443)  
EXECCGI(86)  
MAIN(77)  
###################

20210802 - 03:21:43 >>  [INFO] Mounted query : SELECT * FROM EMP / Original : SELECT * FROM EMP, nPage : 1, nLimit : 0

# Called from : 
VPOSTGRESQL:MOUNTQUERY(730)  
VPOSTGRESQL:EXECUTEQUERY(252)  
VPOSTGRESQL:EXECUTEQUERYTODBF(1250)  
FQUERYTODBF(118)  
HBM_CGI(15)  
HB_HRBRUN(0)  
VEXECUTE:EXECFROMCGI(443)  
EXECCGI(86)  
MAIN(77)  
###################

20210802 - 03:21:43 >>  [INFO] Mounted query : SELECT * FROM EMP / Original : SELECT * FROM EMP, nPage : 1, nLimit : 0

# Called from : 
FQUERYTODBF(121)  
HBM_CGI(15)  
HB_HRBRUN(0)  
VEXECUTE:EXECFROMCGI(443)  
EXECCGI(86)  
MAIN(77)  
###################

20210802 - 03:24:03 >>  [INFO] {VPOSTGRESQL:OPEN(150)}Database (PGSQL) openned successfully

# Called from : 
VPOSTGRESQL:OPEN(150)  
FQUERYTODBF(99)  
HBM_CGI(15)  
HB_HRBRUN(0)  
VEXECUTE:EXECFROMCGI(443)  
EXECCGI(86)  
MAIN(77)  
###################

20210802 - 03:24:03 >>  [INFO] Database (PGSQL) openned successfully

# Called from : 
FQUERYTODBF(103)  
HBM_CGI(15)  
HB_HRBRUN(0)  
VEXECUTE:EXECFROMCGI(443)  
EXECCGI(86)  
MAIN(77)  
###################

20210802 - 03:24:03 >>  [INFO] Mounted query : SELECT * FROM EMP / Original : SELECT * FROM EMP, nPage : 1, nLimit : 0

# Called from : 
VPOSTGRESQL:MOUNTQUERY(730)  
VPOSTGRESQL:EXECUTEQUERY(252)  
VPOSTGRESQL:EXECUTEQUERYTODBF(1250)  
FQUERYTODBF(118)  
HBM_CGI(15)  
HB_HRBRUN(0)  
VEXECUTE:EXECFROMCGI(443)  
EXECCGI(86)  
MAIN(77)  
###################

20210802 - 03:24:03 >>  [INFO] Mounted query : SELECT * FROM EMP / Original : SELECT * FROM EMP, nPage : 1, nLimit : 0

# Called from : 
FQUERYTODBF(121)  
HBM_CGI(15)  
HB_HRBRUN(0)  
VEXECUTE:EXECFROMCGI(443)  
EXECCGI(86)  
MAIN(77)  
###################

20210802 - 03:24:16 >>  [INFO] {VPOSTGRESQL:OPEN(150)}Database (PGSQL) openned successfully

# Called from : 
VPOSTGRESQL:OPEN(150)  
FQUERYTODBF(99)  
HBM_CGI(15)  
HB_HRBRUN(0)  
VEXECUTE:EXECFROMCGI(443)  
EXECCGI(86)  
MAIN(77)  
###################

20210802 - 03:24:16 >>  [INFO] Database (PGSQL) openned successfully

# Called from : 
FQUERYTODBF(103)  
HBM_CGI(15)  
HB_HRBRUN(0)  
VEXECUTE:EXECFROMCGI(443)  
EXECCGI(86)  
MAIN(77)  
###################

20210802 - 03:24:16 >>  [INFO] Mounted query : SELECT * FROM EMP / Original : SELECT * FROM EMP, nPage : 1, nLimit : 0

# Called from : 
VPOSTGRESQL:MOUNTQUERY(730)  
VPOSTGRESQL:EXECUTEQUERY(252)  
VPOSTGRESQL:EXECUTEQUERYTODBF(1250)  
FQUERYTODBF(118)  
HBM_CGI(15)  
HB_HRBRUN(0)  
VEXECUTE:EXECFROMCGI(443)  
EXECCGI(86)  
MAIN(77)  
###################

20210802 - 03:24:16 >>  [INFO] Mounted query : SELECT * FROM EMP / Original : SELECT * FROM EMP, nPage : 1, nLimit : 0

# Called from : 
FQUERYTODBF(121)  
HBM_CGI(15)  
HB_HRBRUN(0)  
VEXECUTE:EXECFROMCGI(443)  
EXECCGI(86)  
MAIN(77)  
###################

20210802 - 03:24:37 >>  [INFO] {VPOSTGRESQL:OPEN(150)}Database (PGSQL) openned successfully

# Called from : 
VPOSTGRESQL:OPEN(150)  
FQUERYTODBF(99)  
HBM_CGI(15)  
HB_HRBRUN(0)  
VEXECUTE:EXECFROMCGI(443)  
EXECCGI(86)  
MAIN(77)  
###################

20210802 - 03:24:37 >>  [INFO] Database (PGSQL) openned successfully

# Called from : 
FQUERYTODBF(103)  
HBM_CGI(15)  
HB_HRBRUN(0)  
VEXECUTE:EXECFROMCGI(443)  
EXECCGI(86)  
MAIN(77)  
###################

20210802 - 03:24:37 >>  [INFO] Mounted query : SELECT * FROM EMP / Original : SELECT * FROM EMP, nPage : 1, nLimit : 0

# Called from : 
VPOSTGRESQL:MOUNTQUERY(730)  
VPOSTGRESQL:EXECUTEQUERY(252)  
VPOSTGRESQL:EXECUTEQUERYTODBF(1250)  
FQUERYTODBF(118)  
HBM_CGI(15)  
HB_HRBRUN(0)  
VEXECUTE:EXECFROMCGI(443)  
EXECCGI(86)  
MAIN(77)  
###################

20210802 - 03:24:37 >>  [INFO] Mounted query : SELECT * FROM EMP / Original : SELECT * FROM EMP, nPage : 1, nLimit : 0

# Called from : 
FQUERYTODBF(121)  
HBM_CGI(15)  
HB_HRBRUN(0)  
VEXECUTE:EXECFROMCGI(443)  
EXECCGI(86)  
MAIN(77)  
###################

20210802 - 03:30:49 >>  [INFO] {VPOSTGRESQL:OPEN(150)}Database (PGSQL) openned successfully

# Called from : 
VPOSTGRESQL:OPEN(150)  
FQUERYTODBF(99)  
HBM_CGI(15)  
HB_HRBRUN(0)  
VEXECUTE:EXECFROMCGI(443)  
EXECCGI(86)  
MAIN(77)  
###################

20210802 - 03:30:49 >>  [INFO] Database (PGSQL) openned successfully

# Called from : 
FQUERYTODBF(103)  
HBM_CGI(15)  
HB_HRBRUN(0)  
VEXECUTE:EXECFROMCGI(443)  
EXECCGI(86)  
MAIN(77)  
###################

20210802 - 03:30:49 >>  [INFO] Mounted query : SELECT * FROM EMP / Original : SELECT * FROM EMP, nPage : 1, nLimit : 0

# Called from : 
VPOSTGRESQL:MOUNTQUERY(730)  
VPOSTGRESQL:EXECUTEQUERY(252)  
VPOSTGRESQL:EXECUTEQUERYTODBF(1250)  
FQUERYTODBF(118)  
HBM_CGI(15)  
HB_HRBRUN(0)  
VEXECUTE:EXECFROMCGI(443)  
EXECCGI(86)  
MAIN(77)  
###################

20210802 - 03:30:49 >>  [INFO] Mounted query : SELECT * FROM EMP / Original : SELECT * FROM EMP, nPage : 1, nLimit : 0

# Called from : 
FQUERYTODBF(121)  
HBM_CGI(15)  
HB_HRBRUN(0)  
VEXECUTE:EXECFROMCGI(443)  
EXECCGI(86)  
MAIN(77)  
###################

20210802 - 03:42:35 >>  [INFO] {VPOSTGRESQL:OPEN(150)}Database (PGSQL) openned successfully

# Called from : 
VPOSTGRESQL:OPEN(150)  
FQUERYTODBF(99)  
HBM_CGI(15)  
HB_HRBRUN(0)  
VEXECUTE:EXECFROMCGI(443)  
EXECCGI(86)  
MAIN(77)  
###################

20210802 - 03:42:35 >>  [INFO] Database (PGSQL) openned successfully

# Called from : 
FQUERYTODBF(103)  
HBM_CGI(15)  
HB_HRBRUN(0)  
VEXECUTE:EXECFROMCGI(443)  
EXECCGI(86)  
MAIN(77)  
###################

20210802 - 03:42:35 >>  [INFO] Mounted query : SELECT * FROM EMP / Original : SELECT * FROM EMP, nPage : 1, nLimit : 0

# Called from : 
VPOSTGRESQL:MOUNTQUERY(730)  
VPOSTGRESQL:EXECUTEQUERY(252)  
VPOSTGRESQL:EXECUTEQUERYTODBF(1250)  
FQUERYTODBF(118)  
HBM_CGI(15)  
HB_HRBRUN(0)  
VEXECUTE:EXECFROMCGI(443)  
EXECCGI(86)  
MAIN(77)  
###################

20210802 - 03:42:35 >>  [INFO] Mounted query : SELECT * FROM EMP / Original : SELECT * FROM EMP, nPage : 1, nLimit : 0

# Called from : 
FQUERYTODBF(121)  
HBM_CGI(15)  
HB_HRBRUN(0)  
VEXECUTE:EXECFROMCGI(443)  
EXECCGI(86)  
MAIN(77)  
###################

20210802 - 03:42:43 >>  [INFO] {VPOSTGRESQL:OPEN(150)}Database (PGSQL) openned successfully

# Called from : 
VPOSTGRESQL:OPEN(150)  
FQUERYTODBF(99)  
HBM_CGI(15)  
HB_HRBRUN(0)  
VEXECUTE:EXECFROMCGI(443)  
EXECCGI(86)  
MAIN(77)  
###################

20210802 - 03:42:43 >>  [INFO] Database (PGSQL) openned successfully

# Called from : 
FQUERYTODBF(103)  
HBM_CGI(15)  
HB_HRBRUN(0)  
VEXECUTE:EXECFROMCGI(443)  
EXECCGI(86)  
MAIN(77)  
###################

20210802 - 03:42:43 >>  [INFO] Mounted query : SELECT * FROM EMP / Original : SELECT * FROM EMP, nPage : 1, nLimit : 0

# Called from : 
VPOSTGRESQL:MOUNTQUERY(730)  
VPOSTGRESQL:EXECUTEQUERY(252)  
VPOSTGRESQL:EXECUTEQUERYTODBF(1250)  
FQUERYTODBF(118)  
HBM_CGI(15)  
HB_HRBRUN(0)  
VEXECUTE:EXECFROMCGI(443)  
EXECCGI(86)  
MAIN(77)  
###################

20210802 - 03:42:43 >>  [INFO] Mounted query : SELECT * FROM EMP / Original : SELECT * FROM EMP, nPage : 1, nLimit : 0

# Called from : 
FQUERYTODBF(121)  
HBM_CGI(15)  
HB_HRBRUN(0)  
VEXECUTE:EXECFROMCGI(443)  
EXECCGI(86)  
MAIN(77)  
###################

20210802 - 03:42:46 >>  [INFO] {VPOSTGRESQL:OPEN(150)}Database (PGSQL) openned successfully

# Called from : 
VPOSTGRESQL:OPEN(150)  
FQUERYTODBF(99)  
HBM_CGI(15)  
HB_HRBRUN(0)  
VEXECUTE:EXECFROMCGI(443)  
EXECCGI(86)  
MAIN(77)  
###################

20210802 - 03:42:46 >>  [INFO] Database (PGSQL) openned successfully

# Called from : 
FQUERYTODBF(103)  
HBM_CGI(15)  
HB_HRBRUN(0)  
VEXECUTE:EXECFROMCGI(443)  
EXECCGI(86)  
MAIN(77)  
###################

20210802 - 03:42:46 >>  [INFO] Mounted query : SELECT * FROM EMP / Original : SELECT * FROM EMP, nPage : 1, nLimit : 0

# Called from : 
VPOSTGRESQL:MOUNTQUERY(730)  
VPOSTGRESQL:EXECUTEQUERY(252)  
VPOSTGRESQL:EXECUTEQUERYTODBF(1250)  
FQUERYTODBF(118)  
HBM_CGI(15)  
HB_HRBRUN(0)  
VEXECUTE:EXECFROMCGI(443)  
EXECCGI(86)  
MAIN(77)  
###################

20210802 - 03:42:46 >>  [INFO] Mounted query : SELECT * FROM EMP / Original : SELECT * FROM EMP, nPage : 1, nLimit : 0

# Called from : 
FQUERYTODBF(121)  
HBM_CGI(15)  
HB_HRBRUN(0)  
VEXECUTE:EXECFROMCGI(443)  
EXECCGI(86)  
MAIN(77)  
###################

20210802 - 03:42:59 >>  [INFO] {VPOSTGRESQL:OPEN(150)}Database (PGSQL) openned successfully

# Called from : 
VPOSTGRESQL:OPEN(150)  
FQUERYTODBF(99)  
HBM_CGI(15)  
HB_HRBRUN(0)  
VEXECUTE:EXECFROMCGI(443)  
EXECCGI(86)  
MAIN(77)  
###################

20210802 - 03:42:59 >>  [INFO] Database (PGSQL) openned successfully

# Called from : 
FQUERYTODBF(103)  
HBM_CGI(15)  
HB_HRBRUN(0)  
VEXECUTE:EXECFROMCGI(443)  
EXECCGI(86)  
MAIN(77)  
###################

20210802 - 03:42:59 >>  [INFO] Mounted query : SELECT * FROM EMP / Original : SELECT * FROM EMP, nPage : 1, nLimit : 0

# Called from : 
VPOSTGRESQL:MOUNTQUERY(730)  
VPOSTGRESQL:EXECUTEQUERY(252)  
VPOSTGRESQL:EXECUTEQUERYTODBF(1250)  
FQUERYTODBF(118)  
HBM_CGI(15)  
HB_HRBRUN(0)  
VEXECUTE:EXECFROMCGI(443)  
EXECCGI(86)  
MAIN(77)  
###################

20210802 - 03:42:59 >>  [INFO] Mounted query : SELECT * FROM EMP / Original : SELECT * FROM EMP, nPage : 1, nLimit : 0

# Called from : 
FQUERYTODBF(121)  
HBM_CGI(15)  
HB_HRBRUN(0)  
VEXECUTE:EXECFROMCGI(443)  
EXECCGI(86)  
MAIN(77)  
###################

20210802 - 03:43:19 >>  [INFO] {VPOSTGRESQL:OPEN(150)}Database (PGSQL) openned successfully

# Called from : 
VPOSTGRESQL:OPEN(150)  
FQUERYTODBF(99)  
HBM_CGI(15)  
HB_HRBRUN(0)  
VEXECUTE:EXECFROMCGI(443)  
EXECCGI(86)  
MAIN(77)  
###################

20210802 - 03:43:19 >>  [INFO] Database (PGSQL) openned successfully

# Called from : 
FQUERYTODBF(103)  
HBM_CGI(15)  
HB_HRBRUN(0)  
VEXECUTE:EXECFROMCGI(443)  
EXECCGI(86)  
MAIN(77)  
###################

20210802 - 03:43:19 >>  [INFO] Mounted query : SELECT * FROM EMP / Original : SELECT * FROM EMP, nPage : 1, nLimit : 0

# Called from : 
VPOSTGRESQL:MOUNTQUERY(730)  
VPOSTGRESQL:EXECUTEQUERY(252)  
VPOSTGRESQL:EXECUTEQUERYTODBF(1250)  
FQUERYTODBF(118)  
HBM_CGI(15)  
HB_HRBRUN(0)  
VEXECUTE:EXECFROMCGI(443)  
EXECCGI(86)  
MAIN(77)  
###################

20210802 - 03:43:19 >>  [INFO] Mounted query : SELECT * FROM EMP / Original : SELECT * FROM EMP, nPage : 1, nLimit : 0

# Called from : 
FQUERYTODBF(121)  
HBM_CGI(15)  
HB_HRBRUN(0)  
VEXECUTE:EXECFROMCGI(443)  
EXECCGI(86)  
MAIN(77)  
###################

20210802 - 03:43:30 >>  [INFO] {VPOSTGRESQL:OPEN(150)}Database (PGSQL) openned successfully

# Called from : 
VPOSTGRESQL:OPEN(150)  
FQUERYTODBF(99)  
HBM_CGI(15)  
HB_HRBRUN(0)  
VEXECUTE:EXECFROMCGI(443)  
EXECCGI(86)  
MAIN(77)  
###################

20210802 - 03:43:30 >>  [INFO] Database (PGSQL) openned successfully

# Called from : 
FQUERYTODBF(103)  
HBM_CGI(15)  
HB_HRBRUN(0)  
VEXECUTE:EXECFROMCGI(443)  
EXECCGI(86)  
MAIN(77)  
###################

20210802 - 03:43:30 >>  [INFO] Mounted query : SELECT * FROM EMP / Original : SELECT * FROM EMP, nPage : 1, nLimit : 0

# Called from : 
VPOSTGRESQL:MOUNTQUERY(730)  
VPOSTGRESQL:EXECUTEQUERY(252)  
VPOSTGRESQL:EXECUTEQUERYTODBF(1250)  
FQUERYTODBF(118)  
HBM_CGI(15)  
HB_HRBRUN(0)  
VEXECUTE:EXECFROMCGI(443)  
EXECCGI(86)  
MAIN(77)  
###################

20210802 - 03:43:30 >>  [INFO] Mounted query : SELECT * FROM EMP / Original : SELECT * FROM EMP, nPage : 1, nLimit : 0

# Called from : 
FQUERYTODBF(121)  
HBM_CGI(15)  
HB_HRBRUN(0)  
VEXECUTE:EXECFROMCGI(443)  
EXECCGI(86)  
MAIN(77)  
###################

20210802 - 03:43:43 >>  [INFO] {VPOSTGRESQL:OPEN(150)}Database (PGSQL) openned successfully

# Called from : 
VPOSTGRESQL:OPEN(150)  
FQUERYTODBF(99)  
HBM_CGI(15)  
HB_HRBRUN(0)  
VEXECUTE:EXECFROMCGI(443)  
EXECCGI(86)  
MAIN(77)  
###################

20210802 - 03:43:43 >>  [INFO] Database (PGSQL) openned successfully

# Called from : 
FQUERYTODBF(103)  
HBM_CGI(15)  
HB_HRBRUN(0)  
VEXECUTE:EXECFROMCGI(443)  
EXECCGI(86)  
MAIN(77)  
###################

20210802 - 03:43:43 >>  [INFO] Mounted query : SELECT * FROM EMP / Original : SELECT * FROM EMP, nPage : 1, nLimit : 0

# Called from : 
VPOSTGRESQL:MOUNTQUERY(730)  
VPOSTGRESQL:EXECUTEQUERY(252)  
VPOSTGRESQL:EXECUTEQUERYTODBF(1250)  
FQUERYTODBF(118)  
HBM_CGI(15)  
HB_HRBRUN(0)  
VEXECUTE:EXECFROMCGI(443)  
EXECCGI(86)  
MAIN(77)  
###################

20210802 - 03:43:43 >>  [INFO] Mounted query : SELECT * FROM EMP / Original : SELECT * FROM EMP, nPage : 1, nLimit : 0

# Called from : 
FQUERYTODBF(121)  
HBM_CGI(15)  
HB_HRBRUN(0)  
VEXECUTE:EXECFROMCGI(443)  
EXECCGI(86)  
MAIN(77)  
###################

20210802 - 03:44:00 >>  [INFO] {VPOSTGRESQL:OPEN(150)}Database (PGSQL) openned successfully

# Called from : 
VPOSTGRESQL:OPEN(150)  
FQUERYTODBF(99)  
HBM_CGI(15)  
HB_HRBRUN(0)  
VEXECUTE:EXECFROMCGI(443)  
EXECCGI(86)  
MAIN(77)  
###################

20210802 - 03:44:00 >>  [INFO] Database (PGSQL) openned successfully

# Called from : 
FQUERYTODBF(103)  
HBM_CGI(15)  
HB_HRBRUN(0)  
VEXECUTE:EXECFROMCGI(443)  
EXECCGI(86)  
MAIN(77)  
###################

20210802 - 03:44:00 >>  [INFO] Mounted query : SELECT * FROM EMP / Original : SELECT * FROM EMP, nPage : 1, nLimit : 0

# Called from : 
VPOSTGRESQL:MOUNTQUERY(730)  
VPOSTGRESQL:EXECUTEQUERY(252)  
VPOSTGRESQL:EXECUTEQUERYTODBF(1250)  
FQUERYTODBF(118)  
HBM_CGI(15)  
HB_HRBRUN(0)  
VEXECUTE:EXECFROMCGI(443)  
EXECCGI(86)  
MAIN(77)  
###################

20210802 - 03:44:00 >>  [INFO] Mounted query : SELECT * FROM EMP / Original : SELECT * FROM EMP, nPage : 1, nLimit : 0

# Called from : 
FQUERYTODBF(121)  
HBM_CGI(15)  
HB_HRBRUN(0)  
VEXECUTE:EXECFROMCGI(443)  
EXECCGI(86)  
MAIN(77)  
###################

20210802 - 03:44:05 >>  [INFO] {VPOSTGRESQL:OPEN(150)}Database (PGSQL) openned successfully

# Called from : 
VPOSTGRESQL:OPEN(150)  
FQUERYTODBF(99)  
HBM_CGI(15)  
HB_HRBRUN(0)  
VEXECUTE:EXECFROMCGI(443)  
EXECCGI(86)  
MAIN(77)  
###################

20210802 - 03:44:05 >>  [INFO] Database (PGSQL) openned successfully

# Called from : 
FQUERYTODBF(103)  
HBM_CGI(15)  
HB_HRBRUN(0)  
VEXECUTE:EXECFROMCGI(443)  
EXECCGI(86)  
MAIN(77)  
###################

20210802 - 03:44:05 >>  [INFO] Mounted query : SELECT * FROM EMP / Original : SELECT * FROM EMP, nPage : 1, nLimit : 0

# Called from : 
VPOSTGRESQL:MOUNTQUERY(730)  
VPOSTGRESQL:EXECUTEQUERY(252)  
VPOSTGRESQL:EXECUTEQUERYTODBF(1250)  
FQUERYTODBF(118)  
HBM_CGI(15)  
HB_HRBRUN(0)  
VEXECUTE:EXECFROMCGI(443)  
EXECCGI(86)  
MAIN(77)  
###################

20210802 - 03:44:05 >>  [INFO] Mounted query : SELECT * FROM EMP / Original : SELECT * FROM EMP, nPage : 1, nLimit : 0

# Called from : 
FQUERYTODBF(121)  
HBM_CGI(15)  
HB_HRBRUN(0)  
VEXECUTE:EXECFROMCGI(443)  
EXECCGI(86)  
MAIN(77)  
###################

20210802 - 03:44:12 >>  [INFO] {VPOSTGRESQL:OPEN(150)}Database (PGSQL) openned successfully

# Called from : 
VPOSTGRESQL:OPEN(150)  
FQUERYTODBF(99)  
HBM_CGI(15)  
HB_HRBRUN(0)  
VEXECUTE:EXECFROMCGI(443)  
EXECCGI(86)  
MAIN(77)  
###################

20210802 - 03:44:12 >>  [INFO] Database (PGSQL) openned successfully

# Called from : 
FQUERYTODBF(103)  
HBM_CGI(15)  
HB_HRBRUN(0)  
VEXECUTE:EXECFROMCGI(443)  
EXECCGI(86)  
MAIN(77)  
###################

20210802 - 03:44:12 >>  [INFO] Mounted query : SELECT * FROM EMP / Original : SELECT * FROM EMP, nPage : 1, nLimit : 0

# Called from : 
VPOSTGRESQL:MOUNTQUERY(730)  
VPOSTGRESQL:EXECUTEQUERY(252)  
VPOSTGRESQL:EXECUTEQUERYTODBF(1250)  
FQUERYTODBF(118)  
HBM_CGI(15)  
HB_HRBRUN(0)  
VEXECUTE:EXECFROMCGI(443)  
EXECCGI(86)  
MAIN(77)  
###################

20210802 - 03:44:12 >>  [INFO] Mounted query : SELECT * FROM EMP / Original : SELECT * FROM EMP, nPage : 1, nLimit : 0

# Called from : 
FQUERYTODBF(121)  
HBM_CGI(15)  
HB_HRBRUN(0)  
VEXECUTE:EXECFROMCGI(443)  
EXECCGI(86)  
MAIN(77)  
###################

20210802 - 21:02:37 >>  [INFO] Data base open successfully

# Called from : 
VSQLITE:OPEN(134)  
FQUERYTODBF(99)  
HBM_CGI(29)  
HB_HRBRUN(0)  
VEXECUTE:EXECFROMCGI(443)  
EXECCGI(86)  
MAIN(77)  
###################

20210802 - 21:02:37 >>  [INFO] Data base open successfully

# Called from : 
FQUERYTODBF(103)  
HBM_CGI(29)  
HB_HRBRUN(0)  
VEXECUTE:EXECFROMCGI(443)  
EXECCGI(86)  
MAIN(77)  
###################

20210802 - 21:02:37 >>  [INFO] Mounted query : SELECT * FROM EMP / Original : SELECT * FROM EMP, nPage : 1, nLimit : 0

# Called from : 
VSQLITE:MOUNTQUERY(730)  
VSQLITE:EXECUTEQUERY(263)  
VSQLITE:EXECUTEQUERYTODBF(1250)  
FQUERYTODBF(118)  
HBM_CGI(29)  
HB_HRBRUN(0)  
VEXECUTE:EXECFROMCGI(443)  
EXECCGI(86)  
MAIN(77)  
###################

20210802 - 21:02:37 >>  [INFO] Mounted query : SELECT * FROM EMP / Original : SELECT * FROM EMP, nPage : 1, nLimit : 0

# Called from : 
FQUERYTODBF(121)  
HBM_CGI(29)  
HB_HRBRUN(0)  
VEXECUTE:EXECFROMCGI(443)  
EXECCGI(86)  
MAIN(77)  
###################

20210802 - 21:02:49 >>  [INFO] Data base open successfully

# Called from : 
VSQLITE:OPEN(134)  
FQUERYTODBF(99)  
HBM_CGI(29)  
HB_HRBRUN(0)  
VEXECUTE:EXECFROMCGI(443)  
EXECCGI(86)  
MAIN(77)  
###################

20210802 - 21:02:49 >>  [INFO] Data base open successfully

# Called from : 
FQUERYTODBF(103)  
HBM_CGI(29)  
HB_HRBRUN(0)  
VEXECUTE:EXECFROMCGI(443)  
EXECCGI(86)  
MAIN(77)  
###################

20210802 - 21:02:49 >>  [INFO] Mounted query : SELECT * FROM EMP / Original : SELECT * FROM EMP, nPage : 1, nLimit : 0

# Called from : 
VSQLITE:MOUNTQUERY(730)  
VSQLITE:EXECUTEQUERY(263)  
VSQLITE:EXECUTEQUERYTODBF(1250)  
FQUERYTODBF(118)  
HBM_CGI(29)  
HB_HRBRUN(0)  
VEXECUTE:EXECFROMCGI(443)  
EXECCGI(86)  
MAIN(77)  
###################

20210802 - 21:02:49 >>  [INFO] Mounted query : SELECT * FROM EMP / Original : SELECT * FROM EMP, nPage : 1, nLimit : 0

# Called from : 
FQUERYTODBF(121)  
HBM_CGI(29)  
HB_HRBRUN(0)  
VEXECUTE:EXECFROMCGI(443)  
EXECCGI(86)  
MAIN(77)  
###################

20210802 - 21:03:00 >>  [INFO] Data base open successfully

# Called from : 
VSQLITE:OPEN(134)  
FQUERYTODBF(99)  
HBM_CGI(29)  
HB_HRBRUN(0)  
VEXECUTE:EXECFROMCGI(443)  
EXECCGI(86)  
MAIN(77)  
###################

20210802 - 21:03:00 >>  [INFO] Data base open successfully

# Called from : 
FQUERYTODBF(103)  
HBM_CGI(29)  
HB_HRBRUN(0)  
VEXECUTE:EXECFROMCGI(443)  
EXECCGI(86)  
MAIN(77)  
###################

20210802 - 21:03:00 >>  [INFO] Mounted query : SELECT * FROM EMP / Original : SELECT * FROM EMP, nPage : 1, nLimit : 0

# Called from : 
VSQLITE:MOUNTQUERY(730)  
VSQLITE:EXECUTEQUERY(263)  
VSQLITE:EXECUTEQUERYTODBF(1250)  
FQUERYTODBF(118)  
HBM_CGI(29)  
HB_HRBRUN(0)  
VEXECUTE:EXECFROMCGI(443)  
EXECCGI(86)  
MAIN(77)  
###################

20210802 - 21:03:00 >>  [INFO] Mounted query : SELECT * FROM EMP / Original : SELECT * FROM EMP, nPage : 1, nLimit : 0

# Called from : 
FQUERYTODBF(121)  
HBM_CGI(29)  
HB_HRBRUN(0)  
VEXECUTE:EXECFROMCGI(443)  
EXECCGI(86)  
MAIN(77)  
###################

20210802 - 21:03:29 >>  [INFO] {VPOSTGRESQL:OPEN(150)}Database (PGSQL) openned successfully

# Called from : 
VPOSTGRESQL:OPEN(150)  
FQUERYTODBF(99)  
HBM_CGI(15)  
HB_HRBRUN(0)  
VEXECUTE:EXECFROMCGI(443)  
EXECCGI(86)  
MAIN(77)  
###################

20210802 - 21:03:29 >>  [INFO] Database (PGSQL) openned successfully

# Called from : 
FQUERYTODBF(103)  
HBM_CGI(15)  
HB_HRBRUN(0)  
VEXECUTE:EXECFROMCGI(443)  
EXECCGI(86)  
MAIN(77)  
###################

20210802 - 21:03:29 >>  [INFO] Mounted query : SELECT * FROM EMP / Original : SELECT * FROM EMP, nPage : 1, nLimit : 0

# Called from : 
VPOSTGRESQL:MOUNTQUERY(730)  
VPOSTGRESQL:EXECUTEQUERY(252)  
VPOSTGRESQL:EXECUTEQUERYTODBF(1250)  
FQUERYTODBF(118)  
HBM_CGI(15)  
HB_HRBRUN(0)  
VEXECUTE:EXECFROMCGI(443)  
EXECCGI(86)  
MAIN(77)  
###################

20210802 - 21:03:29 >>  [INFO] Mounted query : SELECT * FROM EMP / Original : SELECT * FROM EMP, nPage : 1, nLimit : 0

# Called from : 
FQUERYTODBF(121)  
HBM_CGI(15)  
HB_HRBRUN(0)  
VEXECUTE:EXECFROMCGI(443)  
EXECCGI(86)  
MAIN(77)  
###################

20210802 - 21:03:39 >>  [INFO] {VPOSTGRESQL:OPEN(150)}Database (PGSQL) openned successfully

# Called from : 
VPOSTGRESQL:OPEN(150)  
FQUERYTODBF(99)  
HBM_CGI(15)  
HB_HRBRUN(0)  
VEXECUTE:EXECFROMCGI(443)  
EXECCGI(86)  
MAIN(77)  
###################

20210802 - 21:03:39 >>  [INFO] Database (PGSQL) openned successfully

# Called from : 
FQUERYTODBF(103)  
HBM_CGI(15)  
HB_HRBRUN(0)  
VEXECUTE:EXECFROMCGI(443)  
EXECCGI(86)  
MAIN(77)  
###################

20210802 - 21:03:39 >>  [INFO] Mounted query : SELECT * FROM EMP / Original : SELECT * FROM EMP, nPage : 1, nLimit : 0

# Called from : 
VPOSTGRESQL:MOUNTQUERY(730)  
VPOSTGRESQL:EXECUTEQUERY(252)  
VPOSTGRESQL:EXECUTEQUERYTODBF(1250)  
FQUERYTODBF(118)  
HBM_CGI(15)  
HB_HRBRUN(0)  
VEXECUTE:EXECFROMCGI(443)  
EXECCGI(86)  
MAIN(77)  
###################

20210802 - 21:03:39 >>  [INFO] Mounted query : SELECT * FROM EMP / Original : SELECT * FROM EMP, nPage : 1, nLimit : 0

# Called from : 
FQUERYTODBF(121)  
HBM_CGI(15)  
HB_HRBRUN(0)  
VEXECUTE:EXECFROMCGI(443)  
EXECCGI(86)  
MAIN(77)  
###################

