***************************** BEGIN LOG HEADER ************************************
File created at : 20210718 03:06:55
***************************** END LOG HEADER **************************************

20210718 - 03:06:55 >>  [INFO] After execute with return : .F.

# Called from : 
VEXECUTE:EXECFROMBUFF(451)  
VEXECUTE:EXECFROMPRG(208)  
HBMLOAD(24)  
HBMBOOTSTRAP(10)  
HBMSTART(4)  
MAIN(25)  
###################

20210718 - 03:06:55 >>  [INFO] After send buffer to execute

# Called from : 
VEXECUTE:EXECFROMPRG(209)  
HBMLOAD(24)  
HBMBOOTSTRAP(10)  
HBMSTART(4)  
MAIN(25)  
###################

