***************************** BEGIN LOG HEADER ************************************
File created at : 20210728 17:23:18
***************************** END LOG HEADER **************************************

20210728 - 17:23:18 >>  [INFO] After execute with return : .F.

# Called from : 
VEXECUTE:EXECFROMBUFF(520)  
VEXECUTE:EXECFROMPRG(209)  
HBMLOAD(28)  
HBMBOOTSTRAP(12)  
HBMSTART(6)  
MAIN(27)  
###################

20210728 - 17:23:18 >>  [INFO] After send buffer to execute

# Called from : 
VEXECUTE:EXECFROMPRG(210)  
HBMLOAD(28)  
HBMBOOTSTRAP(12)  
HBMSTART(6)  
MAIN(27)  
###################

