***************************** BEGIN LOG HEADER ************************************
File created at : 20210726 19:26:34
***************************** END LOG HEADER **************************************

20210726 - 19:26:34 >>  [INFO] Data base open successfully

# Called from : 
VSQLITE:OPEN(134)  
FQUERYTODBF(94)  
HBM_BOOTSTRAP(14)  
VEXECUTE:EXECFROMBUFF(516)  
VEXECUTE:EXECFROMPRG(209)  
HBMLOAD(28)  
HBMBOOTSTRAP(12)  
HBMSTART(6)  
MAIN(26)  
###################

20210726 - 19:26:34 >>  [INFO] Data base open successfully

# Called from : 
FQUERYTODBF(98)  
HBM_BOOTSTRAP(14)  
VEXECUTE:EXECFROMBUFF(516)  
VEXECUTE:EXECFROMPRG(209)  
HBMLOAD(28)  
HBMBOOTSTRAP(12)  
HBMSTART(6)  
MAIN(26)  
###################

20210726 - 19:26:34 >>  [INFO] Mounted query : SELECT * FROM EMP / Original : SELECT * FROM EMP, nPage : 1, nLimit : 0

# Called from : 
VSQLITE:MOUNTQUERY(730)  
VSQLITE:EXECUTEQUERY(263)  
VSQLITE:EXECUTEQUERYTODBF(1250)  
FQUERYTODBF(113)  
HBM_BOOTSTRAP(14)  
VEXECUTE:EXECFROMBUFF(516)  
VEXECUTE:EXECFROMPRG(209)  
HBMLOAD(28)  
HBMBOOTSTRAP(12)  
HBMSTART(6)  
MAIN(26)  
###################

20210726 - 19:26:34 >>  [INFO] Mounted query : SELECT * FROM EMP / Original : SELECT * FROM EMP, nPage : 1, nLimit : 0

# Called from : 
FQUERYTODBF(116)  
HBM_BOOTSTRAP(14)  
VEXECUTE:EXECFROMBUFF(516)  
VEXECUTE:EXECFROMPRG(209)  
HBMLOAD(28)  
HBMBOOTSTRAP(12)  
HBMSTART(6)  
MAIN(26)  
###################

20210726 - 19:26:34 >>  [INFO] After execute with return : NIL

# Called from : 
VEXECUTE:EXECFROMBUFF(517)  
VEXECUTE:EXECFROMPRG(209)  
HBMLOAD(28)  
HBMBOOTSTRAP(12)  
HBMSTART(6)  
MAIN(26)  
###################

20210726 - 19:26:34 >>  [INFO] After send buffer to execute

# Called from : 
VEXECUTE:EXECFROMPRG(210)  
HBMLOAD(28)  
HBMBOOTSTRAP(12)  
HBMSTART(6)  
MAIN(26)  
###################

20210726 - 19:26:56 >>  [INFO] Data base open successfully

# Called from : 
VSQLITE:OPEN(134)  
FQUERYTODBF(94)  
HBM_BOOTSTRAP(14)  
VEXECUTE:EXECFROMBUFF(516)  
VEXECUTE:EXECFROMPRG(209)  
HBMLOAD(28)  
HBMBOOTSTRAP(12)  
HBMSTART(6)  
MAIN(26)  
###################

20210726 - 19:26:56 >>  [INFO] Data base open successfully

# Called from : 
FQUERYTODBF(98)  
HBM_BOOTSTRAP(14)  
VEXECUTE:EXECFROMBUFF(516)  
VEXECUTE:EXECFROMPRG(209)  
HBMLOAD(28)  
HBMBOOTSTRAP(12)  
HBMSTART(6)  
MAIN(26)  
###################

20210726 - 19:26:56 >>  [INFO] Mounted query : SELECT * FROM EMP / Original : SELECT * FROM EMP, nPage : 1, nLimit : 0

# Called from : 
VSQLITE:MOUNTQUERY(730)  
VSQLITE:EXECUTEQUERY(263)  
VSQLITE:EXECUTEQUERYTODBF(1250)  
FQUERYTODBF(113)  
HBM_BOOTSTRAP(14)  
VEXECUTE:EXECFROMBUFF(516)  
VEXECUTE:EXECFROMPRG(209)  
HBMLOAD(28)  
HBMBOOTSTRAP(12)  
HBMSTART(6)  
MAIN(26)  
###################

20210726 - 19:26:56 >>  [INFO] Mounted query : SELECT * FROM EMP / Original : SELECT * FROM EMP, nPage : 1, nLimit : 0

# Called from : 
FQUERYTODBF(116)  
HBM_BOOTSTRAP(14)  
VEXECUTE:EXECFROMBUFF(516)  
VEXECUTE:EXECFROMPRG(209)  
HBMLOAD(28)  
HBMBOOTSTRAP(12)  
HBMSTART(6)  
MAIN(26)  
###################

20210726 - 19:26:56 >>  [INFO] After execute with return : NIL

# Called from : 
VEXECUTE:EXECFROMBUFF(517)  
VEXECUTE:EXECFROMPRG(209)  
HBMLOAD(28)  
HBMBOOTSTRAP(12)  
HBMSTART(6)  
MAIN(26)  
###################

20210726 - 19:26:56 >>  [INFO] After send buffer to execute

# Called from : 
VEXECUTE:EXECFROMPRG(210)  
HBMLOAD(28)  
HBMBOOTSTRAP(12)  
HBMSTART(6)  
MAIN(26)  
###################

20210726 - 19:27:27 >>  [INFO] Data base open successfully

# Called from : 
VSQLITE:OPEN(134)  
FQUERYTODBF(94)  
HBM_BOOTSTRAP(14)  
VEXECUTE:EXECFROMBUFF(516)  
VEXECUTE:EXECFROMPRG(209)  
HBMLOAD(28)  
HBMBOOTSTRAP(12)  
HBMSTART(6)  
MAIN(26)  
###################

20210726 - 19:27:27 >>  [INFO] Data base open successfully

# Called from : 
FQUERYTODBF(98)  
HBM_BOOTSTRAP(14)  
VEXECUTE:EXECFROMBUFF(516)  
VEXECUTE:EXECFROMPRG(209)  
HBMLOAD(28)  
HBMBOOTSTRAP(12)  
HBMSTART(6)  
MAIN(26)  
###################

20210726 - 19:27:27 >>  [INFO] Mounted query : SELECT * FROM EMP / Original : SELECT * FROM EMP, nPage : 1, nLimit : 0

# Called from : 
VSQLITE:MOUNTQUERY(730)  
VSQLITE:EXECUTEQUERY(263)  
VSQLITE:EXECUTEQUERYTODBF(1250)  
FQUERYTODBF(113)  
HBM_BOOTSTRAP(14)  
VEXECUTE:EXECFROMBUFF(516)  
VEXECUTE:EXECFROMPRG(209)  
HBMLOAD(28)  
HBMBOOTSTRAP(12)  
HBMSTART(6)  
MAIN(26)  
###################

20210726 - 19:27:27 >>  [INFO] Mounted query : SELECT * FROM EMP / Original : SELECT * FROM EMP, nPage : 1, nLimit : 0

# Called from : 
FQUERYTODBF(116)  
HBM_BOOTSTRAP(14)  
VEXECUTE:EXECFROMBUFF(516)  
VEXECUTE:EXECFROMPRG(209)  
HBMLOAD(28)  
HBMBOOTSTRAP(12)  
HBMSTART(6)  
MAIN(26)  
###################

20210726 - 19:27:34 >>  [INFO] After execute with return : 13

# Called from : 
VEXECUTE:EXECFROMBUFF(517)  
VEXECUTE:EXECFROMPRG(209)  
HBMLOAD(28)  
HBMBOOTSTRAP(12)  
HBMSTART(6)  
MAIN(26)  
###################

20210726 - 19:27:34 >>  [INFO] After send buffer to execute

# Called from : 
VEXECUTE:EXECFROMPRG(210)  
HBMLOAD(28)  
HBMBOOTSTRAP(12)  
HBMSTART(6)  
MAIN(26)  
###################

20210726 - 19:27:35 >>  [INFO] Data base open successfully

# Called from : 
VSQLITE:OPEN(134)  
FQUERYTODBF(94)  
HBM_BOOTSTRAP(14)  
VEXECUTE:EXECFROMBUFF(516)  
VEXECUTE:EXECFROMPRG(209)  
HBMLOAD(28)  
HBMBOOTSTRAP(12)  
HBMSTART(6)  
MAIN(26)  
###################

20210726 - 19:27:35 >>  [INFO] Data base open successfully

# Called from : 
FQUERYTODBF(98)  
HBM_BOOTSTRAP(14)  
VEXECUTE:EXECFROMBUFF(516)  
VEXECUTE:EXECFROMPRG(209)  
HBMLOAD(28)  
HBMBOOTSTRAP(12)  
HBMSTART(6)  
MAIN(26)  
###################

20210726 - 19:27:35 >>  [INFO] Mounted query : SELECT * FROM EMP / Original : SELECT * FROM EMP, nPage : 1, nLimit : 0

# Called from : 
VSQLITE:MOUNTQUERY(730)  
VSQLITE:EXECUTEQUERY(263)  
VSQLITE:EXECUTEQUERYTODBF(1250)  
FQUERYTODBF(113)  
HBM_BOOTSTRAP(14)  
VEXECUTE:EXECFROMBUFF(516)  
VEXECUTE:EXECFROMPRG(209)  
HBMLOAD(28)  
HBMBOOTSTRAP(12)  
HBMSTART(6)  
MAIN(26)  
###################

20210726 - 19:27:35 >>  [INFO] Mounted query : SELECT * FROM EMP / Original : SELECT * FROM EMP, nPage : 1, nLimit : 0

# Called from : 
FQUERYTODBF(116)  
HBM_BOOTSTRAP(14)  
VEXECUTE:EXECFROMBUFF(516)  
VEXECUTE:EXECFROMPRG(209)  
HBMLOAD(28)  
HBMBOOTSTRAP(12)  
HBMSTART(6)  
MAIN(26)  
###################

20210726 - 19:27:36 >>  [INFO] After execute with return : 13

# Called from : 
VEXECUTE:EXECFROMBUFF(517)  
VEXECUTE:EXECFROMPRG(209)  
HBMLOAD(28)  
HBMBOOTSTRAP(12)  
HBMSTART(6)  
MAIN(26)  
###################

20210726 - 19:27:36 >>  [INFO] After send buffer to execute

# Called from : 
VEXECUTE:EXECFROMPRG(210)  
HBMLOAD(28)  
HBMBOOTSTRAP(12)  
HBMSTART(6)  
MAIN(26)  
###################

20210726 - 19:28:01 >>  [INFO] Data base open successfully

# Called from : 
VSQLITE:OPEN(134)  
FQUERYTODBF(94)  
HBM_BOOTSTRAP(14)  
VEXECUTE:EXECFROMBUFF(516)  
VEXECUTE:EXECFROMPRG(209)  
HBMLOAD(28)  
HBMBOOTSTRAP(12)  
HBMSTART(6)  
MAIN(26)  
###################

20210726 - 19:28:01 >>  [INFO] Data base open successfully

# Called from : 
FQUERYTODBF(98)  
HBM_BOOTSTRAP(14)  
VEXECUTE:EXECFROMBUFF(516)  
VEXECUTE:EXECFROMPRG(209)  
HBMLOAD(28)  
HBMBOOTSTRAP(12)  
HBMSTART(6)  
MAIN(26)  
###################

20210726 - 19:28:01 >>  [INFO] Mounted query : SELECT * FROM EMP / Original : SELECT * FROM EMP, nPage : 1, nLimit : 0

# Called from : 
VSQLITE:MOUNTQUERY(730)  
VSQLITE:EXECUTEQUERY(263)  
VSQLITE:EXECUTEQUERYTODBF(1250)  
FQUERYTODBF(113)  
HBM_BOOTSTRAP(14)  
VEXECUTE:EXECFROMBUFF(516)  
VEXECUTE:EXECFROMPRG(209)  
HBMLOAD(28)  
HBMBOOTSTRAP(12)  
HBMSTART(6)  
MAIN(26)  
###################

20210726 - 19:28:01 >>  [INFO] Mounted query : SELECT * FROM EMP / Original : SELECT * FROM EMP, nPage : 1, nLimit : 0

# Called from : 
FQUERYTODBF(116)  
HBM_BOOTSTRAP(14)  
VEXECUTE:EXECFROMBUFF(516)  
VEXECUTE:EXECFROMPRG(209)  
HBMLOAD(28)  
HBMBOOTSTRAP(12)  
HBMSTART(6)  
MAIN(26)  
###################

20210726 - 19:28:06 >>  [INFO] After execute with return : 113

# Called from : 
VEXECUTE:EXECFROMBUFF(517)  
VEXECUTE:EXECFROMPRG(209)  
HBMLOAD(28)  
HBMBOOTSTRAP(12)  
HBMSTART(6)  
MAIN(26)  
###################

20210726 - 19:28:06 >>  [INFO] After send buffer to execute

# Called from : 
VEXECUTE:EXECFROMPRG(210)  
HBMLOAD(28)  
HBMBOOTSTRAP(12)  
HBMSTART(6)  
MAIN(26)  
###################

