***************************** BEGIN LOG HEADER ************************************
File created at : 20210730 08:04:08
***************************** END LOG HEADER **************************************

20210730 - 08:04:08 >>  [INFO] Data base open successfully

# Called from : 
VSQLITE:OPEN(134)  
FQUERYTODBF(99)  
HBM_BOOTSTRAP(14)  
VEXECUTE:EXECFROMBUFF(519)  
VEXECUTE:EXECFROMPRG(209)  
HBMLOAD(28)  
HBMBOOTSTRAP(12)  
HBMSTART(6)  
MAIN(29)  
###################

20210730 - 08:04:08 >>  [INFO] Data base open successfully

# Called from : 
FQUERYTODBF(103)  
HBM_BOOTSTRAP(14)  
VEXECUTE:EXECFROMBUFF(519)  
VEXECUTE:EXECFROMPRG(209)  
HBMLOAD(28)  
HBMBOOTSTRAP(12)  
HBMSTART(6)  
MAIN(29)  
###################

20210730 - 08:04:08 >>  [INFO] Mounted query : SELECT * FROM EMP / Original : SELECT * FROM EMP, nPage : 1, nLimit : 0

# Called from : 
VSQLITE:MOUNTQUERY(730)  
VSQLITE:EXECUTEQUERY(263)  
VSQLITE:EXECUTEQUERYTODBF(1250)  
FQUERYTODBF(118)  
HBM_BOOTSTRAP(14)  
VEXECUTE:EXECFROMBUFF(519)  
VEXECUTE:EXECFROMPRG(209)  
HBMLOAD(28)  
HBMBOOTSTRAP(12)  
HBMSTART(6)  
MAIN(29)  
###################

20210730 - 08:04:08 >>  [INFO] Mounted query : SELECT * FROM EMP / Original : SELECT * FROM EMP, nPage : 1, nLimit : 0

# Called from : 
FQUERYTODBF(121)  
HBM_BOOTSTRAP(14)  
VEXECUTE:EXECFROMBUFF(519)  
VEXECUTE:EXECFROMPRG(209)  
HBMLOAD(28)  
HBMBOOTSTRAP(12)  
HBMSTART(6)  
MAIN(29)  
###################

20210730 - 08:04:13 >>  [INFO] After execute with return : 13

# Called from : 
VEXECUTE:EXECFROMBUFF(520)  
VEXECUTE:EXECFROMPRG(209)  
HBMLOAD(28)  
HBMBOOTSTRAP(12)  
HBMSTART(6)  
MAIN(29)  
###################

20210730 - 08:04:13 >>  [INFO] After send buffer to execute

# Called from : 
VEXECUTE:EXECFROMPRG(210)  
HBMLOAD(28)  
HBMBOOTSTRAP(12)  
HBMSTART(6)  
MAIN(29)  
###################

