***************************** BEGIN LOG HEADER ************************************
File created at : 20210802 21:13:55
***************************** END LOG HEADER **************************************

20210802 - 21:13:55 >>  [INFO] After execute with return : NIL

# Called from : 
VEXECUTE:EXECFROMBUFF(527)  
VEXECUTE:EXECFROMPRG(209)  
HBMLOAD(28)  
HBMBOOTSTRAP(12)  
HBMSTART(6)  
MAIN(29)  
###################

20210802 - 21:13:55 >>  [INFO] After send buffer to execute

# Called from : 
VEXECUTE:EXECFROMPRG(210)  
HBMLOAD(28)  
HBMBOOTSTRAP(12)  
HBMSTART(6)  
MAIN(29)  
###################

20210802 - 21:14:02 >>  [INFO] After execute with return : NIL

# Called from : 
VEXECUTE:EXECFROMBUFF(527)  
VEXECUTE:EXECFROMPRG(209)  
HBMLOAD(28)  
HBMBOOTSTRAP(12)  
HBMSTART(6)  
MAIN(29)  
###################

20210802 - 21:14:02 >>  [INFO] After send buffer to execute

# Called from : 
VEXECUTE:EXECFROMPRG(210)  
HBMLOAD(28)  
HBMBOOTSTRAP(12)  
HBMSTART(6)  
MAIN(29)  
###################

20210802 - 21:14:07 >>  [INFO] After compile file code/adduser.prg. Ok.

# Called from : 
VCOMPILE:COMPILE(187)  
VEXECUTE:EXECFROMPRG(206)  
HBMLOAD(28)  
HBM_BOOTSTRAP(32)  
VEXECUTE:EXECFROMBUFF(526)  
VEXECUTE:EXECFROMPRG(209)  
HBMLOAD(28)  
HBMBOOTSTRAP(12)  
HBMSTART(6)  
MAIN(29)  
###################

20210802 - 21:14:07 >>  [INFO] Before send buffer to execute

# Called from : 
VEXECUTE:EXECFROMPRG(208)  
HBMLOAD(28)  
HBM_BOOTSTRAP(32)  
VEXECUTE:EXECFROMBUFF(526)  
VEXECUTE:EXECFROMPRG(209)  
HBMLOAD(28)  
HBMBOOTSTRAP(12)  
HBMSTART(6)  
MAIN(29)  
###################

20210802 - 21:14:07 >>  [INFO] Before load buffer. Function : hbm_adduser

# Called from : 
VEXECUTE:EXECFROMBUFF(503)  
VEXECUTE:EXECFROMPRG(209)  
HBMLOAD(28)  
HBM_BOOTSTRAP(32)  
VEXECUTE:EXECFROMBUFF(526)  
VEXECUTE:EXECFROMPRG(209)  
HBMLOAD(28)  
HBMBOOTSTRAP(12)  
HBMSTART(6)  
MAIN(29)  
###################

20210802 - 21:14:07 >>  [INFO] Before execute function hbm_adduser

# Called from : 
VEXECUTE:EXECFROMBUFF(525)  
VEXECUTE:EXECFROMPRG(209)  
HBMLOAD(28)  
HBM_BOOTSTRAP(32)  
VEXECUTE:EXECFROMBUFF(526)  
VEXECUTE:EXECFROMPRG(209)  
HBMLOAD(28)  
HBMBOOTSTRAP(12)  
HBMSTART(6)  
MAIN(29)  
###################

20210802 - 21:14:12 >>  [INFO] After execute with return : 1

# Called from : 
VEXECUTE:EXECFROMBUFF(527)  
VEXECUTE:EXECFROMPRG(209)  
HBMLOAD(28)  
HBM_BOOTSTRAP(32)  
VEXECUTE:EXECFROMBUFF(526)  
VEXECUTE:EXECFROMPRG(209)  
HBMLOAD(28)  
HBMBOOTSTRAP(12)  
HBMSTART(6)  
MAIN(29)  
###################

20210802 - 21:14:12 >>  [INFO] After send buffer to execute

# Called from : 
VEXECUTE:EXECFROMPRG(210)  
HBMLOAD(28)  
HBM_BOOTSTRAP(32)  
VEXECUTE:EXECFROMBUFF(526)  
VEXECUTE:EXECFROMPRG(209)  
HBMLOAD(28)  
HBMBOOTSTRAP(12)  
HBMSTART(6)  
MAIN(29)  
###################

20210802 - 21:14:14 >>  [INFO] After execute with return : NIL

# Called from : 
VEXECUTE:EXECFROMBUFF(527)  
VEXECUTE:EXECFROMPRG(209)  
HBMLOAD(28)  
HBMBOOTSTRAP(12)  
HBMSTART(6)  
MAIN(29)  
###################

20210802 - 21:14:14 >>  [INFO] After send buffer to execute

# Called from : 
VEXECUTE:EXECFROMPRG(210)  
HBMLOAD(28)  
HBMBOOTSTRAP(12)  
HBMSTART(6)  
MAIN(29)  
###################

