***************************** BEGIN LOG HEADER ************************************
File created at : 20210630 01:02:33
***************************** END LOG HEADER **************************************

20210630 - 01:02:33 >>  [DEBUG] BEGIN BLOCK : Coordinators values <------------ (^_^) [o_o] (^.^)  ('.') ($.$) ~~~~~~~   oOoOoOoOoOo oO0OoO0OoO0Oo 
20210630 - 01:02:33 >>  [DEBUG]   Dump var nColLeft : 0 Datatype : N

# Called from : 
VCONFIGTUI:INICOORDINATORS(1082)  
VCONFIGTUI:NEW(164)  
CONFIGTUISINGLETON(18)  
HBM_BOOTSTRAP(11)  
VEXECUTE:EXECFROMBUFF(449)  
VEXECUTE:EXECFROMPRG(208)  
HBMLOAD(24)  
HBMBOOTSTRAP(10)  
HBMSTART(4)  
MAIN(23)  
###################

20210630 - 01:02:33 >>  [DEBUG]   Dump var nColRight : 128 Datatype : N

# Called from : 
VCONFIGTUI:INICOORDINATORS(1083)  
VCONFIGTUI:NEW(164)  
CONFIGTUISINGLETON(18)  
HBM_BOOTSTRAP(11)  
VEXECUTE:EXECFROMBUFF(449)  
VEXECUTE:EXECFROMPRG(208)  
HBMLOAD(24)  
HBMBOOTSTRAP(10)  
HBMSTART(4)  
MAIN(23)  
###################

20210630 - 01:02:33 >>  [DEBUG]   Dump var nRowTopHead : 0 Datatype : N

# Called from : 
VCONFIGTUI:INICOORDINATORS(1084)  
VCONFIGTUI:NEW(164)  
CONFIGTUISINGLETON(18)  
HBM_BOOTSTRAP(11)  
VEXECUTE:EXECFROMBUFF(449)  
VEXECUTE:EXECFROMPRG(208)  
HBMLOAD(24)  
HBMBOOTSTRAP(10)  
HBMSTART(4)  
MAIN(23)  
###################

20210630 - 01:02:33 >>  [DEBUG]   Dump var nRowBottomHead : 3 Datatype : N

# Called from : 
VCONFIGTUI:INICOORDINATORS(1085)  
VCONFIGTUI:NEW(164)  
CONFIGTUISINGLETON(18)  
HBM_BOOTSTRAP(11)  
VEXECUTE:EXECFROMBUFF(449)  
VEXECUTE:EXECFROMPRG(208)  
HBMLOAD(24)  
HBMBOOTSTRAP(10)  
HBMSTART(4)  
MAIN(23)  
###################

20210630 - 01:02:33 >>  [DEBUG]   Dump var nRowTopContent : 4 Datatype : N

# Called from : 
VCONFIGTUI:INICOORDINATORS(1086)  
VCONFIGTUI:NEW(164)  
CONFIGTUISINGLETON(18)  
HBM_BOOTSTRAP(11)  
VEXECUTE:EXECFROMBUFF(449)  
VEXECUTE:EXECFROMPRG(208)  
HBMLOAD(24)  
HBMBOOTSTRAP(10)  
HBMSTART(4)  
MAIN(23)  
###################

20210630 - 01:02:33 >>  [DEBUG]   Dump var nRowBottomContent : 36 Datatype : N

# Called from : 
VCONFIGTUI:INICOORDINATORS(1087)  
VCONFIGTUI:NEW(164)  
CONFIGTUISINGLETON(18)  
HBM_BOOTSTRAP(11)  
VEXECUTE:EXECFROMBUFF(449)  
VEXECUTE:EXECFROMPRG(208)  
HBMLOAD(24)  
HBMBOOTSTRAP(10)  
HBMSTART(4)  
MAIN(23)  
###################

20210630 - 01:02:33 >>  [DEBUG]   Dump var nRowTopFooter : 37 Datatype : N

# Called from : 
VCONFIGTUI:INICOORDINATORS(1088)  
VCONFIGTUI:NEW(164)  
CONFIGTUISINGLETON(18)  
HBM_BOOTSTRAP(11)  
VEXECUTE:EXECFROMBUFF(449)  
VEXECUTE:EXECFROMPRG(208)  
HBMLOAD(24)  
HBMBOOTSTRAP(10)  
HBMSTART(4)  
MAIN(23)  
###################

20210630 - 01:02:33 >>  [DEBUG]   Dump var nRowBottomFooter : 39 Datatype : N

# Called from : 
VCONFIGTUI:INICOORDINATORS(1089)  
VCONFIGTUI:NEW(164)  
CONFIGTUISINGLETON(18)  
HBM_BOOTSTRAP(11)  
VEXECUTE:EXECFROMBUFF(449)  
VEXECUTE:EXECFROMPRG(208)  
HBMLOAD(24)  
HBMBOOTSTRAP(10)  
HBMSTART(4)  
MAIN(23)  
###################

20210630 - 01:02:33 >>  [DEBUG]  END BLOCK : Coordinators values     <%%%%|==========> ( * ) ( * )
